46160579911828 4871
46165580046566 7955
46170580148238 9836
46175580237136 17133
46180580334641 22654
46185580432581 24785
46190580523506 25672
46195580613849 25565
46200580711573 25615
46205580807896 26580
46210580895078 26069
46215580986249 26389
46220581074004 26790
46225581163911 26850
46230581256554 27026
46235581349160 26799
46240581440339 26678
46245581555420 27179
46250581654216 26671
46255581748797 27099
46260581843609 27321
46265581938129 26177
46270582031290 26345
46275582126884 27103
46280582215667 26809
46285582301862 26769
46290582385942 27299
46295582468723 27039
46300582553502 26532
46305582646036 26769
46310582724948 26721
46315582805001 27092
46320582888476 26728
46325582971696 26456
46330583056657 26644
46335583137614 26673
46340583235925 27544
46345583332553 27103
46350583421794 26785
46355583516741 26898
46360583600883 27326
46365583697551 27052
46370583785909 27099
46375583868741 27668
46380583952842 26964
46385584013225 27304
46390584097188 26738
46395584182116 27483
46400584269834 27086
46405584358353 27136
46410584450122 27207
46415584539725 26980
46420584680679 27040
46425584769961 26974
46430584864914 27230
46435584956735 27654
46440585046082 27584
46445585134290 27155
46450585213206 27891
46455585299630 27310
46460585393859 27014
46465586011854 27253
46470586114713 27233
46475586206775 27298
46480586301887 27241
46485586395051 27377
46490586487265 27296
46495586590255 26804
46500586688001 27270
46505586783195 27097
46510586877272 27897
46515586976776 26531
46520587057201 27099
46525587138049 27030
46530587223355 26802
46535587310692 27163
46540587414476 27282
46545587499605 27003
46550587587550 27651
46555587671428 27589
46560587810743 27715
46565587898636 27230
46570587983237 27315
46575588093343 27261
46580588180474 27466
46585588272591 27330
46590588366098 27344
46595588462503 27447
46600588558064 27147
46605588650878 27610
46610588747655 27121
46615588833378 27092
46620588927078 27024
46625589022340 26740
46630589116025 27288
46635589215991 27483
46640589312538 27098
46645589407514 27036
46650589502767 26866
46655589598272 28111
46660589694454 27709
46665589790650 28103
46670589887258 27765
46675589997142 27357
46680590084771 27983
46685590180797 27790
46690590277787 28126
46695590378896 27950
46700590483952 27792
46705590582375 27791
46710590673638 28050
46715590769101 28003
46720590862446 28330
46725590956117 28091
46730591048698 27955
46735591141933 28193
46740591232846 28007
46745591325097 27771
46750591418720 27853
46755591518799 27930
46760591616854 28068
46765591722767 27480
46770591792273 27918
46775591896879 27564
46780591986593 27686
46785592087221 27737
46790592177850 27619
46795592267798 28048
46800592365692 27516
46805592458913 27442
46810592554133 27690
46815592647577 28134
46820592744958 27982
46825592840885 27844
46830592939668 28215
46835593030791 27949
46840593121738 28262
46845593206408 27332
46850593290853 27751
46855593404944 27953
46860593505563 27819
46865593586816 27663
46870593669429 27697
46875593755026 27519
46880593840741 28121
46885593924668 28019
46890594036635 27718
46895594133252 27896
46900594224021 27134
46905594317400 27542
46910594411267 26905
46915594504653 27749
46920594585873 27646
46925594682833 27952
46930594774800 27375
46935594872304 27667
46940594965159 27454
46945595068984 27632
46950595163543 27440
46955595252517 27577
46960595343095 27623
46965595434669 27542
46970595531432 27803
46975595628809 27719
46980595723891 27585
46985595819378 27813
46990595945416 27673
46995596020252 27349
47000596112919 27145
47005596201753 27489
47010596288670 27763
47015596380377 27432
47020596474479 27909
47025596569526 27577
47030596664446 27588
47035596758360 27966
47040596842309 27445
47045596933477 27440
47050597028348 27968
47055597120424 27600
47060597225826 27722
47065597324263 27489
47070597415458 28006
47075597520072 27768
47080597613832 27629
47085597712236 27726
47090597863278 28296
47095597959212 27609
47100598062146 27493
47105598159398 27288
47110598255113 27418
47115598354353 27503
47120598454947 27790
47125598552893 27582
47130598645687 27622
47135598753548 28127
47140598852317 28228
47145598946264 27335
47150599044783 27409
47155599160343 27652
47160599256693 27688
47165599352565 27713
47170599449969 27816
47175599547089 27905
47180599643185 27250
47185599745515 27678
47190599837091 27871
47195599908928 27574
47200600011294 27474
47205600100065 27617
47210600184951 27482
47215600269314 27318
47220600355326 27630
47225600444828 27309
47230600535962 27382
47235600622293 27585
47240600708210 27313
47245600790704 27361
47250600880088 27108
47255600981503 27817
47260601085541 27348
47265601176075 27426
47270601267131 27600
47275601362300 27713
47280601455591 27273
47285601557162 27786
47290601677449 27743
47295601783613 28293
47300601879764 27684
47305601975107 28231
47310602098531 27408
47315602185892 26948
47320602266396 27689
47325602352468 27615
47330602439730 27537
47335602528502 27153
47340602615484 27402
47345602699370 27505
47350602791014 27646
47355602888529 27922
47360602989364 27119
47365603075372 26756
47370603160723 27385
47375603249005 27330
47380603336370 27009
47385603416116 27092
47390603503362 27040
47395603589701 26985
47400603680861 26885
47405603785800 26924
47410603892454 27201
47415603997630 27387
47420604598905 27361
47425604696386 26805
47430604800711 27084
47435604896308 27434
47440605005678 26610
47445605095942 27890
47450605193621 26872
47455605291283 27042
47460605383492 27118
47465605475413 27143
47470605558444 27303
47475605651725 27077
47480605757596 26947
47485605873807 26953
47490606022897 26727
47495606111628 27314
47500606182688 27497
47505606315219 27172
47510606411429 27263
47515606505081 26993
47520606600984 27558
47525606691977 27239
47530606787889 27226
47535606877595 27399
47540606959598 27228
47545607052639 27708
47550607155310 27507
47555607250950 27260
47560607338115 27534
47565607423162 27766
47570607514914 27523
47575607603003 27662
47580607698583 27132
47585607784755 26954
47590607881593 27231
47595607972067 27529
47600608019559 27289
47605608106929 27594
47610608193484 27298
47615608274014 27474
47620608370033 27759
47625608476730 27160
47630608567285 27278
47635608655859 27538
47640608741039 27350
47645608826132 27700
47650608909889 27313
47655608988207 27133
47660609082014 27684
47665609169602 27416
47670609303769 27574
47675609388985 27236
47680609494032 27233
47685609580261 27156
47690609672380 26116
47695609771996 26331
47700609876528 27103
47705609963107 27503
47710610047238 27904
47715610134338 28103
47720610219364 27800
47725610314868 27160
47730610415755 27101
47735610498944 27582
47740610587315 27389
47745610678342 27774
47750610767101 27267
47755610851382 27964
47760610938072 27726
47765611023830 27666
47770611109654 27875
47775611196930 27072
47780611285896 27173
47785611380790 27419
47790611470408 27392
47795611563220 27536
47800611677668 27066
47805611773793 27305
47810611861611 27563
47815611941097 27603
47820612021436 27607
47825612106119 27263
47830612192743 27440
47835612276074 27263
47840612366976 26830
47845612459138 26621
47850612548607 27260
47855612633729 27134
47860612719055 27202
47865612805514 27181
47870612891261 26625
47875612976643 27524
47880613060266 27610
47885613145954 27360
47890613235236 26803
47895613329817 27298
47900613436418 27814
47905613531499 27269
47910613632542 27019
47915613720767 27302
47920613802283 27422
47925613895027 27438
47930613984858 27659
47935614077590 27223
47940614158885 27016
47945614255408 26690
47950614338981 27270
47955614429687 27419
