44337439917073 24077
44342440026151 18720
44347440116415 16190
44352440206758 17396
44357440298555 16727
44362440390034 15172
44367440518935 13933
44372440624924 11644
44377440715869 13342
44382440800582 13735
44387440888852 11294
44392440983463 12639
44397441079475 13992
44402441174220 11651
44407441261567 12347
44412441361981 11587
44417441467718 11694
44422441555724 11849
44427441643725 12020
44432441734630 12206
44437441826556 11133
44442441916353 11045
44447442000061 12929
44452442088598 12857
44457442181625 11665
44462442272545 11298
44467442358507 11377
44472442452115 11433
44477442553025 11383
44482442675214 11592
44487442765394 11489
44492442851690 11534
44497442941988 11372
44502443033385 11337
44507443136050 11286
44512443239065 11416
44517443342526 11292
44522443436943 11177
44527443535539 11411
44532443641388 11478
44537443735909 11205
44542443818552 11128
44547443927491 11267
44552444018200 11305
44557444105532 11271
44562444202944 15338
44567444294786 11930
44572444381500 11285
44577444468197 12677
44582444558290 13223
44587444643122 12111
44592444749599 11430
44597444841677 12504
44602444923725 15121
44607445006867 13240
44612445098141 14675
44617445184374 12348
44622445272503 10318
44627445361269 13187
44632445441952 13411
44637445528947 12323
44642446142741 14380
44647446231702 14216
44652446315541 12664
44657446400755 9448
44662446486451 12007
44667446573022 12203
44672446659762 11839
44677446742261 14497
44682446829006 12803
44687446908981 14287
44692447049814 11153
44697447129766 10670
44702447213571 12138
44707447302347 11586
44712447389433 12668
44717447486345 13752
44722447570912 12219
44727447657294 10565
44732447744191 11197
44737447827097 11560
44742447906196 11746
44747447987091 11188
44752448083223 15130
44757448168341 10837
44762448255594 11048
44767448341639 11595
44772448439089 11327
44777448546220 11506
44782448637995 12784
44787448728139 13355
44792448829832 12657
44797448915805 11576
44802448981366 11374
44807449041332 11567
44812449136371 11587
44817449226798 11278
44822449314223 11088
44827449397725 10687
44832449479194 9315
44837449565058 10754
44842449651471 11146
44847449738765 13047
44852449830036 12532
44857449964637 11772
44862450073151 11482
44867450177698 11449
44872450269270 11316
44877450362838 11070
44882450448206 7311
44887450541213 11038
44892450641128 12320
44897450733437 12655
44902450812984 13175
44907450905856 12293
44912451011540 11136
44917451107243 10952
44922451193839 7756
44927451276154 11137
44932451363587 11437
44937451457941 12346
44942451547496 12552
44947451645200 12384
44952451734801 13063
44957451823453 7533
44962451918667 10290
44967452023974 11357
44972452124764 11135
44977452217165 11546
44982452315831 12615
44987452409474 12480
44992452495974 12585
44997452590249 8392
45002452683803 11446
45007452762596 11508
45012452879755 11318
45017452992104 11243
45022453059798 11444
45027453160468 11572
45032453255482 11765
45037453350137 11232
45042453440745 11097
45047453533147 11566
45052453629153 11207
45057453734909 11056
45062453827319 11210
45067453923838 11741
45072454021994 11552
45077454111597 11561
45082454199597 10173
45087454298606 9808
45092454393720 11266
45097454476889 11571
45102454563498 10162
45107454646054 12390
45112454726613 11977
45117454814035 12162
45122454909800 8529
45127454999589 10965
45132455086413 11421
45137455175574 11285
45142455266610 11052
45147455347533 10112
45152455431932 12468
45157455512932 10483
45162455595751 8305
45167455679267 11024
45172455764660 11679
45177455849636 12573
45182455934073 10184
45187456010786 10883
45192456093946 9844
45197456189884 11234
45202456277343 9224
45207456364204 13011
45212456448774 12347
45217456542630 12086
45222456627033 11804
45227456705114 11527
45232456786865 11437
45237456880569 11199
45242456975942 9539
45247457063183 10331
45252457147682 12559
45257457231100 12496
45262457321887 12060
45267457419429 11644
45272457511231 11014
45277457591456 10862
45282457673569 8088
45287457761710 10714
45292457849978 11038
45297457940928 11424
45302458033619 11476
45307458163131 11427
45312458254781 11421
45317458344848 11116
45322458428111 11512
45327458514627 7194
45332458603876 11218
45337458695473 11320
45342458783887 11474
45347458885302 11448
45352458975314 11435
45357459058892 12793
45362459139850 10037
45367459225200 11353
45372459312906 7178
45377459403786 11123
45382459482483 11010
45387459581422 11401
45392459676050 11407
45397459739301 11423
45402459844058 12511
45407459936838 10490
45412460019896 11035
45417460112475 9270
45422460201538 9593
45427460285201 11121
45432460372385 11607
45437460458789 11875
45442460542823 12091
45447460631396 9397
45452460724334 11329
45457460813381 10933
45462460902940 11069
45467460995319 10079
45472461077464 9466
45477461159330 11091
45482461243520 11575
45487461326885 12000
45492461408100 9450
45497461491042 11051
45502461569009 11367
45507461647180 11107
45512461727325 9750
45517461808298 9258
45522461886289 10938
45527461966786 11652
45532462045162 10547
45537462128442 11149
45542462211674 9910
45547462311788 10373
45552462399366 9371
45557462478897 10976
45562462564352 11065
45567462656399 11165
45572462733394 10273
45577462813825 8145
45582462892021 11344
45587462969446 11411
45592463073349 11313
45597463166277 6914
45602463244714 10837
45607463333625 10788
45612463426733 11052
45617463517316 11153
45622463602482 9492
45627463690861 11292
45632463783323 11310
45637463873861 11806
45642463957474 11935
45647464017973 11765
45652464101670 9641
45657464185722 8772
45662464264180 10991
45667464343205 10618
45672464431631 11662
45677464519722 11208
45682464607083 11490
45687464691196 11287
45692464783395 10211
45697464868739 10626
45702464949731 8817
45707465028449 11091
45712465107090 11111
45717465188247 11334
45722465279357 11408
45727465404544 11440
45732465528870 11453
45737465625540 11426
45742465747799 11025
45747465843811 7147
45752465938355 11332
45757466038718 11205
45762466125377 11377
45767466216615 11336
45772466301962 11363
45777466453002 11475
45782466545066 11310
45787466635457 6800
45792466723899 10965
45797466817638 10830
45802466910581 10528
45807466997980 10100
45812467083683 11596
45817467171821 12045
45822467258242 11470
45827467342003 8012
45832467422697 11387
45837467514859 7330
45842467604015 10503
45847467705193 11003
45852467833512 11313
45857467933645 11364
45862468028018 11325
45867468125593 11381
45872468228446 10789
45877468324607 8589
45882468425900 9961
45887468517338 11121
45892468612104 10869
45897468713445 10899
45902468812645 9718
45907468906627 11445
45912468992572 11352
45917469075807 8751
45922469166346 10846
45927469264846 10132
45932469369806 8249
45937469483803 10714
45942469587532 10909
45947469687165 10531
45952469772812 11585
45957469858323 10393
45962469941911 8110
45967470026270 11359
45972470119342 10602
45977470210715 10607
45982470306590 8581
45987470405047 10426
45992470497139 11090
45997470598622 9897
46002470684172 9741
46007470773859 9551
46012470869647 7044
46017470983726 11174
46022471083239 11337
46027471176635 11396
46032471269930 10269
46037471367330 7332
46042471489932 10983
46047471603724 10949
46052471696269 10781
46057471781765 11132
46062471880788 10680
46067471977553 11095
46072472083323 10957
46077472167192 10398
46082472259151 10436
46087472357689 10357
46092472457446 10846
46097472548926 9346
46102472642539 10711
46107472735275 11201
46112472827637 10966
46117472916485 11476
46122473019089 9449
46127473126691 11056
46132473220968 11070
