36532011790473 10543
36537011902727 9959
36542012021690 9862
36547012114520 9618
36552012210059 9453
36557012321718 9369
36562012414835 9235
36567012506576 9121
36572012597060 9079
36577012685290 9100
36582012775106 8942
36587012867101 8844
36592012952092 8985
36597013039702 5733
36602013131462 2129
36607013259892 1033
36612013370106 808
36617013456876 1346
36622013542706 2467
36627013626612 6177
36632013714757 8933
36637013800580 8474
36642013883707 8941
36647013964902 8643
36652014045663 8359
36657014126408 8678
36662014212738 8765
36667014293599 7815
36672014382132 8431
36677014466070 8529
36682014546367 8007
36687014637674 8361
36692014731263 8723
36697014815238 4277
36702014895495 2423
36707014985485 1791
36712015075788 1090
36717015158859 929
36722015269653 1820
36727015397774 1728
36732015494379 2205
36737015589485 6384
36742015683463 6749
36747015774038 8204
36752015862950 8511
36757015946248 7904
36762016017008 8295
36767016104589 8093
36772016187052 7344
36777016270112 7791
36782016357705 8473
36787016443692 8247
36792016536924 7859
36797016629581 7588
36802016718526 8142
36807016803526 8059
36812016887977 8299
36817016974629 8060
36822017078878 8107
36827017168392 8282
36832017261484 7944
36837017890649 7651
36842017974652 8546
36847018058939 8099
36852018146528 7915
36857018230208 8215
36862018313165 7928
36867018401831 7917
36872018482510 8516
36877018563415 8138
36882018646269 7915
36887018731184 8248
36892018813610 8517
36897018894122 7712
36902018980297 8533
36907019070141 8239
36912019159583 7716
36917019244680 8097
36922019332338 8160
36927019418490 7357
36932019502169 8287
36937019610643 8108
36942019707503 7673
36947019797329 8225
36952019883516 8342
36957019969628 6707
36962020013325 8389
36967020101693 8086
36972020189701 8012
36977020274236 7935
36982020364963 8014
36987020457258 7816
36992020545977 8062
36997020629843 8211
37002020709173 7825
37007020808029 7202
37012020890696 6569
37017020973370 6796
37022021055517 8276
37027021137107 7874
37032021217810 7930
37037021298689 8079
37042021381361 7781
37047021471306 8207
37052021563800 8267
37057021651004 7879
37062021736615 7370
37067021827767 8005
37072021914594 7397
37077021998877 7792
37082022083408 8256
37087022173956 7329
37092022260249 8360
37097022344392 8086
37102022424640 7219
37107022506184 7872
37112022590658 8386
37117022673744 7738
37122022755882 8179
37127022837647 7785
37132022933151 7842
37137023026651 7577
37142023107358 8311
37147023187459 7999
37152023269376 7221
37157023351505 7945
37162023436909 7945
37167023529999 7608
37172023611405 8567
37177023703706 7733
37182023793701 7840
37187023891742 7106
37192023988566 7799
37197024081419 7529
37202024163518 7772
37207024249896 8450
37212024334809 7594
37217024425387 7123
37222024510567 7719
37227024591940 7024
37232024676945 7187
37237024759446 7824
37242024845692 8245
37247024942470 7486
37252025034141 7829
37257025125807 7420
37262025212305 7963
37267025299659 7749
37272025389602 7909
37277025478726 7918
37282025561336 7830
37287025647293 7592
37292025732516 8009
37297025821855 7099
37302025910974 7717
37307025997690 7846
37312026085621 8106
37317026171719 7397
37322026255050 7937
37327026338373 6959
37332026421646 7543
37337026505305 7459
37342026594178 8070
37347026687198 7434
37352026779819 7977
37357026870980 7559
37362026950803 7610
37367027035872 7611
37372027116776 7516
37377027196476 7117
37382027280287 7828
37387027367670 7646
37392027450097 6767
37397027532824 7137
37402027617397 7911
37407027697983 7135
37412027786238 7636
37417027870056 7038
37422027955543 7543
37427028013343 7273
37432028100805 7764
37437028188214 6812
37442028275033 6650
37447028356089 5354
37452028437776 7409
37457028519275 7447
37462028602414 8265
37467028683823 7401
37472028766241 7580
37477028856631 7367
37482028948867 7079
37487029032712 7977
37492029113012 7717
37497029196515 6621
37502029282648 7802
37507029373154 7470
37512029455757 7609
37517029545805 8164
37522029628019 7411
37527029716468 6950
37532029799240 7155
37537029885690 7518
37542029975341 8304
37547030057824 7430
37552030138206 6995
37557030218997 6892
37562030307003 7743
37567030395770 7441
37572030479333 7844
37577030561528 7204
37582030653186 7180
37587030739447 6163
37592030822748 8065
37597030908649 8245
37602030990890 7164
37607031074871 6703
37612031156570 7391
37617031237339 6900
37622031327074 8487
37627031416663 6566
37632031498772 7234
37637031584072 7237
37642031682584 7522
37647031784084 7238
37652031868447 7261
37657031953241 7132
37662032018110 6708
37667032107981 6761
37672032197914 6900
37677032287010 6157
37682032370383 7392
37687032453187 7400
37692032538465 7831
37697032628709 7692
37702032718605 7142
37707032809742 6297
37712032903777 7316
37717032999741 8310
37722033083478 7350
37727033177852 6939
37732033270063 7138
37737033355491 6449
37742033443513 8523
37747033527991 7174
37752033615362 6655
37757033699762 7181
37762033801948 8162
37767033895152 6277
37772033985629 7324
37777034079436 7375
37782034697583 7624
37787034782932 7955
37792034869083 6667
37797034957419 6317
37802035046148 7184
37807035134032 8524
37812035217496 7108
37817035302275 6530
37822035391723 6316
37827035480188 7560
37832035564708 7785
37837035653214 6972
37842035749374 6838
37847035846823 7109
37852035940071 8080
37857036012808 5865
37862036094050 7146
37867036175723 7068
37872036258414 8277
37877036344459 6409
37882036431465 6806
37887036519338 5993
37892036609128 7931
37897036695676 6835
37902036780425 5933
37907036879188 6898
37912036978703 7432
37917037066134 7456
37922037174625 7093
37927037266335 7180
37932037355720 6974
37937037449065 8101
37942037535484 6738
37947037618314 6582
37952037704090 6503
37957037792115 8373
37962037883572 6854
37967037974095 6648
37972038068263 6587
37977038167067 7941
37982038253510 7183
37987038338996 6801
37992038435442 6705
37997038543113 7856
38002038633428 6394
38007038715543 6607
38012038803837 6344
38017038894195 8161
38022038984970 7017
38027039073686 6866
38032039176716 6337
38037039268406 7518
38042039373052 7243
38047039464551 6994
38052039551270 6605
38057039643743 7605
38062039740770 7327
38067039833273 6381
38072039917627 6138
38077046489227 8097
38082046580444 6886
38087046671603 6566
38092046758046 6539
38097046835399 1833
38102046941924 0
38107047052874 6516
38112047137839 6954
38117047218066 6471
38122047302989 7641
38127047389383 6724
38132047474269 6085
38137047559256 6119
38142047647918 6359
38147047744017 5790
38152047830666 6611
38157047919634 6409
38162048024527 7070
38167048118727 7481
38172048201766 6640
38177048287719 6310
38182048381354 6750
38187048473468 7347
38192048562846 6221
38197048649745 6754
38202048731646 7407
38207048815322 7303
38212048906716 6259
38217049002203 6007
38222049103043 7562
38227049198382 7160
38232049282692 6221
38237049372332 6030
38242049469349 8063
38247049569495 6388
38252049665656 6232
38257049757053 6384
38262049859197 8126
38267049954915 6362
38272050049510 6096
38277050137309 6695
38282050231968 7148
38287050322680 6717
38292050413432 6263
38297050502863 6702
38302050590992 6887
38307050682609 6528
38312050769434 5890
38317050871472 8115
38322050969408 6715
38327051073949 6530
