38403491500699 4307
38408491614910 7798
38413491714647 8708
38418491801714 9004
38423491893015 9059
38428491986377 9145
38433492082436 9512
38438492172374 9817
38443492262011 9855
38448492348820 9441
38453492443223 9901
38458492528867 9910
38463492613352 9442
38468492720554 9979
38473492811035 10018
38478492898228 9815
38483492981942 9919
38488493068993 9979
38493493175312 9851
38498493266683 9432
38503493357563 9659
38508493446052 9812
38513493525927 9975
38518493605727 9915
38523493687604 9279
38528493779635 9950
38533493857609 10069
38538493941134 10024
38543494020953 9505
38548494100224 9488
38553494193910 9501
38558494278966 9566
38563494365268 9498
38568494451809 9549
38573494537586 10059
38578494624411 10148
38583494736882 10073
38588494820759 9884
38593494904686 10167
38598494995555 10043
38603495091496 9764
38608495173810 10082
38613495261837 10092
38618495356305 10128
38623495443506 10112
38628495526675 10104
38633495608652 10033
38638495698684 9561
38643495776631 9441
38648495858667 9472
38653495936793 9800
38658496022347 10111
38663496108644 10151
38668496192254 9779
38673496277544 9370
38678496354707 9541
38683496431754 9442
38688496515830 9497
38693496607899 9499
38698496688413 9653
38703496771324 9607
38708496906579 9980
38713497004060 10194
38718497091578 10171
38723497179674 9639
38728497280446 10140
38733497368399 10151
38738497452770 9984
38743497558182 10021
38748497684301 10126
38753497783804 9981
38758497867540 9814
38763497950216 10227
38768498022366 10218
38773498120682 9763
38778498235797 9645
38783498329148 9712
38788498418766 9841
38793498501684 10079
38798498627332 9825
38803498729098 10021
38808498840839 10147
38813498950351 10107
38818499043558 9746
38823499128349 10198
38828499222102 10146
38833499320715 10077
38838499428187 9646
38843499538630 9643
38848499635769 9912
38853499735066 9968
38858499830253 9908
38863499916983 10138
38868500031905 9599
38873500121736 9782
38878500206037 10165
38883500292943 10110
38888500374917 10090
38893500468028 9880
38898500570293 10108
38903500669970 10140
38908500753164 10157
38913500859758 9937
38918500958067 10213
38923501050564 10145
38928501138436 10096
38933501217394 9818
38938501300872 10199
38943501393408 10201
38948501501520 10125
38953501623281 9745
38958501723875 10063
38963501823306 10132
38968501910332 10160
38973501994746 9864
38978502098334 10248
38983502153889 10206
38988502241088 10119
38993502284233 9779
38998502374590 10200
39003502523929 10214
39008502590919 10162
39013502652520 9939
39018502748999 10178
39023502875642 10198
39028502994333 10030
39033503101450 9661
39038503197015 10150
39043503293805 10140
39048503434498 10088
39053503538246 9627
39058503646247 10033
39063503743462 10139
39068503826770 10166
39073503917894 9816
39078504018186 10120
39083504104048 10093
39088504199927 10039
39093504292343 9765
39098504375854 9820
39103504485871 10151
39108504593087 10157
39113504705770 10151
39118504835239 10120
39123504946285 9698
39128505048161 10111
39133505157830 10176
39138505219099 10065
39143505346818 9782
39148505450807 10130
39153505561628 10154
39158505635781 10107
39163505755207 9888
39168505843417 10257
39173505960671 10206
39178506048818 10065
39183506170321 9786
39188506269491 10175
39193506368999 10122
39198506463722 10094
39203506551665 9822
39208506666747 10134
39213506738009 10199
39218506817149 10251
39223506916628 9880
39228507021323 10163
39233507147391 10173
39238507209591 10121
39243507293884 9981
39248507373734 10204
39253507478963 10193
39258507559174 10154
39263507650866 10001
39268507740030 10157
39273507826901 10175
39278507931438 10052
39283508046814 9791
39288508135495 10111
39293508220942 10166
39298508306837 10106
39303508462265 9823
39308508552841 10164
39313508661218 10197
39318508770858 10112
39323508877862 9750
39328508988229 9977
39333509088509 10029
39338509176002 10146
39343509285329 10157
39348509377209 10126
39353509466230 10061
39358509537970 10224
39363509631843 10188
39368509747405 10127
39373509855186 9900
39378509976810 10193
39383510098180 10177
39388510204687 10062
39393510303646 9686
39398510404799 10149
39403510528929 10183
39408510633685 10183
39413510724872 9819
39418510815396 10178
39423510942059 10143
39428511041711 10043
39433511145258 9776
39438511240512 10257
39443511337693 10312
39448511412678 10187
39453511499959 9962
39458511598830 10321
39463511686032 10290
39468511770476 10170
39473511829187 9846
39478511912652 10066
39483511989726 9883
39488512088362 10243
39493512174427 10286
39498512231500 10250
39503512316015 9952
39508512400624 10228
39513512499688 10241
39518512608689 10151
39523512707639 9837
39528512809077 10151
39533512913592 10146
39538513003791 10075
39543513111045 9917
39548513210781 10168
39553513316629 10159
39558513424764 10070
39563513529557 9778
39568513632507 10169
39573513736495 10176
39578513841924 10122
39583513945228 9962
39588514034134 10171
39593514161170 10174
39598514276238 10066
39603514364850 9879
39608514448435 10293
39613514531538 10334
39618514620636 10177
39623514704992 9928
39628514807021 9827
39633514895646 9858
39638515011477 10159
39643515114910 10231
39648515211694 10156
39653515310689 9901
39658515412721 10181
39663515514791 10179
39668515611626 10107
39673515728796 9933
39678515852318 10158
39683515954049 10188
39688516015113 10120
39693516101272 9709
39698516162364 9944
39703516264622 9928
39708516355644 10158
39713516473781 10190
39718516576314 10101
39723516663755 10031
39728516752403 10189
39733516849441 10183
39738516951990 10064
39743517053422 10008
39748517162172 10184
39753517271148 10122
39758517370934 9767
39763517461476 10175
39768517564017 10199
39773517665403 10161
39778517760624 10191
39783517850969 9847
39788517951079 10143
39793518013534 10180
39798518123920 10169
39803518209384 9712
39808518301632 10065
39813518372042 10160
39818518472968 10137
39823518566219 9743
39828518672152 10161
39833518771970 10163
39838518860257 10203
39843518944987 9854
39848519034370 10168
39853519124314 10228
39858519212938 10090
39863519302076 9892
39868519410935 10174
39873519520040 10200
39878519594984 10148
39883519688283 9882
39888519782158 10194
39893519870612 10187
39898519952791 10127
39903520021903 9906
39908520152363 10178
39913520230469 10225
39918520318639 10186
39923520376726 10043
39928520461020 10261
39933520582766 10266
39938520652588 10142
39943520765892 9969
39948520860699 10200
39953520960954 10217
39958521042626 10071
39963521141078 9955
39968521237956 10183
39973521308764 10194
39978521417048 10111
39983521517770 9822
39988521624488 10226
39993521736272 10193
39998521836266 10125
40003521882039 9785
40008521966802 10162
40013522065832 10186
40018522175136 10142
40023522274951 10110
40028522360511 10273
40033522465280 10247
40038522543516 10284
40043522635114 9969
40048522759244 10080
40053522879939 10218
40058522998509 10202
40063523095055 9980
40068523183567 10109
40073523272294 10174
40078523394729 10143
40083523508243 9944
40088523613949 10121
40093523715408 10258
40098523805135 10200
40103523905744 9962
40108523983164 10102
40113524090439 10159
40118524183006 10196
40123524273805 10039
40128524370168 10055
40133524456134 10172
40138524545753 10171
40143524633633 10023
40148524736044 10065
40153524804938 10312
40158524907901 10204
40163525018224 10158
40168525114716 10161
40173525205198 9873
40178525279489 10243
40183525373110 10272
40188525471496 10285
40193525557251 10072
40198525650228 10296
