240394075119899 6869
240399075347476 9898
240404075472014 10358
240409075589305 10417
240414075702769 10511
240419075798977 11720
240424075884003 11198
240429076018770 11693
240434076124363 11815
240439076232064 12569
240444076328994 11965
240449076446982 12328
240454076536237 13807
240459076623158 13558
240464076710275 13019
240469076794398 13786
240474076895476 14232
240479076983490 14515
240484077066483 15094
240489077149308 14945
240494077237390 15341
240499077324483 15684
240504077411875 15719
240509077497899 15622
240514077588598 16464
240519077677789 16607
240524077769458 17155
240529077855290 17588
240534077938904 17665
240539078022210 17545
240544078111181 17586
240549078197123 17750
240554078281437 18239
240559078365859 18349
240564078460825 18503
240569078548141 18647
240574078640305 18714
240579078733374 19115
240584078819198 18939
240589078910583 19174
240594079003331 19273
240599079088272 19290
240604079188740 19291
240609079288849 19399
240614079374504 19040
240619079462942 19230
240624079550697 19305
240629079638853 18902
240634079725506 20305
240639079809226 24873
240644079897061 24737
240649079983549 24703
240654080077191 25232
240659080161514 24916
240664080249251 25205
240669080336045 25659
240674080430582 25143
240679080532760 25136
240684081046490 25612
240689081136769 25939
240694081227268 25928
240699081316377 25830
240704081411256 25478
240709081500940 25881
240714081589741 25595
240719081677978 25470
240724081762866 25690
240729081871482 25634
240734081958149 25869
240739082047459 26117
240744082131416 26104
240749082222055 25945
240754082308116 26186
240759082391531 25952
240764082474787 25935
240769082558707 26125
240774082642011 26267
240779082735282 26308
240784082823523 25992
240789082932857 26435
240794083033643 26132
240799083115355 26292
240804083199471 26387
240809083287123 26323
240814083379136 26254
240819083466689 26208
240824083552765 26653
240829083640980 26372
240834083728524 26300
240839083811008 26682
240844083898574 26363
240849083997928 26471
240854084094730 26868
240859084182976 27134
240864084280064 26878
240869084374732 26350
240874084477638 26751
240879084562676 26545
240884084647918 26888
240889084729598 26990
240894084815491 26198
240899084904461 26272
240904084984893 26487
240909085077182 27083
240914085174684 26984
240919085259625 27544
240924085350887 26646
240929085448998 27488
240934085558278 26789
240939085643203 27181
240944085749715 27116
240949085847668 26984
240954085934254 27322
240959086025754 26834
240964086114985 26981
240969086202548 26829
240974086293809 27035
240979086400162 26961
240984086492289 27266
240989086604007 27025
240994086738399 26800
240999086833068 26445
241004086926489 27018
241009087013825 26586
241014087106285 27118
241019087223997 26827
241024087305480 27161
241029087396899 27274
241034087477355 26670
241039087575455 27311
241044087664227 27445
241049087765396 26677
241054087865571 27207
241059087953123 26878
241064088017083 26843
241069088105963 27043
241074088189642 27319
241079088277363 27117
241084088364837 27411
241089088446295 27236
241094088532077 27920
241099088630057 27131
241104088729170 27867
241109088832127 27487
241114088928375 27303
241119089017105 27117
241124089110355 27587
241129089204587 26712
241134089292484 27517
241139089387861 26991
241144089482557 27125
241149089579288 26878
241154089680404 27568
241159089765815 27262
241164089868198 26825
241169089958498 27508
241174090672998 27265
241179090772775 27418
241184090882404 27133
241189092101332 26504
241194092205924 27037
241199092299232 27094
241204092417068 26914
241209092521208 27066
241214092623534 27378
241219092708340 26957
241224092798450 27598
241229092894766 27472
241234092991550 28104
241239093078962 27343
241244093172501 27175
241249093254821 27028
241254093353972 27206
241259093486547 27897
241264093577516 27599
241269093681892 27769
241274093809737 27838
241279095178301 27248
241284095317992 27627
241289095439677 27648
241294095622843 27569
241299095720430 26879
241304095817118 27494
241309095913592 27782
241314096019203 27570
241319096125016 27033
241324096212981 27569
241329096315550 27592
241334096401448 27116
241339096514965 27586
241344096613042 27161
241349096715227 27134
241354096809929 27347
241359096906372 27622
241364096995965 28080
241369097085099 27089
241374097172151 27448
241379097268955 27035
241384097358448 27761
241389097443031 28515
241394097538042 27476
241399097633253 27781
241404097722001 27215
241409097805509 27101
241414097918388 27843
241419098020739 27787
241424098125431 27449
241429098212201 27246
241434098300375 27321
241439098399108 27484
241444098487197 27911
241449098587827 27417
241454098676372 27858
241459099041758 27373
241464099134771 27808
241469099218859 27767
241474099342030 27597
241479099442659 27332
241484099533095 27627
241489099615110 27448
241494100022065 27824
241499100125554 27525
241504100225370 27409
241509100334081 27990
241514100433073 27103
241519100532591 27493
241524100651646 27477
241529100759992 27788
241534100878324 27714
241539100975475 27404
241544101070260 27934
241549101184412 28391
241554101275288 26959
241559101361928 27624
241564101450827 27487
241569101547002 27814
241574101640828 28048
241579101753685 27808
241584101840203 27505
241589101930542 27839
241594102023952 27971
241599102113208 27804
241604102201894 28105
241609102293021 27567
241614102404893 28180
241619102501287 27493
241624102609114 27957
241629102707552 27989
241634102869881 27452
241639102958653 27434
241644103064096 27049
241649103168407 26926
241654103250220 27235
241659103344412 27820
241664103435455 27694
241669103528720 27912
241674103644633 27454
241679103762193 27214
241684103850954 27228
241689103944120 27755
241694104016742 28063
241699104102188 27972
241704104193782 27578
241709104276860 27138
241714104379418 27636
241719104464741 28618
241724104555789 27633
241729104649318 28284
241734104733924 28347
241739104828211 28165
241744104923949 28176
241749105012570 27710
241754105112229 28378
241759105206186 26802
241764105291682 27552
241769105389029 27203
241774105494448 27208
241779105578553 27947
241784105675057 28048
241789105760391 27717
241794105865613 28140
241799105964411 27708
241804106055053 28253
241809106147081 27005
241814106230749 27485
241819106342337 27955
241824106429955 28124
241829107217052 28539
241834107306018 27840
241839107404351 26811
241844107508833 27639
241849107590182 27504
241854107684784 27448
241859107776592 27291
241864107857921 27459
241869107957878 28435
241874108078354 27608
241879108173274 27467
241884108276415 27505
241889108358673 27542
241894108480547 27644
241899108566472 27795
241904108667378 27296
241909108756020 27651
241914108853196 27748
241919108957110 27958
241924109042397 27617
241929109137561 27716
241934109225820 27304
241939109322373 27212
241944109496340 27610
241949109590514 27851
241954109682825 27439
241959109801612 26811
241964109889691 27747
241969109987850 28122
241974110074915 28544
241979110253358 27752
241984110334886 27361
241989110427889 26907
241994110531384 28324
241999110626685 27757
242004110725841 28178
242009110813674 27298
242014110902857 28253
242019111009955 27559
242024111117947 28231
242029111198857 27105
242034111291402 27163
242039111404877 27675
242044111531638 27798
242049111613238 27228
242054112041056 27932
242059112139564 27388
242064112223935 28163
242069112311150 27846
242074112401173 28292
242079112484978 27153
242084112568687 27617
242089112651261 27691
242094112751615 27711
242099112843329 28211
242104112926883 27674
242109113008559 27844
242114113110133 28028
242119113226166 28375
242124113312736 27260
242129113410839 27735
242134113502777 27815
242139113596952 27683
242144113690884 28179
242149113795657 27600
242154113906899 27348
242159114013111 27840
242164114106017 27714
242169114206865 27914
242174114288970 27758
242179114394230 28527
242184114477546 28231
242189114593561 27848
