238562153450443 15743
238567153586596 14995
238572153703024 16332
238577153836108 16262
238582153946314 15445
238587154057663 14793
238592154174181 12750
238597154270889 10338
238602154479118 15001
238607154576377 11130
238612154678443 9949
238617154771128 15264
238622154866323 11519
238627154962220 9269
238632155060313 15529
238637155150520 9860
238642155243176 10953
238647155334247 14826
238652155419395 7015
238657155518551 11382
238662155612094 10921
238667155703696 8884
238672155793472 15213
238677155895447 8033
238682155993321 11274
238687156103914 10429
238692156202578 7791
238697156293462 13354
238702156384934 8880
238707156515201 13820
238712156620662 10455
238717156762752 7786
238722156862581 14631
238727156970195 8273
238732157070864 13149
238737157166633 7076
238742157258729 11113
238747157355051 13787
238752157476957 4476
238757157590962 12751
238762157693594 5686
238767157793590 14388
238772157897143 7123
238777158007090 14069
238782158107645 5657
238787158234870 12542
238792158325459 10548
238797158419397 7693
238802158520364 12825
238807158623008 5351
238812158723323 13849
238817158820379 5709
238822158922713 14604
238827159018036 5015
238832159113223 14897
238837159243748 5941
238842159341959 12197
238847159435116 9766
238852159552262 8478
238857159649014 14153
238862159740284 7252
238867159841150 14421
238872159944206 6207
238877160071709 12171
238882160175050 9968
238887160336437 8257
238892160455772 12376
238897160559050 8588
238902160668143 15057
238907160763759 4990
238912160881195 13134
238917160981844 7518
238922161116118 10677
238927161299309 7593
238932161484677 10478
238937161595697 9900
238942161715099 8268
238947161871859 10408
238952162009303 7754
238957162114108 10112
238962162257880 7978
238967162464748 9797
238972162605885 8325
238977162734185 6734
238982162835694 11245
238987163071386 403
238992163174200 14870
238997163319758 4205
239002163430102 14905
239007163566690 2112
239012163688501 11131
239017163793757 6828
239022163906646 6353
239027164030898 11639
239032164146838 4229
239037164272563 13801
239042164419535 403
239047164525351 13056
239052164646432 4894
239057164749720 9347
239062164861610 8670
239067164963409 403
239072165071046 14144
239077165202168 3681
239082165371943 9353
239087165492702 8618
239092165598156 6118
239097165698519 11922
239102165791290 6082
239107165899594 12011
239112165993652 4173
239117166119385 13854
239122166230594 5256
239127166321044 12928
239132166411720 6287
239137166543331 11821
239142166654538 6544
239147166755992 11553
239152166852233 8566
239157166978717 9589
239162167077439 10762
239167167182804 7456
239172167290475 9228
239177167384550 8791
239182167476982 8994
239187167598240 9092
239192167693409 10310
239197167838448 7841
239202167967686 12685
239207168104887 5507
239212168227735 9580
239217168353243 8424
239222168465190 9561
239227168611453 8533
239232168713117 10364
239237168841915 7772
239242168943744 8921
239247169056852 9169
239252169179122 11380
239257169279058 6756
239262169371067 13785
239267169465811 4394
239272169555187 14088
239277169678953 4051
239282169781006 14273
239287169903084 4144
239292170006344 13933
239297170101663 5258
239302170197007 13892
239307170297324 2892
239312170387557 11610
239317170497191 6335
239322170603453 11208
239327170692296 6907
239332170786892 10539
239337170882317 7536
239342170984374 10556
239347171108271 7525
239352171213102 9639
239357171330312 8438
239362171422483 3633
239367171526277 13510
239372171629090 5528
239377171725641 13377
239382171835489 5549
239387171980543 12624
239392172093645 4114
239397172182870 13615
239402172281121 3242
239407172383352 15005
239412172524058 5940
239417172618638 12387
239422172708778 3389
239427172821820 13870
239432172941035 1387
239437173240341 14139
239442173331093 4145
239447173448189 14601
239452173581482 3089
239457173687985 13492
239462173857787 4546
239467173946259 11168
239472174094280 6894
239477174204273 11915
239482174309878 6210
239487174409460 11605
239492174521607 6485
239497174794015 9515
239502174921332 8546
239507175034926 13241
239512175153665 4972
239517175250017 13900
239522175396555 4203
239527175504203 8094
239532175615593 9846
239537175747957 6228
239542175874024 11818
239547175981322 4761
239552176102308 13310
239557176237667 403
239562176337909 13569
239567176474191 4397
239572176582300 12116
239577176714326 5947
239582176814235 12696
239587176909337 5437
239592177006171 11454
239597177135632 6618
239602177248561 11005
239607177345998 7065
239612177454070 11814
239617177627992 6328
239622177755326 8504
239627177861733 9538
239632177981109 10708
239637178081981 7445
239642178195815 5127
239647178299612 12805
239652178423196 4328
239657178546665 13757
239662178650747 1372
239667178741939 14407
239672178841338 4392
239677178967913 14354
239682179071235 2039
239687179188718 13038
239692179289604 4948
239697179407597 8344
239702179530472 9639
239707179631123 5862
239712179767329 12179
239717179873790 7040
239722179973387 11094
239727180047565 5801
239732180171417 12265
239737180301188 6290
239742180421023 11827
239747180523792 2780
239752180636204 14828
239757180750572 806
239762180853483 13563
239767180941994 4423
239772181044760 10014
239777181167129 8014
239782181255769 6394
239787181365025 11604
239792181481982 5498
239797181588206 12609
239802181689962 3628
239807181801956 14423
239812181894194 690
239817181979518 15116
239822182089413 2610
239827182189878 9620
239832182334402 8343
239837182441140 7063
239842182615257 10987
239847182712732 6945
239852182802210 11125
239857182892055 2911
239862183005217 15037
239867183123581 442
239872183287433 13648
239877183387710 4343
239882183483459 11231
239887183585183 6829
239892183684609 7802
239897183787791 10235
239902183906818 6668
239907184027740 11379
239912184140639 939
239917184250609 14334
239922184353380 3095
239927184477340 7660
239932184620823 10204
239937184731691 7039
239942184834538 11045
239947184926991 1394
239952185038154 15196
239957185149000 1778
239962185241757 15432
239967185338262 2686
239972185452656 8748
239977185561832 9133
239982185675652 7891
239987185800718 10217
239992185903229 2793
239997185996869 14960
240002186093525 1516
240007186210227 14907
240012186311256 4493
240017186407694 13965
240022186541217 1903
240027186646845 13179
240032186751910 4828
240037186863878 5070
240042187001316 12792
240047187156982 506
240052187257693 15440
240057187429170 2472
240062187545352 13219
240067187650448 4829
240072187748893 9196
240077187890026 8792
240082187990682 3085
240087188083710 13819
240092188222634 1425
240097188317408 9353
240102188441634 8531
240107188540210 566
240112188635078 14561
240117188799465 3133
240122188898963 11220
240127189037630 6803
240132189149780 11277
240137189276034 6822
240142189368305 9830
240147189477161 8231
240152189570268 3676
240157189666520 14273
240162189796563 403
240167189885124 14509
240172189970210 3468
240177190056955 12753
240182190169033 5346
240187190314348 8771
240192190503936 9236
240197190607263 6351
240202190706596 11631
240207190827831 404
240212190929096 14371
240217191050207 3624
240222191159085 12649
240227191349142 5367
240232191463291 8035
240237191618450 9925
240242191709153 6150
240247191813042 11913
240252191921851 744
240257192010431 14592
240262192334354 3070
240267192425869 10555
240272192562475 7360
240277192663437 2017
240282192756924 14331
240287192882127 1951
240292192988296 14655
240297193094261 3408
240302193200347 9961
240307193325877 7993
240312193420047 4847
240317193583959 13124
240322193703569 730
240327193785946 14810
240332193887096 2859
240337193984226 11459
240342194120141 6546
240347194221415 5807
240352194346214 12121
240357194479051 495
