232111311556311 11938
232116311726397 16307
232121311833310 15467
232126311969955 16573
232131312109921 16344
232136312220702 17285
232141312354261 18077
232146312460651 18256
232151312586237 18823
232156312716835 18091
232161312817644 18902
232166312941794 18775
232171313047561 19586
232176313154537 19534
232181313254069 20248
232186313369922 19657
232191313475867 20124
232196313581630 20365
232201313679555 20034
232206313792180 20727
232211313891521 20556
232216313992816 20694
232221314106960 20986
232226314196686 21305
232231314311442 21418
232236314397439 21433
232241314513926 21432
232246314609673 21855
232251314695027 22081
232256314787788 21673
232261314895789 21789
232266314978258 22050
232271315081424 22810
232276315177595 25329
232281315324889 26181
232286315428760 25430
232291315523214 25696
232296315648867 25041
232301315740030 25609
232306315855224 25573
232311315940952 25239
232316316028589 25990
232321316127447 25073
232326316213028 25277
232331316304807 25552
232336316415346 25351
232341316504637 25031
232346316596609 25168
232351316686379 25113
232356316782561 24923
232361316879773 25398
232366316981099 25201
232371317071965 25199
232376317155492 25743
232381317244181 25364
232386317328730 25510
232391317434619 25133
232396317527832 25398
232401317641862 25601
232406317731377 25320
232411317823692 25001
232416317920554 25374
232421318013048 25657
232426318102788 25442
232431318189809 25223
232436318286791 25235
232441318379116 25518
232446318467640 25182
232451318558622 24826
232456318649859 25767
232461318737398 25029
232466318832248 25445
232471319707979 25477
232476319798215 25460
232481319899370 25090
232486319989394 25590
232491320083116 24925
232496320168669 25231
232501320258441 25453
232506320345600 25382
232511320429841 25424
232516320524737 26273
232521320636480 24893
232526320732021 25244
232531320828349 25280
232536320918156 25520
232541321012535 25384
232546321096950 25489
232551321193075 25209
232556321303928 25679
232561321399166 25014
232566321485266 25877
232571321575510 25605
232576321677038 26030
232581321765333 25620
232586321863814 25206
232591321956702 25505
232596322037396 25552
232601322142099 25397
232606322233300 26006
232611322323603 26224
232616322415099 25516
232621322505744 25834
232626322589515 25400
232631322672916 25851
232636322754685 24882
232641322843097 25884
232646322952457 25772
232651323054819 25772
232656323148227 25384
232661323252793 25509
232666323354108 26324
232671323463029 25828
232676323550961 25822
232681323678251 25574
232686323768011 25885
232691323872497 25301
232696323961518 25736
232701324061465 25908
232706324162950 25451
232711324266862 25564
232716324357636 25733
232721324446658 25993
232726324535532 26609
232731324621777 25816
232736324734485 25674
232741324838865 25919
232746324940000 26118
232751325026727 26119
232756325117972 26259
232761325208492 25842
232766325295824 27012
232771325396116 25880
232776325496860 26347
232781325595426 26210
232786325681119 25404
232791325764154 26860
232796325851891 25803
232801325937025 26214
232806326039992 26051
232811326129291 25886
232816326225631 26913
232821326324790 26927
232826326411579 26839
232831326516080 26216
232836326610897 26328
232841326699941 25947
232846326807493 26371
232851326897595 26357
232856326989050 26926
232861327103927 26923
232866327200184 26748
232871327319210 26593
232876327408148 26858
232881327513229 26785
232886327599825 26523
232891327689862 26316
232896327814076 26546
232901327903697 26902
232906328007226 27230
232911328095488 26506
232916328200531 26649
232921328316357 26164
232926328411257 26812
232931328503199 26759
232936328593577 26739
232941328683364 26295
232946328771751 26529
232951328867231 26451
232956328956112 25817
232961329058941 27011
232966329148763 26471
232971329267141 27111
232976329362814 26158
232981329455432 26688
232986329556441 26800
232991329645683 26102
232996329742522 27199
233001329842762 26261
233006329943688 27042
233011330054084 25959
233016330146753 26906
233021330245784 26811
233026330363659 26983
233031330454508 26467
233036330549005 26577
233041330642688 27172
233046330736023 26704
233051330839883 26471
233056330962168 26737
233061331050237 26726
233066331145445 27054
233071331258810 26837
233076331348356 26450
233081331471817 26342
233086331570114 26897
233091331677076 27294
233096331780939 26666
233101331876560 26380
233106331972634 26331
233111332030463 27029
233116332138075 26848
233121332235213 26124
233126332322189 26754
233131332411241 26570
233136332510487 26636
233141332590332 27302
233146332691423 27142
233151332788075 26507
233156332887054 26588
233161332977209 26531
233166333085374 26571
233171333171736 26475
233176333274152 26218
233181333387752 26848
233186333489324 26185
233191333604382 26488
233196333700335 26845
233201333811757 26854
233206333923025 26732
233211334022621 26881
233216334116929 25632
233221334223914 26552
233226334327565 26625
233231334414033 26348
233236334518600 27057
233241334648633 26886
233246334757258 26120
233251334866233 26871
233256334969630 27006
233261335103067 26441
233266335215508 27338
233271335312179 26320
233276335402731 26751
233281335490444 27076
233286335600665 26949
233291335699962 26177
233296335798782 26958
233301335902256 26569
233306335998959 26476
233311336126161 27072
233316336222312 27690
233321336308293 26787
233326336399001 26732
233331336500643 26624
233336336597394 26856
233341336684684 26865
233346336790916 26668
233351336880622 26624
233356336969043 26777
233361337056461 27128
233366337147935 26691
233371337240232 26749
233376337343822 26494
233381337435887 26331
233386337527569 26878
233391337649857 26351
233396337765911 26644
233401337868174 26225
233406337981048 26275
233411338065906 27622
233416338152954 26625
233421338271467 26819
233426338363881 27500
233431338501520 26621
233436338610444 26858
233441338742050 26886
233446338866857 26693
233451338960034 26634
233456339053276 26918
233461339146264 26543
233466339253382 27024
233471339385444 26798
233476339484868 26532
233481339606291 26924
233486339702778 26448
233491339879228 26938
233496340046762 26530
233501340165121 27235
233506340276310 27144
233511340395986 27342
233516340502515 26940
233521340625180 27173
233526340755760 26441
233531340871037 26625
233536340981778 26127
233541341094078 27522
233546341193179 26621
233551341311118 26758
233556341443291 26821
233561341562389 26390
233566341681320 26460
233571341867616 26864
233576341980310 26854
233581342092073 26622
233586342201630 26569
233591342339875 27138
233596342466148 26538
233601342580293 26768
233606342682939 26677
233611342781750 26724
233616342925670 27019
233621343059433 26181
233626343927586 26632
233631344019917 26080
233636344114188 26825
233641344219283 26796
233646344359821 27082
233651344511689 26596
233656344622679 27155
233661344715616 26098
233666344836357 27167
233671344951145 27151
233676345039446 26553
233681345140263 26406
233686345255132 26413
233691345358644 26826
233696345454811 27185
233701345603201 26635
233706345717799 27324
233711345831005 27478
233716345950768 26855
233721346064180 26574
233726346154695 26704
233731346289401 26713
233736346393944 26338
233741346566237 26785
233746346666666 27641
233751346811416 26920
233756346917550 26862
233761347036068 26354
233766347130955 27587
233771347221946 26553
233776347338818 26055
233781347469231 26620
233786347612205 27366
233791347707985 27088
233796347822573 27001
233801347932088 26628
233806348070703 26968
233811348183022 27519
233816348267147 27060
233821348388751 26865
233826348489993 26672
233831348580487 26204
233836348694672 26865
233841348793837 26426
233846348928817 26781
233851349053395 26999
233856349145483 26538
233861349237251 27565
233866349348274 26918
233871349435556 26910
233876349589553 25982
233881349683468 27129
233886349776426 26488
233891349893296 26531
233896350027321 27521
233901350149301 26159
233906350245044 26481
