230280194250902 19832
230285194548185 18145
230290194647195 17674
230295194765783 17863
230300194932698 14513
230305195084504 12590
230310195231421 13480
230315195371025 12573
230320195489640 17102
230325195617925 10702
230330195727592 9873
230335195840716 16710
230340195950214 12479
230345196073235 7757
230350196196977 16090
230355196307508 8103
230360196450395 10155
230365196559844 11726
230370196673078 6547
230375196795211 17160
230380196886826 2585
230385197028984 16306
230390197129282 6204
230395197250469 12096
230400197356146 12708
230405197461429 6864
230410197564209 16611
230415197671916 7451
230420197808682 10852
230425197919521 11894
230430198042371 6359
230435198154591 14692
230440198274325 3570
230445198371158 13170
230450198477204 4917
230455198610566 17824
230460198713648 4541
230465198863281 13708
230470198984262 4026
230475199097733 14181
230480199201707 6374
230485199296631 11842
230490199408260 11533
230495199566802 6715
230500199672556 15893
230505199790553 4202
230510199929550 16020
230515200037201 6161
230520200150095 12077
230525200257052 12230
230530200361399 6075
230535200483513 16143
230540200585731 8935
230545200700964 11112
230550200813729 15727
230555200938270 3106
230560201089207 17320
230565201214737 10255
230570201344911 9534
230575201451780 16565
230580201544254 9707
230585201646751 9510
230590201757425 17051
230595201858815 11470
230600201964314 10631
230605202070482 14312
230610202172589 14781
230615202274276 11322
230620202387861 10334
230625202483485 17960
230630202589070 10900
230635202701079 11885
230640202809032 13585
230645202936549 13766
230650203044030 12199
230655203142504 12468
230660203267850 16020
230665203385794 12290
230670203498006 10892
230675203606791 13174
230680203719179 14585
230685203824994 9340
230690203926671 12422
230695204028626 17817
230700204159945 11891
230705204290056 8785
230710204393968 15874
230715204514138 14734
230720204615530 13211
230725204713908 12207
230730204852419 14347
230735204966607 16001
230740205133531 12331
230745205243710 11681
230750205391788 14472
230755205515668 15804
230760205613482 11732
230765205726659 11083
230770205824936 15809
230775205929820 12478
230780206023305 10050
230785206152815 13834
230790206247134 14803
230795206346998 11398
230800206434048 10727
230805206567973 17433
230810206675441 11964
230815206785564 10904
230820206888235 13556
230825206996114 16813
230830207095816 9331
230835207192254 11235
230840207299490 17041
230845207401981 13401
230850207509056 7657
230855207643234 15238
230860207778956 8942
230865207890071 10171
230870207999217 17186
230875208159020 11052
230880208250363 10371
230885208380323 14946
230890208475661 12606
230895208578461 8252
230900208673375 15423
230905208765732 12636
230910208863102 7797
230915208970049 15880
230920209085492 11358
230925209194445 10486
230930209328267 14534
230935209438042 14933
230940209539814 9804
230945209638980 11618
230950209745894 15330
230955209866428 11561
230960209974704 10007
230965210088033 17426
230970210180691 10781
230975210292425 10292
230980210393411 15280
230985210511928 9853
230990210614480 10434
230995210718755 15999
231000210820052 11357
231005210912938 9822
231010211024120 15165
231015211137020 10772
231020211241201 10872
231025211330765 14706
231030211422654 12562
231035211527878 10901
231040211627098 12922
231045211719508 17278
231050211811111 10281
231055211908671 11492
231060212050038 15328
231065212167508 13508
231070212271217 10194
231075212374659 12667
231080212467189 15738
231085212578851 9997
231090212676302 10627
231095212783629 13460
231100212892984 9651
231105212988162 13137
231110213094727 14126
231115213196122 9493
231120213309632 12703
231125213402495 13658
231130213515747 9130
231135213673100 13496
231140213779454 12066
231145213896367 7966
231150214009546 16210
231155214115570 10308
231160214219685 9398
231165214330809 16617
231170214447776 9273
231175214567578 9050
231180214678940 13292
231185214818814 7738
231190214926420 15122
231195215028642 10441
231200215134427 9626
231205215250287 16243
231210215374746 10869
231215215475551 8900
231220215602756 16581
231225215697732 11456
231230215791769 8677
231235215888745 16136
231240216018550 8259
231245216192116 10079
231250216312895 17005
231255216419587 5617
231260216524890 13563
231265216623887 11439
231270216718438 8888
231275216828257 15966
231280216941294 10233
231285217095258 8079
231290217190676 15921
231295217308560 10022
231300217413362 10315
231305217514893 12638
231310217626304 5647
231315217737846 17450
231320217841766 7913
231325217932876 10819
231330218026395 16342
231335218116534 8815
231340218208524 11144
231345218304527 15999
231350218405299 10546
231355218500560 9813
231360218592632 16267
231365218707952 8931
231370218811197 11092
231375218906362 16455
231380219004080 8017
231385219145555 11811
231390219244966 14399
231395219365434 10754
231400219505484 11187
231405219671926 16765
231410219788108 10518
231415219896824 10477
231420219999016 16581
231425220140073 10702
231430220248599 8344
231435220346823 17254
231440220448764 7949
231445220613525 10340
231450220716892 14765
231455220847127 9310
231460220961597 12266
231465221063081 16480
231470221172528 11455
231475221281434 8807
231480221370813 16548
231485221463961 8020
231490221599777 11293
231495221700640 17272
231500221800307 8747
231505221897810 10921
231510222003747 17138
231515222108474 8888
231520222211683 9717
231525222306365 17662
231530222402840 8313
231535222496334 10283
231540222592439 15584
231545222697842 9606
231550222849421 11068
231555223002726 14553
231560223107565 8797
231565223221425 12983
231570223316550 17206
231575223442236 10605
231580223546256 8589
231585223662074 16334
231590223755628 8688
231595223848169 11237
231600223938889 15838
231605224036178 10282
231610224132195 10193
231615224222851 15058
231620224332232 8324
231625224466744 12890
231630224555339 14947
231635224668823 10300
231640224774583 11078
231645224873326 16170
231650224968425 8964
231655225065941 11395
231660225186970 17868
231665225285742 9936
231670225384108 9917
231675225480261 16467
231680225599746 11067
231685225696360 13036
231690225823717 12339
231695225931578 16991
231700226027514 12164
231705226116007 9474
231710226253849 15762
231715226352863 10946
231720226444577 8555
231725226538559 16710
231730226634579 6033
231735226728637 12267
231740226842271 12916
231745226959251 10871
231750227098231 12516
231755227187661 14996
231760227311388 6437
231765227446188 14804
231770227543978 8678
231775227704673 9619
231780227809593 16014
231785227907550 9496
231790228039907 10769
231795228136183 16879
231800228219253 7037
231805228313490 12398
231810228409000 14165
231815228513084 10196
231820228706354 11929
231825228805516 16540
231830228901513 9743
231835229021663 10028
231840229117377 17216
231845229216636 7834
231850229361747 11314
231855229458275 17198
231860229552813 8330
231865229721899 10737
231870229840843 17988
231875229961109 10550
231880230117983 7877
231885230215818 17243
231890230307041 6196
231895230406533 12724
231900230509135 11095
231905230609572 8760
231910230713409 16371
231915230806343 10411
231920230912388 9010
231925231004627 16894
231930231100490 9729
231935231246705 8931
231940231363910 17649
231945231460544 8446
231950231549481 9867
231955231634026 16914
231960231735340 9822
231965231856768 9584
231970231952442 16100
231975232050760 8906
231980232184776 11276
231985232282072 15230
231990232381783 7161
231995232507298 13866
232000232616336 11087
232005232715073 7871
232010232827431 17218
232015232929253 6008
232020233036602 12316
232025233130962 11650
232030233280862 6659
232035233392638 17884
232040233498717 7504
232045233614635 10776
232050233715889 14744
232055233829366 8471
232060233925155 13067
232065234017826 13305
232070234121420 9110
232075234255286 13877
