256279256209226 9138
256284256409528 15550
256289256541354 15721
256294256639162 15830
256299256737291 16599
256304256830724 16624
256309256934097 16515
256314257057391 16570
256319257155085 16994
256324257271608 16698
256329257370123 16244
256334257473402 16795
256339257592906 17331
256344257691896 17659
256349257798241 18038
256354257894380 17744
256359257981970 17782
256364258076527 18313
256369258159110 18509
256374258242913 18454
256379258342975 18790
256384258426612 19502
256389258512386 19012
256394258593916 19193
256399258683972 19669
256404258770431 19585
256409258853728 19617
256414258940227 19623
256419259032324 19185
256424259128479 19906
256429259224153 19887
256434259312259 19555
256439259396086 19449
256444259508486 19534
256449259598252 19740
256454259689184 20310
256459259786853 19573
256464259881574 19861
256469259972931 19719
256474260071838 20065
256479260182285 20375
256484260266593 21082
256489260354090 21402
256494260435352 20139
256499260521353 19911
256504260741490 20055
256509260830323 19893
256514260921198 20534
256519261005701 20496
256524261087440 20311
256529261175630 20026
256534261277362 20463
256539261364110 20033
256544261470130 20406
256549261557910 20781
256554261658786 20236
256559261755035 20621
256564261842138 20699
256569261936995 20542
256574262030204 20479
256579262140557 20113
256584262242350 20615
256589262338593 20338
256594262445734 20574
256599262530157 20135
256604262635765 20073
256609262726582 20262
256614262828822 20337
256619262930658 20623
256624263025987 20385
256629263114861 20144
256634263207032 20509
256639263321466 20219
256644263415069 20210
256649263505358 20100
256654263593067 20566
256659263693414 19924
256664263791294 20535
256669263891750 20859
256674263983327 20193
256679264083606 20289
256684264188960 20324
256689264287679 20113
256694264373377 19916
256699264461993 20074
256704264554246 19975
256709264644426 20209
256714264733874 20180
256719265116709 20285
256724265226403 20393
256729265312182 20275
256734265402484 20293
256739265495229 20372
256744265589796 20201
256749265695336 20127
256754265784267 20544
256759265886555 20553
256764265975913 20300
256769266076919 20483
256774266191349 20237
256779266282360 20452
256784266372852 20038
256789266468321 20356
256794266571302 20757
256799266677272 20583
256804266760776 20431
256809266855004 20230
256814266948858 20282
256819267034516 20489
256824267125611 20184
256829267222576 20212
256834267330613 20335
256839267422264 19955
256844267512876 20074
256849267605057 20238
256854267694964 20505
256859267783059 19894
256864267871123 20006
256869267958521 20327
256874268042337 20193
256879268126829 20199
256884268211885 19891
256889268304019 20031
256894268395045 20197
256899268487385 20143
256904268588747 20489
256909268699076 20351
256914268787109 20275
256919268875214 20289
256924268983991 20395
256929269083139 20459
256934269177161 20178
256939269264319 20686
256944269353681 20414
256949269454624 20067
256954269550356 20467
256959269643163 20349
256964269731354 20286
256969269823202 20324
256974269911605 20328
256979270023859 20541
256984270110044 20470
256989270231133 20216
256994270320788 20443
256999270405463 20490
257004270494504 20562
257009270586512 20652
257014270683672 20291
257019270794624 20298
257024270881562 20160
257029270967657 20333
257034271070497 20534
257039271157414 20552
257044271249894 20869
257049271338447 20541
257054271438597 20384
257059271521258 20552
257064271617918 20463
257069271701733 20304
257074271786203 20505
257079271877537 20214
257084271977028 20101
257089272088978 20516
257094272183124 20428
257099272267822 20769
257104272395846 20650
257109272493115 21085
257114272592750 20586
257119272683494 20346
257124272767709 20245
257129272857112 20534
257134272952741 20361
257139273045573 20454
257144273132777 20208
257149273239025 20613
257154273356344 20595
257159273461831 20508
257164273556039 20190
257169273650039 20646
257174273764395 20608
257179273859243 20238
257184273958937 20396
257189274048015 20269
257194274138056 20594
257199274241939 20275
257204274336246 20384
257209274429417 20902
257214274554447 20909
257219274654615 20990
257224274740359 20616
257229274846141 20848
257234274963162 20971
257239275050239 20823
257244275145213 20569
257249275232385 20514
257254275323478 20541
257259275416588 20377
257264275517940 20620
257269275602565 20670
257274275702678 21056
257279275788745 20534
257284275916560 21151
257289276029982 20444
257294276115956 20334
257299276211086 20844
257304276310372 20745
257309276417862 21120
257314276507057 20559
257319276613218 20996
257324276711319 20281
257329276801986 21022
257334276889718 20314
257339276979790 20446
257344277075171 20906
257349277165575 20649
257354277257779 20801
257359277369329 20760
257364277462835 20777
257369277557005 20985
257374277649893 20493
257379277737523 20464
257384277832692 21121
257389277952548 20476
257394278046370 20213
257399278145534 21123
257404278231423 21214
257409278337499 21304
257414278421662 20846
257419278512847 21220
257424278621516 21145
257429278719005 20954
257434278821718 20662
257439278938285 20867
257444279040492 20512
257449279132310 20895
257454279224355 20387
257459279375097 20767
257464279476666 20992
257469279567637 20523
257474279688408 21150
257479279776295 21384
257484279887275 21150
257489279982382 21435
257494280072796 20643
257499280197434 20900
257504280291353 20865
257509280383113 21413
257514280484552 21195
257519280571603 20838
257524280654820 21121
257529280745047 21417
257534280846714 21123
257539280944583 21354
257544281046472 20935
257549281145174 21349
257554281246014 20984
257559281365484 21043
257564281461902 21152
257569281553157 21109
257574281646869 21071
257579281743974 21427
257584281830038 20665
257589281922125 21692
257594282016887 20840
257599282102698 21011
257604282195673 21280
257609282302606 21674
257614282421193 21143
257619282513214 21539
257624282603471 21302
257629282703562 21224
257634282798967 21327
257639282891980 21000
257644282993905 21594
257649283078949 21073
257654283170133 20981
257659283279550 21161
257664283410824 21440
257669283535649 21184
257674283632982 21271
257679283724266 21146
257684283823542 20942
257689283919264 21342
257694284016647 21435
257699284114848 21457
257704284221019 21093
257709284345102 21053
257714284437183 20393
257719284526291 21379
257724284618907 21678
257729284708439 21219
257734284810297 21448
257739284903953 21197
257744285000331 21204
257749285089999 21244
257754285177280 21430
257759285282476 21589
257764285373143 21231
257769285461321 21450
257774285569151 20722
257779285687038 20987
257784285781494 21592
257789285875945 20413
257794285961413 21862
257799286056351 21297
257804286147371 21442
257809286235584 21374
257814286327435 21268
257819286416224 21376
257824286510483 21527
257829286598742 21586
257834286711790 20851
257839286823864 21105
257844286919018 21444
257849287008211 20314
257854287105865 21068
257859287241048 21023
257864287351188 21441
257869287451092 21288
257874287554395 21277
257879287652391 21125
257884287739728 22243
257889287852287 21396
257894287947001 21162
257899288031633 21682
257904288143213 21762
257909288232617 21227
257914288319893 20846
257919288420056 21314
257924288537026 21372
257929288649192 21134
257934288762205 20936
257939288852510 21174
257944288980252 21065
257949289069977 20345
257954289163277 21415
257959289260773 21176
257964289377123 21081
257969289482164 21371
257974289573398 21169
257979289659154 21397
257984289748929 21160
257989289844384 21180
257994289960784 20861
257999290048747 21453
258004290149050 20664
258009290242939 21404
258014290378872 21232
258019290502628 21165
258024290610829 21279
258029290712995 21849
258034290806064 21562
258039290910568 21115
258044291018835 21275
258049291131069 21690
258054291222394 21894
258059291316137 20780
258064291413423 20910
258069291501060 21623
258074291601135 21814
