247048147144483 23418
247053147342843 24162
247058147508871 23080
247063147684586 23197
247068147843577 23244
247073147984936 21421
247078148131144 21707
247083148248775 22226
247088148365889 21151
247093148477915 22064
247098148590019 21687
247103148724382 21338
247108148875765 20754
247113149000009 21825
247118149120850 21676
247123149268186 22209
247128149406601 21968
247133149578473 21606
247138149726442 21537
247143149894807 20488
247148150039785 20886
247153150184163 20712
247158150331842 21726
247163150498737 21519
247168150638178 21942
247173150765908 20930
247178150896041 20741
247183151018778 21350
247188151147388 21119
247193151275457 21465
247198151400581 21559
247203151503895 21201
247208151623057 22048
247213151767131 22520
247218151927139 21862
247223152065202 22481
247228152241747 22293
247233152388458 22339
247238152543044 23256
247243152691077 22672
247248152840912 22386
247253152990730 22637
247258153116270 23379
247263153262969 22182
247268153414817 22424
247273153526477 22284
247278153663307 22168
247283153798972 21857
247288153939538 22318
247293154102118 21699
247298154244192 21938
247303154404443 20377
247308154533314 20782
247313154649465 21145
247318154766571 20990
247323154899356 23073
247328155011188 22789
247333155145782 22756
247338155312429 22441
247343155477052 22095
247348155623001 21752
247353155762912 22038
247358155889372 22472
247363156013811 22468
247368156177216 21921
247373156291367 21298
247378156448744 21235
247383156600711 21020
247388156742716 22142
247393156903610 22109
247398157060767 22360
247403157201487 21548
247408157333979 22709
247413157457472 21906
247418157621436 21694
247423157760796 21811
247428157913482 21249
247433158030215 20468
247438158164773 20415
247443158325983 21235
247448158479619 21608
247453158613281 22009
247458158740811 22046
247463158880685 22091
247468159024051 22186
247473159167249 21119
247478159313560 21078
247483159464498 20731
247488159597926 21359
247493159716775 22118
247498159864154 22752
247503160034796 22551
247508160197923 22010
247513160346790 22533
247518160487298 21951
247523160621947 21660
247528160789005 22651
247533160934526 21469
247538161073093 21518
247543161229177 20866
247548161395136 21071
247553161534649 21737
247558161709249 22336
247563161841558 21338
247568161963128 20387
247573162077653 20870
247578162202240 21229
247583162304248 21674
247588162427742 22232
247593162533818 20958
247598162651635 20569
247603162805274 22129
247608162903529 22365
247613163006334 22346
247618163105358 22412
247623163211269 21887
247628163341254 20163
247633163635739 20940
247638163784472 22185
247643163899757 22483
247648164054331 22447
247653164177515 20704
247658164296753 21331
247663164401258 22209
247668164502418 21867
247673164608474 22363
247678164749717 21352
247683164856048 20490
247688164964056 20497
247693165089180 19078
247698165319758 20527
247703165468814 20599
247708165606734 20532
247713165719260 20666
247718165842536 20629
247723165929373 20648
247728166037870 21891
247733166133687 22565
247738166290071 22912
247743166456274 21987
247748166585843 21824
247753166683487 20919
247758166781410 21340
247763166915747 23556
247768167022160 21897
247773167124681 21376
247778167263686 22058
247783167404096 22155
247788167504865 22113
247793167602576 22557
247798167703751 21746
247803167806088 21669
247808167922694 21515
247813168027190 21171
247818168165471 20991
247823168279292 21587
247828168400021 21343
247833168501075 20861
247838168619620 20938
247843168724164 20583
247848168827042 21150
247853168929125 22159
247858169031743 21664
247863169127988 21860
247868169270939 21666
247873169363936 20916
247878169469795 21550
247883169566970 22154
247888169676828 22688
247893169779381 22014
247898169883428 21764
247903169988670 22128
247908170136863 22423
247913170270660 22763
247918170376867 21676
247923170491310 22353
247928170602945 21948
247933170744226 21837
247938170878816 22065
247943171002226 22143
247948171092238 21850
247953171197564 21821
247958171302603 21509
247963171453344 20742
247968171573312 21107
247973171708849 20603
247978171813207 21189
247983171913990 22448
247988172029434 22658
247993172156044 21969
247998172299659 20005
248003172400443 19957
248008172500327 20304
248013172658578 20587
248018172765865 21437
248023172872442 21973
248028172974236 22355
248033173082634 22310
248038173187868 21871
248043173289616 22288
248048173382220 21346
248053173516433 21017
248058173647999 20744
248063173750015 21125
248068173854701 21434
248073173971966 22042
248078174118769 21715
248083174231597 22455
248088174332334 21977
248093174455285 21241
248098174583190 20816
248103174687652 20866
248108174793085 20501
248113174912264 20941
248118175009774 21546
248123175121279 20708
248128175217460 21532
248133175332336 21821
248138175426104 23420
248143175549397 22681
248148175642386 22004
248153175732855 21330
248158175828395 21017
248163175959891 21791
248168176104686 21954
248173176226541 21932
248178176348868 21932
248183176487432 21081
248188176625004 20958
248193176713662 21373
248198176815408 21456
248203176927245 20556
248208177018182 20714
248213177109872 21440
248218177201628 21572
248223177298610 22303
248228177387989 21360
248233177498211 20645
248238177593846 20719
248243177742462 20912
248248177870053 20885
248253177997663 21501
248258178104518 21478
248263178206499 21460
248268178295244 21856
248273178399916 21179
248278178496514 20915
248283178587334 20532
248288178705042 20950
248293178829732 18732
248298178971349 19904
248303179083462 20403
248308179201123 20346
248313179320429 19411
248318179458732 21179
248323179580412 22080
248328179674746 22476
248333179771807 22300
248338179864901 21359
248343179971804 19961
248348180096390 21713
248353180217721 23192
248358180337182 23001
248363180447988 22069
248368180548589 20295
248373180664227 20523
248378180819366 20242
248383180945614 20454
248388181039190 21670
248393181149425 22591
248398181271350 22548
248403181370627 21836
248408181470432 22794
248413181574418 21879
248418181668405 22039
248423181793500 21788
248428181911438 21761
248433182044311 22736
248438182160054 21800
248443182267067 20761
248448182377065 21344
248453182491951 21485
248458182590938 22022
248463182725700 22060
248468182832760 21887
248473182936197 22541
248478183044282 21507
248483183141786 22109
248488183272125 21814
248493183425592 21107
248498183536693 20646
248503183639172 19690
248508183751331 19865
248513183881796 20411
248518183987336 20679
248523184098136 21404
248528184230316 21334
248533184323037 21096
248538184431256 21312
248543184566884 21159
248548184696267 21568
248553184803005 21460
248558184912462 21766
248563185021615 22058
248568185129132 22550
248573185236335 22592
248578185341558 22101
248583185448544 22096
248588185591597 21522
248593185722032 21587
248598185858778 22359
248603185998006 21559
248608186128549 21523
248613186279176 20869
248618186423471 21585
248623186513461 22085
248628186605603 22506
248633186726063 22297
248638186816196 21403
248643186907012 20359
248648187027070 20801
248653187153502 21147
248658187246760 22787
248663187356215 22579
248668187446995 22324
248673187537542 21136
248678187663521 21203
248683187758027 23132
248688187849869 22004
248693188028005 22175
248698188158083 22478
248703188290063 21681
248708188436970 22740
248713188552449 22658
248718188652956 21983
248723188771490 22143
248728188891997 22148
248733189013403 21404
248738189108374 21408
248743189209215 20377
248748189314803 20719
248753189476771 19839
248758189591087 22772
248763189699649 19914
248768189803325 18606
248773189889402 17532
248778189978866 20816
248783190070995 17510
248788190195183 18487
248793190288044 22547
248798190386105 19213
248803190492063 19811
248808190626181 18038
248813190751273 24125
248818190844900 18877
248823190968478 17434
248828191113490 18850
248833191232054 21425
248838191325268 15834
248843191419207 17306
