254447820795762 9923
254452821069362 8520
254457821203542 6297
254462821324315 7114
254467821440208 7059
254472821599107 1586
254477821718211 8341
254482821873255 185
254487822022341 8317
254492822116596 942
254497822293911 7609
254502822409169 1916
254507822558899 6584
254512822672722 3804
254517822792308 4696
254522822900914 3912
254527823079880 4544
254532823197264 3184
254537823316657 5294
254542823416543 3261
254547823583091 5218
254552823695456 2489
254557823842961 5960
254562824022798 2373
254567824180777 6089
254572824323598 185
254577824464839 8250
254582824666446 185
254587824794705 8267
254592824912182 185
254597825040355 8281
254602825202362 185
254607825351415 8321
254612825457661 2190
254617825588846 6312
254622825749337 5808
254627825922685 2698
254632826075379 8375
254637826190227 1942
254642826392967 6541
254647826530867 2338
254652826688872 6167
254657826813885 5618
254662827023690 2890
254667827158950 6476
254672827321114 1996
254677827466005 7359
254682827696004 1126
254687827857026 3942
254692828022720 4489
254697828125633 5469
254702828256221 3017
254707828366278 3682
254712828479787 4723
254717828623115 3288
254722828743382 5218
254727828843249 5386
254732828981703 3098
254737829101300 8186
254742829227431 312
254747829344661 7238
254752829472138 1211
254757829569920 7472
254762829676417 1008
254767829784922 8292
254772829910301 188
254777830008703 8305
254782830138261 185
254787830259351 8287
254792830391342 173
254797830499671 8325
254802830621943 1212
254807830755418 7260
254812830860963 2095
254817831035347 6394
254822831136604 2700
254827831268656 5780
254832831394786 563
254837831539796 7843
254842831693753 1060
254847831829332 7444
254852831943663 3278
254857832054555 5220
254862832168660 5792
254867832281283 2718
254872832390092 4647
254877832507152 3797
254882832614983 3394
254887832713902 5048
254892832827390 4004
254897833009459 4482
254902833129769 5803
254907833236228 2691
254912833363434 7662
254917833509072 829
254922833616705 8314
254927833753591 1334
254932833851509 7200
254937833960126 3011
254942834064010 5476
254947834167375 4017
254952834270102 4467
254957834378872 6583
254962834482255 1917
254967834579872 8329
254972834708821 655
254977834837165 7863
254982834935218 2865
254987835030422 5601
254992835135482 5389
254997835248992 3166
255002835349001 7898
255007835489925 618
255012835602178 8284
255017835703882 1738
255022835805761 6786
255027835921327 3670
255032836047481 4830
255037836140179 6583
255042836234046 1953
255047836361014 8304
255052836470295 504
255057836623485 8014
255062836723435 3366
255067836840415 5142
255072836953894 6426
255077837072631 2092
255082837180347 8142
255087837314386 347
255092837428412 8291
255097837531960 1213
255102837695074 7297
255107837798221 2835
255112837888314 5654
255117837991608 3247
255122838109055 5236
255127838218501 5002
255132838329885 3491
255137838486704 4500
255142838656435 3981
255147838755158 6892
255152838876809 1593
255157838972554 8333
255162839061880 727
255167839166296 7760
255172839268498 2713
255177839413130 5828
255182839526860 4143
255187839635501 4359
255192839740812 5872
255197839851793 2582
255202839951857 7657
255207840067089 844
255212840213364 8331
255217840360877 1521
255222840511137 6977
255227840605987 5054
255232840760933 3464
255237840860126 8155
255242841022001 399
255247841133045 8281
255252841242570 359
255257841339514 8159
255262841463329 3295
255267841579871 5212
255272841709740 6320
255277841814205 2189
255282841932528 8349
255287842047036 1956
255292842274668 6591
255297842389345 5686
255302842520590 2819
255307842641135 8353
255312842763759 2312
255317842882271 6214
255322842995797 4910
255327843160500 3581
255332843278801 6540
255337843466717 1971
255342843582664 8309
255347843697881 785
255352843837870 7727
255357843932764 3759
255362844097656 4762
255367844214220 4094
255372844317673 4382
255377844447875 7223
255382844589508 1309
255387844719803 8306
255392844838148 1431
255397844993873 7081
255402845125232 3590
255407845282196 4928
255412845415898 6698
255417845528430 1839
255422845638982 8327
255427845749076 1091
255432845915960 7403
255437846012663 2687
255442846141505 5790
255447846249293 1363
255452846356313 7087
255457846467233 3921
255462846636020 4595
255467846750099 5246
255472846885244 3224
255477846985340 5269
255482847131992 3211
255487847230913 4916
255492847345522 3562
255497847473179 1984
255502847575768 6850
255507847678948 185
255512847809117 8671
255517847942421 185
255522848052393 7868
255527848220084 955
255532848317438 4579
255537848416960 4230
255542848568004 185
255547848699889 8617
255552848823008 185
255557848939781 5240
255562849078951 3577
255567849185933 1146
255572849283414 7689
255577849382655 185
255582849483631 8665
255587849622594 179
255592849727600 5755
255597849888155 3114
255602850000588 2162
255607850147615 6666
255612850282729 182
255617850392467 6733
255622850528181 2033
255627850635513 172
255632850740308 8607
255637850851360 185
255642850968166 4175
255647851095202 4597
255652851221453 187
255657851323798 8574
255662851504894 185
255667851621265 968
255672851736073 7791
255677851842803 188
255682851938650 1654
255687852078856 7100
255692852177181 189
255697852273037 4269
255702852399454 4446
255707852513743 185
255712852615978 5125
255717852894284 3633
255722853063333 185
255727853173292 8550
255732853325592 189
255737853422616 2591
255742853527904 6211
255747853646621 185
255752853766972 189
255757853915617 8411
255762854040250 185
255767854174659 190
255772854277382 8545
255777854431698 185
255782854577042 188
255787854719242 8528
255792854858296 188
255797854962679 1191
255802855072835 7515
255807855205606 189
255812855346182 185
255817855446053 6725
255822855609324 1904
255827855788435 188
255832855920868 8521
255837856019251 177
255842856123211 187
255847856226238 8564
255852856367217 182
255857856494306 185
255862856593053 7543
255867856695033 1118
255872856800008 172
255877856912348 6709
255882857052991 2008
255887857186344 182
255892857285565 8014
255897857394296 706
255902857507364 175
255907857627141 8555
255912857744304 185
255917857857685 189
255922857992461 8567
255927858094715 189
255932858226690 185
255937858333275 8491
255942858491355 185
255947858628730 185
255952858740068 5774
255957858882705 2833
255962859032341 185
255967859144567 4598
255972859276018 4101
255977859423307 185
255982859529529 5076
255987859649123 3646
255992859763347 188
255997859864172 2780
256002859992865 5889
256007860135706 185
256012860257443 3914
256017860364520 4806
256022860508386 185
256027860622174 188
256032860752393 8412
256037860937339 186
256042861036123 185
256047861137162 7251
256052861263659 1429
256057861402966 185
256062861512932 8089
256067861613063 577
256072861734401 188
256077861831528 3934
256082861938878 4738
256087862051891 185
256092862173438 1484
256097862301891 7145
256102862403682 188
256107862530664 1320
256112862639893 7437
256117862762322 185
256122862855613 3064
256127862989383 5632
256132863087128 182
256137863197215 6098
256142863328687 2658
256147863451230 182
256152863559385 8590
256157863668601 185
256162863774135 459
256167863883404 8304
256172864044293 185
256177864144085 3768
256182864252109 4978
256187864373576 191
256192864469696 1682
256197864566745 6972
256202864708181 185
256207864820058 3714
256212864916904 5036
256217865042865 188
256222865137333 5503
256227865248753 3199
256232865339118 185
256237865425171 8557
256242865552683 209
