248875449792526 18267
248880449938816 20265
248885450081867 22622
248890450190703 23243
248895450296310 23922
248900450432930 24363
248905450552089 24518
248910450649564 25169
248915450752150 25058
248920450840263 25883
248925450930425 25752
248930451044650 25249
248935451140474 25561
248940451229267 25661
248945451327509 25533
248950451423636 25964
248955451530946 25307
248960451621051 25921
248965451710027 25625
248970451819339 25043
248975451911523 25920
248980452019285 24842
248985452110999 25387
248990452199428 25376
248995452304235 25133
249000452395603 25527
249005452514426 25381
249010452619942 26322
249015452728091 25753
249020452832169 24698
249025452932819 25395
249030453020412 25717
249035453112124 25890
249040453203228 26122
249045453294084 26416
249050453388843 25787
249055453473828 25946
249060453560625 26001
249065453649466 26552
249070453755348 25623
249075453848970 26305
249080453953215 26536
249085454072648 25688
249090454180595 26548
249095454273478 26319
249100454401621 25598
249105454491050 26002
249110454588638 25718
249115454678055 25872
249120454769681 26301
249125454883770 26071
249130454990446 26596
249135455081455 26096
249140455189681 25542
249145455283190 26160
249150455373908 26429
249155455464250 26402
249160455569956 26545
249165455695530 26469
249170455804569 25958
249175455910610 25549
249180456011285 26820
249185456109541 26515
249190456200349 25671
249195456285432 26069
249200456381973 27363
249205456469479 26392
249210456561452 26221
249215456651052 25980
249220456735431 25608
249225456823720 26449
249230456925623 26014
249235457029296 26600
249240457253389 26053
249245457358028 26556
249250457444922 26395
249255457532793 25957
249260457624013 25493
249265457724481 25634
249270457843473 26116
249275457935438 26792
249280458027292 25862
249285458119000 26474
249290458216246 26368
249295458306559 26137
249300458399499 26270
249305458508376 26368
249310458604127 26233
249315458703755 25759
249320458793025 25806
249325458904299 26509
249330458999254 26651
249335459082422 26508
249340459194901 25964
249345459288730 25974
249350459386903 26047
249355459477007 26418
249360459570224 26277
249365459662405 25867
249370459753755 26197
249375459864704 26220
249380459977260 25250
249385460113915 26262
249390460205637 27027
249395460295153 25960
249400460392748 26378
249405460476846 26356
249410460567242 25940
249415460652772 26307
249420460739487 25666
249425460843027 26632
249430460978701 26038
249435461104274 26300
249440461201208 26024
249445461288913 26358
249450461394195 26606
249455461492544 26216
249460461581420 25588
249465461672990 26248
249470461778454 26228
249475461879275 25928
249480461990130 26344
249485462080299 26713
249490462186431 26298
249495462286134 25942
249500462390060 25916
249505462490435 25914
249510462590932 25749
249515462698244 26910
249520462793682 26549
249525462894233 26116
249530462996702 25827
249535463096870 26004
249540463218468 26638
249545463336412 25403
249550463508359 26028
249555463618220 25707
249560463736102 26216
249565463842742 26784
249570463962412 26215
249575464019952 26612
249580464105553 27011
249585464216986 25437
249590464313570 25889
249595464415951 26945
249600464510591 26167
249605464616022 25512
249610464702699 26804
249615464790947 26555
249620464879523 25381
249625464970996 25642
249630465062602 25769
249635465175557 26078
249640465282664 25724
249645465426412 26285
249650465523362 26172
249655465615025 25772
249660465737800 25799
249665465872615 25376
249670465967829 26352
249675466079375 25626
249680466198495 26488
249685466285608 26653
249690466382599 25858
249695466468951 25857
249700466580370 26843
249705466671873 26648
249710466766646 26318
249715466875649 26146
249720466977124 26033
249725467076363 26196
249730467174100 26389
249735467288066 25949
249740467392491 26730
249745467490381 26498
249750467615055 24942
249755467740939 26586
249760467832609 26204
249765467944806 26276
249770468033861 26629
249775468160560 25993
249780468276376 25734
249785468362321 25602
249790468452412 25851
249795468542933 26634
249800468637121 26491
249805468748387 25362
249810468846319 26600
249815468949076 26166
249820469052016 25682
249825469154145 26366
249830469281049 26013
249835469386618 26443
249840469490849 26606
249845469602660 26224
249850469703487 26424
249855469799282 24534
249860469888942 26103
249865470000245 26218
249870470096063 26066
249875470198736 25667
249880470310194 26053
249885470419974 26524
249890470513336 26479
249895470598846 25941
249900470710807 25192
249905470832669 25498
249910470936011 26648
249915471030375 25778
249920471121119 25646
249925471216338 26940
249930471307998 26043
249935471426283 26247
249940471520929 27076
249945471613068 26085
249950471703728 26408
249955471810370 26438
249960471905673 26252
249965472007898 26449
249970472135423 27000
249975472239151 26913
249980472350542 26719
249985472476389 25902
249990472603408 25914
249995472696642 25353
250000472788212 27115
250005472940131 25385
250010473050930 25690
250015473142024 25262
250020473231718 25475
250025473324125 26073
250030473415598 26422
250035473513159 26347
250040473608025 26144
250045473694063 25014
250050473812569 26954
250055473932114 26611
250060474037688 25762
250065474137603 25843
250070474242062 26032
250075474362018 25479
250080474456803 26142
250085474546235 25910
250090474634499 25094
250095474724012 25693
250100474809556 26432
250105474937896 26107
250110475029826 25989
250115475120567 25741
250120475218448 25860
250125475320165 26006
250130475416174 26717
250135475512191 26458
250140475614219 26417
250145475702673 26369
250150475788771 25442
250155475901152 26285
250160476016930 26037
250165476101147 26701
250170476205267 26903
250175476286152 26268
250180476379126 26188
250185476490461 26111
250190476593438 26630
250195476716855 26374
250200476807081 26223
250205476903048 26020
250210476997374 25919
250215477092401 26510
250220477179706 26207
250225477265082 26028
250230477357871 25807
250235477451953 25295
250240477553059 25984
250245477667744 27153
250250477771872 26513
250255477875446 26316
250260477998861 25336
250265478082822 26200
250270478169829 25991
250275478293333 25888
250280478385967 25817
250285478469637 26016
250290478565474 25508
250295478670873 25618
250300478767065 25863
250305478887552 24957
250310479010544 25558
250315479131676 26611
250320479222191 26591
250325479355577 26317
250330479484467 25843
250335479589292 26349
250340479691805 25981
250345479794586 25262
250350479900614 26258
250355480021757 26612
250360480128498 26797
250365480219170 25877
250370480340300 25745
250375480444637 26567
250380480536872 25576
250385480643379 26068
250390480734612 25741
250395480826635 25648
250400480935379 26183
250405481061423 26268
250410481152344 26434
250415481261239 26128
250420481371226 26147
250425481478012 26432
250430481577848 26631
250435481684850 26373
250440481784004 26639
250445481899323 25880
250450482005402 25951
250455482142518 26325
250460482262442 25336
250465482365482 25989
250470482478894 27130
250475482570637 26027
250480482659500 26426
250485482763701 26763
250490482849735 25351
250495482945732 26673
250500483049493 26825
250505483166873 26405
250510483250072 26027
250515483335947 26641
250520483419244 26221
250525483518464 26126
250530483640144 26151
250535483749844 26076
250540483850718 26175
250545483953940 25529
250550484057478 26144
250555484155209 25977
250560484264655 25795
250565484369273 26864
250570484468189 25759
250575484564483 25736
250580484663168 25111
250585484749740 26541
250590484853357 26014
250595484954609 26997
250600485040444 26137
250605485132284 25742
250610485257956 25952
250615485373454 25482
250620485471496 26150
250625485583816 26226
250630485683394 26417
250635485781153 26441
250640485882161 26578
250645485978088 25869
250650486069571 26083
250655486173446 26115
250660486276719 25710
250665486364071 26529
250670486476892 26804
