37447879230734 48
37452879364779 60
37457879487002 70
37462879612246 76
37467879734263 82
37472879853339 85
37477879975341 89
37482880112288 101
37487880247218 103
37492880340492 111
37497880470775 107
37502880599839 119
37507880729157 127
37512880858738 126
37517880983700 128
37522881130069 136
37527881311780 137
37532881434000 145
37537881578416 143
37542881702598 147
37547881858269 150
37552881998014 151
37557882139123 164
37562882275518 158
37567882412870 151
37572882554104 158
37577882673112 163
37582882784098 167
37587882900945 168
37592883018004 170
37597883140916 175
37602883245763 174
37607883363370 180
37612883478155 179
37617883591404 183
37622883706053 182
37627883828746 186
37632883951248 188
37637884061234 190
37642884157367 195
37647884273940 204
37652884380222 192
37657884492217 205
37662884624330 209
37667884742949 203
37672884846143 205
37677884958037 221
37682885070418 238
37687885182821 227
37692885293251 216
37697885405508 222
37702885519277 236
37707885624936 224
37712885737717 225
37717885854310 227
37722885957018 233
37727886063792 238
37732886171669 233
37737886277007 245
37742886361998 241
37747886480455 263
37752886586878 251
37757886691195 244
37762886800663 259
37767886915351 267
37772887028512 257
37777887141587 271
37782887257511 268
37787887369488 267
37792887482838 282
37797887600322 260
37802887713883 290
37807887833316 285
37812887950891 288
37817888064492 302
37822888173293 302
37827888295886 305
37832888403697 299
37837888476503 313
37842888581996 313
37847888697951 314
37852888805700 296
37857888911766 303
37862889034703 315
37867889144859 330
37872889256684 323
37877889398881 333
37882889513872 332
37887889618864 318
37892889736845 333
37897889839600 340
37902889941804 337
37907890052666 359
37912890162135 342
37917890278014 360
37922890400098 351
37927890520803 358
37932890634400 373
37937890750184 365
37942890864725 372
37947890980984 372
37952891087791 371
37957891171853 384
37962891292083 373
37967891426705 384
37972891549562 383
37977891662503 390
37982891781548 390
37987891881365 403
37992891983414 392
37997892098074 395
38002892178145 431
38007892258028 413
38012892362185 430
38017892479720 436
38022892571942 438
38027892696632 431
38032892812048 433
38037892927807 461
38042893038425 449
38047893167384 445
38052893278721 457
38057893386371 454
38062893467091 456
38067893574403 476
38072893656348 478
38077893762980 492
38082893867411 488
38087893987265 494
38092894104109 515
38097894193420 492
38102894310269 499
38107894390132 514
38112894509207 523
38117894592158 529
38122894703877 497
38127894786345 518
38132894903741 544
38137895026591 533
38142895131701 539
38147895237664 515
38152895344887 564
38157895459726 559
38162895575938 558
38167895702075 569
38172895813808 575
38177895930537 558
38182896047387 589
38187896155669 575
38192896264389 587
38197896373953 614
38202896480994 608
38207896599049 621
38212896718680 626
38217896823550 650
38222896939828 630
38227897046727 654
38232897161750 649
38237897239976 665
38242897322298 635
38247897438060 675
38252897555393 683
38257897671892 699
38262897794315 722
38267897909754 680
38272898030925 714
38277898140477 673
38282898256997 693
38287898382570 703
38292898502141 700
38297898609427 745
38302898718381 803
38307898836519 770
38312898942631 797
38317899062297 760
38322899185711 798
38327899270070 833
38332899389648 779
38337899507359 779
38342899616823 837
38347899733386 837
38352899825760 852
38357899925078 916
38362900016434 851
38367900132378 881
38372900252551 900
38377900380587 929
38382900520348 896
38387900660700 936
38392900798517 925
38397900928859 920
38402901045749 995
38407901146739 980
38412901265341 970
38417901379048 1042
38422901463436 1083
38427901571547 1000
38432901683417 1038
38437901794222 1084
38442901933032 1099
38447902068595 1112
38452902221673 1154
38457902362174 1125
38462902466934 1107
38467902595727 1212
38472902720041 1226
38477902815115 1261
38482902942938 1289
38487903056414 1249
38492903185537 1358
38497903286513 1294
38502903413111 1325
38507903544311 1337
38512903645492 1370
38517903780278 1391
38522903905568 1467
38527904033685 1404
38532904138328 1566
38537904242663 1577
38542904371249 1593
38547904507902 1524
38552904648556 1680
38557904765523 1615
38562904866835 1725
38567904992654 1692
38572905123280 1737
38577905223386 1798
38582905322053 1771
38587905454289 1878
38592905577545 1907
38597905691225 2070
38602905816174 2075
38607905917450 2153
38612906013027 2181
38617906139015 2272
38622906267216 2381
38627906365138 2480
38632906464355 2550
38637906563794 2684
38642906690961 2714
38647906801458 2707
38652907912248 2823
38657908025666 3103
38662908147559 3073
38667908243191 3223
38672908341890 3260
38677908437651 3516
38682908568559 3566
38687908665844 3738
38692908783872 3722
38697908881232 3994
38702908978982 4305
38707909091438 4327
38712909211837 4484
38717909312796 4797
38722909410641 4882
38727909507367 5205
38732909617550 5018
38737909726532 5439
38742909841009 5498
38747909942264 5460
38752910041943 5640
38757910141568 5738
38762910236357 5789
38767910371674 5764
38772910471270 5841
38777910566594 5868
38782910663477 5801
38787910777991 5835
38792910875503 5808
38797911006885 5838
38802911119305 5870
38807911216344 5876
38812911313437 5894
38817911424087 5815
38822911539110 5789
38827911667209 5842
38832911774885 5911
38837911871202 5917
38842911965183 5849
38847912080413 5757
38852912174665 5788
38857912288877 5915
38862912394710 5836
38867912509128 5877
38872912626639 5892
38877912741870 5778
38882912850679 5771
38887912954137 5802
38892913050694 5850
38897913202993 5758
38902913298772 5769
38907913411106 5707
38912913508988 5549
38917913601871 5591
38922913744649 5706
38927913869507 5721
38932914000386 5690
38937914116170 5684
38942914214862 5573
38947914323433 5728
38952914437002 5561
38957914531332 5653
38962914633775 5594
38967914756811 5623
38972914866522 5625
38977914976113 5588
38982915090203 5733
38987915219906 5801
38992915331848 5795
38997915443098 5588
39002915553831 5738
39007915687755 5690
39012915792354 5683
39017915904962 5754
39022916021686 5745
39027916141743 5863
39032916259988 5882
39037916355434 5631
39042916452813 5512
39047916550280 5654
39052916646865 5736
39057916752338 5662
39062916887851 5697
39067916986021 5667
39072917091569 5656
39077917184710 5664
39082917330610 5663
39087917441107 5637
39092917552106 5756
39097917675519 5712
39102917773688 5700
39107917870667 5740
39112917999390 5828
39117918099271 5742
39122918232609 5635
39127918329406 5698
39132918456901 5693
39137918572296 5846
39142918683617 5769
39147918831067 5737
39152918934759 5801
39157919092474 5746
39162919187407 5750
39167919304331 5620
39172919386232 5584
39177919490370 5672
39182919600339 5641
39187919694567 5599
39192919786654 5672
39197919881996 5652
39202919996106 5632
39207920113244 5548
39212920209809 5644
39217920305697 5683
39222920428903 5609
39227920527642 5646
39232920654044 5653
39237920782477 5621
39242920915548 5625
