43289881123145 1643
43294881268348 1433
43299881411276 1187
43304881546835 925
43309881652388 1025
43314881780220 876
43319881896103 856
43324882032598 912
43329882134254 921
43334882260285 981
43339882367037 924
43344882479532 919
43349882580828 851
43354882680441 934
43359882765217 920
43364882880143 971
43369882998314 928
43374883111000 910
43379883262704 908
43384883388159 900
43389883491952 934
43394883558872 918
43399883640429 891
43404883747471 897
43409883868430 968
43414883961340 935
43419884062598 879
43424884162683 933
43429884282437 949
43434884410915 865
43439884511543 915
43444884662531 902
43449884771306 881
43454884871545 812
43459884998038 929
43464885126223 959
43469885224654 868
43474885350279 491
43479885479480 920
43484885603673 971
43489885714982 924
43494885790797 749
43499885895543 467
43504885991975 863
43509886087724 905
43514886183130 934
43519886280408 438
43524886373184 379
43529886473539 856
43534886570210 930
43539886703876 872
43544886844113 571
43549886983505 699
43554887088698 905
43559887183210 881
43564887277924 895
43569887375730 227
43574887479104 490
43579887574134 860
43584887705952 851
43589887812268 886
43594887950751 521
43599888061323 758
43604888187132 937
43609888285023 955
43614888380873 888
43619888503162 78
43624888626309 617
43629888753153 874
43634888852683 926
43639888965397 970
43644889095250 329
43649889189880 889
43654889291658 989
43659889387084 918
43664889516763 703
43669889653625 0
43674889756955 872
43679889872664 894
43684890004836 924
43689890131599 919
43694890229664 221
43699890351094 948
43704890442719 878
43709890567672 887
43714890666421 673
43719890773848 6
43724890868794 935
43729890982683 914
43734891071471 880
43739891184445 872
43744891279483 87
43749891401517 882
43754891503989 945
43759891595576 965
43764891694551 735
43769891818582 0
43774891922729 724
43779892016808 925
43784892109826 903
43789892242429 929
43794892376521 100
43799892508789 766
43804892637876 906
43809892755859 936
43814892881032 925
43819892978557 61
43824893105853 615
43829893200538 941
43834893327207 943
43839893427542 888
43844893562133 191
43849893668304 507
43854893760763 903
43859893898424 934
43864893994771 921
43869894126219 327
43874894254556 418
43879894387724 883
43884894512539 935
43889894605162 945
43894894734667 421
43899894848351 376
43904894975593 953
43909895103791 919
43914895211916 922
43919895351092 409
43924895489662 188
43929895592331 923
43934895726909 861
43939895822920 986
43944895953575 635
43949896062343 63
43954896165819 879
43959896294908 853
43964896431187 914
43969896552800 871
43974896678943 0
43979896811637 921
43984896909206 908
43989897039224 834
43994897165053 926
43999897306591 7
44004897413588 552
44009897508463 933
44014897601479 933
44019897696263 972
44024897837652 211
44029897972829 724
44034898098119 907
44039898194468 939
44044898288364 943
44049898420537 65
44054898536670 353
44059898636433 903
44064898729607 888
44069898825490 973
44074898924006 475
44079899063119 607
44084899187501 969
44089899287549 940
44094899419240 938
44099899550340 129
44104899677099 254
44109899776746 901
44114899882186 925
44119899986293 920
44124900126512 593
44129900229910 359
44134900326157 945
44139900434260 924
44144900557881 902
44149900692590 472
44154900826192 1
44159900956436 928
44164901051357 907
44169901169332 950
44174901301025 792
44179901443918 0
44184901574061 863
44189901700350 903
44194901833302 933
44199901959786 894
44204902088294 0
44209902192805 431
44214902286697 897
44219902382410 945
44224902479230 912
44229902580840 395
44234902715978 372
44239902815301 941
44244902907687 913
44249903009739 950
44254903139837 417
44259903241725 155
44264903335827 930
44269903430095 952
44274903551924 939
44279903688446 626
44284903819335 0
44289903928523 856
44294904056879 978
44299904174266 963
44304904280140 782
44309904405664 0
44314904510929 347
44319904634998 898
44324904732875 916
44329904828335 952
44334904950762 482
44339905079295 123
44344905178934 951
44349905292947 934
44354905388899 942
44359905514556 629
44364905654668 0
44369905768401 812
44374905869115 953
44379905960863 925
44384906058134 903
44389906185775 0
44394906285689 479
44399906382452 907
44404906479378 947
44409906575656 887
44414906696078 382
44419906814508 654
44424906916181 904
44429907029970 927
44434907178151 892
44439907307109 201
44444907443097 814
44449907571975 967
44454907670579 940
44459907797586 873
44464907894106 289
44469907989016 988
44474908094376 901
44479908221063 878
44484908359103 526
44489908505414 266
44494908605383 901
44499908705180 926
44504908803745 958
44509908926568 543
44514909034674 517
44519909128380 933
44524909273432 938
44529909372744 984
44534909506703 208
44539909632858 546
44544909727878 921
44549909873353 893
44554909998405 915
44559910128457 327
44564910244492 949
44569910342542 911
44574910442403 924
44579910571189 808
44584910703980 1
44589910803775 933
44594910900705 931
44599911025621 977
44604911156544 737
44609911264943 494
44614911371875 886
44619911485533 870
44624911599044 952
44629911704177 389
44634911813504 757
44639911915617 877
44644912020299 968
44649912135877 974
44654912282118 363
44659912385976 924
44664912536217 913
44669912679166 927
44674912762626 475
44679912889860 415
44684913037356 877
44689913136912 930
44694913252871 920
44699913314780 448
44704913446986 768
44709913547946 936
44714913645389 877
44719913778071 871
44724913928793 130
44729914048820 813
44734914156608 954
44739914302139 985
44744914429310 842
44749914539330 247
44754914634897 916
44759914732129 899
44764914855007 932
44769914964447 582
44774915071184 440
44779915196485 868
44784915295298 929
44789915427108 870
44794915564247 494
44799915698037 579
44804915827022 917
44809915929176 973
44814916072248 923
44819916193824 200
44824916350232 861
44829916450036 914
44834916546145 917
44839916669754 887
44844916777112 14
44849916901855 945
44854917008607 901
44859917134532 936
44864917267504 798
44869917377603 377
44874917471337 956
44879917563396 880
44884917675731 947
44889917775551 414
44894917904325 685
44899918025837 922
44904918132875 919
44909918260000 884
44914918384218 425
44919918488091 931
44924918591712 934
44929918726619 929
44934918863804 566
44939918981909 165
44944919085516 911
44949919189020 906
44954919317860 964
44959919442989 632
44964919552048 637
44969919651397 920
44974919762952 937
44979919890411 926
44984919992244 174
44989920099199 650
44994920227438 930
44999920355734 907
45004920486643 894
45009920584991 359
45014920676790 904
45019920800901 988
45024920903439 937
45029921027659 611
45034921155988 114
45039921256626 975
45044921358320 892
45049921471622 1022
45054921610359 589
45059921719981 397
45064921835191 952
45069921936892 962
45074922073925 983
45079922213683 284
45084922314946 482
