45108458465015 85
45113458623748 177
45118458774299 225
45123458896849 295
45128459043314 337
45133459185897 389
45138459342427 419
45143459512686 463
45148459671109 459
45153459835696 517
45158459986069 536
45163460154341 581
45168460287596 619
45173460433955 670
45178460569481 694
45183460707553 767
45188460842942 804
45193460976967 890
45198461104948 972
45203461237141 1068
45208461378319 1190
45213461520363 1298
45218461654487 1497
45223461786195 1589
45228461916399 1886
45233462055542 2175
45238462196612 2356
45243462325663 2894
45248462464815 3671
45253462561263 4155
45258462689886 5223
45263462803321 6613
45268462900668 7575
45273463035992 9118
45278463124187 11618
45283463234651 12706
45288463367258 15101
45293463502916 16239
45298463591638 17572
45303463719233 20218
45308463852340 20827
45313463957654 20882
45318464102269 20774
45323464205176 20893
45328464306864 20629
45333464416975 21135
45338464553389 20650
45343464673895 20959
45348464757315 20918
45353464848119 20812
45358464930937 20640
45363465042599 20974
45368465161891 20996
45373465250518 20981
45378465336600 20929
45383465435163 20745
45388465515982 20987
45393465645628 21004
45398465732447 20945
45403465857502 21049
45408465978127 20941
45413466861648 21417
45418466968027 20812
45423467054099 20844
45428467166745 21234
45433467283916 20716
45438467396231 21078
45443467491494 20856
45448467618661 20727
45453467712584 20809
45458467813294 20811
45463467896230 20777
45468467984374 20881
45473468079382 21142
45478468193798 20694
45483468300947 21104
45488468411962 21043
45493468502346 21078
45498468633476 20800
45503468750731 20878
45508468869488 20940
45513468977440 20834
45518469109864 21225
45523469207227 20705
45528469296527 20777
45533469390456 21164
45538469478888 21965
45543469590643 20754
45548469701394 20806
45553469836828 21082
45558469921421 20927
45563470005697 21332
45568470128602 21164
45573470215342 21219
45578470313448 21391
45583470443344 21429
45588470537600 21101
45593470655943 20946
45598470774138 20982
45603470914808 20620
45608471002749 20764
45613471088464 20929
45618471176977 20774
45623471312767 21105
45628471432408 20974
45633471548557 20702
45638471637814 20739
45643471758951 21094
45648471895757 20887
45653472014557 20891
45658472119335 20950
45663472212875 20755
45668472335258 21232
45673472421409 21159
45678472508331 20992
45683472595029 20835
45688472677730 21239
45693472805602 21133
45698472905243 21026
45703473002191 20855
45708473096305 20858
45713473215393 20888
45718473330005 21247
45723473446979 21301
45728473550162 20940
45733473665560 20793
45738473772152 20823
45743473858538 20927
45748473944948 20695
45753474025262 20689
45758474131807 20959
45763474255008 21187
45768474376564 20912
45773474466038 20898
45778474569265 21148
45783474689393 20781
45788474808075 21033
45793474924749 21116
45798475038893 20646
45803475120581 20994
45808475204650 20674
45813475317099 21162
45818475398923 20833
45823475517873 20822
45828475637728 20677
45833475788701 21024
45838475915617 21412
45843476023215 20967
45848476110936 20995
45853476239353 21343
45858476379569 20932
45863476523458 21076
45868476657141 21635
45873476792740 21467
45878476924642 21572
45883477058098 21712
45888477173494 21644
45893477310272 21588
45898477437308 21514
45903477567030 21336
45908477684884 21723
45913477814468 21111
45918477898665 21101
45923478023363 20856
45928478114249 20629
45933478222384 20947
45938478318033 20687
45943478409245 20881
45948478502262 21219
45953478590172 20766
45958478696201 21039
45963478788361 21246
45968478888577 20656
45973478974377 20895
45978479055677 20985
45983479170121 20676
45988479302791 21370
45993479406143 21317
45998479489544 21004
46003479576733 20832
46008479687463 21004
46013479795261 20967
46018479915533 21294
46023480018682 20677
46028480148725 20779
46033480239069 21311
46038480358292 20791
46043480474189 20911
46048480576695 21073
46053480658714 20837
46058480775174 21119
46063480874413 20783
46068480996826 20838
46073481116517 20994
46078481234604 21121
46083481323651 21368
46088481443536 20796
46093481563744 21045
46098481677170 21006
46103481758953 21320
46108481842795 21019
46113481931341 21501
46118482050714 20942
46123482144722 21255
46128482244326 20770
46133482367874 20506
46138482455118 20657
46143482544404 20406
46148482657101 20923
46153482760140 20536
46158482845443 20898
46163482935711 20290
46168483046711 20486
46173483163331 20508
46178483246191 21006
46183483364969 20569
46188483509871 20908
46193483628155 20751
46198483752350 21172
46203483873166 21206
46208483982717 20753
46213484075985 21710
46218484165351 21570
46223484285353 21642
46228484403002 21551
46233484517111 21484
46238484650614 21450
46243484760929 21255
46248484874837 21424
46253484995738 21485
46258485078639 21266
46263485197305 21202
46268485292375 21526
46273485380877 21476
46278485493870 21478
46283485611389 21226
46288485728084 21186
46293485843404 20929
46298485975602 21083
46303486060760 20600
46308486163452 20998
46313486282652 20839
46318486365650 21287
46323486458479 20973
46328486547339 20814
46333486645487 21111
46338486724571 20847
46343486855327 20892
46348486972842 21079
46353487079867 21147
46358487165549 21101
46363487283372 20447
46368487403688 20690
46373487512505 21142
46378487630627 20929
46383487720407 21311
46388487804430 20700
46393487907485 21055
46398487998123 20849
46403488125669 21125
46408488254760 20949
46413488341868 21094
46418488437380 20992
46423488552946 20759
46428488650133 20666
46433488757069 20992
46438488843561 20983
46443488966290 21167
46448489081180 20887
46453489167259 20994
46458489282813 20735
46463489417839 21039
46468489503890 21077
46473489636566 21296
46478489723796 20895
46483489829326 21042
46488489948201 21284
46493490053880 21046
46498490147840 21553
46503490262339 21510
46508490368270 21289
46513490453573 21240
46518490541257 21242
46523490685338 21273
46528490801900 20947
46533490920007 20896
46538491029247 21439
46543491108204 20735
46548491195601 20912
46553491320554 20869
46558491409207 20612
46563491491124 20823
46568491581203 20766
46573491669284 20489
46578491783561 21068
46583491875867 20775
46588491968714 20894
46593492077327 21143
46598492192552 21226
46603492298074 20736
46608492428608 21311
46613492523117 21115
46618492620584 20617
46623492731472 20813
46628492846898 21059
46633492950804 20816
46638493048115 21098
46643493131892 20939
46648493254824 20612
46653493371007 20645
46658493454015 20861
46663493532650 20845
46668493632661 20718
46673493767867 20980
46678493857361 20563
46683493972936 21042
46688494076091 20738
46693494178023 21263
46698494275770 20730
46703494375026 20762
46708494473104 21060
46713494573423 20994
46718494661247 21124
46723494757885 20820
46728494850569 21167
46733494939558 20983
46738495041618 21216
46743495128900 21407
46748495196646 21149
46753495277205 20903
46758495377515 21142
46763495477913 21768
46768495566418 20896
46773495650383 20809
46778495738142 21497
46783495830861 20939
46788495925800 20998
46793496015174 20735
46798496124819 20832
46803496242712 20911
46808496356288 20932
46813496478867 20553
46818496567509 20429
46823496656478 21267
46828496768399 21365
46833496884059 21242
46838497003794 21176
46843497123293 20977
46848497209377 20810
46853497298161 20945
46858497383673 20820
46863497477145 20888
46868497594596 20912
46873497702493 21067
46878497802655 20851
46883497859950 21001
46888497944847 20538
46893498030734 20938
46898498125292 20732
46903498244380 21163
