35579433663693 1555
35584433784714 1204
35589433941562 1095
35594434067733 1168
35599434196879 1098
35604434310970 980
35609434430533 1062
35614434561200 999
35619434699031 956
35624434809961 971
35629434946349 973
35634435040236 848
35639435158082 984
35644435294479 980
35649435416984 1020
35654435540204 954
35659435677638 1012
35664435816007 821
35669435957928 982
35674436077353 995
35679436193625 927
35684436303515 1008
35689436441434 879
35694436572333 820
35699436717393 836
35704436846745 1023
35709436958760 758
35714437074102 916
35719437165176 963
35724437261613 620
35729437390825 954
35734437530481 895
35739437645566 816
35744437768568 977
35749437887015 800
35754437991380 674
35759438116636 1018
35764438226385 735
35769438366733 988
35774438520182 926
35779438658637 726
35784438766923 789
35789438904202 901
35794439036253 718
35799439173675 945
35804439299546 909
35809439410482 730
35814439550482 755
35819439676891 960
35824439831180 722
35829439969879 823
35834440098789 986
35839440212433 722
35844440337739 601
35849440452404 925
35854440585477 893
35859440701299 734
35864440804565 827
35869440898874 929
35874441018287 596
35879441131105 808
35884441257120 985
35889441402110 768
35894441542974 825
35899441690184 1037
35904441825504 627
35909441953631 790
35914442064279 1023
35919442162989 815
35924442298619 773
35929442407996 1009
35934442542719 703
35939442636939 765
35944442741807 1014
35949442846767 854
35954442946398 782
35959443040419 950
35964443151801 748
35969443247588 734
35974443385501 1013
35979443478991 816
35984443612027 824
35989443739971 999
35994443868405 637
35999443996532 792
36004444133543 1002
36009444229113 787
36014444363591 798
36019444502647 1017
36024444639287 687
36029444757390 708
36034444864886 1021
36039444966365 831
36044445066634 716
36049445177867 941
36054445318936 757
36059445432416 711
36064445543324 938
36069445686146 923
36074445787781 716
36079445885786 893
36084446014599 849
36089446141509 680
36094446248157 780
36099446379139 1011
36104446507008 801
36109446606540 720
36114446736631 822
36119446850413 867
36124446969791 720
36129447084995 783
36134447189589 991
36139447328842 800
36144447470049 688
36149447609661 745
36154447766024 996
36159447894873 721
36164448037355 712
36169448156408 1002
36174448291250 784
36179448422590 591
36184448553815 760
36189448668120 1062
36194448775818 738
36199448870451 637
36204448987732 756
36209449113199 758
36214449251806 882
36219449390109 731
36224449532667 780
36229449669136 995
36234449812710 745
36239449918324 584
36244450033663 954
36249450142666 896
36254450285677 743
36259450401806 787
36264450511680 1010
36269450630538 564
36274450726537 712
36279450840441 942
36284450968520 838
36289451093721 725
36294451186744 936
36299451263179 689
36304451395163 723
36309451518094 816
36314451640369 851
36319451766210 530
36324451865939 572
36329451973532 120
36334452115418 0
36339452207633 275
36344452331832 728
36349452451573 371
36354452570877 331
36359452693873 16
36364452778754 0
36369452883072 1
36374452956920 0
36379453068459 229
36384453218929 429
36389453333948 49
36394453389635 6
36399453432691 2
36404453515210 3
36409453645532 398
36414453743787 196
36419453797646 31
36424453843507 0
36429453938502 0
36434454007232 0
36439454063323 0
36444454165902 328
36449454261333 39
36454454328028 0
36459454367915 0
36464454453260 0
36469454573258 211
36474454707870 427
36479454852512 73
36484454992838 0
36489455119249 0
36494455252299 1
36499455383539 94
36504455518872 385
36509455634769 171
36514455753387 0
36519455810707 0
36524455919315 76
36529456053720 329
36534456183945 429
36539456245890 160
36544456346549 0
36549456443674 0
36554456508421 2
36559456553308 5
36564456668561 560
36569456786511 323
36574456878819 20
36579457012636 773
36584457128731 807
36589457273180 988
36594457396514 857
36599457476522 359
36604457552446 0
36609457689318 692
36614457814602 842
36619457942078 965
36624458084616 830
36629458230820 471
36634458364815 1015
36639458513640 826
36644458641421 1008
36649458740089 795
36654458850099 961
36659458980264 590
36664459071613 795
36669459161878 991
36674459261338 915
36679459388734 742
36684459518224 974
36689459648409 470
36694459785087 725
36699459896853 956
36704460043110 956
36709460150794 728
36714460269520 929
36719460399299 560
36724460522042 784
36729460657195 863
36734460762809 989
36739460920454 779
36744461042705 794
36749461140843 572
36754461258670 860
36759461362466 730
36764461466025 939
36769461597644 882
36774461707061 727
36779461851591 491
36784461958474 888
36789462098259 792
36794462233718 801
36799462346839 985
36804462483585 793
36809462629905 437
36814462757008 722
36819462883963 996
36824463035208 728
36829463177124 852
36834463318526 956
36839463464971 467
36844463569405 726
36849463678113 985
36854463808004 827
36859463956356 738
36864464026617 976
36869464166530 585
36874464262852 682
36879464351406 842
36884464472823 1017
36889464597461 771
36894464728069 685
36899464853711 629
36904464960635 813
36909465096333 745
36914465233469 681
36919465370935 855
36924465482210 969
36929465632138 516
36934465741080 581
36939465883445 751
36944466023993 990
36949466159755 833
36954466284152 725
36959466422696 426
36964466539651 801
36969466672250 896
36974466779931 732
36979466876002 777
36984467018078 951
36989467148596 582
36994467254446 494
36999467394569 663
37004467512317 961
37009467612111 912
37014467750336 747
37019467897160 394
37024468026839 824
37029468151495 984
37034468258846 735
37039468384286 589
37044468512616 1001
37049468648731 742
37054468756566 564
37059468861976 727
37064468979242 790
37069469069871 980
37074469209906 750
37079469355508 567
37084469467130 504
37089469592289 991
37094469730492 830
37099469868949 716
37104469968914 698
37109470070628 793
37114470189707 699
37119470320045 730
37124470418770 637
37129470525608 1016
37134470630586 884
37139470757648 593
37144470896869 493
37149471002534 930
37154471107019 973
37159471214513 720
37164471350379 637
37169471496656 842
37174471607584 612
37179471755908 800
37184471897016 722
37189472017568 789
37194472130535 997
37199472262365 658
37204472373138 591
37209472485673 777
37214472593572 956
37219472723258 807
37224472872851 727
37229473022648 629
37234473132386 434
37239473232764 945
37244473341026 719
37249473446158 613
37254473541072 1059
37259473665926 883
37264473762553 382
37269473870029 719
37274473963699 823
37279474061763 993
37284474185390 732
37289474316252 607
37294474433926 546
37299474536507 986
37304474635330 826
37309474778974 720
37314474897349 754
37319475040924 924
37324475159424 455
37329475311829 728
37334475447867 664
37339475555799 1021
37344475690169 857
37349475815811 559
37354475944794 10
37359476039043 399
37364476137040 609
37369476279643 601
37374476415543 581
