145708925569421 2751
145713925714400 4539
145718925845041 6135
145723925953197 8757
145728926073891 11266
145733926177448 11988
145738926326052 12001
145743926440438 12130
145748926594328 12195
145753926697306 12047
145758926850955 12201
145763926986110 12059
145768927111424 12094
145773927204498 12027
145778927312452 12030
145783927420953 12146
145788927562805 12059
145793927664044 12027
145798927762180 12095
145803927849935 11984
145808927949057 12197
145813928084067 12137
145818928197445 12093
145823928298048 11981
145828928415512 12072
145833928517438 11905
145838928610892 12032
145843928707840 12106
145848928810059 12020
145853928902962 12031
145858929143172 12159
145863929255651 12014
145868929382620 12096
145873929468968 12035
145878929580178 12045
145883929695492 11937
145888929791657 12038
145893929872252 12969
145898929969164 13261
145903930084153 13151
145908930200930 13149
145913930287819 13093
145918930367271 13238
145923930461029 13160
145928930548328 13242
145933930641090 13090
145938930758780 13210
145943930845603 13263
145948930926609 13352
145953931015038 13235
145958931102701 13064
145963931196601 13280
145968931285629 13105
145973931375460 13095
145978931458695 13104
145983931545796 13177
145988931646464 13289
145993931739934 13251
145998931841374 13162
146003931935961 13180
146008932036934 13212
146013932134310 13072
146018932230116 13136
146023932322441 13252
146028932413267 13096
146033932535482 13173
146038932646542 13251
146043932745098 13155
146048932864937 13177
146053932986950 13228
146058933080760 13200
146063933203067 13285
146068933323996 13243
146073933416545 13113
146078933539234 13020
146083933634332 13111
146088933735941 13101
146093933845822 13203
146098933928550 13629
146103934028122 13499
146108934114342 13564
146113934187976 13725
146118934284304 13783
146123934374748 13652
146128934476106 13803
146133934562157 13821
146138934629204 13681
146143934708465 13699
146148934801740 13810
146153934893441 13690
146158934996525 13770
146163935081959 13783
146168935201730 13726
146173935287742 13844
146178935364367 13719
146183935463252 13676
146188935572996 13705
146193935667598 13850
146198935763967 13742
146203935837897 13835
146208935962117 13822
146213936047272 13637
146218936183625 13873
146223936266468 13792
146228936360403 13787
146233936456127 13757
146238936548440 13717
146243936653127 13809
146248936780173 13961
146253936877579 13782
146258936967356 13789
146263937059158 13864
146268937161742 13740
146273937260889 13837
146278937337277 13869
146283937433545 14085
146288937529227 13949
146293937646662 13878
146298937739783 13670
146303937844467 13830
146308937974789 13753
146313938102679 13970
146318938194628 13846
146323938279214 13921
146328938388683 13822
146333938492102 13841
146338938584912 13804
146343938673300 13699
146348938789170 13767
146353938879444 13733
146358938966782 13887
146363939056165 13866
146368939152922 13713
146373939239501 13772
146378939344200 13667
146383939422048 13890
146388939502775 13816
146393939600271 13908
146398939687052 13836
146403939775674 13812
146408939863900 13890
146413939979684 13942
146418940102458 13834
146423940192816 13860
146428940320265 13789
146433940411782 13764
146438940543945 13799
146443940644740 13997
146448940723978 13729
146453940814987 13831
146458940914420 13857
146463940997253 13871
146468941107608 13893
146473941223532 13717
146478941346732 13971
146483941446784 13891
146488941550163 13778
146493941698258 14041
146498941832919 13749
146503941947523 13953
146508942054375 13880
146513942175876 13788
146518942265268 13729
146523942360970 13884
146528942483583 13816
146533942566184 13940
146538942655816 13949
146543942731569 13871
146548942825180 13864
146553942923660 13926
146558943030642 13765
146563943121363 13901
146568943208869 13829
146573943295521 13944
146578943391989 14067
146583943499588 13811
146588943589051 13892
146593943672334 13715
146598943761162 13758
146603943845630 13907
146608943956462 13889
146613944031407 13790
146618944159201 13863
146623944240920 13951
146628944342970 13828
146633944448001 13963
146638944529567 13845
146643944613282 13816
146648944697040 13838
146653944826975 13749
146658944928489 13830
146663945014873 13849
146668945119629 13803
146673945204664 13848
146678945294045 13795
146683945355595 13900
146688945435782 13829
146693945533702 13899
146698945660467 13840
146703945754872 13853
146708945845539 13903
146713945932086 13803
146718946031743 13848
146723946137473 13674
146728946227297 13785
146733946311903 13839
146738946408630 13818
146743946488576 13667
146748946593198 13729
146753946677397 13790
146758946754365 13775
146763946841844 13764
146768946953902 13811
146773947039741 13785
146778947173288 13825
146783947285453 13887
146788947413839 13990
146793947495376 13885
146798947607817 13794
146803947713849 13891
146808947843153 13875
146813947928758 13806
146818948016318 13842
146823948111850 13756
146828948239075 13885
146833948325303 13826
146838948420179 13841
146843948535468 13919
146848948624108 13905
146853948721058 13924
146858948825830 13861
146863948912262 13794
146868948998199 13948
146873949086781 13925
146878949201308 13915
146883949333375 13862
146888949465889 13843
146893949567697 13869
146898949662801 13865
146903949770626 13721
146908949864960 13863
146913949953965 13804
146918950028794 13839
146923950127560 13788
146928950230835 13750
146933950314967 13835
146938950438174 13864
146943950524601 13890
146948950613772 13898
146953950714057 14015
146958950810098 13956
146963950892575 13908
146968951012168 13928
146973951102052 13810
146978951181996 13919
146983951265500 13795
146988951370315 13801
146993951446207 13874
146998951530750 13797
147003951636300 13860
147008951728608 13800
147013951822195 13821
147018951941323 13784
147023952043900 13766
147028952133368 13942
147033952243146 13888
147038952325230 13817
147043952427980 13726
147048952562740 13815
147053952650588 13793
147058952730315 13823
147063952871770 13794
147068953007731 13794
147073953108124 13883
147078953196308 13784
147083953308319 13729
147088953400828 13875
147093953495266 13791
147098953585326 13838
147103953673919 13800
147108953777557 13766
147113953860668 13905
147118953944886 13893
147123954018255 13823
147128954130020 13845
147133954220423 13952
147138954306333 13749
147143954409995 13744
147148954495297 13822
147153954593544 13831
147158954677799 13721
147163954757780 13893
147168954861856 13798
147173954951601 13758
147178955039224 14012
147183955142641 13916
147188955238368 13806
147193955376445 13964
147198955484019 13878
147203955615673 13778
147208955716894 13925
147213955806291 13920
147218955888335 13852
147223955970526 13796
147228956058380 13870
147233956181591 13959
147238956284042 13819
147243956411249 14006
147248956519859 13873
147253956635933 13934
147258956704132 13901
147263956786201 13688
147268956900660 13836
147273956990266 13895
147278957077351 13794
147283957199351 13827
147288957288900 13791
147293957385147 13827
147298957501030 13858
147303957652642 13768
147308957744613 13761
147313957832384 13864
147318957929651 13737
147323958017467 13958
147328958104875 13891
147333958191136 13859
147338958286813 13816
147343958373961 13809
147348958510107 13756
147353958601684 13748
147358958706164 13779
147363958798500 13983
147368958909324 13859
147373959004967 13826
147378959119128 13717
147383959239773 13832
147388959325729 13888
147393959402404 13744
147398959497468 13921
147403959582896 13866
147408959667783 13944
147413959758075 13863
147418959842977 13962
147423959959437 13851
147428960043911 13790
147433960131872 13925
147438960214110 13888
147443960296734 13849
147448960381861 13832
147453960472179 13972
147458960585840 13743
147463960674694 13782
147468960781791 13886
147473960892241 13880
147478960974398 13827
147483961069772 13834
147488961161039 13769
147493961293979 13837
147498961376095 13921
147503961495013 13786
