136192066983330 1744
136197067143183 1621
136202067277986 1636
136207067395494 1569
136212067540860 1527
136217067658039 1533
136222067779428 1574
136227067915724 1505
136232068023137 1524
136237068136050 1549
136242068249606 1519
136247068362705 1537
136252068476372 1525
136257068580372 1483
136262068699052 1537
136267068816297 1529
136272068912687 1530
136277069043475 1521
136282069147762 1533
136287069261262 1457
136292069362571 1528
136297069504581 1509
136302069611182 1506
136307069716709 1501
136312069821497 1511
136317069937189 1471
136322070049483 1497
136327070163875 1532
136332070266132 1497
136337070362336 1519
136342070468301 1512
136347070576308 1479
136352070686175 1496
136357070843765 1539
136362070941773 1501
136367071049098 1515
136372071149703 1463
136377071248857 1415
136382071337675 1464
136387071438527 1448
136392071551469 1422
136397071660174 1455
136402071784574 1449
136407071912084 1393
136412072021272 1425
136417072132397 1483
136422072231686 1417
136427072342143 1449
136432072447407 1436
136437072552679 1402
136442072666349 1416
136447072774114 1425
136452072901357 1399
136457072999634 1385
136462073096241 1422
136467073198211 1369
136472073314363 1450
136477073411583 1419
136482073504987 1423
136487073604654 1404
136492073714084 1432
136497073848582 1381
136502073954435 1429
136507074067482 1412
136512074168589 1408
136517074282846 1435
136522074397202 1443
136527074500739 1378
136532074598217 1401
136537074703492 1427
136542074807514 1386
136547074909659 1410
136552075004092 1417
136557075097671 1396
136562075197518 1398
136567075294533 1446
136572075420451 1401
136577075515628 1424
136582075607251 1419
136587075700690 1376
136592075801201 1409
136597075948323 1417
136602076091859 1417
136607076208408 1386
136612076323039 1440
136617076437250 1348
136622076545092 1386
136627076646904 1426
136632076740827 1169
136637076844551 933
136642076965577 718
136647077076813 834
136652077196333 1226
136657077290305 1290
136662077404944 1303
136667077507221 1222
136672077608519 1405
136677077755123 1328
136682077878269 1388
136687077987223 1395
136692078097594 1377
136697078208090 1408
136702078313219 1386
136707078413564 1368
136712078516782 1398
136717078616518 1398
136722078748112 1395
136727078849262 1425
136732078951700 1445
136737079065106 1364
136742079201650 1411
136747079320320 1414
136752079432978 1419
136757079541665 1385
136762079640852 1399
136767079730256 1364
136772079813214 1405
136777079923411 1401
136782080025826 1415
136787080143980 1424
136792080249994 1395
136797080361021 1394
136802080461526 1390
136807080559096 1455
136812080652532 1387
136817080787812 1432
136822080892343 1390
136827080987265 1401
136832081075214 1394
136837081181156 1405
136842081273974 1390
136847081412415 1382
136852081505929 1406
136857081611885 1362
136862081735217 1476
136867081858703 1420
136872081967363 1432
136877082065899 1403
136882082179284 1479
136887082288035 1381
136892082378158 1425
136897082479461 1442
136902082579748 1429
136907082665237 1432
136912082756767 1415
136917082878280 1393
136922082988041 1416
136927083087856 1429
136932083193377 1432
136937083326796 1451
136942083455029 1433
136947083573846 1412
136952083673019 1477
136957083774254 1481
136962083884134 1449
136967083992162 1463
136972084095596 1446
136977084226316 1411
136982084322256 1459
136987084421765 1449
136992084550371 1441
136997084679277 1464
137002084784921 1447
137007084921847 1435
137012085041315 1446
137017085142391 1486
137022085268211 1490
137027085330718 1498
137032085430369 1461
137037085525368 1471
137042085640871 1438
137047085701216 1469
137052085785938 1500
137057085903338 1478
137062086028812 1508
137067086092159 1472
137072086212337 1443
137077086317796 1542
137082086412573 1465
137087086518330 1425
137092086628374 1209
137097086770773 1100
137102086877971 951
137107086990030 1090
137112087088441 826
137117087185841 729
137122087303621 920
137127087421824 1189
137132087512201 632
137137087627535 1595
137142087715762 1142
137147087863157 1355
137152087956973 1272
137157088059840 1508
137162088153560 1099
137167088234904 1462
137172088352947 1519
137177088459868 1660
137182088562297 1492
137187088622381 1525
137192088672797 1427
137197088785306 1497
137202088880432 1481
137207088996645 1501
137212089051643 1472
137217089156324 1479
137222089247904 1432
137227089347912 1501
137232089460028 1482
137237089563789 1475
137242089665954 1505
137247089772950 1478
137252089904354 1425
137257090000939 1453
137262090096846 1522
137267090214413 1456
137272090298096 1480
137277090403705 1455
137282090502053 1418
137287090602828 1465
137292090717081 1480
137297090831452 1469
137302090926936 1503
137307091051507 1475
137312091146137 1403
137317091261728 1469
137322091362226 1485
137327091461712 1481
137332091562872 1536
137337091662876 1526
137342091793257 1405
137347091924389 1517
137352092032503 1505
137357092157247 1549
137362092261085 1543
137367092362039 1523
137372092483496 1421
137377092598694 1493
137382092732081 1516
137387092849144 1608
137392092949741 1504
137397093079840 1512
137402093173670 1451
137407093263842 1509
137412093387392 1500
137417093511895 1535
137422093620308 1496
137427093715219 1550
137432093795238 1380
137437093901997 1495
137442094014315 1458
137447094114863 1503
137452094175489 1538
137457094277896 1471
137462094401276 1399
137467094497732 1469
137472094604055 1480
137477094718218 1475
137482094826459 1476
137487094941032 1456
137492095010227 1461
137497095116601 1474
137502095223286 1510
137507095363375 1459
137512095430602 1564
137517095526956 1466
137522095626814 1423
137527095723927 1493
137532095832350 1473
137537095970116 1491
137542096081023 1473
137547096172523 1484
137552096283018 1423
137557096381779 1470
137562096465863 1541
137567096556563 1505
137572096651717 1452
137577096750536 1530
137582096869325 1385
137587096973181 1489
137592097074546 1474
137597097186239 1477
137602097304181 1496
137607097409599 1480
137612097509351 1385
137617097606111 1477
137622097725785 1483
137627097829971 1477
137632097937201 1459
137637098039923 1465
137642098136795 1378
137647098229150 1497
137652098343193 1487
137657098451490 1472
137662098551890 1483
137667098617057 1432
137672098742107 1402
137677098876999 1454
137682098979364 1466
137687099087949 1468
137692099201737 1510
137697099347044 1480
137702099466596 1407
137707099584400 1431
137712099694302 1532
137717099815418 1478
137722099920144 1484
137727100033398 1460
137732100148770 1374
137737100257905 1435
137742100391079 1484
137747100498663 1478
137752100592657 1612
137757100681276 1698
137762100788287 1410
137767100921358 1484
137772101036702 1490
137777101166209 1468
137782101262850 1502
137787101352855 1469
137792101460518 1395
137797101551941 1466
137802101660729 1591
137807101755770 1451
137812101847589 1487
137817101942308 1593
137822102074210 1492
137827102181578 1445
137832102293981 1472
137837102384855 1503
137842102470944 1518
137847102585605 1454
137852102681305 1348
137857102772180 1501
137862102897662 1459
137867103030036 1426
137872103128880 1437
137877103223274 1493
137882103330365 1339
137887103421859 1458
137892103524478 1469
137897103623562 1452
137902103751960 1475
137907103855527 1470
137912103951431 1324
137917104046021 1472
137922104140543 1466
137927104236298 1488
137932104338826 1467
137937104462502 1476
137942104562216 1335
137947104658210 1466
137952104767667 1457
137957104869540 1511
137962104963227 1508
137967105054371 1488
137972105149664 1358
137977105246200 1473
137982105356925 1464
137987105470818 1473
