143893366375614 1965
143898366559812 1839
143903366715954 1853
143908366824218 1766
143913366934854 1738
143918367067205 1737
143923367183318 1765
143928367332235 1749
143933367471059 1769
143938367588115 1746
143943367708268 1736
143948367799452 1721
143953367916436 1734
143958368022211 1740
143963368128205 1701
143968368226167 1745
143973368331154 1746
143978368447519 1722
143983368588409 1734
143988368714994 1714
143993368829332 1713
143998368931732 1745
144003369045892 1699
144008369173451 1690
144013369273366 1728
144018369389507 1697
144023369490438 1705
144028369585003 1736
144033369680119 1687
144038369782454 1680
144043369887226 1704
144048369999310 1727
144053370135659 1673
144058370245216 1646
144063370361382 1637
144068370476293 1612
144073370600769 1607
144078370727043 1625
144083370836606 1609
144088370951022 1587
144093371055866 1638
144098371159938 1651
144103371267495 1687
144108371370832 1632
144113371468955 1632
144118371572093 1654
144123371678437 1618
144128371778614 1652
144133371882454 1665
144138371995832 1670
144143372147789 1660
144148372263540 1630
144153372368283 1634
144158372475721 1649
144163372590061 1659
144168372710346 1637
144173372822193 1651
144178372938622 1676
144183373048330 1628
144188373154845 1660
144193373276047 1663
144198373394953 1696
144203373512205 1642
144208373621727 1666
144213373724148 1703
144218373819565 1723
144223373910180 1658
144228374006484 1674
144233374114177 1668
144238374226739 1690
144243374323145 1673
144248374419307 1693
144253374514349 1678
144258374607436 1657
144263374699530 1703
144268374789296 1680
144273374892225 1673
144278375018514 1675
144283375127914 1673
144288375240653 1680
144293375373941 1705
144298375481520 1640
144303375592664 1665
144308375707783 1660
144313375827345 1688
144318375931914 1647
144323376061040 1672
144328376173143 1642
144333376287019 1681
144338376407631 1611
144343376515594 1638
144348376608776 1640
144353376723292 1676
144358376833983 1698
144363376934919 1642
144368377069547 1646
144373377209127 1656
144378377323366 1641
144383377451715 1668
144388377562714 1663
144393377671549 1663
144398377784941 1659
144403377891383 1670
144408377996721 1668
144413378109162 1655
144418378226850 1628
144423378337396 1636
144428378443153 1724
144433378557719 1650
144438378671317 1651
144443378786314 1651
144448378892021 1620
144453378998410 1646
144458379094319 1629
144463379215589 1659
144468379323805 1678
144473379444699 1657
144478379558739 1646
144483379662443 1644
144488379791991 1628
144493379917610 1664
144498380036426 1638
144503380143544 1658
144508380246127 1636
144513380356825 1628
144518380470370 1621
144523380575611 1631
144528380679190 1663
144533380787623 1631
144538380908340 1557
144543381017333 1612
144548381127298 1629
144553381246604 1668
144558381379497 1645
144563381492598 1632
144568381590851 1620
144573381685093 1625
144578381783820 1642
144583381880629 1590
144588381975782 1644
144593382064533 1665
144598382155676 1665
144603382253725 1632
144608382347440 1622
144613382441041 1671
144618382532569 1622
144623382624109 1632
144628382715557 1636
144633382811468 1612
144638382920934 1624
144643383013172 1614
144648383110914 1608
144653383211145 1629
144658383322243 1622
144663383425021 1659
144668383534884 1637
144673383645031 1730
144678383752038 1602
144683383861419 1624
144688383970367 1628
144693384082195 1614
144698384175145 1613
144703384272050 1620
144708384363871 1620
144713384484754 1641
144718384588948 1623
144723384693278 1616
144728384800902 1656
144733384937347 1637
144738385046821 1640
144743385155680 1618
144748385283860 1652
144753385403398 1626
144758385532731 1634
144763385632151 1651
144768385727265 1650
144773385815739 1584
144778385909723 1673
144783386012746 1573
144788386109929 1603
144793386210556 1633
144798386306744 1696
144803386401780 1618
144808386498095 1632
144813386627997 1622
144818386736168 1621
144823386844078 1669
144828386942883 1659
144833387054728 1599
144838387164276 1595
144843387268867 1629
144848387385510 1623
144853387491639 1617
144858387596420 1614
144863387699158 1621
144868387811304 1602
144873387909334 1608
144878388019529 1612
144883388125713 1616
144888388225803 1649
144893388319003 1624
144898388411626 1663
144903388534056 1648
144908388627353 1621
144913388717240 1623
144918388812511 1635
144923388908589 1618
144928389006606 1603
144933389110637 1623
144938389210326 1583
144943389308316 1607
144948389399361 1596
144953389495189 1608
144958389596129 1595
144963389688007 1633
144968389797345 1623
144973389892165 1609
144978389984605 1623
144983390074544 1626
144988390165220 1618
144993390259904 1615
144998390372156 1639
145003390482886 1627
145008390588018 1607
145013390686178 1607
145018390795170 1589
145023390889315 1586
145028390988988 1579
145033391117913 1576
145038391214276 1596
145043391315865 1595
145048391411607 1589
145053391534783 1610
145058391634511 1594
145063391747263 1598
145068391851833 1642
145073391959109 1599
145078392070392 1640
145083392181745 1662
145088392293070 1600
145093392391251 1617
145098392501798 1588
145103392627028 1604
145108392725316 1611
145113392830996 1608
145118392943900 1598
145123393054236 1607
145128393169125 1625
145133393269974 1638
145138393370917 1625
145143393464400 1634
145148393557326 1566
145153393653279 1608
145158393750447 1625
145163393845542 1616
145168393939168 1623
145173394051322 1584
145178394149853 1600
145183394253675 1615
145188394349898 1620
145193394456013 1614
145198394566534 1609
145203394675516 1676
145208394783468 1592
145213394884607 1586
145218394986901 1590
145223395093478 1589
145228395196666 1649
145233395299497 1622
145238395398565 1604
145243395502846 1679
145248395601173 1587
145253395694336 1577
145258395786485 1606
145263395882363 1610
145268395977278 1660
145273396087738 1600
145278396182661 1579
145283396276563 1614
145288396374900 1584
145293396475310 1599
145298396565661 1583
145303396666449 1644
145308396779687 1597
145313396897692 1589
145318397008454 1606
145323397107060 1599
145328397210003 1631
145333397319561 1585
145338397431878 1586
145343397546168 1602
145348397650709 1637
145353397760006 1631
145358397874741 1589
145363397984456 1580
145368398096516 1608
145373398227909 1626
145378398328822 1595
145383398434685 1599
145388398543975 1632
145393398653726 1572
145398398758588 1603
145403398862892 1653
145408398957711 1556
145413399079926 1587
145418399181597 1580
145423399282960 1607
145428399380094 1625
145433399478385 1625
145438399572154 1587
145443399673662 1589
145448399774303 1579
145453399886426 1601
145458400022873 1616
145463400133298 1571
145468400237229 1591
145473400336517 1630
145478400437978 1594
145483400546282 1562
145488400651164 1588
145493400758534 1556
145498400866719 1568
145503400970159 1588
145508401065175 1615
145513401159505 1588
145518401255441 1546
145523401353098 1584
145528401447903 1567
145533401546735 1641
145538401640584 1578
145543401755562 1648
145548401845085 1598
145553401957343 1545
145558402068917 1594
145563402174835 1564
145568402283782 1555
145573402393866 1562
145578402500868 1601
145583402600709 1539
145588402702960 1566
145593402813865 1530
145598402932938 1546
145603403064539 1520
145608403172037 1505
145613403283319 1526
145618403398311 1533
145623403506735 1470
145628403606209 1503
145633403709548 1519
145638403815423 1508
145643403936655 1537
145648404055071 1519
145653404147794 1474
145658404249903 1526
145663404360244 1486
145668404476423 1484
145673404607201 1523
145678404728546 1531
145683404837793 1516
145688404929448 1494
