138018549042836 1833
138023549201877 3024
138028549352909 3797
138033549458092 4576
138038549571031 5381
138043549697482 6079
138048549826677 6841
138053549937236 7437
138058550092124 8116
138063550240766 8309
138068550318215 9151
138073550417898 9421
138078550532862 9566
138083550661105 9825
138088550755306 9382
138093550860861 9553
138098550984075 9912
138103551086742 9817
138108551197828 9798
138113551310290 9862
138118551449608 9864
138123551561772 9820
138128551667694 9324
138133551755726 9765
138138551845891 10328
138143551953449 10145
138148552044000 10332
138153552145915 10397
138158552234854 10525
138163552321392 10503
138168552444077 10087
138173552551411 10266
138178552654982 10573
138183552753798 10708
138188552856242 10543
138193552986675 10450
138198553073014 9837
138203553203658 10696
138208553302428 10777
138213553445205 10780
138218553561844 10817
138223553666424 10718
138228553787927 10762
138233553922901 10872
138238554039491 10166
138243554147001 9592
138248554260179 10739
138253554349588 10883
138258554468433 10838
138263554553786 10746
138268554639287 10879
138273554725560 11067
138278554828053 11029
138283554943959 10918
138288555053844 10292
138293555155983 9806
138298555279169 9966
138303555390322 10033
138308555492696 9572
138313555577718 9822
138318555712480 10452
138323555833423 10145
138328555926165 9723
138333556017206 10575
138338556107952 9505
138343556223952 10898
138348556330452 10002
138353556449607 10733
138358556571366 11040
138363556679380 11282
138368556762182 11122
138373556840949 11298
138378556937366 11010
138383557021114 10534
138388557106255 11279
138393557201149 11200
138398557301116 11123
138403557392327 10273
138408557482170 10308
138413557558334 10814
138418557669913 9875
138423557781943 10211
138428557872407 10208
138433557979410 9664
138438558100782 10115
138443558203037 9713
138448558290431 10622
138453558383805 11275
138458558511680 11521
138463558624026 11381
138468558717983 10455
138473558830412 11180
138478558958272 11318
138483559048451 11413
138488559147849 10949
138493559227562 10545
138498559330170 9726
138503559439176 10520
138508559540860 11474
138513559635040 11328
138518559731252 11332
138523559814370 10738
138528559950194 9986
138533560060786 11026
138538560150980 11270
138543560253480 10415
138548560372283 10497
138553560463625 10986
138558560556275 10701
138563560662131 10751
138568560747433 11257
138573560865759 11335
138578560969313 11298
138583561098617 11157
138588561193281 11456
138593561283285 11203
138598561384197 11254
138603561486334 11340
138608561605338 10848
138613561723088 11131
138618561883556 11186
138623562022697 11381
138628562116954 11253
138633562217872 10742
138638562312485 11257
138643562388374 11267
138648562491949 11433
138653562583303 11304
138658562671106 11427
138663562796559 11372
138668562886474 10732
138673562978740 11124
138678563077110 11460
138683563191627 11398
138688563315096 11221
138693563426261 11340
138698563516805 10622
138703563605533 11514
138708563698335 11684
138713563795280 11704
138718563884561 11489
138723564025422 11556
138728564130943 11553
138733564223785 11467
138738564343874 10771
138743564449390 11391
138748564556342 11514
138753564680669 11638
138758564778694 11409
138763564876346 11513
138768564972712 11612
138773565077808 11579
138778565176024 11541
138783565304847 11477
138788565408784 11532
138793565526217 11384
138798565654551 10741
138803565761436 10077
138808565857422 10364
138813565971898 10759
138818566118322 11332
138823566214108 10778
138828566301508 11310
138833566414240 11379
138838566550856 10542
138843566655542 10708
138848566744008 11271
138853566877937 11565
138858566980801 10970
138863567097595 11105
138868567200612 11412
138873567323520 11558
138878567422385 11513
138883567519101 11445
138888567621936 10670
138893567734110 11384
138898567855616 11543
138903567959318 11546
138908568090177 11417
138913568221868 10577
138918568331604 11501
138923568462972 11442
138928568576328 11574
138933568682007 10455
138938568784760 10681
138943568890324 11595
138948569008215 11532
138953569132975 11365
138958569244267 10097
138963569368231 9940
138968569475319 10402
138973569593684 10797
138978569695772 10712
138983569798779 10898
138988569904846 11102
138993570020862 11194
138998570125930 10895
139003570252202 10671
139008570401795 11095
139013570508884 11602
139018570606856 11565
139023570699425 10523
139028570848627 11688
139033570976723 10590
139038571096336 11512
139043571199985 11532
139048571327728 10511
139053571432875 11455
139058571526301 11405
139063571614296 11495
139068571751438 11495
139073571837940 10688
139078571939385 11430
139083572032856 11413
139088572131155 11633
139093572227646 11427
139098572330599 11581
139103572438113 11743
139108572542672 10580
139113572631694 11634
139118572742859 11552
139123572852060 11248
139128572965995 10924
139133573070239 11484
139138573196526 11511
139143573314409 11645
139148573439944 10576
139153573551816 11574
139158573666556 11506
139163573778202 11565
139168573916398 10790
139173574040869 10223
139178574161713 11589
139183574273199 11514
139188574387840 11543
139193574511916 10725
139198574616397 11553
139203574697996 11556
139208574783727 11441
139213574873077 11235
139218574970730 10915
139223575057753 10612
139228575194254 11743
139233575286257 11672
139238575394669 11028
139243575488186 11368
139248575605935 11307
139253575727520 11538
139258575814674 10790
139263575917273 11341
139268575993420 10558
139273576119813 11318
139278576207937 11597
139283576330767 10933
139288576429780 11569
139293576558381 10909
139298576654913 10130
139303576740108 11458
139308576826652 11467
139313576935563 11492
139318577040006 10925
139323577151348 10599
139328577238850 11677
139333577319695 11557
139338577412666 11775
139343577520527 11300
139348577685319 11485
139353577801904 11604
139358577894938 11531
139363577982387 10774
139368578076804 11613
139373578164010 11592
139378578248552 11412
139383578361560 11284
139388578448229 11581
139393578585812 11469
139398578693512 11516
139403578785567 11506
139408578879099 11507
139413578971768 11623
139418579057144 11652
139423579149518 9972
139428579246974 10326
139433579371365 10297
139438579465674 10630
139443579575585 11111
139448579682903 10664
139453579830951 11289
139458579912417 10545
139463580034339 11644
139468580152038 11464
139473580286999 10715
139478580370193 11500
139483580458378 11569
139488580576728 10650
139493580657982 10481
139498580749705 11538
139503580846853 10778
139508580937391 11527
139513581043088 10652
139518581137035 10577
139523581224783 10936
139528581315005 11010
139533581404215 11483
139538581497030 11581
139543581587699 10986
139548581711137 11037
139553581837079 11572
139558581939227 11598
139563582057465 11571
139568582177701 10028
139573582295449 9692
139578582382052 9881
139583582474182 10428
139588582590988 10338
139593582726414 10855
139598582838415 10969
139603582927586 10741
139608583040212 11195
139613583135572 10753
139618583245199 10401
139623583355753 10824
139628583463062 11316
139633583578322 10889
139638583709373 11364
139643583822557 10879
139648583943845 11037
139653584048173 11549
139658584161764 11474
139663584260707 10704
139668584344269 11468
139673584437424 11388
139678584531376 11592
139683584637944 11546
139688584725929 10313
139693584825820 9956
139698584918657 10148
139703585061390 10305
139708585153949 11422
139713585261861 10738
139718585358804 10583
139723585472781 10679
139728585575811 11540
139733585672638 10968
139738585779525 10809
139743585914324 10100
139748586036132 10141
139753586128968 11375
139758586220978 10780
139763586321041 10247
139768586438032 11396
139773586535450 10622
139778586657657 10607
139783586786402 10699
139788586908279 11340
139793587016045 11602
139798587128250 10655
139803587233814 11330
139808587327763 11606
139813587422105 10962
