5375845370723 1807
5380845499867 1701
5385845621238 1649
5390845733766 1644
5395845852054 1624
5400845980731 1639
5405846105877 1595
5410846214751 1350
5415846343650 1636
5420846474287 1621
5425846574070 1611
5430846669071 1615
5435846770766 1601
5440846885096 1296
5445846998825 1572
5450847114339 1553
5455847234671 1575
5460847345411 1573
5465847448115 1561
5470847557230 1239
5475847675002 1548
5480847791124 1539
5485847888945 1519
5490848012528 1500
5495848123328 1540
5500848224554 1267
5505848316575 1557
5510848409678 1537
5515848502798 1575
5520848606654 1553
5525848714473 1531
5530848816440 1260
5535848911437 1527
5540849007381 1507
5545849102255 1526
5550849198220 1526
5555849290080 1529
5560849389415 1269
5565849491343 1519
5570849585635 1500
5575849680945 1550
5580849774498 1542
5585849867174 1537
5590849961359 1202
5595850055674 1510
5600850149249 1507
5605850241077 1515
5610850335449 1510
5615850434418 1537
5620850543257 1217
5625850643419 1484
5630850764038 1479
5635850867639 1480
5640850960806 1531
5645851056401 1512
5650851150021 1182
5655851245710 1496
5660851346624 1481
5665851445132 1500
5670851546811 1506
5675851650048 1514
5680852690344 1196
5685852786517 1509
5690852887208 1496
5695852980000 1480
5700853074423 1487
5705853169599 1494
5710853261265 1210
5715853354829 1512
5720853448012 1515
5725853545720 1510
5730853645650 1484
5735853747099 1482
5740853856410 1147
5745853963037 1493
5750854075413 1475
5755854185687 1484
5760854295991 1506
5765854410274 1511
5770854515251 1154
5775854609412 1506
5780854710438 1486
5785854809240 1482
5790854908632 1473
5795855005274 1531
5800855137372 571
5805855316438 1
5810855410778 1147
5815855520229 1145
5820855623282 1164
5825855802874 564
5830855945444 0
5835856080645 0
5840856191886 67
5845856311639 0
5850856408507 0
5855856507751 0
5860856609167 0
5865856740450 4
5870856839289 13
5875856931649 0
5880857028212 574
5885857138075 1121
5890857283766 629
5895857383364 1
5900857519705 5
5905857630796 378
5910857737825 1569
5915857848496 1533
5920857990045 729
5925858148578 0
5930858247760 215
5935858359949 1511
5940858456894 1522
5945858554521 1532
5950858660734 1175
5955858764161 1507
5960858875167 1507
5965858984393 1520
5970859096170 1528
5975859201413 1513
5980859326073 1072
5985859431317 1536
5990859546185 1535
5995859656190 1517
6000859756500 1507
6005859860668 1528
6010859959701 1144
6015860040283 1546
6020860142850 1544
6025860245692 1555
6030860347687 1556
6035860442163 1535
6040860536132 997
6045860637647 1527
6050860741878 1540
6055860846177 1537
6060860953245 1561
6065861062122 1567
6070861186783 835
6075861292606 1553
6080861402061 1561
6085861505396 1551
6090861617301 1547
6095861726921 1559
6100861834299 903
6105861941144 1538
6110862063110 1563
6115862166981 1553
6120862271490 1564
6125862367124 1560
6130862494659 888
6135862585607 1530
6140862687912 1547
6145862786828 1572
6150862880138 1565
6155862969286 1557
6160863059820 1005
6165863154460 1533
6170863261698 1491
6175863358086 1494
6180863465059 1513
6185863577580 1493
6190863733937 901
6195863845921 1332
6200863957065 1521
6205864061085 1492
6210864177768 1481
6215864286995 1513
6220864386936 872
6225864480181 1420
6230864574093 1496
6235864675427 1509
6240864774538 1497
6245864872159 1492
6250864970177 1040
6255865064119 1486
6260865157189 1502
6265865253884 1482
6270865346006 1495
6275865447852 1511
6280865540994 1035
6285865632956 1493
6290865743110 1497
6295865852963 1520
6300865968645 1451
6305866085705 1478
6310866186353 1019
6315866288967 1482
6320866401763 1500
6325866514998 1515
6330866625735 1514
6335866726320 1362
6340866895895 1022
6345867050503 0
6350867195742 0
6355867334602 0
6360867429926 1216
6365867532438 1284
6370867642670 780
6375867783858 0
6380867879890 0
6385868025960 1
6390868122544 0
6395868253888 1
6400868401317 0
6405868541863 0
6410868677151 0
6415868827226 605
6420868940409 1089
6425869068274 942
6430869239534 905
6435869408964 0
6440869539795 0
6445869701769 0
6450869869739 0
6455869978439 1
6460870136776 0
6465870273790 33
6470870416925 0
6475870555621 0
6480870645014 372
6485870744419 794
6490870890178 896
6495871041480 0
6500871180922 0
6505871297544 0
6510871409180 0
6515871499944 1
6520871627574 0
6525871785643 12
6530871887429 0
6535871983317 428
6540872109133 1159
6545872261844 1002
6550872407451 1166
6555872542965 0
6560872663599 0
6565872788947 0
6570872913846 0
6575873044542 4
6580873167029 0
6585873297929 14
6590873426847 0
6595873551188 0
6600873644651 1247
6605873748068 1388
6610873926887 1238
6615874122851 1
6620874265065 0
6625874434564 0
6630874579419 5
6635874718640 0
6640874857337 1112
6645875008269 6
6650875162997 0
6655875254149 1396
6660875357949 1491
6665875456183 1480
6670875603602 1272
6675875704174 512
6680875798426 1505
6685875912326 1472
6690876015374 1494
6695876116024 1459
6700876288933 1304
6705876428103 72
6710876559744 558
6715876677097 1516
6720876795234 1495
6725876898182 1497
6730877032713 1336
6735877211765 52
6740877324095 501
6745877443443 1513
6750877564663 1538
6755877670670 1521
6760877822130 1357
6765877963485 16
6770878064777 456
6775878169292 1473
6780878274588 1461
6785878371567 1487
6790878516541 1360
6795878672770 63
6800878781148 476
6805878885659 1489
6810878985447 1494
6815879093042 1476
6820879241441 1391
6825879371688 11
6830879471926 262
6835879580649 1499
6840879691330 1472
6845879784348 1496
6850879917740 1412
6855880078142 4
6860880185000 255
6865880284093 1475
6870880380385 1491
6875880505733 1502
6880880631533 1420
6885880727653 17
6890880839724 19
6895880930015 1315
6900881022890 1518
6905881115664 1522
6910881216305 1471
6915881354963 4
6920881455849 117
6925881574929 1493
6930881680785 1525
6935881779603 1493
6940881905208 1477
6945882043234 7
6950882136873 351
6955882230328 1504
6960882321874 1534
6965882417792 1536
6970882517676 1554
6975882644640 22
6980882753852 83
6985882861316 1524
6990882973241 1531
6995883094434 1531
7000883213352 1529
7005883364127 41
7010883455515 36
7015883557636 1442
7020883652047 1499
7025883749221 1515
7030883848094 1532
7035883984354 54
7040884113119 271
7045884224519 1487
7050884345486 1535
7055884459626 1522
7060884553392 1524
7065884685553 122
7070884775549 128
7075884866985 1479
7080884960474 1500
7085885069868 1541
7090885169621 1524
7095885290133 121
7100885441578 5
7105885526059 1329
7110885626579 1504
7115885727201 1503
7120885822800 1532
7125885967533 131
7130886060192 231
7135886159493 1520
7140886259455 1545
7145886354091 1520
7150886452823 1533
7155886595831 158
7160886732258 2
7165886824685 1436
7170886934102 1519
7175887029951 1507
7180887124973 1499
7185887272965 209
7190887363445 264
7195887460165 1508
7200887559005 1491
7205887650008 1479
7210887742499 1484
7215887876789 199
7220888013281 33
7225888102465 1075
7230888201374 1496
7235888305181 1504
7240888413438 1489
7245888567583 242
7250888699658 8
7255888808949 1154
7260888913220 1468
7265889008691 1497
7270889111771 1522
7275889249238 258
7280889406178 15
7285889512266 1285
7290889621448 1503
7295889719609 1524
7300889811594 1497
7305889938415 284
7310890064720 13
7315890195130 217
7320890307265 1501
7325890430444 1489
7330890529590 1479
7335890654855 292
7340890787865 7
7345890883423 922
7350891015581 1501
7355891123958 1495
7360891221955 1498
7365891317192 318
7370891478027 60
7375891569775 185
7380891661108 1507
7385891771948 1484
7390891865421 1505
7395892015501 347
7400892165087 7
7405892255480 59
7410892350973 1502
7415892441132 1494
7420892530505 1503
7425892683196 378
7430892807567 9
7435892916637 113
7440893015922 1275
7445893108488 1499
7450893215769 1486
7455893334205 386
7460893467669 8
7465893547794 42
7470893637256 1489
7475893737912 1462
7480893831276 1461
7485893971638 443
7490894115277 0
7495894236916 13
7500894329879 1010
7505894431002 1500
7510894526728 1485
7515894656372 442
7520894790742 2
7525894883131 768
7530894987131 1492
7535895086014 1496
7540895185792 1489
7545895354409 461
7550895494400 3
7555895591070 431
7560895694799 1498
7565895793245 1510
7570895887566 1522
7575896015629 512
7580896112454 0
7585896211435 566
7590896306325 1512
7595896416053 1490
7600896507380 1475
7605896638335 518
7610896791370 20
7615896887101 516
7620896993031 1509
7625897094703 1496
7630897185882 1484
7635897313089 509
7640897449789 61
7645897572996 61
7650897678580 163
7655897783152 1508
7660897875184 1490
7665897976561 535
7670898100539 10
7675898188441 583
7680898295383 1440
7685898410380 1478
7690898510376 1479
7695898642720 626
7700898742641 12
7705898868756 22
7710898961230 1442
7715899056198 1478
7720899151879 1503
7725899282951 618
7730899431650 14
7735899536099 50
7740899631890 1416
7745899730774 1488
7750899829824 1499
7755899969122 648
7760900072451 12
7765900161031 182
7770900255559 1471
7775900351514 1489
7780900447568 1492
7785900593155 670
7790900785585 38
7795900969833 10
7800901061550 980
7805901161916 1506
7810901256792 1480
7815901382660 672
7820901513733 1
7825901601412 237
7830901689666 1492
7835901779285 1493
7840901869570 1488
7845902028458 701
7850902177581 5
7855902328409 72
7860902432162 1259
7865902534743 1492
7870902642682 1512
7875902791000 722
7880902935747 4
7885903136402 25
7890903223324 600
7895903317471 1489
7900903417612 1515
7905903576780 738
7910903698414 28
7915903850348 33
7920903941371 1414
7925904034506 1498
7930904138856 1487
7935904283057 770
7940904425629 5
7945904526835 30
7950904632409 919
7955904741787 1476
7960904857688 1491
7965905012572 836
7970905121493 8
7975905232984 245
7980905335403 1482
7985905438296 1485
7990905540391 1500
7995905688618 789
8000905858656 2
8005905952626 808
8010906048325 1491
8015906145176 1491
8020906245097 1488
8025906425542 863
8030906532179 62
8035906681700 10
8040906777131 1210
8045906871255 1499
8050906963604 1501
8055907130232 874
8060907241398 5
8065907324508 1331
8070907421273 1490
8075907521631 1491
8080907611727 1519
8085907811159 889
8090907970935 4
8095908034311 721
8100908143334 1498
8105908251700 1490
8110908362561 1473
8115908465215 891
8120908570675 1
8125908706115 0
8130908787017 1337
8135908883375 1492
8140908992109 1484
8145909157991 904
8150909307684 5
8155909433634 7
8160909529130 1361
8165909627244 1476
8170909722911 1503
8175909856316 931
8180910004467 1
8185910091724 401
8190910202505 1471
8195910311729 1484
8200910408316 1497
8205910537296 998
8210910675355 14
8215910809117 45
8220910901503 593
8225910997238 1498
8230911094814 1504
8235911249219 995
8240911404684 8
8245911555007 1
8250911657553 389
8255911758086 1484
8260911876691 1485
8265912038154 1031
8270912186975 10
8275912356663 117
8280912449734 381
8285912541466 1493
8290912649629 1499
8295912789875 1056
8300912944163 0
8305913041370 703
8310913143928 1487
8315913252226 1496
8320913348670 1496
8325913492425 1048
8330913651906 1
8335913755028 863
8340913856156 1505
8345913949883 1487
8350914057101 1484
8355914229045 1116
8360914376579 117
8365914474427 86
8370914568010 1478
8375914663232 1468
8380914754581 1465
8385914953534 1123
8390915071942 2
8395915213287 23
8400915306415 789
8405915406668 1488
8410915501003 1478
8415915689518 1110
8420915784680 7
8425915940824 0
8430916038446 1131
8435916133254 1474
8440916226253 1485
8445916355080 1160
8450916505644 7
8455916663764 1
8460916770007 1215
8465916880643 1480
8470917011295 1477
8475917149979 1180
8480917299873 15
8485917457875 25
8490917555200 342
8495917659349 1489
8500917761982 1488
8505917907056 1208
8510918043911 63
8515918139816 13
8520918232785 1209
8525918333247 1491
8530918433272 1482
8535918526439 1225
8540918647916 1
8545918788991 19
8550918878394 616
8555918995623 1473
8560919096432 1458
8565919210002 1268
8570919344280 41
8575919466990 4
8580919562403 939
8585919654095 1500
8590919750481 1473
8595919906755 1284
8600920071223 2
8605920228787 1
8610920313805 1035
8615920415769 1506
8620920526549 1489
8625920694810 1281
8630920843899 4
8635920974611 0
8640921062404 763
8645921160913 1489
8650921252397 1490
8655921388994 1312
8660921531005 3
8665921638674 3
8670921732350 1042
8675921831228 1465
8680921923709 1478
8685922066778 1335
8690922250812 1
8695922352454 24
8700922446960 1452
8705922548636 1527
8710922647525 1505
8715922747713 1414
8720922914149 21
8725923032695 4
8730923126741 1418
8735923222412 1508
8740923330315 1511
8745923464493 1407
8750923629307 4
8755923743116 13
8760923849555 223
8765923958905 1477
8770924059766 1501
8775924186419 1450
8780924347215 1
8785924560344 56
8790924649797 173
8795924743173 1515
8800924840247 1513
8805924965206 1488
8810925104730 26
8815925219842 12
8820925311183 32
8825925411464 1052
8830925505333 1496
8835925617889 1494
8840925757143 6
8845925855706 61
8850925947092 1520
8855926048871 1482
8860926142511 1491
8865926238495 1496
8870926397732 9
8875926525460 42
8880926654624 25
8885926757382 1333
8890926853587 1514
8895926948293 1504
8900927074122 26
8905927174721 3
8910927286113 843
8915927382096 1500
8920927482983 1482
8925927579118 1501
8930927717915 53
8935927866559 17
8940927959311 475
8945928079169 1508
8950928193941 1503
8955928296793 1482
8960928388960 87
8965928510164 4
8970928605067 374
