12984171056305 2193
12989171228152 2166
12994171425773 2032
12999171585355 2053
13004171708531 2016
13009171819354 2031
13014172038677 2043
13019172269731 2011
13024172379871 1990
13029172533303 1960
13034172655211 1991
13039172758694 1872
13044172860557 1837
13049172956355 1849
13054173139118 1871
13059173300686 1910
13064173415320 1924
13069173512748 1861
13074173650137 1871
13079173745504 1922
13084173842051 1839
13089173938252 1834
13094174129562 1842
13099174317440 1866
13104174482368 1955
13109174602249 1912
13114174717132 1837
13119174813050 1915
13124175061886 1901
13129175203244 1851
13134175303564 1820
13139175401453 1846
13144175515580 1911
13149175616216 1845
13154175729335 1819
13159175869439 1861
13164175963805 1825
13169176062849 1851
13174176183384 1869
13179176293260 1828
13184176504639 1841
13189176605039 1898
13194176805247 1841
13199177060791 2002
13204177177336 1825
13209177277248 1884
13214177371393 1819
13219177473920 1892
13224177664479 1857
13229177763179 1850
13234177922360 1928
13239178025504 1777
13244178129797 1805
13249179193481 1842
13254179305028 1844
13259179422666 1850
13264179625076 1889
13269179744981 1823
13274179843859 1831
13279179962205 1828
13284180118907 1925
13289180247373 1844
13294180347275 1894
13299180533392 1868
13304180633284 1820
13309180727949 1808
13314180820662 1782
13319180915787 1893
13324181015019 1839
13329181123804 1857
13334181224503 1839
13339181329572 1823
13344181439864 1832
13349181582233 1891
13354181672928 1858
13359181765013 1856
13364181854821 1838
13369181948516 1877
13374182039280 1816
13379182143241 1816
13384182242225 1839
13389182342599 1943
13394182434459 1845
13399182526506 1831
13404182616568 1838
13409182745535 1812
13414182842581 1802
13419182937919 1878
13424183032711 1854
13429183130040 1845
13434183227777 1829
13439183338701 1840
13444183442615 1859
13449183538698 1826
13454183639004 1931
13459183766531 1798
13464183860159 1866
13469183952110 1821
13474184032737 1893
13479184121368 1886
13484184218031 1797
13489184329618 1804
13494184438410 1898
13499184535280 1887
13504184625679 1849
13509184725976 1814
13514184838010 1861
13519184949842 1854
13524185062078 1813
13529185156236 1819
13534185276630 1819
13539185383154 1829
13544185487950 1792
13549185579935 1882
13554185682676 1954
13559185780133 1802
13564185891046 1790
13569185988921 1874
13574186094750 1749
13579186192207 1718
13584186282115 1715
13589186400123 1732
13594186490397 1773
13599186595275 1755
13604186703815 1742
13609186802784 1780
13614186901049 1768
13619186993336 1804
13624187084875 1814
13629187177943 1745
13634187269294 1751
13639187363164 1760
13644187465338 1754
13649187561245 1763
13654187656509 1742
13659187757971 1763
13664187863123 1760
13669187972741 1797
13674188080320 1821
13679188173858 1831
13684188294649 1797
13689188392526 1794
13694188502528 1807
13699188591481 1847
13704188684484 1815
13709188779136 1832
13714188871797 1841
13719188974246 1820
13724189065494 1820
13729189166658 1791
13734189268877 1823
13739189369881 1815
13744189497348 1791
13749189596253 1782
13754189687831 1812
13759189781317 1804
13764189879345 1821
13769189978449 1818
13774190072680 1842
13779190168048 1852
13784190267524 1840
13789190371039 1842
13794190485189 1748
13799190578175 1910
13804190681532 1846
13809190775457 1827
13814190866699 1739
13819190961092 1791
13824191060069 1812
13829191164243 1815
13834191265901 1787
13839191358775 1820
13844191452787 1820
13849191554281 1855
13854191665127 1796
13859191762838 1819
13864191858088 1838
13869191957406 1825
13874192059821 1862
13879192154700 1812
13884192257329 1862
13889192361611 1823
13894192461525 1842
13899192570506 1802
13904192662517 1866
13909192753723 1814
13914192842305 1850
13919192931811 1817
13924193038827 1785
13929193130869 1873
13934193229028 1778
13939193337406 1788
13944193453366 1800
13949193551017 1817
13954193653039 1765
13959193763927 1798
13964193878017 1830
13969193979430 1774
13974194077429 1787
13979194178805 1833
13984194276347 1809
13989194371397 1786
13994194501295 1846
13999194599518 1845
14004194698252 1801
14009194802891 1819
14014194927809 1864
14019195037314 1800
14024195149520 1845
14029195255758 1806
14034195364071 1795
14039195472168 1781
14044195580500 1791
14049195691397 1849
14054195787842 1793
14059195881241 1820
14064195980998 1809
14069196092553 1823
14074196216234 1776
14079196341471 1760
14084196446674 1776
14089196550001 1800
14094196663416 1787
14099196775675 1790
14104196894196 1781
14109197004971 1849
14114197106537 1773
14119197213021 1805
14124197312675 1813
14129197412266 1825
14134197506734 1770
14139197604993 1807
14144197709569 1802
14149197811237 1785
14154197906463 1786
14159198018235 1775
14164198123807 1797
14169198227152 1763
14174198319579 1820
14179198425125 1785
14184198538694 1839
14189198650693 1790
14194198747301 1805
14199198847415 1785
14204198948244 1846
14209199039024 1771
14214199130425 1756
14219199227563 1830
14224199333930 1829
14229199441411 1799
14234199543336 1772
14239199646728 1776
14244199741186 1796
14249199835672 1819
14254199943533 1801
14259200048605 1815
14264200145969 1824
14269200247420 1803
14274200354095 1756
14279200464797 1795
14284200594978 1805
14289200694655 1798
14294200801246 1796
14299200906153 1776
14304201014119 1828
14309201127572 1867
14314201253098 1814
14319201346944 1833
14324201469080 1811
14329201567812 1806
14334201673489 1763
14339201769115 1787
14344201864670 1750
14349201969276 1821
14354202066626 1810
14359202165714 1791
14364202297320 1889
14369202401484 1835
14374202500421 1819
14379202589370 1822
14384202689585 1835
14389202793167 1819
14394202894092 1803
14399202997092 1797
14404203096735 1782
14409203190750 1839
14414203285577 1806
14419203380322 1790
14424203480074 1770
14429203581040 1806
14434203680058 1786
14439203781962 1790
14444203880575 1804
14449203981116 1817
14454204085941 1789
14459204184564 1794
14464204282213 1790
14469204378537 1802
14474204470117 1805
14479204575743 1828
14484204699404 1761
14489204799515 1803
14494204897477 1849
14499205003375 1749
14504205110035 1790
14509205209371 1797
14514205325825 1792
14519205428705 1859
14524205538864 1828
14529205643305 1776
14534205736865 1849
14539205835604 1802
14544205949868 1806
14549206053595 1805
14554206142677 1801
14559206240232 1814
14564206344430 1784
14569206445029 1842
14574206538017 1812
14579206638864 1854
14584206740999 1847
14589206844946 1813
14594206951464 1818
14599207057571 1791
14604207163780 1795
14609207274844 1827
14614207370859 1849
14619207484006 1819
14624207593984 1788
14629207699996 1850
14634207800878 1845
14639207895537 1807
14644207992366 1795
14649208107343 1867
14654208209498 1814
14659208328811 1822
14664208422392 1827
14669208541349 1858
14674208655850 1838
14679208755640 1833
14684208850389 1808
14689208967244 1810
14694209061786 1785
14699209160038 1813
14704209272375 1821
14709209391255 1786
14714209503727 1826
14719209609667 1798
14724209709530 1798
14729209805570 1916
14734209915516 1822
14739210029744 1782
14744210129493 1850
14749210217557 1793
14754210318564 1765
14759210422767 1841
14764210527528 1824
14769210630069 1829
14774210721301 1845
14779210814068 1816
14784210910099 1843
14789211026041 1839
14794211141778 1799
14799211246898 1869
14804211349390 1814
14809211446109 1821
14814211545310 1803
14819211645701 1822
14824211748576 1839
14829211849979 1864
14834211950159 1783
14839212054697 1830
14844212159349 1827
14849212270262 1852
14854212363939 1810
14859212467327 1815
14864212567341 1787
14869212664474 1830
14874212764567 1792
14879212864087 1823
14884212962295 1839
14889213067687 1815
14894213171866 1795
14899213276596 1794
14904213385566 1836
14909213502384 1816
14914213617372 1810
14919213720567 1808
14924213828083 1826
14929213959906 1837
14934214062639 1803
14939214162981 1835
14944214263851 1811
14949214364786 1833
14954214496834 1832
14959214602333 1822
14964214720904 1805
14969214835584 1792
14974214940987 1853
14979215043390 1802
14984215142380 1829
14989215241843 1831
14994215331079 1830
14999215429650 1802
15004215537318 1841
15009215641014 1794
15014215740246 1846
15019215832908 1832
15024215929119 1894
15029216027466 1814
15034216129119 1777
15039216234929 1823
15044216342118 1839
15049216480899 1812
15054216582052 1869
15059216686479 1769
15064216781085 1812
15069216883088 1822
15074217002942 1810
15079217101955 1794
15084217214152 1796
15089217325145 1791
15094217428718 1805
15099217553339 1822
15104217654522 1775
15109217752998 1784
15114217856404 1817
15119217953377 1819
15124218051412 1827
15129218146238 1852
15134218245633 1820
15139218344399 1775
15144218445117 1836
15149218538562 1777
15154218627389 1791
15159218745574 1796
15164218845544 1786
15169218936975 1855
15174219033015 1804
15179219131445 1804
15184219230201 1810
15189219341414 1811
15194219447797 1792
15199219572630 1823
15204219674506 1804
15209219777345 1823
15214219901137 1807
15219220019500 1843
15224220119347 1827
15229220217912 1804
15234220309971 1826
15239220412512 1809
15244220531250 1797
15249220643154 1847
15254220771287 1835
15259220872083 1806
15264220970718 1784
15269221072137 1825
15274221210588 1835
15279221317122 1782
15284221423178 1846
15289221520236 1838
15294221626255 1811
15299221730732 1804
15304221837499 1821
15309221946599 1821
15314222049857 1816
15319222159087 1834
15324222261589 1793
15329222365459 1795
15334222463671 1804
15339222571359 1849
15344222673477 1795
15349222769263 1825
15354222861498 1800
15359222962823 1831
15364223089478 1817
15369223195167 1848
15374223305053 1856
15379223414604 1795
15384223515018 1803
15389223613524 1835
15394223713115 1789
15399223822446 1833
15404223932653 1821
15409224026225 1822
15414224123763 1800
15419224215433 1764
15424224317018 1799
15429224439406 1824
15434224557420 1825
15439224653276 1802
15444224748067 1819
15449224851154 1842
15454224943913 1814
15459225037575 1829
15464225136592 1802
15469225238677 1763
15474225346161 1826
15479225443892 1821
15484225535777 1782
15489225633846 1813
15494225724487 1841
15499225861080 1792
15504225962223 1820
15509226066830 1806
15514226163741 1828
15519226257741 1774
15524226355859 1814
15529226486647 1800
15534226591130 1839
15539226690188 1844
15544226788775 1807
15549226900434 1804
15554227020291 1836
15559227141981 1821
15564227241998 1801
15569227344255 1803
15574227453500 1821
15579227572961 1794
15584227671809 1784
15589227777376 1847
15594227873362 1835
15599227999737 1835
15604228117776 1810
15609228212781 1806
15614228310844 1838
15619228417525 1840
15624228557032 1793
15629228674788 1805
15634228785809 1816
15639228900210 1805
15644229006933 1807
15649229107335 1809
15654229206732 1813
15659229315294 1774
15664229427508 1837
15669229537947 1784
15674229657344 1776
15679229789830 1856
15684229909900 1787
15689230010755 1872
15694230146452 1848
15699230244771 1828
15704230351191 1815
15709230457929 1838
15714230551099 1806
15719230659532 1832
15724230805153 1862
15729230948471 1795
15734231069901 1798
15739231188498 1828
15744231302227 1804
15749231444371 1789
15754231555816 1775
15759231658536 1780
15764231760717 1809
15769231862581 1832
15774231957983 1810
15779232058995 1808
15784232168286 1801
15789232272054 1793
15794232363160 1834
15799232479381 1859
15804232587147 1838
15809232697738 1805
15814232810594 1839
15819232931163 1812
15824233045215 1807
15829233162762 1839
15834233267082 1827
15839233363575 1818
15844233467696 1799
15849233577074 1796
15854233683546 1813
15859233783369 1817
15864233878344 1777
15869233994812 1797
15874234090204 1824
15879234188979 1782
15884234292273 1820
15889234418705 1794
15894234520993 1791
15899234624663 1811
15904234730115 1790
15909234863949 1781
15914234984718 1826
15919235140810 1791
15924235248870 1829
15929235363478 1807
15934235476422 1841
15939235575554 1822
15944235684058 1798
15949235780335 1888
15954235871745 1780
15959235964218 1810
15964236058993 1782
15969236153727 1834
15974236250944 1817
15979236347201 1829
15984236455260 1841
15989236587951 1797
15994236713324 1783
15999236832905 1879
16004236935065 1844
16009237037319 1825
16014237133248 1794
16019237249936 1818
16024237351247 1794
16029237447062 1810
16034237569571 1807
16039237666982 1837
16044237762491 1822
16049237856919 1797
16054237957792 1831
16059238056619 1792
16064238168343 1789
16069238268397 1802
16074238366353 1816
16079238467097 1810
16084238568083 1838
16089238672760 1817
16094238771049 1820
16099238874829 1792
16104238976181 1782
16109239094171 1844
16114239191316 1780
16119239278289 1796
16124239386335 1857
16129239479326 1814
16134239580136 1782
16139239679602 1742
16144239783156 1772
16149239896878 1828
16154240013311 1828
16159240115876 1848
16164240221482 1834
16169240313949 1825
16174240412811 1862
16179240520431 1835
16184240625349 1823
16189240759112 1816
16194240861489 1856
16199240961927 1798
16204241081614 1789
16209241195955 1828
16214241300408 1789
16219241399891 1816
16224241510788 1802
16229241624806 1805
16234241727622 1797
16239241826172 1816
16244241921991 1809
16249242016715 1798
16254242119394 1801
16259242239934 1822
16264242347805 1795
16269242460130 1826
16274242563721 1825
16279242666285 1834
16284242764404 1864
16289242862277 1828
16294242979405 1836
16299243079334 1822
16304243185306 1812
16309243289601 1833
16314243385406 1818
16319243500566 1774
16324243599426 1763
16329243726496 1839
16334243843924 1820
16339243981525 1772
16344244098621 1810
16349244211523 1841
16354244336267 1766
16359244438214 1810
16364244541219 1817
16369244641558 1813
16374244737925 1798
16379244830963 1784
16384244922258 1803
16389245014981 1824
16394245111265 1803
16399245222330 1842
16404245327262 1789
16409245427445 1821
16414245534789 1788
16419245642374 1804
16424245736976 1861
16429245835775 1814
16434245936131 1804
16439246062231 1844
16444246169843 1836
16449246284896 1863
16454246390243 1799
16459246490354 1794
16464246592239 1781
16469246688904 1774
16474246811838 1814
16479246931998 1754
16484247029583 1812
16489247124379 1784
16494247227817 1780
16499247325427 1806
16504247424351 1817
16509247521596 1801
16514247613543 1773
16519247708636 1813
16524247822650 1813
16529247917056 1812
16534248019417 1829
16539248126309 1830
16544248235501 1856
16549248350041 1787
16554248458474 1768
16559248574295 1817
16564248677473 1803
16569248782991 1848
16574248909076 1820
16579249017077 1802
