47251251982409 1107
47256252116043 1725
47261252268327 2015
47266252422000 2431
47271252567481 2782
47276252673988 3333
47281252811383 3743
47286252952731 3908
47291253097519 3978
47296253235335 4477
47301253355299 4175
47306253502633 7723
47311253641999 11015
47316253752039 13113
47321253841677 14916
47326253929182 16073
47331254039511 16805
47336254150550 17173
47341254267946 17563
47346254372547 17859
47351254465423 18192
47356254560822 18079
47361254665771 17550
47366254767647 17862
47371254859883 17765
47376254988695 17664
47381255082004 17983
47386255173964 17909
47391255284968 18505
47396255376265 18631
47401255459150 18867
47406255549359 18744
47411255627971 18868
47416255721926 18803
47421255823990 18669
47426255932028 18176
47431256028105 17735
47436256135067 18144
47441256228785 17905
47446256330590 18931
47451256410966 18829
47456256489343 18922
47461256571750 18844
47466256665340 19072
47471256739507 18897
47476256820430 18976
47481256904949 19010
47486257019226 19101
47491257114485 19041
47496257247373 19005
47501257344011 18905
47506257438434 19125
47511257530827 19085
47516257627641 18670
47521257726047 18849
47526257803277 19310
47531257895939 18674
47536257991576 18904
47541258092624 19130
47546258193840 19250
47551258289831 19463
47556258394803 19287
47561259278532 19271
47566259355544 19258
47571259450972 19367
47576259564422 19221
47581259656094 19151
47586259753397 19296
47591259870119 19356
47596259966799 19419
47601260082854 19371
47606260167374 19216
47611260278487 19299
47616260368876 19393
47621260466142 19205
47626260564556 19522
47631260648527 19341
47636260735331 19328
47641260848943 19255
47646260934604 19372
47651261021388 19239
47656261114407 19323
47661261212655 19313
47666261313508 19404
47671261428337 19620
47676261515631 19236
47681261633659 19269
47686261724446 19228
47691261810981 19298
47696261909011 19365
47701261986107 19105
47706262070954 19211
47711262163356 19167
47716262269733 19103
47721262383963 18969
47726262499970 19181
47731262589450 19190
47736262700454 19316
47741262806238 19122
47746262883682 19222
47751262998199 19349
47756263089329 19273
47761263203800 19255
47766263287779 19279
47771263369007 19254
47776263459215 19208
47781263568398 19147
47786263652372 19396
47791263766319 19260
47796263867543 19437
47801263978650 19618
47806264072657 19315
47811264157535 19213
47816264269003 19445
47821264378333 19261
47826264454970 19348
47831264545972 19500
47836264644699 19432
47841264763840 19580
47846264852631 19304
47851264943114 19539
47856265045049 19378
47861265148448 19449
47866265244573 19342
47871265357600 19617
47876265443617 19316
47881265567567 19334
47886265680142 19324
47891265764626 19332
47896265854160 19416
47901265965164 19490
47906266051498 19572
47911266137930 19319
47916266219107 19410
47921266293596 19169
47926266395247 19282
47931266476256 19469
47936266601830 19317
47941266693299 19387
47946266780137 19383
47951266870496 19367
47956266954817 19440
47961267042850 19449
47966267125589 19658
47971267209021 19455
47976267300292 19299
47981267393482 19432
47986267509911 19524
47991267611314 19453
47996267727106 19450
48001267834682 19199
48006267951412 19444
48011268018349 19526
48016268117102 19533
48021268200333 19496
48026268315976 19486
48031268402133 19261
48036268488661 19432
48041268576571 19408
48046268699892 19524
48051268788105 19425
48056268877424 19431
48061268959282 19411
48066269060255 19476
48071269156042 19317
48076269235474 19410
48081269312356 19448
48086269400780 19428
48091269486470 19498
48096269574491 19462
48101269654077 19597
48106269771787 19334
48111269861233 19359
48116269939194 19567
48121270022236 19464
48126270143942 19441
48131270234132 19278
48136270326258 19371
48141270434309 19332
48146270520843 19373
48151270644034 19628
48156270749623 19454
48161270869635 19353
48166270959555 19322
48171271076283 19471
48176271161260 19411
48181271240315 19510
48186271354451 19430
48191271468941 19436
48196271551176 19400
48201271629328 19265
48206271708384 19331
48211271792777 19481
48216271911587 19401
48221272026107 19445
48226272114461 19621
48231272199933 19518
48236272280466 19334
48241272363871 19305
48246272449048 19486
48251272571173 19342
48256272681763 19639
48261272793150 19473
48266272875675 19448
48271272982122 19465
48276273083267 19563
48281273201343 19542
48286273286486 19446
48291273373701 19642
48296273459067 19556
48301273591422 19376
48306273676376 19444
48311273800886 19323
48316273889940 19428
48321274007377 19382
48326274094808 19399
48331274200712 19594
48336274328428 19337
48341274444292 19583
48346274532144 19479
48351274617455 19473
48356274716678 19541
48361274797180 19638
48366274881661 19287
48371274991021 19397
48376275104197 19625
48381275226936 19492
48386275311587 19664
48391275396762 19558
48396275507211 19475
48401275592705 19293
48406275688983 19504
48411275773235 19358
48416275856383 19476
48421275943662 19546
48426276034882 19411
48431276135050 19378
48436276222253 19270
48441276307819 19521
48446276411436 19350
48451276503901 19473
48456276640416 19528
48461276756207 19403
48466276864004 19511
48471276967807 19540
48476277062990 19449
48481277169890 19500
48486277254632 19325
48491277337181 19387
48496277451209 19301
48501277535781 19455
48506277621698 19524
48511277706950 19394
48516277797228 19278
48521277889429 19521
48526277979241 19401
48531278100716 19612
48536278205991 19707
48541278280085 19809
48546278363290 19519
48551278454944 19545
48556278543892 19599
48561278657277 19528
48566278774148 19646
48571278862661 19586
48576278989777 19306
48581279071356 19722
48586279148496 19571
48591279237991 19226
48596279324493 19633
48601279407717 19267
48606279519824 19325
48611279625506 19625
48616279715713 19246
48621279798969 19332
48626279892612 19713
48631279978086 19382
48636280068570 19498
48641280182908 19503
48646280298454 19539
48651280416607 19625
48656280557287 19474
48661280633218 19648
48666280713117 19518
48671280804134 19574
48676281685216 19474
48681281787284 19538
48686281872156 19657
48691281953840 19383
48696282039005 19496
48701282141483 19508
48706282226818 19672
48711282356279 19417
48716282468499 19337
48721282552980 19641
48726282652760 19416
48731282770249 19533
48736282872266 19782
48741282989932 19433
48746283093615 19529
48751283203125 19383
48756283317558 19623
48761283403981 19434
48766283494090 19328
48771283581738 19444
48776283674141 19346
48781283773317 19388
48786283891283 19650
48791284020798 19540
48796284115398 19346
48801284198626 19390
48806284277288 19457
48811284360174 19566
48816284451504 19620
48821284542679 19336
48826284622965 19543
48831284703038 19395
48836284812621 19523
48841284944181 19736
48846285044118 19384
48851285111734 19710
48856285228093 19751
48861285315113 19612
48866285425866 19516
48871285510647 19451
48876285583519 19354
48881285676599 19406
48886285785625 19481
48891285877889 19420
48896285974117 19827
48901286075003 19618
48906286158276 19430
48911286264577 19453
48916286349753 19501
48921286442874 19519
48926286554325 19672
48931286650287 19432
48936286738681 19543
48941286852311 19462
48946286934872 19392
48951287017281 19515
48956287106177 19379
48961287191623 19466
48966287316816 19723
48971287398790 19826
48976287480946 19365
48981287604390 19387
48986287744300 19823
48991287832231 19407
48996287931999 19507
49001288012922 19301
49006288115850 19313
49011288215247 19515
49016288298340 19545
49021288378724 19457
49026288495808 19309
49031288604207 19342
49036288692450 19442
49041288767787 19399
49046288852619 19300
