37499277676820 4319
37504277845611 3971
37509277995596 4013
37514278150169 3997
37519278274693 3921
37524278421926 3892
37529278549145 3890
37534278686646 3765
37539278819115 3811
37544278934157 3882
37549279050137 3816
37554279160632 3860
37559279257293 3754
37564279373240 3659
37569279504158 3766
37574279617993 3678
37579279734175 3657
37584279859402 3677
37589279978567 3741
37594280123507 3498
37599280234558 3661
37604280356614 3647
37609280463786 3687
37614280603666 3649
37619280750963 3616
37624280891278 3567
37629281010603 3687
37634281133377 3662
37639281244252 3702
37644281370448 3783
37649281482628 3676
37654281616538 3560
37659281777015 3682
37664281913312 3135
37669282031499 2261
37674282149615 1038
37679282263472 785
37684282398688 1101
37689282502018 1094
37694282652686 2098
37699282783947 2932
37704282905687 3428
37709283024890 3585
37714283146555 3619
37719283289716 3725
37724283393089 3537
37729283526008 3689
37734283657795 3545
37739283771799 3627
37744283897389 3601
37749284052203 3655
37754284173249 3601
37759284319734 3551
37764284438253 3597
37769284552978 3645
37774284652248 3580
37779284752327 3659
37784284861789 3562
37789284980714 3577
37794285102145 3511
37799285211175 3579
37804285326914 3607
37809285469492 3568
37814285593281 3604
37819285711718 3582
37824285831473 3486
37829285974354 3570
37834286082565 3520
37839286214273 3588
37844286320313 3569
37849286449596 3474
37854286564870 3591
37859286705221 3551
37864286820827 2584
37869286948261 1981
37874287073641 1514
37879287211194 1250
37884287334283 916
37889287460932 950
37894287598850 757
37899287715800 888
37904287822328 1286
37909287930172 1483
37914288030004 1744
37919288133340 2066
37924288249755 2836
37929288366652 3187
37934288488638 3704
37939288607810 3647
37944288718800 3669
37949288833345 3664
37954288953518 3704
37959289078653 3568
37964289205720 3616
37969289357902 3457
37974289481261 3604
37979289591068 3545
37984289718111 3574
37989289829757 3675
37994289954873 3709
37999290053888 3744
38004290158622 3694
38009290280786 3468
38014290399712 3515
38019290516660 3319
38024290619118 3500
38029290736502 3443
38034290844140 3501
38039290952079 3497
38044291061034 3548
38049291199551 3378
38054291315514 3547
38059291408439 3527
38064291525252 3507
38069291642540 3513
38074291757857 3518
38079291869916 3409
38084291987230 3517
38089292092935 3429
38094292189422 3595
38099292295943 3469
38104292421448 3469
38109292544354 3298
38114292669448 3526
38119292805434 3375
38124292914588 3489
38129293059962 3454
38134293169542 3420
38139293266652 3257
38144293369087 3510
38149293487583 3508
38154293618596 3530
38159293737815 3448
38164293848196 3444
38169293972802 3288
38174294070310 3590
38179294181480 3513
38184294288632 3512
38189294417483 3499
38194294535723 3435
38199294683224 3321
38204294818786 3609
38209294931682 3634
38214295059550 3637
38219295169321 3563
38224295297555 3603
38229295414304 3374
38234295548219 3657
38239295671836 3593
38244295807724 3682
38249295925293 3585
38254296026261 3669
38259296145436 3420
38264296257421 3670
38269296370593 3668
38274296484964 3653
38279296599015 3552
38284296716208 3622
38289296823193 3370
38294296926389 3717
38299297064660 3772
38304297174594 3647
38309297294390 3601
38314297422139 3664
38319297570369 3387
38324297677183 3632
38329297788745 3595
38334297905131 3545
38339298022649 3439
38344298174748 3478
38349298298747 3310
38354298427444 3561
38359298535038 3555
38364298658870 3512
38369298786313 3528
38374298905119 3524
38379299013963 3377
38384299124210 3570
38389299229466 3583
38394299340586 3461
38399299451240 3489
38404299584022 3507
38409299711502 3226
38414299832032 3594
38419299956231 3549
38424300037712 3453
38429300149618 3640
38434300279617 3657
38439300384976 3324
38444300494987 3728
38449300631552 3758
38454300747395 3692
38459300881949 3417
38464300999019 3640
38469301107198 3317
38474301222223 3333
38479301346435 3543
38484301461555 3564
38489301590870 3511
38494301707097 3543
38499301820067 3319
38504301946627 3583
38509302057179 3576
38514302191367 3579
38519302291432 3526
38524302395542 3533
38529302506500 3431
38534302618480 3541
38539302729683 3569
38544302843572 3555
38549302959704 3544
38554303065589 3548
38559303178938 3229
38564303288556 3587
38569303417104 3544
38574303528119 3597
38579303632425 3548
38584303740678 3500
38589303873244 3329
38594303989710 3588
38599304125053 3497
38604304246489 3520
38609304353495 3592
38614304488535 3441
38619304603063 3263
38624304721247 3584
38629304835225 3584
38634304950887 3482
38639305070679 3549
38644305205675 3486
38649305321827 3312
38654305429257 3501
38659305572415 3442
38664305685108 3463
38669305806999 3593
38674305920102 3513
38679306026667 3260
38684306150986 3608
38689306261574 3497
38694306370001 3529
38699306500591 3482
38704306630341 3453
38709306738716 3248
38714306853082 3538
38719306980579 3465
38724307110287 3360
38729307219227 3609
38734307320070 3363
38739307462187 3178
38744307580934 3485
38749307690257 3505
38754307808239 3425
38759307917777 3575
38764308032211 3522
38769308133306 3191
38774308248029 3602
38779308354084 3513
38784308472105 3507
38789308574448 3529
38794308689780 3495
38799308815454 3193
38804308921034 3563
38809309031726 3498
38814309138976 3573
38819309233320 3494
38824309346235 3482
38829309451175 3218
38834309553543 3516
38839309659691 3483
38844309782104 3513
38849309882020 3476
38854309995827 3426
38859310093695 3050
38864310185016 3562
38869310295242 3526
38874310387284 3376
38879310489422 3623
38884310624663 3174
38889310741573 3316
38894310855534 3672
38899310958579 3669
38904311068561 3678
38909311168589 3590
38914311264170 3657
38919311354292 3154
38924311455127 3715
38929311551942 3406
38934311662699 3362
38939311768060 3360
38944311888837 3431
38949312014561 3176
38954312127147 3450
38959312240067 3451
38964312348921 3408
38969312462263 3426
38974312571885 3512
38979312677739 3159
38984312804961 3593
38989312941204 3555
38994313061291 3372
38999313177472 3493
39004313294172 3507
39009313443020 3193
39014313549610 3447
39019313663090 3456
39024313778645 3438
39029313888712 3463
39034314021608 3394
39039314129994 3165
39044314234236 3446
39049314358736 3558
39054314472503 3408
39059314585712 3517
39064314725884 3372
39069314836819 3104
39074314932758 3505
39079315029679 3474
39084315148981 3360
39089315254593 3517
39094315359058 3434
39099315466488 3150
39104315561605 3420
39109315671568 3532
39114315785704 3381
39119315943956 3445
39124316063510 3465
39129316170817 3200
39134316265257 3590
39139316384162 3484
39144316516094 3425
39149316615601 3533
39154316740676 3401
39159316874062 3089
39164316985031 3408
39169317085488 3459
39174317195238 3353
39179317314044 3370
39184317445351 3488
39189317573929 3163
39194317707967 3493
39199317817897 3459
39204317931124 3355
39209318062604 3473
39214318179089 3324
39219318292176 3140
39224318416839 3551
39229318549786 3406
39234318679318 3412
39239318802622 3368
39244318924136 3497
39249319061178 3024
39254319163264 3521
39259319256849 3446
39264319350123 3500
39269319462997 3404
39274319581982 3383
39279319689172 3050
39284319821908 3521
39289319935037 3324
39294320055047 3345
