45428155553135 8882
45433155729619 6298
45438155831760 5784
45443155948301 5894
45448156035147 4207
45453156147828 5585
45458156273846 4537
45463156423835 5705
45468156544257 4087
45473156687574 3824
45478156819644 3699
45483156930351 3721
45488157058589 3696
45493157205672 3610
45498157351159 3611
45503157499664 3616
45508157647428 3595
45513157811662 3596
45518157938348 3583
45523158070499 3562
45528158198711 3636
45533158322382 3326
45538158443718 3851
45543158562711 3342
45548158715885 3838
45553158849351 3424
45558158986955 3678
45563159138152 3500
45568159249655 3741
45573159346748 3550
45578159450059 3596
45583159584344 3475
45588159696125 3419
45593159841823 3418
45598159984216 3484
45603160102542 3352
45608160221819 3282
45613160313625 3519
45618160423353 2881
45623160512274 3262
45628160590515 3213
45633160677276 4631
45638160779018 3380
45643160869776 4598
45648160975275 3905
45653161090876 4110
45658161187628 5241
45663161278205 4517
45668161381698 4011
45673161474060 4064
45678161582854 3728
45683161728680 3596
45688161839243 5923
45693161945503 4213
45698162084950 4214
45703162196421 3993
45708162333180 3190
45713162448424 5910
45718162565795 3748
45723162719182 4069
45728162830036 3428
45733162967454 4190
45738163082734 4787
45743164160946 5130
45748164295314 3790
45753164430994 4080
45758164556033 3715
45763164672541 3832
45768164798575 3483
45773164939915 3697
45778165052131 4877
45783165170560 4636
45788165280612 4225
45793165385747 3984
45798165527998 3827
45803165644534 4004
45808165748649 3765
45813165848405 5090
45818165963807 3953
45823166073852 4011
45828166181597 4022
45833166308771 4320
45838166423072 5088
45843166520722 3976
45848166662041 4254
45853166814975 4187
45858166961066 3601
45863167100336 3596
45868167221033 5818
45873167357618 4097
45878167496267 4144
45883167599941 4661
45888167714741 4804
45893167840732 4182
45898167935781 4578
45903168049579 4634
45908168161492 3921
45913168271918 4143
45918168384577 3776
45923168515571 5567
45928168667471 4229
45933168790289 3835
45938168919419 3867
45943169051792 3501
45948169172159 3538
45953169318948 3346
45958169449479 4133
45963169576512 3612
45968169717221 3582
45973169833205 4615
45978169928998 4710
45983170058229 3808
45988170173359 2090
45993170280956 3537
45998170420992 2794
46003170564122 3581
46008170711478 3602
46013170854309 3594
46018170956884 4343
46023171077256 2834
46028171185741 4543
46033171316240 2644
46038171467647 3594
46043171599276 3120
46048171708453 2407
46053171813062 4035
46058171918672 3147
46063172029945 4266
46068172134117 3654
46073172245075 3814
46078172359252 3838
46083172468842 3518
46088172596878 3557
46093172701838 3157
46098172817252 2128
46103172950366 2448
46108173093940 3579
46113173228378 3604
46118173331774 4684
46123173465221 3169
46128173564491 4278
46133173677692 2221
46138173784563 4435
46143173952130 2765
46148174071235 3582
46153174186247 3595
46158174313758 3045
46163174437134 3333
46168174535633 3422
46173174656156 3767
46178174789903 3742
46183174900152 3714
46188175015033 3664
46193175154367 3197
46198175284344 3772
46203175401547 3061
46208175502691 3355
46213175593864 1649
46218175687382 4180
46223175800795 3896
46228175896899 4960
46233175991811 3507
46238176119834 2956
46243176232559 2841
46248176346918 4941
46253176440806 2760
46258176540280 2874
46263176672579 2758
46268176795364 3594
46273176906881 3603
46278177026463 3579
46283177128687 3754
46288177244328 3423
46293177344421 3913
46298177446322 4018
46303177541751 3196
46308177674582 3250
46313177812187 3577
46318177934785 3467
46323178056310 3081
46328178175422 3607
46333178305048 3254
46338178409274 3415
46343178519551 3524
46348178625748 3850
46353178730853 3558
46358178874155 3814
46363178987815 3385
46368179088881 2338
46373179217034 2214
46378179350673 3580
46383179465614 3603
46388179561989 3507
46393179667047 3492
46398179789246 3764
46403179894283 3541
46408180029838 3653
46413180160009 3442
46418180272604 3732
46423180394285 2690
46428180519674 3670
46433180613135 1388
46438180720126 3470
46443180816088 3412
46448180911659 4429
46453181012046 3363
46458181104023 3854
46463181224125 4218
46468181320622 3482
46473181461164 2080
46478181587702 3453
46483181724641 3580
46488181842029 3079
46493181956716 3301
46498182092153 3957
46503182209528 3534
46508182309344 3898
46513182416881 3375
46518182550791 4010
46523182660067 3411
46528182781189 3611
46533182888108 2409
46538183004209 3621
46543183147595 1296
46548183286323 3603
46553183392219 3630
46558183487374 3926
46563183595744 4077
46568183700309 3970
46573183820055 4232
46578183930758 1699
46583184049335 3595
46588184171757 3500
46593184300627 3104
46598184420170 3346
46603184537734 3440
46608184646085 3663
46613184740961 3526
46618184830853 3921
46623184938315 3559
46628185037373 3506
46633185132081 3598
46638185235742 3438
46643185355617 3226
46648185448583 2520
46653185534091 2369
46658185629727 3973
46663185725995 4258
46668185821074 3537
46673185913273 3046
46678186024229 3120
46683186146793 3579
46688186265199 3596
46693186392141 3518
46698186507605 3362
46703186627475 2993
46708186767857 3606
46713186879652 3263
46718187010318 3938
46723187122917 3205
46728187219136 3603
46733187343263 2828
46738187484054 4253
46743187586621 2286
46748187723139 2634
46753187860546 3594
46758188030452 3521
46763188142258 3394
46768188245609 3347
46773188342820 3758
46778188431439 3152
46783188546457 3653
46788188659965 3760
46793188780540 3405
46798188883414 3763
46803188978754 3121
46808189074213 3206
46813189203459 1405
46818189338587 3603
46823189485600 3591
46828189629501 3318
46833189770842 3863
46838189903310 3579
46843190023130 3603
46848190139674 3595
46853190240611 3581
46858190374023 3594
46863190478707 3534
46868190599297 2949
46873190700169 3360
46878190793681 2798
46883190903455 3985
46888191008748 3767
46893191119844 3509
46898191231201 3591
46903191346298 3236
46908191466793 3874
46913191603552 1310
46918191741027 3581
46923191879418 3595
46928191989978 3128
46933192096404 3556
46938192206145 3423
46943192311789 3679
46948192417000 3599
46953192523586 3470
46958192625523 3694
46963192727353 3389
46968192847143 3054
46973192976794 1328
46978193109902 3595
46983193239276 3604
46988193366997 3437
46993193488996 3633
46998193590732 3451
47003193705792 3830
47008193823369 3257
47013193935436 3758
47018194034165 3277
47023194171847 3320
47028194289006 1361
47033194389967 2985
47038194517689 3603
47043194646287 3483
47048194756503 3681
47053194851732 3582
47058194985799 3606
47063195108706 3593
47068195241453 3588
47073195363611 3321
47078195463510 3650
47083195584275 2937
47088195698552 3137
47093195796332 1364
47098195918099 3545
47103196047314 3595
47108196156573 3583
47113196250817 3381
47118196363768 3791
47123196480894 3480
47128196598809 3524
47133196703690 3053
47138196820394 3518
47143196920711 1983
47148197012296 2473
47153197132612 3532
47158197256291 3595
47163197385350 3582
47168197543752 3598
47173197649707 3578
47178197778467 2744
47183197918251 3394
47188198035681 3666
47193198150617 3340
47198198268659 2110
47203198394409 2702
47208198513449 3273
47213198635485 3336
47218198723739 3097
47223198835416 3857
