39348004189194 1410
39353004341512 2217
39358004507731 2709
39363004643213 3069
39368004781582 3375
39373004931611 3654
39378005057782 3891
39383005192760 4053
39388005318053 4284
39393005452436 4439
39398005576671 4571
39403005724084 4702
39408005862785 4787
39413005990601 4905
39418006156667 4835
39423006284567 4745
39428006428094 4801
39433006539479 4853
39438006646304 4862
39443006775748 4960
39448006886556 4959
39453006993998 4937
39458007102416 5032
39463007245899 4911
39468007356514 4924
39473007475778 5075
39478007573353 4886
39483007670446 4936
39488007765462 5064
39493007892199 4919
39498008015185 5022
39503008120021 5058
39508008254657 5064
39513008356079 5057
39518008467827 4804
39523008571804 4807
39528008672097 4867
39533008788944 4825
39538008884176 4758
39543008978196 4786
39548009103946 4823
39553009205154 4811
39558009296759 4866
39563009420188 4804
39568009523202 4814
39573009628837 4849
39578009730779 4843
39583009825659 4865
39588009930827 4851
39593010052566 5023
39598010155473 4854
39603010252527 4922
39608010353617 4884
39613010450236 4831
39618010574040 4939
39623010671103 4939
39628010769498 4826
39633010868371 4937
39638010994826 4946
39643011092365 5005
39648011208890 4915
39653011321172 4994
39658012511395 4990
39663012609992 4748
39668012725377 4777
39673012830905 4972
39678012938579 5042
39683013039831 5004
39688013181379 4918
39693013286432 4834
39698013390920 4868
39703013490378 4802
39708013586688 4834
39713013683770 4802
39718013801305 4923
39723013897607 4749
39728014019003 4729
39733014120756 4772
39738014216043 4758
39743014318592 4697
39748014422832 4777
39753014557719 4822
39758014671785 4840
39763014766965 4813
39768014862947 4756
39773014967470 4847
39778015070260 4867
39783015166391 4899
39788015285435 4824
39793015382756 4747
39798015495232 4773
39803015621437 4894
39808015731541 4848
39813015855339 4913
39818015958099 4852
39823016056333 4807
39828016160264 4744
39833016262803 4966
39838016376278 4958
39843016479767 4872
39848016598302 4925
39853016694862 4793
39858016799113 4709
39863016899900 4736
39868017041436 4935
39873017147059 4944
39878017244737 4955
39883017340984 4947
39888017438314 4979
39893017543358 4978
39898017650041 4917
39903017778950 4904
39908017890549 4947
39913017985690 4998
39918018097945 4758
39923018210617 4735
39928018348276 4668
39933018449429 4837
39938018559780 4852
39943018671329 4725
39948018808686 4811
39953018909156 4792
39958019025363 4796
39963019123013 4746
39968019248869 4843
39973019347392 4733
39978019471945 4893
39983019571275 4870
39988019685872 4804
39993019813440 4926
39998019925472 4882
40003020054161 4739
40008020154091 4776
40013020262108 4885
40018020393649 4848
40023020490133 4786
40028020603994 4873
40033020702884 4898
40038020830722 4906
40043020926910 4871
40048021043648 4847
40053021138922 4947
40058021268047 4844
40063021380594 4863
40068021514994 4924
40073021631262 4949
40078021757170 4890
40083021887316 4883
40088021977304 4782
40093022077266 4831
40098022193217 4837
40103022290587 4784
40108022412156 4956
40113022506507 4953
40118022607931 4935
40123022734698 4906
40128022835954 4913
40133022944329 4830
40138023048162 4835
40143023146228 4616
40148023248809 4736
40153023345207 4695
40158023471921 4771
40163023586973 4640
40168023719699 4763
40173023818442 4785
40178023950520 4804
40183024066436 4720
40188024175593 4740
40193024282538 4886
40198024398827 4728
40203024493781 4787
40208024598386 4776
40213024724254 4849
40218024841444 4912
40223024938564 4923
40228025066103 4904
40233025182076 4773
40238025284356 4660
40243025407340 4588
40248025539095 4789
40253025646515 4800
40258025756238 4619
40263025854985 4611
40268025956394 4641
40273026051725 4901
40278026155362 4919
40283026256416 4824
40288026378810 4682
40293026494323 4682
40298026610231 4637
40303026721890 4695
40308026839678 4737
40313026943738 4652
40318027064788 4666
40323027161703 4697
40328027285210 4761
40333027411439 4768
40338027509913 4683
40343027644196 4659
40348027763749 4927
40353027858577 4811
40358027955930 4692
40363028024095 4795
40368028121018 4779
40373028243940 4772
40378028382347 4874
40383028482806 4899
40388028578270 4924
40393028704846 4886
40398028799643 4859
40403028910596 4770
40408029041341 4739
40413029139203 4782
40418029280373 4599
40423029379930 4738
40428029491801 4978
40433029594998 4901
40438029695241 4870
40443029818517 4952
40448029920419 4935
40453030030886 4993
40458030128665 4963
40463030242286 4864
40468030356336 4999
40473030458598 5043
40478030574312 4950
40483030688506 4932
40488030812008 4974
40493030913506 5045
40498031009417 4903
40503031120309 4901
40508031248614 4981
40513031359239 4895
40518031455637 4927
40523031553522 4854
40528031650830 4937
40533031750985 5043
40538031854806 4980
40543031951715 4892
40548032102229 4945
40553032214475 5030
40558032333254 4946
40563032448953 4956
40568032574797 4978
40573032697246 4992
40578032823629 4976
40583032932329 4857
40588033049052 4850
40593033141230 4818
40598033251441 4857
40603033356194 4922
40608033493760 4957
40613033636949 4968
40618033729954 4947
40623033876239 4910
40628033972984 4902
40633034081999 4968
40638034206923 4964
40643034365318 4874
40648034480076 4968
40653034575530 4912
40658034690235 4835
40663034803079 4904
40668034932877 4927
40673036010856 4943
40678036110063 4918
40683036204944 4962
40688036337398 4928
40693036431514 4975
40698036531201 4802
40703036659457 4935
40708036757502 4941
40713036856117 4970
40718036956628 4854
40723037065587 4890
40728037165117 4897
40733037263051 4973
40738037359172 4995
40743037479343 4974
40748037590133 4939
40753037688917 5022
40758037779751 4943
40763037888775 4762
40768038000598 4755
40773038122978 4782
40778038236209 4776
40783038329062 4746
40788038432357 4833
40793038532179 4797
40798038627937 4766
40803038757055 4779
40808038871405 4822
40813038966689 4818
40818039072626 4899
40823039179264 4848
40828039278630 4850
40833039405087 4882
40838039527479 4807
40843039663140 4735
40848039788232 4727
40853039928996 4766
40858040026679 4769
40863040122943 4658
40868040213591 4743
40873040328043 4877
40878040457415 4909
40883040605678 4824
40888040724596 4836
40893040864137 4883
40898040964594 4935
40903041101312 4839
40908041227552 4884
40913041342014 4758
40918041473266 4907
40923041601830 4932
40928041742564 4988
40933041871705 4952
40938041984328 4774
40943042099327 4783
40948042173766 4963
40953042302879 4906
40958042414200 4850
40963042532425 4921
40968042621233 4977
40973042732980 4980
40978042834783 4955
40983042920464 4897
40988043013053 4948
40993043118814 4923
40998043240523 4939
41003043373283 4828
41008043503497 4921
41013043612875 4885
41018043708636 4854
41023043801475 4769
41028043923758 4951
41033044045100 4911
41038044105397 4869
41043044218473 4910
41048044317081 4937
41053044449159 4992
41058044544567 4917
41063044662987 4888
41068044778728 4933
41073044894087 4931
41078044984699 4892
41083045101930 4883
41088045203691 4985
41093045319368 4899
41098045420009 4849
41103045536713 4856
41108045639519 4933
41113045756784 4990
41118045865622 4932
41123045995287 4916
41128046108689 4894
41133046235819 4845
41138046302223 4871
41143046416853 4880
