251556919769545 2667
251561919861139 2224
251566919942411 1473
251571920014452 2253
251576920097193 1241
251581920147594 1295
251586920198971 1163
251591920248131 1216
251596920313490 1326
251601920363196 1066
251606920414328 1324
251611920462992 1293
251616920517187 1111
251621920569777 1199
251626920619369 1264
251631920688728 1130
251636920766013 1312
251641920822989 1246
251646920883818 1154
251651920936244 1083
251656921001057 1234
251661921065653 1231
251666921116989 1107
251671921168388 1393
251676921219129 1251
251681921268958 1093
251686921320501 1157
251691921397411 1248
251696921466468 1192
251701921528124 1141
251706921580332 1221
251711921662825 1302
251716921725245 1242
251721921784861 1207
251726921848220 1174
251731921907594 1048
251736921969928 1226
251741922052466 1196
251746922114938 1176
251751922178861 1247
251756922248089 1209
251761922314784 1129
251766922368622 1278
251771922434879 1481
251776922493700 1047
251781922560654 1274
251786922609790 1214
251791922659967 1147
251796922709886 1222
251801922785198 1248
251806922847359 1129
251811922896209 1354
251816922962916 1275
251821923018015 503
251826923073472 406
251831923140554 1227
251836923191051 1489
251841923240098 1157
251846923291049 1268
251851923341078 1177
251856923391950 1108
251861923443123 1064
251866923495397 1273
251871923564221 1191
251876923629575 1070
251881923678064 1192
251886923730921 1240
251891923783104 601
251896923831940 386
251901923881411 405
251906923931404 417
251911924009049 1214
251916924065852 1485
251921924128716 1211
251926924178121 1095
251931924236704 1241
251936924302926 1217
251941924352407 1089
251946924401970 1205
251951924452361 1234
251956924505503 1116
251961924558148 1147
251966924608872 1239
251971924664231 1176
251976924736843 1027
251981924796494 388
251986924848032 410
251991924909174 412
251996924990319 406
252001925054697 1028
252006925104433 1398
252011925151473 1394
252016925213578 1237
252021925273309 1262
252026925323741 1121
252031925424798 1077
252036925476283 1216
252041925546318 1246
252046925608297 1075
252051925659720 1208
252056925724690 1214
252061925774996 1090
252066925820790 1016
252071925869785 385
252076925920076 411
252081925971086 412
252086926021230 398
252091926069709 408
252096926119133 418
252101926169266 898
252106926219684 1328
252111926268772 1324
252116926334960 1169
252121926385511 1201
252126926435800 1267
252131926486522 1103
252136926536783 1131
252141926585998 1260
252146926636138 1213
252151926695759 1098
252156926747210 1188
252161926809758 1173
252166926860420 1120
252171926919022 424
252176926983384 409
252181927032677 411
252186927081172 389
252191927130746 404
252196927186638 657
252201927238513 1366
252206927287711 1265
252211927334321 1115
252216927382615 1191
252221927434303 1298
252226927496619 1058
252231927549838 1158
252236927614313 1239
252241927675227 1133
252246927750189 1108
252251927845219 1263
252256927925178 1199
252261927988446 1124
252266928062023 992
252271928140850 380
252276928204648 421
252281928269018 407
252286928332889 407
252291928396221 405
252296928461835 411
252301928523130 411
252306928586487 622
252311928650008 1267
252316928712659 1206
252321928775618 1169
252326928838106 1180
252331928898939 1139
252336928974227 1231
252341929038431 1087
252346929103207 1236
252351929167385 1162
252356929282280 1151
252361929345472 1134
252366929407560 1230
252371929472434 1178
252376929533365 1051
252381929607182 406
252386929674500 412
252391929749645 390
252396929812972 407
252401929878686 411
252406929942616 401
252411930007492 408
252416930073079 415
252421930164774 424
252426930251205 1215
252431930319638 1209
252436930383284 1136
252441930446926 1243
252446930512832 1177
252451930578922 1181
252456930647591 1077
252461930713332 1276
252466930779405 1210
252471930845792 1125
252476930954052 1235
252481931018896 1279
252486931085493 1055
252491931153241 971
252496931231933 399
252501931298987 408
252506931365749 407
252511931436295 386
252516931499242 417
252521931565057 411
252526931631065 394
252531931696760 412
252536931763757 214
252541931830006 0
252546931896623 977
252551931977738 1241
252556932045793 1196
252561932125703 1162
252566932192174 1139
252571932258877 1224
252576932324321 1175
252581932389989 1094
252586932457150 1260
252591932523966 1233
252596932590736 1118
252601932642818 1188
252606932703738 1223
252611932804628 1142
252616932850403 1006
252621932899271 409
252626932949963 415
252631933005690 390
252636933054478 409
252641933102679 405
252646933153186 401
252651933207559 413
252656933272127 416
252661933339323 227
252666933388563 0
252671933459812 61
252676933508459 1215
252681933558352 1230
252686933606029 1131
252691933655693 1189
252696933704110 1232
252701933753782 1179
252706933803924 1079
252711933852564 1241
252716933914539 1186
252721933962518 1120
252726934013332 1162
252731934078345 1262
252736934126867 1139
252741934176908 1122
252746934228624 900
252751934289358 417
252756934338354 385
252761934387048 407
252766934435646 415
252771934483242 401
252776934547311 408
252781934596780 414
252786934642723 385
252791934692569 174
252796934750497 0
252801934798147 0
252806934845837 0
252811934893230 1091
252816934942472 1211
252821934993697 1237
252826935042425 1090
252831935093503 1198
252836935160142 1181
252841935210217 1158
252846935262418 1099
252851935313491 1199
252856935365846 1260
252861935416042 1051
252866935466385 1240
252871935520820 1182
252876935589754 1156
252881935643111 1114
252886935693493 882
252891935772570 417
252896935849842 404
252901935915710 410
252906935965197 408
252911936026761 390
252916936075281 407
252921936124695 413
252926936173960 400
252931936223763 178
252936936274072 0
252941936321863 0
252946936370348 0
252951936418506 1249
252956936485010 1280
252961936533549 1124
252966936581045 1126
252971936639775 1236
252976936688628 1236
252981936737736 1068
252986936785227 1208
252991936840446 1236
252996936913289 1106
253001936979984 1181
253006937028531 1193
253011937098129 1198
253016937181862 1067
253021937246767 1191
253026937308436 753
253031937359182 387
253036937409460 411
253041937459245 405
253046937509104 404
253051937558580 405
253056937606683 411
253061937657990 416
253066937706674 379
253071937755480 100
253076937828947 0
253081937876563 0
253086937923890 0
253091937971783 1049
253096938019960 1244
253101938073918 1245
253106938123234 1095
253111938173212 1233
253116938231110 1193
253121938281111 1150
253126938329146 1197
253131938379878 1222
253136938473865 1180
253141938537889 1091
253146938587335 1269
253151938635288 1240
253156938683215 1066
253161938731844 1255
253166938781195 728
253171938828775 408
253176938877048 402
253181938926270 414
253186938973513 386
253191939022030 411
253196939085344 412
253201939135031 412
253206939181106 397
253211939229641 79
253216939277620 0
253221939324631 0
253226939372253 0
253231939419104 0
253236939472695 957
253241939521839 1274
253246939571472 1229
253251939622777 1123
253256939688588 1178
253261939759579 1221
253266939821308 1161
253271939881558 1148
253276939930322 1296
253281939979231 1222
253286940028019 1135
253291940079151 1252
253296940127435 1202
253301940175533 1145
253306940224204 1280
253311940281997 667
253316940356039 392
253321940405677 407
253326940456047 410
253331940505709 406
253336940562149 408
253341940609902 408
253346940657709 389
253351940708891 403
253356940758067 56
253361940806462 0
253366940858791 0
253371940907372 0
253376940969317 1132
253381941017727 1258
253386941068706 1194
253391941124741 1061
253396941180244 1266
253401941233367 1180
253406941300994 1123
253411941360905 1210
253416941410239 1209
253421941458396 1164
253426941532473 1089
253431941583279 1254
253436941647796 1190
253441941696142 1126
253446941747500 1228
253451941796071 764
253456941845781 400
253461941894560 412
253466941944026 414
253471941991058 382
253476942040686 413
253481942087194 393
253486942134412 418
253491942182539 409
253496942244386 97
253501942291678 0
253506942338785 0
253511942385690 0
253516942433411 195
253521942480902 1221
253526942529089 1207
253531942576549 1076
253536942628890 1209
253541942679060 1223
253546942726363 1169
253551942773874 1200
253556942836903 1213
253561942884213 1170
253566942932146 1112
253571942980852 1212
253576943030317 1216
253581943079015 1093
253586943147913 1223
253591943212202 1200
253596943271226 595
253601943318970 387
253606943367514 402
253611943416221 417
253616943480353 399
253621943528890 411
253626943576816 412
253631943624348 384
253636943673010 411
253641943720655 0
253646943767594 0
253651943814649 0
253656943865730 0
253661943931731 19
253666943975842 1406
253671944037117 1218
253676944112769 1082
253681944161721 1217
253686944210647 1267
253691944255858 1149
253696944305084 1224
253701944376944 1274
253706944427655 1186
253711944473150 1348
253716944521213 1333
253721944569953 1439
253726944614665 1320
253731944660914 1417
253736944721015 607
253741944768895 412
253746944815455 406
253751944861353 417
253756944910173 386
253761944957894 405
253766945005555 415
253771945051095 400
253776945099626 408
253781945148121 16
253786945192419 0
253791945237903 0
253796945303403 794
253801945361828 1128
253806945409971 1312
253811945469440 1344
253816945526061 1377
253821945575313 1351
253826945633573 1385
253831945684092 1337
253836945744371 1387
253841945809724 1358
253846945880323 1373
253851945943294 1374
253856946018489 1408
253861946066436 1305
253866946115032 412
253871946163040 413
253876946211561 410
253881946259900 407
253886946308611 407
253891946357086 400
253896946405599 419
253901946454631 387
253906946499405 288
253911946547465 0
253916946611050 0
253921946658877 0
253926946706031 1091
253931946752983 1410
253936946801163 1252
253941946848637 1408
253946946905616 1359
253951946952952 1455
253956947002825 1285
253961947066733 1418
253966947115563 1315
253971947162688 1446
253976947227254 1283
253981947275941 1418
253986947322044 1227
253991947368082 1031
253996947415970 402
254001947463457 409
254006947510360 411
254011947557949 388
254016947604233 409
254021947650872 410
254026947700051 405
254031947750487 410
254036947824208 151
254041947872284 0
254046947919600 0
254051947986108 172
254056948053939 1471
254061948118389 1304
254066948167735 1495
254071948215043 1304
254076948262205 1412
254081948309964 1263
254086948357455 1446
254091948404657 1287
254096948469444 1457
254101948530512 1258
254106948588620 1429
254111948636846 1323
254116948681709 1468
254121948735579 468
254126948782199 400
254131948827952 412
254136948874923 412
254141948921789 404
254146948968982 407
254151949014690 413
254156949074777 381
254161949123143 376
254166949171071 0
254171949218282 0
254176949263749 529
254181949311627 1354
254186949359060 1352
254191949406996 1337
254196949454463 1373
254201949501962 1383
254206949550661 1425
254211949599242 1378
254216949663276 1466
254221949709220 1322
254226949757551 1473
254231949805366 1304
254236949854013 1481
254241949898997 1130
254246949947418 405
254251949995868 410
254256950043328 411
254261950094843 387
254266950144681 408
254271950192826 410
254276950256004 403
254281950305327 411
254286950353309 217
254291950400727 0
254296950456759 0
254301950499795 548
254306950546633 1336
254311950595343 1353
254316950644022 1392
254321950703983 1360
254326950749249 1361
254331950796754 1431
254336950863235 1333
254341950915668 1481
254346950975766 1283
254351951077824 1494
254356951125841 1278
254361951175604 1411
254366951221245 1234
254371951277360 387
254376951325845 410
254381951374120 408
254386951419415 400
254391951465072 414
254396951528453 407
254401951576698 388
254406951622044 409
254411951665924 249
254416951712760 0
254421951760237 0
254426951807146 0
254431951854690 991
254436951921844 1403
254441951989945 1329
254446952044231 1336
254451952092381 1362
254456952196840 1421
254461952243291 1348
254466952289420 1496
254471952336353 1346
254476952384992 1410
254481952432292 1296
254486952480249 1438
254491952526964 1290
254496952575989 973
254501952624446 398
254506952671377 413
254511952718753 411
254516952782940 385
254521952831012 410
254526952877695 403
254531952924007 408
254536952972050 415
254541953020528 101
254546953067599 0
254551953114847 0
254556953173205 531
254561953221423 1260
254566953270959 1054
254571953317840 1270
254576953380541 1268
254581953428675 1056
254586953477989 1190
254591953527919 1230
254596953572092 1116
254601953627775 1134
254606953673393 1219
254611953720443 1242
254616953774016 1038
254621953823070 1206
254626953869325 1261
254631953918901 1212
254636953992204 380
254641954040851 416
254646954089528 405
254651954134900 406
254656954183245 412
254661954230695 405
254666954278620 385
254671954327148 418
254676954375722 258
254681954424345 0
254686954471851 0
254691954518076 0
254696954580162 0
254701954630188 711
254706954720791 1324
254711954765184 1520
254716954813886 1264
254721954861040 1491
254726954909961 1306
254731954972101 1466
254736955020771 1360
254741955086544 1364
254746955141994 1169
254751955191530 1314
254756955255956 1205
254761955303083 1433
254766955350366 1321
254771955408951 395
254776955457770 412
254781955503255 412
254786955552664 380
254791955600400 418
254796955646824 406
254801955694744 406
254806955744822 409
254811955792507 303
254816955854735 0
254821955901032 0
254826955947438 0
254831955993799 0
254836956056061 0
254841956102820 423
254846956155025 1244
254851956223573 1139
254856956272602 1237
254861956321979 1273
254866956382764 1143
254871956430615 1267
254876956493773 1327
254881956541942 1131
254886956588055 1308
254891956639796 1208
254896956690800 1159
254901956739092 1290
254906956785869 1224
254911956833308 1339
254916956881693 719
254921956929236 418
254926956974447 406
254931957022273 412
254936957085493 406
254941957133784 407
254946957181382 408
254951957227508 387
254956957274977 415
254961957322578 80
254966957369738 0
254971957415989 0
254976957470945 0
254981957519429 707
254986957576737 1136
254991957623651 1127
254996957692816 1201
255001957754380 1236
255006957814478 1032
255011957860978 1308
255016957907523 1266
255021957954790 1132
255026958001347 1252
255031958045837 1277
255036958092219 1143
255041958185889 1302
255046958237452 1223
255051958287904 1346
255056958352815 783
255061958413069 408
255066958460370 409
255071958505760 391
255076958553066 411
255081958601369 404
255086958651655 416
255091958698598 404
255096958745994 405
255101958794071 67
255106958840972 0
255111958886712 0
255116958948403 0
255121958995364 1008
255126959065050 1260
255131959125078 1206
255136959172225 1141
255141959219974 1213
255146959265561 1245
255151959324776 1119
