244081079285904 17589
244086079448459 22859
244091079520219 17681
244096079607940 17334
244101079693988 30432
244106079780054 30476
244111079872837 30071
244116079953009 30299
244121080019521 30410
244126080085586 29770
244131080172807 29940
244136080260142 30387
244141080366627 30292
244146080454940 29988
244151080545869 30367
244156080656912 30367
244161080710826 30302
244166080797481 29735
244171080869471 30128
244176080955289 30426
244181081035427 30215
244186081118635 30255
244191081215204 29937
244196081296948 30345
244201081367886 30338
244206081458077 30202
244211081513715 30204
244216081584597 30154
244221081668753 30172
244226081757849 30659
244231081843241 30233
244236081937674 30355
244241081979212 30200
244246082043470 30184
244251082126553 30452
244256082203190 30238
244261082284908 30332
244266082370946 30047
244271082458164 30296
244276082521384 29852
244281082588625 30232
244286082681205 30247
244291082758814 30330
244296082853942 30215
244301082953299 30237
244306083046992 30424
244311083132911 30532
244316083221814 30715
244321083336835 29923
244326083430379 30575
244331083483282 30002
244336083581642 30161
244341083621707 30224
244346083685160 30221
244351083777664 30295
244356083876307 30253
244361083972562 30308
244366084048675 30330
244371084123338 30179
244376084197414 30592
244381084275903 30545
244386084367250 30376
244391084464447 30353
244396084545627 30261
244401084624527 30280
244406084694175 30137
244411084785241 30267
244416084858171 30299
244421084951219 30055
244426085039007 30457
244431085127945 30253
244436085220032 30437
244441085315914 30080
244446085414175 30458
244451085501310 29953
244456085585837 30234
244461085666841 30157
244466085748750 30250
244471085837321 29990
244476085939268 30287
244481086023201 30678
244486086113966 30116
244491086196846 30103
244496086238333 30227
244501086339798 29949
244506086431883 30039
244511086482020 30382
244516086578379 30029
244521086666735 30148
244526086764730 30297
244531086847053 30224
244536086940706 30139
244541087025671 30313
244546087112532 29856
244551087201109 30248
244556087288900 30303
244561087390678 30784
244566087456296 29992
244571087536956 29910
244576087622192 29923
