34627200518601 4855
34632200666629 4524
34637200784511 4293
34642200902320 4410
34647201000425 4445
34652201109807 4277
34657201203185 4176
34662201315345 4192
34667201442618 4053
34672201559348 4164
34677201665544 4222
34682201794868 4256
34687201929352 4189
34692202075283 4140
34697202211327 4103
34702202325438 4147
34707202416306 4193
34712202523017 4119
34717202621996 4069
34722202726761 4051
34727202849953 3939
34732202949315 4075
34737203046478 4103
34742203137443 4019
34747203235499 4046
34752203326816 4074
34757203451276 3992
34762203553660 3940
34767203645870 4042
34772203737520 3937
34777203851465 3210
34782203952089 1699
34787204073067 932
34792204190122 845
34797204282306 986
34802204380045 1431
34807204476444 3180
34812204570886 3400
34817204682419 3761
34822204773231 3619
34827204885651 3876
34832204987588 3859
34837205080187 3889
34842205174455 3817
34847205269752 3841
34852205365773 3761
34857205458150 3954
34862205571039 3900
34867205667920 3808
34872205762787 3898
34877205856060 3900
34882205950378 3777
34887206053340 3916
34892206146771 3870
34897206260708 3795
34902206372019 3784
34907206462553 3783
34912206555799 3731
34917206646795 3841
34922206739126 3793
34927206858270 3684
34932206969580 3815
34937207082047 3616
34942207188936 3659
34947207311050 3730
34952207420791 3734
34957207539943 3722
34962207634028 3503
34967207726029 2771
34972207841763 1642
34977207934569 1265
34982208061928 1283
34987208182421 1044
34992208313558 992
34997208444165 1223
35002208573272 889
35007208699956 1834
35012208849330 1847
35017208989871 2905
35022209114459 3330
35027209230997 3760
35032209340185 3810
35037209451157 3890
35042209562752 3891
35047209679064 3909
35052209788483 3898
35057209882552 4146
35062209977345 3895
35067210071311 3954
35072210171394 3976
35077210262310 3967
35082210377254 4011
35087210565418 4043
35092210654798 3944
35097210752952 3953
35102210860200 4050
35107210949141 3964
35112211041775 3966
35117211134410 4006
35122211238501 4081
35127211346546 3922
35132211450125 3962
35137211589084 3951
35142211694037 3936
35147211796883 3916
35152211898685 3735
35157212014778 4062
35162212122092 3998
35167212228349 3853
35172212352026 3860
35177212458089 3956
35182212560690 3918
35187212667697 3960
35192212775065 3944
35197212896713 3953
35202213009051 3894
35207213119290 4039
35212213240318 3791
35217213356553 3966
35222213466604 3900
35227213598839 3969
35232213696027 3865
35237213787614 4010
35242213891640 3711
35247213995624 3921
35252214111653 3950
35257214220323 3946
35262214341220 4002
35267214445351 3977
35272214553548 3574
35277214661436 3978
35282214769360 3872
35287214903875 3917
35292215016830 4001
35297215125012 3890
35302215261107 3649
35307215374046 3945
35312215477669 3917
35317215576338 4047
35322215673881 3904
35327215773819 3903
35332215896706 3800
35337215999266 4050
35342216117272 3972
35347216221613 4077
35352216318316 3900
35357216418044 3958
35362216526454 3698
35367216633792 3961
35372216754960 4013
35377216849534 3917
35382216955899 3893
35387217068395 3998
35392217196593 3609
35397217313412 4033
35402217419221 4055
35407217529307 3861
35412217657383 3913
35417217762789 3886
35422217874479 3702
35427218019043 4073
35432218146033 3892
35437218252123 3935
35442218378570 3948
35447218480399 3900
35452218586152 3785
35457218713793 4114
35462218844298 3886
35467218948029 3928
35472219055413 3869
35477219179385 3896
35482219288647 3825
35487219386949 3929
35492219503261 3995
35497219602214 3953
35502219706553 4064
35507219818972 3919
35512219912118 3677
35517220029108 3667
35522220155045 3968
35527220279715 3846
35532220387809 3977
35537220518123 3991
35542220632044 3714
35547220747038 3953
35552220860139 3940
35557220977054 4001
35562221083205 4001
35567221202503 3908
35572221300787 3772
35577221408716 4038
35582221499562 3979
35587221607614 3953
35592221719171 3893
35597221828650 3989
35602221940622 3733
35607222049745 3952
35612222169894 3913
35617222280241 3901
35622222405735 3935
35627222512382 3924
35632222622633 3690
35637222729100 4064
35642222831708 3934
35647222964192 3894
35652223075877 3914
35657223203575 3935
35662223316489 3671
35667223421567 3956
35672223523481 3942
35677223629492 3983
35682223732669 3975
35687223844618 3798
35692223945354 3757
35697224044406 3895
35702224152733 3895
35707224253868 3794
35712224354581 3757
35717224460116 4023
35722224589103 3734
35727224714489 3859
35732224820595 3842
35737224929883 3746
35742225041680 4000
35747225178935 3861
35752225315095 3584
35757225449614 4049
35762225558170 3906
35767225667981 3875
35772225774878 3825
35777225879512 3833
35782225986009 3725
35787226084383 3886
35792226191882 3965
35797226308483 3767
35802226428993 3948
35807226569271 3877
35812226684054 3553
35817226793748 3979
35822226899886 3840
35827227007364 3992
35832227117973 3882
35837227226533 3753
35842227324506 3504
35847227433393 3847
35852227549868 3916
35857227648480 3898
35862227778207 3934
35867227877817 3899
35872228018376 3482
35877228122509 3927
35882228230220 3705
35887228340573 3854
35892228455788 3884
35897228562731 3838
35902228699646 3591
35907228811728 3834
35912228920736 3835
35917229038179 3822
35922229148909 3863
35927229245885 3995
35932229362322 3575
35937229474157 3947
35942229606785 3818
35947229714183 3838
35952229844817 3781
35957229950035 3877
35962230039154 3630
35967230143989 3961
35972230267703 3876
35977230391220 3863
35982230514079 3817
35987230629917 3831
35992230733129 3629
35997230835210 3907
36002230938279 3985
36007231056729 3705
36012231165294 3876
36017231288064 3898
36022231391633 3600
36027231496036 3936
36032231643151 3824
36037231822215 3773
36042231936868 3755
36047232040501 3783
36052232131058 3667
36057232223804 3932
36062232328398 3900
36067232456889 3718
36072232575850 3835
36077232678085 3769
36082232774652 3586
36087232887312 4030
36092232999661 3787
36097233121012 3759
36102233254265 3726
36107233395709 3726
36112233501774 3523
36117233601235 4061
36122233730907 3805
36127233840503 3687
36132233942724 3892
36137234041074 3743
36142234139741 3493
36147234231537 3955
36152234349362 3805
36157234452963 3805
36162234549296 3760
36167234643201 3717
36172234734247 3537
36177234836305 3953
36182234946208 3709
36187235066702 3772
36192235172975 3743
36197235294312 3800
36202235398557 3640
36207235522044 3819
36212235627155 3801
36217235726305 3832
36222235818579 3739
36227235954568 3822
36232236065669 3531
36237236182524 3815
36242236288268 3761
36247236396136 3642
36252236520343 3737
36257236655901 3859
36262236764750 3431
36267236863021 3810
36272236988993 3791
36277237088003 3679
36282237204048 3840
36287237325415 3921
36292237437716 3550
36297237534849 3824
36302237638083 3798
36307237742121 3609
36312237836015 3958
36317237939097 3684
36322238038993 3585
36327238144957 3759
36332238255484 3752
36337238362571 3798
36342238472216 3835
36347238608240 3673
36352238717354 3535
36357238838254 3810
36362238943399 3732
36367239044834 3874
36372239142321 3670
36377239253089 3729
36382239359569 3336
36387239470597 3907
36392239598167 3876
36397239724011 3726
36402239839763 3805
36407239975164 3783
36412240115189 3552
36417240228145 4141
36422240368084 3850
36427240476870 3837
36432240602734 3750
36437240709536 3855
36442240854083 3531
36447240960720 3904
36452241061107 3779
36457241170650 3814
36462241264265 3707
36467241396989 3872
36472241491612 3652
36477241593697 3992
36482241717454 3754
36487241824680 3751
36492241931440 3789
36497242056035 3884
36502242182262 3495
36507242285376 3776
36512242395451 3814
36517242490750 3928
36522242607110 3865
36527242701143 3827
36532242791767 3633
36537242914850 3598
36542243010714 3878
36547243099335 3813
36552243203874 3647
36557243300082 3590
36562243402808 3538
36567243525885 3733
36572243629350 3895
36577243745340 3783
36582243852671 3783
36587243960403 3705
36592244061143 3760
36597244173169 3643
36602244282092 3865
36607244402990 3663
36612244513922 3718
36617244615552 3866
36622244716631 3532
36627244841611 3659
36632244936958 3794
36637245026687 3904
36642245118810 3813
36647245213251 3709
36652245318745 3645
36657245420162 3572
36662245544577 4005
36667245656791 3744
36672245762689 3805
36677245873359 3692
36682245963606 3773
36687246066321 3646
36692246168401 3822
36697246279522 3735
36702246397402 3712
36707246504342 3873
36712246607577 3726
36717246747071 3687
36722246856111 3724
36727246950726 3675
36732247077074 3888
36737247194002 3637
36742247288258 3741
36747247394416 3560
36752247528686 3934
36757247643531 3807
36762247741839 3675
36767247844778 3614
36772247951598 3668
36777248082597 3643
36782248191300 3743
36787248309898 3600
36792248431197 3685
36797248556240 3960
36802248669399 3724
36807248777091 3389
36812248884688 3663
36817249002374 3752
36822249109443 3792
36827249209258 3626
36832249302293 3704
36837249409676 3401
36842249520744 4052
36847249632921 3692
36852249746934 3837
36857249853486 3790
36862249985206 3901
36867250089677 3577
36872250194119 3803
36877250303626 3798
36882250428718 3811
36887250561853 3864
36892250702261 3755
36897250811936 3577
36902250919269 3817
36907251027403 3878
36912251139622 3598
36917251265015 3588
36922251377946 3653
36927251501292 3660
36932251599719 3939
36937251717704 3687
36942251830290 3667
36947251941467 3698
36952252051126 3834
36957252163035 3311
36962252281663 3715
36967252411982 3652
36972252523306 3796
36977252635424 3579
36982252748339 3551
36987252872570 3321
36992252976695 3924
36997253087341 3587
37002253192701 3478
37007253297171 3575
37012253403472 3870
37017253516127 3330
37022253623099 3699
37027253714755 3637
37032253810599 3763
37037253919841 3584
37042254037901 3504
37047254126303 3291
37052254213455 3910
37057254323552 3621
37062254435113 3547
37067254544790 3682
37072254667299 3761
37077254793125 3264
37082254904545 3693
37087255016747 3618
37092255129858 3826
37097255239517 3489
37102255369511 3584
37107255517541 3192
37112255627344 3848
37117255735658 3599
37122255842151 3697
37127255961498 3686
37132256088273 3671
37137256194611 3350
37142256289625 3656
37147256418283 3674
37152256516509 3721
37157256629663 3597
37162256739278 3640
37167256853967 3267
37172256947011 3842
37177257048792 3577
37182257167645 3612
37187257258184 3737
37192257342420 3660
37197257450364 3365
37202257585004 3641
37207257713533 3768
37212257848453 3830
37217257985121 3552
37222258100829 3604
37227258209696 3529
37232258350254 3863
37237258458952 3617
37242258594038 3674
37247258680383 3733
37252258792932 3641
37257258897111 3289
37262259006949 3679
37267259134982 3885
37272259269572 3749
37277259413077 3637
37282259520939 3630
37287259653702 3487
37292259764237 3623
37297259871846 3692
37302259975796 3850
37307260091117 3849
37312260200042 3791
37317260321969 3484
37322260448064 3832
37327260553632 3970
37332260679529 3865
37337260794800 3578
37342260905886 3654
37347261002646 3495
37352261097236 3904
37357261206632 3670
37362261308605 3615
37367261405482 3858
37372261503941 3745
37377261613009 3490
37382261697499 3874
37387261803284 3854
37392261899794 3601
37397261987707 3749
37402262089323 4007
37407262186266 3569
37412262280469 3658
37417262372004 3598
37422262491834 3755
37427262598705 3529
37432262697097 3472
37437262788776 3155
37442262890300 3853
37447262981328 3406
37452263089575 3562
37457263182718 3572
37462263301243 3656
37467263398259 3118
37472263492058 3617
37477263602783 3702
37482263705600 3586
37487263810413 3551
37492263909142 3640
37497264016241 3404
37502264111664 3629
37507264202772 3558
37512264291576 3546
37517264379570 3702
37522264491391 3552
37527264587079 3087
37532264683372 3873
37537264775067 3605
37542264906485 3471
37547265011695 3591
37552265135392 3618
37557265230134 3268
37562265337143 3605
37567265449591 3759
37572265544822 3551
37577265667888 3545
37582265762735 3546
37587265853800 3459
37592265944551 3536
37597266036581 3446
37602266124747 3775
37607266214451 3541
37612266309514 3317
37617266406935 3320
37622266528413 3751
37627266624076 3557
37632266730530 3446
37637266840328 3590
37642266944794 3619
37647267035878 3136
37652267130882 3664
37657267238002 3726
37662267345715 3538
37667267460336 3406
37672267559301 3699
37677267652498 3149
37682267747162 3664
37687267839070 3647
37692267927963 3711
37697268023750 3587
37702268127902 3575
37707268227078 3312
37712268326918 3732
37717268420909 3524
37722268517051 3421
37727268638381 3744
37732268731687 3389
37737268825644 3073
37742268916651 3825
37747269003936 3588
37752269110573 3418
37757269203151 3560
37762269311672 3655
37767269431927 2991
37772269545080 3650
37777269637759 3695
37782269742999 3544
37787269873034 3438
37792269980893 3639
37797270089245 3351
37802270185079 3622
37807270290637 3459
37812270400031 3981
37817270509891 3515
37822270604074 3539
37827270710651 3326
37832270809653 3689
37837270925195 3450
37842271040585 3581
37847271134225 3690
37852271255427 3354
37857271349925 3145
37862271453165 3890
37867271550938 3596
37872271640885 3607
37877271733557 3483
37882271824336 3688
37887271918643 3100
37892272017140 3567
37897272111968 3764
37902272206077 3490
37907272308236 3468
37912272403103 3513
37917272509044 3148
37922272601586 3485
37927272702828 3645
37932272810522 3660
37937272900819 3515
37942272997007 3509
37947273111256 3372
37952273207799 3488
37957273311418 3445
37962273406294 3712
37967273530610 3529
37972273633799 3493
37977273738429 3221
37982273822586 3681
37987273932281 3549
37992274022967 3483
37997274112446 3609
38002274209587 3574
38007274306781 3198
38012274400816 3833
38017274498416 3730
38022274602059 3476
38027274702999 3563
38032274808095 3748
38037274903737 3340
38042274995790 3517
38047275084806 3801
38052275175028 3532
38057275281736 3579
38062275373125 3646
38067275488888 3404
38072275595173 3617
38077275716192 3617
38082275832776 3846
38087275939483 3566
38092276046396 3608
38097276149507 3258
38102276242602 3679
38107276363222 3660
38112276456141 3482
38117276547208 3821
38122276639339 3624
38127276729928 3179
38132276822078 3794
38137276910107 3780
38142277016351 3657
38147277113703 3591
38152277220058 3955
38157277326398 3265
38162277434062 3629
38167277538469 3740
38172277644424 3650
38177277767107 3543
38182277894587 3580
38187277995616 3381
38192278110576 3688
38197278207015 3714
38202278343913 3823
38207278455948 3532
38212278565291 3648
38217278661766 3406
38222278804467 3628
