49896791913967 17218
49901792059917 15086
49906792149191 14062
49911792252914 14478
49916792362199 14316
49921792480851 13225
49926792614098 11486
49931792737503 10814
49936792973132 10087
49941793082148 10239
49946793180998 11285
49951793274328 9981
49956793361014 10661
49961793450824 10057
49966793543138 9289
49971793634620 10752
49976793717111 10910
49981793806813 10011
49986793906020 8786
49991794004791 9508
49996794096306 9839
50001794182634 9639
50006794273166 10533
50011794371812 9493
50016794481661 8845
50021794593166 9436
50026794691565 9462
50031794813065 9407
50036794926403 10492
50041795039251 9743
50046795150725 8203
50051795254777 9843
50056795388989 9805
50061795496217 10131
50066795613818 9382
50071795710033 8337
50076795824890 9687
50081795941759 10447
50086796091054 10396
50091796198629 8428
50096796295614 8570
50101796398587 10775
50106796510435 8874
50111796620259 8669
50116796739747 10692
50121796845795 8143
50126796952205 9411
50131797058830 10299
50136797181898 11422
50141797283296 13232
50146797407936 9696
50151797513280 8283
50156797619205 10622
50161797713491 7937
50166797816654 9504
50171797919298 8940
50176798029261 8297
50181798146832 10320
50186798240579 12292
50191798343749 11817
50196798444302 10858
50201798570891 10258
50206798671864 11059
50211798771876 9516
50216798874366 10661
50221798981350 9705
50226799100611 10592
50231799198652 12927
50236799315710 11614
50241799405661 10510
50246799514409 12278
50251799613044 8448
50256799716875 10452
50261799821862 8163
50266799924612 11422
50271800050312 11365
50276800150203 11309
50281800262768 11221
50286800373555 9127
50291800504649 10170
50296800613306 8907
50301800715653 8807
50306800819498 10056
50311800915403 10329
50316801035965 12679
50321801156782 10857
50326801278291 10312
50331801382912 7834
50336801488532 8986
50341801591649 8711
50346801689159 8825
50351801795290 10136
50356801906385 9994
50361802009541 10873
50366802129913 12082
50371802235442 9568
50376802373338 8587
50381802490499 9694
50386802601350 7577
50391802705321 10598
50396802819497 10124
50401802924856 10053
50406803031001 9999
50411803153308 10280
50416803253505 10191
50421803377979 6656
50426803477381 10617
50431803586582 8360
50436803720877 8956
50441803819441 9371
50446803906850 8071
50451804025747 10578
50456804127190 8008
50461804224729 9492
50466804326520 10072
50471804435681 7236
50476804553329 10556
50481804652637 8160
50486804751003 9158
50491804862069 10065
50496804971843 7995
50501805063453 10097
50506805166937 9638
50511805272916 8482
50516805366153 9996
50521805472530 7880
50526805586692 9429
50531805694304 9383
50536805823265 8011
50541805933317 10625
50546806047408 8093
50551806166757 9287
50556806280596 9378
50561806390573 7788
50566806492707 9655
50571806591373 8033
50576806713847 10222
50581806826282 10109
50586806939300 10572
50591807047145 8270
50596807159279 9086
50601807266063 8324
50606807361357 8656
50611807466036 9529
50616807567408 7852
50621807672826 10495
50626807778571 10320
50631807892204 10263
50636808020394 10038
50641808123767 10344
50646808223020 7116
50651808355324 9998
50656808478168 7763
50661808576534 9441
50666808680257 9100
50671808767761 9697
50676808873041 9848
50681808971759 11799
50686809083949 9535
50691809213621 8646
50696809317363 9349
50701809431522 7869
50706809539936 10726
50711809642206 8673
50716809773162 8754
50721809868981 10113
50726809958626 8947
50731810068335 10905
50736810173082 7574
50741810261355 9060
50746810354628 7724
50751810476658 10583
50756810566781 7191
50761810650557 10105
50766810742964 8495
50771810847431 8892
50776810958474 10317
50781811064081 9536
50786811176549 7614
50791811271778 9398
50796811379874 7849
50801811515347 10588
50806811638041 7802
50811811740820 9516
50816811866717 7627
50821811984976 9456
50826812086624 10478
50831812184877 6658
50836812293217 9806
50841812402359 9331
50846812543273 7779
50851812648135 9518
50856812757940 9804
50861812889143 6964
50866813003350 10563
50871813111132 7522
50876813223376 9681
50881813344235 10089
50886813449356 10358
50891813554643 10364
50896813656732 8541
50901813750194 8633
50906813849007 10196
50911813946524 7336
50916814049035 10426
50921814159829 8643
50926814278635 8760
50931814414831 10015
50936814532056 10724
50941814677995 9906
50946814793427 9414
50951814912123 7831
50956815026199 10455
50961815142869 8026
50966815242716 8702
50971815344017 7234
50976815441166 10415
50981815532706 8377
50986815644743 11397
50991815756749 9182
50996815877708 8195
51001815974983 10543
51006816090140 7951
51011816187318 9470
51016816288603 7238
51021816403447 9547
51026816535728 8043
51031816637377 10516
51036816763988 11340
51041816878783 9635
51046816979167 8221
51051817094687 10092
51056817199736 7720
51061817322608 9254
51066817437205 7982
51071817546507 9193
51076817661184 8755
51081817765244 8330
51086817878206 9889
51091817976505 10319
51096818079260 10721
51101818176854 7570
51106818285382 8516
51111818398748 7759
51116818505448 7641
51121818609820 9212
51126818706475 8571
51131818812090 8639
51136818907063 10139
51141819005025 9687
51146819108467 7590
51151819224629 10133
51156819326229 7168
51161819435223 9740
51166819550099 8735
51171819644508 8567
51176819751921 10394
51181819851914 6881
51186819948990 10461
51191820041983 9115
51196820165545 9727
51201820263583 8370
51206820363029 7303
51211820479533 9668
51216820593429 7006
51221820697931 10042
51226820801959 8454
51231820897354 8725
51236820993417 9247
51241821101331 8020
51246821217700 10241
51251821340096 8108
51256821444538 9035
51261821540552 8535
51266821675037 8683
51271821793055 10270
51276821891920 6960
51281821983546 10555
51286822082187 7791
51291822192567 9415
51296822288890 7775
51301822400042 9309
51306822497605 8579
51311822600096 8707
51316822707768 9873
51321822815140 7369
51326822930775 10543
51331823028810 7955
51336823128983 9317
51341823233763 9304
51346823339656 7805
51351823445375 8742
51356823559084 9893
51361823648295 8065
51366823747276 10402
51371823845133 7747
51376823940723 9789
51381824029623 8516
51386824117344 8761
51391824211083 9461
51396824315808 7561
51401824404733 10407
51406824491629 7746
51411824608745 8924
51416824724075 10505
51421824826710 7726
51426824944576 9697
51431825054751 8811
51436825153868 8477
51441825285009 9511
51446825402622 7506
51451825508196 10011
51456825626189 9414
51461825737624 8770
51466825859344 8683
51471825969730 9679
51476826084555 7618
51481826180395 10752
51486826285895 6209
51491826378883 9762
51496826517553 7257
51501826620584 10172
51506826722894 8041
51511826813249 9113
51516826907421 10393
51521827014540 7395
51526827139600 9825
51531827257682 8300
51536827374657 8817
51541827467801 8814
51546827564798 8225
51551827660834 9237
51556827785251 7960
51561827874750 10129
51566827968098 8500
51571828078740 8650
51576828170187 9537
51581828266581 6678
51586828366678 8805
51591828477067 7935
51596828583056 8775
51601828713319 8175
51606828819970 8403
51611828930811 8521
51616829039939 10022
51621829151472 9831
51626829247970 8180
51631829340044 7846
51636829441313 7296
51641829543576 10216
51646829645796 6845
51651829753076 10198
51656829863690 7133
51661829963149 9903
51666830078096 6677
51671830176965 10466
51676830279147 9614
51681830399669 7691
51686830503967 7844
51691830635903 9249
51696830722833 7892
51701830815023 9186
51706830916104 8268
51711831016521 8693
51716831104399 7344
51721831210703 9513
51726831302658 10230
51731831400475 6305
51736831498954 8684
51741831599602 7612
51746831712691 9885
51751831810029 6823
51756831910514 10246
51761831997560 7601
51766832096966 9534
51771832198960 8972
51776832293032 8342
51781832396706 9046
51786832534613 7900
51791832640195 9782
51796832747412 7404
51801832868646 10243
51806832969011 6669
51811833072836 10450
51816833193331 7164
51821833286848 9305
51826833392590 6962
51831833492801 9477
51836833597064 8590
51841833705166 10394
51846833806353 8473
51851833906896 10207
51856833989466 7401
51861834088950 9850
51866834189493 7528
51871834306113 9560
51876834408554 7867
51881834535735 9094
51886834646115 7606
51891834748271 8806
51896834838670 10034
51901834949792 9530
51906835060770 6781
51911835160915 10410
51916835255012 7244
51921835383916 9929
51926835489324 6311
51931835591445 9793
51936835696674 7015
51941835811137 10029
51946835924831 9724
51951836030876 8170
51956836142942 8469
51961836259706 9807
51966836370667 7425
51971836474432 8679
51976836576831 7934
51981836685949 8809
51986836782695 8290
51991836877486 9222
51996837009443 7708
52001837114522 8918
52006837222800 8826
52011837332366 9562
52016837441722 7098
52021837566984 9917
52026837671925 6530
52031837771326 7364
52036837875510 9440
52041837984751 7461
52046838111907 9417
52051838226780 6395
52056838338606 10286
52061838461745 10048
52066838573468 9165
52071838703134 7249
52076838823348 9431
52081838975676 7128
52086839080869 9901
52091839200392 7194
52096839309472 9866
52101839416930 7200
52106839517268 9503
52111839628166 7514
52116839729733 10208
52121839828913 6633
52126839927360 9198
52131840049375 7129
52136840144129 9158
52141840243204 7872
52146840347292 8997
52151840440450 7884
52156840527004 9571
52161840619355 7380
52166840714671 8945
52171840822361 7688
52176840931246 6815
52181841040952 9689
52186841136633 6777
52191841238658 9980
52196841356369 7133
52201841461137 9302
52206841559834 7522
52211841648331 8978
52216841749375 7876
52221841851116 9653
52226841947190 7070
52231842045478 7052
52236842164686 9378
52241842285277 8008
52246842402597 9085
52251842509590 8579
52256842609333 8426
52261842715995 8616
52266842837618 8293
52271842946653 8672
52276843044996 8294
52281843146229 8783
52286843266063 9522
52291843383469 8755
52296843475699 9501
52301843580993 8434
52306843673804 8681
52311843784073 9095
52316843890744 7977
52321844029846 10315
52326844126273 6679
52331844215630 8763
52336844312626 8697
52341844407276 8810
52346844502292 9893
52351844594892 7688
52356844703909 9866
52361844798410 7333
52366844894021 9736
52371844980575 7235
52376845078692 9510
52381845174898 6428
52386845278531 9942
52391845383460 9061
52396845492552 8779
52401845607854 7905
52406845707929 10159
52411845818376 7118
52416845955407 10498
52421846052656 7021
52426846146754 9888
52431846236633 6422
52436846340589 9634
52441846471108 7214
52446846580223 9758
52451846687284 9083
52456846797023 7604
52461846896424 10086
52466847013485 7187
52471847109693 7621
52476847223014 9164
52481847323203 6565
52486847416280 10339
52491847524075 6929
52496847633335 9827
52501847736779 9239
52506847849737 7330
52511847948704 9715
52516848054640 6490
52521848160102 9836
52526848258741 6683
52531848349155 9020
52536848450628 7937
52541848552771 8580
52546848653805 8120
52551848763168 6480
52556848875394 10004
52561848986556 8286
52566849098592 8730
52571849195083 6228
52576849290605 9695
52581849431046 7058
52586849548981 9652
52591849655753 7077
52596849759342 8513
52601849885122 8332
52606849993705 7183
52611850118418 9682
52616850239504 6138
52621850341290 9382
52626850463826 7567
52631850555934 6471
52636850649118 9908
52641850741150 6935
52646850838354 9421
52651850946199 7407
52656851047179 8658
52661851174660 8252
52666851272293 7685
52671851358726 9229
52676851449088 7837
52681851539931 8970
52686851706065 7288
52691851789713 9830
52696851884898 7278
52701851978026 9513
52706852090910 6374
52711852183750 9766
52716852286655 7043
52721852417764 9472
52726852529423 7691
52731852625005 6603
52736852726142 9645
52741852824579 6976
52746852917978 9575
52751853008070 7435
52756853103919 8925
52761853210341 7866
52766853313842 9794
52771853415687 9839
52776853519601 9411
52781853630449 10235
52786853737916 10604
52791853854006 9944
52796853956946 10036
52801854057776 9472
52806854160293 8731
52811854271635 8399
52816854393957 10140
52821854513336 10494
52826854631407 11846
52831854737050 10821
52836854846088 9885
52841854962129 7833
52846855078610 8649
52851855164828 9533
52856855245082 7370
52861855329497 10080
52866855418120 10993
52871855510856 11336
52876855610127 10639
52881855707433 7888
52886855836080 10045
52891855932225 10072
52896856022364 6602
52901856106916 9243
52906856198938 7208
52911856295867 8994
52916856397819 7729
52921856508302 9522
52926856600939 9427
52931856719104 9699
52936856815185 6876
52941856911868 9737
52946857008050 7391
52951857099792 7047
52956857188317 9062
52961857303393 6484
52966857402504 8373
52971857502216 8272
52976857595425 6432
52981857700036 9724
52986857796014 8105
52991857889878 8621
52996857985202 9032
53001858076569 7139
53006858182131 7229
53011858269769 8506
53016858377676 8243
53021858487053 7442
53026858599510 9118
53031858699539 6471
53036858795804 10220
53041858893397 8172
53046859009707 7988
53051859107381 6981
53056859214772 8744
53061859332678 7529
53066859422412 8323
53071859535268 8442
53076859638978 7552
53081859734277 9171
53086859860224 6383
53091860021390 9305
53096860132785 7740
53101860233634 9988
53106860330322 6225
53111860430673 9276
53116860593679 7476
53121860714974 8309
53126860830690 8620
53131860942504 7198
53136861057344 9650
53141861159654 6786
53146861246641 9975
53151861347976 6655
53156861465483 8958
53161861584545 7511
53166861687117 8018
53171861796736 8748
53176861895959 8104
53181861999869 8770
53186862095777 6766
53191862184658 9804
53196862310247 6692
53201862414420 9011
53206862507664 7894
53211862595814 6907
53216862683625 10135
53221862790916 6886
53226862892681 9515
53231863001771 6987
53236863105586 9750
53241863243591 6804
53246863365110 7929
53251863486736 8596
53256863577627 10321
53261863687635 8951
53266863794916 9710
53271863891745 11289
53276863983257 11624
53281864085900 9011
53286864183537 8544
53291864278650 9412
53296864403643 9727
53301864510017 7685
53306864603262 9572
53311864706033 10534
53316864797768 11563
53321864902871 11131
53326864998724 9750
53331865093715 8617
53336865180981 9848
53341865271625 8110
53346865364599 7755
53351865459349 9057
53356865566539 10136
53361865667803 10755
53366865771387 10752
53371865873842 7579
53376865971549 9527
53381866062937 8551
53386866197243 8176
53391866290375 7971
53396866405970 8299
53401866523285 9875
53406866617763 10670
53411866712927 10846
53416866836088 9351
53421866937576 9796
53426867066727 6523
53431867167154 9624
53436867295317 7021
53441867400155 8829
53446867503930 7980
53451867675144 7281
53456867768976 9205
53461867862472 9695
53466867988894 10059
53471868112831 7828
53476868205675 8288
53481868318143 6599
53486868429614 8384
53491868556715 8025
