53527950800214 1187
53532950914120 1856
53537951094540 2358
53542951236482 2585
53547951374832 3310
53552951494923 4475
53557951622503 4638
53562951722362 6108
53567951847228 6843
53572951971643 7843
53577952105410 8961
53582952230037 10240
53587952333629 11408
53592952432185 11911
53597952528435 12170
53602952621306 12537
53607952715114 12679
53612952829337 12870
53617952935952 12668
53622953045013 12883
53627953163284 12920
53632953275330 12874
53637953378535 12950
53642953488364 13151
53647953599361 13046
53652953716795 13232
53657953871358 13329
53662953983894 13372
53667954102728 13337
53672954214966 13389
53677954325285 13403
53682954447923 13319
53687954554211 13115
53692954663543 13347
53697954773622 13341
53702954882198 13300
53707954998083 13394
53712955116481 13472
53717955223958 13336
53722955319606 13332
53727955434100 13462
53732955537448 13539
53737955651055 13367
53742955758490 13472
53747955864291 13565
53752955975464 13312
53757956086470 13312
53762956189010 13282
53767956291640 13597
53772956418313 13634
53777956515333 13606
53782956609721 13597
53787956709382 13547
53792956809271 13398
53797956917023 13426
53802957021143 13601
53807957128369 13557
53812957235422 13646
53817957347723 13592
53822957460304 13639
53827957565957 13499
53832957684943 13402
53837957791259 13319
53842957900397 13442
53847958008108 13336
53852958120299 13420
53857958227141 13335
53862958358651 13669
53867958469630 13605
53872958583293 13468
53877958693917 13502
53882958814846 13541
53887958937159 13702
53892959036704 13600
53897959163477 13691
53902959289806 13472
53907959409176 13552
53912959537059 13563
53917959643818 13617
53922959752428 13391
53927959862036 13575
53932959976457 13716
53937960119217 13676
53942960275366 13568
53947960385685 13573
53952960500885 13505
53957960612632 13398
53962960723673 13438
53967960838060 13351
53972960950431 13578
53977961058753 13495
53982961166872 13707
53987961279909 13630
53992961396753 13595
53997961518776 13517
54002961630486 13577
54007961741894 13696
54012961842004 13627
54017961948044 13605
54022962054412 13847
54027962163738 13688
54032962299989 13363
54037962412948 13450
54042962524548 13440
54047962635180 13598
54052962761244 13613
54057962869806 13618
54062962982518 13494
54067963093986 13661
54072963194541 13464
54077963292469 13383
54082963390167 13570
54087963485863 13446
54092963577701 13539
54097963678273 13434
54102963781538 13331
54107963876454 13441
54112963972529 13280
54117964089044 13428
54122964187740 13423
54127964317961 13439
54132964429981 13452
54137964561917 13346
54142964676879 13501
54147964787525 13543
54152964893181 13660
54157965017916 13702
54162965138214 13614
54167965248790 13475
54172965355091 13589
54177965460354 13622
54182965569713 13426
54187965681282 13324
54192965831452 13535
54197965949017 13667
54202966075271 13754
54207966182212 13256
54212966288840 13621
54217966401546 13388
54222966511821 13605
54227966624723 13228
54232966739245 13294
54237966848501 13694
54242966962061 13887
54247967075057 13609
54252967182511 13551
54257967275532 13742
54262967382863 13469
54267967484700 13277
54272967582092 13588
54277967675244 13548
54282967790009 13476
54287967883405 13492
54292967979714 13597
54297968079809 13475
54302968173192 13506
54307968298754 13722
54312968409240 13435
54317968523355 13731
54322968629469 13584
54327968732567 13725
54332968835978 13720
54337968942831 14004
54342969064119 13699
54347969173307 13649
54352969279826 13675
54357969393218 13832
54362969693099 13800
54367969810601 13772
54372969918748 13625
54377970027647 13621
54382970153397 13725
54387970262697 13779
54392970377765 13739
54397970481160 13794
54402970589516 13766
54407970696638 13874
54412970803380 13766
54417970910386 13609
54422971023108 13585
54427971139162 13681
54432971258243 13537
54437971373201 13565
54442971478669 13752
54447971586646 13793
54452971700426 13943
54457971810768 13767
54462971924048 13752
54467972029052 13593
54472972131370 13735
54477972242804 13509
54482972355025 13724
54487972465271 13522
54492972577352 13740
54497972677326 13651
54502972783005 13683
54507972900920 13700
54512973007439 13798
54517973133614 13754
54522973234575 13653
54527973360812 13681
54532973465301 13754
54537973559857 13721
54542973669330 13784
54547973796005 13800
54552973915960 13421
54557974022913 13468
54562974120909 13822
54567974223687 13803
54572974344488 13720
54577974443076 13816
54582974567552 13754
54587974809729 13816
54592974927611 13429
54597975036617 13537
54602975137762 13565
54607975255327 13485
54612975364886 13671
54617975458263 13527
54622975550906 13675
54627975647787 13744
54632975744875 13789
54637975847810 13812
54642975944035 13533
54647976031431 13459
54652976146354 13549
54657976248646 13475
54662976360186 13610
54667976467818 13513
54672976593116 13632
54677976698720 13631
54682976811296 13726
54687976919573 13672
54692977030260 13693
54697977146201 13751
54702977255814 13706
54707977361327 13689
54712977467235 13596
54717977579439 13443
54722977697561 13704
54727977801954 13546
54732977915991 13624
54737978028269 13543
54742978131604 13654
54747978242569 13689
54752978377986 13736
54757978491340 13679
54762978611405 13645
54767978710605 13664
54772978868490 13680
54777978979236 13825
54782979105530 13840
54787979216861 13588
54792979333252 13771
54797979675655 13582
54802979806423 13663
54807979917527 13685
54812980038347 13782
54817980152639 13870
54822980252792 13799
54827980377143 13694
54832980486238 13809
54837980595131 13799
54842980700520 13788
54847980808128 13677
54852980919202 13790
54857981015909 13818
54862981134706 13834
54867981244160 13589
54872981371360 13624
54877981482001 13811
54882981598705 13697
54887981733076 13871
54892981871404 13871
54897982007626 13825
54902982127161 13600
54907982229526 13716
54912982345699 13746
54917982465167 13661
54922982575732 13686
54927982679333 13752
54932982788592 13733
54937982890462 13778
54942982990962 13611
54947983110726 13670
54952983234629 13713
54957983328836 13668
54962983432141 13738
54967983524595 13716
54972983620243 13625
54977983748164 13759
54982983855267 13719
54987983981526 13614
54992984145755 13752
54997984246550 13627
55002984358581 13818
55007984464736 13805
55012984570094 13854
55017984700663 13880
55022984814037 13799
55027984955443 13961
55032985060368 13832
55037985158488 13789
55042985265867 13611
55047985444314 13783
55052985540000 13723
55057985639062 13635
55062985730933 13788
55067985823537 13626
55072985922493 13652
55077986027460 13811
55082986125500 13832
55087986221574 13732
55092986397233 13854
55097986515996 13837
55102986627296 13665
55107986730645 13755
55112986844652 13730
55117986949882 13901
55122987044789 13852
55127987177757 13699
55132987275716 13837
55137987370853 13832
55142987496325 13686
55147987601549 13804
55152987702137 13833
55157987844958 13911
55162987963785 13867
55167988070959 13877
55172988182713 13706
55177988288741 13591
55182988420796 13640
55187988533839 13774
55192988635871 13784
55197988744676 13785
55202988854241 13901
55207988961485 13856
55212989062298 13825
55217989188984 13779
55222989294352 13691
55227989400341 13520
55232989497794 13810
55237989608605 13609
55242989719538 13698
55247989828399 13754
55252989936039 13731
55257990050217 13597
55262990186938 13749
55267990289815 13835
55272990425164 13882
55277990547172 13851
55282990644549 13792
55287990743800 13800
55292990861534 13936
55297990958452 13731
55302991117565 13673
55307991217498 13781
55312991316334 13862
55317991414463 13962
55322991568759 13722
55327991660671 13683
55332991768711 13747
55337991895335 13691
55342992012962 13745
55347992144949 13656
55352992245289 13719
55357992357159 13696
55362992460166 13440
55367992565378 13718
55372992675984 13696
55377992779961 13624
55382992875925 13789
55387993012292 13909
55392993119413 13968
55397993238374 13861
55402993331563 13702
55407993441714 13634
55412993540279 13700
55417993640132 13743
55422993743757 13706
55427993842468 13848
55432993940246 13685
55437994035475 13871
55442994142226 13733
55447994249910 13794
55452994366574 13888
55457994484025 13711
55462994592847 13729
55467994697408 13915
55472994805439 13908
55477994933935 13944
55482995052363 13765
55487995179239 13799
55492995292018 13743
55497995398826 13605
55502995504781 13690
55507995626954 13721
55512995718021 13776
55517995846895 13739
55522995947532 13748
55527996029787 13637
55532996144141 13968
55537996252690 13798
55542996360752 13777
55547996470642 13651
55552996598131 13807
55557996707699 13891
55562996808750 13921
55567996927188 13534
55572997032256 13810
55577997134757 13744
55582997246601 13660
55587997350777 13593
55592997471369 13787
55597997587848 13688
55602997761307 13737
55607997867854 13442
55612997968871 13798
55617998082461 13642
55622998197979 13908
55627998310190 13827
55632998407273 13703
55637998646389 13677
55642998765623 13760
55647998874226 13808
55652999019874 13619
55657999146002 13762
55662999249496 13792
55667999373272 13764
55672999488949 13573
55677999595800 13771
55682999712526 13556
55687999836093 13634
55692999955000 13773
55698000077780 13745
55703000188185 13782
55708000298145 13678
55713000407399 13486
55718000517352 13779
55723000617866 13565
55728000733084 13674
55733000839103 14000
55738000944160 13773
55743001039651 13877
55748001143930 13796
55753001250666 13834
55758001373634 13792
55763001471806 13816
55768001597160 13796
55773001692160 13772
55778001803123 13519
55783001915863 13649
55788002028489 13864
55793002157829 13794
55798002273113 13814
55803002377694 13878
55808002482809 13821
55813002592260 13793
55818002692966 13668
55823002804478 13854
55828002918832 13927
55833003023195 13891
55838003134773 13808
55843003236694 13865
55848003342594 13873
55853003450521 13679
55858003602961 13673
55863003711512 13851
55868003833871 13711
55873003957211 13715
55878004095338 13872
55883004220519 13565
55888004328284 13735
55893004443377 13540
55898004541630 13648
55903004653754 13658
55908004761091 13716
55913004896124 13723
55918005003903 13673
55923005113511 13759
55928005218731 13844
55933005313952 13760
55938005420910 13822
55943005514424 13716
55948005610741 13648
55953005714578 13814
55958005816081 13792
55963005952454 13785
55968006081692 13686
55973006186313 13845
55978006291516 13836
55983006383529 13725
55988006481929 13778
55993006591352 13793
55998006703205 13807
56003006826343 13829
56008006932901 13865
56013007034754 13800
56018007143979 13839
56023007255077 13771
56028007367628 13891
56033007470324 13810
56038007578903 13782
56043007699899 13688
56048007816784 13776
56053007925680 13572
56058008034792 13748
56063008133962 13885
56068008244421 13753
56073008347636 13832
56078008450161 13516
56083008563092 13797
56088008683370 13639
56093008808716 13844
56098008914050 13796
56103009026917 13823
56108009142887 13653
56113009252714 13641
56118009363864 13736
56123009486445 13809
56128009600290 13870
56133009706890 13676
56138009920110 13639
56143010043347 13830
56148010148865 13768
56153010427954 13710
56158010534880 13772
56163010659090 13724
56168010765232 13911
56173010882917 13700
56178011001817 13655
56183011117706 13795
56188011233633 13726
56193011348647 13827
56198011454018 13666
56203011577967 13543
56208011683285 13764
56213011793305 13877
56218011907132 13635
56223012021278 13707
56228012145099 13931
56233012247296 13697
56238012341110 13701
56243012457292 13852
56248012573641 13712
56253012698951 13773
56258012807957 13897
56263012921888 13817
56268013045370 13692
56273013154448 13821
56278013262074 13711
56283013384200 13868
56288013487415 13835
56293013598462 13874
56298013708745 13796
56303013816583 13781
56308013925873 13721
56313014020115 13833
56318014117848 13838
56323014236000 13837
56328014350502 13852
56333014482508 13879
56338014589226 13635
56343014687207 13546
56348014916778 13670
56353015032324 13772
56358015160257 13619
56363015274272 13836
56368015380855 13894
56373015483708 13707
56378015591387 13728
56383015696862 13844
56388015800722 13775
56393015900493 13709
56398016010757 13846
56403016103349 13644
56408016191609 13812
56413016289462 13651
56418016384102 13714
56423016480127 13835
56428016579839 13811
56433016684365 13743
56438016804964 13823
56443016901326 13736
56448016995595 13680
56453017104898 13742
56458017206848 13774
56463017325290 13863
56468017457982 13801
56473017581649 13795
56478017691210 13746
56483017806999 13626
56488017926448 13702
56493018040964 13869
56498018144528 13790
56503018257979 13713
56508018373378 13555
56513018515913 13782
56518018629465 13622
56523018741178 13753
56528018845573 13733
56533018953370 13589
56538019057262 13766
56543019167514 13737
56548019277783 13869
56553019398774 13875
56558019508794 13840
56563019607291 13851
56568019717438 13869
56573019842647 13791
56578019934913 13902
56583020022942 13744
56588020121060 13863
56593020218176 13982
56598020344481 13861
56603020438458 13720
56608020532519 13834
56613020630530 13962
56618020726729 13890
56623020821766 13783
56628020915948 13897
56633021026179 13855
56638021126252 13708
56643021221463 13677
56648021316415 13676
56653021411743 13681
56658021508255 13640
56663021614441 13672
56668021720587 13709
56673021815378 13745
56678021910856 13767
56683022028135 13805
56688022128007 13867
56693022260347 13934
56698022370949 14052
56703022476381 13869
56708022580978 13648
56713022691171 13759
56718022802907 13861
56723022901002 13724
56728023013872 13680
56733023107554 13800
56738023216228 13666
56743023351714 13590
56748023470137 13862
56753023579614 13698
56758023680904 13696
56763023774071 13777
56768023868916 13651
56773023958919 13817
56778024088879 13751
56783024187749 13714
56788024285829 13752
56793024381989 13919
56798024475382 13753
56803024570955 13725
56808024695735 13732
56813024808253 13797
56818024915501 13846
56823025028858 13774
56828025132448 13828
56833025257854 13861
56838025387654 13687
56843025501156 13616
56848025612991 13798
56853025722046 13625
56858025822094 13703
56863025927436 13781
56868026040654 13689
56873026143254 13738
56878026240093 13847
56883026341519 13699
56888026465374 13749
56893026628824 13848
56898026752593 13693
56903026846412 13766
56908026941942 13777
56913027057574 13768
56918027168920 13753
56923027277684 13847
56928027381368 13999
56933027493583 13927
56938027614856 13633
56943027724366 13767
56948027842387 13913
56953027959996 13714
56958028097028 13875
56963028205015 13876
56968028313961 13796
56973028424797 13803
56978028548429 13651
56983028657381 13785
56988028760971 13878
56993028868946 13595
56998028977845 13739
57003029091787 13714
57008029208253 13884
57013029313667 13758
57018029419416 13726
57023029537045 13603
57028029657550 13638
57033029778731 13736
57038029875260 13881
57043029994913 13872
57048030104721 13875
57053030216127 13828
57058030326895 13799
57063030442743 13759
57068030557944 13818
57073030683851 13801
57078030806897 13864
57083030954260 13898
57088031080290 13840
57093031199995 13622
57098031319296 13727
57103031426236 13852
57108031533747 13776
57113031635403 13670
57118031746000 13719
57123031849154 13427
