38310567465001 1238
38315567609286 2284
38320567734539 3163
38325567878876 3700
38330567996186 3998
38335568126304 4079
38340568252436 4042
38345568410459 4054
38350568568300 4026
38355568687730 4016
38360568817562 4058
38365568954547 4057
38370569071233 4078
38375569211370 3997
38380569312864 4075
38385569430222 4026
38390569526884 4007
38395569648729 3981
38400569764873 4026
38405569890770 3955
38410569995408 4012
38415570119377 3979
38420570222123 3940
38425570340793 3947
38430570456153 3920
38435570578698 3910
38440570672470 3931
38445570766462 3944
38450570860492 3929
38455570978620 3915
38460571082379 3972
38465571188789 3928
38470571296928 3946
38475571410285 3961
38480571530559 3900
38485571629637 3889
38490571731345 3924
38495571837161 3930
38500571942860 3928
38505572030484 3970
38510572152155 3914
38515572292471 3546
38520572424710 3913
38525572536700 3907
38530572660004 3892
38535572762215 3912
38540572864843 3934
38545572975859 3905
38550573089685 3972
38555573197109 3915
38560573299936 3929
38565573405558 3900
38570573523486 3926
38575573644887 3957
38580573742673 3928
38585573852050 3892
38590573947299 3940
38595574064404 3945
38600574161986 3936
38605574254110 3928
38610574358290 3953
38615574461125 3899
38620574588214 3911
38625574686340 3885
38630574785840 3958
38635574896879 3891
38640575023271 3952
38645575128473 3929
38650575229082 3968
38655575341195 3990
38660575441282 3973
38665575543819 3928
38670575680931 3927
38675575795773 3922
38680575905040 3966
38685575999069 3918
38690576120257 3939
38695576217479 3920
38700576313104 3953
38705576407533 3962
38710576510076 3947
38715576610826 3942
38720576711654 3949
38725576814643 3939
38730576945885 4010
38735577052615 3908
38740577153145 3974
38745577280293 4015
38750577378274 4152
38755577486357 4136
38760577591009 3989
38765577696696 3937
38770577799070 3968
38775577896841 3914
38780577993983 3990
38785578089471 3906
38790578184131 3905
38795578293222 3921
38800578390819 3973
38805578483314 3928
38810578606926 3937
38815578721229 4044
38820578846046 3964
38825578971477 3969
38830579065868 4122
38835579160373 4096
38840579256778 3951
38845579350155 4000
38850579447488 4133
38855579549232 4193
38860579679491 4133
38865579796806 3945
38870579890379 4017
38875580022972 4036
38880580118600 3951
38885580211238 3953
38890580303709 3947
38895580422392 3986
38900580522158 3942
38905580644325 3984
38910580748826 3895
38915580867900 3950
38920580964362 3937
38925581076852 4052
38930581172358 4099
38935581282452 3902
38940581393347 3923
38945581511575 3953
38950581635727 3922
38955581749723 3978
38960581841747 3965
38965581957694 3946
38970582071595 4025
38975582193567 3964
38980582309013 3935
38985582427829 3917
38990582531833 3906
38995582650517 4003
39000582768382 4168
39005582892177 4188
39010583019336 4207
39015583119999 4062
39020583239907 3892
39025583335061 3937
39030583441839 3905
39035583573874 3894
39040583683844 3923
39045583778370 3917
39050583887311 3913
39055583984325 3910
39060584087213 3919
39065584181925 3926
39070584304008 3942
39075584405075 3958
39080584508088 4120
39085584604553 4200
39090584703624 4166
39095584819860 4088
39100584932039 3956
39105585043736 3919
39110585156964 3880
39115585273465 3920
39120585395763 3954
39125585506535 3972
39130585619269 3931
39135585719358 3968
39140585837073 3894
39145585948910 4000
39150586061156 3971
39155586155444 3903
39160586253890 3957
39165586348034 3897
39170586459308 3901
39175586574632 3948
39180586684631 4118
39185586797743 4069
39190586895172 3936
39195587006432 3962
39200587128647 3938
39205587236298 3925
39210587353413 3992
39215587466425 3916
39220587588945 4056
39225587699732 3916
39230587823213 3892
39235587918967 3915
39240588015908 3933
39245588126524 3916
39250588236643 3975
39255588334720 3900
39260588431754 4013
39265588531921 3980
39270588643059 3930
39275588749855 3919
39280588852101 3903
39285588948231 3908
39290589062288 3920
39295589165809 3899
39300589318944 3920
39305589422859 3961
39310589516592 4004
39315589642178 4074
39320589744599 4161
39325589855250 4168
39330589976274 4164
39335590073509 3980
39340590195729 4065
39345590300328 4178
39350590399496 4227
39355590511826 4192
39360590607180 4184
39365590717609 4236
39370590823091 4158
39375590920734 4170
39380591014840 3957
39385591122008 3862
39390591223142 3915
39395591320020 3928
39400591433376 4026
39405591534809 4094
39410591641808 4110
39415591756205 4005
39420591859403 4048
39425591961254 3946
39430592084640 4037
39435592178896 4088
39440592274661 4117
39445592378575 4113
39450592512169 3909
39455592610321 4019
39460592723452 4051
39465592835381 4066
39470592963537 4052
39475593080771 3934
39480593179477 3987
39485593274302 3952
39490593385027 3963
39495593506656 3946
39500593602502 4019
39505593712804 3940
39510593808275 3946
39515593906155 3946
39520594001749 3978
39525594128121 3907
39530594223627 3945
39535594318349 3918
39540594439956 3954
39545594564087 3932
39550594663374 3920
39555594763542 3909
39560594874938 3957
39565594968203 3991
39570595075832 4096
39575596086516 4089
39580596188043 4138
39585596286324 3905
39590596392336 3931
39595596521818 3913
39600596630954 3951
39605596741364 3929
39610596836838 3911
39615596945922 3957
39620597041676 3969
39625597140435 3919
39630597244490 3959
39635597354060 4001
39640597517407 4079
39645597626227 4125
39650597755272 4105
39655597887217 3965
39660598019146 4000
39665598114988 4073
39670598232798 4104
39675598347258 4085
39680598461325 3959
39685598557258 3969
39690598668798 3952
39695598764133 4106
39700598870472 4046
39705599007402 4041
39710599157300 4017
39715599269623 4015
39720599378714 4063
39725599486676 4036
39730599603168 4064
39735599730791 4013
39740599837957 4034
39745599944844 4042
39750600069768 4070
39755600175686 4062
39760600288602 4129
39765600407014 4204
39770600517793 4241
39775600613592 4237
39780600730609 4177
39785600859700 4045
39790600977335 4059
39795601109837 4032
39800601210389 4101
39805601303498 4003
39810601429618 4039
39815601567572 4100
39820601709407 4095
39825601836731 4106
39830601941896 4149
39835602063252 4248
39840602156104 4253
39845602266104 4218
39850602371215 4092
39855602491754 4120
39860602599090 4227
39865602711594 4258
39870602822353 4270
39875602929053 4110
39880603065244 4218
39885603186855 4245
39890603298306 4276
39895603420704 4196
39900603529468 4093
39905603643875 4079
39910603779311 4116
39915603888497 4008
39920603983413 4064
39925604107526 4079
39930604230836 4079
39935604328796 4070
39940604459084 4043
39945604574212 4007
39950604668863 4075
39955604778455 4053
39960604890340 4129
39965605017046 4022
39970605122251 3969
39975605241288 4039
39980605342211 4227
39985605444187 4359
39990605546754 4211
39995605644125 4097
40000605754592 4082
40005605870027 4203
40010605963272 4217
40015606059743 4216
40020606171935 4096
40025606283754 4137
40030606379824 4216
40035606473707 4230
40040606565780 4129
40045606665636 4016
40050606759353 4075
40055606869975 4030
40060606965636 4058
40065607058587 4037
40070607154925 3989
40075607249102 4003
40080607363202 4053
40085607470845 4017
40090607565051 4029
40095607687484 3992
40100607792414 4065
40105607905394 3998
40110608061909 4016
40115608160119 3989
40120608253487 4045
40125608349608 4019
40130608461097 4023
40135608585642 4043
40140608686347 4001
40145608795367 3976
40150608922483 4054
40155609047150 4061
40160609144296 3996
40165609252077 4018
40170609356618 3996
40175609450019 4021
40180609549230 4023
40185609646298 4224
40190609739969 4119
40195609852561 4099
40200609948610 4125
40205610064726 4222
40210610158935 4216
40215610250408 4215
40220610345012 4055
40225610450139 4189
40230610576776 4247
40235610676197 4210
40240610769015 4079
40245610864746 4122
40250610957588 4215
40255611052430 4333
40260611146775 4239
40265611238897 4057
40270611347560 4005
40275611459467 3969
40280611553314 4042
40285611648677 4020
40290611749634 3987
40295611845002 3952
40300611943200 4023
40305612038480 4017
40310612135779 4020
40315612257644 3978
40320612357260 3990
40325612470439 3975
40330612579465 4036
40335612684075 4002
40340612787935 4011
40345612888322 3975
40350613001196 3953
40355613096060 4044
40360613190814 4153
40365613291722 4176
40370613383540 4552
40375613481305 4046
40380613579170 3977
40385613672646 4132
40390613784395 4184
40395613928432 4204
40400614022265 4196
40405614141742 3943
40410614248425 3917
40415614348556 3944
40420614471581 4039
40425614582258 3921
40430614675562 3906
40435614773325 3890
40440614876122 3905
40445614970396 3918
40450615069824 3942
40455615174237 3939
40460615287966 3966
40465615387083 3936
40470615488850 3904
40475615592041 3944
40480615688027 3943
40485615809719 4081
40490615933484 4067
40495616065699 3971
40500616167357 3981
40505616265232 3916
40510616390819 3997
40515616489904 3923
40520616586716 3960
40525616685133 3950
40530616803890 4005
40535616920870 3949
40540617017450 4004
40545617126225 4182
40550617238062 4181
40555617331497 4231
40560617443468 4172
40565617540593 4010
40570617650715 4222
40575617771418 4049
40580617872080 4139
40585617971643 3924
40590618064106 4028
40595618159409 4144
40600618254569 4183
40605618373096 4209
40610618480810 4087
40615618602585 3958
40620618702405 3962
40625618817987 3999
40630618911169 4040
40635619003554 4062
40640619106089 3948
40645619210279 3987
40650619332448 3973
40655619448824 4028
40660619543278 3979
40665619643081 3997
40670619750912 4167
40675619850372 3957
40680619968466 3999
40685620095324 4006
40690620189939 4072
40695620304400 4181
40700620418082 4151
40705620514784 4079
40710620613593 3928
40715620708013 3948
40720620810062 3934
40725620908288 3963
40730621022402 4021
40735621135178 4029
40740621231865 3979
40745621332943 4012
40750621425390 4011
40755621529585 3983
40760621640040 3970
40765621768572 3960
40770621892684 3982
40775621999543 3929
40780622138825 3942
40785622252952 3955
40790622374044 4005
40795622482214 4035
40800622582766 4114
40805622684645 3963
40810622789905 4012
40815622906646 4003
40820623004274 4000
40825623127841 4005
40830623225533 4021
40835623326582 4187
40840623438404 4003
40845623564693 3990
40850623681756 4036
40855623772524 4108
40860623889627 4082
40865623991870 4043
40870624098117 4032
40875624196974 4041
40880624291767 4063
40885624400998 4015
40890624494629 4070
40895624592249 4200
40900624692833 4103
40905624796559 4034
40910624893091 4092
40915624986960 4111
40920625084965 4089
40925625184460 4230
40930625277484 4155
40935625369598 4094
40940625480622 4100
40945625574882 4159
40950625684523 4260
40955625799863 4219
40960625925059 4179
40965626031284 4097
40970626130677 4089
40975626227775 4082
40980626328350 4102
40985626437425 4094
40990626532858 4076
40995626644183 4056
41000626738893 4103
41005626849220 4113
41010626955706 4111
41015627051579 4083
41020627150081 4113
41025627259960 4042
41030627358492 4118
41035627480844 4053
41040627575995 4137
41045627688032 4024
41050627799680 4087
41055627893850 4031
41060628014827 4086
41065628117673 4071
41070628226089 4076
41075628328039 4120
41080628423281 4110
41085628535300 4093
41090628626154 4145
41095628720503 4029
41100628848544 4063
41105628949838 4045
41110629055055 4062
41115629174425 4056
41120629284139 4069
41125629404788 4050
41130629522588 4070
41135629625217 4099
41140629741772 4088
41145629836124 4022
41150629935795 4050
41155630053150 4068
41160630170165 4157
41165630264475 4079
41170630360291 4079
41175630467042 4076
41180630562921 4058
41185630658198 4227
41190630759460 4072
41195630881502 3971
41200631006879 4035
41205631111806 3998
41210631224734 3980
41215631347772 4037
41220631473130 4026
41225631579017 4054
41230631710068 4021
41235631803487 4043
41240631898427 4082
41245631993693 4067
41250632104049 4098
41255632203234 4111
41260632319747 4075
41265632444445 4197
41270632554753 4090
41275632647127 4125
41280632742701 4229
41285632839852 4272
41290632962552 4065
41295633073758 4083
41300633188108 4129
41305633295681 4226
41310633394316 4089
41315633523412 4038
41320633660461 4080
41325633766409 4059
41330633858864 4038
41335633951792 4031
41340634061506 4045
41345634172489 4013
41350634293273 4047
41355634405993 4001
41360634513039 3995
41365634606129 3981
41370634702494 3952
41375634798383 4057
41380634894242 4088
41385635005646 4021
41390635115515 4078
41395635212872 4032
41400635330887 4005
41405635426520 4051
41410635538931 4030
41415635636737 4007
41420635732270 4014
41425635826603 4019
41430635928955 4159
41435636021890 3992
41440636136036 3990
41445636231391 4062
41450636324068 4144
41455636442020 4239
41460636536024 4241
41465636631954 4087
41470636730635 4004
41475636834555 3960
41480636948818 3993
41485637047271 3968
41490637178160 3973
41495637303739 3940
41500637404488 3931
41505637500223 3921
41510637598318 3961
41515637724770 3936
41520637835467 3927
41525637948251 3955
41530638062112 3917
41535638165945 4026
41540638273088 3944
41545638394449 3936
41550638527654 3889
41555638632414 3888
41560638728880 3917
41565638829662 3946
41570638930507 4028
41575639043338 4147
41580639160906 4130
41585639269601 4117
41590639371561 3951
41595639504362 3912
41600639602082 3930
41605639696265 3878
41610639803045 3903
41615639897477 4002
41620639995619 3896
41625640099672 3929
41630640210127 3947
41635640342559 4004
41640640437744 3939
41645640551748 3944
41650640643636 3902
41655640766260 3965
41660640887517 3964
41665641004874 3919
41670641106604 3912
41675641206753 4011
41680641302736 4089
41685641413595 4150
41690641519584 4168
41695641630460 4058
41700641724377 3970
41705641822069 4082
41710641927447 4138
41715642045218 4148
41720642139825 4080
41725642235612 3906
41730642346029 4019
41735642448505 4108
41740642557982 4148
41745642659465 4147
41750642782014 3989
41755642893610 3921
41760642989942 3969
41765643085393 3902
41770643194212 3912
41775643289253 3949
41780643382614 3931
41785643478058 3935
41790643574558 3956
41795643672181 3873
41800643789418 3973
41805643903602 3933
41810644013731 3914
41815644108467 3939
41820644205816 3947
41825644305398 3932
41830644416416 4011
41835644514491 4201
41840644609500 4161
41845644722017 4151
41850644818821 4183
41855644930412 3908
41860645030959 4063
41865645137546 4192
41870645232282 4131
41875645331902 4080
41880645453538 3938
41885645548757 3981
41890645656290 4019
41895645753265 3964
41900645848073 3933
41905645989742 3833
