235972607536637 10771
235977607642369 15159
235982607727611 18291
235987607803652 12852
235992607887097 18874
235997607974925 22272
236002608061446 30051
236007608149604 29945
236012608235538 30276
236017608294809 29719
236022608381699 29588
236027608471271 30180
236032608559592 31115
236037608644133 29864
236042608707278 29759
236047608789984 30231
236052608876000 29850
236057608957697 29632
236062609041419 29874
236067609119544 30333
236072609198926 30023
236077609250036 29799
236082609332569 30231
236087609401384 30924
236092609487400 30176
236097609550322 30459
236102609630419 30082
236107609699817 30167
236112609775283 30198
236117609856195 30055
236122609942093 30369
236127610019260 29934
236132610120432 30322
236137610198121 30224
236142610262865 29895
236147610338240 29926
236152610417372 30256
236157610501349 29989
236162610578191 30945
236167610660059 29945
236172610737188 29792
236177610807988 30377
236182610886077 30086
236187610966088 30182
236192611052562 30220
236197611130244 29989
236202611214185 30354
236207611292851 30689
236212611373471 30321
236217611461125 30040
236222611545438 30356
236227611632402 30011
236232611718457 30530
236237611810043 30433
236242611897046 29989
236247611974116 30291
236252612061987 30756
236257612112916 30012
236262612183377 30466
236267612244484 29897
236272612329295 30188
236277612422527 30758
236282612499916 29906
236287612582104 30123
236292612648239 29807
236297612701894 30184
236302612767931 30341
236307612831893 30370
236312612888710 29845
236317612972008 30148
236322613036852 30322
236327613116862 30068
236332613184741 30115
236337613248575 29595
236342613323385 30184
236347613383363 30039
236352613456097 30541
236357613533848 30013
236362613616291 30068
236367613696029 30101
236372613770079 30099
236377613860628 29940
236382613943981 30212
236387613985090 30230
236392614068562 30461
236397614152330 30376
236402614236018 30550
236407614313804 29855
236412614397723 30232
236417614470873 30298
236422614551190 31185
236427614610078 30343
236432614685530 30133
236437614763610 30451
236442614835476 30252
236447614919424 30275
236452615000488 30361
236457615082886 29991
236462615172483 30220
236467615238460 30150
