235377149712969 2261
235382149812444 2386
235387149891971 1049
235392149983784 1818
235397150082604 1697
235402150166272 1018
235407150249550 986
235412150328573 1228
235417150418273 1037
235422150497514 1123
235427150584447 989
235432150668847 1048
235437150747607 1007
235442150832519 1038
235447150924643 988
235452151014733 1007
235457151101561 1011
235462151179941 1028
235467151266461 1016
235472151344501 1056
235477151431459 981
235482151519114 968
235487151658561 1080
235492151761979 1017
235497151847024 944
235502151930864 973
235507152016459 927
235512152099058 922
235517152187417 1073
235522152277544 1130
235527152364998 1064
235532152439817 995
235537152521333 976
235542152602150 1000
235547152695798 1004
235552152791509 1045
235557152882841 980
235562152973430 1034
235567153058499 943
235572153151206 1002
235577153231037 1057
235582153325576 1051
235587153414580 927
235592153499536 983
235597153584778 961
235602153667880 953
235607153751744 1065
235612153854571 1076
235617153966230 963
235622154055788 949
235627154145487 946
235632154236249 1039
235637154315523 931
235642154400966 964
235647154489541 1058
235652154584765 1245
235657154673599 1122
235662154765325 967
235667154852700 937
235672154936966 933
235677155027156 961
235682155113429 938
235687155203280 919
235692155287081 965
235697155390639 1131
235702155493334 1107
235707155588746 1155
235712155674912 987
235717155765199 956
235722155848733 920
235727155937001 992
235732156013760 938
235737156115727 948
235742156203248 837
235747156294182 974
235752156391302 945
235757156488300 987
235762156575344 979
235767156669221 1111
235772156763028 1014
235777156847511 884
235782156931032 982
235787157029924 947
235792157118798 1029
235797157200720 998
235802157294754 908
235807157385270 865
235812157471153 862
235817157557764 929
235822157643378 918
235827157728366 994
235832157813030 988
235837157896647 1032
235842157990355 1111
235847158082255 1093
235852158177130 978
235857158269568 960
235862158358238 913
235867158441677 995
235872158536761 984
