108717740993264 1862
108722741142256 1650
108727741256778 1608
108732741396933 1789
108737741493162 1546
108742741596211 1374
108747741717448 1395
108752741821199 1666
108757741946974 1383
108762742063477 1259
108767742186800 1466
108772742303508 1553
108777742424151 1207
108782742552374 1333
108787742663720 1547
108792742780589 1143
108797742904479 1281
108802743016343 1537
108807743111699 1060
108812743207739 1289
108817743298698 1466
108822743393078 1096
108827743509311 1405
108832743649837 1601
108837743767572 1180
108842743886091 1179
108847743989833 1480
108852744127470 1093
108857744250625 1265
108862744347191 1593
108867744447130 934
108872744554996 1320
108877744663531 1526
108882744771976 1330
108887744912686 1135
108892745010904 1361
108897745136989 1117
108902745238168 1258
108907745345500 1556
108912745472635 1251
108917745602659 1207
108922745725902 1298
108927745861879 1014
108932745970948 1342
108937746077373 1330
108942746181280 994
108947746277462 1365
108952746390149 1075
108957746491044 1207
108962746584568 1371
108967746676318 1115
108972746802327 1294
108977746925703 1294
108982747050608 983
108987747180483 1369
108992747272153 1193
108997747377087 1158
109002747510631 1438
109007747646567 866
109012747740070 1288
109017747832241 1170
109022747976486 1078
109027748138883 1402
109032748288479 1221
109037748417725 1126
109042748532205 1259
109047748643292 950
109052748743224 1370
109057748866734 1355
109062748968477 978
109067749094753 1402
109072749218367 1062
109077749330783 1138
109082749434150 1303
109087749556768 1114
109092749681075 1357
109097749793418 1243
109102749903386 986
109107750022294 1318
109112750154414 1101
109117750296639 1178
109122750383524 1336
109127750511497 893
109132750642739 1338
109137750755092 996
109142750867893 1188
109147750987536 1446
109152751129069 920
109157751255780 1317
109162751384485 1004
109167751495312 1135
109172751607059 1357
109177751714216 1006
109182751829604 1274
109187751946296 1277
109192752063544 1001
109197752145487 1259
109202752253661 955
109207752349237 1293
109212752482316 1287
109217752609041 967
109222752736078 1374
109227752849912 995
109232752962663 1182
109237753062793 1250
109242753187796 1093
109247753292698 1335
109252753376005 970
109257753506037 1164
109262753626216 1282
109267753709987 971
109272753845268 1299
109277753946448 1183
109282754042041 1103
109287754131570 1288
109292754258477 863
109297754366671 1335
109302754483441 1112
109307754592386 1119
109312754705748 1314
109317754789761 872
109322754895718 1225
109327754995532 897
109332755093079 1254
109337755228124 1335
109342755331767 934
109347755448133 1367
109352755533608 867
109357755658759 1280
109362755785544 1107
109367755901432 1024
109372756024457 1428
109377756113846 879
109382756221083 1255
109387756330554 1114
109392756443676 1139
109397756563802 1162
109402756650036 883
109407756726947 1337
109412756809983 1126
109417756938279 1186
109422757049834 1208
109427757170200 897
109432757289426 1273
109437757407975 1292
109442757525641 1057
109447757630206 1304
109452757748120 895
109457757858466 1275
109462757973987 931
109467758091326 1209
109472758211275 1313
109477758304659 925
109482758422797 1271
109487758535638 870
109492758650559 1239
109497758778179 1032
109502758890346 1083
109507758974695 1398
109512759063951 885
109517759187227 1279
109522759294990 867
109527759402496 1268
109532759514950 1088
109537759632653 1011
109542759747322 1317
109547759862330 895
109552759978763 1243
109557760094202 1137
109562760183333 1056
109567760275311 1246
109572760367470 895
109577760448281 1238
109582760558854 967
109587760677821 1246
109592760801458 1027
109597760928575 1066
109602761044130 1323
109607761160557 949
109612761279250 1316
109617761395553 1025
109622761510016 1089
109627761595325 1308
109632761716150 901
109637761803133 1312
109642761896438 872
109647762018331 1224
109652762135824 838
109657762260940 1168
109662762386602 1202
109667762496253 990
109672762611883 1256
109677762697298 872
109682762805623 1177
109687762925550 875
109692763055495 1242
109697763170881 1079
109702763288084 1020
109707763401440 1276
109712763518954 841
109717763644988 1253
109722763769856 915
109727763898734 1104
109732764033233 1038
109737764150982 1115
109742764241569 1007
109747764336235 1093
109752764426202 1269
109757764536221 938
109762764669407 1049
109767764796821 1047
109772764923726 1187
109777765036668 1103
109782765149064 1107
109787765266280 1108
109792765388044 983
109797765504779 1303
109802765611433 1309
109807765712757 1062
109812765804423 1338
109817765897575 1089
109822765999243 1169
109827766139659 1367
109832766242440 1079
109837766384879 1260
109842766510929 916
109847766625131 1141
109852766722162 1021
109857766808858 1066
109862766933737 1246
109867767043956 872
109872767159401 1264
109877767275228 855
109882767389240 1156
109887767508409 921
109892767591607 1185
109897767687982 1073
109902767790857 991
109907767891808 1273
109912768012724 883
109917768101108 1074
109922768171117 908
109927768216190 1193
109932768333399 887
109937768444685 1199
109942768507200 964
109947768597877 1159
109952768714488 981
109957768804834 998
109962768876754 1246
109967768998459 851
109972769123347 1231
109977769251179 942
109982769370799 1180
109987769459326 1219
109992769555884 970
109997769682937 1400
110002769810225 928
110007769926727 1243
110012770043880 1011
110017770149081 1084
110022770260274 1395
110027770326755 1158
110032770456398 1162
110037770588050 1366
110042770707071 886
110047770822621 1342
110052770940031 940
110057771062096 1249
110062771151437 1157
110067771270371 975
110072771395233 1178
110077771508440 917
110082771595044 1131
110087771695795 889
110092771822490 1253
110097771919218 972
110102772041892 1128
110107772157736 985
110112772288636 1100
110117772412585 1185
110122772540034 875
110127772651667 1214
110132772735043 855
110137772852096 1210
110142772968402 894
110147773085338 1170
110152773167668 1006
110157773261361 1149
110162773352626 1393
110167773448435 996
110172773579164 1141
110177773709952 1003
110182773801561 1107
110187773912636 1206
110192774031140 952
110197774122261 1359
110202774213947 986
110207774315212 1185
110212774441959 1160
110217774576418 996
110222774697007 1262
110227774830423 1224
110232774929861 1141
110237775062970 1230
110242775192867 960
110247775286384 1420
110252775380189 1100
110257775502177 1092
110262775619816 1121
110267775703626 954
110272775821291 1117
110277775943504 933
110282776050410 1168
110287776159234 874
110292776283896 1227
110297776400305 867
110302776495048 1282
110307776566712 1004
110312776678898 1041
110317776787635 1177
110322776908956 897
110327777031346 1244
110332777147795 913
110337777233821 1230
110342777315426 1080
110347777438544 1057
110352777556945 1175
110357777676498 957
110362777786839 1326
110367777902890 893
110372778039120 1220
110377778162613 1031
110382778280893 1088
110387778406251 1303
110392778519943 962
110397778626428 1306
110402778730812 949
110407778821616 1133
110412778955530 1135
110417779051570 1026
110422779180570 1440
110427779288295 1131
110432779392658 1096
110437779526192 1360
110442779632173 1006
110447779746346 1305
110452779873070 964
110457779998601 1128
110462780109791 1252
110467780155052 894
110472780259902 1032
110477780380320 957
110482780510616 1125
110487780620416 915
110492780750719 1293
110497780870637 842
110502780937643 1196
110507780988341 865
110512781105319 1056
