101048306141852 1538
101053306251075 1238
101058306388186 1396
101063306498889 1169
101068306599180 1165
101073306716040 1325
101078306828474 1129
101083306947760 989
101088307052210 1374
101093307158999 1094
101098307285699 1143
101103307399332 1396
101108307514937 1144
101113307638890 917
101118307749838 1286
101123307865383 1127
101128307972745 1176
101133308082981 1199
101138308186346 1025
101143308324786 1003
101148308435716 1012
101153308541820 1113
101158308644397 1105
101163308752783 1002
101168308852843 1173
101173308960430 760
101178309065140 1176
101183309166101 1094
101188309268830 1027
101193309372975 1211
101198309496379 1063
101203309591221 863
101208309687031 1122
101213309780758 996
101218309909176 1231
101223310024648 958
101228310129838 1075
101233310228310 844
101238310322826 1021
101243310421426 1141
101248310512340 943
101253310609679 1132
101258310708819 979
101263310808965 853
101268310910210 1072
101273311040266 979
101278311139008 1093
101283311236179 966
101288311332054 1086
101293311461579 716
101298311561519 1160
101303311689785 902
101308311806120 1007
101313311905536 1100
101318312009127 980
101323312136458 972
101328312238139 974
101333312337432 1093
101338312438568 1037
101343312572956 986
101348312683283 1082
101353312804095 838
101358312898790 1165
101363313012974 963
101368313110951 1085
101373313209915 1056
101378313308830 936
101383313443434 1019
101388313553638 836
101393313683306 1226
101398313810925 903
101403313906036 1138
101408314000796 1019
101413314110401 889
101418314217328 816
101423314326111 922
101428314425649 1131
101433314527935 955
101438314630927 1038
101443314725746 893
101448314829229 876
101453314932387 941
101458315030878 1001
101463315127172 1037
101468315227566 913
101473315338108 1085
101478315430250 730
101483315523901 1076
101488315619365 920
101493315715549 999
101498315810151 975
101503315904590 972
101508316017947 878
101513316117341 945
101518316208220 1109
101523316304619 839
101528316406245 1075
101533316500645 873
101538316598543 778
101543316733895 1001
101548316845299 933
101553316952560 1118
101558317061471 897
101563317196367 1086
101568317296770 699
101573317399675 1088
101578317515736 1023
101583317616030 953
101588317734548 1112
101593317832644 946
101598317923552 934
101603318056711 917
101608318161515 1094
101613318264567 1064
101618318363021 940
101623318465715 1178
101628318561149 722
101633318693002 1121
101638318797182 994
101643318894847 995
101648318993225 953
101653319088312 951
101658319184331 794
101663319286831 783
101668319423243 867
101673319548892 825
101678319653717 456
101683319776783 350
101688319908592 164
101693320036491 0
101698320160996 0
101703320280107 5
101708320391335 4
101713320481349 171
101718320612173 183
101723320725189 0
101728320817569 5
101733320934181 5
101738321058507 427
101743321155907 324
101748321279978 100
101753321410217 0
101758321535872 0
101763321654253 1
101768321784877 6
101773321882615 165
101778322007517 144
101783322138611 0
101788322248815 0
101793322363297 0
101798322457708 189
101803322557215 533
101808322686204 200
101813322817059 0
101818322916383 0
101823323042122 1
101828323132652 249
101833323225881 377
101838323353703 267
101843323445370 0
101848323520895 1
101853323638198 0
101858323727612 12
101863323808223 470
101868323913294 330
101873324049935 5
101878324168180 1
101883324295334 2
101888324427319 2
101893324524084 913
101898324633014 476
101903324758836 0
101908324848360 533
101913324946063 1087
101918325041826 972
101923325143924 1011
101928325273846 629
101933325396157 6
101938325496256 798
101943325606494 926
101948325720507 1051
101953325857463 1023
101958325958370 683
101963326062125 875
101968326161906 991
101973326259964 951
101978326357235 924
101983326459594 1144
101988326554715 554
101993326648248 1020
101998326738666 902
102003326835769 1115
102008326940237 969
102013327044318 970
102018327183815 781
102023327279109 870
102028327403090 1038
102033327499220 919
102038327600510 1083
102043327697884 870
102048327810382 1012
102053327906147 699
102058328021429 1042
102063328112214 936
102068328211032 1018
102073328313285 936
102078328408933 972
102083328499331 736
102088328590058 939
102093328691395 907
102098328795646 850
102103328906317 1108
102108329024062 835
102113329120305 638
102118329244967 896
102123329339285 1135
102128329454031 860
102133329574568 1032
102138329690136 928
102143329802984 702
102148329905025 862
102153330010943 1049
102158330124865 894
102163330258368 964
102168330382317 950
102173330519970 549
102178330625631 1002
102183330762631 936
102188330864690 973
102193330956868 917
102198331061502 1109
102203331170790 425
102208331272730 988
102213331376324 949
102218331488599 904
102223331615122 885
102228331727065 1029
102233331865612 400
102238331976137 1099
102243332097015 962
102248332197675 1048
102253332294143 865
102258332416777 1018
102263332507129 478
102268332604114 1079
102273332703961 935
102278332817124 1001
102283332918695 977
102288333023033 885
102293333121489 473
102298333219134 1070
102303333332756 971
102308333463014 909
102313333557367 1004
102318333677921 865
102323333797001 577
102328333951835 988
102333334045396 903
102338334136132 932
102343334233579 925
102348334339045 809
102353334466698 768
102358334566842 809
102363334671040 1079
102368334764637 795
102373334882391 1125
102378334993459 839
102383335121655 914
102388335217335 747
102393335310445 1042
102398335401718 938
102403335505249 938
102408335632327 987
102413335759358 795
102418335853987 675
102423335969316 1015
102428336074901 1032
102433336165282 918
102438336260926 1126
102443336386848 760
102448336484373 526
102453336612314 932
102458336708574 1004
102463336814972 911
102468336909802 952
102473337003325 821
102478337100824 568
102483337198653 916
102488337310325 1149
102493337426516 866
102498337521985 1043
102503337613130 945
102508337706909 650
102513337800225 913
102518337903816 1013
102523338003681 964
102528338098778 949
102533338197834 1042
102538338296000 509
102543338395383 1003
102548338522376 942
102553338635785 1062
102558338731732 935
102563338827876 886
102568338934534 134
102573339030896 195
102578339131531 916
102583339234718 571
102588339357127 615
102593339453151 680
102598339582409 260
102603339700516 0
102608339813075 0
102613339933265 0
102618340054964 1
102623340174199 1
102628340257618 19
102633340353437 512
102638340470172 467
102643340570900 399
102648340665330 406
102653340758285 467
102658340850919 165
102663340966301 0
102668341046720 0
102673341132314 0
102678341225174 0
102683341321436 0
102688341409400 0
102693341525896 0
102698341597225 0
102703341633510 0
102708341727408 440
102713341858890 429
102718341978073 136
102723342057509 0
102728342133187 0
102733342238551 0
102738342345437 0
102743342446938 0
102748342520211 5
102753342625027 5
102758342714368 2
102763342829027 0
102768342924767 248
102773343028120 420
102778343164231 171
102783343288708 0
102788343364546 0
102793343488216 5
102798343596015 0
102803343707883 2
102808343809645 0
102813343915794 5
102818344028403 0
102823344118786 0
102828344232111 1
102833344344610 495
102838344426897 154
102843344516548 0
