110533306870122 162
110538306988653 342
110543307071047 449
110548307191129 551
110553307351433 661
110558307494852 769
110563307640017 958
110568307744113 1256
110573307853647 1749
110578307953580 2551
110583308041715 4692
110588308148648 8689
110593308267169 13944
110598308374459 14719
110603308480815 14836
110608308570532 14652
110613308679494 14879
110618308786407 14781
110623308904558 14733
110628309005890 14668
110633309102030 14567
110638309220332 14681
110643309310369 14703
110648309401351 14675
110653309510041 14764
110658309619271 14798
110663309712478 14619
110668309805162 14833
110673309897584 14765
110678309997209 14707
110683310103611 14873
110688310191862 14784
110693310284244 14818
110698310382424 14819
110703310497506 14629
110708310600429 14834
110713310721885 14753
110718310812103 14856
110723310906373 14707
110728310997091 14784
110733311111319 14695
110738311200598 14892
110743311307795 14766
110748311399048 14786
110753311492103 14610
110758311593023 14801
110763311680439 15083
110768311773469 15074
110773311884045 14984
110778311980407 14790
110783312099012 14870
110788312256047 15304
110793312369365 15025
110798312467230 15005
110803312555378 14900
110808312650109 14992
110813312742047 15062
110818312851981 15046
110823312943870 14916
110828313048487 15020
110833313157647 14994
110838313253167 15007
110843313345069 14951
110848313428661 15329
110853313527361 15174
110858313623376 15198
110863313717777 15315
110868313827129 15198
110873313917270 15466
110878314017735 15731
110883314118616 15646
110888314225335 15696
110893314317765 15522
110898314409536 15561
110903314520668 15460
110908314626911 15571
110913314721458 15635
110918314815988 15602
110923314912890 15357
110928315007839 15642
110933315101710 15624
110938315199014 15557
110943315289626 15552
110948315378903 15530
110953315472174 15502
110958315562192 15611
110963315650182 15558
110968315743068 15432
110973315836195 15619
110978315926776 15646
110983316046056 15538
110988316133302 15500
110993316232685 15512
110998316341349 15502
111003316438989 15611
111008316529975 15741
111013316638305 15444
111018316730494 15893
111023316825011 15752
111028316937039 15853
111033317037371 15586
111038317147856 15744
111043317238264 15622
111048317345676 15634
111053317450979 15459
111058317550761 15635
111063317654155 15552
111068317743540 15796
111073317845601 15793
111078317973719 15568
111083318078503 15886
111088318193547 15668
111093318283414 15754
111098318401215 15447
111103318494268 15654
111108318585175 15862
111113318688015 15679
111118318785227 15344
111123318895875 15504
111128318993090 15787
111133319090226 15377
111138319191227 15605
111143319280558 15557
111148319388990 15671
111153319485645 15728
111158319575515 15342
111163319668154 15564
111168319760044 15638
111173319854130 15800
111178319953515 15666
111183320013019 15761
111188320110936 15577
111193320234856 15581
111198320331324 15769
111203320418836 15749
111208320506492 15557
111213320602587 15773
111218320695594 15570
111223320794398 15519
111228320889906 15705
111233320978361 15532
111238321071086 15654
111243321172805 15635
111248321270237 15521
111253321363625 15631
111258321456952 15468
111263321545352 15499
111268321639293 15453
111273321733708 15663
111278321824630 15538
111283321947812 15600
111288322036956 15436
111293322141416 15804
111298322260293 15590
111303322360562 15557
111308322456523 15533
111313322549097 15727
111318322646281 15488
111323322757520 15589
111328322847912 15617
111333322938811 15311
111338323028049 15741
111343323119302 15424
111348323208835 15592
111353323297356 15531
111358323398220 15411
111363323516648 15562
111368323611437 15465
111373323717925 15694
111378323837603 15519
111383323929006 15566
111388324026140 15878
111393324123001 15467
111398324212469 15663
111403324298599 15387
111408324400080 15377
111413324497995 15307
111418324592754 15609
111423324682079 15564
111428324773846 15369
111433324877148 15534
111438324970325 15601
111443325061836 15602
111448325154487 15552
111453325250867 15459
111458325341099 15330
111463325450270 15558
111468325540184 15484
111473325653346 15536
111478325750609 15528
111483325857965 15547
111488325965117 15520
111493326059080 15809
111498326167582 15563
111503326256880 15422
111508326365078 15344
111513326450583 15506
111518326557101 15465
111523326647104 15419
111528326739678 15615
111533326852396 15527
111538326956607 15412
111543327051483 15580
111548327177056 15572
111553327271100 15332
111558327401795 15633
111563327492698 15474
111568327579514 15605
111573327684378 15630
111578327784222 15612
111583327892816 15462
111588327982133 15279
111593328096998 15889
111598328215600 15351
111603328331571 15348
111608328427260 15278
111613328512807 15527
111618328611699 15368
111623328698963 15498
111628328802623 15640
111633328897832 15395
111638328989340 15403
111643329092148 15648
111648329191860 15425
111653329306190 15547
111658329396518 15321
111663329500666 15382
111668329584570 15506
111673329693137 15367
111678329782908 15462
111683329876506 15618
111688329985060 15458
111693330077906 15317
111698330164924 15480
111703330302757 15188
111708330400404 15378
111713330493465 15377
111718330581843 15357
111723330689342 15546
111728330786277 15387
111733330881849 15296
111738330982786 15349
111743331074026 15350
111748331170730 15386
111753331265524 15421
111758331357691 15295
111763331461184 15279
111768331551640 15427
111773331647335 15409
111778331753339 15494
111783331879553 15371
111788331972818 15415
111793332074930 15459
111798332164849 15270
111803332261274 15412
111808332355002 15497
111813332441443 15497
111818332542960 15435
111823332641777 15421
111828332744361 15578
111833332834411 15497
111838332950066 15352
111843333047665 15280
111848333144311 15697
111853333234694 15466
111858333328169 15504
111863333418978 15404
111868333517516 15451
111873333613377 15393
111878333792984 15445
111883333904002 15357
111888333996794 15456
111893334090835 15462
111898334187931 15436
111903334278947 15447
111908334364554 15464
111913334465945 15268
111918334562447 15328
111923334657995 15471
111928334747725 15522
111933334854400 15402
111938334940860 15458
111943335050321 15615
111948335163761 15489
111953335267856 15378
111958335372443 15514
111963335470773 15530
111968335559239 15471
111973335666306 15473
111978335754130 15641
111983335851243 15570
111988335941036 15400
111993336048442 15528
111998336153211 15637
112003336253561 15329
112008336345596 15431
112013336464945 15422
112018336553157 15630
112023336689857 15438
112028336773549 15478
112033336909251 15591
112038337023564 15674
112043337115539 15389
112048337206277 15147
112053337309583 15462
112058337406332 15428
112063337507207 15339
112068337600648 15644
112073337708674 15425
112078337800413 15426
112083337906106 15513
112088338024253 15483
112093338134134 15887
112098338225810 15559
112103338315887 15458
112108338435986 15590
112113338548094 15658
112118338637177 15445
112123338742718 15492
112128338841257 15262
112133338940740 15541
112138339045871 15586
112143339138210 15501
112148339232285 15512
112153339322164 15333
112158339427859 15406
112163339557217 15426
112168339648065 15334
112173339740528 15407
112178339832379 15468
112183339931880 15547
112188340024927 15554
112193340125618 15505
112198340249702 15541
112203340342939 15482
112208340447099 15501
112213340548609 15389
112218340651951 15488
112223340745987 15502
112228340855183 15645
112233340950646 15729
112238341052387 15510
112243341155660 15459
112248341279917 15568
112253341372575 15807
112258341465871 15463
112263341569773 15465
112268341671748 15545
112273341764469 15534
112278341904040 15525
112283342011419 15349
112288342105052 15519
112293342197963 15552
112298342293974 15462
112303342391220 15549
112308342502378 15648
112313342586911 15540
112318342690130 15655
112323342773359 17171
112328342884515 17567
