102921653916018 22
102926654071599 33
102931654218678 41
102936654365341 53
102941654512036 61
102946654656255 68
102951654796333 70
102956654935880 76
102961655060130 83
102966655200700 88
102971655324468 91
102976655452637 97
102981655581207 98
102986655708343 107
102991655835376 106
102996655935376 109
103001656071753 114
103006656170494 124
103011656330434 120
103016656516949 136
103021656666971 138
103026656810686 145
103031656953889 142
103036657088264 152
103041657210229 156
103046657346722 167
103051657476779 162
103056657578341 173
103061657726692 166
103066657847075 191
103071657980683 188
103076658098855 198
103081658219995 202
103086658343382 205
103091658467376 207
103096658606924 214
103101658738560 228
103106658876598 232
103111659001146 239
103116659102481 238
103121659197735 242
103126659330854 253
103131659463076 257
103136659591606 269
103141659727330 266
103146659862530 266
103151659997775 292
103156660183633 284
103161660307781 296
103166660436206 284
103171660571304 302
103176660705708 315
103181660838653 308
103186660982919 319
103191661117983 318
103196661247002 328
103201661371777 324
103206661512768 331
103211661643992 339
103216661748217 345
103221661873947 335
103226662010557 353
103231662145502 353
103236662270373 350
103241662409357 359
103246662538228 364
103251662674606 359
103256662821396 365
103261662960904 373
103266663065076 383
103271663167516 366
103276663286648 401
103281663394445 387
103286663537141 378
103291663668472 387
103296663800993 399
103301663932076 401
103306664059844 400
103311664160965 406
103316664259810 399
103321664386369 397
103326664491843 409
103331664643932 423
103336664779134 439
103341664913474 420
103346665033201 418
103351665156771 403
103356665276756 424
103361665382997 441
103366665531911 418
103371665662764 448
103376665798787 427
103381665933145 448
103386666064356 460
103391666204878 459
103396666342284 450
103401666479802 442
103406666613849 458
103411666715888 454
103416666816253 472
103421666949153 475
103426667075751 474
103431667178504 489
103436667312493 471
103441667445038 485
103446667587253 514
103451667696817 481
103456667843515 500
103461667949411 499
103466668123743 516
103471668272910 490
103476668405878 505
103481668530870 501
103486668659420 517
103491668790915 515
103496668921286 549
103501669019624 544
103506669155296 547
103511669258031 549
103516669390713 563
103521669515277 559
103526669655755 544
103531669766306 555
103536669887161 569
103541670019919 565
103546670150071 566
103551670283694 566
103556670411969 572
103561670551486 581
103566670689136 571
103571670830381 591
103576670972892 596
103581671120811 614
103586671251985 646
103591671359796 600
103596671509185 618
103601671611817 624
103606671749729 624
103611671897240 662
103616672031500 631
103621672134056 637
103626672263023 667
103631672388504 667
103636672506240 683
103641672640735 689
103646672754795 679
103651672870729 696
103656672983649 713
103661673096581 714
103666673210565 710
103671673327032 712
103676673436460 726
103681673551913 749
103686673665466 744
103691673775005 734
103696673891256 741
103701674018115 800
103706674137875 780
103711674253829 799
103716674367252 809
103721674466894 832
103726674599815 821
103731674727611 836
103736674859075 831
103741675007064 833
103746675133675 893
103751675265325 839
103756675399288 873
103761675522433 923
103766675663515 908
103771675794643 946
103776675930589 927
103781676062525 927
103786676164771 934
103791676298351 989
103796676429091 985
103801676563838 1013
103806676684863 1017
103811676825485 1000
103816676956890 1102
103821677097667 1079
103826677237081 1107
103831677368984 1069
103836677504575 1109
103841677622873 1154
103846677753045 1143
103851677860499 1175
103856677983898 1197
103861678100121 1168
103866678215780 1217
103871678323189 1271
103876678440841 1247
103881678550931 1245
103886678664309 1294
103891678771157 1370
103896678901214 1331
103901679020979 1294
103906679138911 1388
103911679252022 1468
103916679363536 1480
103921679474931 1519
103926679593988 1570
103931679706808 1605
103936679816814 1571
103941679927393 1626
103946680045873 1694
103951680154896 1633
103956680263702 1706
103961680387354 1721
103966680506666 1822
103971680604563 1904
103976680737383 1983
103981680871523 2061
103986681002749 2144
103991681136897 2145
103996681268231 2203
104001681408271 2196
104006681541481 2289
104011681673846 2486
104016681808672 2655
104021681953211 2489
104026682100032 2589
104031682231608 2780
104036682366599 2789
104041682499740 3115
104046682635939 3058
104051682769214 3305
104056682906299 3282
104061683045459 3528
104066683181543 3620
104071683315111 3950
104076683449362 4028
104081683595778 4053
104086683736590 4546
104091683873217 4815
104096683970825 4986
104101684119916 5534
104106684253800 5834
104111684384098 6110
104116684525831 6775
104121684656253 7180
104126684789741 8115
104131684896932 8365
104136685021118 8915
104141685152676 9965
104146685262215 10531
104151685406500 10879
104156685510273 11470
104161685650678 12091
104166685740142 12389
104171685831011 12302
104176685962147 12763
104181686055061 12477
104186686153573 12825
104191686284055 13102
104196686425332 12668
104201686525109 13104
104206686634020 12686
104211686732729 12918
104216686856039 12513
104221686950401 12441
104226687046813 12657
104231687124607 12537
104236687233895 12843
104241687344736 12855
104246687477470 12783
104251687583793 12855
104256687672271 13131
104261687786455 13095
104266687878809 12867
104271687984179 12588
104276688085145 13265
104281688219538 12755
104286688311399 12967
104291688402932 13335
104296688503538 13198
104301688591250 13045
104306688678322 12755
104311688798113 12916
104316688889057 12531
104321688997319 12605
104326689088431 12687
104331689185291 12686
104336689270643 13026
104341689367682 12400
104346689455292 12963
104351689558018 12161
104356689658582 12542
104361689758126 13000
104366689847524 12784
104371689968768 12882
104376690060816 12521
104381690169117 12635
104386690304526 12713
104391690395345 13075
104396690530196 12668
104401690617672 12993
104406690708402 12993
104411690800810 13073
104416690915506 13168
104421691009351 12790
104426691097011 12861
104431691196763 13139
104436691279468 13062
104441691398079 12850
104446691498023 12859
104451691582280 12928
104456691668701 13201
104461691787992 13084
104466691922340 12867
104471692046334 13117
104476692156082 13060
104481692249648 13052
104486692342437 13035
104491692465269 13083
104496692573206 12744
104501692669317 13060
104506692765084 12851
104511692878948 13009
104516692998060 13066
104521693101426 13079
104526693209448 12849
104531693345611 12997
104536693450031 12879
104541693580203 12957
104546693733188 12766
104551693834392 12790
104556693924756 12964
104561694025522 12999
104566694119825 13083
104571694210909 12774
104576694315572 12951
104581694432677 12949
104586694530536 13146
104591694625748 12822
104596694742331 12711
104601694839141 12574
104606694981211 13096
104611695094892 12828
104616695231595 13158
104621695320143 12938
104626695424606 12748
104631695510511 12840
104636695602359 13107
104641695714532 12427
104646695823944 12676
104651695913167 12718
104656696022366 12980
104661696119562 12839
104666696204197 13072
104671696311579 12776
104676696398762 12928
104681696509290 12859
104686696617217 12709
104691696728687 12815
104696696822828 12842
104701696941038 12890
104706697041629 13100
104711697132586 12535
104716697250045 12950
