256770987684401 29
256775987812849 51
256780987944379 115
256785988057733 188
256790988172920 229
256795988287721 254
256800988422242 263
256805988536509 283
256810988649480 285
256815988774324 293
256820988966294 301
256825989155878 309
256830989261783 321
256835989454898 320
256840989575774 327
256845989710748 344
256850989825517 349
256855989948136 351
256860990068859 359
256865990184700 369
256870990299116 362
256875990418197 384
256880990528589 384
256885990627794 388
256890990738261 413
256895990824601 401
256900990950319 417
256905991051086 416
256910991168396 423
256915991272620 416
256920991377129 454
256925991470441 441
256930991575659 474
256935991676769 468
256940991789154 474
256945991889053 500
256950991990276 514
256955992118806 515
256960992226172 535
256965992325229 546
256970992435883 564
256975992537392 553
256980992642324 586
256985992751780 598
256990992862133 610
256995992954428 636
257000993054421 642
257005993145846 646
257010993244862 679
257015993351114 717
257020993431027 715
257025993536045 756
257030993636302 779
257035993725511 771
257040993830117 823
257045993894520 825
257050993995238 844
257055994105955 921
257060994236298 926
257065994354450 926
257070994476648 987
257075994601127 1025
257080994723334 1117
257085994818658 1143
257090994923920 1200
257095995025073 1215
257100995147189 1304
257105995271356 1324
257110995400203 1351
257115995509711 1416
257120995623721 1570
257125995715612 1637
257130995821234 1723
257135995920331 1815
257140996026139 1880
257145996118365 2053
257150996219932 2133
257155996315519 2365
257160996427430 2363
257165996529580 2723
257170996648654 2877
257175996748027 3203
257180996850318 3651
257185996947610 4003
257190997051371 4672
257195997149186 5145
257200997259748 5966
257205997360697 7070
257210997452984 8102
257215997562614 9645
257220997668077 11418
257225997778162 13858
257230997903019 16913
257235997985758 20732
257240998071547 23030
257245998173160 25557
257250998288730 25857
257255998420738 25978
257260998502334 26141
257265998583716 26694
257270998674781 26709
257275998750097 27038
257280998868640 27742
257285998961558 27533
257290999077946 27551
257295999187256 26977
257300999238753 27045
257305999341277 27046
257310999428606 26671
257315999527709 26772
257320999621765 27838
257325999707937 26880
257330999793456 27549
257335999863706 26961
257340999982935 27601
257346000097106 26849
257351000193356 26573
257356000294049 27922
257361000382462 27136
257366000479226 27453
257371000591900 27274
257376000669210 26964
257381000760481 27210
257386000868109 27955
257391000975629 26655
257396001041896 26786
257401001129716 27176
257406001248721 27360
257411001351536 27598
257416001440374 27469
257421001567681 26774
257426001660656 26519
257431001774422 27414
257436001903564 26786
257441001997114 27214
257446002078421 28134
257451002163861 27376
257456002261876 27659
257461002370304 27722
257466002474961 27210
257471002592680 27489
257476002674148 27766
257481002765940 27681
257486002874220 26282
257491002998660 26983
257496003090587 27413
257501003191255 27326
257506003277266 26549
257511003365843 27908
257516003458662 27456
257521003534749 27306
257526003624692 27330
257531003721305 26950
257536003860130 27007
257541004017887 27435
257546004105701 27392
257551004209945 26229
257556004310434 26718
257561004418154 27298
257566004518402 26973
257571004641848 27162
257576004754735 27675
257581004846880 26592
257586004934018 27192
257591005036243 26713
257596005148161 26906
257601005259740 27159
257606005370018 27049
257611005459706 26553
257616005578483 26794
257621005698580 27371
257626005805137 27059
257631005894521 27425
257636005981158 26978
257641006088832 27855
257646006179430 27294
257651006305113 26592
257656006398095 27066
257661006491664 26734
257666006589055 26512
