259830937786380 1447
259835937891323 1620
259840938046779 1655
259845938159391 1610
259850938262640 1530
259855938397017 1591
259860938533027 1560
259865938637164 1522
259870938726846 1365
259875938818172 1502
259880938947202 1387
259885939071419 1505
259890939172570 1540
259895939290952 1412
259900939406866 1668
259905939521319 1615
259910939631805 1432
259915939735877 1475
259920939830052 1639
259925939942496 1567
259930940060185 1539
259935940189472 1618
259940940275698 1344
259945940391345 1329
259950940466865 1621
259955940606599 1363
259960940735176 1878
259965940849232 1682
259970940955792 1337
259975941087462 1416
259980941183412 1502
259985941255888 1632
259990941371855 1506
259995941498076 1402
260000941631976 1473
260005941744716 1730
260010941871209 1389
260015941980176 1281
260020942074139 1458
260025942170031 1613
260030942289041 1385
260035942393874 1678
260040942518597 1435
260045942618658 683
260050942725010 624
260055942801493 1732
260060942923279 1509
260065943020243 1386
260070943125812 1292
260075943192585 1514
260080943310550 1317
260085943405473 1480
260090943501594 1267
260095943588974 1347
260100943712036 1280
260105943793721 745
260110943867528 412
260115943967490 387
260120944092941 488
260125944195157 1716
260130944298401 1839
260135944415077 1510
260140944546945 1551
260145944626430 1424
260150944739851 1453
260155944842545 1294
260160944965320 1366
260165945064681 1398
260170945173449 1421
260175945284446 1350
260180945407684 619
260185945506701 387
260190945605478 412
260195945711458 409
260200945830867 872
260205945932750 1645
260210946038830 1572
260215946144046 1513
260220946263400 1334
260225946363637 1269
260230946464313 1354
260235946564218 1309
260240946684637 1422
260245946790568 1245
260250946889619 1483
260255946990544 1536
260260947110989 415
260265947216334 415
260270947284019 408
260275947385580 403
260280947503275 410
260285947602591 1154
260290947701565 1721
260295947802836 1424
260300947920813 1456
260305948017136 1450
260310948116077 1535
260315948219740 1474
260320948346373 1569
260325948410166 1525
260330948523972 1511
260335948636019 1552
260340948771315 866
260345948890274 407
260350949005400 408
260355949121657 414
260360949265764 384
260365949390562 410
260370949506517 413
260375949620671 403
260380949751274 1612
260385949856386 1253
260390949974918 1339
260395950082126 1283
260400950199871 1273
260405950272124 1359
260410950374603 1297
260415950472369 1474
260420950598426 1370
260425950715361 1433
260430950838712 1467
260435950958032 1192
260440951107122 811
260445951234268 410
260450951346498 403
260455951471898 409
260460951609985 409
260465951699009 387
260470951835418 413
260475951931403 404
260480952078736 1149
260485952209565 1332
260490952338329 1325
260495952469394 1382
260500952622602 1214
260505952748806 1412
260510952871377 1306
260515953006667 1384
260520953150614 1342
260525953277293 1466
260530953396973 1234
260535953517506 1251
260540953630739 1172
260545953736883 387
260550953854213 409
260555953970724 409
260560954099631 405
260565954213950 409
260570954316152 408
260575954394430 390
260580954517589 410
260585954629239 1523
260590954737682 1547
260595954846860 1353
260600954976533 1382
260605955058449 1353
260610955176924 1394
260615955293041 1303
260620955421272 1335
260625955505987 1281
260630955613552 1277
260635955737717 1311
260640955868526 1374
260645955981828 582
260650956123799 389
260655956235915 413
260660956355679 405
260665956470096 405
260670956575688 409
260675956683096 409
260680956807205 397
260685956909677 248
260690957012890 0
260695957112472 919
260700957232603 1302
260705957340152 1374
260710957418582 1322
260715957521434 1392
260720957601661 1347
260725957711442 1224
