260762829468551 53
260767829638705 292
260772829786538 493
260777829904914 565
260782830020020 577
260787830147935 582
260792830306319 582
260797830408133 622
260802830507542 639
260807830646857 655
260812830796045 673
260817830936501 673
260822831029767 673
260827831123511 715
260832831257883 709
260837831385774 739
260842831507838 741
260847831612876 774
260852831733215 802
260857831838064 801
260862831916878 822
260867832041480 821
260872832186276 876
260877832310624 846
260882832405640 856
260887832547407 921
260892832682987 951
260897832785572 949
260902832833175 1001
260907832942629 1042
260912833082620 1061
260917833191149 1072
260922833265113 1130
260927833371551 1207
260932833498105 1203
260937833619925 1253
260942833747516 1316
260947833872770 1315
260952834004991 1405
260957834138886 1469
260962834257095 1462
260967834334233 1651
260972834472304 1702
260977834569529 1801
260982834667680 1836
260987834789532 1882
260992834912395 1987
260997835033323 2204
261002835136966 2402
261007835236924 2595
261012835338159 2738
261017835435014 2970
261022835541006 3291
261027835655395 3451
261032835747312 4248
261037835852760 4567
261042835962403 5035
261047836075718 6271
261052836163278 7056
261057836257808 8733
261062836367518 10466
261067836486935 12337
261072836573781 14542
261077836661097 18053
261082836751478 22333
261087836862124 24359
261092836963255 25585
261097837048887 26157
261102837138872 26036
261107837243367 26541
261112837335230 26718
261117837435729 25959
261122837521433 24868
261127837629519 25597
261132837716749 25232
261137837801695 25196
261142837894328 25296
261147837994250 25320
261152838087855 25577
261157838179991 25371
261162838273480 24969
261167838374295 25183
261172838482256 25212
261177838564173 24719
261182838662734 25742
261187838763545 25557
261192838858890 24848
261197838951238 25545
261202839042975 25039
261207839134043 25389
261212839226194 25333
261217839321480 25117
261222839410339 25058
261227839493308 25037
261232839594039 25090
261237839691168 24923
261242839804254 24354
261247839909939 24186
261252840027732 24961
261257840116266 24596
261262840211674 25207
261267840323901 24988
261272840450050 25183
261277840561330 25368
261282840648917 24378
261287840742742 23928
261292840847552 24374
261297840961164 25454
261302841059579 25157
261307841185324 24255
261312841299047 24579
261317841387420 24912
261322841485533 25519
261327841587866 24215
261332841685148 24217
261337841787597 25274
261342841894668 24715
261347842000586 23801
261352842108438 24758
261357842200789 24869
261362842305013 24382
261367842394350 24614
261372842502003 26103
261377842598258 25298
261382842701953 24242
261387842803657 25205
261392842896905 24513
261397843014452 24334
261402843128842 25830
261407843236844 24942
261412843343697 24601
261417843452944 24476
261422843547856 25059
261427843655871 24348
261432843742487 25664
261437843826446 25429
261442843907749 24571
261447844019970 24880
261452844112602 24857
261457844210303 24513
261462844320483 24509
261467844414593 25022
261472844509268 25055
261477844632676 24411
261482844726187 24667
261487844823781 24648
261492844925498 25448
261497845040668 24701
261502845132590 24264
261507845236640 26633
261512845337988 24793
261517845435912 25603
261522845541778 25301
261527845635726 25085
261532845726544 25145
261537845826502 25720
261542845920089 25073
261547846014649 25566
261552846105913 24947
261557846231852 24558
261562846322806 24079
261567846429637 24797
261572846520586 24744
261577846614946 24819
261582846698498 24463
261587846784635 24665
261592846883865 26148
261597846968585 24075
261602847075351 24672
261607847171888 25158
261612847273480 25014
261617847362666 24264
261622847449413 24394
261627847535369 25627
261632847640552 24313
261637847733329 25409
261642847832769 25926
261647847941996 24961
261652848040008 24312
261657848130816 25091
