255820241664867 1380
255825241785479 1598
255830241923095 1656
255835242075762 1510
255840242212430 1352
255845242325137 1584
255850242458326 1523
255855242585620 1279
255860242718120 1354
255865242848817 1436
255870242952712 1378
255875243083557 1346
255880243198231 1640
255885243299605 1618
255890243426508 1662
255895243527345 1599
255900243637568 1410
255905243804542 1408
255910243921311 1555
255915244031012 1518
255920244166058 1613
255925244276673 1491
255930244388889 1515
255935244524381 1653
255940244633565 1437
255945244775737 1531
255950244908466 1374
255955245040500 1270
255960245151729 1275
255965245288632 1437
255970245407382 1318
255975245532070 1400
255980245664257 1533
255985245792362 1347
255990245897812 1309
255995246037004 1177
256000246139699 1287
256005246244065 1524
256010246346478 1474
256015246474956 1297
256020246573227 1329
256025246693334 1335
256030246790921 1526
256035246889225 1437
256040247005688 1411
256045247106051 1258
256050247244022 1372
256055247389306 1478
256060247513509 1527
256065247625664 1485
256070247772718 1323
256075247872821 962
256080248020848 842
256085248125679 1528
256090248242758 1394
256095248359493 1244
256100248509735 1368
256105248643289 1197
256110248794689 1264
256115248910933 1384
256120249013316 1232
256125249143585 1533
256130249243684 831
256135249348508 406
256140249454112 401
256145249569820 785
256150249704668 1474
256155249833467 1556
256160249936195 1555
256165250033175 1609
256170250162570 1365
256175250287894 1287
256180250387338 1377
256185250567843 1410
256190250683374 1518
256195250788791 1524
256200250846700 1226
256205250952465 645
256210251062622 403
256215251157461 403
256220251270935 904
256225251393655 1350
256230251505148 1330
256235251616935 1190
256240251723636 1404
256245251836445 1284
256250251945906 1512
256255252037861 1508
256260252167316 1393
256265252259942 1303
256270252403625 1468
256275252523875 1467
256280252650685 1044
256285252770031 406
256290252888592 400
256295253007252 403
256300253128143 864
256305253252644 1333
256310253376343 1323
256315253494276 1149
256320253622561 1419
256325253732209 1577
256330253849795 1449
256335253957924 1559
256340254077053 1296
256345254171303 1363
256350254295603 1336
256355254387782 1333
256360254565558 903
256365254686604 404
256370254794177 401
256375254914793 402
256380255022182 406
256385255126936 425
256390255231295 1430
256395255348900 1306
256400255450179 1494
256405255556201 1443
256410255669619 1509
256415255746640 1621
256420255855076 1505
256425256023478 1317
256430256135459 1488
256435256251693 1345
256440256373860 1421
256445256478866 402
256450256595848 401
256455256712155 406
256460256818585 403
256465256933111 407
256470257009641 401
256475257126086 404
256480257248191 1202
256485257393750 1263
256490257513069 1232
256495257632457 1387
256500257749847 1523
256505257868318 1590
256510257991002 1338
256515258123251 1376
256520258214618 1294
256525258341993 1324
256530258461201 1326
256535258603426 1378
256540258731871 406
256545258840692 406
256550258943113 404
256555259033080 404
256560259151423 399
256565259267066 406
256570259402247 403
256575259504271 882
256580259628277 1354
256585259754639 1738
256590259895846 1642
256595260023952 1642
256600260162670 1267
256605260285930 1327
256610260422039 1140
256615260518889 1235
256620260634179 1397
256625260737861 1300
256630260860410 1245
256635260988661 406
256640261109775 400
256645261196465 406
256650261324628 404
256655261413179 406
256660261541003 400
256665261673837 790
256670261807562 1336
256675261923678 1560
256680262042898 1614
256685262158730 1627
256690262302822 1467
256695262426989 1258
256700262562753 1298
256705262696541 1422
256710262792931 1508
256715262901418 1400
