262445762890240 15667
262450763017516 18461
262455763107056 20189
262460763207829 21597
262465763293724 8953
262470763385221 16985
262475763477219 19058
262480763565328 18858
262485763648729 17222
262490763734392 16033
262495763819252 14315
262500763900075 15404
262505763984637 13054
262510764080378 12410
262515764162170 13560
262520764247449 15572
262525764341472 17662
262530764430457 18762
262535764517124 22843
262540764601135 21798
262545764686415 25263
262550764776991 27129
262555764866294 27166
262560764943884 28878
262565765028782 29594
262570765114346 28380
262575765198272 29600
262580765281348 30066
262585765367671 29854
262590765451908 29845
262595765533127 29988
262600765617419 30142
262605765692090 30068
262610765772646 30151
262615765853531 30157
262620765936359 30312
262625766020335 30056
262630766105351 30202
262635766187332 30250
262640766270555 30506
262645766366273 30765
262650766463943 30851
262655766554924 30687
262660766636366 30649
262665766720185 30233
262670766805440 30770
262675766894601 30308
262680766985324 30744
262685767076305 30425
262690767157613 30741
262695767253470 30539
262700767323257 30266
262705767406423 30288
262710767491959 30578
262715767584622 30536
262720767674043 30289
262725767744208 30572
262730767836241 30632
262735767923293 30586
262740768009662 30556
262745768102108 30665
262750768745401 30508
262755768831872 30562
262760768917520 30752
262765769003235 30240
262770769088110 30456
262775769176480 30768
262780769264311 29944
262785769353703 30722
262790769440196 30588
262795769531840 30632
262800769619637 30544
262805769702063 30847
262810769788061 30554
262815769879883 30736
262820769967254 30605
262825770056129 30548
262830770142885 30770
262835770233412 31130
262840770306904 30525
262845770390091 30476
262850770477196 30652
262855770561881 30665
262860770646182 30319
262865770732499 30563
262870770820228 30697
262875770901037 30508
262880770958721 30711
262885771046619 29829
262890771133544 30802
262895771219720 30265
262900771309073 30476
262905771395080 30908
262910771481633 30725
262915771567168 30787
262920771654520 30438
262925771739818 30435
262930771821176 30351
262935771901070 30643
262940771991605 30538
262945772090220 30354
262950772174746 30643
262955772260513 30231
262960772346849 30301
262965772429500 30941
262970772512921 30445
262975772595449 30904
262980772675530 30100
262985772755881 30403
262990772843467 30555
262995772927084 30795
263000773020946 30674
263005773128243 30296
263010773213601 30417
263015773297824 30715
263020773382898 30762
263025773468864 30470
263030773553935 30411
263035773638012 30534
263040773709593 30440
263045773784958 30693
263050773873837 30036
263055773952611 30760
263060774041820 30344
263065774740661 30413
263070774830659 30744
263075774917442 30460
263080775003266 30329
263085775091320 30404
263090775179368 30903
263095775262794 30584
263100775346012 30463
263105775432688 30683
263110775516687 30036
263115775598991 30686
263120775684555 30791
263125775765755 30346
263130775849755 30459
263135775943227 30809
263140776012159 30881
263145776096763 31116
263150776180993 30423
263155776266157 30470
263160776359971 30825
263165776447473 30662
263170776528788 30535
263175776613200 30519
263180776699294 30910
263185776793312 30752
263190776879662 30235
263195776966573 30682
263200777038060 30756
263205777124717 30289
263210777211584 30371
263215777296557 30548
263220777380622 30496
263225777462381 30347
263230777547791 30828
263235777629862 30136
263240777719021 30147
263245777803456 30518
263250777887017 30695
263255777971776 30583
263260778063537 30174
263265778150102 30660
263270778238829 30370
263275778324569 30864
263280778412117 30285
263285778498488 30106
263290778585752 30825
263295778661480 30685
263300778744464 30475
263305778828395 30883
263310778915881 30254
263315779000431 30592
263320779083432 30594
263325779166244 30095
263330779251885 30773
263335779346828 30351
263340779432023 30638
263345779541937 30621
263350779641827 30569
263355779726268 30629
263360779816128 30623
263365779907995 30788
263370779994139 30559
263375780091505 30574
263380780178084 30331
263385780261864 30543
263390780343731 30392
263395780429192 30032
263400780521985 30474
263405780610142 30531
263410780696649 30318
263415780782007 30420
263420780864417 30800
263425780946487 30463
263430781030350 30772
263435781111977 29974
263440781194826 30458
263445781277556 30281
263450781362566 30692
263455781448812 30823
263460781532753 30716
263465781624157 30575
263470781713115 30822
263475781796960 30337
263480781882902 30480
263485781973819 30686
263490782057639 30645
263495782144499 30337
263500782220089 30465
263505782298426 30380
263510782381387 30366
263515782463384 30765
263520782546889 30597
263525782629353 30477
263530782724866 30366
263535782810493 30727
263540782893413 30561
263545782976588 30590
263550783060936 30604
263555783146478 30304
263560783227871 30404
263565783312203 30743
263570783400578 30705
263575783484525 30464
263580783569277 30656
263585783650371 30395
263590783733350 30842
263595783824671 30541
263600783909840 30717
263605783995526 30374
263610784088859 30464
263615784171605 30395
263620784253710 30447
263625784337810 30435
263630784424616 30610
263635784506992 30495
263640784590687 30564
263645784641211 30354
263650784725156 30635
263655784804239 30156
263660784892567 30449
263665784985364 30352
263670785072305 30159
263675785160068 30766
263680785245935 30600
263685785335119 30465
263690785423782 30544
263695785511384 30485
263700785597161 30726
263705785680197 30580
263710785765652 30466
263715785845408 30397
263720785906444 30986
263725785991551 30213
263730786074627 30582
263735786162286 30619
263740786247816 30387
263745786328815 30606
263750786401564 30689
263755786484400 30564
263760786567206 30282
263765786651375 30551
263770786733456 30275
263775786804532 30193
263780786886767 30129
263785786974094 30840
263790787059093 30468
263795787152283 30744
263800787247045 30427
263805787328144 30706
263810787409473 30018
263815787484788 29992
263820787564596 30356
263825787648444 30891
263830787730863 30763
263835787813361 30876
263840787882126 30547
263845787962271 30089
263850788047651 30402
263855788138281 30392
263860788234915 30220
263865788325008 30903
263870788409593 30721
263875788491668 30445
263880788574670 30639
263885788660563 30649
263890788744709 30794
263895788827546 30457
263900788910495 30543
263905789016901 30498
263910789111904 30482
263915789198201 30531
263920789283907 30370
263925789370973 30763
263930789457600 30503
263935789542332 30602
263940789623699 30474
263945789708555 30465
263950789796493 30062
263955789887532 30249
263960789987917 30493
263965790072990 30325
263970790159017 30441
263975790241793 30484
263980790308990 30860
263985790390356 30338
263990790480820 30227
263995790558272 30379
264000790664325 30693
264005790761463 30436
264010790862974 30456
264015790949860 30644
264020791030505 30425
264025791115112 30372
264030791207638 30749
264035791291202 30148
264040791376550 30092
264045791460756 30619
264050791546657 30601
264055791630183 30572
264060791729857 30633
264065791824278 30711
264070791909196 30652
264075791993568 30636
264080792057971 30481
264085792139880 30488
264090792211916 30001
264095792292306 30194
264100792351098 29840
264105792451159 30800
264110792520092 30599
264115792601594 30166
264120792669560 30180
264125792762272 30372
264130792853011 30538
264135792931158 30493
264140793014336 30686
264145793099842 30264
264150793176433 30696
264155793247234 30149
264160793330909 30536
264165793412053 30622
264170793495912 30453
264175793578989 30214
264180793662299 30572
264185793748514 30338
264190793840280 30456
264195793928221 30490
264200794016933 30474
264205794101185 30881
264210794185596 30758
264215794269035 30370
264220794347747 30149
264225794429361 30529
264230794516286 30504
264235794597888 30691
264240794684210 30168
