110411401436184 2064
110416401549350 1938
110421401709771 1912
110426401816804 1908
110431401966601 1885
110436402080484 1877
110441402208532 1883
110446402319938 1879
110451402441738 1863
110456402554055 1852
110461402705523 2040
110466402818201 1773
110471402925880 1787
110476403061221 1796
110481403169530 1790
110486403275311 1792
110491403385374 1783
110496403492156 1774
110501403602145 1761
110506403716205 1767
110511403838898 1771
110516403940326 1756
110521404030874 1767
110526404146798 1788
110531404254744 1774
110536404384240 1779
110541404494946 1772
110546404617410 1766
110551404723071 1761
110556404828964 1762
110561404954713 1770
110566405068469 1781
110571405179398 1760
110576405295081 1783
110581405406146 1757
110586405541541 1768
110591405654600 1761
110596405763073 1754
110601405893157 1759
110606406003426 1768
110611406102414 1766
110616406201747 1803
110621406297644 1766
110626406392525 1775
110631406488606 1739
110636406584673 1795
110641406684422 1817
110646406783133 1772
110651406874517 1782
110656406992803 1791
110661407100076 1809
110666407218854 1799
110671407314508 1794
110676407436085 1799
110681407532602 1856
110686407626612 1790
110691407724063 1810
110696407818584 1815
110701407921061 1820
110706408016787 1834
110711408120494 1815
110716408278828 1826
110721408416582 1812
110726408553123 1810
110731408687900 1831
110736408822703 1822
110741408949550 1839
110746409060555 1834
110751409175176 1793
110756409291978 1836
110761409401972 1844
110766409476518 1847
110771409541800 1809
110776409645668 1821
110781409736149 1839
110786409835805 1825
110791409955126 1842
110796410084644 1840
110801410209103 1832
110806410313083 1815
110811410415368 1813
110816410510789 1813
110821410602110 1807
110826410694338 1816
110831410800060 1827
110836410903528 1808
110841411011402 1821
110846411115196 1826
110851411232011 1822
110856411356672 1827
110861411498233 1840
110866411623138 1823
110871411775425 1805
110876411908906 1806
110881412075337 1830
110886412152124 1797
110891412256915 1818
110896412390947 1835
110901412489486 1843
110906412620000 1830
110911412725528 1828
110916412823339 1806
110921412920414 1806
110926413020018 1806
110931413154116 1837
110936413272919 1824
110941413407244 1830
110946413516837 1806
110951413652818 1821
110956413766449 1820
110961413871438 1822
110966413975141 1811
110971414071295 1805
110976414182031 1806
110981414270867 1812
110986414355296 1791
110991414451038 1812
110996414550299 1841
111001414649022 1785
111006414735495 1776
111011414813280 1782
111016414930617 1750
111021415074471 1716
111026415162062 1736
111031415271256 1741
111036415387092 1741
111041415499012 1733
111046415601385 1738
111051415678082 1752
111056415776717 1755
111061415875938 1719
111066415958997 1749
111071416072693 1719
111076416166184 1725
111081416262618 1731
111086416360655 1759
111091416461119 1751
111096416587873 1753
111101416686569 1750
111106416797804 1739
111111416892042 1692
111116417004634 1758
111121417135156 1731
111126417250043 1768
111131417380905 1742
111136417486466 1724
111141417578394 1733
111146417686691 1752
111151417784061 1728
111156417908599 1719
111161418006523 1716
111166418107468 1746
111171418215731 1744
111176418315590 1747
111181418418771 1728
111186418491199 1743
111191418593293 1757
111196418711606 1751
111201418834055 1754
111206418966181 1749
111211419085446 1760
111216419187253 1707
111221419286832 1744
111226419373367 1751
111231419490125 1696
111236419596905 1760
111241419693100 1739
111246419806610 1740
111251419936800 1737
111256420053544 1748
111261420152196 1734
111266420249923 1720
111271420350030 1725
111276420459796 1712
111281420571734 1740
111286420668040 1711
111291420783514 1738
111296420889556 1738
111301420990921 1749
111306421087227 1748
111311421210591 1749
111316421336305 1729
111321421455853 1737
111326421584403 1710
111331421714764 1753
111336421817350 1754
111341421908847 1725
111346421992770 1747
111351422088287 1747
111356422202197 1751
111361422320162 1737
111366422432152 1716
111371422516226 1720
111376422648067 1730
111381422748882 1743
111386422879685 1731
111391422991009 1723
111396423095787 1749
111401423187047 1739
111406423279409 1757
111411423395644 1778
111416423519101 1729
111421423626780 1752
111426423716039 1769
111431423798176 1726
111436423922664 1772
111441424054039 1749
111446424157613 1741
111451424250839 1739
111456424350271 1754
111461424484834 1799
111466424564654 1787
111471424684759 1724
111476424800998 1739
111481424898797 1740
111486424981414 1741
111491425062039 1785
111496425170464 1734
111501425266820 1746
111506425356187 1724
111511425447286 1753
111516425540191 1761
111521425639066 1783
111526425736874 1753
111531425831085 1744
111536425926765 1743
111541426021695 1759
111546426128094 1747
111551426242367 1739
111556426379088 1735
111561426479639 1767
111566426600054 1757
111571426708487 1747
111576426821268 1786
111581426931914 1780
111586427046027 1735
111591427155640 1771
111596427257557 1815
111601427379247 1725
111606427495357 1729
111611427591899 1737
111616427694545 1765
111621427824496 1744
111626427924077 1776
111631428028900 1726
111636428135441 1793
111641428240652 1788
111646428351622 1763
111651428457643 1752
111656428554663 1755
111661428654503 1764
111666428750306 1758
111671428840269 1782
111676428941138 1744
111681429040191 1751
111686429133886 1745
111691429247051 1809
111696429343734 1747
111701429438657 1758
111706429534372 1755
111711429626976 1765
111716429733742 1766
111721429826414 1735
111726429917507 1757
111731430020808 1745
111736430116279 1757
111741430205324 1765
111746430294014 1767
111751430389304 1776
111756430482094 1771
111761430575592 1780
111766430670715 1758
111771430761774 1786
111776430854460 1775
111781430958547 1755
111786431057733 1743
111791431148794 1780
111796431241568 1752
111801431338895 1835
111806431434574 1749
111811431536901 1743
111816431632885 1739
111821431725760 1769
111826431836681 1790
111831431933373 1764
111836432031397 1746
111841432143718 1769
111846432248075 1774
111851432344720 1692
111856432437135 1751
111861432532864 1778
111866432632041 1733
111871432721136 1740
111876432807904 1766
111881432899916 1766
111886432994524 1763
111891433090768 1776
111896433186570 1797
111901433302332 1751
111906433401101 1764
111911433493326 1799
111916433576555 1750
111921433675174 1748
111926433774045 1753
111931433861353 1747
111936433969370 1736
111941434067757 1739
111946434159888 1772
111951434251948 1747
111956434344326 1737
111961434450229 1746
111966434554388 1754
111971434647284 1756
111976434737828 1743
111981434824238 1756
111986434917643 1719
111991435012412 1718
111996435104298 1716
112001435198937 1751
112006435305192 1764
112011435406217 1726
112016435502717 1747
112021435595333 1740
112026435686695 1731
112031435779947 1713
112036435874882 1721
112041435995829 1733
112046436103225 1751
112051436204930 1737
112056436301922 1717
112061436387076 1730
112066436475611 1742
112071436567084 1776
112076436663927 1700
112081436783145 1729
112086436875469 1752
112091436963576 1744
112096437052827 1731
112101437144724 1730
112106437247723 1768
112111437347390 1744
112116437441098 1725
112121437532386 1714
112126437624711 1772
112131437719342 1733
112136437811073 1777
112141437929319 1690
112146438027845 1723
112151438121883 1716
112156438217440 1753
112161438314126 1756
112166438416675 1724
112171438541560 1748
112176438640179 1712
112181438722177 1714
112186438807582 1736
112191438900489 1746
112196438994019 1714
112201439089701 1728
112206439214231 1727
