112226023638122 5036
112231023817993 12912
112236024030486 13720
112241024154801 13492
112246024297491 13593
112251024460858 13850
112256024564984 13706
112261024685332 13644
112266024779506 13731
112271024883625 13842
112276024991578 13857
112281025090845 13789
112286025186001 13797
112291025281075 13726
112296025387071 13872
112301025480780 13853
112306025598402 13700
112311025689589 13828
112316025780752 13632
112321025872711 13649
112326025966928 13684
112331026067275 13842
112336026165581 13711
112341026259260 13701
112346026366808 13873
112351026461411 13786
112356026553082 13702
112361026653320 13874
112366026747794 13661
112371026840459 13939
112376026933124 13771
112381027020303 13867
112386027131496 13814
112391027241796 13654
112396027352445 13750
112401027447794 13770
112406027579356 13761
112411027677532 13913
112416027784171 13682
112421027888127 13788
112426027981013 13796
112431028101545 13756
112436028207370 13757
112441028297766 13724
112446028390178 13617
112451028500724 13716
112456028614615 13719
112461028720820 13735
112466028813796 13832
112471028925461 13759
112476029017192 13666
112481029111296 13733
112486029203832 13684
112491029294029 13738
112496029399586 14443
112501029499367 15711
112506029601389 15488
112511029689338 15520
112516029786021 15702
112521029900250 15470
112526030026424 15588
112531030116376 15524
112536030216815 15581
112541030303770 15608
112546030399801 15525
112551030490659 15519
112556030580580 15523
112561030671774 15674
112566030761091 15759
112571030854813 15568
112576030950596 15556
112581031045945 15597
112586031160105 15769
112591032102279 15837
112596032207956 15861
112601032299795 15840
112606032389636 16016
112611032479574 15983
112616032580460 16082
112621032671403 16105
112626032765166 16056
112631032858941 16052
112636032945915 16054
112641033048582 16131
112646033152571 16013
112651033254790 16160
112656033351504 15961
112661033450688 16178
112666033563594 16246
112671033658290 15910
112676033748178 16032
112681033853077 16157
112686033943686 16000
112691034041027 15980
112696034129000 16227
112701034217689 16007
112706034329356 16057
112711034417945 16194
112716034521218 15906
112721034620261 16180
112726034712691 15975
112731034824952 15916
112736034919792 15992
112741035012943 15955
112746035110565 16072
112751035199939 15881
112756035296339 15978
112761035385180 16039
112766035493270 16092
112771035585617 16247
112776035673881 16140
112781035761682 16158
112786035845952 15945
112791035944384 16133
112796036038079 16022
112801036139170 16116
112806036226551 16051
112811036307691 15984
112816036424917 16009
112821036515284 15891
112826036612208 15936
112831036714342 16213
112836036814036 16058
112841036926558 16028
112846037014887 16011
112851037099040 16050
112856037185719 16049
112861037298341 16044
112866037410839 15882
112871037514751 15859
112876037601496 15927
112881037685384 15922
112886037782954 15858
112891037872267 16105
112896037958069 15949
112901038063398 15845
112906038152671 16129
112911038243849 16120
112916038332744 16146
112921038435045 16209
112926038524819 15946
112931038615821 15969
112936038724405 16134
112941038815988 15874
112946038905966 16008
112951039000469 16139
112956039090532 15868
112961039187206 16224
112966039303305 15969
112971039406066 16116
112976039500957 16033
112981039599277 16057
112986039686912 16007
112991039784053 16012
112996039892898 16003
113001039983580 16436
113006040103333 15969
113011041057307 16103
113016041145927 15950
113021041240750 16118
113026041340739 16047
113031041454880 16080
113036041546459 16084
113041041633557 15990
113046041720062 16157
113051041806050 16106
113056041915241 16111
113061042006528 16155
113066042112332 16069
113071042203160 16039
113076042298457 15826
113081042434277 16030
113086042527454 15902
113091042613407 15833
113096042703324 16028
113101042796765 15852
113106042884942 15794
113111042971622 15883
113116043057092 15884
113121043159646 15839
113126043275399 15902
113131043368192 16013
113136043458459 15943
113141043550809 16109
113146043636073 15945
113151043724198 16034
113156043814324 15907
113161043898044 16109
113166044014704 15974
113171044107844 15899
113176044198878 15962
113181044291355 15980
113186044388382 15989
113191044480713 15946
113196044571768 16113
113201044677542 15905
113206044764176 16054
113211044864562 15935
113216044974672 15996
113221045078418 15953
113226045169499 15848
113231045277817 16052
113236045365249 16060
113241045467461 15983
113246045581488 15956
113251045672835 15853
113256045765959 15817
113261045855643 15852
113266045942996 16040
113271046051180 15936
113276046142233 15958
113281046229722 16022
113286046330663 15869
113291046418127 16046
113296046520099 15730
113301046610153 15828
113306046720625 15888
113311046825721 15981
113316046915188 15962
113321047008835 16030
113326047102079 16042
113331047194889 16016
113336047307510 15917
113341047395911 16042
113346047484851 16082
113351047586136 16060
113356047690579 15912
113361047784871 15898
113366047900965 15985
113371048011994 15989
113376048107928 16013
113381048206778 15872
113386048296172 16010
113391048391481 15921
113396048486069 15770
113401048575824 15961
113406048720488 15732
113411048809613 15891
113416048915049 15894
113421049000395 15906
113426049110918 16030
113431049204045 15979
113436049293779 15957
113441049380306 16075
113446049468363 15794
113451049566225 15910
113456049674667 15879
113461049779632 16037
113466049896432 15905
113471050006221 15948
113476050105605 15968
113481050204315 15977
113486050305557 15919
113491050397705 16088
113496050488548 16010
113501050601571 16031
113506050710808 16146
113511050806986 15972
113516050907979 15972
113521050995968 15950
113526051083824 16084
113531051184798 16069
113536051282959 15945
113541051384020 15896
113546051482512 15943
113551051595394 16042
113556051686520 15947
113561051778570 16009
113566051873211 15904
113571051962567 15932
113576052016253 15794
113581052103943 15646
113586052222258 15838
113591052337436 16000
113596052442084 16037
113601052559896 16055
113606052656631 15859
113611052749046 15966
113616052839755 16136
113621052935415 16176
113626053039112 16114
113631053144355 15884
113636053265028 16018
113641053358940 16056
113646053446781 16027
113651053557387 16029
113656053652875 15955
113661053744591 16046
113666053863411 16016
113671053967731 15970
113676054080482 16118
113681054173799 16008
113686054285365 15932
113691054391051 15970
113696054482367 16149
113701054573729 16018
113706054662841 15927
113711054773728 15948
113716054866431 15829
113721054951466 15892
113726055069821 16055
113731055169953 16003
113736055261455 16100
113741055354804 15944
113746055465680 15961
113751055575600 15902
113756055668715 15878
113761055767587 15967
113766055867173 16095
113771055977257 16106
113776056071615 16070
113781056158855 16103
113786056261532 15932
113791056384930 16085
113796056489680 16034
113801056577787 15848
113806056668761 15753
113811056768905 15817
113816056883112 15791
113821056977307 16010
113826057070972 16106
113831057161558 16060
113836057247388 15760
113841057349906 16096
113846057449537 16170
113851057547937 15902
113856057636205 15958
113861057726297 16061
113866057816828 16104
113871057919278 15835
113876058007160 15985
113881058115220 15994
113886058206836 15938
113891058307138 15970
113896058393335 15969
113901058484490 16037
113906058585320 16056
113911058677783 16105
113916058768418 15894
113921058861557 15952
113926058970755 15881
113931059062240 15832
113936059152530 16081
113941059244634 16017
113946059335713 16038
113951059424627 15981
113956059519598 16095
113961059628573 16143
113966059740113 15880
113971059835390 16073
113976059927799 16046
113981060032701 15945
113986060141351 16081
113991060239533 16205
113996060334257 15992
114001060427896 16021
114006060519159 16022
114011060629379 16092
114016060721171 16233
114021060818626 15827
