102703568975223 1787
102708569173077 1706
102713569278603 1650
102718569375780 1626
102723569486998 1635
102728569596905 1642
102733569717646 1631
102738569830333 1576
102743569921361 1597
102748570011203 1632
102753570100838 1629
102758570198877 1633
102763570327663 1598
102768570455546 1501
102773570592869 1541
102778570718394 1577
102783570816570 1545
102788570933641 1562
102793571021801 1562
102798571119459 1505
102803571227478 1550
102808571330274 1541
102813571453503 1532
102818571590120 1522
102823571706797 1522
102828571801497 1506
102833571917221 1563
102838572018954 1547
102843572124266 1555
102848572220416 1558
102853572323352 1583
102858572442675 1484
102863572526665 1522
102868572613417 1552
102873572715429 1566
102878572786592 1570
102883572888669 1587
102888572998385 1489
102893574088514 1544
102898574207826 1523
102903574318962 1524
102908574417106 1546
102913574515437 1552
102918574604673 1492
102923574728813 1516
102928574854925 1514
102933574980592 1522
102938575096509 1525
102943575216415 1532
102948575339957 1469
102953575443548 1541
102958575546406 1478
102963575622571 1509
102968575758034 1491
102973575890882 1497
102978575999441 1462
102983576080898 1533
102988576196787 1521
102993576317655 1506
102998576420279 1505
103003576531385 1493
103008576667139 1428
103013576786787 1483
103018576864454 1508
103023576983285 1511
103028577095037 1543
103033577214305 1518
103038577348562 1444
103043577454772 1493
103048577570888 1476
103053577686861 1502
103058577756023 1477
103063577815416 1506
103068577925188 1456
103073578045003 1485
103078578168925 1483
103083578303930 1491
103088578427194 1492
103093578548719 1502
103098578653174 1481
103103578757910 1544
103108578863156 1531
103113578958535 1571
103118579069399 1500
103123579162625 1144
103128579252833 739
103133579360830 840
103138579420122 958
103143579515103 1066
103148579612290 1415
103153579699639 1571
103158579777379 1375
103163579880343 1362
103168580012668 1519
103173580112514 1485
103178580239526 1489
103183580338604 1488
103188580474230 1541
103193580577164 1458
103198580709151 1501
103203580820418 1505
103208580919803 1482
103213581019936 1494
103218581134020 1487
103223581241320 1460
103228581336646 1503
103233581420894 1506
103238581529247 1499
103243581650926 1506
103248581751286 1489
103253581887737 1451
103258581985722 1493
103263582099922 1546
103268582203691 1497
103273582298905 1496
103278582367646 1526
103283582441258 1454
103288582550342 1489
103293582652578 1461
103298582754291 1495
103303582855366 1496
103308582953801 1510
103313583073100 1449
103318583165525 1481
103323583289963 1480
103328583397112 1494
103333583497723 1428
103338583589318 1531
103343583714521 1461
103348583815001 1480
103353583922729 1493
103358584014905 1486
103363584138719 1490
103368584243673 1505
103373584361945 1443
103378584432721 1508
103383584506462 1519
103388584578430 1487
103393584691292 1483
103398584800798 1455
103403584895016 1396
103408584981562 1492
103413585070451 1535
103418585168841 1511
103423585257306 1485
103428585368731 1485
103433585468590 1413
103438585581272 1486
103443585677795 1467
103448585776681 1488
103453585869729 1561
103458585979117 1582
103463586118316 1423
103468586252340 1492
103473586365871 1468
103478586465655 1463
103483586586681 1493
103488586703907 1531
103493586805058 1433
103498586919052 1479
103503586990399 1487
103508587069145 1479
103513587217850 1463
103518587301801 1467
103523587395051 1570
103528587509644 1542
103533587633219 1507
103538587710605 1518
103543587824527 1499
103548587940225 1538
103553588045305 1370
103558588121315 1489
103563588218169 1348
103568588338852 1218
103573588445169 1084
103578588547937 1012
103583588628607 424
103588588736739 1145
103593588865930 1010
103598588989680 1168
103603589154183 988
103608589270945 1223
103613589384902 726
103618589514151 1518
103623589647672 1502
103628589776920 1519
103633589876316 1497
103638589946016 1322
103643590056503 1412
103648590167512 1523
103653590285044 1548
103658590384034 1492
103663590485711 1480
103668590612957 1473
103673590711674 1438
103678590816871 1511
103683590924363 1510
103688591044602 1506
103693591129703 1484
103698591240209 1498
103703591349348 1424
103708591455051 1497
103713591566643 1493
103718591663950 1501
103723591764856 1506
103728591862457 1525
103733591969767 1450
103738592113945 1496
103743592173657 1476
103748592277366 1556
103753592383524 1480
103758592453425 1496
103763592559466 1413
103768592661401 1644
103773592776410 1484
103778592881045 1478
103783592984786 1497
103788593105199 1485
103793593218042 1464
103798593333329 1492
103803593442504 1547
103808593563411 1520
103813593689714 1526
103818593804292 1498
103823593928394 1458
103828594044589 1489
103833594154667 1532
103838594275118 1527
103843594388801 1513
103848594526655 1515
103853594657900 1465
103858594738723 1551
103863594861381 1514
103868594980903 1511
103873595107470 1478
103878595191521 1532
103883595303683 1457
103888595403916 1540
103893595516011 1543
103898595614032 1530
103903595708936 1511
103908595827614 1506
103913595923643 1442
103918595990706 1545
103923596116558 1540
103928596224332 1521
103933596344136 1532
103938596467137 1520
103943596589419 1438
103948596701007 1510
103953596849943 1498
103958596949425 1534
103963597061075 1546
103968597165455 1503
103973597276673 1452
103978597415861 1529
103983597532509 1518
103988597646552 1563
103993597741843 1507
103998597858990 1469
104003597991227 1453
104008598070021 1509
104013598190341 1484
104018598351629 1531
104023598524369 1496
104028598642529 1455
104033598772346 1394
104038598884146 1503
104043598979403 1496
104048599088885 1504
104053599211461 1501
104058599319497 1496
104063599427513 1443
104068599539604 1484
104073599650328 1488
104078599714053 1504
104083599815507 1500
104088599964327 1545
104093600100327 1394
104098600195539 1470
104103600299965 1512
104108600410316 1469
104113600522432 1594
104118600623974 1611
104123600741761 1506
104128600855724 1499
104133600948588 1447
104138601063073 1487
104143601158776 1486
104148601269403 1468
104153601370607 1417
104158601514598 1510
104163601659789 1506
104168601774906 1491
104173601884969 1472
104178601998877 1600
104183602093682 1398
104188602201148 1512
104193602296636 1481
104198602423223 1512
104203602529938 1494
104208602628779 1493
104213602751462 1383
104218602841586 1482
104223602932341 1496
104228603036493 1487
104233603153428 1532
104238603219246 1486
104243603322655 1394
104248603447169 1476
104253603576147 1483
104258603681939 1481
104263603790597 1490
104268603896405 1488
104273604017597 1403
104278604109014 1496
104283604201457 1485
104288604313015 1502
104293604426766 1483
104298604550865 1472
104303604671011 1505
104308604776639 1559
104313604863635 1519
104318604990103 1489
104323605068778 1489
104328605205598 1465
104333605349896 1361
104338605451995 1485
104343605553673 1491
104348605674681 1497
104353605799859 1496
104358605936872 1489
104363605994177 1351
104368606094999 1491
104373606184451 1479
104378606292725 1494
104383606370455 1538
104388606482891 1500
104393606590534 1376
104398606733605 1441
104403606835080 1486
104408606909457 1482
104413607024113 1523
104418607117096 1510
104423607240910 1476
104428607350073 1494
104433607480540 1475
104438607617684 1495
104443607750296 1469
104448607887670 1486
104453607999946 1408
104458608131145 1525
104463608252059 1486
104468608353914 1496
104473608466477 1489
104478608570380 1500
104483608672666 1390
104488608745129 1558
104493608829532 1541
104498608941417 1508
