104529827692201 2469
104534827881679 5408
104539828037453 7263
104544828159115 8271
104549828303042 8420
104554828437843 8913
104559828545903 9311
104564828683334 9613
104569828780408 9833
104574828921703 10152
104579829028064 10353
104584829143506 9936
104589829272923 10349
104594829358741 10577
104599829461070 10167
104604829583645 10432
104609829710894 10579
104614829793203 10803
104619829909971 10708
104624830026688 10500
104629830110208 10603
104634830252475 10732
104639830378857 10912
104644830509349 10882
104649830616092 10972
104654830742377 10985
104659830833943 11029
104664830921004 10462
104669830985853 10878
104674831079425 10925
104679831169435 10817
104684831259616 10895
104689831342517 11059
104694831430257 11181
104699831529742 11166
104704831624431 11088
104709831713838 11220
104714831804932 11275
104719831908605 11121
104724832032353 11104
104729832152012 10589
104734832242422 11164
104739832353166 11077
104744832444414 11122
104749832532569 10979
104754832634376 11098
104759832729065 11154
104764832822133 11128
104769832925785 11208
104774833037354 11189
104779833149535 11239
104784833241420 11259
104789833322761 11207
104794833409741 11273
104799833534167 11320
104804833623068 11185
104809833712393 10659
104814833796661 11156
104819833896272 11161
104824833988644 11105
104829834081237 11016
104834834176037 11236
104839834309467 11250
104844834397254 11166
104849834524245 10183
104854834640969 10347
104859834758422 10616
104864834880657 10978
104869834992438 10699
104874835099359 10978
104879835195392 11280
104884835307941 10787
104889835424842 10998
104894835548405 11330
104899835658125 11240
104904835805126 10995
104909835898747 11107
104914835973323 11056
104919836051379 11362
104924836154714 11317
104929836260235 11279
104934836349640 11305
104939836464275 11250
104944836579908 10842
104949836664592 11336
104954836763401 11199
104959836875720 11134
104964836968061 11313
104969837059310 11313
104974837166573 11367
104979837282117 11404
104984837368314 11218
104989837482594 11332
104994837558685 11328
104999837668132 10886
105004837786422 11230
105009837886882 11306
105014837988277 11315
105019838127685 11126
105024838250513 11229
105029838338454 11303
105034838422072 11315
105039838499761 11314
105044838591428 11257
105049838716989 11330
105054838825293 11273
105059838912221 11295
105064839023792 11308
105069839145915 11306
105074839267007 11270
105079839372206 10925
105084839487433 11218
105089839572603 11338
105094839652415 11338
105099839776272 11101
105104839864755 11311
105109839986661 11359
105114840123469 11158
105119840228676 11327
105124840346317 11344
105129840443881 11428
105134840536978 11287
105139840630220 11328
105144840734384 11340
105149840831477 11370
105154840955778 11371
105159841094195 10833
105164841185446 11274
105169841279571 11355
105174841364993 11298
105179841460454 11107
105184841580678 11395
105189841713397 11505
105194841841526 11410
105199841945080 11416
105204842031843 11487
105209842119628 11507
105214842200435 11612
105219842314932 11136
105224842443244 11521
105229842565162 11515
105234842656512 11486
105239842772102 11561
105244842896100 11575
105249843046298 11504
105254843130703 11426
105259843210021 11626
105264843323955 11003
105269843432095 11646
105274843551377 11639
105279843644328 11746
105284843781683 11348
105289843888945 11131
105294843998263 11520
105299844153686 11503
105304844261229 11649
105309844345338 11545
105314844456180 10773
105319844563113 11510
105324844650340 11611
105329844756003 11686
105334844885852 11521
105339845009286 11613
105344845132790 10939
105349845225173 11341
105354845313415 11530
105359845426044 11534
105364845549559 11485
105369845651753 11479
105374845748016 11499
105379845875640 11599
105384845964722 11484
105389846071812 11462
105394846180894 11536
105399846274083 11534
105404846402452 11501
105409846491891 10864
105414846600326 11534
105419846689144 11423
105424846824710 11539
105429846948407 11558
105434847061447 11515
105439847133839 11532
105444847271050 11613
105449847387836 11573
105454847503775 11043
105459847582801 11610
105464847671088 11468
105469847758602 11476
105474847847847 11515
105479847938884 11538
105484848061855 11503
105489848158569 11540
105494848277486 11583
105499848397641 11550
105504848479266 11668
105509848566822 10971
105514848696311 11474
105519848803161 11583
105524848925457 11595
105529849042810 11300
105534849130916 11565
105539849247815 11505
105544849368017 11674
105549849511488 10946
105554849628859 10486
105559849749743 11254
105564849869847 10965
105569849959235 11380
105574850055645 10945
105579850159451 11308
105584850280566 11451
105589850364434 10974
105594850465778 11364
105599850583305 11593
105604850704303 11521
105609850821219 11088
105614850935495 11457
105619851032785 11351
105624851168300 11545
105629851261248 11598
105634851322806 11652
105639851384911 11546
105644851506286 11074
105649851630521 11425
105654851719457 11377
105659851767972 11267
105664851879046 11535
105669851964836 11523
105674852031753 11464
105679852117102 11588
105684852198390 11532
105689852296191 11616
105694852415195 11559
105699852528222 11322
105704852648380 11191
105709852760863 11523
105714852877397 11445
105719852983895 11434
105724853072788 11368
105729853165832 11569
105734853295509 11520
105739853385392 11476
105744853504226 11426
105749853597910 11628
105754853705191 11568
105759853792951 11521
105764853915779 11544
105769854010929 11473
105774854130848 11534
105779854215139 11282
105784854300463 11206
105789854392142 11571
105794854481381 11627
105799854593564 11369
105804854713836 11536
105809854803993 11530
105814854926071 11517
105819855059286 11598
105824855178996 11541
105829855307394 11468
105834855419072 11507
105839855506104 11553
105844855619034 11490
105849855734844 11570
105854855843013 11569
105859855932612 11330
105864856035040 11217
105869856155026 11591
105874856247681 11482
105879856340555 11389
105884856431264 11421
105889856547864 11585
105894856673300 11594
105899856773676 11562
105904856862340 11534
105909856949570 11625
105914857076540 11532
105919857160046 11472
105924857247682 11473
105929857356334 11492
105934857476328 11507
105939857569668 11339
105944857710787 11170
105949857834915 11412
105954857953522 11562
105959858038922 11498
105964858137172 11392
105969858220070 11549
105974858326537 11541
105979858419029 11480
105984858546703 11575
105989858663455 11450
105994858764424 11550
105999858849048 11671
106004858956461 11480
106009859085363 11675
106014859174705 11581
106019859283978 11435
106024859380835 11198
106029859491089 11643
106034859578083 11585
106039859714738 11460
106044859850432 11363
106049859946737 11543
106054860048987 11512
106059860133903 11543
106064860216256 11564
106069860309263 11524
106074860393011 11562
106079860502668 11478
106084860616705 11536
106089860740483 11625
106094860879394 11623
106099860994326 11320
106104861081043 11212
106109861164974 11528
106114861284885 11614
106119861412142 11511
106124861529209 11476
106129861615397 11539
106134861698558 11640
106139861795502 11588
106144861879694 11490
106149861977103 11579
106154862105077 11566
106159862188145 11341
106164862277231 10996
106169862363371 11514
106174862443645 11595
106179862561431 11419
106184862699383 11473
106189862803801 11523
106194862919483 11528
106199863031145 11456
106204863153066 10994
106209863252532 11538
106214863341147 11597
106219863445703 11555
106224863535245 10749
106229863650740 10769
106234863761644 10976
106239863867947 11098
106244863992208 11128
106249864092511 11538
106254864192461 11489
106259864301294 11033
106264864412182 11512
106269864532853 11295
106274864628517 11220
106279864707489 10491
106284864802826 10682
106289864929219 11070
106294865041460 11241
106299865128549 11237
106304865218123 11038
106309865346841 11565
106314865450115 11506
106319865566984 10834
106324865708944 11403
