264763338587862 80
264768338729052 107
264773338870528 145
264778338985825 164
264783339104202 201
264788339220501 227
264793339342417 247
264798339453678 261
264803339572300 292
264808339707711 306
264813339847152 309
264818339971547 324
264823340115229 328
264828340229479 334
264833340366804 342
264838340489801 352
264843340611423 362
264848340728973 371
264853340861332 376
264858340967505 383
264863341069987 390
264868341168312 401
264873341277374 393
264878341384409 414
264883341481417 429
264888341583283 438
264893341697110 444
264898341793288 432
264903341898668 443
264908341995168 471
264913342104205 475
264918342204492 475
264923342302053 499
264928342395143 510
264933342507334 506
264938342608910 529
264943342713504 549
264948342805567 524
264953342909886 546
264958343005259 541
264963343086609 579
264968343185543 577
264973343291607 579
264978343372040 590
264983343460724 600
264988343549208 605
264993343647923 609
264998343738350 602
265003343834197 645
265008343923920 633
265013344025795 630
265018344115737 656
265023344208348 652
265028344300279 666
265033344399668 662
265038344492356 675
265043344584705 676
265048344678726 693
265053344784209 712
265058344882316 720
265063344974658 724
265068345069166 729
265073345169650 729
265078345266425 726
265083345364062 760
265088345467479 764
265093345576446 771
265098345684549 780
265103345783771 770
265108345891571 802
265113346009560 805
265118346118698 806
265123346227027 797
265128347286127 831
265133347401180 831
265138347496144 842
265143347606401 842
265148347698950 871
265153347800231 871
265158347889322 874
265163347978122 893
265168348067200 870
265173348169025 893
265178348258703 906
265183348358429 941
265188348470934 923
265193348574544 972
265198348677829 959
265203348772417 918
265208348864786 1018
265213348970263 1003
265218349056597 1009
265223349148864 1008
265228349239613 1034
265233349347012 1032
265238349439725 1078
265243349538852 1068
265248349631628 1121
265253349730733 1118
265258349826752 1125
265263349934133 1155
265268350039349 1170
265273350164304 1211
265278350262953 1233
265283350368562 1247
265288350467442 1232
265293350585314 1288
265298350687054 1310
265303350788157 1338
265308350892914 1326
265313350995273 1342
265318351084597 1432
265323351171173 1506
265328351262173 1497
265333351365508 1467
265338351470050 1471
265343351563516 1557
265348351656088 1575
265353351754267 1584
265358351851782 1621
265363351953004 1633
265368352043277 1722
265373352143688 1756
265378352235428 1847
265383352330460 1825
265388352423748 1911
265393352526235 1950
265398352614619 2026
265403352709484 2036
265408352798552 2098
265413352899476 2192
265418352988963 2373
265423353084454 2324
265428353196795 2431
265433353306785 2561
265438353396748 2568
265443353487078 2745
265448353578947 2750
265453353678145 2827
265458353769255 2980
265463353863248 3233
265468353947208 3379
265473354048987 3505
265478354139211 3613
265483354239600 3994
265488354332236 3967
265493354407266 4448
265498354524592 4552
265503354587269 4905
265508354681050 5214
265513354785812 5554
265518354884130 6148
265523354954642 6577
265528355046900 6848
265533355170783 7501
265538355271230 8039
265543355352724 8861
265548355466224 9236
265553355583517 10330
265558355672365 10589
265563355741720 11587
265568355855241 12729
265573355957013 13924
265578356063746 16208
265583356186247 17684
265588356269896 17828
265593356352546 19679
265598356479458 19761
265603356619924 20699
265608356715584 20572
265613356797879 20745
265618356901272 20971
265623356985591 21022
265628357079417 21893
265633357166485 21613
265638357239227 22103
265643357360807 21463
265648357442719 21303
265653357546149 21283
265658357624476 21515
