267820868121863 928
267825868222180 1232
267830868316614 1099
267835868457304 1133
267840868578403 1298
267845868680994 1027
267850868791877 1234
267855868891557 1109
267860869021724 1276
267865869127751 1145
267870869238420 1190
267875869354074 1095
267880869482429 1103
267885869570403 1135
267890869677745 188
267895869811635 185
267900869914003 188
267905870030357 1154
267910870131196 1136
267915870255455 1088
267920870355522 1120
267925870476452 1118
267930870599522 1093
267935870710049 188
267940870866608 185
267945871009096 185
267950871107841 185
267955871237022 188
267960871365366 185
267965871479801 185
267970871581833 188
267975871707008 1209
267980871823942 1306
267985871939531 1290
267990872052419 1048
267995872214632 1103
268000872331150 1073
268005872447944 548
268010872560066 185
268015872679257 185
268020872776676 185
268025872889413 189
268030872988397 181
268035873112450 189
268040873260103 185
268045873382476 124
268050873520147 0
268055873627296 0
268060873771169 0
268065873880400 433
268070873984194 1377
268075874078968 1123
268080874227192 1073
268085874364444 978
268090874492969 1153
268095874614074 1069
268100874747963 1060
268105874871151 185
268110875023200 185
268115875133932 185
268120875225185 185
268125875333598 185
268130876363374 188
268135876472984 186
268140876572390 181
268145876704282 38
268150876844638 0
268155876943982 0
268160877082266 0
268165877224712 0
268170877346360 0
268175877467163 0
268180877581094 591
268185877682040 1075
268190877775984 1079
268195877885892 1103
268200877991094 1120
268205878090271 1098
268210878183214 1116
268215878304943 1037
268220878436029 536
268225878573302 182
268230878723195 185
268235878861107 188
268240878990017 186
268245879096432 185
268250879223735 185
268255879353762 185
268260879475661 140
268265879613262 0
268270879760153 0
268275879904629 0
268280880056100 0
268285880206152 0
268290880317582 0
268295880479526 0
268300880590199 0
268305880716810 633
268310880826374 1034
268315880957741 1045
268320881055091 1097
268325881186283 1101
268330881313229 1010
268335881411481 1051
268340881527162 1224
268345881657554 549
268350881785654 185
268355881928926 185
268360882045418 186
268365882150256 185
268370882263752 187
268375882386957 185
268380882492103 185
268385882611482 159
268390882749559 0
268395882904458 0
268400883046576 0
268405883187010 0
268410883326932 0
268415883467305 0
268420883614999 0
268425883749224 0
268430883896970 0
268435884032705 0
268440884168767 0
268445884277328 16
268450884375813 1149
268455884483386 1068
268460884590186 978
268465884692958 1147
268470884812150 1038
268475884922732 978
268480885033677 1030
268485885185528 1002
268490885288438 385
268495885415679 183
268500885543759 187
268505885653973 185
268510885759231 185
268515885912779 185
268520886055204 185
268525886187714 185
268530886346741 102
268535886483443 0
268540886631987 0
268545886788185 0
268550886921823 0
268555887056897 0
268560887191129 0
268565887320215 0
268570887453779 0
268575887593327 0
268580887727261 0
268585887862169 0
268590888020298 0
268595888151444 0
268600888266559 817
268605888371461 1132
268610888473944 1092
268615888600587 1194
268620888719604 1140
268625888873951 1080
268630888981047 1045
268635889081757 1088
268640889218979 220
268645889321691 185
268650889452951 182
268655889559308 185
268660889658349 185
268665889758907 188
268670889895173 185
268675889988186 187
268680890146933 68
268685890315904 0
268690890451479 0
268695890596939 0
268700890739596 0
268705890887810 0
268710891022648 0
268715891174479 0
