268776631890349 66
268781632042064 183
268786632172295 358
268791632305408 419
268796632437298 505
268801632577737 516
268806632731690 507
268811632878355 518
268816633017467 537
268821633163166 521
268826633292941 534
268831633435604 545
268836633564572 582
268841633699666 555
268846633837956 555
268851633973111 585
268856634110638 588
268861634247356 605
268866634381923 569
268871634519339 606
268876634657391 594
268881634787807 623
268886634922693 631
268891635066320 648
268896635197148 651
268901635329514 636
268906635468142 631
268911635600694 674
268916635740614 656
268921635879226 657
268926636014590 708
268931636146932 689
268936636285339 714
268941636423262 717
268946636560555 714
268951636698992 725
268956636838005 709
268961636973941 770
268966637108371 736
268971637243066 771
268976637378931 776
268981637512348 761
268986637648503 777
268991637784477 808
268996637921533 805
269001638063408 819
269006638199269 831
269011638331102 824
269016638462700 836
269021638590705 884
269026638724171 872
269031638855276 930
269036638993819 902
269041639130028 934
269046639237200 936
269051639376335 999
269056639483436 1000
269061639622044 1003
269066639726841 1014
269071639866089 1050
269076639976927 1045
269081640144071 1035
269086640260647 1063
269091640398522 1091
269096640505113 1137
269101640652286 1155
269106640759243 1163
269111640896738 1175
269116641003699 1241
269121641143686 1296
269126641251885 1310
269131641389160 1300
269136641504610 1343
269141642617727 1341
269146642748726 1389
269151642879068 1499
269156643013330 1481
269161643141855 1540
269166643269152 1555
269171643396937 1651
269176643525921 1681
269181643654858 1773
269186643787066 1865
269191643915127 1929
269196644045787 1899
269201644187919 2071
269206644285405 2255
269211644412196 2271
269216644541193 2311
269221644674327 2280
269226644803433 2422
269231644936448 2576
269236645066093 2722
269241645196007 2952
269246645324060 3046
269251645449588 3228
269256645585586 3412
269261645724608 3626
269266645856621 3852
269271645983619 4199
269276646113367 4600
269281646241928 4959
269286646378796 5286
269291646476982 5877
269296646607183 6687
269301646708951 7103
269306646837582 7855
269311646984520 8875
269316647127373 10236
269321647264320 10307
269326647401690 11430
269331647527251 13297
269336647647316 14675
269341647750592 16866
269346647885568 18036
269351648016859 19132
269356648102161 19320
269361648219078 19460
269366648341036 20179
269371648429717 20404
269376648560904 20859
269381648654859 21009
269386648761968 20243
269391648877465 20483
269396648985299 20774
269401649068483 20687
269406649169186 20513
269411649283401 21140
269416649421367 21441
269421649538549 20495
269426649626923 20565
269431649724342 20485
269436649817200 20512
269441649925037 21115
269446650028160 20726
269451650132364 20219
269456650254656 20856
269461650355046 20706
269466650444774 19899
269471650526885 20701
269476650613335 20477
269481650712680 19774
269486650806055 20179
269491650925684 21450
269496651057002 20279
269501651203177 19899
269506651357078 20503
269511651453429 20568
269516651574701 21007
269521651685698 20312
269526651786642 20932
269531651878523 20712
269536651981651 21061
269541652102754 20347
269546652190150 20785
269551652280829 20016
269556652377006 20908
269561652473068 20328
269566652559515 19960
269571652657754 20398
269576652761695 20185
269581652869836 19735
269586652969334 21257
269591653082082 19950
269596653180552 19806
269601653259343 21038
269606653354597 20149
269611653453810 20718
269616653547004 20653
269621653631626 19947
269626653723753 19453
269631653814365 19811
269636653937371 20296
269641654059167 20808
269646654160624 20902
269651654302632 20417
269656654413171 20448
269661654507777 20661
269666654599280 19654
269671654698397 19939
