263811795556856 842
263816795674068 981
263821795773278 1069
263826795905722 1011
263831796010086 982
263836796122511 1049
263841796222778 1170
263846796307985 1021
263851796542118 1161
263856796672055 1001
263861796785844 1326
263866796904480 1143
263871797029912 1134
263876797143988 1214
263881797251953 1020
263886797366089 1073
263891797473756 228
263896797582189 1101
263901797719362 996
263906797821964 960
263911797962989 1011
263916798089583 1020
263921798211652 426
263926798336972 189
263931798470636 185
263936798595474 185
263941798702246 187
263946798831294 1081
263951798928157 1027
263956799032439 992
263961799132819 967
263966799254897 1034
263971799367020 1126
263976799508904 1087
263981799655900 481
263986799790735 185
263991799905154 189
263996800053180 185
264001800157215 185
264006800262489 188
264011800364428 185
264016800502506 185
264021800606029 1168
264026800711049 1209
264031800849131 977
264036800975568 956
264041801096066 1026
264046801202233 1140
264051801331937 1025
264056801429629 223
264061801536155 188
264066801635151 185
264071801754918 185
264076801856749 185
264081801977952 189
264086802084973 185
264091802164064 185
264096802292433 1174
264101802392910 1182
264106802506870 1129
264111802622807 1064
264116802762859 948
264121802862583 924
264126802959486 1091
264131803085467 185
264136803188438 189
264141803321931 476
264146803464954 1039
264151803559501 1360
264156803712708 1130
264161803830798 1090
264166803952970 916
264171804084310 186
264176804140396 186
264181804253938 186
264186804368611 186
264191804454217 968
264196804512990 981
264201804623144 1333
264206804754489 1001
264211804851032 1090
264216804917212 959
264221805036777 685
264226805184690 189
264231805311929 185
264236805441431 188
264241805570006 185
264246805695463 185
264251805794589 926
264256805930144 1117
264261806059735 1218
264266806182294 1065
264271806288861 1065
264276806421757 1023
264281806534940 1035
264286806680399 265
264291806811292 191
264296806939197 182
264301807067663 190
264306807194520 185
264311807325871 187
264316807452241 185
264321807578712 185
264326807706829 76
264331807832499 0
264336808024940 457
264341808139116 1062
264346808252549 1334
264351808380655 1269
264356808512077 944
264361808621589 967
264366808739894 1011
264371808870229 810
264376809002592 182
264381809096856 185
264386809209749 185
264391809334606 186
264396809449414 185
264401809595263 181
264406809709497 185
264411809833504 185
264416809975932 3
264421810091225 0
264426810213591 0
264431810332704 0
264436810439775 660
264441810560279 1205
264446810670833 1066
264451810750271 1194
264456810836795 1078
264461810947565 1018
264466811042691 1115
264471811140529 865
264476811224297 186
264481811335524 186
264486811449947 183
264491811533669 185
264496811599027 185
264501811709227 185
264506811804343 185
264511811874889 181
264516811923889 25
264521812027855 0
264526812132369 0
264531812200931 0
264536812244748 0
264541812353147 321
264546812448638 1056
264551812535686 1169
264556812584031 1311
264561812692750 1324
264566812790939 1071
264571812862227 979
264576812936649 1078
264581813054138 433
264586813167677 185
264591813261237 185
264596813316790 185
264601813441490 185
264606813559197 183
264611813646350 185
264616813739337 180
264621813874252 100
264626813995898 0
264631814061765 0
264636814129636 0
264641814259273 0
264646814376382 0
264651814445722 0
264656814499108 389
264661814631254 873
264666814745823 991
264671814808568 1062
264676814939118 1082
264681815064219 1123
264686815211698 1126
264691815337246 890
264696815455356 1010
264701815583553 208
264706815708180 185
