268201072279559 2331
268206072378612 2314
268211072482039 1030
268216072597169 1830
268221072687848 1703
268226072774957 1026
268231072853180 1006
268236072900192 1274
268241072949900 969
268246073033112 1226
268251073136843 973
268256073233793 1003
268261073323865 1006
268266073402446 1034
268271073490822 1006
268276073580425 1020
268281073660367 1051
268286073727199 1004
268291073813946 1099
268296073905325 1137
268301073958485 935
268306074070451 925
268311074155833 1014
268316074241097 1094
268321074339958 975
268326074418868 1041
268331074501568 1019
268336074595077 983
268341074698241 1111
268346074836143 1084
268351074934341 977
268356075027425 931
268361075112815 980
268366075187800 931
268371075259766 1097
268376075350923 1002
268381075444328 930
268386075481898 925
268391075558976 1011
268396075635358 887
268401075723240 1090
268406075808540 1074
268411075905902 1165
268416075989582 953
268421076085875 921
268426076140748 926
268431076217769 997
268436076301402 931
268441076378750 896
268446076447681 949
268451076536204 986
268456076634684 1085
268461076722593 1179
268466076836046 932
268471076916727 1013
268476076983212 968
268481077068724 1098
268486077144360 1070
268491077244888 1088
268496077320082 1030
268501077396314 972
268506077487014 1018
268511078058727 1032
268516078144103 903
268521078234615 904
268526078319625 1021
268531078410749 989
268536078484535 985
268541078558412 1140
268546078635040 1012
268551078743939 941
268556078834964 929
268561078921203 979
268566079003796 991
268571079072398 921
268576079157868 907
268581079239763 996
268586079309474 978
268591079417607 1034
268596079486349 1176
268601079571699 1054
268606079660750 977
268611079750902 909
268616079825897 941
268621079934950 1118
268626080027727 867
268631080099059 933
268636080178544 852
268641080244437 948
268646080347264 1074
268651080419346 1002
268656080502549 1101
268661080589304 1023
268666080688479 1084
268671080766088 1134
268676080834910 1007
268681080935298 958
268686081038401 899
268691081126408 1047
268696081210303 1054
268701081273340 887
268706081364895 863
268711081472622 451
268716081563394 679
268721081628437 1004
268726081711757 1008
268731081802186 893
268736081886552 1018
268741081966714 1095
268746082047155 1135
268751082133156 1043
268756082230018 1048
268761082299687 993
268766082388944 951
268771082472656 937
268776082550369 941
268781082633183 964
268786082719481 716
268791082813981 402
268796082898263 406
268801082997271 398
268806083083169 1102
268811083149887 986
268816083238747 954
268821083325563 951
268826083401494 947
268831083483503 1148
268836083552002 1065
268841083621644 978
268846083711176 1141
268851083782343 1095
268856083858815 892
268861083938493 921
268866084027718 907
268871084137427 927
268876084238365 959
268881084329275 860
268886084420843 404
268891084512876 400
268896084615401 402
268901084725219 400
268906084801421 413
268911084887728 400
268916084968421 969
268921085043371 1011
268926085107240 929
268931085187877 987
268936085276119 995
268941085371434 1195
268946085462739 1219
268951085548054 1035
268956085627102 1035
268961085698902 907
268966085790420 911
268971085905648 977
268976086019249 950
268981086104936 932
268986086170529 923
268991086270359 939
268996086375072 707
269001086478930 404
269006086567027 398
269011086636238 407
269016086695183 399
269021086771473 404
269026086850734 408
269031086915787 404
269036087001773 616
269041087082637 958
269046087168147 1001
269051087224639 998
269056087291729 968
269061087376789 1197
269066087476456 1199
269071087575067 1017
269076087663447 1096
269081087753408 942
269086087848321 923
269091087957175 929
269096088089551 909
269101088206024 917
269106088353169 971
269111088439617 961
269116088536413 654
269121088650088 404
269126088767098 405
269131088879199 403
269136088975203 404
269141089103284 405
269146089223128 400
269151089338717 406
269156089429017 604
269161089519372 1008
269166089606229 1237
269171089692309 1168
269176089775379 1100
269181089862446 1141
269186089949083 967
269191090024918 998
269196090145127 1001
269201090234639 1028
269206090356613 919
269211090443878 926
269216090529459 953
269221090619498 905
269226090703857 949
269231090787011 900
269236090859926 452
269241090950954 405
269246091051167 403
269251091118526 399
269256091206363 408
269261091299228 404
269266091405813 405
269271091495632 402
269276091567595 400
269281091644683 964
269286091738466 1101
269291091813275 1203
269296091949093 1247
269301092036553 1065
269306092124631 955
269311092210959 1011
269316092282205 959
269321092367430 976
269326092481034 957
269331092554836 964
269336092632763 930
269341092714462 1014
269346092818460 949
269351092921434 892
269356093008106 540
269361093109113 403
269366093181901 405
269371093272016 401
269376093378179 406
269381093483354 401
269386093570062 392
269391093674477 419
