260618386992433 2705
260623387075753 2171
260628387174616 1629
260633387269906 2236
260638387346410 1277
260643387434406 1246
260648387514818 1284
260653387587355 1294
260658387686549 1160
260663387765945 1209
260668387843278 1260
260673387916396 1214
260678388008426 1164
260683388076394 1155
260688388163712 1254
260693388244805 1229
260698388330172 1257
260703388420948 1256
260708388508151 1029
260713388585730 1290
260718388664707 1200
260723388741391 1309
260728388819137 1253
260733388904948 1203
260738388981881 1107
260743389058448 1121
260748389137582 1296
260753389217327 1210
260758389298411 1230
260763389375048 1409
260768389452252 1120
260773389532316 1180
260778389611885 1192
260783389690982 1163
260788389774753 1046
260793389854342 1428
260798389932100 1187
260803390012446 1045
260808390083738 1328
260813390158684 1388
260818390233084 1118
260823390310659 1213
260828390386768 1199
260833390463137 1124
260838390540381 1173
260843390616576 1258
260848390692486 1115
260853390772018 1410
260858390852225 1197
260863390933428 1097
260868391023876 676
260873391099878 1251
260878391178029 1393
260883391257614 1172
260888391339145 1037
260893391414335 1199
260898391492076 1279
260903391565194 1101
260908391643074 1151
260913391718208 1155
260918391789636 1233
260923391869138 1099
260928391946585 408
260933392025401 411
260938392104676 388
260943392182313 1334
260948392260345 1286
260953392859463 1282
260958392936678 1133
260963393016299 1093
260968393088935 1210
260973393170872 1239
260978393250451 1094
260983393328139 1205
260988393407186 1219
260993393487130 1149
260998393562058 1177
261003393642168 1193
261008393724616 666
261013393809448 402
261018393888371 400
261023393967742 421
261028394048352 931
261033394130643 1290
261038394208600 1443
261043394287378 1163
261048394367377 1129
261053394445111 1262
261058394522138 1226
261063394603211 1140
261068394682645 1261
261073394763393 1203
261078394846338 1168
261083394929197 1273
261088395008743 1196
261093395089479 1035
261098395170712 404
261103395244644 403
261108395321893 417
261113395400588 385
261118395493904 411
261123395571799 601
261128395650597 1387
261133395734480 1383
261138395807807 1231
261143395889820 1243
261148395966957 1133
261153396045403 1161
261158396125391 1236
261163396207452 1156
261168396286659 1141
261173396364946 1217
261178396443321 1182
261183396525926 1087
261188396598964 1203
261193396678212 825
261198396761757 388
261203396840607 410
261208396914137 404
261213396989008 404
261218397070776 412
261223397146625 411
261228397235569 647
261233397315839 1274
261238397398639 1144
261243397475191 1219
261248397574774 1120
261253397647816 1068
261258397718054 1174
261263397798917 1210
261268397876383 1158
261273397956667 1182
261278398034705 1153
261283398128055 1229
261288398207722 1084
261293398284854 1206
261298398366056 778
261303398440376 399
261308398513847 410
261313398592479 416
261318398670016 386
261323398747466 411
261328398828928 409
261333398902897 404
261338398981226 989
261343399064443 1187
261348399146878 1113
261353399225501 1255
261358399304536 1206
261363399381260 1122
261368399462246 1232
261373399541394 1233
261378399625098 1171
261383399705884 1162
261388399784615 1282
261393399864047 1127
261398399944065 1101
261403400026370 1276
261408400108061 669
261413400184047 406
261418400263167 407
261423400341192 406
261428400430453 414
261433400505100 383
261438400583511 414
261443400662796 409
261448400742904 632
261453400823720 1219
261458400895344 1208
261463400975561 1140
261468401055543 1169
261473401134939 1238
261478401195906 1135
261483401272193 1119
261488401351706 1225
261493401431330 1217
261498401511756 1078
261503401590155 1176
261508401669824 1254
261513401750233 1149
261518401834113 1021
261523401908580 382
261528401982165 413
261533402059578 403
261538402135256 403
261543402213381 411
261548402284203 410
261553402364076 386
261558402439459 414
261563402517028 245
261568402597352 1201
261573402681482 1209
261578402760876 1207
261583402844733 1111
261588402921463 1288
261593403005167 1240
261598403084055 1009
261603403161727 1246
261608403241715 1210
261613403322167 1148
261618403401596 1254
261623403477159 1241
261628403556217 1144
261633403638776 980
261638403717399 413
261643403789724 387
261648403866151 407
261653403942700 407
261658404020525 406
261663404099705 410
261668404178734 412
261673404253980 384
261678404330370 244
261683404408684 0
261688404566189 0
261693404644834 985
261698404728518 1198
261703404806934 1207
261708404885465 1193
261713404975060 1163
261718405051508 1263
261723405131675 1176
261728405211526 1117
261733405286229 1198
261738405363645 1259
261743405434689 1043
261748405510879 1264
261753405591169 1267
261758405667870 1085
261763405761237 1036
261768405840420 386
261773405923456 410
261778406002886 408
261783406077238 402
261788406156399 411
261793406240797 411
261798406327347 387
261803406409012 412
261808406479673 176
261813406554034 0
261818406639448 0
261823406721438 0
261828406814345 977
261833406886684 1162
261838406958388 1267
261843407034798 1149
261848407106442 1166
261853407181249 1247
261858407258073 1188
261863407342045 1128
261868407417857 1179
261873407498946 1240
261878407584732 1093
261883407660972 1160
261888407733099 1263
261893407813710 1162
261898407890630 1176
261903407969388 851
261908408047732 402
261913408124391 407
261918408200350 412
261923408276682 381
261928408356351 415
261933408433251 407
261938408509548 401
261943408587564 412
261948408661021 150
261953408750306 0
261958408841065 0
261963408933518 0
261968409018957 476
261973409097647 1221
261978409176002 1088
261983409256087 1177
261988409339361 1232
261993409417160 1188
261998409493863 1120
262003409573203 1274
262008409652057 1225
262013409730616 1081
262018409809216 1232
262023409886177 1270
262028409966309 1124
262033410044220 1234
262038410117944 1193
262043410203658 1110
262048410282769 375
262053410360230 414
262058410438823 411
262063410518610 403
262068410602426 407
262073410676248 404
262078410752733 393
262083410830707 409
262088410911926 304
262093411054449 0
262098411146160 0
262103411250219 0
262108411329498 511
262113411406313 1217
262118411488166 1121
262123411565188 1235
262128411635459 1198
262133411695234 1112
262138411782272 1147
262143411860208 1225
262148411937644 1184
262153412018013 1127
262158412097382 1232
262163412179526 1252
262168412255399 1072
262173412333493 1248
262178412412116 1223
262183412491222 1123
262188412566846 407
262193412644503 418
262198412719634 412
262203412795584 381
262208412869557 410
262213412944694 410
262218413021184 398
262223413101552 418
262228413193110 303
262233413285700 0
262238413384238 0
262243413498948 0
262248413608508 0
262253413701520 1021
262258413780995 1277
262263413856293 1163
262268413936216 1166
262273414011566 1274
262278414086438 1249
262283414167191 1076
262288414246740 1216
262293414324974 1232
262298414403969 1156
262303414480470 1234
262308414559479 1225
262313414642267 1153
262318414719052 1185
262323414806098 1246
262328414886029 608
262333414967292 414
262338415044501 408
262343415126635 401
262348415207088 411
262353415282522 412
262358415363107 383
262363415446084 415
262368415525111 407
262373415599888 38
262378415686469 0
262383415792628 0
262388415895237 0
262393415993509 588
262398416082817 1223
262403416165115 1075
262408416243680 1228
262413416323691 1196
