125711189707343 97
125716189847888 199
125721189999549 266
125726190128199 303
125731190222015 328
125736190356263 405
125741190574669 457
125746190722476 480
125751190836369 533
125756190912675 564
125761191052233 559
125766191188207 626
125771191327057 711
125776191448852 797
125781191548049 881
125786191681412 968
125791191783311 1004
125796191882551 1140
125801192016435 1350
125806192135067 1545
125811192248118 1816
125816192304969 2134
125821192397125 2481
125826192500078 3160
125831192630222 3925
125836192695715 5372
125841192802636 6956
125846192904623 8961
125851192995225 10686
125856193090197 11598
125861193196862 12215
125866193324492 12663
125871193415026 13084
125876193509426 13123
125881193619559 12986
125886193722398 12952
125891193817812 12849
125896193908673 13112
125901193996274 13811
125906194098855 13667
125911194190510 13693
125916194279224 13659
125921194374657 13697
125926194468625 13663
125931194560999 13853
125936194655021 13599
125941194752589 13657
125946194871246 13585
125951194985373 13744
125956195089035 13620
125961195189496 13576
125966195281955 13651
125971195387595 13652
125976195476147 13565
125981195580598 13589
125986195689042 13454
125991195792852 14481
125996195898968 15108
126001196011629 14978
126006196101450 15205
126011196210193 15040
126016196320371 15002
126021196422665 14981
126026196511894 15201
126031196610502 14893
126036196709831 14897
126041196819623 14973
126046196941754 14877
126051197060328 14986
126056197156905 14988
126061197253741 14929
126066197359620 14971
126071197448244 15138
126076197554611 15033
126081197652194 15336
126086197746731 14940
126091197857380 14836
126096197970333 15079
126101198060659 15050
126106198151799 15171
126111198268390 15085
126116198357846 15495
126121198462311 15406
126126198550551 15447
126131198650738 15469
126136198743348 15833
126141198832469 15436
126146198923578 15557
126151199016933 15848
126156199119375 15775
126161199214615 15622
126166199315207 15639
126171199487548 15634
126176199595356 15628
126181199693829 15631
126186199782082 15621
126191199866030 15444
126196199953186 15629
126201200045393 15333
126206200148038 15581
126211200242331 15440
126216200330145 15491
126221200416598 15716
126226200507986 15930
126231200628070 15494
126236200715079 15655
126241200804168 15665
126246200895453 15513
126251200985076 15842
126256201096767 15804
126261201187265 15489
126266201275192 15692
126271201365717 15746
126276201459991 15609
126281201549028 15735
126286201635768 15849
126291201735219 15719
126296201841295 15727
126301201938823 15552
126306202034901 15757
126311202133917 15657
126316202250742 15758
126321202391677 15424
126326202486618 15728
126331202578832 15604
126336202683324 15812
126341202774255 15640
126346202855833 15560
126351202951834 15655
126356203045243 15741
126361203139984 15302
126366203228810 15533
126371203321265 15781
126376203415680 15656
126381203531298 15270
126386203621573 15539
126391203710737 15880
126396203811109 15715
126401203907672 15582
126406203992359 15795
126411204118855 15895
126416204208887 15760
126421204312744 15698
126426204440529 15964
126431204524042 15670
126436204644636 15674
126441204733196 15640
126446204845309 15832
126451204931563 15945
126456205010429 15942
126461205115919 15960
126466205218408 15718
126471205309626 15779
126476205417765 15804
126481205505798 15925
126486205596108 15893
126491205729935 15927
126496205818537 15950
126501205911514 15901
126506205999855 15943
126511206086352 15728
126516206200018 15808
126521206294883 15963
126526206383719 15908
126531206463708 15866
126536206549819 15897
126541206635743 15845
126546206760590 15945
126551206869889 15826
126556206957176 15960
126561207042169 16012
126566207131069 15961
126571207264407 16015
126576207352811 15963
126581207436204 15879
126586207513690 16089
126591207589193 16035
126596207719952 15936
126601207840336 15803
126606207939492 15925
126611208032234 15957
126616208117522 16112
126621208238048 15950
126626208369470 15985
126631208466187 15970
126636208552386 15922
126641208669599 16022
126646208788671 15873
126651208885308 15722
126656209011033 15854
126661209099265 16030
126666209186590 15674
126671209254676 15933
126676209356590 15996
126681209441441 16148
126686209539802 15996
126691209640556 16002
126696209717701 15971
126701209804354 15845
126706209893048 15893
126711209973294 15771
126716210066811 15644
126721210161859 15937
126726210255125 15945
126731210386198 16134
126736210476118 16022
126741210604884 16012
126746210687344 15904
126751210795274 15962
126756210869587 15795
126761210951674 16045
126766211046331 15863
126771211147481 16052
126776211216774 15879
126781211314962 15952
126786211429159 15980
126791211546121 15897
126796211667505 15781
126801211753820 15924
126806211842760 15969
126811211939462 16113
126816211987911 16065
126821212090619 16098
126826212169409 16004
126831212256796 16095
126836212328655 15897
126841212418887 15877
126846212521849 15859
126851212605032 16039
126856212679253 16004
126861212751314 16088
126866212822169 15847
126871212946080 15975
126876213021601 16030
126881213095009 15938
126886213175748 15862
126891213271988 16006
126896213365994 15935
126901213457332 15637
126906213574101 15911
126911213671537 15695
126916213747290 15828
126921213829043 15935
126926213924352 15905
126931214005461 15830
126936214087205 15968
126941214165577 15901
126946214238625 16176
126951214318313 16030
126956214399356 15954
126961214493212 15908
126966214598671 16057
126971214699312 15819
126976214799418 15911
126981214885161 15791
126986214995730 16088
126991215110134 15935
126996215189291 15844
127001215306607 16012
127006215391228 16031
127011215473556 16070
127016215578281 16136
127021215663501 16046
127026215747249 15816
127031215851792 16080
127036215927035 15834
127041216011466 15815
127046216104298 15792
127051216193744 16021
127056216271029 15908
127061216375504 15700
127066216456215 15829
127071216572937 15925
127076216687705 16011
127081216791227 16175
127086216918684 16155
127091217032920 15935
127096217113198 16034
127101217198177 15790
127106217321778 16010
127111217442209 16117
127116217533315 16036
127121217619755 16007
127126217741111 15965
127131217861515 15973
127136217936896 15934
127141218046969 16178
127146218154865 16073
127151218236967 15955
127156218327253 15830
127161218447244 15904
127166218577882 15879
127171218621673 15999
127176218698924 15857
127181218800565 15880
127186218908155 15720
127191219024059 15864
127196219125336 16093
127201219240374 15961
127206219313859 16015
127211219397870 15922
127216219487239 15819
127221219585576 15869
127226219681496 15929
127231219802149 16073
127236219916975 15925
127241220007590 15882
127246220103898 15893
127251220201646 15846
127256220307881 15902
127261220393525 15991
127266220479647 15833
127271220567862 15872
127276220654233 15887
127281220735553 15821
127286220832137 15804
127291220956827 15944
127296221034660 16026
127301221162666 15864
127306221266890 16094
127311221354095 15795
127316221446458 15964
127321221537831 15642
127326221627802 15809
127331221730898 15779
127336221807397 15976
127341221880489 16090
127346221977015 15840
127351222085036 15723
127356222202948 16001
127361222292666 15965
127366222385386 15752
127371222474865 15861
127376222561313 16008
127381222664491 16129
127386222798081 15980
127391222871800 15908
127396222968769 15914
127401223061901 15998
127406223159794 16059
127411223279826 15927
127416223373901 15819
127421223461569 16050
127426223552667 15905
127431223625438 16064
127436223751023 15879
127441223868554 15961
127446223983303 15867
127451224114349 15922
127456224205207 15978
127461224296768 16011
127466224416092 15866
127471224513930 15854
127476224625302 16019
127481224735376 16058
127486224838031 15889
127491224931781 15946
127496225015215 16068
127501225095124 15942
127506225190487 15776
