118112540890849 22
118117541046007 32
118122541187287 38
118127541344457 46
118132541493569 49
118137541637442 55
118142541771872 60
118147541917053 63
118152542029384 64
118157542165984 63
118162542296550 70
118167542395664 74
118172542539449 74
118177542668252 82
118182542805406 83
118187542946104 82
118192543075995 92
118197543206704 92
118202543339093 92
118207543477986 96
118212543610356 102
118217543750590 99
118222543886854 111
118227544027458 109
118232544129350 114
118237544229602 109
118242544355316 120
118247544497341 119
118252544623364 123
118257544749840 125
118262544884496 131
118267545001580 130
118272545111859 130
118277545223182 136
118282545350141 141
118287545475895 137
118292545588992 140
118297545710839 144
118302545835888 145
118307545957266 152
118312546088848 145
118317546216912 149
118322546348155 153
118327546476951 157
118332546611813 160
118337546726690 165
118342546854051 159
118347546980030 162
118352547095151 163
118357547216515 172
118362547343117 171
118367547459936 174
118372547582655 183
118377547703415 181
118382547825246 184
118387547952850 186
118392548071316 185
118397548184367 195
118402548294376 195
118407548407979 200
118412548539190 193
118417549603968 202
118422549721785 193
118427549841884 208
118432549963878 194
118437550083707 208
118442550203366 206
118447550316035 215
118452550433871 218
118457550551503 210
118462550664962 225
118467550776964 223
118472550904731 211
118477551018939 230
118482551138952 221
118487551256980 224
118492551368142 232
118497551488590 243
118502551612203 239
118507551731947 236
118512551850107 241
118517551976507 250
118522552115231 256
118527552219317 257
118532552358801 253
118537552486912 270
118542552618277 263
118547552718031 259
118552552843873 266
118557552975772 267
118562553111268 258
118567553239405 271
118572553374069 274
118577553499888 269
118582553634927 283
118587553761841 283
118592553891550 272
118597554026870 284
118602554127163 283
118607554259694 302
118612554364068 286
118617554465447 307
118622554567940 303
118627554691748 296
118632554784252 299
118637554916372 306
118642555038961 307
118647555172795 304
118652555306956 322
118657555427649 328
118662555545597 322
118667555682252 321
118672555815295 327
118677555951807 327
118682556080888 339
118687556213039 338
118692556331358 328
118697556493990 349
118702556647555 354
118707556767228 341
118712556915627 351
118717557994311 362
118722558138941 345
118727558267825 368
118732558406706 373
118737558549045 366
118742558689901 379
118747558831820 378
118752558971541 375
118757559126078 369
118762559255350 381
118767559389415 389
118772559520118 385
118777559649613 375
118782559777023 405
118787559890067 393
118792560028524 400
118797560122789 426
118802560220684 418
118807560337250 426
118812560459262 436
118817560585176 419
118822560701334 430
118827560822936 424
118832560962726 430
118837561100477 456
118842561196100 452
118847561324629 448
118852561454462 455
118857561576510 452
118862561712368 479
118867561843144 443
118872561954160 470
118877562070196 455
118882562200651 473
118887562334773 470
118892562474469 465
118897562590525 485
118902562726288 505
118907562836564 476
118912562962201 511
118917563100308 505
118922563224398 509
118927563359111 505
118932563470878 505
118937563565825 530
118942563699005 525
118947563823203 539
118952563941438 552
118957564043958 546
118962564155182 563
118967564270634 577
118972564395994 571
118977564521354 578
118982564630077 583
118987564749760 595
118992564867465 611
118997564990360 602
119002565108438 593
119007565229335 625
119012565352438 597
119017565481168 633
119022565574757 644
119027565708978 640
119032565835122 636
119037565949191 649
119042566070636 638
119047566181060 683
119052566277958 632
119057566375282 680
119062566491688 667
119067566616566 678
119072566747420 734
119077566882914 725
119082567002358 746
119087567118255 731
119092567231813 740
119097567362158 713
119102567523385 717
119107567639089 773
119112567748722 760
119117567880034 779
119122568017862 801
119127568152857 801
119132568282643 833
119137568384127 880
119142568503836 839
119147568629340 882
119152568723444 906
119157568817284 899
119162568911005 923
119167569009569 873
119172569108335 894
119177569203178 904
119182569319502 952
119187569439912 957
119192569541115 952
119197569669505 1053
119202569792425 1059
119207569887552 1050
119212570016152 1001
119217570111844 1090
119222570208653 1126
119227570324516 1097
119232570420854 1116
119237570546984 1178
119242570641003 1057
119247570735872 1135
119252570857297 1220
119257570998474 1199
119262571130623 1329
119267571227073 1325
119272571322810 1282
119277571418059 1335
119282571546222 1356
119287571676702 1362
119292571807084 1363
119297571931944 1426
119302572078961 1456
119307572194516 1520
119312572295195 1572
119317572417820 1581
119322572545421 1712
119327572679689 1681
119332572780723 1684
119337572895046 1843
119342572990968 1790
119347573131312 1898
119352573226938 1937
119357573322641 1974
119362573449923 2094
119367573562971 2086
119372573663136 2199
119377573775015 2298
119382573884389 2359
119387573998274 2472
119392574132534 2498
119397574244941 2733
119402574376913 2644
119407574479562 2791
119412574608437 2838
119417574702686 3019
119422574803131 3255
119427574898641 3394
119432574991931 3368
119437575098855 3694
119442575200995 3899
119447575294867 4145
119452575384016 4349
119457575484610 4711
119462575582320 4813
119467575674981 5126
119472575763362 5644
119477575855088 5863
119482575941562 6630
119487576065743 7060
119492576165299 7435
119497576266198 8099
119502576357135 8779
119507576461386 9731
119512576553411 10624
119517576647265 11037
119522576792295 11532
119527576883647 12032
119532577003542 12195
119537577095372 12519
119542577184780 12663
119547577290244 12778
119552577377440 12618
119557577469287 12738
119562577572143 12850
119567577694955 12782
119572577809587 12845
119577577899783 12391
119582577992800 12796
119587578089205 12974
119592578182709 12979
119597578280131 12534
119602578370695 11778
119607578464952 12175
119612578561474 12519
119617578661137 12400
119622578768752 12940
119627578871489 12348
119632578976090 12974
119637579101871 12725
119642579211547 12514
119647579320940 12615
119652579440389 12307
119657579555782 12814
119662579697873 12887
119667579822271 12444
119672579915958 12813
119677580013962 13045
119682580106369 12991
119687580230213 12878
119692580361749 12762
119697580473954 12917
119702580597692 12778
119707580730500 12957
119712580839551 12757
119717580934575 12532
119722581035262 12836
119727581125452 12933
119732581218219 12959
119737581309943 12974
119742581399607 12853
119747581490483 13011
119752581589111 13099
119757581681192 12278
119762581788393 12820
119767581879881 12719
119772581980605 12885
119777582088925 12659
119782582192315 12855
119787582297748 12898
119792582421584 12898
119797582529438 12147
119802582664650 12919
119807582769295 12838
119812582870758 12846
119817582968872 12277
119822583074303 11812
119827583211101 12192
119832583314361 12512
119837583418143 12037
119842583521416 12505
119847583629911 12571
119852583733284 12436
119857583837017 12819
119862583940248 12798
119867584059608 12806
119872584157106 12587
119877584266511 12803
119882584362664 12887
119887584455778 12392
119892584555138 12058
119897584686006 12611
119902584785648 12087
119907584876885 12637
