123894248669057 1613
123899248795972 1197
123904248960134 1175
123909249075186 989
123914249186884 976
123919249298602 892
123924249435009 855
123929249571524 866
123934249692536 846
123939249819435 878
123944249939244 888
123949250056568 838
123954250143116 849
123959250265623 902
123964250390871 870
123969250503439 829
123974250619863 870
123979250729532 863
123984250850853 846
123989250974012 848
123994251081951 853
123999251193146 857
124004251310752 861
124009251402942 870
124014251511469 859
124019251619848 784
124024251742676 845
124029251865246 865
124034251948967 717
124039252054793 876
124044252175631 600
124049252291151 834
124054252407344 838
124059252513191 593
124064252623400 866
124069252744513 719
124074252848922 572
124079252965495 827
124084253089636 676
124089253205095 781
124094253322114 870
124099253436350 470
124104253553419 531
124109253673743 838
124114253792046 663
124119253905964 743
124124254024906 847
124129254155821 496
124134254274327 646
124139254388791 831
124144254516366 565
124149254638759 673
124154254747440 851
124159254862490 545
124164254968058 631
124169255078561 827
124174255200907 598
124179255317506 509
124184255421421 844
124189255531733 666
124194255654703 519
124199255774545 857
124204255892262 681
124209255978465 264
124214256079196 854
124219256186941 840
124224256278103 352
124229256393604 825
124234256504719 844
124239256621668 252
124244256719980 736
124249256827868 834
124254256951509 438
124259257073080 563
124264257186497 861
124269257306489 595
124274257413558 563
124279257520197 863
124284257629251 620
124289257740214 317
124294257855745 841
124299257974017 845
124304258083655 461
124309258170014 844
124314258302210 772
124319258419241 188
124324258508278 832
124329258616257 848
124334258730326 318
124339258860763 764
124344258968317 838
124349259083121 420
124354259193031 684
124359259302752 840
124364259420521 508
124369259533136 352
124374259650690 819
124379259770225 803
124384259889016 459
124389259998488 838
124394260123041 776
124399260237836 187
124404260322635 783
124409260438213 834
124414260546836 373
124419260663495 729
124424260754860 851
124429260872021 443
124434261009405 662
124439261138492 819
124444261262927 530
124449261379384 387
124454261495174 823
124459261610644 769
124464261729727 238
124469261841622 842
124474261957678 834
124479262076816 287
124484262163048 593
124489262275837 844
124494262405043 527
124499262525940 636
124504262642145 851
124509262750470 551
124514262863963 288
124519262982235 831
124524263093288 843
124529263203782 191
124534263315747 749
124539263434098 840
124544263546929 395
124549263647124 655
124554263782816 817
124559263904324 527
124564264025424 275
124569264134297 825
124574264257010 847
124579264382561 209
124584264473319 805
124589264562382 847
124594264671736 350
124599264801376 483
124604264911651 825
124609265039881 652
124614265166616 340
124619265280761 831
124624265387471 825
124629265501754 189
124634265608870 823
124639265720583 819
124644265838515 361
124649265956546 328
124654266073076 823
124659266217597 770
124664266339649 279
124669266435473 831
124674266569220 820
124679266702075 267
124684266812586 593
124689266927245 838
124694267041744 531
124699267156119 446
124704267261801 825
124709267389366 724
124714267520663 190
124719267638757 743
124724267758213 870
124729267886388 355
124734268017059 281
124739268092328 812
124744268200412 844
124749268314495 360
124754268430054 373
124759268550744 827
124764268667250 742
124769268792077 185
124774268890661 544
124779268983244 844
124784269101467 734
124789269231431 186
124794269357266 685
124799269438737 878
124804269552383 396
124809269662013 228
124814269772507 840
124819269883518 836
124824269994379 411
124829270092343 455
124834270204127 854
124839270317012 657
124844270414354 714
124849270515204 821
124854270634307 546
124859270728077 802
124864270822328 844
124869270933769 432
124874271050508 438
124879271163331 825
124884271278198 697
124889271393194 186
124894271513952 572
124899271627513 806
124904271736264 739
124909271854008 186
124914271960831 517
124919272086244 819
124924272206167 765
124929272324029 187
124934272448022 496
124939272536086 802
124944272658503 811
124949272793895 191
124954272891882 489
124959272977686 826
124964273098955 803
124969273232264 185
124974273349868 454
124979273469728 794
124984273573772 846
124989273657539 199
124994273741812 368
124999273850280 853
125004273982146 838
125009274120867 230
125014274243751 386
125019274361848 812
125024274477425 825
125029274599036 277
125034274725003 382
125039274849576 811
125044274968373 835
125049275081570 276
125054275166489 652
125059275286776 819
125064275388300 500
125069275517573 697
125074275646761 837
125079275750764 574
125084275866864 833
125089275976663 817
125094276090344 371
125099276207001 670
125104276327311 829
125109276448445 556
125114276563087 806
125119276676177 813
125124276789813 417
125129276879329 759
125134276996422 831
125139277125892 464
125144277221915 790
125149277342109 832
125154277464262 413
125159277581217 784
125164277667357 819
125169277796435 441
125174277914263 719
125179278027653 857
125184278149615 497
125189278250373 792
125194278373347 839
125199278497796 413
125204278614300 367
125209278725491 801
125214278841380 777
125219278934040 386
125224279027079 848
125229279146761 799
125234279271617 300
125239279392099 812
125244279516294 836
125249279635501 372
125254279754565 829
125259279861859 802
125264279974829 540
125269280070200 814
125274280183571 829
125279280294440 471
125284280413188 829
125289280528715 760
125294280610729 624
125299280734477 806
125304280879460 656
125309281003171 491
125314281117658 843
125319281231404 716
125324281349376 424
125329281461686 806
125334281579755 777
125339281663088 501
125344281783208 802
125349281908925 753
125354282022496 189
125359282151123 567
125364282280680 793
125369282405181 551
125374282512811 469
125379282645584 821
125384282783894 717
125389282900679 240
125394283022585 829
125399283146384 801
125404283251385 302
125409283368596 820
125414283488272 819
125419283606325 436
125424283720068 831
125429283841326 806
125434283954087 358
125439284068049 664
125444284185586 812
125449284299136 538
125454284411244 838
125459284524060 818
125464284638950 537
125469284756016 831
125474284870555 838
125479284981763 539
125484285090354 851
125489285213722 797
125494285338846 472
125499285450650 823
125504285562187 781
125509285681222 374
125514285798286 834
125519285920549 852
125524286000842 186
125529286115789 688
125534286229904 816
125539286329875 426
125544286443279 325
125549286567153 780
125554286648466 833
125559286766883 466
125564286882531 837
125569286994029 757
125574287109523 190
125579287194699 801
125584287300617 814
125589287414789 441
125594287536196 829
125599287650799 834
125604287772762 312
125609287894474 804
125614288017137 838
125619288135856 375
125624288248213 637
125629288363458 825
125634288475615 525
125639288590249 752
125644288691871 838
125649288811687 531
125654288936520 825
125659289027662 838
125664289136499 556
125669289229820 844
125674289354741 918
125679289449586 216
125684289543248 825
125689289665440 810
