116291578794402 1422
116296578915671 1018
116301579071175 1067
116306579201818 1023
116311579328575 1030
116316579441324 996
116321579571830 944
116326579680260 832
116331579780317 919
116336579876283 791
116341579977677 865
116346580103334 858
116351580230347 885
116356580330491 785
116361580441946 899
116366580558201 882
116371580668839 900
116376580784443 820
116381580898131 847
116386581006433 728
116391581103664 908
116396581213819 890
116401581310645 833
116406581407741 811
116411581513004 810
116416581606046 698
116421581705914 881
116426581806240 767
116431581904771 822
116436582031818 737
116441582131450 816
116446582237759 704
116451582376928 907
116456582489380 873
116461582600505 841
116466582723043 804
116471582845367 827
116476582960510 752
116481583073553 891
116486583168971 870
116491583289911 831
116496583421423 850
116501583531571 751
116506583663375 700
116511583766818 893
116516583865474 862
116521583969583 816
116526584079597 816
116531584175692 770
116536584280721 747
116541584381639 868
116546584479864 836
116551584577237 790
116556584676151 768
116561584788168 806
116566584886284 697
116571585021765 729
116576585125335 748
116581585220774 735
116586585318155 746
116591585421995 747
116596585532265 728
116601585631401 829
116606585728707 840
116611585830384 791
116616585946280 756
116621586047704 839
116626586154388 583
116631586257080 845
116636586354931 778
116641586453598 784
116646586581319 817
116651586685055 812
116656586785836 688
116661586881958 782
116666586985429 829
116671587083871 823
116676587177484 798
116681587273788 787
116686587374506 652
116691587504459 868
116696587632568 841
116701587747996 812
116706587853291 753
116711587957621 839
116716588056054 671
116721588151675 750
116726588244524 747
116731588360967 716
116736588459998 756
116741588572302 766
116746588667121 607
116751588760431 778
116756588892491 775
116761588993393 772
116766589088070 782
116771589192780 731
116776589301676 628
116781589402196 834
116786589501674 764
116791589599394 748
116796589708661 771
116801589805929 785
116806589901082 636
116811589998999 801
116816590092736 773
116821590193371 757
116826590293265 771
116831590400977 764
116836590505637 614
116841590602775 803
116846590698588 793
116851590802340 745
116856590905007 834
116861591003614 855
116866591100224 427
116871591220216 742
116876591312531 756
116881591408337 752
116886591505334 729
116891591610877 771
116896591720508 603
116901591851712 768
116906591985319 780
116911592105624 747
116916592207114 763
116921592304064 767
116926592409401 590
116931592508865 778
116936592602098 744
116941592713314 784
116946592822542 748
116951592924124 725
116956593022454 645
116961593150807 748
116966593252630 800
116971593365366 804
116976593462433 735
116981593563725 791
116986593698312 666
116991593800901 755
116996593921341 799
117001594018500 789
117006594129684 910
117011594229743 667
117016594329343 645
117021594432793 735
117026594534404 762
117031594630156 743
117036594744493 769
117041594844383 768
117046594966572 629
117051595076431 764
117056595175577 780
117061595271462 778
117066595368744 801
117071595467123 729
117076595598126 648
117081595736608 758
117086595833629 800
117091595930241 694
117096596022125 540
117101596121074 803
117106596254712 592
117111596353502 1
117116596470012 1
117121596546849 42
117126596644173 388
117131596775090 357
117136596881127 422
117141596985413 0
117146597077976 0
117151597183547 1
117156597294129 0
117161597409500 6
117166597540266 199
117171597664123 0
117176597782695 0
117181597911973 395
117186598033586 287
117191598139759 264
117196598278822 272
117201598411312 0
117206598562724 0
117211598695780 0
117216598841871 0
117221598979751 0
117226599075756 309
117231599198279 0
117236599276667 4
117241599395345 0
117246599493971 228
117251599612890 450
117256599709090 399
117261599831722 6
117266599953190 0
117271600063635 0
117276600178690 4
117281600288735 5
117286600378425 290
117291600476004 6
117296600599054 2
117301600711647 1
117306600821233 189
117311600935878 540
117316601033980 689
117321601107139 34
117326601204201 1
117331601293834 0
117336601392818 117
117341601521373 679
117346601630023 708
117351601759856 27
117356601863970 67
117361601978229 867
117366602089605 814
117371602201536 780
117376602303540 762
117381602408105 452
117386602522897 812
117391602634115 766
117396602736934 761
117401602844139 774
117406602952735 774
117411603063949 502
117416603177338 787
117421603281886 793
117426603378919 786
117431603485694 833
117436603585732 774
117441603680656 341
117446603777689 852
117451603878456 812
117456603988423 735
117461604105076 787
117466604216811 798
117471604331086 556
117476604434024 791
117481604526163 805
117486604631829 812
117491604728843 891
117496604823754 524
117501604937762 486
117506605036479 770
117511605149926 755
117516605251984 759
117521605365266 753
117526605480081 742
117531605583167 463
117536605684597 819
117541605787765 793
117546605892802 785
117551606007855 759
117556606115141 782
117561606221055 532
117566606334370 765
117571606460293 772
117576606556274 802
117581606666478 767
117586606777597 765
117591606902773 411
117596606997507 787
117601607094265 793
117606607184432 753
117611607309231 782
117616607408089 792
117621607505995 435
117626607600861 771
117631607727359 815
117636607865456 883
117641607963869 517
117646608069071 748
117651608163384 414
117656608264691 771
117661608360231 761
117666608461500 760
117671608567986 748
117676608674204 714
117681608770104 445
117686608863182 760
117691608950178 761
117696609051652 742
117701609166706 764
117706609286695 752
117711609387292 332
117716609492633 789
117721609604184 782
117726609714859 729
117731609829297 779
117736609943544 766
117741610045961 357
117746610148876 808
117751610250996 763
117756610385832 748
117761610517667 784
117766610609621 770
117771610711418 431
117776610819237 815
117781610927972 812
117786611033529 841
117791611159016 802
117796611284973 536
117801611392617 416
117806611500040 778
117811611603298 761
117816611698269 737
117821611797634 765
117826611907552 748
117831612032119 424
117836612162644 761
117841612275059 798
117846612372690 735
117851612499316 774
117856612605133 763
117861612707248 475
117866612803422 807
117871612902033 728
117876613001881 773
117881613096239 748
117886613198199 770
117891613304928 425
117896613398722 787
117901613504710 787
117906613605597 742
117911613695876 785
117916613800604 803
117921613903463 364
117926614001751 825
117931614111971 834
117936614219067 913
117941614323116 577
117946614446596 753
117951614547772 418
117956614646223 780
117961614740450 748
117966614833751 755
117971614933426 755
117976615050750 735
117981615152557 360
117986615255587 847
117991615362316 710
117996615463379 747
118001615560285 773
118006615653523 787
118011615741373 383
118016615831500 855
118021615960392 827
118026616075387 778
118031616174946 769
118036616273014 727
118041616371070 404
118046616468431 767
118051616559192 776
118056616660150 764
118061616774580 761
118066616876253 806
118071616975817 390
118076617071426 854
118081617172161 961
118086617298679 639
