240741029768653 18971
240746029953907 23225
240751030037895 18347
240756030146975 15143
240761030260414 12929
240766030337488 17407
240771030408400 22299
240776030484260 30916
240781030576218 30738
240786030628787 31022
240791030724082 31151
240796030807508 31218
240801030879726 30571
240806030969129 30769
240811031049268 30925
240816031122296 30514
240821031195655 30293
240826031268830 30833
240831031353020 30371
240836031429837 30723
240841031514524 30585
240846031599723 30765
240851031661660 30793
240856031733506 30702
240861031817881 30462
240866031900328 30615
240871032021300 30751
240876032138286 30674
240881032227869 30728
240886032317937 30565
240891032404221 31000
240896032496135 30722
240901032612206 31656
240906032678746 30444
240911032744302 30485
240916032822218 30893
240921032909658 30940
240926033005269 31050
240931033091700 29921
240936033178373 30724
240941033276099 31282
240946033343780 30661
240951033429936 30805
240956033513716 30651
240961033605291 30750
240966033710538 30795
240971033828884 30810
240976033888225 30744
240981033989020 30429
240986034084321 31081
240991034171196 30113
240996034229572 31344
241001034305876 30787
241006034382538 30762
241011034458339 30646
241016034508409 30736
241021034590625 30809
241026034674490 30653
241031034781973 30692
241036034904737 30938
241041034990865 30315
241046035589474 30871
241051035695909 31343
241056035784344 30954
241061035867456 30737
241066035971198 30635
241071036106565 31246
241076036206782 30798
241081036319283 31006
241086036446628 31245
241091036544278 30597
241096036625198 31166
241101036697405 30256
241106036812810 30702
241111036906534 31241
241116036984121 30740
241121037099851 31029
241126037188155 30924
241131037256555 30862
241136037326341 30490
241141037420291 30528
241146037522106 30613
241151037629025 30514
241156037714760 31062
241161037760151 31392
241166037828888 31129
241171037887057 30836
241176037969588 30427
241181038055889 30680
241186038115165 30268
241191038202574 30779
241196038290565 30445
241201038355796 30890
241206038412619 30862
241211038466365 30594
241216038534836 30603
241221038595971 30908
241226038694702 30775
241231038793457 30969
241236038875495 30784
