240179587861138 2593
240184587957222 2265
240189588043930 1419
240194588138648 2344
240199588224845 1301
240204588312277 1282
240209588399201 1217
240214588487794 1268
240219588588381 1235
240224588660218 1127
240229588742506 1285
240234588825095 1308
240239588907316 1137
240244588995278 1260
240249589078339 1265
240254589161172 1207
240259589245391 1351
240264589330559 1165
240269589413277 1063
240274589493889 1319
240279589579582 1231
240284589667655 1344
240289589742873 1268
240294589819815 1166
240299589902816 1142
240304589982460 1233
240309590037975 1319
240314590116419 1057
240319590199458 1313
240324590288529 1333
240329590371854 1159
240334590446466 1260
240339590525053 1196
240344590622850 1004
240349590702374 1188
240354590784560 1425
240359590866751 1065
240364590947523 1248
240369591028485 1366
240374591109693 1414
240379591196783 1247
240384591281453 1097
240389591358931 1220
240394591436050 1124
240399591515661 1206
240404591604083 1103
240409591696477 1269
240414591775269 1399
240419591860175 1163
240424591940392 847
240429592024398 488
240434592111819 1406
240439592197157 1484
240444592279584 1104
240449592363840 1231
240454592449680 1222
240459592534000 1132
240464592618115 1220
240469592708134 1236
240474592797031 1148
240479592884882 1117
240484592969868 1224
240489593053852 662
240494593133494 407
240499593216336 413
240504593298756 401
240509593384802 1266
240514593469715 1370
240519593551742 1252
240524593631950 1125
240529593712398 1211
240534593797176 1208
240539593878959 1126
240544593958983 1168
240549594038029 1207
240554594116009 1182
240559594194600 1080
240564594276107 1216
240569594356095 1237
240574594439766 1084
240579595033732 416
240584595109183 403
240589595189993 409
240594595270046 410
240599595350577 1321
240604595450012 1478
240609595535169 1217
240614595615013 1231
240619595695077 1178
240624595770032 1043
240629595850560 1249
240634595930592 1229
240639596008759 1051
240644596086161 1202
240649596167204 1212
240654596249520 1149
240659596329052 1058
240664596408468 979
240669596491502 409
240674596573991 402
