253978439249429 14097
253983439460068 16496
253988439574549 16990
253993439679105 18000
253998439776681 18767
254003439885676 19121
254008439996247 19251
254013440099758 19852
254018440199982 20999
254023440302111 23015
254028440392633 25079
254033440481243 25311
254038440575139 25211
254043440666507 24601
254048440752991 24328
254053440833074 24527
254058440934125 24588
254063441036727 24815
254068441134769 24973
254073441224945 24411
254078441309083 24336
254083441432147 24593
254088441522361 24757
254093441610556 24026
254098441698176 24300
254103441783560 24275
254108441877681 24614
254113441965945 24526
254118442055016 24525
254123442150809 24156
254128442237434 24433
254133442331633 23979
254138442446748 24222
254143442535869 24479
254148442619470 24369
254153442705590 24184
254158442796132 24749
254163442883235 24772
254168442968428 24148
254173443054991 24716
254178443146445 24122
254183443236772 24972
254188443328736 24338
254193443419822 24318
254198443516792 23763
254203443600639 24479
254208443700769 24324
254213443790911 24262
254218443878848 24447
254223443965800 24644
254228444072543 24499
254233444171660 24030
254238444261630 24799
254243444368537 24162
254248444466829 24281
254253444558126 23766
254258444656759 24051
254263444741943 24222
254268444826378 24787
254273444918720 25071
254278445009437 24653
254283445109568 24574
254288445191414 24628
254293445278154 24787
254298445367920 24642
254303445462973 24467
254308445576662 24636
254313445661598 24603
254318445758512 24200
254323445854006 24550
254328445943771 24218
254333446037557 24396
254338446130493 24815
254343446954598 24764
254348447042800 24526
254353447128713 25512
254358447220078 25230
254363447309369 25070
254368447406363 24782
254373447495500 25246
254378447594785 24961
254383447682025 24918
254388447784580 24743
254393447874395 25626
254398447957221 25168
254403448072993 25708
254408448164105 25118
254413448254200 25118
254418448344407 25406
254423448441853 26105
254428448535766 25051
254433448636902 25214
254438448731280 25872
254443448822398 25502
254448448917353 25315
254453449018618 25655
254458449121443 25899
254463449220466 24858
254468449312982 24934
254473449406889 25644
254478449494175 24968
254483449592007 25454
254488449698188 25204
254493449780441 25558
254498449882729 25778
254503449971571 25084
254508450069049 25624
254513450159540 25436
254518450257206 25914
254523450354336 25058
254528450444785 25672
254533450546411 25517
254538450656139 25198
254543450746197 25256
254548450853521 25554
254553450942134 25329
254558451028966 24899
254563451121335 25619
254568451209588 26468
254573451302393 25638
254578451405962 25494
254583451534238 26765
254588451629071 24914
254593451724570 25861
254598451815072 25185
254603451901320 25587
254608451987665 25785
254613452094551 26139
254618452191244 25776
254623452283101 26041
254628452386552 25156
254633452484320 25600
254638452573490 25342
254643452678520 25945
254648452780523 25056
254653452888232 25868
254658452990699 25164
254663453086266 25706
254668453185123 25547
254673453272631 25027
254678453360202 24801
254683453476820 24617
254688453568486 25177
254693453659796 26021
254698453748798 25252
254703453839212 25870
254708453931618 25124
254713454021520 25124
254718454099874 25307
254723454194889 25249
254728454282882 25312
254733454387969 24789
254738454482571 25495
254743454572780 25961
254748454659226 25243
254753454752366 25172
254758454875376 25452
254763454968784 25745
254768455060073 26139
254773455150896 26157
254778455229228 24931
254783455322382 26295
254788455436398 25735
254793455526633 25493
254798455615507 25540
254803455706368 24588
254808455793575 26437
254813455918766 25960
254818456025255 25982
254823456117162 25429
254828456209917 25558
254833456301041 25453
254838456392744 25592
254843456499966 25791
254848456580227 25280
254853456681674 25247
254858456785021 26190
254863456884361 25642
254868456971568 25529
254873457071840 25540
