253052901909561 19226
253057902185734 18427
253062902274402 17826
253067902390222 17008
253072902501464 14514
253077902592687 14133
253082902679721 13451
253087902791023 13844
253092902930263 12531
253097903018202 10894
253102903109262 12936
253107903190777 13541
253112903287186 9511
253117903397207 13259
253122903507290 11237
253127903609479 7071
253132903739886 17483
253137903878874 6530
253142903994742 12173
253147904119691 13587
253152904252636 8767
253157904370428 13927
253162904470562 10883
253167904609058 7432
253172904717559 17036
253177904842494 5597
253182904973180 13510
253187905102044 10743
253192905233695 7632
253197905318731 15869
253202905433039 5338
253207905509788 14929
253212905598222 9203
253217905693905 9038
253222905821399 9709
253227905912438 8433
253232906048700 15248
253237906154343 4031
253242906269768 16909
253247906371590 4887
253252906485627 13327
253257906595916 7119
253262906684487 11088
253267906770315 12094
253272906864786 6181
253277906955458 17891
253282907032576 2439
253287907098832 15776
253292907209723 7890
253297907322943 10373
253302907426426 16613
253307907501484 6413
253312907585391 13221
253317907661927 10224
253322907755866 10012
253327907847869 16008
253332907938585 9634
253337908044224 8710
253342908159474 17118
253347908268760 8686
253352908382004 10465
253357908495579 17346
253362908577356 9502
253367908650485 9493
253372908749699 13149
253377908819032 8139
253382908900012 14836
253387908998850 11655
253392909092747 10023
253397909163694 14696
253402909237738 13151
253407909354939 10862
253412909502667 12337
253417909590716 16598
253422909701667 12304
253427909808129 11389
253432909908070 14134
253437909990140 13115
253442910080582 11863
253447910147935 12127
253452910274561 17326
253457910380687 12650
253462910507351 11519
253467910629381 12239
253472910739912 15322
253477910825532 9056
253482910929119 13856
253487911034302 16166
253492911126216 14472
253497911229775 12014
253502911330949 12887
253507911382574 15108
253512911469224 15615
253517911560498 12467
253522911657916 11446
253527911743496 14931
253532911868135 17141
253537911936300 11853
253542911996750 10719
253547912138676 14751
253552912251818 13191
253557912336428 9721
253562912395873 13466
253567912484541 14900
253572912582311 9438
253577912687083 13149
253582912754218 16862
253587912822519 11703
253592912906943 12018
253597912972646 12694
253602913049783 17001
253607913112777 11696
253612913200760 12428
253617913301639 13324
253622913354258 11882
253627913419183 10127
253632913541636 14289
253637913619781 12564
253642913724717 9745
253647913821118 13993
253652913945481 13589
253657914057273 10748
253662914158435 12069
253667914217408 16119
253672914352694 10226
253677914446867 11057
253682914520330 16927
253687914603286 11813
253692914729050 9006
253697914841265 15501
253702914905916 12433
253707914992807 11094
253712915109892 12896
253717915195551 16502
253722915252837 11161
253727915346975 9435
253732915464130 17246
253737915543860 11023
253742915655135 11683
253747915754006 13689
253752915845896 14794
253757915921122 10594
253762915979918 11986
253767916045404 17048
253772916132988 10835
253777916241779 9973
253782916320872 15545
253787916436500 10851
253792916572119 8356
253797916680684 17018
253802916787516 9285
253807916895612 9236
253812917025198 17807
253817917139141 12172
253822917251136 9864
253827917337903 14388
253832917472418 15635
253837917572426 12042
253842917663265 11844
253847917718079 14891
253852917806584 14033
253857917908398 11410
253862917955296 10984
253867918019634 17068
253872918114799 10884
253877918214061 10261
253882918306746 16094
253887918399764 11091
253892918499564 10964
253897918576408 14348
253902918671710 14109
253907918784434 10186
253912918884161 12063
253917918967862 14624
253922919061389 8915
253927919132385 12729
253932919276231 11359
253937919400503 6927
253942919498161 15911
253947919609287 7680
