85693464123886 1781
85698464283598 1694
85703464425281 1719
85708464547945 1709
85713464666438 1673
85718464793340 1668
85723464954964 1640
85728465125532 1363
85733465307599 1606
85738465428232 1621
85743465558370 1598
85748465698042 1600
85753465850189 1644
85758465973653 1312
85763466127757 1599
85768466258886 1616
85773466406691 1583
85778466544976 1571
85783466666926 1589
85788466776845 1327
85793466913239 1575
85798467032652 1612
85803467150932 1574
85808467290125 1565
85813467407232 1597
85818467542288 1389
85823467665960 1584
85828467788847 1596
85833467906874 1578
85838468040885 1578
85843468189293 1589
85848468317997 1308
85853468454555 1586
85858468619359 1616
85863468748196 1591
85868468859013 1558
85873469012535 1623
85878469124040 1292
85883469225469 1579
85888469370114 1595
85893469489327 1558
85898469642586 1574
85903469798549 1598
85908469931598 1280
85913470037061 1563
85918470141056 1583
85923471202449 1561
85928471304864 1560
85933471404795 1590
85938471504142 1311
85943471601684 1542
85948471712064 1573
85953471808175 1546
85958471903114 1556
85963471997789 1555
85968472102036 1135
85973472203868 1573
85978472306388 1549
85983472408329 1529
85988472526337 1549
85993472627887 1559
85998472730164 1187
86003472827775 1516
86008472921817 1529
86013473016563 1492
86018473112669 1524
86023473224658 1535
86028473323469 1184
86033473422756 1533
86038473521224 1518
86043473621903 1450
86048473745430 1510
86053473885500 1486
86058473990871 1076
86063474091803 1505
86068474195077 1458
86073474293335 1479
86078474392735 1488
86083474489040 1430
86088474585227 1163
86093474720945 1466
86098474825548 1446
86103474925579 1503
86108475019640 1058
86113475142394 1386
86118475266925 525
86123475379047 0
86128475538137 0
86133475678559 0
86138475809067 336
86143475929754 707
86148476051506 458
86153476181791 0
86158476325131 0
86163476451607 0
86168476628925 0
86173476765101 0
86178476891242 0
86183477138271 83
86188477273294 326
86193477416401 343
86198477549589 756
86203477710045 629
86208477867994 594
86213478042175 0
86218478179791 0
86223478333107 0
86228478459644 0
86233478615430 0
86238478750212 7
86243478936756 0
86248479061063 3
86253479226267 149
86258479317170 253
86263479420718 1464
86268479518897 1415
86273479656938 1139
86278479788753 0
86283479885242 0
86288480016667 1
86293480153555 1148
86298480290563 1432
86303480403585 1173
86308480503866 1301
86313480602063 1489
86318480721381 1466
86323480856678 1431
86328480952350 1470
86333481097058 1107
86338481192909 849
86343481301992 1297
86348481405785 1486
86353481501367 1457
86358481598381 1414
86363481738540 1275
86368481837327 1330
86373481934573 1471
86378482033833 1498
86383482155459 1461
86388482288172 1487
86393482421199 1354
86398482518390 1127
86403482611813 1508
86408482711149 1470
86413482820972 1484
86418482930423 1515
86423483075346 1337
86428483191979 1018
86433483294631 1471
86438483392232 1452
86443483489744 1497
86448483587144 1463
86453483729722 1415
86458483832862 977
86463483929489 1490
86468484055386 1539
86473484161183 1510
86478484263803 1445
86483484363494 1523
86488484461625 1040
86493484554485 1497
86498484646249 1480
86503484745623 1465
86508484840222 1501
86513484931414 1554
86518485036383 871
86523485133990 1551
86528485276601 1486
86533485383279 1510
86538485480229 1485
86543485593280 1470
86548485689991 846
86553485787209 1507
86558485884604 1504
86563485983899 1550
86568486081965 1505
86573486177995 1508
86578486279864 744
86583486377726 1526
86588486485000 1552
86593486587367 1615
86598486682660 1501
86603486778592 1556
86608486874959 809
86613486974404 1552
86618487071850 1536
86623487171653 1507
86628487268856 1551
86633487352590 1555
86638487446792 795
86643487545674 1408
86648487651285 1515
86653487769538 1445
86658487866971 1432
86663487964300 1430
86668488020565 849
86673488114240 1514
86678488206631 1520
86683488299265 1527
86688488409247 1505
86693488515851 1519
86698488615032 684
86703488702564 1527
86708488831021 1292
86713488928202 1158
86718489032740 988
86723489144739 1096
86728489294370 278
86733489473737 0
86738489688097 0
86743489953707 0
86748490135785 1
86753490297662 0
86758490470353 0
86763490598678 477
86768490711171 702
86773490837491 733
86778490967986 628
86783491066035 680
86788491234047 237
86793491402277 0
86798491552360 0
86803491708004 0
86808491863527 0
86813492023418 0
86818492147518 0
86823492297138 0
86828492456693 0
86833492593866 118
86838492702663 694
86843492796304 615
86848492972118 123
86853493142978 0
86858493280238 0
86863493428569 0
86868493574537 0
86873493718272 0
86878493869791 0
86883494000923 0
86888494135334 21
86893494293221 0
86898494451864 0
86903494581657 254
86908494766161 275
86913494918205 0
86918495040124 0
86923495177834 0
86928495332124 0
86933495486211 1
86938495620115 16
86943495753045 0
86948495872415 43
86953496028708 441
86958496167685 633
86963496296430 834
86968496464950 271
86973496626439 0
86978496777103 0
86983496930073 0
86988497063803 0
86993497216839 0
86998497356416 1
87003497512585 0
87008497615581 65
87013497773243 0
87018497883165 39
87023497970839 317
87028498078955 320
87033498226636 0
87038498358769 0
87043498523294 0
87048498618054 0
87053498763163 0
87058498892503 0
87063499018164 0
87068499146875 793
87073499259112 797
87078499374766 844
87083499471748 1175
87088499600530 690
87093499774945 0
87098499906755 0
87103500098872 0
87108500232127 0
87113500387259 0
87118500524167 8
87123500694487 0
87128500834797 2
87133500985035 0
87138501074772 449
87143501208324 1438
87148501323963 1438
87153501422599 1517
87158501553350 1160
87163501681637 4
87168501811748 58
87173501916423 130
87178502015347 1254
87183502112219 1533
87188502250303 1118
87193502360503 72
87198502479599 810
87203502572492 1543
87208502666688 1481
87213502764990 1552
87218502916101 1205
87223503028893 306
87228503130023 840
87233503255758 1527
87238503353077 1508
87243503451000 1520
87248503550403 1326
87253503682820 127
87258503787734 1082
87263503888164 1605
87268503992195 1520
87273504100917 1502
87278504229148 1499
87283504365143 189
87288504460197 1356
87293504572115 1469
87298504670830 1545
87303504768459 1521
87308504880063 1466
87313505038263 6
87318505165344 73
87323505260911 1389
87328505360865 1528
87333505457558 1502
87338505554036 1538
87343505691168 99
87348505785205 421
87353505877461 1528
87358505971944 1527
87363506064520 1475
87368506171496 1548
87373506272303 163
87378506365241 306
87383506465632 1344
87388506568730 1486
87393506676916 1519
87398506769878 1532
87403506871456 396
87408506967765 564
87413507083637 1554
87418507183396 1521
87423507299608 1472
87428507407699 1541
87433507545654 257
87438507645703 300
87443507741743 1290
87448507845953 1498
87453507953840 1532
87458508071745 1544
87463508173396 384
87468508270273 753
87473508365889 1536
87478508478796 1526
87483508572786 1509
87488508686383 1533
