93291369716573 2056
93296369919389 1983
93301370046702 2023
93306370164318 2007
93311370284854 1943
93316370425578 1994
93321370549260 1929
93326370693107 1889
93331370815228 1857
93336370978323 1909
93341371147359 1870
93346371258364 1837
93351371407541 1880
93356371550088 1872
93361371700125 1848
93366371856571 1852
93371371985567 1910
93376372164439 1856
93381372297293 1855
93386372460044 1924
93391372621677 1912
93396372757452 1865
93401372893224 1884
93406373032104 1917
93411373148308 1851
93416373274015 1824
93421373420866 1902
93426373545938 1914
93431373673348 1857
93436373789405 1844
93441373900331 1875
93446374045450 1852
93451374183743 1827
93456374322639 1908
93461374461683 1869
93466374563165 1851
93471374669142 1906
93476374800161 1935
93481374976086 1878
93486375083609 1875
93491375241059 1890
93496375414233 1847
93501375557925 1828
93506376682636 1871
93511376849929 1887
93516376981618 1842
93521377141645 1855
93526377285664 1931
93531377448618 1872
93536377588369 1839
93541377731744 1855
93546377861136 1897
93551377975889 1848
93556378079007 1826
93561378214403 1898
93566378355870 1871
93571378527132 1865
93576378640539 1867
93581378762949 1884
93586378916194 1857
93591379070934 1826
93596379222269 1906
93601379327376 1867
93606379456190 1843
93611379623022 1882
93616379789169 1878
93621379957414 1857
93626380192406 1812
93631380371724 1873
93636380485881 1871
93641380592305 1879
93646380690022 1850
93651380844856 1866
93656381016825 1838
93661381155186 1813
93666381327257 1838
93671381493655 1768
93676381632947 1783
93681381754205 1774
93686381893502 1762
93691382039995 1734
93696382190499 1780
93701382344492 1749
93706382508820 1724
93711382654225 1783
93716382801660 1782
93721382923000 1750
93726383083744 1776
93731383230143 1789
93736383346246 1750
93741383479083 1791
93746383666443 1804
93751383939679 1773
93756384045729 1748
93761384201473 1831
93766384391238 1783
93771384538992 1711
93776384794657 1821
93781384940703 1778
93786385151307 1709
93791385455858 1785
93796385752681 1759
93801385869733 1733
93806386022768 1786
93811386172311 1829
93816386352454 1765
93821386473487 1775
93826386592219 1792
93831386710311 1746
93836387013162 1760
93841387160585 1789
93846387352916 1727
93851387613555 1748
93856387724947 1777
93861387872736 1770
93866388053033 1760
93871388230958 1806
93876388343471 1803
93881388467442 1755
93886388595910 1815
93891388843221 1774
93896388962884 1721
93901389097376 1802
93906389226056 1795
93911389330619 1726
93916389451153 1856
93921389554441 1779
93926389678569 1742
93931389803222 1782
93936389908997 1805
93941390037398 1749
93946390138059 1777
93951390231810 1807
93956390332751 1737
93961390438153 1762
93966390535638 1780
93971390624636 1772
93976390716551 1763
93981390809208 1789
93986390926350 1778
93991391018481 1739
93996391109286 1823
94001391199024 1787
94006391289829 1758
94011391383974 1832
94016391474617 1869
94021391575916 1749
94026391676071 1784
94031391810757 1784
94036391934873 1770
94041392058197 1796
94046392164584 1819
94051392268110 1818
94056392375318 1799
94061392479147 1953
94066392584393 1813
94071392706881 1811
94076392830758 1872
94081392934503 1839
94086393034531 1807
94091393156554 1814
94096393262015 1840
94101393390542 1825
94106393499990 1803
94111393609604 1855
94116393725403 1833
94121393851801 1848
94126393946779 1831
94131394038155 1840
94136394149547 1821
94141394242793 1792
94146394354496 1828
94151394448337 1819
94156394539568 1797
94161394634011 1842
94166394726510 1818
94171394835804 1772
94176394935274 1832
94181395033651 1862
94186395130401 1827
94191395224104 1815
94196395317965 1868
94201395409554 1794
94206395515716 1799
94211395606704 1848
94216395712287 1811
94221395811464 1776
94226395915472 1830
94231396050022 1828
94236396153240 1811
94241396259581 1805
94246396357644 1842
94251396449916 1815
94256396540287 1783
94261396648540 1857
94266396743328 1853
94271396837314 1775
94276396935526 1815
94281397038803 1824
94286397166299 1796
94291397277064 1812
94296397379338 1843
94301397473726 1802
94306397576512 1785
94311397678174 1844
94316397784734 1792
94321397893600 1770
94326398003615 1840
94331398110422 1821
94336398215495 1779
94341398327216 1821
94346398427997 1809
94351398520970 1800
94356398623356 1794
94361398739270 1835
94366398837795 1820
94371398931612 1782
94376399043068 1835
94381399140279 1822
94386399232595 1771
94391399327681 1824
94396399423830 1836
94401399537409 1805
94406399629250 1795
94411399722805 1840
94416399812430 1832
94421399947167 1781
94426400054330 1860
94431400162295 1825
94436400270090 1761
94441400394691 1844
94446400499829 1823
94451400606276 1797
94456400707604 1826
94461400812249 1849
94466400939948 1815
94471401046401 1804
94476401150494 1842
94481401255079 1818
94486401374572 1795
94491401474486 1859
94496401580523 1836
94501401681742 1764
94506401778581 1848
94511401873123 1832
94516401965279 1801
94521402060430 1828
94526402155134 1839
94531402249239 1801
94536402344806 1763
94541402439758 1860
94546402535915 1849
94551402629752 1804
94556402733808 1822
94561402840552 1831
94566402968171 1801
94571403081463 1821
94576403182705 1838
94581403297988 1784
94586403403092 1767
94591403535808 1822
94596403642409 1811
94601403744764 1777
94606403873283 1855
94611403980398 1827
94616404099184 1805
94621404196382 1806
94626404291981 1851
94631404401370 1823
94636404531414 1788
94641404633438 1841
94646404737387 1809
94651404845115 1784
94656404954096 1852
94661405062730 1825
94666405169619 1795
94671405274599 1832
94676405378808 1831
94681405478002 1817
94686405567687 1791
94691405685938 1818
94696405783270 1810
94701405877610 1782
94706405980454 1865
94711406101104 1859
94716406217594 1777
94721406331738 1809
94726406443305 1834
94731406542951 1799
94736406641593 1816
94741406734862 1826
94746406829311 1791
94751406947764 1798
94756407060921 1823
94761407169346 1802
94766407269752 1802
94771407368813 1847
94776407481151 1821
94781407586765 1811
94786407702063 1820
94791407813670 1889
94796407909644 1776
94801408025115 1781
94806408147291 1860
94811408263603 1794
94816408376944 1780
94821408488708 1809
94826408582660 1798
94831408673633 1786
94836408780070 1843
94841408871570 1843
94846408980831 1791
94851409073510 1815
94856409194051 1928
94861409288668 1801
94866409389124 1763
94871409495246 1804
94876409611769 1809
94881409703568 1789
94886409795061 1809
94891409887041 1836
94896409996012 1809
94901410086235 1789
94906410176790 1865
94911410285663 1816
94916410393377 1801
94921410483374 1873
94926410572683 1852
94931410668040 1802
94936410776928 1858
94941410879665 1866
94946410983158 1799
94951411091919 1807
94956411198188 1852
94961411327582 1846
94966411426104 1800
94971411519401 1815
94976411610031 1853
94981411709169 1792
94986411850554 1857
94991411979118 1819
94996412096579 1843
95001412198245 1819
95006412299843 1879
95011412407443 1828
95016412515336 1709
95021412610388 1856
95026412699700 1838
95031412788840 1820
95036412881924 1842
95041412972502 1857
95046413063416 1851
95051413156075 1817
95056413247456 1872
95061413336399 1843
95066413426618 1803
95071413511931 1865
95076413608471 1844
95081413703869 1832
95086413820588 1793
