87523556769623 15
87528556953920 29
87533557120804 39
87538557286478 51
87543557421927 62
87548557582875 66
87553557733124 75
87558557891241 81
87563558050238 84
87568558176898 90
87573558336106 95
87578558495416 105
87583558656880 116
87588558808958 116
87593558970693 123
87598559133432 131
87603559267349 136
87608559462372 148
87613559630449 149
87618559793554 153
87623559957981 160
87628560116087 169
87633560285741 170
87638560446515 178
87643560616437 184
87648560761370 186
87653560932899 190
87658561103731 197
87663561274893 200
87668561438851 206
87673561600974 202
87678561735262 220
87683561914899 216
87688562088788 224
87693562264605 225
87698562444979 227
87703562623213 229
87708562784316 232
87713562962202 232
87718563136813 252
87723563267157 246
87728563440391 245
87733563611538 252
87738563781559 254
87743563923946 255
87748564090237 262
87753564258655 271
87758564434519 273
87763564600480 266
87768564759410 265
87773564930440 274
87778565091922 280
87783565249054 274
87788565421535 279
87793565556225 288
87798565721962 286
87803565893726 286
87808566063803 295
87813566223297 297
87818566392426 290
87823566529241 306
87828566701968 306
87833566874956 300
87838567046804 294
87843567183411 304
87848567349017 319
87853567521390 317
87858567684388 312
87863567843848 318
87868568017021 319
87873568180680 320
87878568361913 325
87883568541894 324
87888568717950 325
87893568888241 332
87898569054876 324
87903569206996 334
87908569374167 335
87913569542759 337
87918569708232 332
87923569875342 332
87928570042966 347
87933570206968 340
87938570377551 362
87943570557988 337
87948570727905 355
87953570902998 347
87958571075403 353
87963571232215 346
87968571400395 348
87973571534140 350
87978571694995 355
87983571863880 369
87988572046500 358
87993572207902 361
87998572385890 365
88003572563741 364
88008572704876 367
88013572867061 356
88018573041606 378
88023573182779 369
88028573350593 368
88033573513812 381
88038573686553 376
88043573848738 377
88048574013897 382
88053574187164 381
88058574358661 384
88063574542754 385
88068574684981 380
88073574857996 402
88078575017381 383
88083575166393 392
88088575328658 400
88093575493427 391
88098575666751 399
88103575829624 389
88108576016950 422
88113576182329 402
88118576352683 410
88123576525640 406
88128576697656 410
88133576869263 409
88138577030937 425
88143577167086 409
88148577306631 405
88153577486539 417
88158577635354 441
88163577805932 444
88168577967445 424
88173578141878 422
88178578307194 439
88183578476423 412
88188578656859 435
88193578799869 428
88198578940625 450
88203579082251 435
88208579241362 446
88213579377575 451
88218579553221 433
88223579653526 440
88228579855408 445
88233580036426 456
88238580217271 430
88243580418175 451
88248580611916 454
88253580768369 456
88258580949428 454
88263581097973 475
88268581258375 453
88273581423865 472
88278581587914 469
88283581760956 479
88288581928698 476
88293582107703 490
88298582280939 482
88303582465665 485
88308582644642 494
88313582817330 507
88318582990772 508
88323583133809 503
88328583307294 512
88333583472402 497
88338583647176 486
88343583825165 502
88348583998453 507
88353584174893 504
88358584335638 547
88363584509666 518
88368584694227 522
88373584869071 505
88378585029514 526
88383585165620 524
88388585339632 524
88393585507316 523
88398585688289 536
88403585864941 563
88408585993924 568
88413586161629 560
88418586295431 582
88423586466121 564
88428586633114 575
88433586806514 575
88438586982460 583
88443587127075 601
88448587294812 576
88453587467526 589
88458587642996 578
88463587818464 621
88468587989989 571
88473588167219 611
88478588332470 610
88483588528727 602
88488588705690 619
88493588880878 613
88498589020087 604
88503589150628 638
88508589322591 626
88513589496544 650
88518589672123 629
88523589810699 660
88528589949259 631
88533590119503 662
88538590287900 649
88543590435138 642
88548590614105 679
88553590750108 661
88558590903260 659
88563591035100 663
88568591194693 688
88573591357949 727
88578591522735 705
88583591655450 684
88588591818363 687
88593592025534 717
88598592174133 729
88603592333868 724
88608592517416 729
88613592696365 744
88618592875267 739
88623593026744 735
88628593206985 757
88633593396622 761
88638593555220 765
88643593725571 741
88648593914934 782
88653594105750 782
88658594281354 798
88663594467014 793
88668594633528 811
88673594792274 829
88678594981006 808
88683595133215 829
88688595319966 849
88693595509980 841
88698595689338 857
88703595861564 826
88708596050025 917
88713596230679 866
88718596385923 860
88723596535390 886
88728596700771 873
88733596856333 930
88738597019015 952
88743597193244 931
88748597339193 955
88753597482435 950
88758597635990 940
88763597754807 930
88768597892512 993
88773598053983 989
88778598179504 1006
88783598324921 1012
88788598468569 1024
88793598631600 992
88798598793012 1074
88803598899093 1026
88808599063119 1037
88813599201957 1147
88818599338362 1155
88823599513064 1084
88828599687555 1092
88833599851181 1118
88838600024969 1142
88843600173574 1171
88848600316794 1185
88853600462066 1205
88858600638422 1202
88863600779621 1182
88868600912358 1268
88873601069870 1297
88878601233150 1275
88883601405802 1269
88888601576256 1319
88893601745657 1259
88898601909050 1396
88903602083164 1449
88908602250627 1435
88913602382176 1355
88918602569583 1482
88923602750773 1497
88928602911750 1538
88933603073982 1478
88938603257908 1526
88943603426862 1522
88948603559038 1633
88953603716372 1656
88958603877806 1608
88963604060184 1721
88968604174611 1714
88973604353605 1718
88978604549807 1727
88983604683647 1781
88988604802402 1905
88993604948704 1766
88998605104163 1930
89003605222344 1979
89008605327904 1981
89013605471662 1931
89018605564933 2132
89023605762071 2108
89028605907035 2056
89033606080668 2188
89038606221400 2044
89043606341020 2365
89048606458892 2280
89053606584741 2444
89058606688034 2424
89063606840497 2621
89068606963263 2443
89073607122041 2589
89078607248855 2772
89083607433834 2826
89088607593481 2795
89093607748345 2942
89098607857577 3016
89103607992556 3066
89108608138751 3105
89113608249495 3310
89118608378091 3468
89123608483868 3631
89128608580198 3611
89133608690658 3908
89138608782685 4116
89143608897493 4322
89148609010663 4446
89153609104806 4335
89158609218596 4475
89163609314313 5027
89168609436469 4710
89173609554949 5338
89178609685868 5738
89183609811707 6053
89188609906414 6201
89193610004483 6958
89198610115675 7265
89203610212305 7837
89208610311477 7998
89213610438782 8058
89218610539203 8874
89223610632287 10076
89228610735929 9749
89233610847040 10758
89238610938943 11660
89243611033911 12308
89248611149250 12888
89253611260607 12956
89258611349611 13631
89263611452059 13614
89268611546509 14013
89273611648558 14150
89278611742623 14313
89283611847159 14403
89288611959764 14498
89293612054679 14420
89298612145326 14348
89303612237921 14436
89308612336171 14597
89313612432986 14297
89318612557981 14318
