95105757274654 394
95110757447388 1345
95115757606571 12110
95120757744780 18375
95125757901410 18475
95130758067497 18460
95135758211663 18654
95140758350907 18808
95145758493962 18831
95150758584868 18335
95155758682063 18844
95160758776456 18729
95165758891241 18799
95170758990663 18770
95175759112522 19012
95180759213750 18839
95185759301906 18879
95190759394597 19027
95195759547686 18616
95200759635871 19014
95205759755506 18749
95210759866201 18818
95215759961764 19198
95220760052295 18918
95225760140363 18597
95230760240072 18723
95235760338480 18609
95240760434725 18902
95245760547504 18868
95250760632792 18871
95255760739924 18934
95260760830221 18799
95265760930438 18820
95270761024612 18667
95275761153925 18935
95280761242412 18845
95285761343587 19016
95290761430679 18783
95295761531171 18864
95300761618200 18903
95305761723461 19079
95310761812196 18972
95315761917459 18727
95320762029735 18740
95325762196317 18704
95330762299032 18751
95335762389549 18708
95340762478926 18883
95345762607389 18829
95350762711375 19064
95355762828432 18992
95360762923048 18933
95365763058581 18948
95370763169870 18644
95375763285483 18868
95380763414980 18492
95385763508447 18629
95390763597178 18585
95395763740332 18556
95400763865469 18845
95405764022069 18637
95410764130595 18726
95415764258642 18545
95420764371452 18719
95425764468424 18394
95430764572513 18354
95435764675465 18720
95440764772223 18641
95445764889059 18758
95450764979897 18492
95455765096316 18281
95460765185822 18678
95465765304502 18765
95470765411368 18522
95475765506586 18696
95480765597333 18920
95485765720530 18545
95490765811456 18478
95495765905903 18235
95500766024020 18282
95505766134372 18321
95510766273028 18393
95515766368953 18255
95520766501935 18085
95525766598874 18341
95530766717387 18297
95535766814536 18424
95540766913936 18161
95545767006873 18057
95550767095051 18051
95555767191305 18261
95560767312649 17985
95565767402832 17943
95570767507989 18334
95575767616767 17885
95580767725091 17980
95585767815097 17811
95590767930180 18047
95595768038682 18175
95600768142091 17960
95605768255952 18173
95610768378736 18038
95615768472913 18051
95620768559789 17958
95625768656951 18247
95630768803131 18107
95635768932484 18241
95640769028652 18201
95645769124386 18393
95650769229115 18153
95655769352794 17969
95660769460972 18389
95665769572630 18428
95670769717059 18228
95675769856723 18217
95680769945585 18593
95685770053131 18527
95690770149861 18292
95695770251721 18471
95700770358487 18450
95705770524542 18351
95710770644607 18515
95715770732752 18612
95720770849317 18402
95725770970613 18559
95730771085904 18282
95735771184355 18407
95740771286076 18503
95745771413718 18344
95750771523488 18506
95755771630667 18490
95760771738642 18363
95765771832841 18680
95770771957716 18314
95775772055245 18200
95780772147833 18425
95785772241932 18134
95790772337736 18673
95795772467050 18546
95800772564849 18796
95805772660702 18508
95810772758444 18266
95815772845097 18507
95820772946408 18411
95825773056844 18525
95830773159237 18211
95835773273884 18514
95840773359414 18540
95845773448075 18464
95850773564946 18521
95855773674242 18447
95860773784713 18344
95865773902375 18425
95870773990206 18778
95875774077523 18181
95880774176042 18486
95885774282929 18461
95890774394942 18244
95895774491140 18533
95900774585862 18239
95905774683818 18499
95910774784186 18603
95915774901616 18780
95920774995947 18439
95925775097314 18789
95930775192613 18639
95935775275562 18463
95940775366009 18349
95945775496473 18480
95950775599860 18625
95955775731967 18914
95960775850086 18336
95965775965361 18745
95970776112852 18260
95975776206205 18350
95980776294652 18412
95985776416824 18438
95990776509486 18456
95995776642289 18822
96000776727543 18664
96005776853434 18469
96010776941429 18447
96015777043283 18378
96020777129571 18324
96025777229361 18227
96030777316252 18550
96035777434890 18326
96040777535595 18385
96045777676710 18561
96050777773640 18258
96055777897242 18571
96060777979777 18566
96065778093218 18481
96070778199504 18603
96075778285061 18282
96080778408023 18438
96085778539922 18330
96090778629168 18196
96095778770178 18327
96100778860944 18268
96105778978644 18212
96110779117456 18192
96115779263136 18429
96120779359315 18429
96125779483964 18494
96130779586769 18848
96135779672346 18641
96140779774293 18660
96145779882419 18346
96150780015798 18485
96155780107628 18371
96160780199694 18277
96165780326974 18326
96170780432563 18321
96175780561495 18067
96180780650720 18143
96185780745645 18270
96190780849544 18452
96195780950346 18550
96200781042316 18481
96205781159250 18560
96210781262458 18794
96215781341688 18510
96220781429030 18445
96225781525040 18553
96230781612792 18562
96235781716584 18488
96240781820772 18298
96245781907021 18626
96250782010706 18430
96255782093455 18670
96260782200113 18176
96265782306345 18322
96270782402709 18459
96275782497588 18316
96280782583097 18355
96285782686779 18613
96290782777905 18146
96295782870516 18797
96300782977441 18920
96305783068003 18457
96310783197605 18418
96315783292143 18434
96320783381883 18602
96325783480999 18398
96330783582091 18629
96335783677018 18210
96340783760941 18484
96345783843257 18494
96350783949383 18540
96355784042265 18618
96360784139557 18551
96365784225923 18505
96370784309991 18448
96375784400426 18634
96380784486904 18360
96385784613901 18351
96390784713492 18867
96395784821229 18448
96400784910733 18325
96405785044410 18326
96410785163944 18388
96415785265916 18270
96420785369849 18576
96425785476626 18560
96430785565151 18308
96435785653360 18295
96440785756327 18100
96445785921819 18603
96450786020142 18564
96455786140311 18292
96460786237837 18619
96465786362810 18510
96470786481457 18638
96475786614596 18776
96480786703310 18605
96485786852694 18783
96490786965556 18422
96495787095508 18413
96500787198688 18381
96505787289820 18268
96510787401348 18542
96515787509382 18516
96520787597394 18402
96525787683264 18438
96530787782157 18607
96535787874776 18274
96540787963596 18925
96545788112848 18578
96550788221787 18619
96555788349936 18489
96560788447220 18561
96565788548787 18520
96570788640900 18430
96575788758202 18625
96580788847761 18519
96585788949046 18122
96590789046204 18451
96595789175943 18394
96600789265077 18265
96605789423708 18261
96610789552192 18500
96615789654052 18293
96620789749525 18683
96625789846977 18510
96630789992962 18213
96635790084391 18494
96640790180316 18267
96645790275674 18519
96650790362127 18753
96655790466660 18394
96660790552510 18376
96665790651694 18384
96670790796058 18439
96675790894183 18491
96680790983071 18533
96685791066224 18681
96690791151330 18375
96695791253091 18519
96700791346718 18414
96705791435168 18438
96710791581232 18189
96715791682012 18571
96720791821940 18726
96725791915207 18435
96730792030359 18662
96735792123404 18579
96740792233652 18611
96745792320370 18587
96750792417515 18010
96755792521931 18444
96760792609605 18472
96765792693206 18447
96770792790801 18474
96775792897374 18310
96780793010901 18765
96785793105175 18506
96790793209935 18335
96795793313412 18703
96800793404315 18481
96805793519488 18147
96810793648979 18296
96815793738026 18344
96820793831945 18578
96825793922097 18431
96830794005566 18469
96835794089445 18133
96840794169551 18544
96845794312947 18075
96850794419905 18336
96855794521085 18136
96860794648767 18502
96865794742733 18294
96870794844065 18469
96875794987105 18551
96880795080343 18523
96885795258006 18652
96890795353966 18478
96895795460463 18837
96900795552321 18584
