8109706972182 2312
8114707172330 4674
8119707342046 5198
8124707454148 5429
8129707586605 5443
8134707746789 5506
8139707892963 5405
8144708015106 5456
8149708148246 5544
8154708273806 5499
8159708403902 5578
8164708516850 5561
8169708661735 5414
8174708785943 5507
8179708901432 5666
8184709018543 5604
8189709148076 5619
8194709250035 5848
8199709374766 5772
8204709466980 5575
8209709585208 5758
8214709685817 5759
8219709788642 5778
8224709929294 5833
8229710038353 5610
8234710145241 5729
8239710264121 5619
8244710363106 5715
8249710475728 5831
8254710614272 5672
8259710712739 5732
8264710823255 5827
8269710930731 5639
8274711027970 5738
8279711140448 5675
8284711242543 5648
8289711352310 5617
8294711486151 5654
8299711609452 5666
8304711724805 5612
8309711828108 5810
8314711934875 5686
8319712026436 5672
8324712131806 5647
8329712239508 5736
8334712339504 5673
8339712441204 5778
8344712567381 5653
8349712672842 5595
8354712772110 5677
8359712872955 5622
8364712984692 5692
8369713087325 5677
8374713187195 5686
8379713320057 5661
8384713423336 5747
8389713530772 5696
8394713660627 5616
8399713780081 5547
8404713866363 5698
8409713978003 5688
8414714096799 5536
8419714222718 5669
8424714327908 5779
8429714424806 5641
8434714540337 5539
8439714640875 5527
8444714772681 5563
8449714888376 5495
8454714991515 5683
8459715095076 5713
8464715197273 5725
8469715300802 5619
8474715402701 5685
8479715508455 5611
8484715610066 5653
8489715738250 5590
8494715838033 5581
8499715936135 5598
8504716063789 5678
8509716165205 5663
8514716266215 5589
8519716399108 5536
8524716532426 5646
8529716641666 5517
8534716776761 5579
8539716877915 5615
8544716978058 5706
8549717093641 5659
8554717195333 5675
8559717300963 5640
8564717406353 5543
8569717532593 5684
8574717638367 5701
8579717736027 5656
8584717837285 5677
8589717976188 5549
8594718098164 5730
8599718215402 5623
8604718324712 5609
8609718429973 5656
8614718529214 5572
8619718647400 5614
8624718753609 5579
8629718853437 5620
8634718961020 5626
8639719065915 5591
8644719179504 5667
8649719282623 5572
8654719379581 5609
8659719497337 5556
8664719594237 5690
8669719693032 5630
8674719789469 5728
8679719887327 5659
8684720028691 5620
8689720150720 5639
8694720250513 5592
8699720382097 5573
8704720486924 5662
8709720592755 5456
8714720711454 5591
8719720816034 5646
8724720914675 5539
8729721039750 5489
8734721138837 5487
8739721265191 5509
8744721367245 5460
8749721514622 5393
8754721639544 5281
8759721761466 5096
8764721893908 5426
8769722025786 5340
8774722150557 5318
8779722259509 5384
8784722388171 5428
8789722509313 5308
8794722595312 5220
8799722725519 5450
8804722836932 5535
8809722933744 5584
8814723066378 5426
8819723186591 5587
8824723313212 5645
8829723430204 5463
8834723540331 5560
8839723652714 5598
8844723769546 5601
8849723881635 5598
8854723994303 5551
8859724138346 5548
8864724253564 5615
8869724346223 5649
8874724475749 5554
8879724583770 5619
8884724696264 5465
8889724830801 5507
8894724952951 5536
8899725086396 5482
8904725198527 5597
8909725314137 5507
8914725435884 5487
8919725556037 5591
8924725687177 5577
8929725786754 5476
8934725899519 5449
8939726023777 5514
8944726136860 5512
8949726219688 5530
8954726307285 5449
8959726461620 5436
8964726559854 5531
8969726677151 5388
8974726811825 5470
8979726941287 5428
8984727064917 5477
8989727176197 5584
8994727312533 5450
8999727429974 5409
9004727548275 5554
9009727674708 5513
9014727797330 5442
9019727910525 5570
9024728042977 5526
9029728150485 5581
9034728279262 5525
9039728396130 5574
9044728512922 5500
9049728632801 5508
9054728769663 5561
9059728901963 5560
9064729022737 5546
9069729112112 5499
9074729240685 5542
9079729363361 5526
9084729469324 5546
9089729593723 5580
9094729697390 5551
9099729788866 5623
9104729910535 5528
9109730036042 5501
9114730182688 5541
9119730315339 5535
9124730428383 5612
9129730552340 5480
9134730642273 5556
9139730766261 5598
9144730894170 5608
9149731018693 5561
9154731131197 5531
9159731246192 5557
9164731369142 5605
9169731493134 5591
9174731629057 5754
9179731780303 5716
9184731912109 5662
9189732030287 5716
9194732151896 5569
9199732265215 5643
9204732387990 5727
9209732499288 5731
9214732622122 5625
9219732716395 5696
9224732843563 5674
9229732951662 5758
9234733081892 5717
9239733206942 5695
9244733339713 5764
9249733460371 5806
9254733576376 5760
9259733707543 5760
9264733835560 5756
9269733976361 5775
9274734088509 5714
9279734209110 5800
9284734325442 5727
9289734440002 5693
9294734533630 5642
9299734656716 5738
9304734788299 5791
9309734912519 5710
9314735035593 5673
9319735131472 5747
9324735240485 5789
9329735387075 5767
9334735516374 5753
9339735626277 5707
9344735749736 5708
9349735866157 5684
9354735979804 5665
9359736116326 5663
9364736221454 5769
9369736316799 5705
9374736427093 5599
9379736510805 5654
9384736628153 5806
9389736727962 5833
9394736838514 5652
9399736974884 5714
9404737090644 5626
9409737213376 5738
9414737354804 5741
9419737479326 5747
9424737602604 5846
9429737710744 5779
9434737839178 5746
9439737958155 5735
9444738074550 5812
9449738189080 5808
9454738268570 5735
9459738376438 5714
9464738513478 5770
9469738598866 5752
9474738725419 5721
9479738862252 5723
9484739000414 5711
9489739147416 5762
9494739277319 5606
9499739395834 5643
9504739527995 5677
9509739652463 5711
9514739784167 5705
9519739917421 5751
9524740040006 5740
9529740169168 5751
9534740304712 5741
9539740444734 5774
9544740563473 5774
9549740681266 5628
9554740784533 5770
9559740878936 5808
9564741011056 5754
9569741142246 5787
9574741268401 5738
9579741398277 5713
9584741526113 5699
9589741646953 5808
9594741763845 5762
9599741884572 5645
9604742004383 5754
9609742134323 5806
9614742260248 5739
9619742406991 5715
9624742533446 5789
9629742654875 5709
9634742785212 5702
9639742908956 5753
9644743035052 5847
9649743154066 5741
9654743275896 5688
9659743430803 5682
9664743566785 5819
9669743658122 5757
9674743749026 5663
9679743887161 5755
9684744026385 5715
9689744163169 5693
9694744264450 5655
9699744342564 5688
9704744448310 5773
9709744577061 5809
9714744697292 5710
9719744812070 5663
9724744943246 5654
9729745069604 5677
9734745194204 5612
9739745312391 5774
9744745439813 5798
9749745567587 5849
9754745694530 5627
9759745802023 5783
9764745930257 5829
9769746055074 5759
9774746206786 5623
9779746326773 5632
9784746445986 5724
9789746554096 5725
9794746641497 5704
9799746720392 5671
9804746836012 5779
9809746949379 5741
9814747031061 5665
9819747145020 5669
9824747267061 5812
9829747388298 5847
9834747508650 5703
9839747621301 5683
9844747740607 5796
9849747836473 5680
9854747958953 5647
9859748063646 5676
9864748212184 5751
9869748326834 5759
9874748443668 5768
9879748570062 5723
9884748689014 5789
9889748805113 5777
9894748923780 5716
9899749052603 5776
9904749137423 5818
