16022967859067 4071
16027968060287 12620
16032968214545 22331
16037968303684 24949
16042968395872 25505
16047968487405 25556
16052968570810 25576
16057968669028 25798
16062968755343 25644
16067968871010 25979
16072968978305 25673
16077969064168 26035
16082969153779 26170
16087969230491 25978
16092969321720 26056
16097969411992 26034
16102969511126 25966
16107969597897 26068
16112969681278 26423
16117969794029 26396
16122969888983 26146
16127969978426 26340
16132970067340 26349
16137970201957 26286
16142970290512 26086
16147970391406 26326
16152970509371 26216
16157970593915 26213
16162970712002 26063
16167970800112 26395
16172970881685 26295
16177970969026 26061
16182971074459 26216
16187971162480 26129
16192971257694 26394
16197971346408 26297
16202971444927 26455
16207971530223 26416
16212971649850 26382
16217971735778 26470
16222971820282 26459
16227971952139 26339
16232972020910 25996
16237972118328 25922
16242972206800 26251
16247972295111 26101
16252972386759 26288
16257972478839 26611
16262972567260 26219
16267972659270 26307
16272972738877 26447
16277972820001 26440
16282972903295 26090
16287973041190 26197
16292973132548 26032
16297973222009 26278
16302973328191 26288
16307973400303 26449
16312973505531 26539
16317973609680 26228
16322973689203 26168
16327973786700 26414
16332973901978 26116
16337974010409 26240
16342974130694 26192
16347974221453 26674
16352974310891 26162
16357974397584 26028
16362974495171 26499
16367974576773 26505
16372974689103 26458
16377974778871 26061
16382974874210 26342
16387974957990 26018
16392975082755 26388
16397975204459 26116
16402975343589 26454
16407975451888 26344
16412975566155 26226
16417975647337 26556
16422975728917 26395
16427975835644 26573
16432975925241 26205
16437976047041 26613
16442976136804 26661
16447976263741 26723
16452976383071 26253
16457976493215 25983
16462976609506 26599
16467976719708 26826
16472976838239 26411
16477976928658 26390
16482977014606 26282
16487977110826 26445
16492977226584 26651
16497977346934 26106
16502977475688 26612
16507977572522 26318
16512977689500 26425
16517977778360 26503
16522977877282 26271
16527977971691 26216
16532978085741 26114
16537978195734 26504
16542978280341 26286
16547978398772 26161
16552978532962 26419
16557978615598 26330
16562978732765 26325
16567978855165 26167
16572978943747 26117
16577979049530 26118
16582979158368 26119
16587979261042 26674
16592979375360 26347
16597979491120 26649
16602979577741 26361
16607979666686 26355
16612979731758 26332
16617979823786 26286
16622979943550 26285
16627980016976 26539
16632980142111 26382
16637980223919 26510
16642980299231 26248
16647980383905 26436
16652980485645 26393
16657980583507 25936
16662980698616 25919
16667980804757 26457
16672980913902 26138
16677981000007 26183
16682981088490 26342
16687981186738 26372
16692981308269 26251
16697981400583 26403
16702981482597 26242
16707981573934 26412
16712981693661 26161
16717981785251 26332
16722981872043 26296
16727981965072 25971
16732982055999 25934
16737982160616 26609
16742982245846 26400
16747982332486 26397
16752982417527 26394
16757982519982 26204
16762982608153 26000
16767982731498 26221
16772982826069 26187
16777982917188 26399
16782982997044 26170
16787983082577 25905
16792983169791 26146
16797983245733 26342
16802983336491 26059
16807983425954 26267
16812983506914 26376
16817983581899 26555
16822983675679 26235
16827983796106 26088
16832983875674 26098
16837983969962 26199
16842984059392 26066
16847984164744 26314
16852984282790 26336
16857984376438 26151
16862984476074 26481
16867984553171 26288
16872984644664 26105
16877984760950 26370
16882984852410 26581
16887984958911 26455
16892985070990 26601
16897985160996 26339
16902985248197 26364
16907985352456 26488
16912985449506 26200
16917985539910 26462
16922985635481 26576
16927985748891 26133
16932985842622 26342
16937985977972 26065
16942986100963 26208
16947986189641 26258
16952986270077 26338
16957986352084 26231
16962986473142 26347
16967986556808 26451
16972986652689 26674
16977986739954 26358
16982986826265 26518
16987986919984 26060
16992987029654 26314
16997987130558 26219
17002987214230 26294
17007987325487 26333
17012987438417 26195
17017987526278 26126
17022987617212 26044
17027987744476 26196
17032987827823 26565
17037987951456 26408
17042988050721 26611
17047988141527 26725
17052988227499 26394
17057988304299 26071
17062988390243 26540
17067988491453 26211
17072988587445 26225
17077988682691 26195
17082988769828 26049
17087988850353 26261
17092988948375 26266
17097989034068 26064
17102989144510 26372
17107989232330 26194
17112989316363 26134
17117989417208 26235
17122989504558 26216
17127989590017 26626
17132989686718 26168
17137989798215 26540
17142989898561 26293
17147989987807 26642
17152990087574 26394
17157990203659 26339
17162990296770 26119
17167990391274 26301
17172990475923 26039
17177990560474 26041
17182990653136 26248
17187990752487 26397
17192990845336 26324
17197990958883 26314
17202991067123 26451
17207991161255 26211
17212991247776 26686
17217991353827 26287
17222991434060 26346
17227991533755 26229
17232991641406 26175
17237991728921 26549
17242991841174 26270
17247991930088 26256
17252992017113 26331
17257992118343 26353
17262992243480 26261
17267992319054 26145
17272992403350 26507
17277992495393 26161
17282992591336 26333
17287992682180 26197
17292992799943 26130
17297992910011 26625
17302993027592 26167
17307993106271 26190
17312993238248 26323
17317993321225 26203
17322993406528 26442
17327993529475 26236
17332993614866 26200
17337993700746 26611
17342993819142 26111
17347993898313 26149
17352993987406 26182
17357994070477 26047
17362994151898 26295
17367994234816 26145
17372994346490 26365
17377994423717 26540
17382994501010 26264
17387994611776 26437
17392994715455 26093
17397994793358 25969
17402994887561 26088
17407994968829 26119
17412995104356 26397
17417995192116 26112
17422995310822 25738
17427995416221 26249
17432995496809 26508
17437995610963 26523
17442995716324 26285
17447995802225 26494
17452995903576 26323
17457995998773 26539
17462996117282 26430
17467996232061 26274
17472996338492 26637
17477996421536 26610
17482996503733 26367
17487996582145 26562
17492996677557 26698
17497996761622 26246
17502996873186 26005
17507996958630 26375
17512997040768 26656
17517997124556 26131
17522997218559 26355
17527997310841 26420
17532997401542 26301
17537997476560 25958
17542997590122 26395
17547997689816 26447
17552997803589 26297
17557997912358 26281
17562998035624 26385
17567998141673 26351
17572998227074 25859
17577998316451 26125
17582998419394 26260
17587998506657 26529
17592998592705 26361
17597998669718 26317
17602998763327 26074
17607998846272 26244
17612998941061 26543
17617999030335 26197
17622999106630 26474
17627999185805 26520
17632999276638 26136
17637999363150 26445
17642999453705 26418
17647999547884 25989
17652999645232 26625
17657999729580 26586
17662999847749 26445
17667999978729 26352
17673000093545 26891
17678000186378 26200
17683000273525 26276
17688000361931 26204
17693000451461 25966
17698000553609 26647
17703000637294 26038
17708000728242 25925
17713000811699 25997
17718000888992 26159
17723000996158 26369
17728001081717 26358
17733001163686 26681
17738001251351 26352
17743001363734 26017
17748001440761 26233
17753001529962 26284
17758001618855 26491
17763001752670 26311
17768001839471 26192
17773001952354 26430
17778002047690 25976
17783002171056 26110
17788002283979 26336
17793002364896 26311
17798002475748 26542
17803002556429 25979
17808002649393 26131
17813002763129 26174
17818002872856 26064
