6262826966945 4812
6267827122793 4482
6272827263243 4450
6277827383201 4507
6282827523844 4361
6287827641889 4334
6292827765732 4203
6297827868483 3988
6302827981308 4278
6307828147649 4272
6312828261989 4428
6317828368605 4219
6322828508331 4230
6327828615456 4098
6332828728295 4257
6337828821352 4286
6342828921752 4307
6347829021716 4177
6352829130849 4147
6357829230888 4001
6362829337311 4190
6367829433454 4231
6372829534426 4075
6377829649539 4155
6382829762368 4053
6387829856547 3892
6392829960340 4141
6397830058437 4095
6402830154633 4013
6407830253875 3857
6412830364144 2683
6417830487785 1343
6422830604858 696
6427830724164 1044
6432830852495 1073
6437830951480 2367
6442831048270 3337
6447831171789 3516
6452831280369 3914
6457831383723 4062
6462831514523 3977
6467831626463 4052
6472831735689 4053
6477831862652 3912
6482832020614 3908
6487832128730 3989
6492832230397 3967
6497832325631 4004
6502832438816 3981
6507832567963 4004
6512832682577 4099
6517832784834 4067
6522832888078 4045
6527832994335 4055
6532833101737 4025
6537833207227 3959
6542833316576 3987
6547833416033 4326
6552833513264 4043
6557833631983 3955
6562833771452 4020
6567834802555 3966
6572834906618 3847
6577835023560 4037
6582835117351 4041
6587835230095 3782
6592835357250 2580
6597835457151 1624
6602835549754 1183
6607835671264 1164
6612835767907 1236
6617835863531 869
6622835970238 1095
6627836032337 1177
6632836122281 1133
6637836213654 1784
6642836315705 3220
6647836419525 3272
6652836519754 3918
6657836617334 3845
6662836715158 3801
6667836812548 3957
6672836912522 3956
6677837037281 3954
6682837157448 3879
6687837279341 4101
6692837383322 4029
6697837479926 4019
6702837582730 3898
6707837682784 3881
6712837782703 3986
6717837887491 4060
6722837981595 3805
6727838077740 4128
6732838184140 3959
6737838283145 3907
6742838405427 3922
6747838522163 3792
6752838618746 3795
6757838718558 3903
6762838823714 3909
6767838934121 4049
6772839026262 3956
6777839123158 3850
6782839226019 3726
6787839341993 3864
6792839452047 3949
6797839579905 3881
6802839684046 3915
6807839794552 4044
6812839885655 3902
6817839983549 4013
6822840098743 3891
6827840192800 3900
6832840287392 4012
6837840381731 4011
6842840476456 3675
6847840572803 4152
6852840668986 4033
6857840763705 3984
6862840869108 4058
6867840986968 3941
6872841102206 3838
6877841228189 4007
6882841363121 3953
6887841458795 3871
6892841549432 4213
6897841639733 4078
6902841753538 3828
6907841846577 3940
6912841956771 3974
6917842091835 3801
6922842198592 3816
6927842312495 4012
6932842402607 3619
6937842514411 4264
6942842607997 3877
6947842759158 3720
6952842861518 3897
6957842987923 3913
6962843095195 3680
6967843194108 3878
6972843293950 4054
6977843390776 3957
6982843496625 3816
6987843597563 3964
6992843708330 3781
6997843823993 4045
7002843934663 4070
7007844052496 3924
7012844153125 3883
7017844264590 3955
7022844360913 3707
7027844460114 3980
7032844575896 3953
7037844680067 3899
7042844778363 3891
7047844890462 3940
7052844988937 3730
7057845084290 4262
7062845177577 4002
7067845287558 3895
7072845384140 3988
7077845506566 3903
7082845608044 3863
7087845702591 4071
7092845824431 3906
7097845941325 4034
7102846044512 4100
7107846144128 3939
7112846246668 3903
7117846343711 3962
7122846439271 3924
7127846550615 3918
7132846674804 3985
7137846786484 4035
7142846917084 3808
7147847016278 4015
7152847144133 3891
7157847319681 3896
7162847431392 4265
7167847526028 3793
7172847665795 3697
7177847785546 4027
7182847885971 4041
7187848951617 3904
7192849047751 3920
7197849174926 3885
7202849277944 3568
7207849381440 4020
7212849468850 4069
7217849574620 4097
7222849678946 4167
7227849813690 3888
7232849906219 3814
7237850015832 3892
7242850131149 3802
7247850253854 3840
7252850351153 3938
7257850455008 4125
7262850554512 3749
7267850651302 4106
7272850757928 3945
7277850883500 4034
7282850999515 3879
7287851095873 3887
7292851188589 3701
7297851317257 4120
7302851425219 4064
7307851520656 4015
7312851640549 3978
7317851735429 4026
7322851830536 3725
7327851956883 4062
7332852053621 3764
7337852161864 3925
7342852280917 4187
7347852374161 3944
7352852468859 3754
7357852573899 4249
7362852674827 3707
7367852773865 3877
7372852879207 3799
7377853005984 3858
7382853108833 3755
7387853209392 3932
7392853305221 3952
7397853446399 3955
7402853539758 3810
7407853640837 3881
7412853779586 3478
7417853871003 4021
7422853960537 4011
7427854058102 3751
7432854159382 4026
7437854278433 3721
7442854374711 3610
7447854491184 3895
7452854586711 3861
7457854679760 4083
7462854777612 3747
7467854899672 3686
7472855008770 3511
7477855115456 3900
7482855217293 3753
7487855321341 3850
7492855426687 4019
7497855517584 4020
7502855641742 3476
7507855755557 3763
7512855871778 3702
7517855965484 3712
7522856069504 3724
7527856183636 4061
7532856275643 3676
7537856368654 3714
7542856476156 3817
7547856571681 3696
7552856684121 3698
7557856775355 3773
7562856892304 3891
7567856990187 4017
7572857122547 3886
7577857224410 3924
7582857313852 4080
7587857423347 3765
7592857517719 3513
7597857609120 4142
7602857698092 3954
7607857816674 3887
7612857927469 3756
7617858032811 3756
7622858138101 3424
7627858254068 3674
7632858355293 4220
7637858486684 3581
7642858610086 3677
7647858708993 3739
7652858804705 3757
7657858901641 3923
7662859024653 4039
7667859129981 3993
7672859243313 3747
7677859341345 3726
7682859453789 3286
7687859553733 3770
7692859667559 3802
7697859763836 4068
7702859864320 3670
7707859984420 3642
7712860096166 3425
7717860188602 3894
7722860280005 4059
7727860382714 3937
7732860502054 3828
7737860596502 3615
7742860706191 3525
7747860816789 3841
7752860916515 3678
7757861008599 3719
7762861122865 3941
7767861213345 3911
7772861321245 3495
7777861430377 3871
7782861540916 3694
7787861663484 3601
7792861775988 4188
7797861867934 3514
7802861980230 3391
7807862092365 3681
7812862234703 3690
7817862359814 3662
7822862451665 3997
7827862544935 3758
7832862659951 3402
7837862759673 3735
7842862885766 3604
7847862982326 3664
7852863077824 3961
7857863173220 3620
7862863306446 3387
7867863442720 3543
7872863567024 3523
7877863667543 3674
7882863791906 4044
7887863906263 3494
7892864020324 3237
7897864113816 3698
7902864207954 3595
7907864295672 3613
7912864420055 3855
7917864513128 3594
7922864615857 3411
7927864722846 3699
7932864834260 3442
7937864940202 3698
7942865064428 3844
7947865179812 3440
7952865274747 3371
7957865370081 3670
7962865468389 3563
7967865566367 4111
7972865665411 3785
7977865760446 3337
7982865854546 3228
7987865962187 3505
7992866047504 3621
7997866155950 3885
8002866257590 3568
8007866367212 3457
8012866460393 3426
8017866557083 3568
8022866670295 3694
8027866761903 3616
8032866871800 3502
8037866987599 3513
8042867132164 3284
8047867245365 3702
8052867337351 4228
8057867452626 3519
