14197223211391 21314
14202223337200 20754
14207223438502 20221
14212223536684 20568
14217223635581 19332
14222223746799 20201
14227223845485 19999
14232223947713 18655
14237224040992 19460
14242224144250 19747
14247224255232 18820
14252224353812 20615
14257224450290 20012
14262224548698 19083
14267224652808 20534
14272224752317 20212
14277224851698 19431
14282224949038 20339
14287225045481 20635
14292225135871 18745
14297225245357 20014
14302225370478 19048
14307225473564 19810
14312225582395 19867
14317225686262 18747
14322225806442 18700
14327225898514 19986
14332226022643 18898
14337226123460 19307
14342226230110 19906
14347226333646 19325
14352226441244 20334
14357226543190 19543
14362226627179 18847
14367226744410 20204
14372226852959 18800
14377226956520 19580
14382227054047 19511
14387227156958 18256
14392227265761 19612
14397227363099 19655
14402227458579 18788
14407227561986 19990
14412227669472 20806
14417227775275 19709
14422227871245 19758
14427227974097 19300
14432228095686 18917
14437228191959 19446
14442228292420 19342
14447228395914 18612
14452228499364 19964
14457228595199 18134
14462228704727 19540
14467228814010 19334
14472228909524 18748
14477229022043 19228
14482229131024 19391
14487229234518 19287
14492229359308 19269
14497229463186 18342
14502229566572 19958
14507229669988 18489
14512229769059 19141
14517229878691 19901
14522229975075 18101
14527230072937 19635
14532230176785 18255
14537230299788 19721
14542230409566 19486
14547230508476 18975
14552230605522 19967
14557230699856 19272
14562230799126 18597
14567230908250 19619
14572231008157 18357
14577231133712 20062
14582231237713 18755
14587231335347 18692
14592231449115 19035
14597231550073 18442
14602231639532 19337
14607231739688 18948
14612231850337 18821
14617231971655 19840
14622232086125 19193
14627232192119 19106
14632232293021 18537
14637232398194 18956
14642232492742 19321
14647232593306 18366
14652232690130 19233
14657232789326 18463
14662232926009 18851
14667233026771 19559
14672233128580 18492
14677233222639 20227
14682233311965 18803
14687233396370 20442
14692233496577 20669
14697233598704 19099
14702233692874 19605
14707233824490 18370
14712233940373 19419
14717234035118 19408
14722234130677 18296
14727234237451 19206
14732234378254 18827
14737234480655 19694
14742234578823 19302
14747234683139 18573
14752234785955 19623
14757234886703 19280
14762234987939 19966
14767235089496 18824
14772235200258 18610
14777235296227 19270
14782235388708 18826
14787235498429 19154
14792235599130 18274
14797235710312 19190
14802235809976 19724
14807235903808 18444
14812235996421 20225
14817236125509 18418
14822236231918 19821
14827236330244 21151
14832236418735 19071
14837236511164 19189
14842236593910 18032
14847236690361 19375
14852236791748 19709
14857236888029 18591
14862236986531 19525
14867237075221 19710
14872237162286 19011
14877237241468 20108
14882237327589 17772
14887237433373 19593
14892237538743 20063
14897237645689 17182
14902237746764 19346
14907237853655 18468
14912237957499 18328
14917238087107 18648
14922238193517 19553
14927238283520 18944
14932238375943 19812
14937238463775 20429
14942238550254 18361
14947238633078 18849
14952238718869 18683
14957238805468 19917
14962238914141 19650
14967239007341 20693
14972239094498 19626
14977239185733 16441
14982239274545 19079
14987239381708 18419
14992239470771 18093
14997239567993 18654
15002239652497 19634
15007239759543 19108
15012239850903 19718
15017239937132 19373
15022240017681 18413
15027240105275 18970
15032240197218 18761
15037240279072 19292
15042240364115 18753
15047240451629 16185
15052240541906 17720
15057240630992 14234
15062240716353 18593
15067240810466 18356
15072240915740 18187
15077241028372 18807
15082241120559 18990
15087241208073 19195
15092241298371 19548
15097241386075 18801
15102241472888 20600
15107241567194 19660
15112241665982 18572
15117241763836 19347
15122241864108 17846
15127241959593 17678
15132242082576 18615
15137242192685 17308
15142242296910 18192
15147242393092 18463
15152242492924 18084
15157242604860 19187
15162242721080 19150
15167242821901 18198
15172242918074 19647
15177243024787 19736
15182243140974 18480
15187243239903 19776
15192243342553 18683
15197243455563 16158
15202243547012 19670
15207243652910 17188
15212243755831 16990
15217243864425 18568
15222243960103 17971
15227244025903 18840
15232244124778 18958
15237244228262 19451
15242244330181 19673
15247244434221 18791
15252244536027 20305
15257244646324 18841
15262244733186 20360
15267244825604 19642
15272244924011 19805
15277245013674 18888
15282245133418 18048
15287245228211 18386
15292245346164 18369
15297245439284 19039
15302245527761 18630
15307245634605 18613
15312245714148 19262
15317245808437 18241
15322245913630 19002
15327246015206 18123
15332246109461 20208
15337246210436 18767
15342246326020 19041
15347246424806 19094
15352246513170 20363
15357246620082 19168
15362246715344 17789
15367246807052 18390
15372246916834 17415
15377247014333 18847
15382247104544 17918
15387247206935 18972
15392247313279 18332
15397247417096 18657
15402247509554 19138
15407247588063 17591
15412247672897 20327
15417247763448 17732
15422247853549 19422
15427247942027 19856
15432248025178 19828
15437248123513 18617
15442248218981 18447
15447248313365 18513
15452248413274 18375
15457248510234 19385
15462248602007 17641
15467248685264 19297
15472248765851 17555
15477248844384 19040
15482248941221 18267
15487249033130 19416
15492249125048 18929
15497249214796 19525
15502249302988 19322
15507249393694 18266
15512249486774 19561
15517249570956 18275
15522249651921 18362
15527249735943 18132
15532249821614 18876
15537249911078 18344
15542250004501 19125
15547250101742 17248
15552250200133 18798
15557250292455 18369
15562250387120 17198
15567250479336 19012
15572250565961 18779
15577250655241 19227
15582250753857 20563
15587250844000 18757
15592250927110 18191
15597251016057 17642
15602251098660 18465
15607251189362 18864
15612251274483 18685
15617251361908 19131
15622251452144 18567
15627251545898 18306
15632251629467 19713
15637251712518 19104
15642251806633 19347
15647251895822 19571
15652251994398 15781
15657252085982 19218
15662252179103 17980
15667252290881 18417
15672252392282 18366
15677252494832 19200
15682252594762 17939
15687252682390 19252
15692252793623 18014
15697252894509 19369
15702253000949 19014
15707253095528 18387
15712253177819 19522
15717253263132 18513
15722253355152 19782
15727253441143 18267
15732253535272 15130
15737253616718 20051
15742253708178 17008
15747253797688 18494
15752253887536 18796
15757253988395 18835
15762254090062 18880
15767254190771 19556
15772254283861 17993
15777254371824 19574
15782254481571 19066
15787254586546 19276
15792254684743 19948
15797254782915 18119
15802254905655 17066
15807255000204 17467
15812255092701 18847
15817255188116 18068
15822255292415 19074
15827255395175 17938
15832255494037 19017
15837255600047 18407
15842255694940 19685
15847255791379 18721
15852255889513 18770
15857255990614 19949
15862256098941 18233
15867256192554 19001
15872256299435 18553
15877256403349 20092
15882256511526 18724
15887256616527 15986
15892256715199 17954
15897256841235 17688
15902256943076 18110
15907257054473 17884
15912257152087 18347
15917257260816 18915
15922257376319 18375
15927257491061 19411
15932257595324 18062
15937257694682 19931
15942257815194 18715
15947257908172 19767
15952258004602 18258
15957258104656 19871
15962258199320 17946
15967258289626 19663
15972258389606 19407
15977258505385 20068
15982258675438 17967
15987258766346 18833
15992258872722 16572
