22783699485097 8858
22788699743167 5806
22793699846619 5726
22798699955296 4158
22803700058731 4090
22808700174280 4567
22813700284776 4928
22818700384487 4280
22823700491363 3863
22828700586409 3990
22833700685497 3472
22838700795345 3327
22843700901658 3134
22848701032962 3449
22853701149656 3173
22858701243954 2115
22863701343798 2997
22868701480634 3611
22873701594473 3512
22878701698430 2549
22883701809290 3357
22888701957460 1377
22893702071502 3581
22898702207155 3531
22903702315603 2698
22908702423760 2285
22913702550643 2266
22918702709272 3598
22923702829900 3223
22928702960213 2842
22933703094002 1499
22938703218259 3215
22943703363929 3581
22948703490424 2949
22953703613656 3322
22958703735340 1581
22963703872211 2924
22968704018434 3604
22973704140171 3580
22978704259098 3454
22983704375554 2467
22988704478944 1260
22993704626052 3594
22998704741323 2913
23003704871899 2978
23008705008617 1293
23013705146934 3596
23018705254047 3167
23023705346929 1685
23028705437798 2325
23033705543947 3601
23038705667235 3495
23043705783165 3455
23048705905725 3259
23053706029376 3780
23058706145390 3698
23063706266593 3578
23068706377354 3718
23073706484458 3465
23078706586895 3821
23083706690555 3188
23088706805649 3863
23093707815167 3156
23098707943782 3880
23103708071400 2852
23108708185193 4065
23113708284176 3877
23118708422378 3595
23123708573522 3580
23128708716737 3594
23133708829495 3603
23138708974448 3580
23143709104547 3596
23148709234191 3581
23153709372415 3597
23158709512231 3604
23163709658557 3578
23168709765891 4030
23173709902363 3148
23178710019170 3595
23183710162645 3603
23188710277258 3579
23193710422336 3299
23198710523443 3223
23203710617433 3824
23208710715268 3073
23213710812852 4092
23218710914799 3822
23223711059503 3797
23228711173792 3451
23233711269531 3575
23238711361114 3083
23243711451373 3529
23248711540161 3129
23253711639986 2246
23258711758687 3406
23263711876453 2710
23268712023321 4557
23273712147959 2968
23278712284099 4601
23283712407418 2249
23288712524643 3681
23293712618762 4659
23298712722970 4467
23303712822225 3438
23308712917669 3566
23313713023282 2571
23318713123540 4535
23323713216588 3608
23328713345973 3781
23333713463017 3080
23338713592070 4179
23343713739935 3936
23348713854856 3879
23353713970022 3581
23358714081423 3503
23363714194449 3420
23368714319746 3317
23373714468369 3831
23378714610961 3128
23383714727058 4026
23388714841971 3889
23393714964218 3612
23398715073257 3581
23403715202224 2722
23408715341123 880
23413715478558 3596
23418715599306 3266
23423715695960 1367
23428715793858 3002
23433715925337 3145
23438716046074 3579
23443716185823 3594
23448716321702 3385
23453716462740 3436
23458716590506 3204
23463716731805 3289
23468716864849 1047
23473717011093 3597
23478717116077 3581
23483717221250 2694
23488717359701 901
23493717508504 3603
23498717646768 3580
23503717761427 3382
23508717884390 3500
23513718003715 2955
23518718116395 3784
23523718232998 2719
23528718338136 1649
23533718471151 3560
23538718584828 2993
23543718692355 2882
23548718834498 1300
23553718968740 3578
23558719079030 3477
23563719210410 2996
23568719314006 3443
23573719429197 3628
23578719534457 3215
23583719654150 2300
23588719799839 2502
23593719943571 3597
23598720099984 2540
23603720179619 1042
23608720338458 3595
23613720456539 3565
23618720568472 2893
23623720676514 3348
23628720777345 2061
23633720887906 3179
23638720960433 2907
23643721058118 3580
23648721194343 3604
23653721290139 2592
23658721395869 2701
23663721475145 1883
23668721574699 3443
23673721664682 3235
23678721786182 1387
23683721930476 2713
23688722941108 3595
23693723079628 3579
23698723203107 3594
23703723327942 3242
23708723454408 3010
23713723547244 3289
23718723680216 1240
23723723813530 3580
23728723935353 3112
23733724027838 1204
23738724147570 2861
23743724272684 3595
23748724372763 3087
23753724472438 3803
23758724577076 2915
23763724687013 3615
23768724819439 939
23773724955831 3595
23778725052645 3604
23783725174715 3581
23788725269131 3084
23793725379439 2491
23798725495520 1600
23803725639770 3595
23808725731391 3442
23813725829987 3526
23818725926680 3461
23823726018717 2711
23828726108688 2282
23833726242930 2531
23838726369411 3602
23843726518534 3580
23848726610323 3181
23853726730534 2755
23858726862175 1243
23863726951647 3596
23868727048059 3527
23873727180940 2732
23878727305420 3662
23883727401329 2813
23888727507935 2098
23893727637336 3122
23898727761163 3541
23903727870386 3218
23908727964513 3002
23913728101111 1017
23918728225812 3583
23923728365081 3356
23928728492973 2691
23933728592877 1927
23938728681750 3261
23943728823843 3138
23948728914678 3583
23953729020512 3563
23958729131188 3261
23963729229521 2902
23968729346225 3388
23973729483503 1258
23978729605870 3433
23983729729412 2671
23988729855875 1074
23993729954298 3513
23998730048311 3032
24003730141143 2910
24008730235832 3609
24013730341025 1327
24018730442599 3898
24023730586115 3244
24028730711163 3602
24033730821671 3285
24038730924367 2834
24043731049433 1058
24048731175458 3595
24053731267372 2710
24058731383152 1286
24063731506515 3187
24068731630297 3597
24073731750581 3530
24078731860017 3488
24083731950173 2740
24088732048908 3481
24093732163309 1122
24098732251960 3596
24103732386719 3580
24108732482409 2301
24113732619528 1294
24118732723641 3580
24123732829981 3084
24128732933592 3045
24133733044804 2229
24138733200255 2421
24143733335441 3594
24148733458740 3578
24153733580171 3200
24158733704989 3358
24163733815671 1052
24168733963217 3171
24173734099139 3594
24178734207816 2604
24183734307296 1028
24188734433819 3542
24193734534357 3182
24198734647844 3183
24203734778254 3150
24208734883423 3801
24213735011165 1043
24218735136896 3596
24223735264393 3604
24228735402246 2910
24233735514701 3215
24238735632926 1050
24243735754330 3506
24248735856057 2572
24253735981714 1101
24258736114183 3603
24263736215878 3102
24268736341113 3293
24273736467090 3085
24278736561503 2466
24283736618575 2405
24288736716546 3539
24293736806918 3402
24298736902525 2812
24303737013747 1022
24308737123183 3582
24313737233099 3008
24318737324596 2745
24323737449087 1444
24328737541810 3311
24333737640369 3317
24338737737708 3050
24343737831637 2005
24348737960659 2668
24353738070553 3565
24358738173062 3561
24363738264617 2949
24368738359125 3103
24373738467226 1178
24378738574049 3594
24383738674772 2906
24388738773849 879
24393738840070 3397
24398738962302 3596
24403739079846 2976
24408739175226 3254
24413739276891 3092
24418739369202 1602
24423739492070 3435
24428739611507 3596
24433739703691 3299
24438739795916 2714
24443739928098 1167
24448740059236 3579
24453740150615 3235
24458740270430 2788
24463740378652 2175
24468740513648 2583
24473740608113 3572
24478740734917 3603
24483740837496 2887
24488740952513 3428
24493741052085 1274
24498741175490 3188
24503741311885 3595
24508741406046 2024
24513741560605 1555
24518741692234 3604
24523741809703 3094
24528741902174 3146
24533742010801 3262
24538742103234 2324
24543742235150 2521
24548742363356 3603
24553742476574 3435
24558742606258 3435
24563742713546 2361
24568742840651 1536
24573742978848 3582
24578743087993 2198
24583743211837 1403
24588743338338 3597
24593743447611 2841
24598743558570 3566
24603743661285 3006
24608743762951 1982
24613743898251 2957
24618744026224 3525
24623744138341 3457
24628744249806 2661
24633744376748 1138
24638744500049 3579
24643744598443 2746
24648744716986 1391
24653744851946 3061
24658744953461 3502
24663745087849 3102
24668745206957 3214
24673745304820 2641
24678745424516 1892
24683745557972 3602
24688745669928 3333
24693745760171 2765
24698745916009 1074
24703746054070 3581
24708746151435 2731
24713746272311 862
24718746395839 3603
24723746517914 3178
24728746608750 2455
24733746695263 2629
24738746832656 2494
24743746958018 3352
24748747081853 3846
24753747205923 2682
24758747315763 1644
24763747440040 2846
24768747576593 3584
24773747679531 2830
24778747810458 763
24783747952279 3604
24788748085030 2953
24793748193329 2292
24798748321048 1929
24803748452336 3582
24808748564944 3467
24813748689801 2848
24818748816737 871
24823748901880 3590
24828749018542 3219
24833749118010 3426
24838749240581 532
24843749359701 3596
24848749457194 3158
24853749583783 421
24858749710239 3603
24863749855104 3210
24868749968954 1498
24873750081671 3004
24878750221981 3059
24883750333776 3348
24888750472145 3033
24893750567485 2940
24898750668260 2007
24903750812250 3029
24908750955637 3595
24913751061633 2332
24918751184411 1248
24923751292105 3433
24928751384393 2140
24933751536963 1623
24938751640792 3516
24943751753058 3243
24948751847959 1632
24953751991051 2365
24958752133155 3605
24963752225601 3310
24968752331724 2752
24973752428976 1208
24978752564648 3499
24983752634092 2454
24988752778180 1125
24993752910656 3603
24998753007642 2366
25003753117508 1633
25008753250430 3175
25013753361148 3262
25018753472662 3723
25023753598185 2797
25028753691368 3224
25033753831853 1368
25038753960072 3581
25043754052313 3261
25048754146553 1828
25053754263320 2087
25058754370106 3107
25063754463448 891
25068754590803 3201
25073754684881 2911
25078754793568 2979
25083754903508 1284
25088755035608 3581
25093755139984 3501
25098755263692 2945
25103755369343 3197
25108755476373 1586
25113755599994 3144
25118755693463 3515
25123755788969 572
25128755898068 3088
25133755990602 3100
25138756104773 502
25143756194540 3579
25148756284713 3538
25153756390225 2715
25158756480197 3333
25163756597045 1186
25168756714373 3602
25173756822193 3548
25178756943903 2736
25183757045806 2551
25188757184932 1922
25193757304273 2894
25198757425975 1146
25203757599030 3158
25208757737037 3168
25213757837011 2218
25218757988752 1787
25223758120018 3585
25228758238386 2966
25233758360560 3101
25238758501131 1132
25243758603317 3577
25248758722683 3442
25253758843666 2439
25258758964120 1297
25263759055275 3485
25268759189659 693
25273759322245 3013
25278759459310 3586
25283759578710 2307
25288759678703 2925
25293759810973 1943
25298759950875 3249
25303760044260 3681
25308760151148 2559
25313760246786 2829
25318760299688 2050
25323760448213 2928
25328760563579 3312
25333760691919 935
25338760830321 3580
25343760941849 2487
25348761077941 1114
25353761210952 3490
25358761321445 2730
25363761437399 2861
25368761558458 1691
25373761689498 3577
25378761786043 3070
25383761875900 2203
25388762011272 1925
25393762136756 3582
25398762251686 3097
25403762370469 1469
25408762519396 2609
25413762612178 2776
25418762717176 1453
25423762858388 2967
25428762950491 2636
25433763084522 3339
25438763214789 1203
25443763343182 3578
25448763469881 2982
25453763582288 1367
25458763691062 2885
25463763844000 3548
25468763968901 3210
25473764088165 2955
25478764215315 1010
25483764312371 3208
25488764416090 2649
25493764561422 1342
25498764685052 3097
25503764784558 3150
25508764894896 3157
25513765002529 1350
25518765087698 3503
25523765185097 2901
25528765284108 2383
25533765404442 1992
25538765525393 3597
25543765617797 2611
25548765734458 969
25553765851685 3594
25558765958334 2386
25563766078931 1217
25568766206310 3580
25573766300911 2266
25578766407422 2497
25583766550677 2411
25588766672185 3440
25593766782555 3188
25598766887421 2786
25603767003691 1363
25608767134323 3596
25613767261322 2712
25618767355157 1333
25623767484681 3132
25628767581708 2627
25633767675421 1721
25638767806614 2834
25643767913754 2504
25648768024051 2877
25653768159485 1796
25658768300920 3483
25663768420722 3196
25668768535742 3221
25673768669016 3199
25678768800956 1271
25683768904225 3582
25688769017224 2618
25693769136983 976
25698769228714 3587
25703769331205 1479
25708769469043 2116
25713769598753 3442
25718769717933 2497
25723769838809 1238
25728769935789 3594
25733770049641 3160
25738770156516 3181
25743770250269 1212
25748770369417 3222
25753770496198 3583
25758770610135 2498
25763770706998 1832
25768770829513 2852
25773770918979 2280
25778771047670 1311
25783771140005 3485
25788771241092 2502
25793771374140 1190
25798771472783 3595
25803771578436 3333
25808771698519 2839
25813771791781 2348
25818771916146 2257
25823772016638 3370
25828772123596 2925
25833772241210 883
25838772335130 3052
25843772430108 1023
25848772529773 3106
25853772628891 2525
25858772761574 1069
25863772888416 3584
25868773019544 2848
25873773115005 3279
25878773233545 1045
25883773324582 3493
25888773444982 3704
25893773556878 2919
25898773652743 2046
25903773785769 2210
25908773913594 2928
25913774012771 1798
25918774140836 2454
25923774241009 2667
25928774333052 1653
25933774457582 2858
25938774586739 3231
25943774678741 2897
25948774763371 2082
25953774852929 2569
25958774957084 3466
25963775050204 2120
25968775175155 1589
25973775308718 3478
25978775401821 3010
25983775529690 686
25988775647792 3605
25993775738360 2399
25998775858312 1198
26003775981496 3354
26008776105630 2984
26013776235584 835
26018776329301 3582
26023776417620 3549
26028776522569 2608
26033776645948 1039
26038776764546 3581
26043776870967 3159
26048776982655 3105
26053777092002 910
26058777217699 3596
26063777313625 2416
26068777441825 1187
26073777575708 3216
26078777669176 1724
26083777793171 2237
26088777885682 3143
26093777975336 3176
26098778100060 858
26103778242541 3557
26108778340624 2770
26113778436886 2550
26118778572332 1902
26123778709078 3321
26128778804450 2756
26133778933748 1098
26138779042256 2872
26143779136186 1359
26148779250329 2950
26153779343669 2448
26158779462015 1148
26163779581618 3583
26168779671776 1728
26173779764534 3324
26178779870029 2882
26183779981230 3153
26188780122562 3285
26193780234801 3581
26198780374592 3596
26203780478618 3201
26208780589924 3316
26213780718203 3082
26218780825038 3407
26223780934280 3639
26228781038814 3623
26233781175375 3725
26238781305939 3642
26243781432989 3759
26248781543569 3499
26253781662245 3517
26258781803438 1087
26263781947677 3603
26268782079967 3119
26273782210387 3130
26278782318978 3672
26283782426578 3808
26288782538778 3163
26293782662312 1062
26298782789725 3444
26303782901734 3225
26308782996796 1345
26313783101801 2757
26318783195962 3280
26323783325100 298
26328783446371 3548
26333783546918 2512
26338783671385 1136
26343783762657 3347
26348783886237 3109
26353783977918 2046
26358784118858 2255
26363784219687 3459
26368784312782 2933
26373784403127 1248
26378784521308 3139
