7551730563936 4563
7556730728020 4193
7561730853921 4216
7566730984376 4175
7571731105195 4039
7576731226775 4065
7581731339689 4062
7586731456657 3956
7591731583522 4087
7596731703532 4034
7601731818735 4003
7606731936293 4034
7611732061985 3985
7616732171963 3899
7621732292388 3926
7626732411132 3893
7631732524899 3892
7636732656625 3836
7641732792106 3839
7646732924816 3704
7651733032678 3828
7656733142703 3876
7661733245712 3787
7666733357684 3788
7671733472405 3694
7676733594128 3659
7681733694492 3772
7686733806056 3771
7691733918308 3641
7696734031589 3795
7701734149249 3738
7706734256410 3671
7711734384467 3202
7716734504306 1403
7721734607116 1026
7726734721225 941
7731734818305 1193
7736734944641 1482
7741735064902 3363
7746735175568 3522
7751735272219 3664
7756735364275 3608
7761735471702 3671
7766735574412 3572
7771735692966 3671
7776735807528 3658
7781735902635 3617
7786735998641 3620
7791736115694 3584
7796736213753 3523
7801736345443 3653
7806736480708 3629
7811736598037 3623
7816736710629 3580
7821736826001 3594
7826736934874 3514
7831737035102 3671
7836737136555 3658
7841737251452 3604
7846737355844 3591
7851737469704 3598
7856737580346 3613
7861737671305 3682
7866737783367 3607
7871737884609 3652
7876737995765 3660
7881738089091 3571
7886738182495 3549
7891738282773 3671
7896738385298 3622
7901738510758 3581
7906738601451 2729
7911738734990 2155
7916738864479 1039
7921738979721 1592
7926739098940 912
7931739205742 985
7936739310783 1065
7941739441945 1355
7946739558426 1499
7951739660248 1501
7956739758747 2748
7961739856487 3002
7966739985777 3547
7971740092000 3407
7976740200808 3525
7981740296723 3677
7986740392274 3706
7991740490080 3607
7996740589163 3680
8001740683941 3730
8006740786699 3581
8011740894600 3875
8016741004672 3818
8021741099784 3773
8026741215821 3782
8031741327278 3617
8036741447010 3562
8041741563519 3919
8046741661400 3822
8051741793613 3824
8056741921880 3816
8061742018353 3877
8066742114187 3659
8071742255815 3863
8076742362168 3822
8081742458317 3815
8086742576783 3808
8091742683630 3796
8096742805073 3675
8101742931357 3838
8106743042653 3784
8111743155777 3814
8116743271296 3837
8121743379463 3836
8126743494840 3695
8131743622397 3850
8136743757172 3852
8141743880255 3836
8146744033334 3968
8151744156370 3814
8156744268857 3650
8161744392409 3894
8166744488451 3789
8171744597721 3803
8176744729247 3931
8181744846356 3806
8186744972528 3483
8191745094596 3944
8196745207755 3923
8201745307908 3895
8206745415330 3792
8211745513808 3884
8216745626818 3563
8221745757958 3931
8226745858142 3905
8231745950110 3845
8236746045558 3897
8241746147321 3813
8246746270852 3636
8251746370970 3975
8256746474023 3814
8261746601632 3851
8266746733692 3827
8271746853341 3889
8276746967571 3750
8281747079588 3844
8286747210242 3885
8291747325816 3858
8296747467640 3854
8301747595009 3851
8306747734564 3727
8311747843452 3705
8316747962313 3757
8321748098919 3876
8326748223741 3748
8331748333450 3754
8336748437271 3586
8341748557380 3518
8346748654943 3806
8351748763236 3679
8356748887398 3735
8361748991619 3795
8366749099630 3786
8371749212222 3556
8376749305052 3744
8381749404852 3775
8386749507782 3670
8391749611431 3737
8396749706510 3826
8401749799128 3514
8406749894030 3815
8411749997645 3725
8416750106691 3774
8421750224243 3731
8426750347426 3798
8431750460632 3583
8436750585693 3570
8441750695671 3757
8446750797562 3723
8451750920944 3774
8456751041477 3760
8461751172762 3447
8466751283170 3773
8471751404996 3540
8476751520670 3523
8481751652390 3474
8486751777031 3557
8491751901647 3464
8496752029276 3662
8501752160411 3644
8506752276287 3700
8511752399683 3599
8516752497294 3669
8521752604674 3432
8526752724213 3752
8531752837621 3643
8536752954407 3665
8541753074790 3673
8546753185917 3691
8551753300506 3534
8556753402067 3643
8561753504801 3626
8566753622773 3644
8571753739784 3607
8576753845242 3657
8581753945928 3497
8586754042574 3576
8591754153323 3605
8596754272756 3645
8601754387115 3679
8606754487652 3664
8611754592434 3485
8616754707518 3648
8621754855727 3620
8626755008249 3549
8631755114625 3623
8636755231752 3664
8641755357031 3335
8646755457995 3750
8651755562870 3735
8656755655058 3698
8661755767028 3646
8666755863125 3687
8671755959439 3366
8676756031392 3654
8681756130069 3540
8686756227614 3645
8691756356332 3723
8696756468366 3703
8701756588719 3368
8706756712726 3757
8711756824733 3606
8716756946893 3601
8721757058058 3694
8726757173334 3653
8731757292020 3405
8736757436787 3615
8741757559337 3554
8746757687151 3697
8751757813166 3574
8756757938130 3587
8761758057558 3281
8766758184082 3676
8771758291488 3546
8776758401688 3556
8781758546323 3600
8786758654875 3457
8791758761508 3228
8796758895226 3647
8801759001244 3641
8806759132030 3550
8811759242970 3584
8816759356015 3658
8821759461590 3181
8826759583602 3610
8831759697016 3598
8836759802643 3610
8841759903851 3468
8846760028483 3583
8851760132046 3163
8856760239643 3644
8861760348803 3529
8866760483092 3493
8871760592557 3552
8876760716233 3563
8881760838353 3119
8886760938512 3650
8891761033824 3502
8896761127662 3512
8901761230994 3620
8906761333703 3650
8911761432289 3353
8916761531712 3479
8921761627836 3397
8926761735927 3455
8931761848565 3156
8936761954419 3214
8941762051010 3304
8946762146932 3615
8951762245784 3492
8956762353990 3570
8961762458649 3488
8966762558382 3518
8971762673059 3357
8976762777056 3647
8981762890873 3589
8986763010621 3591
8991763117981 3538
8996763221379 3668
9001763323287 3222
9006763424596 3682
9011763536191 3563
9016763646763 3562
9021763769659 3440
9026763878201 3530
9031763967905 3262
9036764031817 3620
9041764147197 3591
9046764255798 3595
9051764372190 3538
9056764502058 3593
9061764620226 3326
9066764748548 3621
9071764895996 3623
9076765029098 3463
9081765136487 3511
9086765269176 3543
9091765389015 3194
9096765501718 3538
9101765641441 3599
9106765739594 3415
9111765861317 3533
9116765986517 3523
9121766094674 3228
9126766210322 3514
9131766359534 3528
9136766469644 3519
9141766571725 3521
9146766676123 3498
9151766782801 3230
9156766899190 3510
9161767017705 3542
9166767134334 3478
9171767268324 3517
9176767397283 3487
9181767515596 3319
9186767637893 3627
9191767774200 3528
9196767891643 3441
9201768026510 3497
9206768122857 3400
9211768215935 3216
9216768314439 3578
9221768405983 3512
9226768498274 3382
9231768594315 3526
9236768691784 3546
9241768821466 3164
9246768943031 3511
9251769069897 3450
9256769185586 3500
9261769290225 3541
9266769398012 3402
9271769528122 3192
9276769652055 3490
9281769749295 3460
9286769845052 3408
9291769944079 3502
9296770059923 3409
9301770165800 3186
9306770294598 3682
9311770414725 3249
9316770530881 3633
9321770645457 3464
9326770772744 3389
9331770931337 3155
9336771075940 3733
9341771200838 3214
9346771327252 3413
9351771461321 3467
9356771574077 3488
9361771680118 3219
9366771793719 3579
9371771907911 3532
9376772021536 3157
9381772133930 3525
9386772254804 3353
9391772370855 3085
9396772479681 3158
9401772593517 3292
9406772737591 3410
9411772883573 3446
9416772999972 3445
9421773105316 3170
9426773222405 3497
9431773337277 3376
9436773449495 3492
9441773571591 3408
9446773683754 3560
9451773796950 3189
9456773915752 3519
9461774025469 3443
9466774131268 3512
9471774227470 3480
9476774326791 3354
9481774434281 3219
9486774530111 3581
9491774636598 3483
9496774723679 3584
9501774835156 3491
9506774935217 3391
9511775032624 3309
9516775147009 3659
9521775426688 3619
9526775556148 3549
9531775665226 3407
9536775778885 3503
9541775884756 3185
9546776016979 3580
9551776115797 3504
9556776221497 3419
9561776330499 3487
9566776426325 3396
9571776529071 3284
9576776636004 3508
9581776751010 3500
9586776866697 3580
9591776964477 3347
9596777069097 3589
9601777177387 3201
9606777304164 3614
9611777415632 3515
9616777525396 3516
9621777629211 3517
9626777723758 3473
9631777819402 3229
9636777920811 3537
9641778022046 3418
9646778150394 3442
9651778303617 3553
9656778432372 3421
9661778537351 3149
9666778632267 3598
9671778728952 3615
9676778829184 3520
9681778925699 3357
9686779043038 3437
9691779159129 3192
9696779272008 3566
9701779376547 3469
9706779471603 3384
9711779594400 3637
9716779683299 3277
9721779788308 3101
9726779885154 3537
9731779979581 3465
9736780085095 3508
9741780188414 3566
9746780290718 3158
9751780400520 3135
9756780513536 3567
9761780636306 3451
9766780761666 3536
9771780888107 3521
9776781008445 3206
9781781135644 3138
9786781261477 3596
9791781395071 3517
9796781512661 3501
9801781620077 3417
9806781726079 3245
9811781836241 3121
9816781958588 3667
9821782068560 3613
9826782180326 3518
9831782295711 3498
9836782390093 3653
9841782492394 3023
9846782622655 3617
9851782735452 3381
9856782841046 3322
9861782943515 3127
9866783056912 2682
9871783157927 3167
9876783243497 3607
9881783364539 3460
9886783475455 3565
9891783599705 3378
9896783704285 3475
9901783805135 2969
9906783909313 3532
9911784012743 3493
9916784121428 3440
9921784246184 3414
9926784344642 3482
9931784438907 3171
9936784555545 3505
9941784658077 3505
9946784767907 3371
9951784888656 3461
9956785006359 3303
9961785111228 2995
9966785255765 3621
9971785396819 3551
9976785492109 3474
9981785640694 3423
9986785755511 3422
9991785865298 3138
9996785981878 3599
10001786104184 3549
10006786216779 3274
10011786357450 3364
10016786471214 3422
10021786615259 2999
10026786718796 3596
10031786845678 3365
10036786960814 3297
10041787092042 3456
10046787240471 3403
10051787387468 3027
10056787489701 3465
10061787614421 3419
10066787753187 3264
10071787857172 3526
10076788026267 3388
10081788156802 3128
10086788296112 3433
10091788410705 3438
10096788552405 3385
10101788676250 3522
10106788790289 3446
10111788939067 3094
10116789063807 3378
10121789186610 3490
10126789322347 3374
10131789449756 3400
10136789567318 3388
10141789674316 3280
10146789794563 3367
10151789904490 3526
10156790003108 3323
10161790099625 3288
10166790215738 3387
10171790348173 3106
10176790448904 3330
10181790568878 3468
10186790664161 3377
10191790767050 3231
10196790884120 3383
10201791021649 3229
10206791141367 3345
10211791256494 3574
10216791386025 3234
10221791534046 3274
10226791657592 3402
10231791792701 3192
10236791890233 3292
10241792017656 3495
10246792123053 3426
10251792242371 3289
10256792345110 3453
10261792441029 3202
10266792534541 3109
10271792643740 3572
10276792760714 3437
10281792894925 3315
10286792993636 2965
10291793089707 3541
10296793200275 3061
10301793316654 3529
10306793417686 3415
10311793521361 3362
10316793622962 3373
10321793726079 3292
10326793840983 2817
10331793966766 3461
10336794092572 3141
10341794208037 3030
10346794318671 2822
10351794429316 2690
10356794555084 3167
10361794680458 3407
10366794804515 3310
10371794920837 3395
10376795035903 3155
10381795174482 3344
10386795303987 2989
10391795430685 3480
10396795546337 3334
10401795650325 3253
10406795766568 3366
10411795881811 3432
10416795996682 2931
10421796136618 3365
10426796259742 3366
10431796381590 3377
10436796527671 3289
10441796636764 3360
10446796736016 3112
10451796868979 3271
10456796983554 3391
10461797109599 3233
10466797239664 3388
10471797344558 3356
10476797444884 2986
10481797554734 3506
10486797666568 3557
10491797777274 3310
10496797875787 3254
10501797979870 3435
10506798074622 3056
10511798175269 3450
10516798266258 3379
10521798360325 3263
10526798464768 3309
10531798580178 3333
10536798696835 3088
10541798811310 3521
10546798937752 3403
10551799068109 3293
10556799197437 3239
10561799313226 3372
10566799451802 3036
10571799583477 3414
10576799709936 3306
10581799826727 3499
10586799938326 3071
10591800110936 3287
10596800233654 3069
10601800344327 3463
10606800471143 3291
10611800596703 3273
10616800714304 3123
10621800819519 3403
10626800926291 2967
10631801045313 3396
10636801160038 3361
10641801297212 3246
10646801405905 3384
10651801509237 3065
10656801598159 2982
10661801689754 3399
10666801788481 3270
10671801894916 3435
10676802012103 3333
10681802111196 3072
10686802215448 2991
10691802315375 3499
10696802423507 3326
10701802544829 3269
10706802663591 3210
10711802775162 3469
10716802893386 2751
10721803003584 3368
10726803116240 3276
10731803221476 3311
10736803331822 3292
10741803432738 3229
10746803546486 2957
10751803673305 3119
10756803777516 3370
10761803888936 3292
10766804021888 3293
10771804136144 3283
10776804237607 2959
10781804326749 3333
10786804432982 3016
10791804576077 3317
10796804694852 3300
10801804827027 3472
10806804955811 2956
10811805070538 3432
10816805209718 3326
10821805309928 3036
10826805431243 2978
10831805554724 3112
10836805693990 2436
10841805811907 2398
10846805920268 3210
10851806041753 3173
10856806144360 3364
10861806294534 3288
10866806408751 2961
10871806536460 3515
10876806649573 3376
10881806755582 3273
10886806875774 3274
10891806984145 3388
10896807128563 3059
10901807239443 3408
10906807337697 3355
10911807468654 3306
10916807569467 3238
10921807679856 3301
10926807780075 3072
10931807874360 3359
10936807975868 3265
10941808091410 3392
10946808184690 3301
10951808298154 3223
10956808402588 2915
10961808497944 3565
10966808607190 3283
10971808715065 3405
10976808827122 3283
10981808961344 3428
10986809096132 2920
10991809225548 3387
10996809359779 3436
11001809487783 3229
11006809593123 3413
11011809714666 3293
11016809825363 2990
11021809972913 3399
11026810079081 3370
11031810174150 3436
11036810267995 3250
11041810374186 3303
11046810475756 3044
11051810575007 3413
11056810691368 3315
11061810788324 3352
11066810905074 3427
11071811007893 3382
11076811132435 2832
11081811253871 3452
11086811359799 3260
11091811480444 3345
11096811576062 3161
11101811686393 3409
11106811832571 2942
11111811944735 3281
11116812043530 3386
11121812166270 3263
11126812283996 3203
11131812390332 3210
11136812491775 3065
11141812592848 3349
11146812706042 3290
