26409512121232 1105
26414512271042 1578
26419512421572 2001
26424512564963 2188
26429512712889 2437
26434512858022 2812
26439512980658 2915
26444513118190 3051
26449513246034 3259
26454513361409 3547
26459513463649 3699
26464513550352 3829
26469513649052 3996
26474513735012 4318
26479513853038 4443
26484513945962 4670
26489514038732 5057
26494514155182 5295
26499514259292 5751
26504514353940 6089
26509514443864 6790
26514514531178 6954
26519514618178 7469
26524514715902 7609
26529514809568 8960
26534514912641 14745
26539515018994 14153
26544515143736 14382
26549515238263 13891
26554515341956 14713
26559515437947 14504
26564515529773 14765
26569515688839 14718
26574515810815 14476
26579515906536 14910
26584516018622 14656
26589516127795 14768
26594516243291 14739
26599516349018 14942
26604516467579 14993
26609516573469 15046
26614516674295 14949
26619516761255 15054
26624516847425 14994
26629516950357 14909
26634517066428 15142
26639517159660 14792
26644517264778 14760
26649517360023 13767
26654517467759 15084
26659517561515 15018
26664517669581 15117
26669517765869 15303
26674517870207 15082
26679517976577 14880
26684518098756 14941
26689518233981 15253
26694518346684 15429
26699518449392 15403
26704518558680 15034
26709518657518 14947
26714518770726 14701
26719518882196 14937
26724518992397 14982
26729519096361 15074
26734519220581 15144
26739519331505 14881
26744519436327 14956
26749519530217 14872
26754519629933 15013
26759519734395 14877
26764519855820 14941
26769519965442 14937
26774520086504 14858
26779520202130 14999
26784520309545 14759
26789520445272 14595
26794520560605 14642
26799520719174 14856
26804520833458 14742
26809520946770 14668
26814521052459 14864
26819521161403 14849
26824521281137 14585
26829521396608 14777
26834521496200 14655
26839521591000 15011
26844521720679 14853
26849521822330 14969
26854521916574 14939
26859522023400 14917
26864522128369 14898
26869522250758 14946
26874522344727 14882
26879522435971 14890
26884522528235 14756
26889522619943 14796
26894522729292 14612
26899522828538 14586
26904522921031 14718
26909523013119 14684
26914523108808 14700
26919523211998 14478
26924523310828 14679
26929523411361 14485
26934523511047 14725
26939523616819 14661
26944523730376 14637
26949523829311 15048
26954523926432 14654
26959524031871 14937
26964524139076 14848
26969524258454 14687
26974524379533 14406
26979524483642 14789
26984524589571 14557
26989524728521 14670
26994524854707 14512
26999525001445 14827
27004525107592 14726
27009525208885 14801
27014525319959 14651
27019525427208 14654
27024525536374 14678
27029525638670 14658
27034525739749 14699
27039525837351 14698
27044525940613 14661
27049526033869 14980
27054526144696 14952
27059526249819 14937
27064526360613 14855
27069526457069 14930
27074526556010 14554
27079526657335 14827
27084526778631 14860
27089526871967 14767
27094526974714 14992
27099527071022 14973
27104527175131 14963
27109527290577 14669
27114527411204 14599
27119527509187 14723
27124527614342 14860
27129527709618 14822
27134527801379 14705
27139527891242 14725
27144527994347 14795
27149528104136 14767
27154528200700 14852
27159528295455 14680
27164528393522 14933
27169528502827 14766
27174528597681 14940
27179528703538 14868
27184528795236 14818
27189528906295 14684
27194529002097 14873
27199529099103 14872
27204529186345 14930
27209529292173 14778
27214529406255 14918
27219529512714 14791
27224529628600 14924
27229529722239 14799
27234529839777 14698
27239529943737 14799
27244530037468 14912
27249530134052 15043
27254530249964 15019
27259530343032 14846
27264530441296 14877
27269530537274 15040
27274530629672 15025
27279530723381 14703
27284530820036 14667
27289530932062 14952
27294531028074 14729
27299531142025 14894
27304531263148 14866
27309531363051 14826
27314531462904 14930
27319531570980 14814
27324531677841 15156
27329531775341 15066
27334531877165 14799
27339531969071 14759
27344532064103 14732
27349532162644 14821
27354532272159 15074
27359532378808 15061
27364532470815 15176
27369532589109 15111
27374532720336 15059
27379532856406 15044
27384532965887 15032
27389533101332 14962
27394533226879 14973
27399533329495 14919
27404533438966 15044
27409533534998 14891
27414533626038 14918
27419533733026 14864
27424533846409 14920
27429533964827 15080
27434534076556 15233
27439534183395 15047
27444534316910 14887
27449534430662 14905
27454534543495 15062
27459534656946 15216
27464534763407 15308
27469534866009 15414
27474534977965 15086
27479535080953 15121
27484535177426 15287
27489535275829 15225
27494535380431 15406
27499535493461 15289
27504535611829 15372
27509535705753 15301
27514535795515 15418
27519535900924 15456
27524536021284 15268
27529536125583 15277
27534536254122 15257
27539536464522 15137
27544536556790 15398
27549536648232 15202
27554536744969 15482
27559536839594 15234
27564536935969 15192
27569537037408 15268
27574537136097 15137
27579537229854 15201
27584537324186 15450
27589537443889 15125
27594537540564 15235
27599537635476 15411
27604537730878 15272
27609537837599 15695
27614537940676 15464
27619538039835 15179
27624538139635 15537
27629538262410 15328
27634538360648 15207
27639538482158 15626
27644538607632 15421
27649538703293 15512
27654538797126 15047
27659538887859 15179
27664538980552 15254
27669539077693 15482
27674539175609 15499
27679539279925 15264
27684539375691 15273
27689539477354 15744
27694539642897 15389
27699539742265 15199
27704539859186 15103
27709539950475 14921
27714540016998 15021
27719540110696 15076
27724540209443 15073
27729540325363 15164
27734540423930 15136
27739540518736 15173
27744540608694 15296
27749540699459 15169
27754540787188 15454
27759540887296 15254
27764540981771 15431
27769541076096 15203
27774541169796 15221
27779541264999 15113
27784541369792 15178
27789541473343 15128
27794541601088 15230
27799541706837 15048
27804541812680 15270
27809541939099 15228
27814542039466 15103
27819542141643 15120
27824542237431 15049
27829542330268 15294
27834542421177 15375
27839542511014 15213
27844542606097 15543
27849542703575 15559
27854542817294 15484
27859542908834 15390
27864542998791 15568
27869543117003 15349
27874543217636 15215
27879543316619 15254
27884543408024 15126
27889543496257 15220
27894543607100 15389
27899543699031 15299
27904543790139 15451
27909543882105 15287
27914543991537 15292
27919544119804 15718
27924544257714 15258
27929544349174 15286
27934544438735 15429
27939544538087 15301
27944544630230 15303
27949544725409 15652
27954544823767 15235
27959544923436 15463
27964545019330 15259
27969545110507 15597
27974545205391 15292
27979545300584 15452
27984545395555 15495
27989545498408 15358
27994545592423 15225
27999545691985 15210
28004545805492 15426
28009545907288 15497
28014546005181 15414
28019546104693 15436
28024546199811 15298
28029546292840 15362
28034546417480 15103
28039546524000 15347
28044546626248 15508
28049546720758 15478
28054546810750 15579
28059546914687 15640
28064547011058 15336
28069547103668 15263
28074547198039 15105
28079547291514 15276
28084547409441 15472
28089547504345 15374
28094547597587 15442
28099547709723 15270
28104547803332 15380
28109547890676 15305
28114548012600 15782
28119548100916 15439
28124548201787 15523
28129548315468 15397
28134548416825 15436
28139548509400 15178
28144548610705 15534
28149548701192 15320
28154548795961 15310
28159548890055 15324
28164548982920 15319
28169549082410 15380
28174549190379 15402
28179549308440 15402
28184549408574 15568
28189549503887 15532
28194549596093 15264
28199549686267 15428
28204549778604 15321
28209549870133 15229
28214549961425 15344
28219550055452 15218
28224550152749 15511
28229550254054 15135
28234550349310 15265
28239550439980 15335
28244550539324 15488
28249550635213 15494
28254550732907 15494
28259550820865 15424
28264550918612 15228
28269551016233 15291
28274551109115 15341
28279551269826 15222
28284551369821 15329
28289551462002 15161
28294551569449 15223
28299551664912 15328
28304551790467 15392
28309551890881 15315
28314552030518 15561
28319552132287 15310
28324552232909 15267
28329552325847 15356
28334552423587 15254
28339552544373 15356
28344552635571 15253
28349552729553 15268
28354552826819 15334
28359552915359 15463
28364553005497 15410
28369553102449 15407
28374553204166 15269
28379553295517 15380
28384553386880 15595
28389553483690 15411
28394553583105 15307
28399553668301 15450
28404553772409 15600
28409553862428 15595
28414553969712 15293
28419554068812 15462
28424554159314 15184
28429554270856 15701
28434554362377 15446
28439554458674 15371
28444554549424 15227
28449554642009 15346
28454554730527 15447
28459554825065 15450
28464554916631 15444
28469555005870 15326
28474555097133 15512
28479555185888 15601
28484555303855 15552
28489555412307 15204
28494555520638 15010
28499555770508 15062
28504555885759 15026
28509555995070 15351
28514556134814 15207
28519556236515 15142
28524556327911 15217
28529556433683 15185
28534556687939 15115
28539556841838 15102
28544556935741 15110
28549557047596 15242
28554557156422 15272
28559557274447 14979
28564557381338 15080
28569557479535 15119
28574557572340 15027
28579557692484 15189
28584557785874 14998
28589557878383 15081
28594557970581 15160
28599558065907 15011
28604558174558 15153
28609558262605 15039
28614558368200 15067
28619558461647 15217
28624558553650 15195
28629558658780 15284
28634558771308 15138
28639558871428 15071
28644558981117 15261
28649559109762 15020
28654559230986 15021
28659559342226 14839
28664559435944 14987
28669559536873 15143
28674559636323 15072
28679559738163 15023
28684559854726 15213
28689559964840 15135
28694560091791 14880
28699560212301 14871
28704560306940 15099
28709560420394 14922
28714560515297 14887
28719560605976 14984
28724560698146 14978
28729560795500 14998
28734560890186 15128
28739560987012 15133
28744561088346 15032
28749561187262 15083
28754561281562 15226
28759561380323 15069
28764561481812 15052
28769561599549 15083
28774561705611 15089
28779561816046 15028
28784561908779 15290
28789562013569 14918
28794562119026 15051
28799562232388 15160
28804562347411 15305
28809562436901 15111
28814562530334 15149
28819562630473 15228
28824562730570 14991
28829562827780 14965
28834562927164 14919
28839563016810 14968
28844563117695 15071
28849563213821 14972
28854563307127 15133
28859563400093 15019
28864563500475 14930
28869563608387 14848
28874563719627 14979
28879563816692 14887
28884563926615 14781
28889564035800 14803
28894564151890 14956
28899564258232 15007
28904564390566 15015
28909564504627 14977
28914564616500 15011
28919564725207 14930
28924564846898 14862
28929564951487 14951
28934565090779 14905
28939565200872 15060
28944565325791 14941
28949565436467 15034
28954565781012 15233
28959565889817 15014
28964566018368 15122
28969566115701 15303
28974566229305 15269
28979566318610 15250
28984566422678 15305
28989566524783 15323
28994566618272 15429
28999566731698 15548
29004566827509 15302
29009566929383 15625
29014567025056 15339
29019567117724 15229
29024567214492 15342
29029567358719 15383
29034567458367 15375
29039567549884 15247
29044567656621 15415
29049567759035 15139
29054567854568 15232
29059567967329 15321
29064568125248 15232
29069568228483 15465
29074568318164 15454
29079568415169 15528
29084568505945 15358
29089568605284 15669
29094568706046 15524
29099568815926 15111
29104568934264 15272
29109569036873 15237
29114569148084 15485
29119569245231 15249
29124569342083 15454
29129569497197 15247
29134569597816 15476
29139569695768 15319
29144569787523 15268
29149569883767 15448
29154569983140 15287
29159570089990 15463
29164570197903 15465
29169570287742 15442
29174570380887 15537
29179570478573 15441
29184570609808 15267
29189570704098 15353
29194570790308 15299
29199570905350 15570
29204570998157 15337
29209571090821 15233
29214571188354 15393
29219571286786 15430
29224571391444 15377
29229571489294 15462
29234571591058 15596
29239571705466 15244
29244571801516 15311
29249571899324 15312
29254572017113 15280
29259572110866 15420
29264572209979 15235
29269572385044 15313
29274572497059 15317
29279572601676 15283
29284572698986 15538
29289572793275 15355
29294572880608 15484
29299572976901 15519
29304573083508 15487
29309573196106 15365
29314573305996 15535
29319573404568 15342
29324573669490 15451
29329573782123 15396
29334573892248 15259
29339574001407 15456
29344574116598 15340
29349574257526 15306
29354574364032 15269
29359574466042 15334
29364574569075 15549
29369574668613 15089
29374574764470 15281
29379574865745 15185
29384574961812 15573
29389575070781 15482
29394575171144 15158
29399575289307 15290
29404575390034 15414
29409575481143 15600
29414575576507 15292
29419575762381 15757
29424575869807 15383
29429575963878 15312
29434576101258 15227
29439576197704 15057
29444576285854 15411
29449576377931 15517
29454576476876 15351
29459576570610 15083
29464576682860 15559
29469576791528 15554
29474576881332 15684
29479576972734 15412
29484577064652 15333
29489577175036 15399
29494577265155 15088
29499577360455 15225
29504577463769 15328
29509577562056 15371
29514577678235 15360
29519577776264 15369
29524577874933 15624
29529577971573 15507
29534578065439 15437
29539578166751 15363
29544578283319 15322
29549578374880 15307
29554578468099 15327
29559578563753 15422
29564578655107 15354
29569578749324 15438
29574578867654 15303
29579578968263 15433
29584579082645 15526
29589579175335 15551
29594579270746 15556
29599579366287 15235
29604579461813 15410
29609579568195 15478
29614579660216 15379
29619579964367 15473
29624580055863 15425
29629580173994 15097
29634580274353 15048
29639580373675 15560
29644580466704 15732
29649580563110 15494
29654580652228 15565
29659580745417 15126
29664580843944 15427
29669580935302 15420
29674581043829 15353
29679581143554 15289
29684581260154 15475
29689581353590 15189
29694581462247 15326
29699581560814 15441
29704581656339 15444
29709581782838 15504
29714581892314 15480
29719581992597 15603
29724582087350 15589
29729582194972 15256
29734582310081 15392
29739582428308 15631
29744582532906 15728
29749582632764 15505
29754582732774 15370
29759582817844 15522
29764582919050 15459
29769583029990 15475
29774583124997 15358
29779583215452 15280
29784583330600 15352
29789583420280 15488
29794583524450 15258
29799583616973 15132
29804583707451 15385
29809583815019 15294
29814583912837 15227
29819584013061 15237
29824584102175 15315
29829584210796 15376
29834584312461 15233
29839584406250 15351
29844584503247 15417
29849584601840 15414
29854584701230 15365
29859584795884 15206
29864584883544 15320
29869584973949 15361
29874585062754 15571
29879585155877 15517
29884585256779 15517
29889585425221 15495
29894585522392 15284
29899585616662 15428
29904585715911 15420
29909585808540 15275
29914585906286 15525
29919586019254 15407
29924586114944 15532
29929586204106 15341
29934586309365 15516
29939586424186 15437
29944586531615 15362
29949586636208 15386
29954586742747 15179
29959586840184 15447
29964586938872 15556
29969587041601 15436
29974587135818 15489
29979587231885 15451
29984587329833 15465
29989587434705 15363
29994587540296 15334
29999587634461 15347
30004587742146 15335
