11238147994923 1237
11243148176509 1941
11248148336906 2389
11253148491091 2771
11258148628339 3063
11263148787508 3324
11268148935289 3520
11273149066490 3685
11278149192740 3792
11283149324847 3924
11288149473340 4071
11293149592397 4026
11298149702559 3897
11303149848238 4135
11308149977130 4174
11313150076731 4187
11318150185852 4207
11323150346961 4189
11328150486155 4172
11333150651443 4186
11338150768933 4172
11343150902533 4202
11348151019459 4071
11353151135492 3920
11358151251334 4316
11363151370940 4391
11368151488812 4384
11373151637694 4323
11378151754279 4174
11383151898777 4284
11388152022757 4373
11393152143565 4396
11398152273761 4228
11403152389534 4093
11408152513944 4121
11413152629541 4150
11418152763360 4178
11423152879312 4174
11428153007441 4140
11433153135366 4097
11438153258434 4126
11443153373778 4082
11448153493050 4074
11453153641600 4089
11458153772044 4121
11463153892791 4101
11468154020871 4132
11473154139550 4114
11478154273376 4055
11483154400662 4092
11488154515234 4102
11493154654193 4109
11498154767474 4120
11503154900992 4063
11508155013950 4113
11513155125351 4103
11518155225634 4102
11523155333252 4044
11528155440388 4074
11533155571491 4071
11538155675250 4072
11543155801400 4061
11548155915965 4076
11553156043521 4077
11558156169513 4090
11563156294818 4069
11568156416639 4068
11573156552507 4081
11578156660588 4105
11583156794149 4096
11588156922909 4086
11593157040489 4125
11598157168706 4075
11603157278448 4049
11608157381491 4074
11613157494380 4111
11618157603445 4069
11623157714781 4078
11628157823952 4097
11633157953787 4140
11638158063871 4272
11643158174056 4307
11648158310966 4285
11653158419067 4199
11658158525524 4085
11663158632304 4067
11668158746866 4104
11673158874183 4062
11678158985509 4103
11683159097271 4057
11688159208430 4053
11693159317925 4046
11698159428413 4083
11703159550538 4153
11708159670116 4242
11713159778860 4353
11718159898471 4300
11723160012885 4124
11728160116465 4041
11733160223358 4067
11738160334064 4023
11743160458050 4073
11748160570809 4064
11753160668031 4201
11758160763724 4301
11763160860159 4255
11768160984327 4180
11773161114152 4035
11778161209047 4032
11783161318558 4063
11788161412372 4051
11793161509305 4062
11798161609095 4077
11803161707165 4054
11808161802709 4025
11813161910002 4115
11818162009664 4144
11823162101733 4140
11828162237269 4280
11833162362195 4306
11838162485893 4279
11843162592748 4010
11848162715576 4007
11853162837051 4064
11858162945109 4022
11863163085140 4005
11868163225501 4068
11873163327294 4004
11878163441971 4029
11883163540981 3982
11888163668341 4031
11893163792674 4036
11898163914356 4070
11903164013835 4049
11908164114031 4018
11913164221946 4018
11918164344292 4062
11923164474876 3996
11928164581498 4062
11933164702032 4098
11938164812340 4108
11943164949791 4038
11948165075359 4054
11953165186339 4081
11958165295865 4058
11963165408062 4021
11968165517638 4022
11973165641041 4168
11978165750934 4281
11983165878203 4280
11988165991245 4279
11993166128221 4082
11998166236579 4038
12003166360961 4046
12008166476616 4054
12013166614768 4066
12018166732785 4010
12023166845570 4025
12028166984910 4017
12033167092454 4059
12038167218604 4036
12043167327974 4065
12048167439941 4035
12053167551850 4168
12058167660760 4312
12063167787870 4295
12068167919308 4253
12073168030480 4124
12078168138086 4242
12083168273068 4274
12088168385443 4294
12093168508179 4121
12098168626801 4060
12103168747268 4033
12108168857491 4087
12113168955512 4126
12118169057228 4055
12123169179498 4133
12128169286608 4335
12133169394207 4248
12138169505599 4146
12143169630585 4259
12148169738233 4266
12153169862061 4260
12158169970020 4006
12163170124404 4035
12168170234035 4058
12173170360230 4079
12178170465369 4039
12183170590133 4072
12188170698054 4101
12193170807025 4058
12198170934308 4097
12203171045838 4091
12208171153062 4134
12213171266704 4144
12218171393936 4143
12223171507266 4154
12228171613334 4128
12233171724835 4211
12238171837088 4130
12243171948275 4197
12248172055939 4229
12253172163820 4241
12258172281323 4229
12263172396246 4222
12268172531904 4210
12273172639839 4218
12278172747494 4204
12283172878254 4196
12288172993671 4175
12293173115150 4220
12298173238562 4192
12303173347572 4188
12308173456072 4216
12313173582000 4211
12318173708392 4236
12323173818908 4225
12328173941832 4198
12333174054116 4201
12338174162288 4185
12343174271051 4179
12348174370527 4190
12353174463785 4225
12358174573630 4295
12363174670690 4333
12368174765942 4334
12373174880589 4306
12378174979370 4207
12383175097416 4172
12388175256985 4179
12393175364843 4195
12398175456810 4169
12403175556148 4176
12408175668907 4186
12413175783241 4185
12418175897104 4151
12423176034340 4223
12428176148856 4196
12433176266202 4181
12438176397597 4173
12443176525061 4162
12448176624012 4169
12453176736572 4180
12458176836659 4188
12463176933522 4195
12468177046300 4200
12473177192933 4218
12478177295613 4149
12483177394869 4138
12488177514158 4138
12493177622886 4178
12498177718031 4154
12503177833738 4116
12508177952332 4152
12513178071147 4090
12518178172872 4175
12523178277748 4128
12528178387395 4165
12533178483612 4172
12538178577651 4134
12543178674052 4133
12548178771012 4163
12553178888895 4129
12558178983420 4214
12563179093212 4141
12568179187997 4175
12573179283667 4183
12578179379534 4140
12583179489595 4130
12588179584713 4121
12593179679709 4124
12598179775769 4160
12603179870089 4161
12608179987714 4158
12613180094698 4175
12618180201333 4137
12623180320663 4185
12628180415913 4290
12633180527831 4319
12638180622294 4293
12643180732254 4111
12648180827495 4115
12653180919621 4123
12658181020854 4216
12663181126178 4127
12668181236598 4168
12673181331724 4144
12678181426984 4166
12683181526245 4136
12688181623751 4160
12693181718329 4146
12698181835389 4139
12703181948342 4122
12708182064915 4115
12713182160147 4141
12718182269124 4137
12723182397602 4128
12728182507162 4126
12733182616074 4112
12738182739100 4164
12743182843603 4100
12748182998672 4171
12753183126505 4167
12758183238148 4137
12763183348625 4134
12768183455190 4184
12773183611373 4125
12778183717334 4122
12783183830075 4081
12788183947031 4153
12793184056174 4172
12798184164551 4112
12803184274376 4103
12808184395709 4114
12813184505196 4119
12818184605983 4082
12823184730659 4084
12828184836562 4135
12833184935170 4123
12838185067255 4096
12843185176767 4117
12848185288384 4122
12853185404745 4147
12858185531521 4237
12863185640240 4260
12868185795045 4282
12873185903349 4209
12878186006921 4116
12883186113360 4128
12888186219775 4123
12893186327610 4090
12898186453983 4134
12903186570177 4071
12908186677728 4117
12913186800740 4137
12918186913166 4075
12923187049470 4145
12928187157245 4239
12933187265767 4266
12938187374123 4313
12943187491911 4120
12948187605622 4184
12953187711938 4276
12958187812044 4246
12963187913912 4288
12968188025827 4285
12973188127773 4077
12978188223572 4086
12983188322406 4092
12988188417604 4100
12993188510787 4117
12998188627147 4132
13003188722074 4081
13008188817247 4092
13013188912776 4229
13018189018415 4107
13023189139120 4084
13028189242386 4288
13033189346709 4222
13038189448745 4284
13043189543962 4084
13048189644884 4073
13053189755231 4116
13058189866605 4232
13063189989959 4090
13068190085204 4054
13073190177657 4115
13078190302644 4050
13083190396732 4039
13088190496657 4117
13093190591969 4185
13098190702233 4060
13103190813061 4175
13108190908556 4116
13113191034759 4083
13118191132795 4083
13123191231380 4096
13128191326815 4110
13133191423027 4086
13138191519167 4083
13143191666859 4102
13148191767716 4089
13153191886457 4070
13158191982557 4098
13163192087052 4088
13168192183224 4092
13173192277178 4105
13178192390704 4149
13183192485274 4127
13188192578967 4156
13193192669795 4088
13198192779182 4050
13203192879085 4075
13208192979228 4104
13213193092007 4169
13218193217307 4234
13223193328388 4254
13228193455524 4273
13233193562971 4115
13238193667980 4055
13243193807956 4078
13248193908924 4069
13253194002995 4237
13258194099320 4240
13263194200535 4230
13268194308775 4303
13273194416503 4256
13278194523102 4061
13283194629416 4044
13288194747721 4090
13293194861318 4072
13298194975922 4074
13303195085128 4037
13308195192785 4067
13313195302190 4109
13318195411856 4030
13323195513820 4079
13328195610235 4261
13333195728949 4177
13338195829154 4098
13343195921973 4063
13348196019780 4089
13353196119072 4121
13358196230705 4087
13363196327726 4049
13368196440202 4103
13373196541072 4056
13378196637883 4082
13383196759290 4085
13388196863710 4129
13393196982785 4216
13398197084279 4339
13403197179409 4144
13408197272625 4096
13413197368915 4152
13418197466746 4246
13423197577360 4061
13428197672040 4225
13433197802912 4058
13438197911418 4061
13443198022349 4042
13448198140248 4119
13453198252818 4127
13458198366373 4087
13463198461442 4065
13468198566286 4078
13473198671323 4229
13478198771710 4175
13483198875530 4065
13488198977715 4054
13493199086568 4060
13498199203182 4035
13503199306074 4139
13508199419097 4252
13513199549232 4077
13518199673874 4076
13523199774534 4106
13528199884622 4110
13533200034111 4175
13538200144732 4111
13543200253350 4098
13548200367496 4109
13553200477679 4104
13558200582128 4042
13563200710004 4105
13568200851344 4060
13573200965010 4055
13578201090652 4127
13583201204209 4122
13588201316465 4102
13593201430327 4069
13598201541925 4202
13603201652013 4024
13608201750809 4090
13613201844160 4427
13618201978821 4119
13623202086604 4109
13628202182472 4041
13633202289993 4083
13638202409916 4066
13643202517720 4084
13648202645859 4092
13653202763095 4076
13658202872569 4086
13663202971837 4124
13668203074643 4202
13673203177920 4137
13678203333332 4621
13683203434262 4127
13688203548446 4304
13693203656634 4208
13698203766179 4256
13703203885033 4245
13708203999311 4206
13713204108837 4162
13718204203647 4266
13723204323062 4207
13728204431711 4170
13733204558494 4224
13738204676439 4238
13743204816845 4289
13748204923998 4308
13753205040479 4224
13758205165798 4150
13763205302614 4158
13768205402602 4129
13773205513280 4117
13778205612246 4139
13783205716040 4122
13788205830782 4168
13793205927850 4192
13798206037844 4189
13803206154948 4100
13808206259777 4165
13813206362144 4238
13818206458314 4194
13823206575007 4262
13828206682439 4263
13833206816447 4163
13838206913649 4154
13843207007098 4101
13848207098351 4136
13853207194415 4245
13858207290924 4106
13863207401388 4131
13868207512002 4111
13873207612010 4133
13878207720477 4138
13883207816530 4154
13888207928152 4174
13893208051204 4104
13898208170999 4097
13903208273775 4133
13908208370883 4166
13913208465566 4156
13918208558867 4133
13923208654030 4147
13928208752558 4156
13933208865035 4229
13938208970993 4163
13943209065915 4135
13948209163374 4066
13953209286798 4107
13958209385760 4148
13963209480016 4114
13968209581227 4081
13973209708061 4162
13978209803160 4106
13983209898402 4102
13988209996643 4091
13993210092164 4108
13998210200883 4088
14003210296216 4146
14008210415184 4158
14013210509353 4109
14018210603715 4101
14023210708632 4101
14028210826390 4089
14033210944159 4152
14038211046502 4084
14043211147433 4096
14048211247821 4067
14053211344880 4131
14058211443594 4070
14063211566965 4094
14068211676124 4113
14073211800150 4121
14078211916030 4108
14083212035808 4108
14088212131140 4090
14093212225653 4276
14098212320740 4083
14103212442738 4082
14108212553581 4131
14113212653920 4120
14118212770525 4126
14123212880616 4125
14128212980872 4100
14133213094432 4193
14138213214120 4113
14143213322888 4122
14148213434241 4086
14153213550864 4096
14158213660812 4090
14163213770491 4078
14168213884840 4110
14173213990777 4095
14178214108782 4111
14183214215460 4142
14188214324353 4133
14193214424393 4119
14198214526664 4067
14203214639763 4084
14208214769473 4094
14213214888263 4128
14218215018291 4084
14223215131150 4094
14228215267210 4060
14233215382624 4167
14238215519412 4259
14243215650341 4231
14248215758630 4175
14253215890850 4097
14258216014865 4091
14263216111894 4061
14268216217193 4097
14273216313310 4149
14278216406131 4274
14283216502692 4305
14288216629865 4171
14293216744488 4061
14298216844716 4105
14303216953701 4104
14308217047257 4062
14313217175287 4073
14318217282814 4072
14323217408122 4077
14328217534029 4095
14333217649895 4134
14338217759699 4220
14343217893554 4238
14348218036283 4240
14353218160136 4173
14358218267123 4055
14363218365864 4107
14368218474253 4094
14373218580545 4072
14378218722046 4047
14383218846857 4064
14388218958509 4105
14393219080511 4084
14398219198658 4107
14403219318532 4104
14408219433817 4154
14413219553822 4092
14418219683739 4101
14423219813436 4107
14428219941761 4073
14433220061212 4040
14438220172552 4061
14443220285702 4146
14448220412996 4227
14453220521264 4238
14458220659500 4211
14463220770000 4087
14468220887844 4135
14473221019915 4140
14478221126439 4204
14483221238746 4252
14488221359309 4120
14493221502497 4261
14498221613182 4233
14503221754728 4235
14508221859301 4194
14513221982571 4085
14518222097302 4053
14523222208117 4109
14528222313413 4213
14533222434026 4227
14538222566371 4244
14543222682051 4219
14548222815220 4163
14553222931617 4232
14558223032063 4262
14563223134287 4233
14568223233248 4104
14573223358061 4073
14578223491717 4051
14583223610571 4047
14588223724412 4048
14593223828126 4024
14598223949595 4095
14603224032355 4087
14608224146765 4114
14613224269633 4072
14618224396772 4066
14623224502691 4022
14628224628530 4068
14633224737335 4058
14638224849902 4098
14643224975984 4108
14648225111763 4052
14653225216973 4153
14658225325117 4045
14663225445951 4145
14668225542356 4259
14673225644015 4067
14678225739215 4055
14683225833808 4107
14688225939819 4084
14693226035098 4173
14698226128563 4125
14703226220189 4036
14708226361874 4065
14713226463797 4054
14718226568383 4150
14723226666025 4205
14728226766651 4441
14733226864688 4235
14738226957378 4253
14743227093977 4082
14748227231447 4292
14753227328663 4105
14758227419566 4197
14763227522650 4102
14768227619011 4219
14773227730927 4135
14778227840516 4069
14783227953986 4029
14788228089714 4046
14793228192145 4118
14798228286534 4082
14803228383276 4197
14808228492713 4157
14813228593329 4132
14818228734308 4089
14823228850445 4070
14828228951256 4053
14833229089046 4055
