117859688148908 18
117864688315943 27
117869688458564 32
117874688610413 35
117879688751592 38
117884688899290 44
117889689044749 44
117894689194613 50
117899689333408 50
117904689481527 52
117909689640742 56
117914689792253 58
117919689932372 64
117924690089804 64
117929690224952 66
117934690410170 68
117939690555286 71
117944690758489 73
117949690903599 75
117954691101658 77
117959691242306 79
117964691433967 82
117969691571432 85
117974691768240 87
117979691922881 88
117984692127743 90
117989692253579 99
117994692444372 95
117999692583584 101
118004692775766 99
118009692911067 105
118014693092310 103
118019693216168 107
118024693400343 112
118029693543269 112
118034693745060 110
118039693879907 117
118044694056369 115
118049694195695 121
118054694382309 122
118059694493482 121
118064694669669 120
118069694795491 123
118074694978891 130
118079695101984 134
118084695281666 132
118089695412974 126
118094695597152 135
118099695723475 134
118104695903283 135
118109696039803 144
118114696216909 142
118119696354687 138
118124696526842 147
118129696653702 142
118134696833846 146
118139696960651 147
118144697133009 154
118149697261669 147
118154697446090 154
118159697576899 157
118164697764690 158
118169697899574 153
118174698073380 161
118179698201228 161
118184698381741 163
118189698509630 167
118194698691584 166
118199698817597 169
118204699006549 169
118209699135451 170
118214699315068 172
118219699445808 174
118224699629751 179
118229699757532 172
118234699946595 178
118239700078179 179
118244700257540 185
118249700407711 189
118254700595696 188
118259700722351 181
118264700905825 189
118269701036200 194
118274701229184 186
118279701363711 202
118284701547697 198
118289701670026 193
118294701846722 205
118299701980483 197
118304702161555 197
118309702291485 202
118314702470830 204
118319702599541 208
118324702776078 207
118329702902668 221
118334703081672 215
118339703219484 212
118344703406274 211
118349703530793 220
118354703710991 230
118359703835446 228
118364704016843 226
118369704142222 236
118374704325635 229
118379704450046 225
118384704655466 235
118389704787497 229
118394704967788 237
118399705106413 236
118404705295252 247
118409705421995 235
118414705602689 238
118419705726520 240
118424705901313 250
118429706022273 249
118434706202733 256
118439706332082 248
118444706511692 260
118449706643388 254
118454706825792 258
118459706969818 257
118464707155706 257
118469707279394 260
118474707459000 270
118479707579303 269
118484707755999 267
118489707875728 279
118494708063128 278
118499708198510 281
118504708375252 280
118509708503160 279
118514708683114 266
118519708802857 282
118524708981675 282
118529709112853 288
118534709293873 290
118539709420301 284
118544709600058 291
118549709726788 298
118554709906285 308
118559710043221 295
118564710228870 309
118569710372570 295
118574710556217 318
118579710683060 330
118584710866261 319
118589710994979 321
118594711181515 314
118599711313347 317
118604711494163 328
118609711621471 328
118614711813906 323
118619711948981 333
118624712132315 336
118629712260768 333
118634712440512 331
118639712567315 344
118644712750940 334
118649712875458 340
118654713064340 348
118659713197157 357
118664713378007 345
118669713501606 349
118674713679377 351
118679713806799 365
118684713992029 349
118689714130603 352
118694714310049 356
118699714441066 366
118704714618312 372
118709714747686 367
118714714932738 369
118719715064087 380
118724715243741 390
118729715367995 388
118734715549370 374
118739715670999 387
118744715851116 395
118749715978389 376
118754716119690 393
118759716256591 392
118764716437482 397
118769716563425 400
118774716754567 418
118779716887555 414
118784717031941 392
118789717153364 404
118794717338434 413
118799717463294 413
118804717591205 409
118809717720469 430
118814717876819 417
118819718004321 420
118824718171973 436
118829718294186 445
118834718483866 416
118839718620287 446
118844718755843 454
118849718883967 431
118854719064643 459
118859719185259 451
118864719370796 464
118869719510829 460
118874719630541 448
118879719758476 462
118884719909345 471
118889720044494 456
118894720233165 482
118899720363866 489
118904720554559 474
118909720682160 476
118914720860658 492
118919720986641 483
118924721115035 493
118929721242555 498
118934721421820 479
118939721547560 507
118944721728865 520
118949721856477 526
118954722046686 528
118959722175791 505
118964722338387 526
118969722475266 516
118974722665568 528
118979722793172 534
118984722929455 537
118989723058835 570
118994723183792 542
118999723312767 564
119004723493059 587
119009723619884 561
119014723808103 563
119019723941796 592
119024724121844 576
119029724250322 556
119034724434408 597
119039724564518 585
119044724755370 591
119049724880426 607
119054725061879 622
119059725190743 604
119064725364058 629
119069725489465 631
119074725685991 636
119079725817214 629
119084725994863 637
119089726120113 646
119094726274801 666
119099726403801 641
119104726576468 664
119109726707608 676
119114726889509 686
119119727020002 701
119124727147146 650
119129727277751 701
119134727471631 655
119139727602863 681
119144727783399 730
119149727908344 732
119154728034358 726
119159728160986 732
119164728338965 773
119169728465735 772
119174728641697 797
119179728778271 762
119184728957035 824
119189729086056 784
119194729278157 815
119199729407477 801
119204729530189 808
119209729655361 834
119214729787300 813
119219729917154 837
119224730100478 861
119229730227310 872
119234730406095 888
119239730523971 848
119244730654263 935
119249730784109 892
119254730981285 904
119259731109063 931
119264731288959 895
119269731414965 903
119274731593747 933
119279731725575 922
119284731913503 935
119289732049707 948
119294732228331 996
119299732352113 959
119304732532793 1022
119309732659904 1035
119314732855960 1001
119319732996903 1038
119324733122941 1069
119329733252705 1061
119334733386386 1110
119339733519487 1087
119344733701536 1112
119349733838417 1125
119354733974290 1153
119359734099421 1107
119364734281400 1195
119369734408353 1218
119374734595793 1226
119379734730260 1187
119384734915516 1213
119389735047164 1318
119394735226996 1282
119399735360820 1265
119404735540162 1264
119409735666844 1301
119414735848045 1381
119419735976182 1453
119424736111487 1387
119429736242470 1450
119434736432835 1469
119439736572309 1501
119444736695672 1560
119449736823335 1622
119454737005575 1563
119459737137664 1594
119464737316050 1621
119469737446393 1735
119474737632522 1755
119479737762275 1743
119484737941189 1848
119489738068905 1778
119494738259761 1878
119499738394185 1951
119504738577712 1932
119509738706891 1947
119514738888313 2116
119519739018720 2081
119524739198019 2110
119529739323843 2226
119534739506689 2223
119539739637042 2296
119544739812871 2445
119549739947600 2217
119554740134378 2293
119559740263116 2589
119564740447835 2555
119569740576688 2616
119574740755864 2729
119579740885578 2699
119584741071482 2881
119589741210362 3060
119594741398435 3064
119599741531807 2993
119604741716524 3413
119609741846630 3594
119614742041737 3726
119619742159551 3886
119624742344102 4026
119629742474759 4193
119634742651715 4465
119639742743482 4537
119644742931983 4506
119649743075644 4853
119654743275407 4980
