125446300087116 76
125451300250934 142
125456300402568 188
125461300542846 217
125466300684397 260
125471300826183 227
125476300990185 304
125481301177546 344
125486301345059 364
125491301514545 382
125496301681254 428
125501301854470 397
125506302021956 471
125511302163875 507
125516302321068 509
125521302469664 552
125526302605898 551
125531302753541 504
125536302882507 644
125541303025494 686
125546303183571 710
125551303342731 740
125556303498774 802
125561303656207 713
125566303821556 910
125571303961580 981
125576304134697 1060
125581304291943 1105
125586304429925 1215
125591304574870 1173
125596304714189 1428
125601304849408 1586
125606304980596 1729
125611305096141 1959
125616305212815 2107
125621305314321 2161
125626305422218 2818
125631305535630 3160
125636305658345 3780
125641305775564 4734
125646305863535 5518
125651305996352 5567
125656306141839 7712
125661306254718 8961
125666306418957 9897
125671306539441 10733
125676306667547 11652
125681306772811 12130
125686306875594 12336
125691306964399 12530
125696307076646 12939
125701307234258 12764
125706307389860 12999
125711307579385 12852
125716307720315 12900
125721307821717 12952
125726307951556 12871
125731308055959 13093
125736308188770 12879
125741308322541 12834
125746308495976 13699
125751308675479 13618
125756308859124 13572
125761308967109 13915
125766309119456 13578
125771309230089 13812
125776309389488 13749
125781309490285 13746
125786309625551 13793
125791309749556 13728
125796309847449 13596
125801309940048 13737
125806310026294 13791
125811310175208 13778
125816310269529 13827
125821310419933 13784
125826310522475 13837
125831310644472 13780
125836310792879 13846
125841310934298 13795
125846311037154 13698
125851311137478 13854
125856311288450 13631
125861311419119 13703
125866311568497 13711
125871311662077 13866
125876311779940 13895
125881311891094 13766
125886312013187 13930
125891312105229 13838
125896312210579 13693
125901312332457 13865
125906312459902 13954
125911312561678 14018
125916312656746 14007
125921312801396 14143
125926312916028 14021
125931313007739 14114
125936313118469 14248
125941313251069 14205
125946313380908 14197
125951313504567 14249
125956313640819 14248
125961313778720 14187
125966313882217 14292
125971313972822 14357
125976314065702 14242
125981314165288 14138
125986314245999 14345
125991314342952 14308
125996314476196 14463
126001314649785 14370
126006314765531 14660
126011314884267 14290
126016315028156 14142
126021315177434 14346
126026315349428 14115
126031315512636 14466
126036315629918 14418
126041315723406 14254
126046315870270 14302
126051315965219 14256
126056316069014 14427
126061316224094 14363
126066316315467 14498
126071316410576 14392
126076316537123 14370
126081316658755 14306
126086316775424 14297
126091316874646 14486
126096316964433 14249
126101317145404 14395
126106317241421 14266
126111317379737 14298
126116317511587 15577
126121317612024 15573
126126317707398 15399
126131317820523 15579
126136317920970 15375
126141318031600 15365
126146318191667 15500
126151318317204 15383
126156318409376 15358
126161318550912 15470
126166318640235 15616
126171318741126 15467
126176318851051 15550
126181318964176 15468
126186319094316 15539
126191319188849 15541
126196319277701 15676
126201319398404 15326
126206319554135 15712
126211319675695 15597
126216319763206 15435
126221319888826 15607
126226319980650 15366
126231320111838 15495
126236320222428 15666
126241320335479 15512
126246320468317 15531
126251320574090 15348
126256320701703 15578
126261320834001 15410
126266320934440 15465
126271321031489 15522
126276321119993 15509
126281321240870 15808
126286321325393 15459
126291321452490 15428
126296321544610 15713
126301321668060 15542
126306321799343 15735
126311321936826 15642
126316322060764 15527
126321322214366 15647
126326322361312 15685
126331322449155 15447
126336322577842 15648
126341322718302 15720
126346322855817 15594
126351322985723 15607
126356323127334 15490
126361323259977 15476
126366323357087 15541
126371323460720 15387
126376323561821 15318
126381323676656 15418
126386323775920 15532
126391323919033 15653
126396324036364 15555
126401324167583 15548
126406324260729 15446
126411324396595 15505
126416324524427 15485
126421324618775 15544
126426324718333 15471
126431324826224 15500
126436324995077 15688
126441325099919 15486
126446325221492 15678
126451325328084 15478
126456325473450 15787
126461325565977 15481
126466325652986 15318
126471325761628 15553
126476325851009 15523
126481325958816 15356
126486326045359 15452
126491326136956 15406
126496326226353 15421
126501326351488 15640
126506326482089 15509
126511326572887 15534
126516326675838 15450
126521326803089 15471
126526326926421 15613
126531327014152 15698
126536327141468 15739
126541327274094 15763
126546327402612 15574
126551327527057 15557
126556327666389 15595
126561327769412 15378
126566327891173 15670
126571327980622 15669
126576328085554 15702
126581328214149 15555
126586328369955 15486
126591328465526 15661
126596328581302 15485
126601328703403 15638
126606328813563 15370
126611328920087 15534
126616329029803 15398
126621329150178 15633
126626329265431 15663
126631329369955 15522
126636329472385 15464
126641329609753 15570
126646329696285 15623
126651329838045 15500
126656329938976 15468
126661330039939 15417
126666330156948 15600
126671330288656 15518
126676330381664 15552
126681330481919 15589
126686330614957 15780
126691330737423 15453
126696330848990 15511
126701330941750 15753
126706331045683 15517
126711331137507 15455
126716331235572 15487
126721331331006 15696
126726331451047 15622
126731331570617 15535
126736331663235 15491
126741331769402 15455
126746331871872 15582
126751331957842 15537
126756332046829 15488
126761332135824 15532
126766332259678 15526
126771332373075 15543
126776332478310 15582
126781332569264 15483
126786332660894 15505
126791332773536 15471
126796332861287 15529
126801332965329 15595
126806333053846 15613
126811333154103 15454
126816333279451 15590
126821333373372 15655
126826333493411 15500
126831333617139 15699
126836333742112 15546
126841333860144 15650
126846333954707 15404
126851334081812 15621
126856334181465 15744
126861334346818 15633
126866334485419 15665
126871334567155 15681
126876334686491 15665
126881334831149 15587
126886334916875 15640
126891335034577 15677
126896335156235 15701
126901335314921 15713
126906335463940 15867
126911335576889 15490
126916335667973 15549
126921335772755 15384
126926335869161 15464
126931336019550 15648
126936336132501 15424
126941336224014 15468
126946336340016 15564
126951336433230 15437
126956336552079 15476
126961336713283 15497
126966336801390 15463
126971336924403 15554
126976337022148 15468
126981337172267 15723
126986337304304 15615
126991337415279 15492
126996337543470 15439
127001337647306 15515
127006337789580 15577
127011337954649 15734
127016338069866 15766
127021338187833 15683
127026338335169 15522
127031338434055 15417
127036338554823 15627
127041338667116 15680
127046338783385 15499
127051338915848 15540
127056339026105 15679
127061339115483 15563
127066339222362 15796
127071339399145 15459
127076339533334 15679
127081339625788 15665
127086339723065 15724
127091339827361 15592
127096339913080 15663
127101340030034 15573
127106340143242 15550
127111340240375 15462
127116340351990 15625
127121340490793 15750
127126340621419 15503
127131340737583 15764
127136340870122 15523
127141340982984 15500
127146341122082 15447
127151341227529 15481
127156341343760 15596
127161341455795 15391
127166341583618 15723
127171341726950 15407
127176341866788 15662
127181341967662 15548
127186342111062 15597
127191342256701 15540
127196342370183 15547
127201342490122 15712
127206342602326 15631
127211342729014 15541
127216342850554 15621
127221342968198 15557
127226343062121 15384
127231343182876 15507
127236343272074 15697
127241343361844 15292
