116035849916747 1717
116040850111223 1485
116045850283141 1531
116050850440257 1563
116055850571047 1462
116060850680627 1466
116065850842063 1453
116070850979320 1430
116075851112322 1443
116080851245849 1495
116085851376993 1453
116090851489998 1485
116095851636130 1445
116100851766877 1263
116105851888902 1444
116110852022864 1443
116115852141809 1438
116120852264267 1431
116125852369217 1467
116130852486398 1159
116135852609806 1449
116140852773490 1442
116145852901174 1431
116150853037296 1448
116155853153664 1436
116160853293205 1119
116165853442400 1451
116170853571343 1439
116175853722134 1431
116180853856552 1446
116185853979769 1427
116190854102881 1150
116195854214188 1454
116200854325519 1414
116205854429701 1382
116210854530241 1431
116215854625525 1398
116220854728148 1163
116225854840792 1427
116230854943502 1337
116235855043745 1384
116240855142630 1380
116245855272896 1375
116250855371125 1095
116255855469786 1387
116260855574014 1388
116265855679252 1393
116270855777189 1377
116275855870095 1328
116280855967844 1077
116285856098481 1413
116290856202336 1358
116295856300663 1392
116300856395785 1384
116305856499209 1370
116310856596192 1077
116315856712179 1382
116320856807418 1359
116325856912537 1377
116330857011915 1358
116335857133825 1393
116340857239747 1080
116345857338422 1347
116350857436603 1390
116355857535338 1376
116360857634337 1356
116365857731322 1332
116370857835253 1056
116375857937409 1377
116380858039051 1351
116385858138079 1382
116390858235881 1353
116395858330207 1368
116400858428921 1036
116405858558679 1390
116410858654667 1363
116415858749816 1390
116420858848202 1390
116425858943628 1395
116430859043182 1024
116435859146033 1368
116440859266285 1392
116445859362148 1350
116450859456899 1386
116455859553448 1413
116460859654145 1123
116465859758223 1399
116470859855706 1406
116475860021104 1397
116480860136738 1404
116485860244231 1428
116490860340183 1140
116495860438497 1314
116500860539773 1303
116505860678309 893
116510860830880 498
116515860937751 694
116520861091386 286
116525861238996 0
116530861369920 0
116535861491619 0
116540861630553 0
116545861760699 0
116550861893499 0
116555862015844 0
116560862135421 0
116565862239787 128
116570862379866 332
116575862497379 477
116580862633040 574
116585862780404 0
116590862916904 0
116595863020774 0
116600863127413 297
116605863259177 601
116610863402729 526
116615863597580 0
116620863726559 0
116625863880199 1
116630864017509 463
116635864111097 1490
116640864241660 1172
116645864351365 0
116650864479119 0
116655864560718 998
116660864662442 1403
116665864762447 1411
116670864896153 1086
116675865012224 1216
116680865105574 1397
116685865197458 1399
116690865302200 1380
116695865413045 1404
116700865546970 1125
116705865644623 1104
116710865757361 1387
116715865862590 1399
116720865961691 1373
116725866074829 1304
116730866209241 1127
116735866324990 1045
116740866423092 1420
116745866531192 1386
116750866632625 1387
116755866738434 1394
116760866856682 1141
116765866975329 932
116770867084720 1414
116775867190855 1388
116780867294386 1405
116785867391383 1381
116790867519045 1172
116795867619818 933
116800867714945 1399
116805867809472 1366
116810867910828 1358
116815868007884 1366
116820868122571 1185
116825868216384 1032
116830868317713 1388
116835868416820 1382
116840868512135 1403
116845868633798 1363
116850868781845 1189
116855868877118 805
116860868973070 1387
116865869090632 1389
116870869231329 1361
116875869330136 1369
116880869447081 1217
116885869549461 852
116890869661061 1303
116895869787727 1354
116900869906188 1394
116905870007638 1377
116910870154766 1233
116915870253731 806
116920870366001 1391
116925870483536 1390
116930870584761 1392
116935870686368 1395
116940870785967 1260
116945870887004 760
116950871007969 1367
116955871155094 1391
116960871262982 1387
116965871370744 1372
116970871511732 1156
116975871627791 804
116980871738268 1411
116985871865966 1375
116990871970010 1401
116995872080388 1422
117000872208465 1310
117005872325697 766
117010872454447 1409
117015872578831 1404
117020872679461 1393
117025872776054 1348
117030872913706 1395
117035873026137 751
117040873125198 1408
117045873228873 1385
117050873350097 1423
117055873463227 1226
117060873619499 1349
117065873755137 757
117070873865793 1404
117075873978510 1375
117080874084653 1398
117085874184979 1379
117090874307528 1400
117095874404316 509
117100874507493 1318
117105874616180 1389
117110874709504 1222
117115874807832 1250
117120874925238 920
117125875077133 61
117130875194774 0
117135875325692 9
117140875457705 19
117145875579345 0
117150875706428 0
117155875788917 122
117160875881705 986
117165875990920 894
117170876132643 552
117175876230585 778
117180876346154 444
117185876511956 132
117190876670423 0
117195876833385 0
117200876980841 0
117205877137728 0
117210877242243 0
117215877396036 0
117220877522237 0
117225877677893 0
117230877799518 0
117235877972182 0
117240878120769 0
117245878239832 0
117250878364335 632
117255878501185 592
117260878621379 540
117265878753740 577
117270878870856 458
117275879050979 157
117280879192003 0
117285879277715 0
117290879395586 0
117295879576009 0
117300879701198 0
117305879869730 0
117310879985694 0
117315880133118 0
117320880253562 0
117325880377344 0
117330880521183 406
117335880719726 70
117340880869417 0
117345880994680 0
117350881165952 0
117355881344717 1
117360881477593 0
117365881614463 11
117370881724658 0
117375881846302 37
117380881979976 618
117385882090110 521
117390882224510 742
117395882361286 97
117400882495878 0
117405882613839 0
117410882732747 0
117415882848632 0
117420882965082 0
117425883100486 0
117430883220799 0
117435883352858 0
117440883473757 0
117445883597216 0
117450883682626 330
117455883807448 181
117460883943580 0
117465884064884 0
117470884190506 0
117475884316272 1
117480884443843 0
117485884577466 0
117490884713461 0
117495884845713 0
117500884970443 716
117505885107594 830
117510885225278 760
117515885338444 244
117520885468520 0
117525885585445 0
117530885705453 0
117535885794180 0
117540885917075 0
117545886040441 0
117550886162768 0
117555886250035 0
117560886339633 462
117565886445012 1323
117570886553632 1303
117575886689629 403
117580886826165 0
117585886960042 0
117590887089485 5
117595887244114 0
117600887385613 0
117605887501525 585
117610887596813 1429
117615887691357 1429
117620887786760 1410
117625887880249 1426
117630887993730 1420
117635888167981 451
117640888319080 0
117645888440158 12
117650888550549 660
117655888665149 1403
117660888761748 1422
117665888861488 445
117670888963812 132
117675889059357 1440
117680889149323 1423
117685889241005 1434
117690889332515 1403
117695889463326 512
117700889598873 14
117705889692402 885
117710889785602 1408
117715889883546 1422
117720889983808 1406
117725890080758 554
117730890255422 26
117735890353056 921
117740890452496 1428
117745890562061 1417
117750890658260 1426
117755890792726 583
117760890930142 17
117765891020476 588
117770891119700 1287
117775891217725 1415
117780891313951 1414
117785891451336 597
117790891585968 16
117795891680450 668
117800891776794 1415
117805891872590 1416
117810891970513 1411
117815892114433 639
117820892213735 19
117825892309510 362
117830892411771 1420
