123629784124474 1895
123634784319838 1803
123639784484827 1805
123644784653558 1731
123649784781073 1693
123654784934295 1576
123659785048700 1501
123664785240914 1335
123669785386394 1637
123674785564965 1107
123679785744513 1399
123684785897525 1494
123689786046476 1028
123694786198157 1439
123699786355373 1634
123704786479637 1389
123709786625166 1407
123714786811413 1271
123719786978649 1467
123724787100869 1428
123729787208395 1241
123734787387712 1246
123739787529034 853
123744787692060 1220
123749787790638 1125
123754787920391 993
123759788064237 1084
123764788248932 968
123769788387978 868
123774788531533 1170
123779788653568 1227
123784788781145 867
123789788893886 721
123794789070308 1287
123799789221788 937
123804789342770 1133
123809789460133 735
123814789621099 1297
123819789732577 565
123824789882211 1489
123829789992974 499
123834790161309 1560
123839790363375 184
123844790481076 1394
123849790627024 577
123854790733120 1357
123859790878424 688
123864791030040 717
123869791144740 1263
123874791253451 726
123879791400909 1331
123884791529655 505
123889791716235 1526
123894791850719 186
123899791995640 1533
123904792200229 482
123909792305911 1442
123914792517699 614
123919792675178 990
123924792828758 1000
123929793016889 1222
123934793139549 851
123939793254986 697
123944793402418 1304
123949793520040 585
123954793661324 1457
123959793769592 295
123964793876898 1622
123969793991044 291
123974794089613 1439
123979794220822 559
123984794322467 1515
123989794450649 547
123994794558316 979
123999794698705 1000
124004794796061 804
124009794949409 1219
124014795055785 336
124019795152784 1630
124024795251867 227
124029795355216 1469
124034795456178 522
124039795560471 1240
124044795710394 779
124049795815478 703
124054795938126 1285
124059796063936 621
124064796210432 1408
124069796314435 185
124074796427750 1373
124079796545269 591
124084796662995 1378
124089796795882 657
124094796931870 884
124099797070210 1111
124104797163520 302
124109797266129 1629
124114797378781 236
124119797473965 1524
124124797586874 487
124129797681455 805
124134797776692 1156
124139797875589 726
124144797997377 1308
124149798113773 187
124154798226727 1355
124159798327203 818
124164798422506 716
124169798551716 1272
124174798691631 185
124179798787911 1415
124184798883664 537
124189798981175 1053
124194799117313 940
124199799230206 1101
124204799356768 951
124209799496276 183
124214799603259 1530
124219799733942 626
124224799827875 1082
124229799959375 933
124234800099319 186
124239800198436 1578
124244800296350 585
124249800390994 562
124254800500953 1391
124259800639356 187
124264800742735 1324
124269800879960 632
124274800985997 442
124279801090752 1595
124284801224108 316
124289801327371 984
124294801448537 958
124299801550808 186
124304801644096 1516
124309801784488 652
124314801913577 390
124319802013846 1597
124324802147745 357
124329802251281 1359
124334802346893 922
124339802444324 1578
124344802541017 661
124349802662183 1476
124354802807075 184
124359802925791 1191
124364803058987 786
124369803177338 1000
124374803309132 992
124379803454243 187
124384803559269 1512
124389803656959 650
124394803754276 588
124399803891543 1366
124404804015429 202
124409804110476 1622
124414804215527 604
124419804312095 1582
124424804422546 404
124429804533752 1590
124434804658963 305
124439804757431 1545
124444804884689 457
124449805008142 1570
124454805130547 478
124459805263726 1314
124464805359896 985
124469805456291 1590
124474805570772 481
124479805667599 1572
124484805768081 701
124489805911913 1431
124494806022917 721
124499806154320 1346
124504806270801 638
124509806410233 1393
124514806508532 847
124519806641709 1225
124524806753035 553
124529806857014 1468
124534806965558 824
124539807094029 1244
124544807192024 186
124549807301106 1598
124554807438658 374
124559807536950 1404
124564807661977 637
124569807768444 1220
124574807905255 786
124579808034566 1111
124584808169571 918
124589808270368 1288
124594808400206 784
124599808498737 1265
124604808629111 778
124609808746138 1363
124614808848564 691
124619808973295 1691
124624809105916 401
124629809242150 1454
124634809347597 647
124639809458121 1593
124644809604138 399
124649809713895 1213
124654809823914 789
124659809932859 1088
124664810049799 937
124669810167129 644
124674810311652 1349
124679810414642 430
124684810506868 1562
124689810632337 257
124694810729339 1611
124699810848386 367
124704810948734 1311
124709811052325 770
124714811154889 1607
124719811262006 565
124724811367119 1590
124729811506809 745
124734811648209 1460
124739811753316 642
124744811870774 1449
124749811981657 417
124754812083740 1554
124759812222455 208
124764812337611 1449
124769812481784 550
124774812605803 890
124779812725557 1096
124784812828953 426
124789812933538 1543
124794813040574 196
124799813178391 1585
124804813300862 428
124809813405949 1110
124814813544455 872
124819813638420 1364
124824813756281 710
124829813853011 898
124834813962183 1079
124839814078590 1018
124844814205810 1046
124849814312128 1192
124854814450498 886
124859814577090 1332
124864814715216 773
124869814811450 1617
124874814908453 432
124879815026943 795
124884815130150 1156
124889815232315 323
124894815351432 1543
124899815479838 293
124904815585999 1085
124909815701590 893
124914815796559 541
124919815927449 1426
124924816071005 634
124929816174303 1432
124934816311925 185
124939816414003 1494
124944816513284 563
124949816645716 1605
124954816783754 376
124959816896150 1137
124964817012443 851
124969817107810 1233
124974817219280 824
124979817315070 1442
124984817428990 620
124989817550708 1067
124994817688796 938
124999817791074 1311
125004817923015 760
125009818026292 799
125014818169088 1195
125019818301009 836
125024818437890 1214
125029818536729 225
125034818632565 1601
125039818730818 340
125044818836296 1045
125049818940348 938
125054819045107 857
125059819150360 1142
125064819260166 577
125069819394268 1434
125074819492861 548
125079819618865 1488
125084819727752 183
125089819840626 1120
125094819963682 840
125099820087610 531
125104820213071 1437
125109820307716 379
125114820403389 1579
125119820506534 258
125124820605849 971
125129820733459 968
125134820855098 984
125139820960877 1044
125144821054053 542
125149821150178 1458
125154821254315 322
125159821348661 1598
125164821480513 294
125169821591026 883
125174821722650 1273
125179821851181 182
125184821951575 1071
125189822096816 1086
125194822228111 183
125199822328004 1364
125204822459215 789
125209822570650 204
125214822682339 1621
125219822799753 522
125224822894184 577
125229822998084 1565
125234823117937 205
125239823219586 900
125244823310502 1258
125249823447407 182
125254823552431 1524
125259823672292 480
125264823777230 853
125269823880753 1305
125274823976274 415
125279824080126 1552
125284824177242 255
125289824273423 1608
125294824391238 398
125299824507246 1510
125304824634970 518
125309824725461 961
125314824848930 1019
125319824980839 182
125324825104958 1451
125329825233107 705
125334825357932 273
125339825474401 1608
125344825610963 456
125349825709026 506
125354825824859 1579
125359825959816 259
125364826082371 871
125369826186739 1283
125374826325455 182
125379826427772 1317
125384826554551 633
125389826682102 892
125394826816393 1097
125399826911390 792
125404827035619 1239
125409827163480 572
125414827283269 1453
125419827395515 915
125424827522540 1168
