102687620606844 18
102692620973098 28
102697621162178 34
102702621398341 44
102707621699096 40
102712622045053 54
102717622229015 58
102722622472881 58
102727622766426 65
102732623123718 70
102737623311955 77
102742623550225 79
102747623844302 78
102752624187011 84
102757624365070 85
102762624602429 89
102767624895820 93
102772625238115 95
102777625426764 100
102782625666935 97
102787625992167 107
102792626373042 107
102797626566592 109
102802626815043 117
102807627113178 117
102812627474468 123
102817627679479 125
102822627935897 127
102827628236987 134
102832628599082 140
102837628809849 138
102842629062880 142
102847629370410 144
102852629740532 152
102857629941725 147
102862630201556 153
102867630511142 160
102872630863477 165
102877631031449 168
102882631281919 171
102887631590784 173
102892631945693 170
102897632114101 176
102902632361348 181
102907632676069 183
102912633044007 185
102917633231879 198
102922633478648 195
102927633742913 197
102932634094657 200
102937634284202 203
102942634528845 213
102947634818430 210
102952635166212 213
102957635355975 201
102962635605602 226
102967635913256 232
102972636264961 235
102977636465779 227
102982636715962 229
102987637012066 211
102992637343279 243
102997637522082 235
103002637774815 246
103007638081145 245
103012638436960 248
103017638652084 255
103022638908973 262
103027639188118 274
103032639549472 270
103037639756422 276
103042640012052 274
103047640317687 275
103052640672724 268
103057640876929 281
103062641142052 277
103067641481671 280
103072641845762 280
103077642044701 285
103082642299502 293
103087642625310 295
103092642987222 306
103097643191245 294
103102643445424 294
103107643759697 314
103112644120571 311
103117644317013 311
103122644573583 315
103127644884397 322
103132645244690 311
103137645437662 317
103142645706892 326
103147646002060 314
103152646369919 315
103157646572797 330
103162646828012 331
103167647130247 333
103172647485685 344
103177647679086 336
103182647912758 328
103187648188732 346
103192648555877 324
103197648766039 347
103202649032533 343
103207649331051 348
103212649683820 346
103217649896226 352
103222650143754 350
103227650419378 357
103232650779090 350
103237650981118 360
103242651229613 346
103247651536220 359
103252651886304 361
103257652083672 366
103262652337988 365
103267652658164 390
103272653020300 367
103277653216603 374
103282653463733 369
103287653771263 382
103292654148738 386
103297654344616 368
103302654597631 374
103307654915733 386
103312655267933 398
103317655481125 381
103322655727352 369
103327656032094 391
103332656392972 388
103337656616738 382
103342656866176 398
103347657185957 393
103352657552358 411
103357657753508 403
103362658006975 411
103367658284043 389
103372658644588 404
103377658847035 410
103382659101738 419
103387659411096 420
103392659773932 419
103397659972569 416
103402660241766 434
103407660543178 426
103412660894797 428
103417661089888 416
103422661329272 426
103427661626469 436
103432661977112 427
103437662163568 430
103442662406517 452
103447662695323 454
103452663037458 437
103457663223028 438
103462663462721 443
103467663763382 450
103472664107187 442
103477664282455 450
103482664514279 455
103487664801929 450
103492665145912 451
103497665334535 454
103502665569901 469
103507665858243 454
103512666199811 458
103517666383134 461
103522666628071 482
103527666917025 469
103532667269874 480
103537667452674 468
103542667683250 472
103547667972066 485
103552668355397 479
103557668533145 489
103562668766133 499
103567669060206 513
103572669401730 477
103577669597163 489
103582669834885 501
103587670135044 491
103592670479419 529
103597670665456 512
103602670906585 517
103607671211979 519
103612671554630 518
103617671735072 529
103622671973204 526
103627672301396 533
103632672640266 531
103637672821089 536
103642673058080 532
103647673352741 562
103652673741471 556
103657673939622 579
103662674183763 582
103667674481661 585
103672674824233 575
103677675019132 566
103682675281693 553
103687675568239 567
103692675907152 587
103697676098160 553
103702676342133 551
103707676658167 578
103712677003514 562
103717677186125 609
103722677425750 587
103727677722059 594
103732678081189 607
103737678264477 588
103742678498284 612
103747678784454 607
103752679129607 630
103757679311334 656
103762679561551 634
103767679854877 640
103772680204891 641
103777680389852 635
103782680624918 622
103787680925298 667
103792681267411 639
103797681449963 660
103802681686351 681
103807681976508 669
103812682328158 692
103817682515501 717
103822682755617 708
103827683048946 712
103832683399649 704
103837683588941 683
103842683827405 714
103847684117049 725
103852684456940 723
103857684637030 751
103862684873283 717
103867685183524 726
103872685532746 741
103877685714669 770
103882685948262 739
103887686239500 779
103892686596262 786
103897686783961 817
103902687022116 843
103907687310571 753
103912687654692 766
103917687837801 833
103922688081126 825
103927688369419 824
103932688711706 832
103937688892870 844
103942689132277 835
103947689423142 843
103952689773217 881
103957689954906 856
103962690193170 885
103967690476610 872
103972690821508 913
103977691002811 892
103982691239502 900
103987691531014 915
103992691870525 915
103997692056182 912
104002692288056 951
104007692577403 983
104012692922083 988
104017693112242 986
104022693351264 986
104027693646654 957
104032693987274 1014
104037694170099 1036
104042694416544 1030
104047694713575 1054
104052695056713 1050
104057695246204 1085
104062695483383 1096
104067695771535 1105
104072696121071 1108
104077696310641 1083
104082696551298 1174
104087696862575 1141
104092697205391 1158
104097697389976 1179
104102697627845 1199
104107697922007 1172
104112698266347 1233
104117698448495 1207
104122698687316 1260
104127698974807 1299
104132699325893 1328
104137699518064 1322
104142699753570 1311
104147700041877 1327
104152700388471 1313
104157700585928 1361
104162700824440 1409
104167701113919 1507
104172701449573 1354
104177701634923 1456
104182701868988 1502
104187702169740 1499
104192702517442 1581
104197702707330 1588
104202702942770 1580
104207703235563 1684
104212703580194 1660
104217703763441 1695
104222703998006 1747
104227704320743 1673
104232704664324 1779
104237704847144 1746
104242705092286 1819
104247705386889 1895
104252705739381 1997
104257705926985 1898
104262706161612 2061
104267706454827 1965
104272706795416 2182
104277706977095 2023
104282707207779 2202
104287707491651 2214
104292707836377 2307
104297708027356 2240
104302708263569 2150
104307708554468 2396
104312708905328 2441
104317709094541 2511
104322709332695 2479
104327709624982 2651
104332709968965 2819
104337710151354 2798
104342710384772 2830
104347710674734 3040
104352711012184 3035
104357711197553 3176
104362711436741 3211
104367711724764 3280
104372712078787 3457
104377712272429 3443
104382712479025 3559
104387712760645 3796
104392713090484 4076
104397713267774 3959
104402713483368 4294
104407713790035 4583
104412714102262 4658
104417714287218 4835
104422714523084 5035
104427714808405 5263
104432715161691 5560
104437715351415 6122
104442715546996 6051
104447715820880 6450
104452716120141 6853
104457716303546 7272
104462716493312 8037
104467716785329 8282
104472717034375 8188
104477717232128 9269
104482717398472 9214
