100863234190131 1764
100868234383487 1682
100873234549085 1642
100878234663585 1605
100883234788825 1594
100888234941918 1614
100893235075860 1605
100898235198720 1355
100903235346394 1617
100908235473902 1579
100913235576396 1596
100918235682205 1563
100923235793011 1597
100928235912016 1284
100933236033699 1541
100938236193304 1529
100943236305004 1542
100948236419940 1546
100953236531626 1511
100958236646653 1283
100963236797828 1549
100968236909227 1544
100973237018658 1526
100978237125384 1513
100983237233732 1515
100988237349166 1256
100993237443318 1517
100998237539835 1531
101003237637023 1516
101008237732435 1529
101013237829808 1488
101018237931595 1297
101023238037483 1517
101028238141610 1513
101033238245800 1510
101038238350212 1501
101043238457919 1514
101048238573961 1129
101053238681816 1533
101058238775522 1548
101063238868596 1526
101068238965135 1527
101073239076635 1505
101078239171180 1250
101083239265622 1514
101088239360040 1536
101093239469039 1520
101098239573522 1522
101103239668251 1505
101108239776360 1234
101113239893033 1543
101118239998003 1497
101123240120078 1522
101128240220525 1523
101133240320568 1516
101138240420664 1218
101143240516190 1488
101148240611850 1493
101153240705738 1526
101158240798466 1500
101163240898456 1478
101168241006864 1221
101173241140832 1506
101178241243644 1510
101183241346288 1512
101188241447889 1507
101193241545175 1505
101198241635798 1185
101203241763045 1498
101208241874850 1534
101213241976825 1526
101218242070903 1508
101223242172541 1517
101228242277253 1108
101233242384703 1524
101238242490948 1522
101243242600967 1530
101248242708108 1538
101253242807055 1522
101258242911522 1193
101263243018015 1523
101268243124686 1535
101273243231643 1523
101278243337923 1538
101283243457847 1448
101288243611051 593
101293243761852 0
101298243853414 365
101303243990155 1253
101308244127764 687
101313244274032 567
101318244430515 403
101323244593061 0
101328244687723 0
101333244843494 0
101338245056691 0
101343245317237 0
101348245441518 116
101353245575163 17
101358245722851 347
101363245870108 398
101368246002828 488
101373246102502 714
101378246256782 343
101383246410298 0
101388246553063 0
101393246695340 0
101398246775756 749
101403246866713 1205
101408247012900 1061
101413247176746 0
101418247320974 0
101423247471946 0
101428247613235 0
101433247704225 968
101438247855758 1002
101443247968487 611
101448248093643 1519
101453248208729 1507
101458248303895 1499
101463248411052 1497
101468248545886 1102
101473248647969 1449
101478248748563 1527
101483248846415 1532
101488248939083 1522
101493249041588 1500
101498249173340 1148
101503249270297 1426
101508249362769 1505
101513249453095 1512
101518249545679 1513
101523249640501 1498
101528249747836 1176
101533249858007 1228
101538249950186 1515
101543250044067 1505
101548250138618 1583
101553250231227 1523
101558250378239 1219
101563250482090 1301
101568250590782 1530
101573250695925 1629
101578250807249 1521
101583250911010 1508
101588251043557 1234
101593251141359 1207
101598251236594 1548
101603251342405 1523
101608251450369 1525
101613251554697 1500
101618251715445 1245
101623251821218 1103
101628251922974 1529
101633252026494 1539
101638252127548 1505
101643252222161 1495
101648252311204 1313
101653252405015 1221
101658252503322 1514
101663252603316 1498
101668252710081 1555
101673252797908 1645
101678252927835 1317
101683253022196 1023
101688253116359 1465
101693253211236 1456
101698253319428 1426
101703253446110 1482
101708253599932 1337
101713253701147 824
101718253809831 1468
101723253921361 1477
101728254046366 1478
101733254163581 1472
101738254291404 1386
101743254387440 1048
101748254491809 1464
101753254603001 1484
101758254707535 1477
101763254832224 1473
101768254981669 1346
101773255117952 634
101778255228375 1485
101783255363797 1470
101788255467117 1492
101793255574273 1473
101798255684472 1410
101803255797501 824
101808255900964 1475
101813256009362 1383
101818256117527 1482
101823256232383 1461
101828256347009 1469
101833256460592 935
101838256573866 1448
101843256699306 1479
101848256798602 1486
101853256903297 1309
101858257020674 1136
101863257274561 6
101868257411292 0
101873257544809 8
101878257670874 143
101883257773085 1036
101888257878344 904
101893258048727 35
101898258187690 0
101903258320141 0
101908258450354 0
101913258626222 13
101918258769078 99
101923258858632 246
101928258952835 757
101933259092727 692
101938259197641 708
101943259322806 708
101948259436283 702
101953259573703 473
101958259699562 0
101963259812451 0
101968259947851 0
101973260097874 0
101978260250649 0
101983260392800 0
101988260538615 0
101993260679402 3
101998260815012 0
102003260930734 0
102008261068765 137
102013261181094 703
102018261319176 488
102023261470484 323
102028261622379 0
102033261760227 0
102038261912150 0
102043262047791 0
102048262186741 1
102053262320847 2
102058262496232 0
102063262634513 27
102068262848180 0
102073262937821 128
102078263039419 426
102083263193943 719
102088263319460 629
102093263488801 228
102098263630620 0
102103263819302 0
102108263952421 0
102113264113232 3
102118264248996 0
102123264423631 0
102128264550514 0
102133264687338 0
102138264823123 0
102143264919864 99
102148265054107 708
102153265217975 183
102158265357461 0
102163265536084 0
102168265693345 0
102173265873185 0
102178266008475 0
102183266152289 0
102188266259539 511
102193266362933 949
102198266499065 640
102203266604435 1015
102208266749484 1165
102213266882999 446
102218267000073 0
102223267159277 0
102228267252622 0
102233267405436 0
102238267519761 0
102243267642894 12
102248267774965 0
102253267913381 159
102258268106134 228
102263268202719 363
102268268296181 1287
102273268394893 1516
102278268497450 1501
102283268629468 593
102288268781409 1
102293268928934 31
102298269024976 358
102303269120714 1475
102308269213819 1500
102313269321569 643
102318269425856 24
102323269529647 927
102328269642616 1505
102333269754263 1498
102338269865102 1490
102343270015804 761
102348270148910 264
102353270247618 1223
102358270345721 1498
102363270446200 1484
102368270548969 1486
102373270689279 828
102378270834217 139
102383270933372 1130
102388271035267 1469
102393271134783 1477
102398271227468 1469
102403271366575 874
102408271503152 169
102413271636533 686
102418271732293 1465
102423271828387 1499
102428271923766 1493
102433272049219 969
102438272202245 200
102443272299897 774
102448272407241 1483
102453272512805 1484
102458272623019 1488
102463272773411 967
102468272911561 9
102473273011003 621
102478273112768 1485
102483273212550 1454
102488273317812 1482
102493273443819 1045
102498273558468 253
102503273666976 489
102508273778016 1507
102513273895577 1493
102518274011059 1486
102523274122436 1100
102528274298250 7
102533274407474 449
102538274520652 1476
102543274652194 1474
102548274754037 1487
102553274882995 1179
102558275027340 254
102563275165792 954
102568275280099 1492
102573275389648 1470
102578275510904 1474
102583275650707 1224
102588275779992 12
102593275863119 229
102598275974354 1054
102603276090044 1487
102608276185564 1491
102613276324652 1255
102618276453569 22
102623276550695 280
102628276643681 1499
102633276730561 1544
102638276821534 1535
102643276986541 1381
102648277137250 34
102653277245908 87
102658277381950 899
