110274657791559 108
110279657937778 239
110284658131814 328
110289658291096 394
110294658469681 466
110299658627485 496
110304658833520 605
110309658974347 703
110314659180889 785
110319659334999 856
110324659519154 1003
110329659673713 1154
110334659859757 1491
110339660028197 1851
110344660198897 2664
110349660313841 3475
110354660421010 5273
110359660518877 8418
110364660616660 12446
110369660749368 13741
110374660848652 13853
110379660948620 13982
110384661040532 13921
110389661129862 13786
110394661214081 13962
110399661315734 13888
110404661402973 13750
110409661557127 13953
110414661648836 13838
110419661766696 13834
110424661878145 13746
110429661966025 13879
110434662055986 13902
110439662206688 13946
110444662300459 14062
110449662389165 14075
110454662476356 13870
110459662566391 14070
110464662664256 13870
110469662754532 13781
110474662845975 13901
110479662967502 13997
110484663053062 13661
110489663158856 13704
110494663285397 13799
110499663389362 13857
110504663508458 13908
110509663600794 13889
110514663745412 13782
110519663905859 13815
110524663997492 13993
110529664149374 13859
110534664240184 14021
110539664328802 13806
110544664434418 13826
110549664531368 13955
110554664657712 13870
110559664786481 13762
110564664880543 13831
110569665023726 13747
110574665147086 13808
110579665241608 13851
110584665370028 13731
110589665496251 13796
110594665588374 13664
110599665708161 13767
110604665858368 13768
110609665954361 13886
110614666100975 13827
110619666193424 14082
110624666303533 14035
110629666405711 13912
110634666507196 13820
110639666596765 13867
110644666713942 13826
110649666832122 13756
110654666918846 13788
110659667062623 13896
110664667210101 13856
110669667300627 13692
110674667398348 13798
110679667519358 14010
110684667627129 13786
110689667742445 13974
110694667899573 14015
110699668015743 13909
110704668109289 14048
110709668231113 13968
110714668331795 14047
110719668464350 14295
110724668568362 14398
110729668662384 14094
110734668805142 14349
110739668906549 14204
110744669011879 14321
110749669115324 14313
110754669216986 15393
110759669315906 15788
110764669441999 15748
110769669621324 16039
110774669730769 15773
110779669849890 15817
110784669938856 16077
110789670041601 16130
110794670135619 15878
110799670226500 16053
110804670336656 16095
110809670476055 15804
110814670573137 16113
110819670665696 15795
110824670755653 15812
110829670875272 16017
110834670989098 16005
110839671080772 16052
110844671183632 15879
110849671318102 16036
110854671407331 15833
110859671543408 15861
110864671665985 15922
110869671761583 15970
110874671893575 15714
110879671995612 15841
110884672100188 15875
110889672209102 15780
110894672326908 15821
110899672462741 15985
110904672554716 15875
110909672651699 15891
110914672805495 15891
110919672898580 15936
110924673032690 15799
110929673127587 15929
110934673282169 15939
110939673379594 15915
110944673527605 15865
110949673662302 16065
110954673753189 16109
110959673857670 16092
110964673950263 16002
110969674038080 15932
110974674174143 16372
110979674259708 16058
110984674376947 16156
110989674482162 16016
110994674601968 16083
110999674709405 16032
111004674830377 15983
111009674967149 15916
111014675071018 15856
111019675184155 15882
111024675275672 16024
111029675389204 16127
111034675478691 15811
111039675569456 15959
111044675681165 16150
111049675776116 16130
111054675869528 16056
111059676771229 16139
111064676865051 16029
111069677015352 15939
111074677101236 15940
111079677185537 16312
111084677264825 15951
111089677385654 15846
111094677499384 16158
111099677628427 16096
111104677714933 16119
111109677796620 16134
111114677894986 16165
111119677986550 16056
111124678075798 16049
111129678166099 16092
111134678400834 16154
111139678511423 16081
111144678638797 15880
111149678745228 15946
111154678872422 16029
111159678998983 15881
111164679129197 15932
111169679249014 16219
111174679378006 15820
111179679499590 16208
111184679621231 15982
111189679742068 16077
111194679845404 16227
111199679994287 15941
111204680137356 16062
111209680262572 16080
111214680409306 16206
111219680610799 16002
111224680736076 15873
111229680847404 16130
111234680994463 16132
111239681114942 16220
111244681245244 16337
111249681410895 16088
111254681499470 16109
111259681718766 16123
111264681818252 15932
111269681907883 16168
111274681994962 15969
111279682113014 16013
111284682213260 16089
111289682307066 15850
111294682399180 16085
111299682492976 16043
111304682580170 16093
111309682681065 16266
111314682770882 16093
111319682866929 16155
111324682989274 16182
111329683082756 15984
111334683212491 15985
111339683301531 16080
111344683391832 15893
111349683487032 16027
111354683605960 16019
111359683697219 15859
111364683800163 16018
111369683912063 16055
111374683991418 15850
111379684080110 16015
111384684171142 16062
111389684300042 15963
111394684392204 15824
111399684532552 15780
111404684620069 16055
111409684709638 15907
111414684804744 16024
111419684945948 15710
111424685037863 15727
111429685125363 15792
111434685208293 15622
111439685321523 15713
111444685414182 15973
111449685542958 15772
111454685629156 15662
111459685748739 15840
111464685860421 15784
111469685987384 16033
111474686076801 16063
111479686200475 15970
111484686288361 15897
111489686401999 16019
111494686488929 15904
111499686580657 15853
111504686688405 16057
111509686778953 15874
111514686871151 15708
111519686960605 15985
111524687055009 16064
111529687146623 15888
111534687240894 15799
111539687340054 15988
111544687423892 15907
111549687514706 15977
111554687607900 16026
111559687700521 15909
111564687790214 16107
111569687885585 16057
111574687988303 16011
111579688098611 15993
111584688185194 15835
111589688299550 15938
111594688395573 15879
111599688537617 15904
111604688630763 15905
111609688761470 16082
111614688847342 15837
111619688969228 15889
111624689073121 15879
111629689164790 15754
111634689286329 15756
111639689413875 15830
111644689537240 15813
111649689636216 16012
111654689734050 15931
111659689833962 16094
111664689921151 15837
111669690017338 15964
111674690109908 15959
111679690260358 15939
111684690365986 15921
111689690508485 15798
111694690644597 15920
111699690735506 15933
111704690844635 15979
111709690953497 16083
111714691054128 16142
111719691183171 16058
111724691296206 16093
111729691403461 16090
111734691501101 15999
111739691589319 15943
111744691685156 15872
111749691768957 15994
111754691910885 16108
111759692008282 15990
111764692097267 16018
111769692198765 16203
111774692351377 15996
111779692447103 16145
111784692545854 16193
111789692634554 16248
111794692735647 15938
111799692838457 16060
111804692953054 15940
111809693069844 16081
111814693156574 15922
111819693268666 16297
111824693362764 16241
111829693475519 16403
111834693572546 16193
111839693659003 16038
111844693775415 15929
111849693882846 16148
111854693983683 16082
111859694077277 16179
111864694170090 15907
111869694266422 16296
111874694361301 16097
111879694459047 16171
111884694555569 16002
111889694645961 15985
111894694745082 15853
111899694843551 16059
111904694985808 16010
111909695097367 16055
111914695205161 15999
111919695309648 16162
111924695442657 16022
111929695546092 16039
111934695629909 15997
111939695725789 16003
111944695828772 15877
111949695968066 15985
111954696064709 15920
111959696164413 15879
111964696274014 16011
111969696389994 16100
111974696474734 16008
111979696570516 15876
111984696669616 15995
111989696759499 15911
111994696851442 15820
111999696954708 15969
112004697054096 16022
112009697147403 16055
112014697255546 15896
112019697346606 16088
112024697446075 15909
112029697533877 15809
112034697680823 16001
112039697773351 15838
112044697862048 16013
112049697964295 16260
112054698089123 16144
112059698197545 15949
112064698312825 15844
112069698434472 15854
