108459067125117 2019
108464067289735 1963
108469067408179 1886
108474067515412 1886
108479067652738 1850
108484067774474 1851
108489067898081 1855
108494068084818 1836
108499068261454 1862
108504068485184 1905
108509068648231 1872
108514068822373 1835
108519068983199 1805
108524069093998 1792
108529069199193 1778
108534069374536 1766
108539069564650 1774
108544069674184 1767
108549069792052 1779
108554069900451 1785
108559070014483 1741
108564070279340 1763
108569070403711 1778
108574070573666 1754
108579070669954 1748
108584070766513 1781
108589070864349 1759
108594070962001 1772
108599071052095 1755
108604071142670 1766
108609071234212 1759
108614071327498 1778
108619071421309 1741
108624071512898 1759
108629071604642 1789
108634071696005 1761
108639071787910 1764
108644071883069 1752
108649072020043 1772
108654072114428 1755
108659072206010 1755
108664072297762 1736
108669072390845 1715
108674072481522 1763
108679072572264 1766
108684072666300 1732
108689072758034 1776
108694072853731 1754
108699072950021 1767
108704073042063 1739
108709073158743 1739
108714073258498 1718
108719073354287 1732
108724073448641 1727
108729073541283 1723
108734073649449 1763
108739073743708 1741
108744073834795 1753
108749073930557 1776
108754074051045 1780
108759074152184 1757
108764075187563 1772
108769075282447 1780
108774075380603 1777
108779075471674 1765
108784075566159 1755
108789075660000 1764
108794075751247 1788
108799075842160 1853
108804075948838 1896
108809076067001 1781
108814076164545 1795
108819076256053 1710
108824076352011 1764
108829076444138 1812
108834076542087 1832
108839076632087 1810
108844076725382 1799
108849076816288 1814
108854076910349 1797
108859077011344 1761
108864077126152 1772
108869077223265 1792
108874077311633 1764
108879077418039 1779
108884077509328 1786
108889077600829 1792
108894077690872 1791
108899077799548 1767
108904077892904 1809
108909077984929 1784
108914078074664 1777
108919078175655 1782
108924078273377 1769
108929078369344 1763
108934078461525 1805
108939078556296 1804
108944078646848 1798
108949078736307 1821
108954078844826 1822
108959078935449 1806
108964079024831 1782
108969079121149 1799
108974079230778 1802
108979079330123 1787
108984079444785 1777
108989079539272 1767
108994079632825 1795
108999079725949 1793
109004079836439 1775
109009079929908 1774
109014080026084 1793
109019080116173 1790
109024080207515 1777
109029080300949 1778
109034080392217 1814
109039080488449 1775
109044080583387 1764
109049080676598 1791
109054080769967 1795
109059080911662 1766
109064081018193 1787
109069081142859 1797
109074081235295 1747
109079081326802 1726
109084081435312 1736
109089081528813 1729
109094081621780 1708
109099081712765 1737
109104081807524 1722
109109081897905 1703
109114081989189 1714
109119082116908 1689
109124082214795 1725
109129082308432 1710
109134082401635 1724
109139082494782 1733
109144082603326 1728
109149082694328 1709
109154082786145 1726
109159082894249 1680
109164083011656 1691
109169084058472 1714
109174084150759 1700
109179084244752 1703
109184084336712 1715
109189084448557 1728
109194084541530 1745
109199084632879 1717
109204084736194 1747
109209084831964 1723
109214084921421 1693
109219085027984 1701
109224085120879 1695
109229085212089 1735
109234085305847 1719
109239085396319 1731
109244085486274 1741
109249085578699 1734
109254085679577 1722
109259085779190 1712
109264085873791 1692
109269085966788 1721
109274086059700 1720
109279086153379 1722
109284086246561 1744
109289086341879 1696
109294086436284 1718
109299086527519 1730
109304086619172 1710
109309086711172 1708
109314086812636 1711
109319086918176 1673
109324087008417 1716
109329087100787 1733
109334087191973 1702
109339087302120 1738
109344087396254 1730
109349087489376 1717
109354087582920 1708
109359087681900 1713
109364087774898 1701
109369087865839 1705
109374087980814 1697
109379088093541 1701
109384088183826 1728
109389088276207 1709
109394088367959 1721
109399088490333 1715
109404088601609 1702
109409088706106 1670
109414088799695 1696
109419088893279 1727
109424088983772 1724
109429089074667 1710
109434089202566 1688
109439089301981 1698
109444089392888 1698
109449089494715 1691
109454089584390 1696
109459089676985 1700
109464089767701 1708
109469089859789 1705
109474089956042 1716
109479090050943 1709
109484090143468 1700
109489090237876 1710
109494090339771 1734
109499090446985 1686
109504090558024 1696
109509090667964 1693
109514090773333 1714
109519090893548 1714
109524091013710 1722
109529091123119 1706
109534091243665 1733
109539091340785 1705
109544091438692 1700
109549091533930 1699
109554091627772 1706
109559091728707 1709
109564091861112 1699
109569091971172 1703
109574092090923 1736
109579092195664 1708
109584092302474 1711
109589092407455 1674
109594092506596 1726
109599092606462 1725
109604092729902 1708
109609092828956 1710
109614092927596 1714
109619093022527 1714
109624093111363 1691
109629093209475 1707
109634093307644 1678
109639093400273 1700
109644093505746 1723
109649093602027 1710
109654093693169 1686
109659093783478 1736
109664093874647 1686
109669093967089 1717
109674094063424 1732
109679094159154 1712
109684094253172 1680
109689094344879 1704
109694094434771 1722
109699094526979 1695
109704094617456 1707
109709094725289 1712
109714094819662 1698
109719094913207 1728
109724095005295 1714
109729095097338 1688
109734095196887 1727
109739095301492 1742
109744095409074 1722
109749095514257 1705
109754095615594 1724
109759095720208 1700
109764095824242 1714
109769095931305 1752
109774096030488 1690
109779096128206 1705
109784096223829 1709
109789096321126 1733
109794096411920 1702
109799096502527 1751
109804096595154 1751
109809096687466 1738
109814096778625 1714
109819096868307 1729
109824096984393 1709
109829097085012 1716
109834097196122 1731
109839097295588 1708
109844097406656 1719
109849097499104 1746
109854097593037 1726
109859097705775 1733
109864097802317 1714
109869097892811 1733
109874098001790 1709
109879098093734 1753
109884098185208 1725
109889098283451 1720
109894098379245 1725
109899098470210 1691
109904098563124 1706
109909098654741 1735
109914098773808 1732
109919098869321 1716
109924098977672 1701
109929099088987 1702
109934099184118 1719
109939099285713 1722
109944099381023 1741
109949099487860 1716
109954099582304 1731
109959099699600 1731
109964099791785 1712
109969099881381 1731
109974099973978 1693
109979100073490 1733
109984100162762 1741
109989100255215 1741
109994100347069 1772
109999100445169 1725
110004100542379 1717
110009100663709 1711
110014100755437 1738
110019100849564 1715
110024100941445 1678
110029101032875 1726
110034101126337 1719
110039101218897 1708
110044101311450 1719
110049101404932 1686
110054101496964 1707
110059101599735 1701
110064101695138 1690
110069101819301 1715
110074101912740 1696
110079102003321 1716
110084102094237 1720
110089102188260 1709
110094102306482 1703
110099102398701 1709
110104102494159 1718
110109102586066 1692
110114102707958 1722
110119102810568 1703
110124102907516 1725
110129102995835 1691
110134103113827 1680
110139103205969 1655
110144103296047 1722
110149103388719 1682
110154103479800 1680
110159103592930 1694
110164103695433 1719
110169103793079 1715
110174103903041 1670
110179103995154 1687
110184104100284 1717
110189104191701 1674
110194104281759 1680
110199104378125 1697
110204104467087 1716
110209104560131 1747
110214104680649 1702
110219104772921 1700
110224104880307 1722
110229104977819 1717
110234105071058 1709
110239105162931 1708
110244105253359 1707
110249105347831 1694
110254105439850 1706
