249173442068406 2712
249178442162600 2330
249183442261593 1493
249188442384984 2290
249193442483447 1294
249198442561867 1107
249203442646751 1420
249208442755283 1290
249213442834107 1172
249218442915741 1192
249223442995404 1269
249228443073245 1111
249233443159529 1262
249238443237919 1216
249243443312305 1161
249248443395282 1227
249253443476513 1234
249258443568756 1300
249263443657417 1191
249268443732648 1256
249273443812865 1206
249278443893637 1179
249283443978021 1277
249288444076600 1334
249293444159801 1238
249298444240373 1270
249303444323030 1114
249308444410267 1212
249313444494326 1329
249318444575158 1142
249323444661233 1160
249328444738318 1460
249333444813888 1132
249338444898245 1312
249343444984379 1271
249348445078551 1095
249353445165025 1235
249358445246666 1274
249363445320823 1281
249368445404675 1270
249373445484536 1192
249378445571517 1118
249383445650105 1467
249388445729173 1298
249393445813413 1282
249398445887102 1141
249403445978337 1113
249408446071738 1269
249413446159088 1238
249418446245562 1115
249423446329603 1161
249428446409317 1300
249433446488692 1256
249438446568348 418
249443446648165 412
249448446734134 909
249453446832180 1410
249458446917320 1316
249463446998706 1169
249468447086435 1313
249473447162631 1192
249478447745081 1202
249483447825054 1204
249488447909637 1194
249493447991477 1096
249498448084645 1311
249503448171212 1200
249508448252709 1048
249513448335158 402
249518448413333 401
249523448495093 419
249528448570261 382
249533448650005 1228
249538448738356 1551
249543448832627 1129
249548448918713 1234
249553448999117 1265
249558449080243 1060
249563449166943 1287
249568449255254 1227
249573449341754 1096
249578449428422 1251
249583449514596 1218
249588449594776 1154
249593449680731 1206
249598449763694 807
249603449846598 410
249608449926372 412
249613450007976 385
249618450087506 636
249623450171683 1529
249628450252529 1397
249633450342621 1286
249638450429363 1109
249643450514226 1254
249648450597448 1260
249653450678628 1053
249658450760848 1276
249663450842544 1252
249668450922360 1174
