13708004172349 1215
13713004317905 2239
13718004490504 3091
13723004656849 3661
13728004761134 3970
13733004918722 4050
13738005030960 4049
13743005142633 4057
13748005252406 4079
13753005378825 4049
13758005503961 4028
13763005647941 4010
13768005754883 4040
13773005878397 3981
13778006006059 3982
13783006124250 3991
13788006254745 3960
13793006362568 3975
13798006478615 3957
13803006612039 3939
13808006725302 4037
13813006854238 4163
13818006955874 4223
13823007080137 4191
13828007207300 4012
13833007332908 4022
13838007447170 4136
13843007542919 4182
13848007646970 4211
13853007757255 3980
13858007868283 3941
13863007995704 3909
13868008105535 3903
13873008207479 3898
13878008319003 3927
13883008427154 3857
13888008551222 3895
13893008689356 3909
13898008787939 3934
13903008912004 3901
13908009015887 3904
13913009152411 3901
13918009282138 3897
13923009399258 3867
13928009516142 3877
13933009623655 3866
13938009729199 3869
13943009856726 3886
13948009970916 3913
13953010115580 3914
13958010223173 3882
13963010326463 3864
13968010442824 3897
13973010558744 3889
13978010673205 3932
13983010786832 3933
13988010890372 3891
13993010996552 3942
13998011121270 4022
14003011243918 3911
14008011352042 3911
14013011480646 4087
14018011593324 4151
14023011707265 4172
14028011848117 4030
14033011995266 3954
14038012125151 3926
14043012243990 3950
14048012363655 3885
14053012473064 3852
14058012583093 3860
14063012689836 3989
14068012814551 4106
14073012944608 4043
14078013056758 3993
14083013181807 4126
14088013305048 4134
14093013418739 4010
14098013524819 4067
14103013672150 4158
14108013796185 4153
14113013909550 3996
14118014019482 3861
14123014155247 3902
14128014296653 3923
14133014406449 3878
14138014515989 3900
14143014623136 4029
14148014739279 4180
14153014855250 4027
14158014960834 3901
14163015063458 3903
14168015173460 3959
14173015281515 4107
14178015397697 4154
14183015510960 4215
14188015639186 4046
14193015740833 4065
14198015851794 4176
14203015978144 4162
14208016112266 4063
14213016222431 3910
14218016331150 3885
14223016464322 3905
14228016574468 3861
14233016682941 3915
14238016806772 3895
14243016927130 3862
14248017036031 3890
14253017137590 3874
14258017251885 3901
14263017360931 3921
14268017465768 4019
14273017588795 4154
14278017698730 4172
14283017807424 3992
14288017914230 3883
14293018024985 3905
14298018134745 3922
14303018261399 3876
14308018366200 3997
14313018509328 4164
14318018619850 4137
14323018755919 4107
14328018868892 3832
14333018980099 3879
14338019089063 3887
14343019211855 3920
14348019322644 3888
14353019430366 3968
14358019555226 3947
14363019717161 4081
14368019844085 4146
14373019941944 4136
14378020064916 3979
14383020168789 3871
14388020271139 3946
14393020393537 3910
14398020489345 3885
14403020582897 3987
14408020697067 3881
14413020793780 3920
14418020899332 3936
14423020997490 4068
14428021108819 4183
14433021204239 4160
14438021325350 3992
14443021426551 4015
14448021517938 4121
14453021646021 4141
14458021755715 4043
14463021861452 3951
14468021954451 4102
14473022049256 4129
14478022162309 4168
14483022253690 3931
14488022349491 3946
14493022456850 3892
14498022558729 3907
14503022655756 3899
14508022749377 3992
14513022859373 4102
14518022971346 4117
14523023098413 4143
14528023221014 3925
14533023328703 4106
14538023436762 4128
14543023543889 4116
14548023653043 3927
14553023779436 3866
14558023882235 3894
14563023994586 3875
14568024102474 3874
14573024210456 3898
14578024336203 3904
14583024463157 3889
14588024571035 3867
14593024677287 3889
14598024799171 3892
14603024906938 3901
14608025011920 3930
14613025125603 3916
14618025219410 3878
14623025309688 3853
14628025405390 3837
14633025518296 3880
14638025616960 4081
14643025718602 3977
14648025812415 3889
14653025920842 3962
14658026019533 3920
14663026116308 3904
14668026213652 4003
14673026323716 4102
14678026430545 4132
14683026539121 3987
14688026662626 3974
14693026766877 4135
14698026897357 4134
14703027004954 4089
14708027131173 3853
14713027256862 3849
14718027357262 3883
14723027483737 3909
14728027583043 4041
14733027685483 4139
14738027806667 4151
14743027902746 3996
14748028026210 3918
14753028126874 4047
14758028234633 3994
14763028335726 4112
14768028428464 4264
14773028524763 4292
14778028619202 4261
14783028719733 4091
14788028816748 4084
14793028927856 4126
14798029029253 4050
14803029133825 4104
14808029232408 4085
14813029351156 4115
14818029471103 4119
14823029578079 4126
14828029704931 4141
14833029824473 4135
14838029938311 4232
14843030044575 4303
14848030151672 4311
14853030262026 4226
14858030367594 4095
14863030461840 4114
14868030585225 4080
14873030699707 4140
14878030828668 4133
14883030930142 4095
14888031038391 4093
14893031142425 4114
14898031238937 4110
14903031332149 4111
14908031439324 4079
14913031541965 4090
14918031671089 4088
14923031775750 4195
14928031923810 4113
14933032040491 4162
14938032140355 4038
14943032233912 4063
14948032328919 4100
14953032424515 4065
14958032523568 4055
14963032642077 4072
14968032779217 4114
14973032905618 4078
14978033022374 4138
14983033141281 4109
14988033270949 4040
14993033391639 4059
14998033516803 4062
15003033644702 4179
15008033751576 4253
15013033858471 4253
15018033994037 4223
15023034107198 4045
15028034212931 4067
15033034356028 4063
15038034462183 4043
15043034569883 4042
15048034676404 4075
15053034804300 4079
15058034909188 4028
15063035035257 4069
15068035158814 4064
15073035268775 4064
15078035368151 4076
15083035470246 4044
15088035579185 4064
15093035684396 4116
15098035787857 4066
15103035909028 4039
15108036021753 4157
15113036112566 4241
15118036229607 4263
15123036355550 4212
15128036460900 4246
15133036586896 4272
15138036700753 4246
15143036808976 4159
15148036928087 4081
15153037076899 4086
15158037184321 4031
15163037288148 3978
15168037387032 4056
15173037507061 4006
15178037618400 4033
15183037724107 3983
15188037848502 4067
15193037955361 4021
15198038074261 4015
15203038205956 4007
15208038326681 4014
15213038439548 4045
15218038548238 4007
15223038659523 4024
15228038769276 3994
15233038880116 4003
15238039007582 3979
15243039136491 3978
15248039259605 3976
15253039373779 4030
15258039487995 4009
15263039592024 3996
15268039713586 4033
15273039826384 4049
15278039949564 4038
15283040021805 4056
15288040125090 4048
15293040241444 3993
15298040339707 4019
15303040433186 4020
15308040533999 3991
15313040656650 4043
15318040751688 4030
15323040853578 4142
15328040952882 4183
15333041051747 4217
15338041146790 4244
15343041266227 4008
15348041382616 4156
15353041507833 4072
15358041623544 4014
15363041738270 4007
15368041841969 4135
15373041967451 4215
15378042069390 4181
15383042182110 4207
15388042280624 4098
15393042409867 4159
15398042514335 4239
15403042634996 4216
15408042765422 4166
15413042862703 4009
15418042956795 4062
15423043054218 4017
15428043147992 4096
15433043255048 4031
15438043372741 4022
15443043477556 4016
15448043585429 4045
15453043693043 4115
15458043801018 4030
15463043916124 3994
15468044052793 4034
15473044173528 4035
15478044278795 4044
15483044376013 4025
15488044498666 4110
15493044615347 3951
15498044708199 4000
15503044832323 4009
