10022540757399 5038
10027540942864 4652
10032541108419 4599
10037541240641 4346
10042541363910 4537
10047541489946 4372
10052541601641 4406
10057541730212 4260
10062541872398 4358
10067541984874 4223
10072542099339 4279
10077542226127 4263
10082542352469 4220
10087542474013 4133
10092542604243 4165
10097542740824 4000
10102542860715 4130
10107542984827 4069
10112543102647 4029
10117543204430 4114
10122543329837 4012
10127543470906 3857
10132543603755 4103
10137543715054 4012
10142543839598 4000
10147543953076 4026
10152544037987 3994
10157544159159 3850
10162544268282 4058
10167544382808 3953
10172544492563 2902
10177544630965 1254
10182544744747 908
10187544886250 1028
10192545000460 1098
10197545103100 2264
10202545237666 3205
10207545369462 3584
10212545484748 3746
10217545622414 3868
10222545749625 3988
10227545864067 3883
10232546000509 3929
10237546115378 3849
10242546237408 4014
10247546380086 3797
10252546491000 3964
10257546613912 3870
10262546737887 3913
10267546854340 3829
10272546969351 3863
10277547088578 3869
10282547216546 3913
10287547325512 3879
10292547451794 3799
10297547578024 3844
10302547709495 3801
10307547808379 3809
10312547908407 3866
10317548030099 3769
10322548137822 3784
10327549083894 3797
10332549196755 3815
10337549329640 3780
10342549480025 3833
10347549587937 3831
10352549732094 3660
10357549875564 3064
10362550017472 1710
10367550165813 1163
10372550299107 1383
10377550436388 1139
10382550569644 1053
10387550696977 1279
10392550804629 1275
10397550915437 1029
10402551052678 2408
10407551153929 2788
10412551266975 3418
10417551378389 3636
10422551488432 4042
10427551592895 3890
10432551705197 4093
10437551828677 3943
10442551963008 3968
10447552086987 3991
10452552198739 3988
10457552307107 3824
10462552421131 4065
10467552539292 4079
10472552669479 3984
10477552818475 4025
10482552927506 3990
10487553037112 3901
10492553150388 4073
10497553263128 3999
10502553377877 4029
10507553495714 4110
10512553617032 4009
10517553743035 3913
10522553846043 4032
10527553937289 3979
10532554029770 3937
10537554130482 3979
10542554236929 3994
10547554331931 3826
10552554429165 4002
10557554551491 3980
10562554652027 4045
10567554751339 4044
10572554852815 4045
10577554956370 3814
10582555093356 4064
10587555224658 3984
10592555346281 4065
10597555466261 4085
10602555606481 3936
10607555720469 3711
10612555830741 4037
10617555950052 3938
10622556046707 3977
10627556192731 4032
10632556309580 3978
10637556433693 3795
10642556561039 3990
10647556693276 3947
10652556797934 4079
10657556920701 3907
10662557057963 3913
10667557175306 3780
10672557293441 4017
10677557411885 3925
10682557561063 3955
10687557662506 3978
10692557816345 4008
10697557930721 3661
10702558058783 3995
10707558166093 4107
10712558276360 3945
10717558370847 3962
10722558463455 3974
10727558568661 3659
10732558669632 4111
10737558766555 3928
10742558857050 3976
10747558953286 4062
10752559047347 3920
10757559157234 3550
10762559253475 4087
10767559347828 3886
10772559459340 3976
10777559572240 4013
10782559674045 3852
10787559774691 3875
10792559885373 4023
10797560023994 3951
10802560137652 3980
10807560257496 3922
10812560380012 3927
10817560487136 3831
10822560579831 3990
10827560689935 4003
10832560800976 3983
10837560908642 3973
10842561017434 4157
10847561125002 3870
10852561230608 4052
10857561348823 3921
10862561472963 4014
10867561600781 3934
10872561734735 4043
10877561863320 3801
10882561979346 3974
10887562093495 3936
10892562207066 4020
10897562316971 4070
10902562443248 3938
10907562555208 3835
10912562663265 4040
10917562770422 3968
10922562877646 3997
10927563872889 3993
10932563992798 3986
10937564199655 3755
10942564324534 4151
10947564456865 3950
10952564578054 3965
10957564701375 3950
10962564809262 4084
10967564920026 3769
10972565056579 4010
10977565169791 3879
10982565272921 3906
10987565397937 3966
10992565517747 3844
10997565666456 3673
11002565797811 4013
11007565911448 3856
11012566050926 3974
11017566209603 3959
11022566332999 3953
11027566448669 3918
11032566559668 4031
11037566693635 3932
11042566806719 3939
11047566918580 3827
11052567038496 3853
11057567143029 3762
11062567240969 3921
11067567368315 3992
11072567480783 4008
11077567604289 3858
11082567730581 3897
11087567858475 3609
11092567972617 3961
11097568103291 3875
11102568214140 3870
11107568351265 4001
11112568469798 3970
11117568578110 3583
11122568688384 3911
11127568830957 3919
11132568957835 3903
11137569066934 3923
11142569181490 4022
11147569302900 3780
11152569425316 3975
11157569540094 3887
11162569693430 3839
11167569840479 3870
11172569966393 3946
11177570063302 3556
11182570161249 4007
11187570276742 3912
11192570382678 3905
11197570515018 3822
11202570652104 3826
11207570773585 3455
11212570903764 3976
11217571040240 4037
11222571143420 3873
11227571252833 3911
11232571364524 3895
11237571474413 3569
11242571580653 3931
11247571689870 3857
11252571802812 4121
11257571929831 3833
11262572027494 3777
11267572151689 3619
11272572258637 3968
11277572365110 3806
11282572482408 3959
11287572593479 3904
11292572703661 3908
11297572810013 3514
11302572920783 3880
11307573040385 3945
11312573162702 3853
11317573272172 3933
11322573372994 3908
11327573495684 3537
11332573600980 4024
11337573713081 3909
11342573829592 3983
11347573939277 4100
11352574067821 4063
11357574193211 3531
11362574346093 3933
11367574463374 3808
11372574607194 3898
11377574718615 3868
11382574828655 4066
11387574930321 3615
11392575038343 3946
11397575146316 3897
11402575270828 3849
11407575386443 3817
11412575487359 3777
11417575591607 3576
11422575702552 3886
11427575809678 3825
11432575932580 3815
11437576042644 3700
11442576139596 3957
11447576265406 3498
11452576376630 3859
11457576479580 3837
11462576620921 3735
11467576748484 3833
11472576842903 3761
11477576952470 3625
11482577047047 3802
11487577148756 3776
11492577247616 3749
11497577340192 3683
11502577454067 3886
11507577566574 3575
11512577699980 3807
11517577816922 3717
11522577923282 3807
11527578032464 3761
11532578144763 3926
11537578292767 3602
11542578406268 3840
11547578541535 3806
11552578652361 3733
11557578764691 3870
11562578875346 3930
11567579009202 3508
11572579120028 3900
11577579233727 3830
11582579367268 3797
11587579485607 3755
11592579595347 3978
11597579703106 3529
11602579811046 3839
11607579926456 3878
11612580040206 3876
11617580145571 3748
11622580252590 3931
11627580381954 3517
11632580492685 3843
11637580596629 3768
11642580703883 3811
11647580821387 3924
11652580927985 3924
11657581036669 3460
11662581139899 3857
11667581241689 3714
11672581368765 3752
11677581474250 3964
11682581602343 3797
11687581732023 3454
11692581845759 3848
11697581940652 3745
11702582053845 3831
11707582157489 3781
11712582265976 3738
11717582392117 3393
11722582505185 3832
11727582616054 3755
11732582720901 3956
11737582833380 3710
11742582943452 3784
11747583072439 3579
11752583184428 3864
11757583283875 4090
11762583393535 3777
11767583496916 3757
11772583606106 3724
11777583724918 3540
11782583853350 4038
11787583949729 3890
11792584054085 3829
11797584156494 3890
11802584269661 3787
11807584376831 3643
11812584474795 3967
11817584570332 3871
11822584665914 3957
11827584759469 3892
11832584858068 3956
11837584962288 3650
11842585066914 3662
11847585187185 3888
11852585316896 4017
11857585456145 4020
11862585564817 3903
11867585696864 3579
11872585841796 3696
11877585949576 3809
11882586088317 3761
11887586195298 3996
11892586311660 3712
11897586459549 3654
11902586564780 3708
11907586673078 3851
11912586783476 4030
11917586890757 3793
11922587012575 3717
11927587140731 3580
11932587241887 3695
11937587377654 3842
11942587503061 3791
11947587628253 3772
11952587725207 3698
11957587836277 3749
11962587952280 3691
11967588028137 3831
11972588125371 3801
11977588229999 3793
11982588325841 3887
11987588418191 3846
11992588513391 3577
11997588623054 3722
12002588747896 3692
12007588853952 3845
12012588963065 3815
12017589068988 3679
12022589188666 3572
12027589295758 3838
12032589436680 3977
12037589539203 3831
12042589630614 3731
12047589734159 3786
12052589842737 3465
12057589955473 3982
12062590080550 3849
12067590186951 3650
12072590315032 3800
12077590421008 3837
12082590530552 3766
12087590652682 3701
12092590785464 3952
12097590898129 3787
12102591008792 3913
12107591122783 3750
12112591232211 3546
12117591351960 3809
12122591481726 3789
12127591587590 3951
12132591706381 3803
12137591811907 3789
12142591908170 3501
12147592035833 4007
12152592144078 3989
12157592244607 3670
12162592353056 3753
12167592445780 3765
12172592539651 3683
12177592622040 3848
12182592723080 3615
12187592819501 3756
12192592928446 3876
12197593020112 3834
12202593114061 3387
12207593234686 3913
12212593334768 3768
12217593426021 3963
12222593532945 3777
12227593654016 3763
12232593766663 3613
12237593867073 4091
12242593986267 3888
12247594088392 3839
12252594189985 3816
12257594304466 3904
12262594406088 3577
12267594519842 3782
12272594621551 3995
12277594719133 3797
12282594821654 4092
12287594932251 3898
12292595041076 3536
12297595142948 4001
12302595264229 3890
12307595375463 3994
12312595484376 3681
12317595614067 3723
12322595721148 3274
12327595828709 4035
12332595950983 3804
12337596059359 3726
12342596160898 3683
12347596258648 3821
12352596354320 3563
12357596477426 3941
12362596577288 3797
12367596671642 3701
12372596761723 3983
12377596854915 3719
12382596964496 3440
12387597081185 3824
12392597170597 3952
12397597261047 3712
12402597363368 3676
12407597477278 3707
12412597574098 3580
12417597674214 3959
12422597793810 3820
12427597890941 3667
12432597980319 3670
12437598100779 3858
12442598197523 3457
12447598290226 3781
12452598384169 3758
12457598476803 3887
12462598567865 3706
12467598656795 3809
12472598749910 3394
12477598843466 4067
12482598972727 3817
12487599085296 3702
12492599203575 3647
12497599306923 3844
12502599412275 3555
12507599519466 3747
12512599629397 3789
12517599722220 3784
12522599863824 3721
12527599979373 3706
12532600087333 3417
12537600190150 3947
12542600304143 3878
12547600420057 3502
12552600529838 3788
12557600641283 3879
12562600754246 3540
12567600865315 3828
12572600978292 3824
12577601088493 3789
12582601193180 3911
12587601290517 3573
12592601384858 3515
12597601480396 4086
12602601572541 3892
12607601667554 3663
12612601760074 3774
12617601867037 3746
12622601973634 3642
12627602067549 3970
12632602173506 3701
12637602266463 3720
12642602359652 3906
12647602448923 3729
12652602548088 3533
12657602641148 4054
12662602728232 4134
12667602845842 3703
12672602939556 3739
12677603043865 3831
12682603164803 3603
12687603275591 3934
12692603364168 3867
12697603466846 3763
12702603554502 4105
12707603645503 3826
12712603744492 3433
12717603848499 4015
12722603954125 4197
12727604105705 3760
12732604201856 3816
12737604292300 3560
12742604415288 3635
12747604508817 3722
12752604637861 3663
12757604726767 3800
12762604818961 3947
12767604922493 3693
12772605025153 3463
12777605176752 3755
12782605301169 3864
12787605413160 3699
12792605536717 3747
12797605647535 3667
12802605756214 3402
12807605854471 3767
12812605957701 3715
12817606092388 3715
12822606209677 3695
12827606322248 3591
12832606450667 3271
12837606557407 3833
12842606663292 3746
12847606769169 3682
12852606890774 3557
12857606987400 3889
12862607094292 3421
12867607191118 3765
12872607302116 3537
12877607408755 3970
12882607512699 3590
12887607620316 3700
12892607734374 3265
12897607864013 4012
12902607981951 3600
12907608090034 3750
12912608185007 3792
12917608279793 3738
12922608377234 3338
12927608484079 3708
12932608576437 3800
12937608669335 3623
12942608771423 3632
12947608874368 3544
12952608998999 3567
12957609107985 3773
12962609220735 3773
12967609333612 3539
12972609458392 3859
12977609556795 3634
12982609650835 3224
12987609739642 3740
12992609831398 3810
12997609925640 3701
13002610022714 3563
13007610130674 3838
13012610223907 3289
13017610315023 3603
13022610422101 3692
13027610517524 3862
13032610623971 3718
13037610749504 3503
13042610854249 3411
13047610973919 3903
13052611063763 3607
13057611159966 3612
13062611261014 3713
13067611356367 3764
13072611453846 3141
13077611546718 3724
13082611655921 3866
13087611746651 3550
13092611843610 3666
13097611969257 3645
13102612083749 3269
13107612211787 3677
13112612311389 3602
13117612425807 3938
13122612533783 3597
13127612644928 3593
13132612747894 3363
13137612843636 4086
13142612956339 3605
13147613068594 3694
13152613177131 3761
13157613272920 3841
13162613386294 3227
13167613486696 3792
13172613588227 3983
13177613713627 3679
13182613856752 3755
13187613949501 3764
13192614039936 3526
13197614136840 3580
13202614233988 3554
13207614362799 3810
13212614457194 3705
13217614572325 3707
13222614721742 3396
13227614854793 3873
13232614958383 3636
13237615086808 3540
13242615212029 3763
13247615345664 3736
13252615455695 3285
13257615554961 3763
13262615652769 3715
13267615769805 3622
13272615865760 3540
13277615959734 3726
13282616053549 3294
13287616154636 3626
13292616248652 3735
13297616349263 3583
13302616455346 3473
13307616553147 3579
13312616650414 3506
13317616749616 3743
13322616848616 3606
13327616955036 3765
13332617076942 3607
13337617167868 3564
13342617268920 3384
13347617374550 3867
13352617482313 3543
13357617590007 3663
13362617684451 3837
13367617779272 3552
13372617880286 3442
13377617972981 3765
13382618068602 3817
13387618166042 3443
13392618262126 3459
13397618361843 3809
13402618464852 3185
13407618564683 3619
13412618655832 3713
13417618768750 3678
13422618862167 3563
13427618974470 3674
13432619069407 3601
13437619165409 3694
13442619261264 3712
13447619361998 3739
13452619459534 3502
13457619548661 3503
13462619641920 3397
13467619737562 3835
13472619827909 3690
13477619917558 3594
13482620011799 3835
13487620105559 3658
13492620207794 3300
13497620340649 3922
13502620483805 3764
13507620606757 3533
13512620734744 3647
13517620850016 3790
13522620953980 3339
13527621071860 3694
13532621177682 3870
13537621293016 3600
13542621395275 3620
13547621508556 3789
13552621635060 3316
13557621732592 3583
13562621826418 3623
13567621917533 3738
13572622029110 3519
13577622129566 3620
13582622234689 3516
13587622361731 3533
13592622465876 3614
13597622589330 3692
13602622699700 3472
13607622824740 3534
13612622960059 3631
13617623102522 3678
