21675531387262 17196
21680531616271 14919
21685531714019 12622
21690531817547 13153
21695531924679 11132
21700532055759 11711
21705532175882 10629
21710532311961 12540
21715532424016 10380
21720532537109 8572
21725532640980 10214
21730532732457 8655
21735532838121 8746
21740532947574 9175
21745533045425 7976
21750533145195 9599
21755533254326 7197
21760533365790 8906
21765533484187 8174
21770533583660 9308
21775533687860 7854
21780533791739 9422
21785533912621 7499
21790534022478 7067
21795534159725 9438
21800534269349 6710
21805534368442 8847
21810534488595 8434
21815534585700 7280
21820534689948 9699
21825534800878 6277
21830534892714 8452
21835534999264 8467
21840535110797 8011
21845535235127 8794
21850535343893 6522
21855535439689 10132
21860535541268 6711
21865535643012 6846
21870535744646 10009
21875535834871 6636
21880535921610 6441
21885536019842 9432
21890536122545 7176
21895536263897 8197
21900536473919 8417
21905536597188 6672
21910536691202 9649
21915536803603 7286
21920536902195 6799
21925536998159 9793
21930537102307 6975
21935537201036 6661
21940537294320 8582
21945537412743 8352
21950537589877 6619
21955537787876 10048
21960537908999 6264
21965538008624 8353
21970538114826 8505
21975538219125 6712
21980539245711 6413
21985539359563 6638
21990539474675 8845
21995539593267 8607
22000539694665 10565
22005539785730 10763
22010539890852 8266
22015539991180 9930
22020540107909 6991
22025540205237 10128
22030540305149 7187
22035540395101 10300
22040540482488 8183
22045540581053 8119
22050540671927 7935
22055540788459 10606
22060540893162 10115
22065540995128 10102
22070541133368 9899
22075541252998 8690
22080541365485 10578
22085541478307 8575
22090541591191 7566
22095541704316 8154
22100541820614 7794
22105541947322 8322
22110542045610 8963
22115542151751 9875
22120542251808 10204
22125542356446 10483
22130542466806 9592
22135542589234 7534
22140542723650 9645
22145542838780 6582
22150542948901 9437
22155543089641 7432
22160543199906 10011
22165543323643 8116
22170543442416 10599
22175543558648 8802
22180543686818 9723
22185543796978 8359
22190543893969 8380
22195544014003 6342
22200544168567 8898
22205544271521 8088
22210544367954 9878
22215544459382 7458
22220544548975 9590
22225544651288 10069
22230544761570 10088
22235544861261 6701
22240544961245 6644
22245545053817 9869
22250545163551 6579
22255545267367 9331
22260545382325 7678
22265545483904 9280
22270545585574 7629
22275545685404 9365
22280545777407 8905
22285545865344 8958
22290545968120 6649
22295546076183 10353
22300546177723 7452
22305546275452 9902
22310546365946 9201
22315546460314 8038
22320546577601 8906
22325546697404 8244
22330546795369 10064
22335546893602 7077
22340546988528 10543
22345547110921 6598
22350547206987 6669
22355547345590 6342
22360547456035 10034
22365547564692 6854
22370548026797 9925
22375548120827 6413
22380548218816 6628
22385548320774 8475
22390548434641 8207
22395548552150 6528
22400548687166 6682
22405548816838 9550
22410548912237 7129
22415549008448 10283
22420549135928 6769
22425549243231 10521
22430549348239 7159
22435549456225 10011
22440549560868 6748
22445549645832 6577
22450549737204 6639
22455549826263 8091
22460549929133 8402
22465550049232 7075
22470550180065 6804
22475550311660 10134
22480550425071 7085
22485550556963 9964
22490550657139 6881
22495550771700 10358
22500550866890 7023
22505550957723 9458
22510551069662 6768
22515551173933 6785
22520551280394 6648
22525551397241 8156
22530551507450 8168
22535551602478 8912
22540551727321 8248
22545551825502 9457
22550551947226 7584
22555552071060 10114
22560552193440 7163
22565552293738 10118
22570552390655 6542
22575552503159 7125
22580552605173 9624
22585552726488 6212
22590552856735 9384
22595552988640 7438
22600553098049 8810
22605553223863 8265
22610553342428 9832
22615553454431 7181
22620553552069 10638
22625553650268 6487
22630553738203 6594
22635553859113 8158
22640553968205 8785
22645554073132 6316
22650554183443 9747
22655554292477 6935
22660554400791 9377
22665554513588 7640
22670554625470 9822
22675554744133 7235
22680554862703 7793
22685554981729 7713
22690555096578 7703
22695555210081 6869
22700555345252 6137
22705555474192 9519
22710555592236 7027
22715555698264 8422
22720555811666 8196
22725555916313 7792
22730556036351 9331
22735556151814 8525
22740556276071 7635
22745556397778 7486
22750556550838 6174
22755556679593 7514
22760556789286 7908
22765556878658 7213
22770557016898 6597
22775557123411 8848
22780557216884 7488
22785557320000 8449
22790557430827 8419
22795557540757 6607
22800557633464 6993
22805557757563 9390
22810557871719 7863
22815557972986 8776
22820558090171 6493
22825558199468 6170
22830558313877 8989
22835558406087 7354
22840558492686 6236
22845558592229 9838
22850558690956 6952
22855558782371 7712
22860558887330 6594
22865558994589 9001
22870559096285 6454
22875559222863 10515
22880559328504 6647
22885559433810 7081
22890559549932 8616
22895559660081 7419
22900559761240 6448
22905559855198 9709
22910559973749 6905
22915560091478 8046
22920560215040 8769
22925560328785 9247
22930560432022 7911
22935560528255 9337
22940560643926 7711
22945560755484 9554
22950560870150 7315
22955560974777 7028
22960561084004 8125
22965561195329 8088
22970561300645 6464
22975561410623 7124
22980561531695 9562
22985561644769 7587
22990561762987 9448
22995561891871 7428
23000562017450 9536
23005562119179 7567
23010562207830 9432
23015562303778 6169
23020562688500 6910
23025562827445 8762
23030562925390 7684
23035563017364 6484
23040563109966 6121
23045563211908 8771
23050563327408 7988
23055563430354 9192
23060563527651 7738
23065563625711 9561
23070563750922 7708
23075563866288 6727
23080563982275 9649
23085564104288 6518
23090564193924 6595
23095564284632 6258
23100564380253 9035
23105564503584 7357
23110564600225 8389
23115564708450 8484
23120564800956 8086
23125564920510 8920
23130565020060 8382
23135565127296 8301
23140565216366 6712
23145565338213 6638
23150565454233 6292
23155565584157 6373
23160565684770 7257
23165565775687 9599
23170565876238 6373
23175565982561 9921
23180566087351 7136
23185566189636 9816
23190566284582 6989
23195566377863 9974
23200566476812 6852
23205566582344 6545
23210566700851 6544
23215566798085 6447
23220566887829 9004
23225566982193 6796
23230567075197 7457
23235567182354 9151
23240567270537 6611
23245567363711 10265
23250567452849 6588
23255567539227 10101
23260567630701 6718
23265567737643 6540
23270567860521 6454
23275567959188 6530
23280568065045 8736
23285568187216 7066
23290568305001 6512
23295568406439 8384
23300568510555 7992
23305568621807 6484
23310568723825 9607
23315568837883 7021
23320568944220 7567
23325569037897 8054
23330569171868 7998
23335569269860 6438
23340569376494 7976
23345569482786 7886
23350569575194 6142
23355569683869 6285
23360569805465 8362
23365569921866 7999
23370570064839 6038
23375570184414 10032
23380570294662 6934
23385570408306 6343
23390570503374 6845
23395570611948 9559
23400570712813 6461
23405570829928 9614
23410570951214 7108
23415571080813 6497
23420571183048 6218
23425571287874 6501
23430571388603 8607
23435571492585 7555
23440571623387 6589
23445571733890 7237
23450571839438 7215
23455571949160 7321
23460572104388 7611
23465572227392 6979
23470572341396 9859
23475572452505 6338
23480572557961 6550
23485572660630 6465
23490572765963 6043
23495572866042 7194
23500572992615 9262
23505573129928 6429
23510573247563 8140
23515573349780 8604
23520573439055 6719
23525573534245 9989
23530573654785 6546
23535573748765 10270
23540573844988 6863
23545573965006 8058
23550574068142 8565
23555574172547 6075
23560574268088 8288
23565574363693 7591
23570574498284 6801
23575574612727 6511
23580574711015 10299
23585574807336 6515
23590574900266 10413
23595574998742 6576
23600575103963 9727
23605575201785 7109
23610575301233 6604
23615575403478 7548
23620575533059 7693
23625575637323 6692
23630575750526 5977
23635575886880 6659
23640575980338 9924
23645576089877 6224
23650576193761 8835
23655576290718 7980
23660576386719 8925
23665576514993 7976
23670576619629 6561
23675576717454 8404
23680576852473 7671
23685576964358 6470
23690577089892 6244
23695577227960 6256
23700577342112 8184
23705577457595 8085
23710577575672 7467
23715577687653 9550
23720577798467 6826
23725577913363 10045
23730578022359 6438
23735578154471 8607
23740578284805 7971
23745578385826 6607
23750578475695 6166
23755578597735 6475
23760578697829 6403
23765578789928 5963
23770578912601 8933
23775579026183 7341
23780579139827 7413
23785579256198 9347
23790579364938 6396
23795579484336 10425
23800579583778 6526
23805579685013 6896
23810579800575 7869
23815579921995 7761
23820580030829 6266
23825580153734 6190
23830580258030 7770
23835580353213 8446
23840580459065 6123
23845580566060 7462
23850580668008 9092
23855580796785 7349
23860580912042 9532
23865581002690 6601
23870581096598 6443
23875581189176 7576
23880581281615 7605
23885581378360 6654
23890581493445 6157
23895581614527 6378
23900581715923 9388
23905581820941 7094
23910581948649 6070
23915582051674 10164
23920582167634 6526
23925582277151 6690
23930582400049 7737
23935582505299 8599
23940582601291 6714
23945582705087 8935
23950582799023 7450
23955582892986 6378
23960582996239 6374
23965583102601 6099
23970583205917 9112
23975583318403 6913
23980583417899 7426
23985583534814 9473
23990583647401 6475
23995583774157 6355
24000583874639 6130
24005583972673 9804
24010584091668 6995
24015584219707 6020
24020584331501 6464
24025584451610 9721
24030584542274 6369
24035584625835 7685
24040584731595 8213
24045584817494 6686
24050584911536 6539
24055585034786 7299
24060585165089 8833
24065585262328 6443
24070585348122 9789
24075585456831 7034
24080585548858 8721
24085585641774 8112
24090585730683 6444
24095585905470 8209
24100585999997 7902
24105586099674 6085
24110586195222 7658
24115586284547 8608
24120586382313 6324
24125586489076 9560
24130586600823 7135
24135586707588 7996
24140586802180 8968
24145586894473 6538
24150587001808 7553
24155587106984 8469
24160587236884 6431
24165587343178 6243
24170587439198 6285
24175587540425 6326
24180587639222 9669
24185587770756 6857
24190587895265 8073
24195588032634 8659
24200588151908 6354
24205588270052 10270
24210588385709 6620
24215588498520 7507
24220588605014 8929
24225588712574 5957
24230588826582 6499
24235588951749 5910
24240589038347 7216
24245589149820 8999
24250589265858 6363
24255589372775 8930
24260589460794 7711
24265589557654 7630
24270589678667 9089
24275589787087 6849
24280589907371 7668
24285590008641 7904
24290590100781 6769
24295590214355 6591
24300590317550 6294
24305590414271 5979
24310590513230 7076
24315590606196 8979
24320590733757 6689
24325590834106 7715
24330590934873 8972
24335591041361 6405
24340591156501 8649
24345591290474 8075
24350591387726 6292
24355591478818 6451
24360591575884 6358
24365591696671 6588
24370591794257 7636
24375591917016 7843
24380592016450 6364
24385592130888 8589
24390592240780 7907
24395592333314 7659
24400592451617 9288
24405592559230 6507
24410592651930 10065
24415592744758 6218
24420592834359 6693
24425592926196 6388
24430593050167 6420
24435593157495 6275
24440593259163 6347
24445593367928 6302
24450593474767 6137
24455593579562 7383
24460593696634 8862
24465593811621 6901
24470593910265 10075
24475593997185 6500
24480594083260 6513
24485594175671 6661
24490594291354 7434
24495594380138 7625
24500594468823 6435
24505594568913 5899
24510594657706 6329
24515594753711 7235
24520594866925 8802
24525594990390 6029
24530595084783 9133
24535595177655 7714
24540595270320 6665
24545595364746 6541
24550595459710 8610
24555595551224 7810
24560595645753 6174
24565595745693 6142
24570595838015 7237
24575595930034 8542
24580596036213 6080
24585596154626 6149
24590596259126 7668
24595596378524 8680
24600596507217 6456
24605596624644 6083
24610596749974 6947
24615596868406 9339
24620597000789 6364
24625597112419 9604
24630597249568 7124
24635597362215 6111
24640597465384 7670
24645597575397 6931
24650597701598 6912
24655597816156 7149
24660597936104 6448
24665598077841 6016
24670598183671 7971
24675598296928 8529
24680598422619 6359
24685598537597 8120
24690598638859 8385
24695598741162 7088
24700598844698 9694
24705598957467 6300
24710599089096 6322
24715599189542 7041
24720599293116 9060
24725599391025 6100
24730599510749 6496
24735599600786 6035
24740599687071 6259
24745599796085 9173
24750599939719 7050
24755600049293 7872
24760600170916 8816
24765600285710 6899
24770600396199 9378
24775600525951 6847
24780600625193 6754
24785600726828 9624
24790600827110 6456
24795600930495 6333
24800601026002 6269
24805601119099 9129
24810601215830 7403
24815601308348 7543
24820601399761 9099
24825601502108 7001
24830601623686 10060
24835601744775 6392
24840601860173 6026
24845601959100 6075
24850602068794 6310
24855602179087 6314
24860602292492 6146
24865602396506 8581
24870602508380 7445
24875602610031 7384
24880602726685 9304
24885602830676 6246
24890602941255 8952
24895603048367 7660
24900603156915 6542
24905603262134 7665
24910603357220 7643
24915603469185 6747
24920603580055 6457
24925603696660 6464
24930603827818 5961
24935603961369 7390
24940604092970 8999
24945604197712 6438
24950604306323 9115
24955604458024 7586
24960604582564 7248
24965604683397 9559
24970604799141 6444
24975604921083 6340
24980605058018 6134
24985605193760 6288
24990605317615 6882
24995605466140 6800
25000605580596 7532
25005605675259 6817
25010605764203 6136
25015605882076 8080
25020605998925 8205
25025606109490 6842
25030606244469 8840
25035606366151 7267
25040606468498 6396
25045606605782 6293
25050606728187 6367
25055606870469 6301
25060606988418 5727
25065607094612 6559
25070607209668 8456
25075607347070 7249
25080607448818 6430
25085607542903 8507
25090607645178 7875
25095607881308 7916
25100608009407 7612
25105608105185 6520
25110608198820 6807
25115608300329 6665
25120608404177 5911
25125608509421 6120
25130608612732 6191
25135608705813 7831
25140608801712 7116
25145608914253 6959
25150609009935 6746
25155609095814 9199
25160609203446 6907
25165609302131 6604
25170609396483 6806
25175609500910 5742
25180609605250 9018
25185609710399 7125
25190609821404 6018
25195609913962 5976
25200610007740 5983
25205610112054 8373
25210610221369 7603
25215610320903 6173
25220610414621 6287
25225610522944 7158
25230610651680 8917
25235610765668 6286
25240610887826 6364
25245611014298 6214
25250611115729 8122
25255611222020 8336
25260611333123 7039
25265611442201 8504
25270611574103 7234
