25301334588343 2126
25306334782539 3285
25311334946214 4173
25316335053754 4454
25321335183292 5450
25326335306167 6293
25331335400668 7379
25336335507222 8706
25341335628233 10241
25346335738207 11803
25351335856948 12667
25356335962704 13468
25361336062532 13596
25366336188627 14001
25371336312018 13908
25376336426792 13972
25381336560720 14011
25386336664248 14077
25391336794659 13990
25396336914728 14370
25401337010384 14533
25406337116974 14072
25411337251525 14033
25416337364606 14172
25421337467623 14212
25426337564803 14342
25431337659667 14370
25436337756992 14290
25441337857672 14258
25446337961701 14350
25451338059456 14448
25456338158324 14575
25461338288781 14404
25466338388098 14353
25471338496180 14597
25476338596032 14517
25481338700280 14401
25486338797480 14386
25491338913511 14287
25496339018788 14396
25501339114662 14014
25506339222362 14159
25511339321412 14076
25516339416195 14312
25521339516383 14183
25526339611727 14236
25531339711444 14152
25536339807284 14151
25541339904097 14277
25546339997354 14216
25551340127798 14116
25556340225845 14425
25561340379173 14716
25566340474763 14336
25571340570589 14440
25576340682072 14473
25581340773539 14644
25586340868108 14284
25591340961876 14361
25596341057357 14293
25601341151857 14296
25606341275341 14342
25611341375201 14687
25616341479528 14399
25621341581354 14723
25626341694798 14627
25631341808041 14607
25636341912518 14399
25641342046922 14339
25646342140009 14262
25651342240349 14419
25656342339815 14425
25661342444279 14506
25666342562374 14565
25671342662202 14521
25676342762836 14645
25681342860352 14684
25686343035306 14259
25691343131753 14514
25696343237296 14436
25701343339996 14644
25706343451763 14603
25711343583275 14791
25716343683246 14674
25721343777872 14504
25726343879856 14647
25731343978506 14630
25736344086832 14386
25741344212560 14713
25746344302104 14626
25751344391820 14602
25756344490695 14776
25761344588531 14704
25766344717272 14729
25771344832508 14640
25776344952003 14729
25781345115941 14282
25786345209747 14753
25791345340955 14824
25796345435451 14678
25801345528270 14762
25806345632196 14722
25811345731510 14640
25816345827633 14467
25821345922242 14307
25826346017086 14594
25831346124312 14690
25836346218769 14542
25841346311397 14689
25846346414970 14572
25851346515766 14543
25856346612282 14421
25861346705409 14495
25866346830401 14282
25871346924508 14489
25876347152381 14404
25881347261462 14411
25886347387685 14426
25891347482251 14548
25896347596021 14565
25901347709790 14358
25906347807916 14484
25911347898896 14228
25916348019052 14620
25921348115488 14309
25926348238021 14550
25931348357797 14551
25936348448039 14471
25941348539996 14591
25946348669695 14547
25951348765601 14574
25956348859687 14661
25961348973890 14488
25966349079023 14607
25971349169267 14717
25976349308522 14628
25981349401877 14720
25986349522860 14738
25991349619870 14446
25996349717045 14458
26001349843125 14462
26006349955044 14414
26011350064273 14256
26016350156298 14517
26021350257905 14665
26026350356181 14786
26031350481760 14635
26036350574133 14650
26041350677642 14729
26046350788148 14535
26051350884405 14569
26056350981466 14580
26061351103305 14671
26066351227448 14572
26071351324400 14672
26076351421592 14662
26081351529025 14601
26086351633514 14825
26091351729130 14685
26096351877142 14756
26101351969558 14740
26106352093624 14828
26111352188749 14528
26116352305645 14796
26121352406121 14780
26126352501394 14738
26131352596738 14867
26136352693651 14744
26141352798224 14534
26146352901219 14523
26151353013581 14495
26156353113853 14628
26161353245813 14768
26166353341582 14887
26171353435104 14875
26176353545685 14601
26181353658202 14578
26186353754290 14669
26191353878496 14722
26196353996375 14717
26201354111532 14660
26206354218380 14709
26211354312002 14577
26216354411038 14671
26221354505378 14473
26226354599349 14485
26231354721245 14736
26236354821059 14534
26241354925505 14804
26246355024847 14497
26251355125864 14445
26256355222750 14689
26261355331537 14606
26266355423207 14495
26271355531792 14663
26276355634048 14691
26281355725399 14533
26286355849735 14699
26291355940603 14711
26296356049980 14725
26301356152226 14756
26306356245378 14713
26311356338501 14558
26316356442700 14727
26321356533225 14825
26326356652522 14800
26331356750192 14720
26336356842245 14757
26341356967124 14932
26346357063270 14943
26351357164336 14841
26356357264455 14811
26361357377268 14762
26366357526076 14875
26371357638845 14707
26376357752286 14658
26381357849175 14722
26386357946496 14817
26391358047736 14595
26396358144553 14695
26401358239964 14645
26406358335746 14830
26411358437232 14754
26416358540305 14738
26421358651186 14741
26426358746689 14690
26431358841037 14733
26436358935180 14663
26441359035786 14507
26446359146175 14744
26451359245155 14666
26456359367989 14629
26461359464198 14801
26466359558876 14743
26471359655424 14705
26476359754347 14864
26481359851574 14691
26486359976875 14855
26491360086877 14776
26496360202216 14812
26501360305550 14740
26506360427860 14722
26511360529455 14924
26516360622831 14724
26521360718096 14652
26526360822018 14983
26531360946404 14645
26536361039811 14632
26541361182649 14683
26546361305379 14510
26551361421544 14645
26556361541355 14667
26561361643670 14808
26566361747486 14769
26571361846830 14777
26576361942258 14894
26581362036875 14867
26586362133303 14493
26591362231259 14761
26596362331416 14688
26601362464738 14867
26606362571828 14707
26611362686315 14752
26616362807917 14785
26621362900535 14594
26626363024668 14706
26631363173475 14654
26636363267598 14785
26641363394284 14772
26646363489645 14919
26651363587032 14797
26656363704756 14856
26661363806851 14817
26666363901219 14889
26671364026008 14768
26676364138059 14750
26681364240443 14682
26686364345321 14799
26691364450459 14826
26696364550086 14452
26701364642896 14751
26706364735339 14807
26711364860303 14781
26716364958006 14643
26721365054213 14835
26726365164749 14788
26731365288755 14657
26736365391980 14721
26741365488537 14853
26746365614923 14788
26751365711824 14723
26756365809007 14709
26761365933115 14877
26766366029047 14856
26771366157332 14765
26776366302425 14697
26781366398417 14695
26786366490083 14936
26791366589477 14875
26796366685917 14808
26801366801118 14874
26806366931196 14786
26811367028642 14725
26816367132522 14852
26821367244822 14841
26826367353475 14817
26831367445945 14822
26836367546534 14873
26841367642676 14864
26846367751792 14535
26851367851451 14663
26856367950289 14696
26861368072156 14905
26866368194953 14861
26871368321760 14909
26876368446431 14676
26881368542620 14729
26886368635239 14995
26891368726255 14686
26896368821448 14957
26901368942928 14775
26906369036063 14877
26911369138530 14768
26916369268028 14549
26921369573716 14677
26926369676452 14701
26931369783523 14843
26936369899349 14668
26941370017895 14766
26946370111268 14784
26951370201417 14502
26956370329149 14595
26961370425341 14794
26966370520627 14718
26971370615842 14820
26976370716960 14530
26981370817805 14636
26986370919117 14645
26991371018221 14606
26996371144569 14637
27001371255433 14574
27006371349181 14568
27011371445118 14787
27016371550471 14633
27021371647325 14711
27026371758346 14633
27031371860732 14489
27036371958235 14491
27041372029021 14464
27046372134971 14528
27051372267177 14525
27056372397414 14712
27061372505009 14676
27066372620395 14488
27071372732660 14608
27076372836726 14454
27081372933158 14761
27086373042340 14789
27091373140342 14477
27096373256806 14569
