251846759563292 1567
251851759646619 2355
251856759765573 2577
251861759930198 2603
251866760051468 2566
251871760181168 2573
251876760347464 2485
251881760458272 2493
251886760585852 2349
251891760680833 2515
251896760822885 2530
251901760965094 2468
251906761080556 2633
251911761214753 2414
251916761333082 2537
251921761471598 2443
251926761578386 2497
251931761686534 2452
251936761806206 2541
251941761948171 2596
251946762081812 2343
251951762186812 2526
251956762295670 2354
251961762423992 2501
251966762479021 2446
251971762579639 2559
251976762723305 2295
251981762841879 2481
251986762987883 2461
251991763141773 2304
251996763256976 2510
252001763378667 2345
252006763506745 2306
252011763649475 2365
252016763787644 2424
252021763916096 2493
252026764034429 2282
252031764154926 2665
252036764267572 2160
252041764390253 2563
252046764537295 2267
252051764659448 2614
252056764801281 2250
252061764933679 2407
252066765062010 2489
252071765176530 2252
252076765320172 2349
252081765461804 2359
252086765574415 2199
252091765667050 2098
252096765781332 1998
252101765908412 1961
252106766011863 2023
252111766147290 2081
252116766286468 1997
252121766422691 1996
252126766532419 1966
252131766648821 2060
252136766753137 2085
252141766892189 2118
252146766997914 1903
252151767153896 1989
252156767322890 1834
252161767460188 1942
252166767613834 2084
252171767727400 1974
252176767846509 2132
252181767958961 2225
252186768069284 2052
252191768182696 2104
252196768303566 1985
252201768428508 1834
252206768558831 1866
252211768648993 1990
252216768789639 2157
252221768927359 1945
252226769057318 1841
252231769172450 1864
252236769299494 1911
252241769410592 1857
252246769526831 1978
252251769634557 1956
252256769760731 1935
252261769884352 2096
252266770003441 2253
252271770125652 1917
252276770249168 1871
252281770377604 2150
252286770493573 2185
252291770627106 2290
252296770757834 2036
252301770896271 2070
252306771012215 1773
252311771139535 1884
252316771258902 1868
252321771369563 1796
252326771453305 1969
252331771504608 1854
252336771618376 1950
252341771739205 1891
252346771883617 1943
252351772008903 2175
252356772128465 1943
252361772241575 1875
252366772358723 2211
252371772479042 1984
252376772593538 1985
252381772675031 2083
252386772814188 2002
252391772929690 2024
252396773049910 1967
252401773163273 2035
252406773314068 1805
252411773422347 1860
252416773541193 2066
252421773625345 2109
252426773748641 1994
252431773833402 1925
252436773974923 2003
252441774096201 2044
252446774204698 1912
252451774324524 1809
252456774480946 2036
252461774602299 1978
252466774730158 2047
252471774834442 1862
252476774962022 1881
252481775069374 1900
252486775177080 2148
252491775285342 1964
252496775369771 1863
252501775486365 1903
252506775590170 2048
252511775688063 1807
252516775766577 1895
252521775867057 1956
252526775979348 1844
252531776133922 1948
252536776259194 1828
252541776371454 1983
252546776481229 2033
252551776594070 2060
252556776710689 1807
252561776802624 1964
252566776889187 1946
252571777005969 1845
252576777119554 2020
252581777207634 1939
252586777326419 1877
252591777443710 1814
252596777558755 1967
252601777667003 1985
252606777790529 1811
252611777903718 1911
252616778019565 1948
252621778106838 1924
252626778237940 2085
252631778352768 1856
252636778466078 1951
252641778567093 1800
252646778677958 1823
252651778787760 2040
252656778902823 1869
252661779022695 1939
252666779144763 1825
252671779261626 1949
252676779363590 1972
252681779463155 1877
252686779564437 1928
252691779673156 1817
252696779786515 1720
252701779904765 2066
252706780032034 1857
252711780161203 1839
252716780277786 1880
252721780404480 1924
252726780473170 1848
252731780598097 1781
252736780715633 2157
252741780816437 2309
