248789005771726 150
248794005910038 230
248799006047453 256
248804006178955 262
248809006308589 267
248814006427575 273
248819006540251 283
248824006685889 296
248829006835576 316
248834006953965 321
248839007072729 335
248844007196285 329
248849007325248 351
248854007438347 375
248859007560903 381
248864007679914 408
248869007798661 421
248874007911844 419
248879008026594 455
248884008138889 468
248889008258942 496
248894008372276 511
248899008483799 550
248904008594332 586
248909008708479 604
248914008805683 664
248919008909321 680
248924009018488 738
248929009132895 795
248934009244811 856
248939009346810 967
248944009455211 1007
248949009561718 1116
248954009667542 1281
248959009775446 1397
248964009885651 1657
248969009998737 1832
248974010106664 2121
248979010212576 2528
248984010317534 3042
248989010424841 3953
248994010508516 4938
248999010595722 6752
249004010704224 10006
249009010839915 15299
249014010964112 22612
249019011048469 28004
249024011153558 28507
249029011251172 29060
249034011327540 30063
249039011382403 29054
249044011453321 28337
249049011550494 29045
249054011642863 30177
249059011758800 28701
249064011844774 28518
249069011948451 29148
249074012052055 29660
249079012158645 29008
249084012269976 29111
249089012406274 29050
249094012516818 28495
249099012577509 28774
249104012670544 29014
249109012768188 29043
249114012835088 28388
249119012927111 29443
249124013029808 28376
249129013113805 28462
249134013175709 28966
249139013241072 28914
249144013327476 29287
249149013436316 28728
249154013526866 28735
249159013634046 28933
249164013719695 29049
249169013815558 28868
249174013901018 27706
249179013987134 28718
249184014080288 29160
249189014176962 29061
249194014311785 28794
249199014397664 29274
249204014493253 29147
249209014636963 28769
249214014719382 28690
249219014804623 29292
249224014933226 28910
249229015024710 29695
249234015121202 29140
249239015209295 29020
249244015333991 29103
249249015445288 28716
249254015546607 29011
249259015625398 28800
249264015743786 28319
249269015853261 29325
249274015974861 29016
249279016091912 28962
249284016240144 29593
249289016347038 28309
249294016476156 29017
249299016573704 29054
249304016673711 29819
249309016757288 28623
249314016839808 28997
249319016916789 27811
249324017000042 29656
249329017096409 29027
249334017212117 28973
249339017306931 28860
249344017389783 29065
249349017481962 28252
249354017584962 27999
249359017677963 28748
249364017769996 28981
249369017856226 29736
249374017972164 28896
249379018075488 29162
249384018179971 28665
249389018295075 28329
249394018376313 28929
249399018456255 28885
249404018560347 28826
249409018683406 28621
249414018779924 28325
249419018879602 28500
249424018978509 29465
249429019079237 28249
249434019183800 29201
249439019263830 29708
249444019362977 28009
249449019456371 28764
249454019551296 28840
249459019642473 28324
249464019740317 29080
249469019827480 28958
249474019950645 30076
249479020015568 28446
249484020100837 28983
249489020221170 29370
249494020342779 29699
249499020439512 29015
249504020543229 28662
249509020659691 29124
249514020773281 28790
249519020889469 29432
249524020999244 29404
249529021114030 29836
249534021196775 28672
249539021299109 28796
249544021388985 27989
249549021511352 28428
249554021595841 28734
249559021703674 28635
249564021798643 29292
249569021913039 29101
249574022051383 29576
249579022147587 28555
249584022244597 28328
249589022370366 29227
249594022472758 29002
249599022586288 29445
249604022673321 29669
249609022760845 28410
249614022850002 29208
249619022931925 29339
249624023016839 29060
249629023109966 29431
249634023206710 28848
249639023311286 27973
249644023408574 28990
249649023495057 28964
249654023590445 28590
249659023678625 28170
249664023788292 29202
249669023893058 29751
249674023990986 28945
249679024086042 28854
249684024207631 28951
