252771426908978 477
252776427029441 657
252781427156724 769
252786427271907 861
252791427386917 956
252796427499402 1099
252801427617978 1256
252806427723393 1425
252811427827984 1709
252816427924403 2230
252821428033382 3066
252826428132252 4304
252831428205240 8129
252836428293819 20883
252841428409514 25845
252846428499047 25693
252851428587949 26049
252856428686900 25220
252861428818504 25754
252866428925085 26707
252871429022818 25340
252876429114584 25224
252881429242452 25213
252886429334590 25581
252891429426040 25920
252896429508722 26571
252901429630456 27294
252906429729549 25502
252911429833931 25402
252916429940999 25894
252921430049758 26300
252926430154097 25426
252931430248479 26624
252936430346768 26477
252941430429356 25776
252946430522374 26370
252951430618957 26574
252956430743904 25506
252961430841676 26963
252966430947857 25812
252971431033674 26466
252976431112655 26654
252981431205861 25572
252986431294441 26554
252991431399920 25676
252996431501636 25538
253001431611778 26191
253006431727594 25582
253011431821966 26214
253016431944980 25303
253021432053276 26395
253026432159605 26374
253031432244885 25668
253036432375032 25936
253041432472543 25675
253046432561833 24827
253051432652221 25381
253056432771792 25057
253061432881371 26932
253066432969976 25750
253071433077480 26625
253076433182235 27035
253081433277632 26301
253086433415988 26167
253091433507987 25551
253096433608295 26314
253101433706789 24932
253106433790839 25915
253111433886785 25274
253116433994316 26193
253121434110161 25548
253126434978855 24941
253131435080043 26431
253136435173260 26026
253141435259170 26334
253146435361365 25274
253151435458311 26377
253156435550758 25691
253161435639473 25472
253166435751839 26958
253171435883181 25889
253176436026220 25254
253181436121686 25209
253186436212909 26040
253191436335179 25731
253196436442225 26070
253201436548619 25685
253206436648699 25200
253211436730278 26468
253216436830875 26093
253221436945657 24591
253226437040532 26104
253231437144384 25696
253236437242935 26668
253241437346616 25840
253246437437181 25487
253251437519699 25782
253256437620731 26070
253261437732002 25941
253266437817135 25896
253271437914740 26564
253276438030488 26511
253281438134256 26713
253286438230769 25944
253291438335127 25786
253296438426430 25473
253301438530574 25988
253306438622021 25896
253311438716964 26236
253316438829196 26539
253321438948307 25545
253326439060821 25389
253331439166388 25685
253336439259998 24964
253341439354258 24500
253346439460987 26424
253351439569099 25640
253356439684651 26651
253361439813299 25337
253366439936382 25155
253371440061168 26157
253376440164362 26107
253381440250349 25647
253386440355738 25402
253391440452681 25620
253396440533526 25675
253401440669248 25946
253406440761317 25952
253411440846593 26050
253416440977125 25395
253421441067377 25616
253426441144043 25026
253431441248370 26044
253436441336910 27014
253441441443043 25569
253446441557197 27046
253451441651820 26478
253456441749825 26160
253461441842210 26351
253466441931136 26037
253471442037947 25126
253476442127218 26073
253481442239395 26542
253486442349446 25797
253491442445475 26701
253496442531788 26166
253501442669073 25751
253506442775637 25411
253511442877640 25881
253516442974551 27054
253521443068603 25806
253526443161521 25800
253531443252937 25252
253536443350844 26562
253541443455195 25548
253546443550088 25808
253551443637907 25325
253556443749007 25489
253561443848312 25281
253566443963774 24869
253571444052522 26079
253576444145435 26263
253581444240565 25731
253586444346114 25762
253591444427610 25357
253596444527321 26182
253601444652888 26216
253606444777651 25857
253611444872519 25727
253616444962547 25822
253621445065987 25404
253626445150643 26203
253631445262653 25822
253636445348347 27265
253641445455125 25029
253646445593057 24942
253651445701974 25317
253656445786181 25979
253661445868094 26268
253666445969752 27030
