247840817289269 1548
247845817432704 2112
247850817600459 2350
247855817748363 2168
247860817843545 2040
247865817983069 2442
247870818124907 1804
247875818276788 1668
247880818419418 2297
247885818565699 1792
247890818705775 1696
247895818845877 1881
247900818981334 1947
247905819101097 1855
247910819232170 1474
247915819348148 1867
247920819477416 2027
247925819612081 1554
247930819736817 1906
247935819855192 1913
247940819977239 1540
247945820116404 1675
247950820251593 1761
247955820368275 1846
247960820447816 1499
247965820560032 1752
247970820675200 1782
247975820766267 1480
247980820892018 1494
247985821019669 1808
247990821150237 1892
247995821242408 1705
248000821362715 1612
248005821442077 1469
248010821552962 1912
248015821636638 1788
248020821777090 1587
248025821877796 1613
248030822022475 1506
248035822152717 1881
248040822271474 1517
248045822383634 1560
248050822496842 1587
248055822620334 1438
248060822748659 1785
248065822888927 1659
248070823024815 2100
248075823130102 1478
248080823259093 1629
248085823403977 1911
248090823516015 1831
248095823638091 2037
248100823752683 1550
248105823881923 1644
248110824032269 1476
248115824166761 1559
248120824294387 2033
248125824427056 1912
248130824562775 1699
248135824688887 1686
248140824816485 1535
248145824934164 1567
248150825059475 1500
248155825191482 1660
248160825320264 1684
248165825451632 1840
248170825626595 1791
248175825771455 1512
248180825917386 1520
248185826052094 1438
248190826184484 1601
248195826315662 1889
248200826449788 1749
248205826586949 1745
248210826718838 2039
248215826848409 1639
248220826974147 1661
248225827111558 1654
248230827237595 1505
248235827370182 1576
248240827500251 1459
248245827631459 1828
248250827749687 1962
248255827873974 1882
248260827967329 1921
248265828133505 1503
248270828278779 1695
248275828411757 1514
248280828549491 1423
248285828706102 1441
248290828858300 1777
248295829005364 1772
248300829126348 1717
248305829270342 1665
248310829410698 2229
248315829568511 1885
248320829703876 1953
248325829829451 1572
248330829961085 1666
248335830090109 1669
248340830197199 1797
248345830317127 1691
248350830455931 1959
248355830575937 2008
248360830689755 2264
248365830829592 2017
248370830959572 1546
248375831091519 1977
248380831232422 1566
248385831364330 1502
248390831475073 1470
248395831574014 1544
248400831715173 1433
248405831859722 1640
248410832028269 1842
248415832183760 1796
248420832338642 1563
248425832468515 2029
248430832625316 1667
248435832785680 1451
248440832932636 1697
248445833081330 1740
248450833238157 1469
248455833420908 1418
248460833570232 1476
248465833709633 1485
248470833823757 1632
248475833978894 1775
248480834150176 2040
248485834310043 1981
248490834408874 2172
248495834507733 2191
248500834610824 616
248505834748672 1082
248510834847793 1734
248515834995700 1685
248520835120162 1661
248525835268323 1577
248530835417261 1504
248535835587723 1512
248540835753356 1574
248545835889773 1793
248550836055354 1656
248555836194045 1685
248560836336041 1428
248565836478041 1434
248570836599495 1682
248575836727884 1853
248580836861653 616
248585836993731 1068
248590837087037 1565
248595837209661 1506
248600837335941 1508
248605837460289 1481
248610837582972 1520
248615837717353 1510
248620837845778 1422
248625837977727 1542
248630838104171 1822
248635838235982 1888
248640838371436 1840
248645838504705 1761
248650838638943 1342
248655838774769 1382
248660838918736 955
248665839023352 613
248670839147759 1116
248675839284463 1719
248680839400967 1865
248685839529556 1518
248690839653207 1540
248695839793966 1778
248700839933286 1863
248705840084983 1811
248710840232372 1817
248715840383549 1797
248720840493972 1491
248725840626830 1492
248730840757256 1620
248735840892351 1654
