93486707729920 1950
93491707894498 1869
93496708021559 1909
93501708131519 1856
93506708238581 1863
93511708373306 1943
93516708497848 1777
93521708621323 1723
93526708742124 1804
93531708842828 1694
93536708943859 1796
93541709064042 1707
93546709161248 1614
93551709286773 1776
93556709413676 1575
93561709516424 1583
93566709650921 1751
93571709740457 1575
93576709859537 1757
93581709971263 1605
93586710029486 1622
93591710136270 1786
93596710229430 1646
93601710337397 1606
93606710435476 1801
93611710541504 1603
93616710667901 1686
93621710783829 1680
93626710907366 1639
93631711005301 1777
93636711128303 1646
93641711212969 1526
93646711328519 1746
93651711399762 1538
93656711517829 1613
93661711646143 1624
93666711760981 1636
93671711880063 1798
93676712027720 1539
93681712145756 1538
93686712218152 1808
93691712341122 1547
93696712438074 1678
93701712568659 1738
93706712693661 1483
93711712809598 1794
93716712927750 1525
93721713043449 1591
93726713129153 1752
93731713251602 1604
93736713377626 1633
93741713483163 1618
93746713615787 1590
93751713741102 1733
93756713837277 1641
93761713975708 1488
93766714072156 1827
93771714171746 1562
93776714304064 1619
93781714406240 1719
93786714504810 1563
93791714612178 1772
93796714752449 1557
93801714884079 1609
93806715013910 1756
93811715107067 1625
93816715212517 1575
93821715333394 1810
93826715441997 1492
93831715572918 1670
93836715677809 1617
93841715770103 1593
93846715865993 1826
93851715997715 1531
93856716143852 1585
93861716275398 1844
93866716387215 1551
93871716489827 1616
93876716591496 1772
93881716700941 1506
93886716829679 1729
93891716935512 1638
93896717034838 1534
93901717129226 1855
93906717223982 1422
93911717345926 1525
93916717470200 1732
93921717612700 1406
93926717708449 1758
93931717812239 1520
93936717958765 1496
93941718098128 1616
93946718219464 1456
93951718317991 1737
93956718413844 1406
93961718547657 1545
93966718643658 1713
93971718773705 1640
93976718898087 1667
93981718992453 1722
93986719102732 1418
93991719196029 1798
93996719293466 1458
94001719408416 1574
94006719540908 1669
94011719675885 1328
94016719798903 1710
94021719919917 1519
94026720021033 1555
94031720123091 1597
94036720252400 1460
94041720390087 1748
94046720485486 1441
94051720614087 1566
94056720715466 1597
94061720838297 1446
94066720964121 1788
94071721058797 1618
94076721173414 1539
94081721280915 1760
94086721405238 1546
94091721523197 1600
94096721622815 1687
94101721725025 1517
94106721830727 1743
94111721933843 1541
94116722065120 1508
94121722182346 1627
94126722320957 1279
94131722429522 1754
94136722522006 1526
94141722657594 1538
94146722749287 1558
94151722873629 1364
94156722967609 1758
94161723088926 1526
94166723219767 1620
94171723346702 1699
94176723469213 1566
94181723559596 1700
94186723648630 1507
94191723740264 1560
94196723832330 1788
94201723967117 1611
94206724113689 1575
94211724222693 1728
94216724333342 1447
94221724475312 1745
94226724617286 1346
94231724718345 1575
94236724855224 1544
94241724994045 1408
94246725131736 1779
94251725242854 1526
94256725344899 1631
94261725479550 1719
94266725591257 1495
94271725722888 1701
94276725825844 1584
94281725950936 1454
94286726057143 1744
94291726162661 1472
94296726301325 1662
94301726398928 1743
94306726546822 1591
94311726655451 1717
94316726801836 1407
94321726911302 1533
94326727037516 1492
94331727147709 1425
94336727274991 1699
94341727373689 1596
94346727512715 1611
94351727619896 1698
94356727720477 1528
94361727852837 1703
94366727977646 1581
94371728085574 1432
94376728176983 1717
94381728271760 1574
94386728397682 1616
94391728489656 1585
94396728581610 1437
94401728676829 1743
94406728770925 1353
94411728889778 1674
94416729028489 1348
94421729131411 1573
94426729230236 1738
94431729331323 1590
94436729447471 1611
94441729573576 1649
94446729715653 1402
94451729826722 1761
94456729952209 1551
94461730062871 1519
94466730166714 1651
94471730285515 1474
94476730391202 1731
94481730497903 1523
94486730605582 1500
94491730745018 1750
94496730890177 1226
94501731037834 1754
94506731137588 1488
94511731276112 1568
94516731414263 1662
94521731507982 1563
94526731628223 1710
94531731742427 1578
94536731879362 1407
94541732020186 1665
94546732149058 1474
94551732271914 1700
94556732374928 1455
94561732478019 1509
94566732593444 1770
94571732695679 1670
94576732810252 1584
94581732927983 1719
94586733037553 1485
94591733146664 1725
94596733252269 1590
94601733353497 1581
94606733487621 1656
94611733596345 1389
94616733708310 1702
94621733811820 1580
94626733946173 1407
94631734052751 1716
94636734190343 1495
94641734336611 1686
94646734466603 1517
94651734576010 1435
94656734682647 1693
94661734816743 1456
94666734952774 1678
94671735059977 1467
94676735180912 1586
94681735286474 1730
94686735413227 1603
94691735554438 1543
94696735693277 1672
94701735801512 1364
94706735938802 1734
94711736030769 1430
94716736159338 1573
94721736304493 1498
94726736442962 1389
94731736550888 1676
94736736654300 1299
94741736777724 1757
94746736905846 1485
94751737000682 1476
94756737137695 1672
94761737241470 1414
94766737374293 1717
94771737476531 1570
94776737576931 1526
94781737687946 1688
94786737797899 1504
94791737938392 1659
94796738071679 1591
94801738206506 1450
94806738302540 1680
94811738391918 1228
94816738506563 1727
94821738619084 1337
94826738712725 1562
94831738834970 1717
94836738960002 1282
94841739057132 1702
94846739149278 1354
94851739238985 1671
94856739337760 1576
94861739434340 1487
94866739583635 1743
94871739724846 1547
94876739837426 1578
94881739927545 1727
94886740068239 1363
94891740206290 1740
94896740303139 1595
94901740421129 1465
94906740551965 1774
94911740687848 1206
94916740789322 1737
94921740916272 1339
94926741049636 1589
94931741162331 1645
94936741298068 1405
94941741402828 1726
94946741527866 1491
94951741635075 1621
94956741774794 1728
94961741909028 1452
94966742041737 1676
94971742141124 1603
94976742272417 1511
94981742399153 1751
94986742488704 1443
94991742615327 1696
94996742716552 1423
95001742846061 1472
95006742941925 1541
95011743058221 1312
95016743190173 1739
95021743282514 1202
95026743376636 1719
95031743468558 1553
95036743566041 1602
95041743692619 1719
95046743815556 1579
95051743911378 1613
95056744039928 1614
95061744137427 1365
95066744243341 1712
95071744340314 1469
95076744451329 1560
95081744542882 1557
95086744635308 1500
95091744727516 1783
95096744828916 1414
95101744933679 1569
95106745058412 1338
95111745165233 1422
95116745295216 1641
95121745395856 1456
95126745522773 1677
95131745652355 1664
95136745790152 1578
95141745907616 1719
95146746010645 1529
95151746111941 1548
95156746215733 1536
95161746317694 1476
95166746419260 1760
95171746564265 1409
95176746680254 1584
95181746791588 1456
95186746944268 1412
95191747051920 1755
95196747155660 1201
95201747264940 1765
95206747374952 1437
95211747512734 1559
95216747615010 1743
95221747709893 1606
95226747831037 1648
95231747958478 1513
95236748023217 1378
95241748116407 1759
95246748210118 1330
95251748302692 1699
95256748418008 1561
95261748514549 1418
95266748635273 1759
95271748755691 1463
95276748854682 1688
95281748945925 1403
