85867888514840 1596
85872888674580 1377
85877888845213 1462
85882888960908 1392
85887889098005 1447
85892889200673 1358
85897889310829 1433
85902889431505 1032
85907889562115 1411
85912889702718 1224
85917889839513 1296
85922889966765 1214
85927890064380 1280
85932890204270 1071
85937890346949 1246
85942890459587 1249
85947890568257 1170
85952890682268 1230
85957890783860 1129
85962890929490 963
85967891056668 1199
85972891158865 1249
85977891285168 1101
85982891381887 1341
85987891485143 1125
85992891583513 1099
85997891707433 1159
86002891807084 1352
86007891932236 1103
86012892043709 1293
86017892177125 1122
86022892280233 1009
86027892377561 1131
86032892475347 1289
86037892571765 1069
86042892713783 1270
86047892841155 1116
86052892967770 1020
86057893119514 1091
86062893243729 1195
86067893360938 1084
86072893483025 1111
86077893588868 1146
86082893731509 809
86087893861157 1287
86092893958449 1089
86097894058030 1237
86102894184150 1050
86107894277650 1236
86112894397817 696
86117894503605 1156
86122894611578 1166
86127894707012 1252
86132894838489 1099
86137894963208 1254
86142895097174 914
86147895245222 1225
86152895391771 1114
86157895541523 1202
86162895661569 1097
86167895797757 1215
86172895939757 904
86177896048707 1213
86182896155628 1111
86187896271111 1245
86192896376483 1143
86197896489334 1251
86202896645713 873
86207896757974 1165
86212896888539 1055
86217896988112 1271
86222897122965 1033
86227897227354 1201
86232897377697 943
86237897520487 996
86242897644577 1147
86247897768498 984
86252897894146 1178
86257897990804 879
86262898092731 1097
86267898222387 774
86272898345030 1205
86277898470229 1044
86282898554853 1185
86287898666991 996
86292898786185 1173
86297898887582 813
86302899023502 1214
86307899121806 1052
86312899236249 1143
86317899334861 1078
86322899465645 1118
86327899571244 890
86332899685785 1103
86337899800487 1120
86342899909350 1022
86347900036219 1194
86352900170747 1113
86357900291883 793
86362900415411 1113
86367900547001 1201
86372900642725 1088
86377900754146 1222
86382900861020 977
86387900992560 955
86392901087037 1063
86397901185889 1181
86402901300728 1016
86407901409726 1209
86412901514331 1021
86417901611492 732
86422901711163 978
86427901806934 668
86432901918483 1188
86437902049561 483
86442902190973 380
86447902299871 166
86452902427221 0
86457902531031 3
86462902629064 4
86467902765121 332
86472902889973 476
86477902990556 185
86482903066973 0
86487903159501 1
86492903267521 5
86497903366443 155
86502903493198 276
86507903580502 160
86512903679761 0
86517903792054 0
86522903890120 0
86527904027746 124
86532904137565 496
86537904274472 241
86542904404556 1
86547904495393 0
86552904606414 6
86557904728030 218
86562904859194 405
86567904954107 301
86572905088163 0
86577905172292 2
86582905289759 0
86587905377337 2
86592905471185 1
86597905596926 11
86602905726476 0
86607905845225 330
86612905965581 681
86617906100648 949
86622906207583 814
86627906354836 1094
86632906494472 0
86637906584941 1
86642906672655 4
86647906803369 186
86652906913299 1101
86657907032834 1069
86662907157134 853
86667907267779 1066
86672907381671 1150
86677907478305 1036
86682907611364 1116
86687907748049 952
86692907853629 758
86697907980613 1076
86702908089852 1267
86707908221475 972
86712908342571 1099
86717908438354 1024
86722908562703 571
86727908686970 1148
86732908823255 1009
86737908914565 1129
86742909023789 1002
86747909123221 1145
86752909243992 755
86757909343209 1025
86762909435463 1084
86767909537537 995
86772909632609 1187
86777909756855 1004
86782909886107 737
86787910020712 957
86792910115480 1194
86797910243831 935
86802910337668 1088
86807910466880 1052
86812910584654 650
86817910712827 1127
86822910820692 1016
86827910945299 1108
86832911054762 962
86837911200421 1167
86842911312335 797
86847911446405 1046
86852911555483 1057
86857911669159 1024
86862911779913 1090
86867911900947 988
86872912036268 776
86877912143295 909
86882912277181 1019
86887912401798 990
86892912525809 894
86897912617261 1133
86902912751394 652
86907912887288 852
86912913009033 987
86917913111681 1071
86922913210550 1052
86927913311149 981
86932913439283 1019
86937913547103 700
86942913698892 1145
86947913845803 927
86952913959388 1135
86957914067295 1002
86962914201693 1000
86967914346181 807
86972914486286 1031
86977914633800 1112
86982914743796 982
86987914852074 1076
86992915009756 985
86997915158428 591
87002915281829 1132
87007915405158 958
87012915494372 1165
87017915590127 885
87022915687534 1020
87027915822121 486
87032915961161 1102
87037916054020 1118
87042916174038 930
87047916316902 1157
87052916416400 873
87057916519796 485
87062916610234 1117
87067916702185 1048
87072916796825 1145
87077916923657 1087
87082917018660 1116
87087917147827 575
87092917274133 1170
87097917373851 1021
87102917469037 1190
87107917604405 1087
87112917744545 1124
87117917890748 652
87122918039263 1055
87127918175320 1113
87132918288073 1098
87137918411398 1102
87142918537609 1036
87147918671287 622
87152918768807 1087
87157918874326 1113
87162918990434 1063
87167919146579 1159
87172919272266 950
87177919401196 636
87182919505266 1167
87187919630337 916
87192919759025 1243
87197919885407 918
87202919993041 1045
87207920146725 692
87212920285561 1105
87217920388463 1091
87222920483562 1144
87227920625609 1056
87232920738543 906
87237920853943 202
87242920951746 0
87247921041002 60
87252921131588 963
87257921250288 585
87262921378790 620
87267921493268 257
87272921618755 0
87277921768928 0
87282921886728 0
87287922001137 0
87292922130217 11
87297922242241 597
87302922362195 7
87307922489900 412
87312922590198 444
87317922684791 461
87322922807569 352
87327922936611 355
87332923038236 0
87337923135529 0
87342923264658 0
87347923353154 0
87352923479307 0
87357923571279 0
87362923668086 0
87367923806595 177
87372923903388 410
87377924026865 489
87382924151447 379
87387924248627 247
87392924375410 0
87397924475390 0
87402924570753 0
87407924662538 0
87412924741046 0
87417924827562 6
87422924931616 0
87427925019030 5
87432925139886 6
87437925265774 0
87442925392525 317
87447925523352 252
87452925621647 0
87457925736903 0
87462925823783 0
87467925910703 0
87472926020263 0
87477926104839 0
87482926232693 14
87487926368380 498
87492926469393 275
87497926602571 376
87502926707719 381
87507926807547 208
87512926932674 0
87517927054071 0
87522927178185 0
87527927306788 0
87532927436363 0
87537927528174 0
87542927656929 0
87547927787063 18
87552927917486 9
87557928036433 44
87562928150930 431
87567928275665 318
87572928404345 1
87577928521317 0
87582928608433 3
87587928693770 0
87592928775390 0
87597928882245 4
87602928995615 0
87607929121797 3
87612929235455 0
87617929344712 0
87622929472890 123
87627929591660 417
87632929719352 13
87637929817123 1
87642929929513 0
87647930042842 0
87652930156792 0
87657930270875 106
87662930407846 0
