87710506759558 20
87715506848900 33
87720506939391 44
87725507056518 59
87730507142533 72
87735507215489 80
87740507290904 84
87745507405689 92
87750507492190 100
87755507573593 107
87760507653124 114
87765507768686 122
87770507856486 132
87775507936537 141
87780508021787 138
87785508140145 158
87790508231175 162
87795508312529 165
87800508388306 182
87805508494833 174
87810508581625 187
87815508655863 205
87820508731892 204
87825508855748 202
87830508950377 211
87835509030353 215
87840509110331 228
87845509221868 235
87850509310446 244
87855509468188 245
87860509612133 248
87865509755655 255
87870509859730 256
87875509993412 265
87880510126456 274
87885510261970 271
87890510400594 282
87895510540877 286
87900510644902 286
87905510790169 294
87910510933472 302
87915511075674 304
87920511178124 298
87925511314688 310
87930511443368 320
87935511576961 314
87940511716512 325
87945511854829 313
87950511988643 326
87955512152497 320
87960512253896 342
87965512381799 333
87970512521388 333
87975512645158 340
87980512748349 340
87985512889366 337
87990513037463 353
87995513167187 344
88000513304910 346
88005513441979 351
88010513550578 353
88015513674201 352
88020513792829 360
88025513910567 355
88030514036904 365
88035514122191 365
88040514245692 374
88045514368424 365
88050514480128 357
88055514598993 370
88060514726508 394
88065514860074 400
88070515910678 384
88075516035145 391
88080516144902 394
88085516267502 386
88090516361667 397
88095516492680 397
88100516611711 411
88105516743240 408
88110516871219 407
88115516992152 413
88120517089523 414
88125517216380 413
88130517336743 404
88135517486260 428
88140517607050 413
88145517735673 429
88150517868141 427
88155518022977 421
88160518186040 447
88165518317620 431
88170518458056 441
88175518590934 433
88180518721498 457
88185518859105 457
88190519006366 434
88195519147306 457
88200519281531 464
88205519426470 465
88210519557762 473
88215519682345 461
88220519813639 479
88225519963794 463
88230520126289 499
88235520266074 475
88240520404963 481
88245520552279 486
88250520678352 489
88255520806352 478
88260520964856 515
88265521104273 509
88270521253444 508
88275521382455 519
88280521504431 508
88285521645337 507
88290521749262 497
88295521885596 528
88300522019917 536
88305522158687 518
88310522316391 533
88315522461729 542
88320522603464 543
88325522752575 559
88330522886306 530
88335523021700 568
88340523153537 547
88345523295185 543
88350523424957 575
88355523559217 589
88360523663430 548
88365523766097 573
88370523939907 544
88375524086580 602
88380524211489 594
88385524334909 605
88390524475645 604
88395524600879 640
88400524735300 634
88405524860326 622
88410524995241 622
88415525132063 661
88420525279992 629
88425525412165 639
88430525541759 675
88435525663257 639
88440525783138 670
88445525905527 640
88450526022711 660
88455526154358 682
88460526279535 669
88465526403407 740
88470526525766 720
88475526644759 724
88480526769618 726
88485526879148 730
88490527013516 715
88495527141971 753
88500527258630 762
88505527381154 785
88510527496627 741
88515527607555 779
88520527690763 828
88525527802841 802
88530527915933 800
88535528040164 839
88540528120355 828
88545528224533 853
88550528345662 885
88555528496209 819
88560528615014 888
88565528703084 885
88570528790434 920
88575528900814 904
88580528984568 939
88585529099940 955
88590529219266 938
88595529337816 950
88600529460173 980
88605529579026 1001
88610529676927 1036
88615529789969 965
88620529873619 1010
88625530001791 1081
88630530120830 1033
88635530202416 1085
88640530320158 1037
88645530439613 1098
88650530555035 1187
88655530662711 1188
88660530771638 1101
88665530878495 1175
88670530993202 1242
88675531118260 1201
88680531241788 1190
88685531389805 1240
88690531537789 1262
88695531656791 1284
88700531818205 1316
88705531960670 1345
88710532097524 1441
88715532239823 1408
88720532384211 1433
88725532511987 1491
88730532627600 1602
88735532733164 1556
88740532867912 1646
88745533002425 1573
88750533103944 1639
88755533203813 1707
88760533353444 1734
88765533472650 1807
88770533588775 1860
88775533711279 1891
88780533840099 1943
88785533961679 1998
88790534061628 1973
88795534190755 2178
88800534309185 2132
88805534430616 2231
88810534549022 2207
88815534669902 2430
88820534784576 2475
88825534892511 2536
88830535031814 2639
88835535159885 2763
88840535259796 2781
88845535358209 2790
88850535490261 2970
88855535580768 3036
88860535696059 3053
88865535811153 3463
88870535909141 3426
88875536017510 3699
88880536137249 4007
88885536261822 4075
88890536374752 3911
88895536503027 4529
88900536610973 4682
88905536704857 5214
88910536797926 5827
88915536905033 5747
88920537021522 6342
88925537115176 6604
88930537213364 7345
88935537310560 7419
88940537409414 8312
88945537506995 8681
88950537616786 9854
88955537728889 10478
88960537838743 11393
88965537933909 12245
88970538027569 12811
88975538141071 12910
88980539032152 13785
88985539156550 13920
88990539250434 14104
88995539368492 14069
89000539463884 14233
89005539555992 14285
89010539647432 14272
89015539769299 14343
89020539855044 14327
89025539957423 14381
89030540053515 14144
89035540176401 14246
89040540277046 14470
89045540364719 14406
89050540478769 14172
89055540576919 14158
89060540672381 14400
89065540764492 14371
89070540858789 14400
89075540950786 14538
89080541060714 14569
89085541156800 14704
89090541258428 14418
89095541373563 14397
89100541487605 14462
89105541596141 14559
89110541706637 14463
89115541802760 14228
89120541901574 14600
89125541997913 14418
89130542118472 14603
89135542240362 14359
89140542361936 14372
89145542454462 14403
89150542551647 14404
89155542662965 14339
89160542770689 14303
89165542866640 14471
89170542961828 14381
89175543053502 14340
89180543158904 14484
89185543252976 14088
89190543377203 14325
89195543469037 14194
89200543586356 14543
89205543694916 14513
89210543795868 14349
89215543929460 14431
89220544020331 14556
89225544112964 14540
89230544228453 14601
89235544336417 14654
89240544427150 14535
89245544522297 14684
89250544631055 14348
89255544726958 14006
89260544837053 14396
89265544929589 14445
89270545018667 14470
89275545117908 14549
89280545212041 14357
89285545299386 14362
89290545392400 14552
89295545485511 14552
89300545582283 14515
89305545687604 14577
89310545780338 14610
89315545872287 14191
89320545980493 14650
89325546083242 14609
89330546177810 14498
89335546279136 14409
89340546378923 14155
89345546474916 14560
89350546582807 14534
89355546678566 14511
89360546776064 14606
89365546888814 14638
89370546985766 14586
89375547083596 14727
89380547183320 13938
89385547307558 14417
89390547402219 14625
89395547516814 14622
89400547612945 14530
89405547718767 14203
89410547832632 14421
89415547926668 14490
89420548020004 14387
89425548114103 14520
89430548223307 14673
89435548333672 14571
89440548439555 14745
89445548540226 14703
89450548644686 14430
89455548767667 14529
89460548861893 14662
89465548950355 14425
89470549059664 13997
89475549150469 14458
89480549237625 14390
89485549343319 14558
89490549443695 14733
89495549525826 14555
89500549617832 14311
89505549727840 14469
