95301950515883 545
95306950690842 4296
95311950831083 18334
95316950932471 18597
95321951052693 18147
95326951148925 18407
95331951252317 18385
95336951366632 18384
95341951466748 18484
95346951557229 18319
95351951647679 18312
95356951727129 18222
95361951812836 18302
95366951910548 18222
95371952015919 18374
95376952120481 18354
95381952218755 18303
95386952309747 18540
95391952385075 18417
95396952484711 18232
95401952564537 18217
95406952666241 18354
95411952762354 18664
95416952848300 18593
95421952962453 18305
95426953077067 18271
95431953162083 18272
95436953262527 18673
95441953376529 18273
95446953470080 18467
95451953553088 18619
95456953634036 18403
95461953724377 18593
95466953822398 18477
95471953927305 18480
95476954017254 18489
95481954094495 18550
95486954177044 18563
95491954268381 18524
95496954360761 18682
95501954437511 18428
95506954525772 18605
95511954630394 18730
95516954717751 18420
95521954796623 18523
95526954889379 18151
95531954968929 18466
95536955056972 18178
95541955151635 18727
95546955245482 18560
95551955342190 18465
95556955437470 18407
95561955533908 18252
95566955616520 18488
95571955691004 18479
95576955767783 18344
95581955854663 18201
95586955934034 18569
95591956018834 18537
95596956132903 18530
95601956212303 18524
95606956313777 18442
95611956406854 18566
95616956494462 18218
95621956596194 18264
95626956655341 18454
95631956714763 18262
95636956799623 18510
95641956870729 18204
95646956948035 18385
95651957003007 18423
95656957085598 18403
95661957173966 18182
95666957245348 18242
95671957329662 18317
95676957417310 18319
95681957482183 18314
95686957556374 17875
95691957649751 18152
95696957744390 18121
95701957829190 18200
95706957952739 18413
95711958041037 18332
95716958127143 18303
95721958236432 18034
95726958328872 18077
95731958421238 18432
95736958522920 18433
95741958609418 18374
95746958681677 18457
95751958758403 18407
95756958860329 18001
95761958928098 18276
95766959015336 18365
95771959104126 18696
95776959193561 18307
95781959303963 18307
95786959397274 18042
95791959477823 18553
95796959580643 18477
95801959676426 18794
95806959760820 18341
95811959860241 18432
95816959966537 18267
95821960053543 18376
95826960145019 18084
95831960201949 18449
95836960332426 18193
95841960410883 18515
95846960507300 18366
95851960582055 18022
95856960667635 18350
95861960756239 18120
95866960844650 18067
95871960901697 18266
95876961001760 17958
95881961090661 18532
95886961188854 18310
95891961277453 18159
95896961390070 18696
95901961484749 18305
95906961600936 18157
95911961691943 18461
95916961810649 18187
95921961920681 18123
95926962008245 18243
95931962089477 18265
95936962168022 18184
95941962243014 18376
95946962328361 18167
95951962417901 18459
95956962509094 18220
95961962601185 18271
95966962695779 18455
95971962781676 18435
95976962905257 18316
95981962988076 18571
95986963070721 18580
95991963155567 18474
95996963243607 18756
96001963328023 18422
96006963409476 18337
96011963500137 18221
96016963591059 18661
96021963704852 18367
96026963789846 18409
96031963874466 18526
96036963992812 18533
96041964091577 18281
96046964175167 18403
96051964262706 18105
96056964345308 18404
96061964445291 18398
96066964520179 18553
96071964604321 18104
96076964687459 18313
96081964774279 18449
96086964860503 18409
96091964953161 18346
96096965043588 18648
96101965118307 18331
96106965206211 18157
96111965297293 18536
96116965391382 18587
96121965490884 18242
96126965587928 18392
96131965675454 18219
96136965757401 18218
96141965837578 18210
96146965934558 18154
96151966019324 18102
96156966112845 18312
96161966198276 18424
96166966281898 18772
96171966355405 18094
96176966470871 18080
96181966596455 18255
96186966699616 18329
96191966785755 18540
96196966880423 18336
96201966969802 18158
96206967052327 18435
96211967137072 18350
96216967238856 18313
96221967319223 18528
96226967398120 18326
96231967482137 18531
96236967562434 18273
96241967656105 18453
96246967759640 18039
96251967845789 18045
96256967941451 18141
96261968022522 18172
96266968113131 18212
96271968196362 18426
96276968328461 18422
96281968438357 18756
96286968525047 18316
96291968609676 18416
96296968698058 18166
96301968789397 18434
96306968882496 18611
96311968963642 18321
96316969052565 18450
96321969154182 18532
96326969255930 18093
96331969346319 18733
96336969426781 18331
96341969510352 18225
96346969591707 18320
96351969693176 18185
96356969782961 18510
96361969858013 18197
96366969947379 18237
96371970021905 18889
96376970115050 18284
96381970196135 18665
96386970279017 18237
96391970359314 18166
96396970441496 18445
96401970532641 17872
96406970611537 18262
96411970705097 18331
96416970788424 18223
96421970872201 18504
96426970968629 17880
96431971066496 18400
96436971156186 17964
96441971240992 18227
96446971326035 18232
96451971413970 18161
96456971493083 18608
96461971586570 18394
96466971698075 18238
96471971796421 18228
96476971889183 18476
96481971983309 18245
96486972079753 18406
96491972192670 18455
96496972283646 18457
96501972366462 18156
96506972464654 18497
96511972549029 18316
96516972663340 18339
96521972741965 17948
96526972834119 18160
96531972935827 18294
96536973027155 18454
96541973108078 18101
96546973192619 18284
96551973277724 18379
96556973369899 18238
96561973456271 18282
96566973560075 18096
96571973661227 18259
96576973767223 18462
96581973861635 18460
96586973946971 18207
96591974067315 18328
96596974158393 18065
96601974251976 18131
96606974356200 18607
96611974491101 18135
96616974576079 18124
96621974654403 18062
96626974734765 18103
96631974820689 18046
96636974897182 18330
96641975005653 18411
96646975087929 18365
96651975213664 18163
96656975305702 18402
96661975390155 18249
96666975470050 18368
96671975554884 18425
96676975640009 18534
96681975725676 18207
96686975840593 18383
96691975924174 18289
96696976007755 18819
96701976081492 18112
96706976192858 17980
96711976285141 18380
96716976387219 18550
96721976476532 18467
96726976562552 18290
96731976637585 18165
96736976750861 18810
96741976836351 18562
96746976918596 18077
96751977013460 18479
96756977096786 18488
96761977173438 18614
96766977250986 18437
96771977341233 18314
96776977428918 18514
96781977512362 18390
96786977602896 18475
96791977688482 18608
96796977781301 18424
96801977864105 18478
96806977922308 18434
96811978000498 18303
96816978081724 18138
96821978170588 17950
96826978260932 18531
96831978367424 18369
96836978456429 18097
96841978541805 18510
96846978640540 18151
96851978738857 18073
96856978820213 18249
96861978906669 18226
96866978996624 18454
96871979078968 18454
96876979188102 18464
96881979279245 17924
96886979349828 18197
96891979455939 18667
96896979547090 18235
96901979645601 18229
96906979732117 18560
96911979822429 18449
96916979925720 18245
96921980025358 18455
96926980113361 18374
96931980212336 18366
96936980303559 18159
96941980388693 18268
96946980483401 18332
96951980579378 18181
96956980694312 18624
96961980802976 18649
96966980882495 18498
96971980970671 18356
96976981058592 18410
96981981149734 18463
96986981225076 18600
96991981315919 18637
96996981406938 18417
97001981500811 18204
97006981581454 18745
97011981695688 18707
97016981811359 18712
97021981896955 18181
97026981958104 18440
97031982011479 18319
97036982100538 18538
97041982179500 18303
97046982249278 18379
97051982333265 18378
97056982436927 18171
97061982515760 18243
97066982619370 18313
97071982720716 18562
97076982818943 18289
97081982909697 18249
97086982991032 18479
97091983071838 18399
97096983158422 18574
