29682997107129 56
29687997405301 138
29692997551584 159
29697997739462 224
29702997979248 259
29707998268939 295
29712998409203 327
29717998607690 356
29722998851703 368
29727999159369 402
29732999295719 419
29737999482982 459
29742999731232 496
29748000036750 508
29753000169338 462
29758000368528 578
29763000606714 603
29768000917288 630
29773001073743 653
29778001266420 722
29783001522995 672
29788001832428 784
29793001978467 863
29798002172776 878
29803002419944 940
29808002719672 1015
29813002856417 1060
29818003041894 1220
29823003293624 1320
29828003458197 1476
29833003607301 1636
29838003787484 1727
29843004040018 1814
29848004173906 2332
29853004275202 2610
29858004414164 2964
29863004572126 3203
29868004896485 3903
29873005056138 4685
29878005175283 5632
29883005265396 6262
29888005354357 7364
29893005445707 8794
29898005548307 10228
29903005651886 11906
29908005745774 14231
29913005840261 14685
29918005941679 16404
29923006029658 17427
29928006137524 19753
29933006220536 17869
29938006331335 18196
29943006426171 18734
29948006542456 18954
29953006629163 19570
29958006726281 20329
29963006828133 22269
29968006941645 22660
29973007035973 22953
29978007123478 23020
29983007229474 23218
29988008230761 23144
29993008315239 23473
29998008399184 23548
30003008496477 23454
30008008587637 23274
30013008674967 23496
30018008781616 23426
30023008876009 23220
30028008984737 23130
30033009079750 23351
30038009163294 23485
30043009257881 23639
30048009346857 23678
30053009438023 23600
30058009548867 23465
30063009638596 23662
30068009729381 23217
30073009815174 23430
30078009905479 23317
30083010012232 23833
30088010110866 23179
30093010207424 23581
30098010295212 23641
30103010388481 23515
30108010494053 23460
30113010580784 23486
30118010668969 23225
30123010760613 23625
30128010848708 23652
30133010931154 23730
30138011033467 23251
30143011125945 23693
30148011225969 23298
30153011315723 23534
30158011399645 23469
30163011487529 23426
30168011580011 23540
30173011669863 23559
30178011772279 23454
30183011860529 23342
30188011944971 23486
30193012020295 23628
30198012117389 23341
30203012199696 23265
30208012283245 23670
30213012399254 23519
30218012498314 23359
30223012590157 23459
30228012680713 23531
30233012773940 23410
30238012884853 23553
30243012969190 23514
30248013057978 23539
30253013146043 23424
30258013235957 23493
30263013332522 23420
30268013420300 23504
30273013506722 23418
30278013591948 23756
30283013681243 23783
30288013786425 23151
30293013882097 23491
30298013967687 23308
30303014074738 23476
30308014186928 23711
30313014272397 23424
30318014369756 23574
30323014477698 23645
30328014573700 23665
30333014672354 23696
30338014760109 23596
30343014854395 23449
30348014952588 23762
30353015051935 23380
30358015136860 23281
30363015222115 23522
30368015308536 23421
30373015393798 23740
30378015479415 23532
30383015571016 23302
30388015656787 23701
30393015758247 23410
30398015852024 23631
30403015939992 23648
30408016020446 23482
30413016111023 23527
30418016237387 23633
30423016329031 23739
30428016418298 23531
30433016538277 23692
30438016634725 23414
30443016721936 23553
30448016810164 23359
30453016897825 23766
30458016985797 23532
30463017073641 23698
30468017166218 23331
30473017252068 23581
30478017340793 23334
30483017449290 23173
30488017546371 23570
30493017635865 23485
30498017725995 23694
30503017817598 23277
30508017915862 23394
30513018019071 23498
30518018109772 23331
30523018209594 23195
30528018297650 23421
30533018380193 23394
30538018465617 23331
30543018556130 23639
30548018642938 23574
30553018746417 23421
30558018867172 23455
30563018957189 23917
30568019047308 23703
30573019147663 23378
30578019274636 23399
30583019369270 23222
30588019458410 23240
30593019549910 23325
30598019637795 23697
30603019724376 23610
30608019814003 23465
30613019926394 23479
30618020019934 23405
30623020119259 23631
30628020206880 23416
30633020303301 23429
30638020391258 23617
30643020518069 23592
30648020616643 23607
30653020707577 23558
30658020794641 23443
30663020888686 23372
30668020978836 23498
30673021072984 23403
30678021168431 23385
30683021262118 23529
30688021357605 23565
30693021452261 23441
30698021539217 23303
30703021628264 23279
30708021714206 23588
30713021801596 23467
30718021890879 23130
30723021988364 23275
30728022079231 23723
30733022168839 23636
30738022263270 23481
30743022356391 23379
30748022442558 23358
30753022530458 23619
30758022621188 23614
30763022708281 23570
30768022815287 23472
30773022901598 23325
30778022993563 23253
30783023099134 23126
30788023186163 23478
30793023278799 23447
30798023409529 23296
30803023501694 23484
30808023593306 23429
30813023696397 23618
30818023786776 23400
30823023876649 23201
30828023968498 23220
30833024081373 23333
30838024167250 23512
30843024253584 23532
30848024338738 23352
30853024453537 23673
30858024563682 23413
30863024675650 23427
30868024776393 23532
30873024866480 23489
30878024951010 23135
30883025044850 23409
30888025140154 23376
30893025223352 23258
30898025310404 23305
30903025401221 23345
30908025490918 23372
30913025579930 23275
30918025667208 23306
30923025763449 23461
30928025860409 23141
30933025949759 23331
30938026039498 23463
30943026131655 23352
30948026221248 23280
30953026326132 23558
30958026413964 23174
30963026502592 23191
30968026694056 23364
30973026784747 23418
30978026870128 23454
30983026958923 23350
30988027056223 23359
30993027143977 23443
30998027232457 23378
31003027338849 23623
31008027429795 23331
31013027517079 23370
31018027604803 23200
31023027691220 23371
31028027779125 23304
31033027870744 23303
31038027960152 23218
31043028056890 23457
31048028153897 23345
31053028239587 23263
31058028323535 23163
31063028410617 23414
31068028511738 23426
31073028606944 23516
31078028742973 23413
31083028837356 23385
31088028944908 23503
31093029035743 23430
31098029125668 23448
31103029246127 23387
31108029358042 23237
31113029444121 23144
31118029533699 23582
31123029624077 23554
31128029729949 23541
31133029905662 23252
31138029999826 23102
31143030088530 23416
31148030175782 23439
31153030268229 23353
31158030356274 23337
31163030450420 23329
31168030582468 23324
31173030674345 23244
31178030763739 23387
31183030855772 23263
31188030945824 23448
31193031038243 23380
31198031123889 23131
31203031204501 23295
31208031301992 23521
31213031389897 23535
31218031480584 23465
31223031572268 23428
31228031668087 23341
31233031754394 23328
31238031859733 23562
31243031953521 23356
31248032039781 23178
31253032132414 23494
31258032214153 23262
31263032309987 23358
31268032411194 23279
31273032505249 23300
31278032596827 23196
31283032698652 23327
31288032788422 23372
31293032873601 23433
31298032979944 23523
31303033084065 23239
31308033183511 23457
31313033289953 23041
31318033405137 23379
31323033493159 23475
31328033580877 23698
31333033671847 23380
31338033762686 23315
31343033851580 23477
31348033943728 23065
31353034037440 23111
31358034137031 23218
31363034238023 23249
31368034322894 23477
31373034431780 23324
31378034525179 23460
31383034616807 23305
31388034705555 23129
31393034789759 23091
31398034872643 23303
31403034961831 23317
31408035055018 23467
31413035152605 23581
31418035246881 23655
31423035342967 23448
31428035439916 23535
31433035561916 23433
31438035663549 23323
31443035759300 23720
31448035850028 23629
31453035939655 23549
31458036017545 23494
31463036117887 23751
31468036211602 23594
31473036302203 23862
31478036392730 23352
