21867792490954 25
21872792649496 30
21877792847773 34
21882793099211 36
21887793407974 42
21892793556013 45
21897793710443 47
21902793879561 53
21907794171629 51
21912794319428 58
21917794506222 58
21922794756682 65
21927794874974 63
21932795014921 67
21937795195834 68
21942795364507 70
21947795515317 74
21952795663158 78
21957795860608 78
21962796102670 76
21967796310387 86
21972796459071 88
21977796661655 91
21982796858860 94
21987797201090 97
21992797370617 99
21997797565991 105
22002797820182 99
22007798129081 107
22012798259361 108
22017798494898 113
22022798752340 116
22027799062433 113
22032799227373 126
22037799432654 128
22042799705517 129
22047799985464 129
22052800180979 132
22057800360090 138
22062800625743 138
22067800877936 138
22072801031997 139
22077801237162 150
22082801493335 155
22087801779504 152
22092801925272 153
22097802136748 162
22102802312812 165
22107802630653 165
22112802792865 163
22117803000339 168
22122803260204 179
22127803565782 173
22132803719654 166
22137803951135 180
22142804203497 186
22147804508200 184
22152804667351 189
22157804871349 193
22162805142837 195
22167805446390 193
22172805607069 200
22177805825866 211
22182806087960 208
22187806393211 201
22192806553331 207
22197806717005 221
22202806979454 208
22207807258254 216
22212807421280 223
22217807553085 229
22222807721637 218
22227807879364 231
22232808037168 228
22237808203882 239
22242808404287 232
22247808574154 233
22252808720262 252
22257808923970 246
22262809193779 256
22267809505019 246
22272809666559 248
22277809879628 261
22282810144424 259
22287810381109 264
22292810501154 263
22297810720518 265
22302810991917 274
22307811303997 272
22312811462918 271
22317811621047 283
22322811806585 271
22327811969273 271
22332812150729 285
22337812321866 287
22342812555406 289
22347812872851 296
22352813019783 283
22357813154911 292
22362813378991 294
22367813595920 291
22372813754472 308
22377813902950 310
22382814157543 306
22387814484035 309
22392814640069 306
22397814852751 303
22402815082469 308
22407815259283 302
22412815411730 319
22417815614277 313
22422815868872 309
22427816173507 323
22432816322264 328
22437816476694 313
22442816675086 322
22447816850866 318
22452817006326 324
22457817198146 331
22462817469816 333
22467817777648 327
22472817938770 319
22477818148365 338
22482818419084 341
22487818727532 333
22492818877026 341
22497819087366 335
22502819314381 341
22507819631757 346
22512819782974 349
22517819998836 349
22522820171182 361
22527820374093 354
22532820522520 350
22537820741264 345
22542821004021 371
22547821317849 353
22552821479664 353
22557821698260 376
22562821962650 370
22567822251080 356
22572822420865 360
22577822631753 349
22582822894828 368
22587823209113 362
22592823360486 367
22597823572231 376
22602823838008 388
22607824145540 372
22612824297807 377
22617824517358 384
22622824773176 384
22627825088714 374
22632825249014 367
22637825428358 384
22642825693733 396
22647826014676 389
22652826141094 388
22657826318137 379
22662826551768 399
22667826873949 405
22672827031153 391
22677827232682 380
22682827463737 393
22687827779173 410
22692827940201 386
22697828115083 404
22702828356637 393
22707828677711 389
22712828840505 394
22717829045557 386
22722829308246 410
22727829616682 405
22732829774890 411
22737829985216 397
22742830249111 402
22747830404121 409
22752830558826 425
22757830708632 420
22762830870902 414
22767831088630 410
22772831227064 423
22777831411037 415
22782831593455 440
22787831857847 415
22792831999013 417
22797832182875 420
22802832311866 408
22807832416841 428
22812832551035 422
22817832700719 447
22822832834200 432
22827833041460 427
22832833178193 442
22837833306644 423
22842833435108 446
22847833582448 443
22852833712828 437
22857833841702 449
22862833975172 440
22867834275788 445
22872834414469 475
22877834600279 449
22882834849757 438
22887835152895 458
22892835292820 462
22897835484312 479
22902835731154 456
22907835996171 454
22912836168432 466
22917836338661 454
22922836586062 466
22927836884294 465
22932837030801 461
22937837223660 470
22942837476649 469
22947837782328 488
22952837913473 462
22957838104078 479
22962838349633 476
22967838648012 484
22972838787427 477
22977838977728 489
22982839216637 472
22987839508094 491
22992839640188 477
22997839822918 481
23002840063663 481
23007840365007 497
23012840505609 511
23017840695246 488
23022840925359 484
23027841207111 514
23032841329298 521
23037841506475 506
23042841735177 518
23047842016848 530
23052842143139 522
23057842329687 507
23062842566764 533
23067842850798 527
23072842970722 531
23077843147936 534
23082843379419 538
23087843660211 526
23092843783424 527
23097843962173 522
23102844188636 533
23107844490950 539
23112844615975 556
23117844793459 561
23122845026298 560
23127845316929 563
23132845440502 544
23137845615381 547
23142845844188 574
23147846128859 563
23152846259274 535
23157846436563 573
23162846664666 568
23167846945843 564
23172847074363 570
23177847259797 568
23182847499470 581
23187847790318 588
23192847914682 579
23197848086374 585
23202848316107 573
23207848602021 600
23212848734924 571
23217848908397 584
23222849137299 611
23227849426622 596
23232849550575 592
23237849731386 623
23242849961774 618
23247850251488 613
23252850389396 614
23257850567191 623
23262850794865 598
23267851086574 613
23272851214647 604
23277851391755 639
23282851625890 640
23287851907668 638
23292852030384 631
23297852208428 626
23302852444849 643
23307852727500 640
23312852845582 649
23317853026133 643
23322853258281 633
23327853550941 635
23332853691447 636
23337853867472 665
23342854098147 683
23347854379292 668
23352854510101 661
23357854687786 660
23362854919394 684
23367855210710 666
23372855339800 696
23377855514613 690
23382855745370 698
23387856031248 693
23392856156976 720
23397856335933 706
23402856566868 731
23407856849312 695
23412856974909 733
23417857152076 723
23422857369903 719
23427857656598 734
23432857779045 758
23437857959758 743
23442858194236 716
23447858476692 742
23452858603082 755
23457858779020 694
23462859011547 745
23467859300255 769
23472859418446 756
23477859613191 786
23482859855168 784
23487860150994 774
23492860296151 753
23497860491751 809
23502860739489 781
23507861041643 801
23512861180757 812
23517861376759 826
23522861621320 851
23527861920949 826
23532862063103 796
23537862251791 803
23542862501221 815
23547862805335 859
23552862961353 867
23557863159003 852
23562863426611 851
23567863734470 845
23572863878302 857
23577864069330 867
23582864314611 830
23587864618482 897
23592864760332 894
23597864956019 890
23602865203869 874
23607865501702 956
23612865655058 910
23617865845856 902
23622866101426 918
23627866399974 1001
23632866544131 965
23637866740098 900
23642866987004 931
23647867294291 940
23652867438588 945
23657867632424 929
23662867877172 975
