20014760213546 4535
20019760366212 4244
20024760559856 4122
20029760679817 4080
20034760793495 4012
20039760918176 2516
20044761109692 3846
20049761252400 3728
20054761418584 3825
20059761544509 3674
20064761699092 3439
20069761851706 2603
20074761965213 3332
20079762069444 3345
20084762176871 3540
20089762306958 3484
20094762418304 3520
20099762541264 2124
20104762649081 3337
20109762768955 2817
20114762894255 3361
20119763024501 3632
20124763132307 3542
20129763240711 1993
20134763346796 3334
20139763455784 3303
20144763583053 3361
20149763690677 3294
20154763827768 3209
20159763970655 2272
20164764129810 1955
20169764246519 3699
20174764377148 3050
20179764492307 3178
20184764601764 3309
20189764753915 2243
20194764879711 2949
20199764995556 3249
20204765135391 2078
20209765272781 1710
20214765423594 666
20219765586170 356
20224765724684 0
20229765860109 0
20234766011801 0
20239766133478 248
20244766261725 611
20249766446960 303
20254766635168 0
20259766843669 0
20264766962281 2
20269767069085 0
20274767204735 353
20279767375611 686
20284767521883 0
20289767649665 0
20294767762537 0
20299767896506 0
20304768038255 432
20309768191503 569
20314768297483 0
20319768405874 0
20324768502235 0
20329768652944 0
20334768756563 884
20339768915300 1827
20344769061382 0
20349769172378 0
20354769284610 1
20359769424133 1
20364769531275 1364
20369769685804 3438
20374769796475 690
20379769906593 3599
20384770053673 3503
20389770164731 3604
20394770274695 3409
20399770415595 2968
20404770581278 1590
20409770690325 3454
20414770801847 1913
20419770952218 3149
20424771060542 3504
20429771165751 3071
20434771281114 1665
20439771398476 2753
20444771506795 2774
20449771633273 3561
20454771759839 2762
20459771887761 2332
20464771990912 1949
20469772143992 2771
20474772254040 3439
20479772395422 2533
20484772545159 3505
20489772654942 1362
20494772818740 1568
20499772973570 2542
20504773082048 3218
20509773190743 2742
20514773336484 3168
20519773463242 3321
20524773615772 1264
20529773736783 2461
20534773849243 3077
20539773954935 3201
20544774059174 3001
20549774170413 3685
20554774312010 624
20559774412664 3066
20564774517492 3185
20569774623596 3266
20574774750121 3190
20579774857598 1184
20584775018220 636
20589775159926 0
20594775305110 0
20599775452050 0
20604775581386 912
20609775720133 1209
20614775860760 502
20619775997600 0
20624776143539 0
20629776273522 0
20634776401071 0
20639776527327 0
20644776656179 2
20649776783490 0
20654776879293 62
20659776993308 711
20664777146009 391
20669777299784 585
20674777446374 367
20679777604677 0
20684777695552 0
20689777786833 0
20694777875554 0
20699777971687 1
20704778100781 0
20709778230569 0
20714778335907 0
20719778466855 0
20724778591184 0
20729778723602 5
20734778880162 0
20739779049739 0
20744779180570 0
20749779299973 0
20754779452519 329
20759779637302 180
20764779773282 0
20769779928874 0
20774780059907 0
20779780245469 0
20784780378102 123
20789780568037 171
20794780707102 0
20799780873480 1
20804780997986 1
20809781180428 344
20814781309569 447
20819781507469 95
20824781632080 0
20829781815310 0
20834781945997 0
20839782101701 1
20844782225245 1
20849782390013 0
20854782527895 25
20859782717123 0
20864782840924 430
20869782977904 492
20874783130210 353
20879783286042 301
20884783400038 0
20889783492853 0
20894783597657 0
20899783701181 0
20904783795423 0
20909783950714 2
20914784183987 0
20919784462165 0
20924784593424 0
20929784773528 0
20934784947554 0
20939785064009 0
20944785205897 0
20949785344706 0
20954785497782 0
20959785744660 0
20964785871552 0
20969785999416 2
20974786127224 149
20979786275036 295
20984786436511 608
20989786585690 590
20994786717669 613
20999786831542 206
21004786975482 0
21009787119152 0
21014787234668 0
21019787364434 0
21024787503217 0
21029787650307 0
21034787786507 0
21039787912022 0
21044788040773 2
21049788161942 339
21054788316073 555
21059788470611 424
21064788604134 0
21069788732696 1
21074788850986 0
21079788987297 0
21084789127269 0
21089789267068 0
21094789360008 0
21099789449682 0
21104789570763 0
21109789703770 0
21114789826213 100
21119789964705 327
21124790073781 0
21129790166769 0
21134790269381 0
21139790347731 94
21144790451857 709
21149790593394 494
21154790746584 0
21159790867079 0
21164790990644 0
21169791111425 0
21174791241875 0
21179791433765 0
21184791560937 0
21189791736152 0
21194791866269 0
21199792028749 0
21204792150241 0
21209792292539 916
21214792486793 0
21219792684388 0
21224792775462 2082
21229792878677 2906
21234792985190 3493
21239793145296 2204
21244793282726 0
21249793417876 0
21254793558924 1
21259793698281 3
21264793812078 619
21269793974957 2262
21274794123069 12
21279794250487 2763
21284794356187 3570
21289794496472 3125
21294794595978 2001
21299794746685 2374
21304794871414 659
21309794990465 1385
21314795105383 3747
21319795206347 2757
21324795340436 2379
21329795482267 2616
21334795615925 14
21339795756317 2404
21344795893378 3073
21349796015847 2487
21354796134105 3590
21359796289177 1039
21364796452186 17
21369796627455 33
21374796724590 3517
21379796829923 2541
21384796954867 3336
21389797091367 1926
21394797241580 528
21399797367197 1541
21404797492044 2241
21409797592134 3576
21414797695896 1234
21419797838224 3130
21424797977382 19
21429798090772 1562
21434798213768 3125
21439798316470 2803
21444798439066 3665
21449798630782 1826
21454798792629 6
21459798915243 1133
21464799026854 2766
21469799138060 3714
21474799261762 2470
21479799422706 2673
21484799564888 2
21489799699237 100
21494799812794 3541
21499799916481 2846
21504800055847 3188
21509800201525 983
21514800332783 27
21519800439816 2269
21524800584398 2598
21529800726592 3595
21534800847011 2482
21539801011645 3139
21544801162420 2
21549801278715 60
21554801387056 2862
21559801516951 3016
21564801649447 3014
21569801793388 3230
21574801954899 19
21579802109784 7
21584802214795 2623
21589802326394 3057
21594802449744 3259
21599802643573 1443
21604802776935 1
21609802925287 1
21614803102715 2484
21619803283229 3129
21624803426589 3468
21629803528983 3104
21634803696491 95
21639803851383 1
21644803982170 3
21649804125803 1715
21654804288048 3457
21659804388252 3251
21664804547070 177
21669804682049 0
21674804813546 5
21679804946966 620
21684805046996 3227
21689805157005 3022
21694805294146 130
21699805439896 3
21704805573627 67
21709805670946 2836
21714805807652 3639
21719805934721 2234
21724806078609 258
21729806201620 0
21734806340153 8
21739806442205 2376
21744806542652 3096
21749806641076 3171
21754806784597 363
21759806921210 9
21764807076242 313
21769807200666 3125
21774807296757 3226
21779807421707 3736
21784807585571 223
21789807758783 1
21794807838816 311
21799808021357 3703
21804808116328 3363
21809808240336 3124
