27860475539925 13786
27865475743489 8015
27870475854850 6099
27875475987715 6027
27880476141119 6800
27885476263646 6738
27890476384268 4518
27895476515944 4872
27900476625120 6223
27905476749274 2836
27910476887681 6103
27915477028499 5623
27920477158043 2335
27925477264709 6058
27930477376849 1552
27935477484294 6595
27940477604940 6064
27945477724947 2552
27950477837393 6436
27955477951589 1175
27960478061873 6468
27965478195810 6292
27970478313520 2443
27975478450058 6075
27980478578643 1523
27985478712256 6298
27990478820724 6497
27995478933046 2463
28000479072321 5445
28005479222632 2162
28010479335738 6306
28015479440216 4662
28020479576558 4199
28025479675767 3339
28030479810176 4125
28035479919812 4593
28040480050316 3187
28045480155132 5129
28050480300404 2473
28055480411685 0
28060480522112 6865
28065480634063 736
28070480768389 6484
28075480888434 1111
28080481013194 6684
28085481155079 923
28090481277834 5302
28095481396012 2300
28100481531611 4918
28105481669898 2683
28110481786401 3133
28115481895415 4233
28120482044994 238
28125482156828 6531
28130482266185 1066
28135482371994 6340
28140482479795 1257
28145482614694 5861
28150482777234 1741
28155482884351 3919
28160482989561 3682
28165483089706 2680
28170483198443 4890
28175483304943 53
28180483417326 6457
28185483569662 1141
28190483680248 5265
28195483798326 2336
28200483910752 4912
28205484031050 2692
28210484170892 0
28215484294128 6980
28220484400695 622
28225484539778 6052
28230484700692 1553
28235484815408 6283
28240484932402 1319
28245485044389 3681
28250485169101 3924
28255485338935 0
28260485447310 6430
28265485590873 1174
28270485739251 6529
28275485847493 1075
28280485976195 5262
28285486125896 2342
28290486242294 0
28295486407747 7020
28300486562662 583
28305486680078 6806
28310486839451 793
28315486945224 5046
28320487071886 2553
28325487172092 219
28330487275424 7054
28335487397175 337
28340487514795 6610
28345487655819 991
28350487765609 5255
28355487905450 2348
28360488021215 5038
28365488140522 2609
28370488275736 0
28375488385233 7009
28380488530362 599
28385488659795 5694
28390488804350 1906
28395488951413 5214
28400489104357 2392
28405489207338 3608
28410489298725 3887
28415489411765 117
28420489516840 6297
28425489648449 1315
28430489802023 6079
28435489945445 1528
28440490052615 5247
28445490186182 2356
28450490306450 0
28455490409911 6856
28460490539202 749
28465490648108 6469
28470490783382 1135
28475490915479 5134
28480491076603 2464
28485491202569 0
28490491332722 6744
28495491462367 863
28500491610807 6337
28505491769273 1276
28510491879929 5159
28515492030764 2442
28520492146297 0
28525492280807 7049
28530492430611 548
28535492578081 6916
28540492687650 684
28545492789118 5183
28550492904644 2419
28555493042104 0
28560493172802 7083
28565493308790 520
28570493432109 6477
28575493578040 1143
28580493683353 3850
28585493818152 3716
28590493963958 41
28595494086394 6531
28600494189965 1068
28605494311421 6126
28610494459281 1472
28615494594091 0
28620494712290 7088
28625494830574 515
28630494959751 6491
28635495073118 1107
28640495177868 5456
28645495320095 2140
28650495443795 0
28655495553165 6462
28660495675913 1139
28665495798683 5024
28670495914327 2584
28675496061239 0
28680496166823 7034
28685496303239 565
28690496407533 5311
28695496516433 2293
28700496660469 0
28705496769561 6770
28710496886476 830
28715497022450 5320
28720497130241 2287
28725497259928 5
28730497399968 7094
28735497546488 496
28740497669518 6808
28745497813435 797
28750497915027 4336
28755498043129 3266
28760498186907 0
28765498291807 6674
28770498449621 937
28775498556908 6957
28780498669377 691
28785498800081 5981
28790498955773 1623
28795499070580 5378
28800499202331 2220
28805499314411 5602
28810499425043 2007
28815499572405 0
28820499682181 6908
28825499800915 697
28830499915706 6537
28835500054546 1066
28840500176833 6665
28845500319724 935
28850500437609 5841
28855500584470 1772
28860500702867 5850
28865500803958 1752
28870500929499 5636
28875501069519 1973
28880501177203 3455
28885501287353 4115
28890501394617 3740
28895501484256 3848
28900501574104 1355
28905501689199 6016
28910501795144 277
28915501943491 6700
28920502090150 912
28925502197509 6725
28930502338769 880
28935502456186 6323
28940502595707 1281
28945502711889 5646
28950502839249 1963
28955502943229 6138
28960503106877 1468
28965503223890 6566
28970503363383 1048
28975503486714 6359
28980503635385 1242
28985503744979 7105
28990503887871 498
28995504017732 7050
29000504150871 549
29005504264808 6533
29010504411445 1063
29015504516281 6676
29020504656472 934
29025504761520 6203
29030504891986 1400
29035505019490 5793
29040505164637 1810
29045505302175 6227
29050505418122 1376
29055505520533 5398
29060505638280 2208
29065505746427 4841
29070505850671 2765
29075505956974 5148
29080506092886 2450
29085506222981 0
29090506341513 6810
29095506461000 798
29100506569378 6587
29105506718936 1007
29110506844349 6578
29115506976048 1031
29120507073035 4280
29125507206355 3322
29130507313326 2560
29135507411678 4986
29140507510999 3122
29145507646678 4528
29150507756197 58
29155507881269 6813
29160507982093 2564
29165508091278 5466
29170508194265 5366
29175508315650 2618
29180508449822 754
29185508549913 6354
29190508654923 2711
29195508758783 5138
29200508881364 261
29205508998856 6922
29210509099701 686
29215509215798 6083
29220509357199 1529
29225509492239 6558
29230509640812 1058
29235509763480 6117
29240509903229 1494
29245510043179 5650
29250510197279 1958
29255510337367 5892
29260510491607 1706
29265510601798 5282
29270510747841 2325
29275510858081 2614
29280510999767 4735
29285511109751 251
29290511224491 6719
29295511369960 896
29300511500334 5914
29305511652661 1696
29310511776349 4994
29315511921116 2617
29320512020907 5476
29325512185529 2130
29330512292506 1517
29335512405890 5732
29340512513187 365
29345512617630 6679
29350512714814 3421
29355512810334 5003
29360512950248 126
29365513070902 6719
29370513185080 886
29375513292620 6745
29380513397530 2036
29385513498766 6023
29390513641817 406
29395513784924 6193
29400513925908 1415
29405514035499 6053
29410514184226 1553
29415514324050 5695
29420514454091 1912
29425514573011 4818
29430514679577 2782
29435514792066 5109
29440514897220 2492
29445515007626 3546
29450515140890 4055
29455515296995 0
29460515418833 5770
29465515567715 1837
29470515678670 5537
29475515805773 2069
29480515906171 2724
29485515999746 4676
29490516156299 206
29495516273973 6863
29500516420357 737
29505516547104 7024
29510516690330 583
29515516795512 6073
29520516922348 1521
29525517048178 5299
29530517179043 2344
29535517280316 5353
29540517416398 2271
29545517516123 1035
29550517635674 6184
29555517774441 2491
29560517871178 5195
29565517982775 5375
29570518151015 2518
29575518290528 0
29580518404583 6840
29585518535913 760
29590518646610 6505
29595518781235 1106
29600518899874 6680
29605519061910 920
29610519167934 5585
29615519304616 2017
29620519424799 5767
29625519577741 1840
29630519726507 0
29635519827501 6951
29640519930089 651
29645520022254 5530
29650520161850 2068
29655520275301 5228
