6526035943848 4958
6531036087697 4558
6536036195759 4331
6541036301987 4580
6546036409025 4510
6551036515166 4293
6556036636331 4256
6561036745553 4250
6566036882130 4144
6571036991997 4227
6576037111410 4234
6581037220377 4263
6586037321241 4042
6591037428140 4137
6596037521314 4042
6601037635248 4251
6606037737221 4228
6611037845179 4104
6616037958390 4112
6621038063302 4204
6626038192672 4025
6631038313923 4005
6636038432130 4106
6641038537095 4091
6646038654579 4047
6651038776682 3993
6656038883400 4073
6661038992371 3910
6666039100928 4096
6671039208646 4076
6676039328873 2854
6681039463840 1346
6686039585971 763
6691039705547 983
6696039825465 1088
6701039949541 2044
6706040057201 3196
6711040189548 3500
6716040303385 3706
6721040408435 3916
6726040527388 3944
6731040632960 3887
6736040735447 3905
6741040845140 4018
6746040945182 3932
6751041051128 3860
6756041167848 3975
6761041310921 3908
6766041424525 3896
6771041536078 3844
6776041667644 3974
6781041785663 3848
6786041890783 3853
6791041992255 3864
6796042096419 3775
6801042196191 3793
6806042311055 3809
6811042415539 3766
6816042522795 3899
6821042614001 3855
6826042716154 3767
6831042848426 3851
6836042959289 3828
6841043084027 3801
6846043193303 3887
6851043300113 3761
6856043412221 3671
6861043525218 2948
6866043636132 1822
6871043773758 1235
6876043903748 1318
6881044037805 1039
6886044138062 1081
6891044277457 1151
6896044386062 1369
6901044488308 973
6906044618173 2141
6911044722708 2790
6916044825149 3156
6921044945563 3789
6926045059721 3901
6931045165225 3782
6936045299862 3957
6941045407308 3880
6946045514211 3901
6951045613991 4030
6956045719996 3953
6961045831053 3806
6966045935549 3877
6971046042469 3927
6976046142156 3896
6981046267577 3955
6986046375524 4002
6991046473513 3814
6996046568388 4024
7001046664145 3941
7006046754063 3940
7011046860129 3975
7016046964200 4026
7021047075649 3755
7026047197224 3981
7031047307263 4008
7036047420695 3880
7041047510967 3962
7046047604625 3918
7051047712307 3832
7056047810225 3993
7061047932234 3968
7066048038698 3911
7071048160130 3988
7076048256674 3948
7081048345645 3840
7086048462075 3932
7091048555184 4002
7096048665689 4048
7101048775490 4161
7106048882358 4018
7111048978465 3838
7116049090606 4087
7121049216355 3947
7126049313312 3938
7131049432730 4016
7136049546203 3942
7141049672334 3754
7146049780059 4020
7151049886225 3907
7156049992942 4065
7161050107417 4012
7166050211467 3940
7171050317251 3749
7176050419615 3944
7181050526775 3910
7186050619755 4054
7191050726546 3914
7196050832021 4008
7201050944978 3754
7206051046258 3930
7211051158950 4010
7216051261652 3962
7221051358462 4024
7226051468609 4009
7231051563617 3728
7236051671276 3940
7241051790275 3996
7246051881262 3896
7251051987640 3995
7256052111455 3971
7261052252705 3699
7266052347134 3975
7271052440638 3866
7276052548039 3995
7281052661997 3924
7286052749889 3929
7291052856029 3696
7296052949186 4086
7301053045816 3948
7306053131447 3956
7311053249205 3959
7316053343600 3978
7321053436262 3858
7326053536762 3960
7331053642572 4004
7336053748732 3975
7341053859836 4055
7346053964340 3891
7351054065618 3840
7356054186843 4023
7361054322672 3979
7366054453668 3969
7371054552795 3800
7376054653636 4130
7381054775279 3887
7386054896559 4037
7391055003769 4012
7396055131933 3990
7401055242707 3916
7406055352437 4047
7411055457431 3820
7416055560722 4099
7421055652076 4042
7426055760354 4114
7431055855408 3917
7436055952369 4010
7441056048387 3797
7446056141671 4021
7451056238119 4008
7456056336397 3881
7461056429778 3950
7466056538822 4002
7471056632503 3831
7476056724074 4030
7481056824454 4009
7486056953533 3650
7491057056789 3748
7496057180136 3867
7501057281081 3862
7506057374233 3967
7511057464416 3948
7516057555476 3978
7521057664938 3895
7526057754897 3860
7531057845673 3796
7536057936676 3944
7541058043086 3969
7546058145964 3909
7551058240872 3983
7556058331436 4007
7561058422080 3847
7566058516687 4015
7571058609319 3926
7576058709035 3894
7581058800811 3902
7586058889736 3911
7591058980384 3683
7596059076661 4107
7601059175438 3920
7606059283145 3870
7611059377565 3944
7616059507657 3873
7621059615729 3694
7626059712773 3999
7631059815113 3875
7636059909611 4066
7641060012151 3826
7646060104219 3889
7651060199851 3569
7656060291906 3937
7661060410883 3959
7666060503046 3895
7671060593826 3931
7676060689884 4081
7681060804395 3758
7686060892540 3936
7691060993001 4016
7696061085465 3777
7701061183383 4040
7706061283931 3866
7711061378234 3616
7716061488931 3938
7721061596776 3921
7726061690092 3847
7731061780675 3922
7736061877404 3818
7741061989116 3614
7746062087951 4058
7751062184898 3884
7756062277961 3801
7761062368474 3959
7766062476834 3921
7771062572695 3541
7776062667030 3942
7781062756429 3908
7786062845774 4089
7791062940953 3841
7796063030300 3810
7801063128120 3584
7806063243134 3952
7811063333514 3847
7816063425125 4010
7821063525025 3894
7826063634532 3882
7831063729375 3620
7836063839622 3897
7841063934915 3905
7846064016527 3807
7851064110460 3929
7856064202345 3839
7861064301949 3615
7866064396027 4037
7871064512434 3983
7876064605673 3815
7881064695817 4005
7886064800941 4074
7891064914056 3587
7896065005533 3847
7901065109683 3817
7906065203094 3889
7911065290312 3804
7916065383801 3950
7921065475842 3546
7926065584610 3838
7931065698975 3847
7936065788936 3791
7941065879549 3868
7946065979029 3917
7951066074765 3632
7956066167787 3861
7961066276332 3864
7966066373298 3878
7971066468140 3798
7976066577881 4000
7981066666993 3674
7986066786521 3865
7991066885634 3717
7996066980309 3758
8001067072153 3752
8006067179575 3880
8011067289466 3555
8016067387313 3835
8021067484754 3855
8026067587081 3794
8031067683112 3789
8036067774310 4101
8041067866039 3550
8046067957249 3852
8051068079739 3891
8056068172313 3744
8061068265063 3812
8066068359284 3972
8071068453311 3566
8076068543946 3815
8081068653769 3781
8086068746785 3688
8091068838968 3920
8096068923568 3970
8101069031208 3549
8106069166444 3937
8111069271895 3829
8116069365401 3771
8121069460802 4056
8126069563855 3791
8131069678023 3548
8136069775265 3846
8141069878603 3805
8146069983439 3814
8151070077811 3946
8156070176780 3795
8161070273562 3510
8166070373338 3869
8171070476742 3762
8176070588042 3853
8181070708663 3848
8186070863132 3609
8191070993217 3440
8196071104060 3831
8201071208512 3778
8206071304686 3853
8211071422097 3757
8216071526500 3781
8221071630354 3399
8226071746576 3828
8231071839319 3898
8236071933771 3789
8241072040468 3774
8246072138033 3829
8251072240169 3425
8256072352261 3852
8261072468047 4043
8266072570155 3824
8271072676724 3886
8276072768538 3881
8281072908717 3493
8286073011417 3955
8291073106602 3969
8296073201665 3842
8301073289983 3855
8306073383319 3731
8311073476977 3507
8316073582169 4004
8321073681523 3916
8326073780440 3793
8331073882515 3910
8336074000233 3910
8341074088649 3564
8346074174036 3967
8351074275161 3814
8356074374018 3901
8361074464920 3819
8366074552736 3687
8371074672534 3565
8376074787422 3729
8381074880743 3723
8386075001891 3680
8391075103267 3669
8396075225182 3970
8401075316377 3504
8406075430907 3881
8411075522529 3821
8416075611152 3834
8421075702692 3880
8426075821921 3929
8431075923094 3509
8436076044606 3828
8441076138925 3873
8446076228922 4014
8451076323564 3773
8456076431053 3749
8461076556718 3562
8466076666093 3624
8471076778853 3990
8476076887218 3800
8481076979940 3902
8486077095230 3745
8491077228979 3649
8496077325328 3819
8501077443642 3813
8506077542551 3774
8511077640744 3662
8516077754961 3825
8521077890053 3944
8526077981316 3671
8531078077334 3696
8536078165276 3857
8541078252409 3828
8546078343570 3945
8551078446412 3825
8556078544686 3511
8561078663307 3800
8566078763946 3803
8571078858349 3872
8576078977314 3806
8581079109763 3714
8586079203929 3391
8591079294184 3828
8596079391639 4093
8601079490189 3827
8606079578567 3747
8611079669492 3699
8616079764745 3658
8621079857450 3947
8626079969332 3791
8631080107781 3799
8636080206292 3817
8641080301711 3877
8646080392960 3580
8651080484080 3838
8656080579622 3721
8661080669064 3769
8666080763328 3812
8671080859649 3783
8676080955291 3484
8681081052864 3736
8686081150215 3838
8691081245597 3838
8696081341700 3766
8701081444110 3828
8706081560102 3586
8711081672044 4081
8716081772551 3855
8721081889566 3834
8726081982584 3754
8731082075264 3794
8736082164985 3646
8741082283649 3906
8746082385745 3724
8751082485195 3765
8756082585839 3846
8761082697568 3923
8766082790835 3541
8771082881778 3860
8776083000143 3706
8781083111339 3957
8786083199312 3850
8791083303669 3629
8796083393877 3425
8801083505120 3973
8806083602083 4243
8811083717524 3800
8816083829920 3804
8821083936369 3720
8826084035862 3634
8831084145075 3911
8836084243763 3694
8841084330330 3793
8846084420668 3610
8851084522313 3884
8856084635732 3368
8861084744488 3849
8866084837031 3690
8871084934580 3727
8876085034098 3694
8881085134398 3793
8886085226837 3337
8891085317521 3839
8896085407063 3925
8901085532178 3714
8906085636298 3729
8911085745260 3743
8916085843812 3558
8921085941879 3982
8926086031524 3696
8931086123160 3809
8936086228841 3741
8941086365575 3974
8946086468141 3248
8951086570351 3820
8956086687614 3667
8961086776138 3985
8966086871221 3708
8971086973143 3598
8976087063898 3417
8981087157449 3928
8986087249058 3787
8991087341989 3672
8996087432342 3586
9001087526566 3756
9006087638224 3451
9011087754906 3826
9016087879657 3736
9021087974278 3746
9026088080572 3855
9031088171134 3554
9036088264299 3418
9041088353399 3835
9046088442484 4024
9051088533143 3651
9056088626819 3649
9061088722249 3797
9066088816783 3415
9071088920831 3847
9076089014982 3765
9081089124729 3715
9086089232485 3910
9091089338371 3791
9096089443785 3497
9101089550795 3820
9106089663955 3923
9111089784101 3740
9116089877516 3697
9121089965902 3702
9126090057167 3520
9131090174677 3854
9136090273088 3745
9141090385021 3643
9146090475332 3742
9151090580265 3749
9156090674192 3299
9161090780541 3808
9166090887068 4014
9171091008890 3809
9176091126387 3690
9181091263116 3682
9186091370129 3640
9191091463244 3822
9196091571710 3816
9201091672812 3670
9206091801551 3995
9211091892258 3798
9216091981140 3512
9221092093254 3955
9226092186965 3849
9231092274602 3783
9236092365597 3667
9241092495203 3589
9246092584777 3391
9251092672959 3852
9256092770489 3654
9261092875471 3944
9266092989664 3763
9271093100609 3799
9276093192441 3321
9281093281015 3844
9286093401137 3550
9291093511390 3576
9296093609945 3583
9301093701124 3656
9306093793775 3347
9311093880663 3771
9316093975356 3689
9321094085598 3649
9326094180960 3697
9331094281328 3676
9336094395723 3312
9341094505136 3544
9346094605397 3756
9351094736460 3733
9356094830050 3447
9361094926708 3606
9366095022498 3390
9371095110838 3710
9376095203964 3596
9381095296667 3648
9386095388075 3853
9391095480230 3449
9396095578617 3265
9401095668649 3662
9406095767642 3816
9411095864342 3505
9416095979804 3580
9421096093527 3575
9426096185588 3293
9431096280663 3513
9436096381193 3610
9441096493824 3800
9446096586633 3506
9451096675970 3498
9456096811518 3354
9461096910607 3795
9466097032114 3549
9471097132109 3582
9476097231801 3881
9481097326638 3575
9486097415733 3210
9491097506662 3631
9496097628166 3714
9501097724327 3630
9506097817572 3524
9511097933920 3565
9516098028117 3335
9521098128037 3562
9526098251754 3587
9531098355418 3720
9536098449604 3680
9541098542630 3646
9546098632932 3119
9551098723113 3910
9556098817197 3669
9561098912474 3542
9566099032583 3685
9571099125373 3569
9576099216407 3179
9581099322161 3546
9586099437450 3593
9591099559912 3417
9596099658223 3676
9601099746895 3670
9606099852349 3302
9611099962723 3612
9616100078918 3479
9621100180265 3855
9626100268839 3751
9631100363487 3513
9636100479840 3282
9641100580194 3906
9646100667656 3559
9651100765157 3635
9656100877393 3649
9661100966511 3620
9666101053973 3293
9671101159832 3709
9676101279565 3710
9681101387113 3593
9686101478805 3474
9691101569451 3616
9696101683249 3522
9701101777874 3657
9706101870026 3570
9711101984670 3641
9716102106040 3471
9721102237402 3399
9726102365597 3411
9731102475602 4036
9736102576873 3604
9741102697028 3400
9746102813701 3731
9751102918232 3475
9756103027979 3067
9761103152218 3641
9766103263265 3713
9771103372205 3506
9776103489900 3552
9781103602621 3677
9786103720355 3091
9791103852942 3526
9796103964140 3563
9801104089086 3735
9806104201512 3565
9811104307446 3487
9816104409727 3429
9821104527846 3634
9826104623969 3654
9831104729246 3549
9836104830020 3758
9841104943905 3435
9846105052227 3257
9851105163845 3885
9856105266632 3494
9861105360802 3488
9866105454523 3614
9871105567863 3621
9876105673967 3229
9881105767745 3647
9886105863834 3792
9891105962651 3477
9896106064054 3591
9901106169362 3589
9906106271804 3379
9911106404667 3551
9916106512344 3577
9921106613254 3736
9926106716356 3550
9931106814298 3432
9936106923241 3355
9941107026178 3760
9946107134372 3438
9951107243167 3454
9956107347773 3718
9961107459803 3459
9966107563100 3157
9971107657171 3829
9976107777464 3664
9981107887113 3313
9986107987100 3695
9991108120144 3674
9996108220985 3077
10001108326784 3683
10006108439760 3673
10011108545237 3376
10016108658827 3546
10021108785405 3804
10026108909261 3303
10031109015664 3534
10036109134397 3618
10041109240351 3703
10046109366832 3427
10051109480125 3602
10056109625414 3394
10061109752648 3598
10066109858675 3518
10071109953836 3702
10076110077424 3503
10081110183520 3354
10086110307660 3428
10091110417280 3730
10096110543218 3545
10101110640670 3533
10106110768529 3703
10111110895385 3480
10116111014862 3402
10121111141193 3837
