14356278520155 17043
14361278769540 14085
14366278929810 12984
14371279044917 13679
14376279135562 13696
14381279260320 12626
14386279359159 10959
14391279470565 11645
14396279575728 9639
14401279692235 10065
14406279789902 9388
14411279919645 9858
14416280019035 10073
14421280151210 10096
14426280267163 10420
14431280395283 10649
14436280504557 10089
14441280617321 9891
14446280727707 10079
14451280863196 10031
14456280978759 11415
14461281106659 12276
14466281211382 11428
14471281321791 11171
14476281422928 13091
14481281536171 10736
14486281632751 10932
14491281721343 12935
14496281850260 11378
14501281956421 10533
14506282067700 11509
14511282164841 12147
14516282258523 11099
14521282345528 11664
14526282449975 10438
14531282544711 12036
14536282655646 11020
14541282758565 12020
14546282853590 11915
14551282985224 11260
14556283080508 11077
14561283182328 11910
14566283280415 10653
14571283387215 11272
14576283491303 13893
14581283590186 12700
14586283683883 12743
14591283788741 12293
14596283901963 10445
14601284031112 10523
14606284136200 12539
14611284254781 11809
14616284366249 13021
14621284484238 11455
14626284586792 10502
14631284697245 11026
14636284793419 9289
14641284886221 14105
14646284991435 12985
14651285095223 12437
14656285208126 13628
14661285334979 10971
14666285428041 10330
14671285533964 13038
14676286401337 12860
14681286501801 13364
14686286595515 12198
14691286690995 12649
14696286825251 11255
14701286926714 10144
14706287023193 12652
14711287113007 12977
14716287207100 12275
14721287318028 11844
14726287428891 13205
14731287535133 7022
14736287630794 13498
14741287725612 12777
14746287838815 12463
14751287940334 12360
14756288028337 12057
14761288131638 12778
14766288370558 11825
14771288471620 13035
14776288568374 11585
14781288673957 12564
14786288779144 11068
14791288888660 10222
14796288982668 8731
14801289089556 10180
14806289196083 11674
14811289293641 10247
14816289404595 10148
14821289499636 10115
14826289596126 10061
14831289689074 9018
14836289781469 8371
14841289870455 10670
14846289966520 9981
14851290072620 9832
14856290176083 10437
14861290295643 10130
14866290411817 10060
14871290512371 10066
14876290631054 8990
14881290744977 8315
14886290851990 9742
14891290946698 10061
14896291055141 10053
14901291150185 10371
14906291240412 10973
14911291333235 10488
14916291438090 8867
14921291542300 10613
14926291636437 10070
14931291728343 9921
14936291824699 10024
14941291921493 9696
14946292024561 10632
14951292118768 10054
14956292223408 9334
14961292324916 8713
14966292422788 9153
14971292536966 10007
14976292636523 10214
14981292732690 10286
14986292867846 9927
14991292968848 10347
14996293065900 10290
15001293155981 9841
15006293250228 9084
15011293346348 7883
15016293436364 10109
15021293533667 10827
15026293619782 10241
15031293712978 9818
15036293817083 11376
15041293920083 10658
15046294012527 9131
15051294126752 8964
15056294233517 10330
15061294333264 10187
15066294468221 10053
15071294560811 9972
15076294655103 10169
15081294768925 10267
15086294864970 10291
15091294972567 8400
15096295081747 8890
15101295181720 9999
15106295285071 10095
15111295386278 10217
15116295497669 9840
15121295633797 9953
15126295746345 9949
15131295857256 9026
15136295964612 7822
15141296108014 10126
15146296212539 10169
15151296301480 9921
15156296400923 10037
15161296517229 10309
15166296627349 9973
15171296729627 9454
15176296837762 10427
15181296935793 10373
15186297042633 10232
15191297148669 10161
15196297255022 10095
15201297369754 10081
15206297473016 10227
15211297569697 10146
15216297681580 9975
15221297784212 9524
15226297896809 10277
15231298000065 10088
15236298133424 10614
15241298257382 10178
15246298358346 10468
15251298456079 10240
15256298563642 8848
15261298662448 8465
15266298762359 9986
15271298854017 10270
15276298943719 10771
15281299048926 9614
15286299168329 10830
15291299269435 9531
15296299390613 9925
15301299479599 10131
15306299585246 10006
15311299724678 10164
15316299847289 10106
15321299948102 9917
15326300048580 10135
15331300181420 10157
15336300299925 9937
15341300392115 7192
15346300494895 9785
15351300596853 9124
15356300709309 9956
15361300802792 8732
15366300891691 9938
15371300987724 10510
15376301081399 9792
15381301177633 9286
15386301283908 9175
15391301389419 8167
15396301493194 8384
15401301598951 10143
15406301694079 9753
15411301792038 11043
15416301887579 10018
15421301981202 10306
15426302086479 9155
15431302188567 9600
15436302283526 10385
15441302406931 10376
15446302507875 9551
15451302614524 9083
15456302713698 9050
15461302823778 9936
15466302928933 10589
15471303049661 8924
15476303147282 8076
15481303254063 8631
15486303343059 9917
15491303464816 10320
15496303567611 10036
15501303678772 9947
15506303786459 10007
15511303907016 9985
15516304009522 8297
15521304101208 8634
15526304198134 10117
15531304293749 9890
15536304403163 9848
15541304508639 10899
15546304613864 9090
15551304705503 10474
15556304807413 7323
15561304911766 9746
15566304999901 9080
15571305087365 8968
15576305193405 9882
15581305291982 9627
15586305381443 9210
15591305478335 10465
15596305576777 9475
15601305691647 9899
15606305785871 10234
15611305903916 10202
15616306001863 10103
15621306110518 10025
15626306203457 10035
15631306296518 10152
15636306396369 10105
15641306494879 9816
15646306600045 8921
15651306701034 8407
15656306791681 9928
15661306884218 10808
15666306979881 9561
15671307083533 10528
15676307178767 10181
15681307282552 9755
15686307381066 9211
15691307512478 9907
15696307607343 8657
15701307712272 10088
15706307809306 8747
15711307904466 9979
15716308014654 10993
15721308112905 9175
15726308206737 9067
15731308297303 10019
15736308388118 8189
15741308523160 9027
15746308643957 9056
15751308756519 10550
15756308869702 9818
15761308967699 9501
15766309087489 10176
15771309190151 9955
15776309287096 9030
15781309376989 8896
15786309480103 9393
15791309585008 9510
15796309680317 10683
15801309791076 10481
15806309883481 9879
15811309988309 10994
15816310087528 8278
15821310183450 9835
15826310281588 9862
15831310374687 9601
15836310469922 8328
15841310570022 9706
15846310681406 9814
15851310779219 10121
15856310869651 9117
15861310978157 9814
15866311079202 7706
15871311174492 9580
15876311302942 9733
15881311393284 9770
15886311502407 9844
15891311597760 10141
15896311709129 10193
15901311817005 8839
15906311904786 7982
15911311992923 9872
15916312086492 8656
15921312182977 9803
15926312280949 9654
15931312423521 9253
15936312526388 9757
15941312621643 10176
15946312719989 9114
15951312815331 7637
15956312905552 10236
15961312994532 9878
15966313134998 10070
15971313254104 10142
15976313364713 9435
15981313473372 7712
15986313623988 8894
15991313743246 9531
15996313866280 10227
16001313979789 9947
16006314095262 10001
16011314211708 9997
16016314314496 8739
16021314407403 9113
16026314513138 10191
16031314615272 8666
16036314761389 10477
16041314874409 8958
16046314987615 9519
16051315109578 10341
16056315228453 9272
16061315333761 9482
16066315429450 10279
16071315516269 9507
16076315636963 9182
16081315750880 9316
16086315861524 9405
16091315966787 9546
16096316102800 9253
16101316210282 9528
16106316305191 10529
16111316414240 9810
16116316508759 8779
16121316629699 9987
16126316740844 7876
16131316835458 8925
16136316935500 10203
16141317064355 9602
16146317170869 9886
16151317273927 9854
16156317361788 10037
16161317449170 10067
16166317545642 6805
16171317660689 9592
16176317776835 9501
16181317925250 10065
16186318020431 9677
16191318130090 9244
16196318233454 9147
16201318318448 9971
16206318403164 9188
16211318507589 9216
16216318597524 7389
16221318685500 8705
16226318793891 9789
16231318908959 9825
16236319010513 10137
16241319108574 10001
16246319207837 9919
16251319302307 10146
16256319393773 7657
16261319502344 8845
16266319607987 9916
16271319702089 9773
16276319797698 9052
16281319890421 9048
16286319983774 9628
16291320079491 9555
16296320169704 10399
16301320258223 8492
16306320349409 7170
16311320462977 9290
16316320599429 9879
16321320735173 9525
16326320837751 9888
16331320939638 8532
16336321037853 9121
16341321130366 10373
16346321226434 8551
16351321319831 9933
16356321411736 6718
16361321502126 9762
16366321591317 9819
16371321707642 9879
16376321822962 9690
16381321935886 8619
16386322041682 7936
16391322149512 9945
16396322252665 8266
16401322349210 8135
16406322462765 8782
16411322576060 9560
16416322687909 8747
16421322822182 9156
16426322948042 10022
16431323059666 9931
16436323162004 8598
16441323282915 9845
16446323384427 10208
16451323481976 9969
16456323575641 10254
16461323690267 10240
16466323778606 8972
16471323892967 10866
16476324011594 8543
16481324106280 8474
16486324194826 9660
16491324300269 9688
16496324414538 9391
16501324515437 9612
16506324615206 8926
16511324710832 10296
16516324814298 8703
16521324943277 9371
16526325087275 9552
16531325200226 9458
16536325326709 7083
16541325433363 9828
16546325531022 9748
16551325667485 10047
16556325779760 9825
16561325891167 8879
16566325992259 10232
16571326104426 9652
16576326201087 7586
16581326314200 9748
16586326418655 7124
16591326515932 9398
16596326634022 9465
16601326735897 9814
16606326841739 10027
16611326955120 9660
16616327079841 9456
16621327209796 8190
16626327346257 8820
16631327462650 7019
16636327593093 9027
16641327710027 9714
16646327826213 9290
16651327927214 8983
16656328022234 10348
16661328146755 8434
16666328260527 8763
16671328380731 9910
16676328501737 7641
16681328612285 9389
16686328723652 9525
16691328838659 9156
16696328950362 9654
16701329062401 9464
16706329188243 10061
16711329290668 9814
16716329404033 7265
16721329513136 8853
16726329623799 8662
16731329728073 8824
16736329837319 8993
16741329942284 9785
16746330059294 9826
16751330172905 7780
16756330258219 9145
16761330342058 8974
16766330439650 7536
16771330543088 8699
16776330636345 7224
16781330723284 9623
16786330820348 9005
16791330922042 9689
16796331032175 9672
16801331141122 9120
16806331254465 10592
16811331359695 7302
16816331469690 8671
16821331586690 9651
16826331692738 9010
16831331795166 8895
16836331887285 9116
16841331987536 10061
16846332097943 8882
16851332208639 7172
16856332310620 10178
16861332420890 8011
16866332517320 10816
16871332633989 11711
16876332736425 11561
16881332849270 11433
16886332960478 12141
16891333072314 10204
16896333190481 8435
16901333301526 12525
16906333414261 12011
16911333515770 11859
16916333619717 11710
16921333726172 10066
16926333817577 11532
16931333927084 12205
16936334048419 12299
16941334154241 11130
16946334266916 11287
16951334388301 9352
16956334501449 12048
16961334613160 11436
16966334729354 11254
16971334842038 11954
16976334944045 10988
16981335050362 9606
16986335177177 11346
16991335294068 10914
16996335401325 12077
17001335524070 10706
17006335631811 10313
17011335737703 10326
17016335859112 9856
17021335959711 11092
17026336084720 11096
17031336193735 11391
17036336293193 10868
17041336388424 9887
17046336524309 9260
17051336626696 9306
17056336736371 8148
17061336848750 6915
17066336962542 8843
17071337026255 9887
17076337128110 9787
17081337232601 8119
17086337342403 10294
17091337469177 8720
17096337573891 8621
17101337707140 10062
17106337797797 6169
17111337889077 8246
17116337997979 8583
17121338107875 9267
17126338213358 9452
17131338316869 9781
17136338442715 8248
17141338544589 8814
17146338645499 9292
17151338737450 9612
17156338833778 6113
17161338953850 7803
17166339055060 8588
17171339168534 9483
17176339272382 9628
17181339378760 9164
17186339479873 6993
17191339582535 10011
17196339680704 9905
17201339787591 9354
17206339917270 6786
17211340053810 9141
17216340155569 9417
17221340250451 8997
17226340370846 8464
17231340493647 9771
17236340651115 7869
17241340756329 9045
17246340844445 8037
17251340951385 8929
17256341070781 7480
17261341167816 11559
17266341261800 11330
17271341377873 11062
17276341481193 11387
17281341587603 11538
17286341696478 10515
17291341815227 11718
17296341941434 12630
17301342048379 10774
17306342171965 11508
17311342268798 10387
17316342374448 10690
17321342487271 11342
17326342594676 10670
17331342709067 11412
17336342824177 11457
17341342926168 10908
17346343024245 10267
17351343125721 9908
17356343233566 11248
17361343348041 10487
17366343475655 12176
17371343580797 11595
17376343686615 11524
17381343786198 9473
17386343890785 10658
17391343987665 11222
17396344106440 11088
17401344215940 11508
17406344322676 10611
17411344422887 10106
17416344527812 11385
17421344631643 11126
17426344719790 11344
17431344817278 10896
17436344922006 10927
17441345044533 11355
17446345178743 7923
17451345313298 9796
17456345427412 10096
17461345545843 10531
17466345662380 10058
17471345765324 11025
17476345872374 10505
17481345962837 8826
17486346046270 9352
17491346163933 6621
17496346277839 9911
17501346404388 9776
17506346529766 9974
17511346642603 10004
17516346759596 7094
17521346859055 8994
17526346973839 9225
17531347084402 8904
17536347197099 7582
17541347309200 8902
17546347421324 8892
17551347542003 7818
17556347646837 9536
17561347753995 9677
17566347865342 8548
17571347987242 8761
17576348140325 8028
17581348258626 9603
17586348357809 6952
17591348471892 8651
17596348572681 8437
17601348672639 9145
17606348781948 7211
17611348889392 9588
17616349009220 6517
17621349109428 9440
17626349210002 9772
17631349310126 8672
17636349400043 11967
17641349500752 11751
17646349608474 10879
17651349731630 10974
17656349839658 11963
17661349952176 10148
17666350068769 8472
17671350179925 11327
17676350282878 10408
17681350408264 12407
17686350537831 11436
17691350671087 11190
17696350779906 10145
17701350910370 11542
17706351050657 10894
17711351168611 11487
17716351290421 11645
17721351404480 11579
17726351518189 9207
17731351634539 10509
17736351742707 11389
17741351862776 10903
17746351966098 9065
17751352035123 11769
17756352152342 10303
17761352259065 8802
17766352385787 11445
17771352494922 11115
17776352597630 11226
17781352693571 10808
17786352798930 10927
17791352916493 9497
17796353029627 10282
17801353118129 11860
17806353223644 10462
17811353321202 11474
17816353425478 10808
17821353531209 10612
17826353634133 9413
17831353737973 10025
17836353855315 10050
17841353958865 10081
17846354064281 10199
17851354171257 10328
17856354279386 10447
17861354376587 9732
17866354481775 9144
17871354587071 9292
17876354693010 8508
17881354811592 8698
17886354913588 9486
17891355034068 9200
17896355157303 8150
17901355274662 8120
17906355403206 9861
17911355512047 6631
17916355630156 8561
17921355736748 7272
17926355855762 9081
17931355960582 7731
17936356059239 8729
17941356177386 9650
17946356279244 8743
17951356411091 7050
