20286583647424 1614
20291583780083 1329
20296583922707 1061
20301584078161 1590
20306584177547 1007
20311584288600 1143
20316584425596 1204
20321584525584 1625
20326584638051 1388
20331584766961 1551
20336584894515 1442
20341584993066 1067
20346585088162 1305
20351585195357 1578
20356585312413 1354
20361585445450 1551
20366585571430 1153
20371585697017 1074
20376585821381 1206
20381585945251 1148
20386586072622 1127
20391586211381 1448
20396586340901 1015
20401586450608 962
20406586592219 876
20411586728982 1251
20416586837139 1082
20421586986201 1447
20426587101253 1273
20431587211998 1202
20436587338711 1144
20441587451047 1397
20446587589630 1019
20451587708008 1170
20456587838500 1168
20461587959745 915
20466588092713 1296
20471588210996 1005
20476588322364 1288
20481588461990 920
20486588571767 1457
20491588683893 935
20496588796666 1426
20501588929524 1225
20506589054005 1190
20511589159511 1137
20516589283251 808
20521589426378 1160
20526589535592 1216
20531589678863 1471
20536589769097 1149
20541589905611 1428
20546590033534 1093
20551590139723 1084
20556590250124 901
20561590352254 1241
20566590488705 965
20571590580725 1206
20576590700305 1184
20581590844084 1239
20586590967066 1036
20591591106784 1086
20596591215874 1465
20601591345364 1082
20606591456672 1370
20611591604068 1038
20616591719366 1132
20621591830182 1123
20626591937457 991
20631592077760 1178
20636592188305 1473
20641592298619 963
20646592398159 872
20651592511563 1099
20656592621348 1319
20661592749106 1100
20666592860638 1276
20671592967815 987
20676593063123 910
20681593163882 1211
20686593292982 1039
20691593433531 1273
20696593533947 902
20701593649038 1413
20706593770421 792
20711593865975 1087
20716594001140 1326
20721594106499 1047
20726594211990 918
20731594317732 1188
20736594433500 983
20741594577157 937
20746594701347 1395
20751594834649 937
20756594975114 1233
20761595114870 1013
20766595230632 994
20771595382453 1124
20776595510865 1153
20781595618797 1277
20786595764162 1311
20791595864658 1281
20796595991551 939
20801596122885 1150
20806596224490 1068
20811596326542 1201
20816596437546 1108
20821596535601 1015
20826596656229 219
20831596790342 0
20836596908902 219
20841597037386 1158
20846597161232 666
20851597270983 346
20856597388567 215
20861597504068 0
20866597617721 0
20871597694710 0
20876597796333 0
20881597862438 0
20886597985425 0
20891598095643 3
20896598205270 399
20901598339957 410
20906598449836 390
20911598582933 235
20916598717210 343
20921598845841 86
20926598974097 0
20931599089332 2
20936599211274 3
20941599328408 64
20946599460661 437
20951599558032 111
20956599689868 0
20961599805755 3
20966599926946 1
20971600066716 354
20976600173395 407
20981600309668 185
20986600391411 0
20991600511284 1
20996600616304 0
21001600737684 222
21006600834300 538
21011600953739 403
21016601069972 0
21021601186916 2
21026601297601 6
21031601384075 502
21036601495174 889
21041601630933 494
21046601756283 5
21051601842481 9
21056601969190 341
21061602094278 1108
21066602205201 1339
21071602319656 642
21076602444837 1212
21081602554364 1214
21086602698051 1170
21091602835343 1184
21096602968897 1237
21101603069022 793
21106603174905 1126
21111603270465 1275
21116603392576 1044
21121603520360 1412
21126603646877 1025
21131603774698 716
21136603904534 1087
21141604031094 1147
21146604127568 1059
21151604226809 1131
21156604328248 1057
21161604434638 712
21166604566667 1169
21171604689951 1136
21176604802712 1190
21181604928107 1057
21186605029868 1270
21191605156669 960
21196605258054 1079
21201605393656 1389
21206605518130 1144
21211605655515 1116
21216605761461 1060
21221605907934 591
21226606039781 1093
21231606151513 1083
21236606252559 1347
21241606385783 1037
21246606523369 1189
21251606637316 742
21256606734080 944
21261606846020 1033
21266606948083 1227
21271607084148 1129
21276607221122 1092
21281607351275 1227
21286607485957 810
21291607586403 1397
21296607721385 1003
21301607831681 1168
21306607927777 1085
21311608059891 956
21316608187100 571
21321608293361 939
21326608406654 1084
21331608528463 1435
21336608638477 1140
21341608767458 1280
21346608876337 690
21351609014417 1359
21356609151646 969
21361609266231 1178
21366609393018 1118
21371609493436 1027
21376609620316 692
21381609741681 1018
21386609847746 1173
21391609975227 1036
21396610095428 1243
21401610186779 1080
21406610315723 403
21411610417865 1171
21416610552941 1016
21421610655097 1052
21426610774150 1089
21431610904491 1071
21436611049639 567
21441611163428 1025
21446611259879 1370
21451611384616 1051
21456611477636 1294
21461611574649 1072
21466611673400 507
21471611768950 1125
21476611860739 1062
21481611978387 1459
21486612132672 851
21491612282959 1165
21496612398722 558
21501612496862 1462
21506612626731 1112
21511612750694 1118
21516612859827 1295
21521612956055 1147
21526613076116 356
21531613199633 1122
21536613313390 1202
21541613435914 971
21546613543510 1160
21551613680516 1049
21556613824332 572
21561613952064 1236
21566614102994 1121
21571614239679 1488
21576614392254 794
21581614523568 1400
21586614651882 542
21591614805808 1233
21596614944553 1171
21601615069019 1142
21606615205854 1076
21611615314757 726
21616615377141 337
21621615507012 0
21626615620731 8
21631615740235 7
21636615853901 695
21641615988020 620
21646616086488 77
21651616203732 0
21656616324452 0
21661616459843 0
21666616571468 8
21671616679526 855
21676616811953 160
21681616944676 0
21686617037335 0
21691617158132 0
21696617249449 47
21701617384456 488
21706617527225 206
21711617654827 0
21716617773760 0
21721617894919 0
21726618016355 137
21731618119186 386
21736618244808 133
21741618377354 0
21746618441848 0
21751618535063 0
21756618654917 0
21761618762481 9
21766618845387 7
21771618962937 0
21776619095230 0
21781619229641 340
21786619366587 424
21791619484991 464
21796619596213 167
21801619694548 0
21806619783430 0
21811619878049 0
21816619968414 0
21821620051230 2
21826620126713 0
21831620250352 11
21836620391639 0
21841620478969 130
21846620619953 350
21851620756375 281
21856620900559 216
21861621008591 0
21866621070638 0
21871621162330 0
21876621280369 0
21881621392783 0
21886621510526 0
21891621621196 0
21896621734683 13
21901621858005 0
21906621981701 257
21911622097883 448
21916622233367 186
21921622377127 0
21926622494476 0
21931622609559 2
21936622723908 0
21941622844459 0
21946622958630 8
21951623081254 0
21956623194965 0
21961623320303 0
21966623433679 2
21971623553231 60
21976623682957 120
21981623813652 0
21986623925346 8
21991624045790 0
21996624172750 0
22001624294757 16
22006624409582 8
22011624523168 0
22016624612477 67
22021624756559 309
22026624902629 329
22031625048658 284
22036625194883 201
22041625359197 0
22046625473493 0
22051625593643 0
22056625729987 0
22061625848246 0
22066625966774 0
22071626087491 0
22076626174997 37
22081626317832 328
