22147156128852 38
22152156288572 53
22157156423743 63
22162156555904 71
22167156683224 85
22172156799566 94
22177156921885 101
22182157039976 105
22187157156430 107
22192157276266 109
22197157396610 116
22202157518601 131
22207157635725 134
22212157754676 141
22217157867402 154
22222158018907 147
22227158149821 161
22232158272658 158
22237158398035 172
22242158561398 172
22247158701427 184
22252158825584 182
22257158950308 201
22262159081570 202
22267159203897 213
22272159336177 216
22277159459180 226
22282159582446 236
22287159698537 238
22292159814641 254
22297159938146 268
22302160059909 257
22307160177604 265
22312160294142 272
22317160406028 282
22322160530203 282
22327160648192 297
22332160774986 301
22337160889732 315
22342161002877 321
22347161120091 333
22352161229295 334
22357161347831 336
22362161462155 336
22367161582016 352
22372161702831 358
22377161820688 359
22382161941211 366
22387162060790 379
22392162183534 363
22397162324824 380
22402162435296 373
22407162558394 384
22412162679052 381
22417162795081 384
22422162914919 395
22427163034068 395
22432163153259 422
22437163265827 411
22442163388282 433
22447163504874 421
22452163626438 429
22457163739617 429
22462163855960 428
22467163975854 441
22472164089595 436
22477164205836 456
22482164321808 450
22487164430404 445
22492164549047 449
22497164664550 453
22502164771887 480
22507164892370 469
22512165013834 467
22517165127668 451
22522165242347 471
22527165359741 497
22532165474940 495
22537165598214 499
22542165728802 475
22547165851095 477
22552165983191 498
22557166095068 503
22562166214953 527
22567166330437 514
22572166453742 533
22577166573341 506
22582166696066 508
22587166822166 537
22592166941875 520
22597167055941 519
22602167172549 549
22607167286957 536
22612167364045 540
22617167477141 560
22622167590959 529
22627167713921 552
22632167833086 551
22637167948393 566
22642168058070 558
22647168171537 599
22652168284949 599
22657168401782 592
22662168539310 593
22667168655563 594
22672168772477 597
22677168891910 611
22682169013363 594
22687169144242 612
22692169270458 645
22697169391224 617
22702169507052 619
22707169619358 629
22712169738464 638
22717169854186 644
22722169970588 621
22727170092419 654
22732170215192 658
22737170329330 650
22742170442992 712
22747170575809 713
22752170687637 709
22757170805687 733
22762170919705 692
22767171034035 714
22772171149246 725
22777171260678 731
22782171372731 737
22787171494576 741
22792171603508 715
22797171723373 746
22802171840770 751
22807171953556 768
22812172076854 750
22817172190421 747
22822172311098 810
22827172420399 843
22832172533513 814
22837172650752 898
22842172764897 869
22847172880792 818
22852172997208 896
22857173115991 886
22862173195517 868
22867173319959 898
22872173441086 917
22877173557207 923
22882173677835 943
22887173794405 946
22892173914881 942
22897174038453 940
22902174163850 944
22907174276715 981
22912174391233 1011
22917174509701 1031
22922174623309 1037
22927174741260 1029
22932174863555 1054
22937174982477 1091
22942175098796 1104
22947175211365 1120
22952175326983 1097
22957175436002 1144
22962175545200 1149
22967175654923 1246
22972175774184 1203
22977175888275 1213
22982176011739 1174
22987176128676 1262
22992176245855 1265
22997176360569 1284
23002176481102 1296
23007176599192 1327
23012176714451 1378
23017176824671 1350
23022176924612 1399
23027177037243 1428
23032177134462 1494
23037177242864 1494
23042177345967 1503
23047177444374 1503
23052177554835 1510
23057177660549 1699
23062177756247 1683
23067177859005 1629
23072177961081 1757
23077178073617 1729
23082178176714 1751
23087178273775 1757
23092178374458 1758
23097178480757 1975
23102178579627 1958
23107178686539 2134
23112178790196 2018
23117178896500 2084
23122178993582 2274
23127179090324 2286
23132179190173 2295
23137179299256 2400
23142179403410 2323
23147179513163 2464
23152179611248 2639
23157179722962 2584
23162179835546 2664
23167179934087 2722
23172180071664 3062
23177180182827 3116
23182180289285 3182
23187180393873 3370
23192180509248 3332
23197180622841 3494
23202180729717 3696
23207180826133 3814
23212180938758 3997
23217181070825 4200
23222181190683 4310
23227181317931 4519
23232181437226 4397
23237181533578 4682
23242181657162 4835
23247181776866 5049
23252181885776 5233
23257182011330 5300
23262182136521 5479
23267182264809 5537
23272182371282 5467
23277182484857 5679
23282182619275 5659
23287182742919 5641
23292182866072 5737
23297182957070 5815
23302183056223 5796
23307183152964 5736
23312183286593 5769
23317183415947 5762
23322183509955 5903
23327183613533 6032
23332183745261 5931
23337183845857 5904
23342183954548 5726
23347184055714 5945
23352184183243 5886
23357184289389 5833
23362184383853 5901
23367184524969 5915
23372184655379 5804
23377184744375 5868
23382184863636 5840
23387184957951 5834
23392185058175 5835
23397185155757 5794
23402185281286 5800
23407185421386 5922
23412185542839 5841
23417185633343 5835
23422185734762 5805
23427185861930 5827
23432185981152 5822
23437186124305 5724
23442186220615 5871
23447186317524 5815
23452186413199 5877
23457186547385 6010
23462186687644 5873
23467186811916 5778
23472186935579 5736
23477187070935 5999
23482187181746 5874
23487187278175 5787
23492187402893 5800
23497187520588 5848
23502187647020 5843
23507187757865 5705
23512187858944 5783
23517187963322 5864
23522188080786 5751
23527188195684 5860
23532188300942 5803
23537188432160 5890
23542188549675 5914
23547188646580 5946
23552188758394 5744
23557188866369 5897
23562188986268 5758
23567189112857 5807
23572189233839 5808
23577189350895 5938
23582189470286 5836
23587189570216 5868
23592189675204 5817
23597189810346 5910
23602189923110 5869
23607190046906 5846
23612190174438 5916
23617190290666 5865
23622190412394 5839
23627190508800 5856
23632190607445 6026
23637190733823 5860
23642190832991 5942
23647190961864 5838
23652191071619 5935
23657191209446 5897
23662191304832 5955
23667191400267 5901
23672191554403 5828
23677191686416 5975
23682191806072 5798
23687191903681 5882
23692192011139 5808
23697192099249 5891
23702192220011 5923
23707192339405 5775
23712192436338 5952
23717192531523 5953
23722192633357 5910
23727192730804 5894
23732192844179 6063
23737192976219 5913
23742193068298 5912
23747193178194 5880
23752193293522 5832
23757193390530 5936
23762193493808 5932
23767193612548 5912
23772193763060 5788
23777193894918 5812
23782194025698 5792
23787194120529 5901
23792194233683 5759
23797194335591 5797
23802194445467 5827
23807194550564 5695
23812194652765 5683
23817194747427 5878
23822194860349 5820
23827194991869 5925
23832195107555 5955
23837195228606 5836
23842195347959 5711
23847195458866 5643
23852195585624 5770
23857195681700 5855
23862195779551 5838
23867195912378 5737
23872196033478 5619
23877196162182 5765
23882196280532 5699
23887196435502 5631
23892196567624 5731
23897196706743 5797
23902196825545 5700
23907196939292 5479
23912197057546 5718
23917197168061 5934
23922197282974 5773
23927197406613 5811
23932197522657 5854
23937197612748 5943
23942197764171 5719
