29805861872250 186
29810862007972 368
29815862130773 428
29820862258006 529
29825862400645 681
29830862540791 816
29835862673839 1062
29840862800435 1429
29845862924947 1895
29850863050078 2929
29855863174719 5606
29860863309286 12556
29865863420062 22478
29870863521716 24897
29875863630109 25074
29880863763605 24826
29885863892349 25762
29890864024282 25901
29895864147464 25712
29900864288450 26434
29905864400993 25434
29910864488038 25004
29915864587753 25334
29920864708762 25598
29925864801004 25836
29930864917393 24871
29935865032277 24878
29940865143336 24916
29945865251820 25462
29950865336555 25498
29955865445713 25523
29960865562523 25253
29965865659148 25443
29970865748450 25526
29975865833798 25354
29980865923918 25359
29985866023463 25725
29990866106841 25121
29995866212232 25208
30000866306043 25252
30005866413279 25041
30010866504347 25373
30015866586287 25037
30020866677281 25155
30025866761290 25559
30030866878647 25081
30035866985990 25094
30040867071204 25432
30045867148824 25209
30050867234992 25309
30055867323119 25347
30060867423015 24588
30065867518647 25745
30070867623050 25256
30075867748424 25341
30080867856378 25278
30085867943075 25097
30090868028040 26096
30095868126070 25049
30100868213059 25358
30105868320965 25331
30110868446175 25508
30115868548920 25428
30120868648391 25638
30125868743290 24995
30130868852422 24898
30135868951464 24949
30140869042536 25027
30145869159280 25168
30150869293714 25192
30155869381169 25711
30160869488213 25006
30165869600263 24774
30170869722077 25520
30175869842512 25223
30180869935483 25331
30185870055742 25201
30190870149577 25169
30195870231347 25146
30200870328953 25459
30205870417667 25159
30210870509797 25337
30215870631129 25349
30220870755633 25123
30225870857685 25126
30230870971534 25251
30235871056939 25427
30240871175636 25232
30245871290619 25657
30250871404897 25642
30255871510893 24803
30260871605885 24783
30265871699615 24976
30270871804234 24989
30275871899703 25272
30280872021654 25609
30285872148018 25723
30290872239228 25325
30295872348580 26071
30300872471248 25834
30305872600485 26087
30310872717362 25580
30315872799602 25471
30320872925898 26031
30325873045066 25989
30330873144026 25721
30335873260204 25816
30340873356153 25125
30345873476800 25951
30350873602729 25289
30355873719128 25381
30360873833467 25249
30365873914764 25801
30370873990887 25633
30375874108456 25848
30380874228843 25542
30385874340778 25877
30390874421208 25432
30395874522371 25825
30400874606494 26101
30405874708974 25980
30410874815459 25819
30415874905831 25482
30420874992756 25839
30425875067312 25247
30430875190233 25463
30435875307209 25637
30440875396116 25697
30445875520993 26039
30450875608031 26092
30455875713678 25891
30460875816191 25744
30465875929898 25806
30470876022768 25911
30475876157906 25603
30480876289678 25282
30485876410205 25802
30490876491985 25627
30495876609932 25841
30500876717613 25586
30505876813311 25437
30510876922604 25317
30515877007280 26292
30520877124575 25560
30525877235867 25521
30530877361778 25394
30535877492715 26186
30540877566478 25767
30545877690755 26256
30550877804771 25913
30555877885827 25235
30560878003558 25438
30565878093187 25937
30570878203194 25431
30575878291923 25859
30580878416951 25729
30585878534225 26290
30590878642045 25946
30595878771170 26756
30600878881241 25947
30605878994147 25697
30610879080319 25567
30615879148247 25979
30620879233512 26007
30625879331906 25847
30630879431020 26249
30635879533584 26300
30640879646866 25675
30645879743837 25625
30650879878347 26147
30655879960324 26221
30660880081988 26541
30665880173011 25166
30670880305119 26786
30675880402205 25965
30680880510697 25910
30685880620523 25778
30690880657495 26141
30695880746554 26560
30700880860537 26058
30705880979141 25339
30710881120891 25835
30715881232656 25288
30720881349576 25344
30725881451329 25430
30730881567043 26344
30735881692887 25490
30740881807272 25860
30745881937043 25859
30750882059554 25594
30755882177537 26360
30760882285335 26606
30765882404944 25883
30770882518547 26318
30775882601183 25984
30780882697138 25335
30785882834617 25499
30790882952339 26026
30795883066966 26081
30800883172027 25725
30805883273726 25407
30810883387713 26040
30815883464630 26486
30820883567008 26048
30825883679582 25497
30830883799182 25577
30835883888654 25826
30840883973456 25733
30845884088488 25408
30850884209901 25392
30855884298893 26119
30860884393894 25543
30865884477924 26353
30870884561427 25559
30875884664097 25291
30880884754239 26141
30885884872516 25723
30890884988078 25384
30895885105977 25983
30900885236012 25758
30905885321425 25491
30910885421759 25834
30915885555457 25461
30920885669322 26769
30925885793036 26340
30930885891944 25877
30935885973474 25547
30940886072439 25638
30945886192174 25854
30950886293392 25693
30955886401427 26024
30960886512591 26234
30965886634497 26222
30970886731120 26126
30975886847169 25712
30980886964208 25356
30985887057230 26619
30990887132597 25349
30995887199948 25830
31000887284812 25516
31005887395914 25593
31010888276963 24987
31015888378452 25459
31020888491216 25609
31025888596977 25666
31030888706789 24898
31035888813830 25909
31040888926267 25842
31045889009202 25376
31050889144246 25868
31055889216611 25868
31060889310775 25920
31065889397612 25447
31070889493968 25183
31075889599898 25089
31080889714618 25608
31085889818331 25492
31090889931220 25712
31095890054316 25083
31100890169191 25410
31105890259274 25782
31110890392411 25615
31115890510938 24879
31120890618570 25327
31125890776057 25256
31130890890661 25255
31135890980743 25478
31140891090773 25068
31145891210207 25132
31150891300266 25313
31155891415922 25815
31160891528712 24833
31165891659367 25045
31170891787315 25090
31175891889081 25361
31180891976554 25582
31185892116071 25689
31190892218693 25020
31195892307264 25679
31200892402268 25339
31205892491867 25044
31210892607954 25509
31215892694713 24576
31220892812203 25234
31225892920986 25232
31230893016604 25322
31235893097131 25895
31240893191348 24652
31245893281180 25544
31250893372145 25454
31255893512129 25264
31260893623068 25446
31265893728112 24682
31270893827823 25455
31275893910079 24978
31280894024344 25300
31285894130222 25242
31290894237136 24812
31295894343868 25089
31300894447642 25178
31305894558290 24787
31310894672622 25046
31315894773367 25297
31320894873213 24714
31325894968902 24929
31330895043715 25088
31335895129341 24909
31340895251066 25103
31345895358569 24484
31350895417217 25239
31355895512853 25285
31360895624642 25223
31365895715987 25283
31370895832941 25338
31375895943832 25255
31380896031188 25394
31385896128766 24627
31390896237596 25585
31395896376493 26009
31400896458310 24746
31405896567166 25204
31410896687886 25697
31415896827640 25331
31420896946437 25510
31425897048968 25477
31430897178381 25117
31435897286264 25010
31440897414014 25149
31445897495233 25778
31450897577472 25125
31455897686761 24770
31460897787834 25170
31465897874999 25131
31470897986990 24998
31475898073265 24978
31480898152422 25061
31485898256784 25094
31490898351078 25219
31495898462517 25331
31500898584897 24481
31505898700923 24883
31510898789264 24692
31515898884988 25258
31520899028113 24600
31525899149903 24960
31530899257121 24318
31535899366329 25547
31540899455924 25420
31545899546273 24949
31550899669656 25221
31555899753500 25162
31560899888328 25339
31565900012535 24797
31570900124425 25239
31575900235110 25107
31580900322488 25421
31585900429266 25371
31590900519828 25333
31595900634087 24796
31600900750342 25672
