27987622048395 1501
27992622150736 1523
27997622277239 1227
28002622407357 1357
28007622508593 1271
28012622619328 1362
28017622746706 1253
28022622855322 1224
28027622962618 1234
28032623070143 1155
28037623182351 1346
28042623311181 1060
28047623413029 1444
28052623548900 1060
28057623669110 1378
28062623782905 975
28067623893623 2008
28072623991490 825
28077624103353 1635
28082624208395 926
28087624310145 1653
28092624435489 988
28097624570366 1765
28102624702316 1030
28107624811511 1377
28112624959871 990
28117625070257 1235
28122625206752 981
28127625312093 1300
28132625458105 1245
28137625559556 1370
28142625673559 1251
28147625790350 1147
28152625903327 1205
28157626001875 1356
28162626111564 1363
28167626227235 1263
28172626319626 1212
28177626423474 870
28182626529762 1586
28187626630538 977
28192626734367 1414
28197626850493 748
28202626951923 1201
28207627081195 1082
28212627187127 1299
28217627324742 1283
28222627445212 1227
28227627561830 1140
28232627661485 912
28237627798002 1184
28242627914196 991
28247628030928 1384
28252628144337 978
28257628250558 1253
28262628369219 1084
28267628494903 971
28272628621652 1288
28277628735121 1062
28282628889459 1628
28287629000987 1014
28292629125737 1502
28297629244023 873
28302629353810 1060
28307629460114 1148
28312629594902 969
28317629699830 1354
28322629812582 997
28327629910392 1331
28332630031274 922
28337630149852 1133
28342630254955 1035
28347630352403 1027
28352630458939 1126
28357630568412 1065
28362630679879 1371
28367630787799 1007
28372630921584 1348
28377631042304 740
28382631151354 1174
28387631262004 1113
28392631361598 1019
28397631468001 1382
28402631575995 927
28407631711313 1286
28412631813720 811
28417631925461 1170
28422632024694 1252
28427632124402 1343
28432632232913 1000
28437632328970 947
28442632425357 1265
28447632529677 1093
28452632649706 1185
28457632754531 828
28462632858240 1482
28467632960387 1035
28472633069222 905
28477633182194 1143
28482633296350 919
28487633424890 1270
28492633534621 972
28497633646556 1199
28502633783436 978
28507633887785 1047
28512634000242 1282
28517634099797 885
28522634231776 1271
28527634336811 970
28532634454119 1209
28537634600327 918
28542634705570 858
28547634802827 1314
28552634907860 926
28557635016665 1501
28562635143183 918
28567635268752 1051
28572635367785 1108
28577635468170 780
28582635567002 1311
28587635666884 881
28592635763842 893
28597635887735 1074
28602635986661 1402
28607636104861 1142
28612636209812 1080
28617636315675 1162
28622636412661 759
28627636515217 1160
28632636655100 1145
28637636784541 1231
28642636892000 1097
28647636989685 999
28652637093933 1220
28657637208465 891
28662637321912 938
28667637446275 1128
28672637577495 936
28677637679006 1338
28682637782695 893
28687637886482 1425
28692638004240 813
28697638113361 991
28702638223203 1125
28707638336681 909
28712638465122 1434
28717638603074 997
28722638737332 1070
28727638848226 1062
28732638948749 862
28737639054552 1126
28742639161798 928
28747639259278 1277
28752639375654 937
28757639480444 1175
28762639592637 978
28767639689561 985
28772639783268 1220
28777639883346 941
28782640015217 1418
28787640119028 826
28792640210168 1079
28797640312931 1176
28802640414014 1109
28807640514453 1117
28812640626074 811
28817640727584 1588
28822640825548 710
28827640928392 998
28832641033337 1110
28837641153848 1054
28842641259236 1218
28847641355906 911
28852641452050 1160
28857641581696 1038
28862641681083 842
28867641781231 1240
28872641910862 729
28877642014752 1059
28882642112879 1053
28887642222900 1014
28892642320475 1221
28897642415376 723
28902642556550 1093
28907642698935 1172
28912642808989 818
28917642939419 1199
28922643050449 885
28927643152167 1087
28932643294766 1008
28937643397788 855
28942643506899 1246
28947643608325 870
28952643726009 1034
28957643839122 1262
28962643942420 943
28967644050866 1320
28972644151112 1304
28977644247550 1140
28982644357308 1042
28987644495778 1221
28992644624243 818
28997644759591 1015
29002644866109 1008
29007644975354 972
29012645112536 1249
29017645224107 949
29022645352365 853
29027645496373 1209
29032645608581 913
29037645740604 1206
29042645887257 855
29047645997336 1093
29052646104744 1144
29057646206006 1022
29062646310127 1273
29067646456722 941
29072646559263 1221
29077646698701 951
29082646826826 977
29087646939231 1016
29092647055985 1056
29097647152962 1179
29102647258324 964
29107647364272 1103
29112647461510 981
29117647556269 1133
29122647654933 1193
29127647753082 780
29132647855811 1179
29137647955007 773
29142648058769 1150
29147648158541 1093
29152648285959 946
29157648381955 1291
29162648477879 1061
29167648610910 1411
29172648745447 765
29177648845474 1318
29182648951468 1042
29187649049219 1200
29192649151238 1227
29197649251211 852
29202649345672 1377
29207649472745 819
29212649578519 798
29217649682920 1085
29222649776650 887
29227649877011 1504
29232650007305 862
29237650115390 915
29242650214455 1155
29247650330788 1060
29252650423874 1227
29257650518954 864
29262650643374 921
29267650766974 1027
29272650864529 846
29277650968487 1249
29282651067124 807
29287651163489 819
29292651278729 1355
29297651415210 914
29302651525676 1198
29307651633848 799
29312651744946 982
29317651880413 1317
29322651986994 785
29327652129491 1271
29332652228356 901
29337652355755 1335
29342652464237 987
29347652573415 1250
29352652683826 1048
29357652792130 891
29362652897198 1389
29367653024564 976
29372653138365 1289
29377653244068 821
29382653342244 1200
29387653484107 918
29392653579675 864
29397653686749 1267
29402653803011 1037
29407653936249 1476
29412654049482 1111
29417654153651 1377
29422654253206 899
29427654355579 1003
29432654463851 1147
29437654572298 1022
29442654669796 1176
29447654782900 844
29452654878125 1412
29457655011727 838
29462655118218 870
29467655218482 1259
29472655324558 898
29477655459237 1094
29482655581792 796
29487655717569 1007
29492655829885 1247
29497655948727 1024
29502656097863 1246
29507656216344 802
29512656342517 937
29517656462242 1306
29522656553260 801
29527656664879 1146
29532656791137 1137
29537656886746 1084
29542656989296 942
29547657098567 890
29552657236487 1351
29557657344467 971
29562657442480 1295
29567657544965 922
29572657669067 1326
29577657778024 1108
29582657892445 1255
29587658009460 1108
29592658123465 1420
29597658236857 915
29602658349537 769
29607658463644 1447
29612658609934 729
29617658723672 1353
29622658863567 912
29627658968447 1038
29632659070582 1205
29637659181561 899
29642659285291 1362
29647659384491 1046
29652659490434 776
29657659610171 1292
29662659707751 1201
29667659849945 1040
29672659979022 773
29677660092263 1169
29682660224420 929
29687660331245 771
29692660459671 1276
29697660572990 926
29702660686680 1086
29707660795683 1192
29712660910231 1065
29717661060668 1180
29722661175050 705
29727661287538 1205
29732661389107 983
29737661499961 1301
29742661616913 1132
29747661722488 805
29752661835724 1150
29757661963107 938
29762662094297 1132
29767662199168 993
29772662301666 970
29777662408752 1294
29782662545891 869
