257034378297540 11105
257039378499009 9369
257044378611304 6978
257049378756011 4809
257054378883933 6870
257059379000867 6803
257064379140833 2386
257069379228812 7791
257074379359571 1612
257079379450094 6903
257084379557580 3915
257089379673164 4630
257094379783121 5287
257099379892760 3224
257104379992533 4982
257109380099366 3490
257114380204939 5044
257119380318967 3420
257124380409721 5261
257129380517124 3202
257134380630108 2627
257139380707621 5804
257144380820405 2567
257149380973743 5879
257154381074831 3699
257159381147008 4826
257164381280611 4430
257169381391107 4023
257174381493342 4060
257179381599552 4427
257184381707997 6099
257189381861024 2385
257194381981678 8340
257199382052904 2305
257204382130784 6211
257209382266742 5806
257214382401605 2725
257219382497827 8350
257224382618678 2285
257229382740228 6269
257234382867887 6606
257239382985111 1910
257244383092473 8348
257249383193724 952
257254383309304 7545
257259383373118 639
257264383492290 7820
257269383586675 2097
257274383696353 6403
257279383802134 4489
257284383914892 3989
257289384032860 6070
257294384132961 2430
257299384192181 8130
257304384270017 360
257309384399095 8334
257314384517674 175
257319384616665 7936
257324384729651 492
257329384861347 8323
257334384957730 755
257339385040384 7757
257344385154892 933
257349385276214 7533
257354385373758 2587
257359385462838 5894
257364385564344 4137
257369385684729 4354
257374385783424 3893
257379385853422 4596
257384385944513 5176
257389386069343 3300
257394386158814 7728
257399386295891 792
257404386408178 6567
257409386549618 1873
257414386668901 8217
257419386803453 286
257424386926972 8315
257429387021593 1823
257434387146288 6667
257439387229211 2927
257444387341976 5540
257449387434644 4396
257454387552368 4109
257459387655473 6168
257464387743113 2355
257469387836804 6537
257474387952556 1955
257479388020321 8336
257484388139021 2103
257489388237776 6385
257494388364991 5549
257499388464383 2981
257504388563328 8324
257509388683611 863
257514388787755 7646
257519388903525 1658
257524389015078 6825
257529389129577 3091
257534389254046 5402
257539389341060 6985
257544389487780 1561
257549389630824 8348
257554389758236 2065
257559389876858 6459
257564390009112 5260
257569390175714 3231
257574390294053 8344
257579390419580 962
257584390551729 7552
257589390677956 2872
257594390807681 5619
257599390925244 5929
257604391065628 2600
257609391186369 8340
257614391307877 1188
257619391378391 7357
257624391484138 3733
257629391608831 4758
257634391723103 5868
257639391860595 2622
257644391958958 8359
257649392087069 186
257654392189874 7493
257659392311725 914
257664392409428 8312
257669392546619 172
257674392679693 8296
257679392818743 187
257684392918254 8314
257689393030804 185
257694393132404 8245
257699393233752 731
257704393353253 7810
257709393476929 4470
257714393606001 4052
257719393703227 7914
257724393931348 1181
257729394052384 7760
257734394169282 3911
257739394298645 4593
257744394393645 7376
257749394504781 1180
257754394594230 8327
257759394688611 3656
257764394792885 4903
257769394890972 7288
257774394991259 1189
257779395126730 8402
257784395270969 3811
257789395407421 4707
257794395511417 7677
257799395629419 838
257804395754955 8346
257809395863061 3897
257814395963922 4623
257819396063248 8135
257824396173255 1188
257829396266677 7555
257834396358528 1224
257839396475390 7261
257844396572448 4800
257849396705027 3726
257854396807643 8354
257859396920467 2177
257864397046203 6331
257869397159457 4427
257874397274603 4094
257879397375349 5756
257884397514955 2754
257889397640860 8324
257894397770893 1145
257899397878381 7358
257904397988743 1970
257909398114626 6547
257914398215012 5795
257919398319062 2730
257924398438698 8346
257929398536412 551
