257961840152348 12407
257966840293711 16028
257971840414896 16739
257976840532821 17076
257981840635503 17148
257986840731398 17577
257991840833733 17826
257996840974550 17897
258001841060271 17454
258006841156536 18894
258011841249275 19259
258016841367214 19586
258021841467546 19915
258026841548931 19410
258031841655569 20184
258036841750571 19066
258041841847584 19516
258046841944829 20505
258051842033554 20529
258056842148165 21119
258061842269982 20379
258066842420173 20658
258071842512070 20525
258076842623754 20423
258081842710416 20583
258086842847575 20914
258091842944309 20964
258096843032751 21020
258101843147975 20690
258106843243122 20470
258111843352692 20850
258116843440909 20433
258121843533952 20673
258126843625224 20513
258131843737997 20705
258136843829477 20774
258141843940611 20449
258146844025521 20329
258151844123608 20511
258156844224786 20499
258161844305842 20331
258166844397976 20131
258171844529135 20858
258176844641010 21075
258181844760529 20417
258186844848557 20435
258191844926044 20516
258196845070706 20674
258201845194275 20656
258206845336150 20472
258211845457169 20682
258216845554979 20096
258221845650571 20229
258226845729868 20545
258231845819763 20429
258236845949054 20199
258241846038254 20477
258246846174063 20012
258251846280807 20530
258256846378327 20455
258261846474136 20017
258266847351946 20702
258271847437228 20395
258276847540351 20731
258281847671260 20194
258286847782423 20164
258291847901871 20191
258296847992722 20076
258301848108252 19640
258306848218194 20317
258311848308949 19814
258316848440397 19717
258321848578938 20107
258326848688198 20222
258331848826542 20359
258336848947107 20378
258341849044898 20616
258346849158532 20146
258351849248411 20450
258356849354555 20548
258361849442364 20464
258366849524226 20484
258371849612393 20111
258376849707668 20343
258381849829699 20409
258386849928399 20415
258391850023149 20572
258396850132623 20472
258401850251978 20398
258406850335263 20739
258411850426331 20691
258416850535760 20536
258421850645995 21021
258426850741095 20686
258431850844796 20106
258436850939815 20685
258441851027264 20601
258446851134082 20514
258451851255829 20682
258456851376341 20908
258461851473292 20766
258466851570525 20635
258471851676040 20337
258476851792056 20472
258481851918932 21178
258486852020981 20698
258491852127423 20691
258496852228798 20521
258501852323251 20316
258506852418208 20337
258511852514421 20868
258516852603242 20591
258521852696366 20538
258526852809511 20996
258531852928564 20576
258536853031013 20978
258541853139410 20942
258546853225145 20836
258551853321775 21358
258556853408053 20894
258561853542563 20562
258566853631303 21053
258571853712841 20835
258576853826041 20734
258581853930508 21277
258586854060606 21219
258591854205729 20713
258596854300611 20775
258601854435473 20637
258606854557987 20781
258611854651235 20938
258616854745730 21246
258621854888813 20455
258626854981285 20720
258631855098848 21408
258636855222982 20977
258641855317089 20767
258646855407573 21245
258651855497907 20261
258656855588788 21397
258661855693172 21017
258666855776652 21031
258671855873284 20793
258676855966554 22155
258681856088700 21337
258686856197660 21077
258691856327226 22029
258696856427824 21679
258701856536874 21308
258706856629741 21335
258711856728145 21223
258716856827048 20568
258721856922919 21085
258726857051624 20717
258731857145633 21787
258736857261442 21402
258741857394179 21332
258746857520885 21357
258751857653516 21312
258756857766144 21305
258761857870962 21114
258766857959745 22052
258771858037912 21185
258776858125665 21832
258781858221259 21271
258786858299030 21757
258791858382730 21529
258796858490744 21945
258801858599813 21403
258806858702573 21376
258811858803881 21828
258816858919727 21699
258821859014840 21861
258826859104322 22059
258831859206937 22213
258836859298749 21301
258841859420889 21220
258846859534341 20758
258851859630809 21686
258856859726376 21882
