1983024332611 1715
1988024438724 1488
1993024567668 1462
1998024691089 1584
2003024816703 1422
2008024935228 1478
2013025038413 1456
2018025144082 1163
2023025306837 1593
2028025415905 1516
2033025551252 1444
2038025687509 1495
2043025799320 1498
2048025906376 1167
2053026006638 1514
2058026107232 1402
2063026214060 1439
2068026316486 1381
2073026447720 1450
2078026560828 1226
2083026677187 1367
2088026783910 1391
2093026921844 1380
2098027045140 1522
2103027163066 1428
2108027271700 1055
2113027412727 1378
2118027547688 1492
2123027685224 1427
2128027820618 1364
2133027924569 1355
2138028055491 1104
2143028164307 1418
2148028293717 1396
2153028403325 1369
2158028509404 1350
2163028613901 1506
2168028713503 1076
2173028810374 1346
2178028973098 1423
2183029070624 1386
2188029217115 1377
2193029318622 1364
2198029420001 1028
2203029531024 1508
2208029644410 1397
2213029750096 1352
2218029844370 1367
2223029980320 1446
2228030106212 1120
2233030226687 1361
2238030324459 1384
2243030435408 1440
2248030532222 1468
2253030636988 1375
2258030736166 1042
2263030851242 1371
2268030948419 1341
2273031042962 1355
2278031138981 1348
2283031257079 1310
2288031373286 1227
2293031468617 1345
2298031566113 1368
2303031691528 1350
2308031829117 1380
2313031960837 1443
2318032051885 1007
2323032160020 1380
2328032259106 1365
2333032358735 1482
2338032450037 1378
2343032566688 1352
2348032662683 1067
2353032751588 1328
2358032844101 1315
2363032950056 1369
2368033045870 1322
2373033167048 1329
2378033277544 1077
2383033371966 1351
2388033507852 1337
2393033612158 1384
2398033713022 1435
2403033820614 1355
2408033941145 967
2413034054219 1412
2418034158166 1408
2423034273631 1365
2428034373098 1308
2433034468255 1374
2438034567592 1033
2443034663204 1320
2448034760580 1131
2453034855516 1316
2458034947459 941
2463035069069 743
2468035295858 480
2473035458342 1
2478035580265 5
2483035691242 6
2488035815574 3
2493035938280 0
2498036082178 116
2503036220694 0
2508036407954 1
2513036509605 501
2518036638461 784
2523036744146 789
2528036844294 550
2533036987098 0
2538037117942 7
2543037269120 5
2548037385358 1012
2553037502280 1274
2558037641122 811
2563037777079 0
2568037905653 0
2573037999745 677
2578038145119 1482
2583038246597 1375
2588038345572 762
2593038471136 1442
2598038566499 1440
2603038674128 1327
2608038802649 1304
2613038907188 1277
2618039002163 1046
2623039100125 1352
2628039196083 1292
2633039290468 1323
2638039388291 1436
2643039491711 1351
2648039651760 805
2653039743841 1442
2658039837159 1404
2663039963301 1365
2668040026413 1337
2673040130710 1329
2678040260611 1018
2683040361116 1343
2688040455517 1312
2693040555123 1352
2698040649128 1338
2703040777986 1304
2708040908177 843
2713041058670 1416
2718041170751 1329
2723041276402 1318
2728041376983 1314
2733041515855 1372
2738041691249 1004
2743041798295 1238
2748041932114 1333
2753042030058 1460
2758042128725 1368
2763042258971 1362
2768042376579 899
2773042477209 1312
2778042571899 1311
2783042696599 1336
2788042831155 1294
2793042965795 1373
2798043107172 993
2803043242823 1190
2808043348465 1376
2813043481427 1407
2818043577713 1368
2823043699328 1313
2828043800817 1030
2833043903384 1145
2838044015220 1344
2843044108717 1310
2848044230567 1383
2853044345779 1336
2858044493643 972
2863044596650 1239
2868044729413 1338
2873044835487 1268
2878044929509 1256
2883045042657 1284
2888045174335 1183
2893045268829 1074
2898045407714 1268
2903045527586 1413
2908045652731 1357
2913045749440 1318
2918045885523 979
2923045984323 1132
2928046077437 1343
2933046219110 1302
2938046321353 1352
2943046450384 1454
2948046600956 1078
2953046699330 1010
2958046814438 1376
2963046917929 1326
2968047050387 1292
2973047172391 1299
2978047317829 1191
2983047425647 951
2988047542266 1306
2993047674883 1348
2998047771938 1391
3003047865585 1328
3008047990572 1058
3013048098234 1088
3018048200465 1337
3023048305655 1330
3028048434058 1330
3033048577299 1206
3038048735272 902
3043048899483 0
3048049055147 0
3053049152705 34
3058049348245 818
3063049432402 852
3068049547941 846
3073049712201 0
3078049848257 0
3083050024580 0
3088050184805 0
3093050338046 8
3098050483781 229
3103050694472 0
3108050894810 0
3113051000847 599
3118051137932 638
3123051273534 699
3128051426200 676
3133051581913 0
3138051794227 0
3143051953877 0
3148052162081 0
3153052311056 0
3158052496273 0
3163052688356 0
3168052882810 0
3173052991551 64
3178053095015 640
3183053179541 638
3188053277394 607
3193053411309 18
3198053552282 0
3203053682525 0
3208053814846 0
3213053931573 1
3218054067104 0
3223054205994 10
3228054344622 0
3233054476181 0
3238054608463 3
3243054736974 347
3248054854094 586
3253054995015 9
3258055135193 2
3263055303781 0
3268055467382 0
3273055615410 3
3278055770919 0
3283055929426 18
3288056062002 46
3293056151552 617
3298056252802 522
3303056388219 799
3308056533109 568
3313056716096 97
3318056891282 0
3323057067239 0
3328057249494 0
3333057411150 0
3338057588451 1
3343057730542 26
3348057865045 0
3353057987126 220
3358058077399 792
3363058174540 693
3368058286484 787
3373058421597 54
3378058558361 0
3383058739710 0
3388058914659 0
3393059075666 0
3398059244388 0
3403059404573 0
3408059516482 338
3413059615379 1265
3418059710622 1217
3423059803997 1268
3428059907157 1327
3433060076097 124
3438060208318 0
3443060347881 0
3448060486908 0
3453060642359 19
3458060765903 1282
3463060917090 115
3468061014519 751
3473061108528 1342
3478061220220 1252
3483061321900 1351
3488061445386 1311
3493061578486 116
3498061676491 651
3503061773149 1331
3508061870736 1394
3513061981750 1347
3518062096319 1303
3523062229886 184
3528062363839 735
3533062487848 1409
3538062617724 1286
3543062715075 1279
3548062837468 1281
3553062979093 218
3558063082991 635
3563063212260 1289
3568063340407 1287
3573063440476 1440
3578063546555 1343
3583063665906 217
3588063803186 339
3593063929864 1376
3598064031060 1297
3603064129827 1251
3608064240718 1297
3613064382616 269
3618064481073 480
3623064571040 1305
3628064694319 1280
3633064795401 1409
3638064898697 1280
3643065056289 291
3648065153264 202
3653065280757 1368
3658065373828 1328
3663065468001 1265
3668065562501 1363
3673065696183 243
3678065825602 36
3683065923966 791
3688066058072 1332
3693066155749 1311
3698066247960 1376
3703066376293 200
3708066476330 820
3713066606980 1283
3718066702092 1299
3723066789323 1314
3728066881862 1280
3733067000094 343
3738067206359 15
3743067321898 1164
3748067468342 1294
3753067595381 1291
3758067722334 1318
3763067872299 289
3768067977083 86
3773068111008 1363
3778068206446 1281
3783068302371 1286
3788068436285 1335
3793068566895 320
3798068710411 23
3803068830749 1371
3808068937948 1350
3813069038783 1279
3818069172336 1267
3823069312456 432
3828069427647 262
3833069517162 1280
3838069643607 1290
3843069746799 1336
3848069841393 1259
3853069988457 373
3858070134445 668
3863070254437 1320
3868070380307 1345
3873070475414 1289
3878070613045 1238
3883070747961 425
3888070893895 25
3893070991110 771
3898071084749 1336
3903071194949 1304
3908071332304 1271
3913071463708 472
3918071596280 29
3923071716350 675
3928071834435 1356
3933071929939 1284
3938072024912 1241
3943072153071 488
3948072301981 884
3953072395513 1352
3958072487993 1267
3963072585221 1279
3968072697973 1310
3973072844101 470
3978072985512 6
3983073103196 909
3988073211506 1362
3993073303323 1294
3998073440961 1294
4003073573848 532
4008073699367 13
4013073831674 752
4018073946939 1348
4023074074003 1288
4028074177366 1305
4033074319077 592
4038074462956 22
4043074595408 725
4048074710184 1394
4053074808372 1352
4058074900800 1316
4063075028016 608
4068075232632 15
4073075331293 990
4078075431928 1262
4083075532608 1362
4088075658800 1351
4093075800768 551
4098075928079 10
4103076049111 778
4108076130671 1324
4113076225903 1278
4118076320358 1405
4123076446050 598
4128076592623 1
4133076688908 916
4138076828147 1291
4143076923154 1235
4148077025866 1319
4153077171699 700
4158077308047 26
4163077398339 186
4168077505040 1314
4173077608651 1279
4178077700996 1416
4183077848784 622
4188077983450 6
4193078084407 721
4198078221935 1297
4203078368335 1272
4208078465057 1363
4213078619457 710
4218078749624 6
4223078890114 379
4228078998156 1302
4233079100087 1276
4238079228251 1367
4243079324091 676
4248079496594 20
4253079617903 72
4258079706697 1303
4263079802665 1441
4268079908353 1285
4273080051487 719
4278080194313 11
4283080329137 11
4288080425367 1038
4293080519861 1276
4298080616901 1282
4303080778923 845
4308080920286 0
4313081061094 0
4318081157675 1018
4323081248812 1292
4328081342160 1414
4333081448047 782
4338081609736 6
4343081709661 658
4348081818640 1318
4353081911311 1300
4358082006150 1313
4363082143652 945
4368082305920 14
4373082438589 8
4378082524288 793
4383082617578 1443
4388082718071 1352
4393082864453 828
4398083013375 16
4403083168408 15
4408083315934 4
4413083438075 1374
4418083543519 1390
4423083649154 879
4428083774619 15
4433083900471 2
4438084045995 1300
4443084141122 1368
4448084232753 1283
4453084368446 898
4458084488822 8
4463084617390 11
4468084717585 770
4473084815799 1314
4478084926218 1300
4483085031147 1070
4488085184450 34
4493085284222 183
4498085383617 1347
4503085481477 1311
4508085580004 1308
4513085712641 1044
4518085844324 14
4523085996063 8
4528086098203 1050
4533086235683 1324
4538086368196 1307
4543086497208 1043
4548086667955 7
4553086761963 69
4558086855541 1366
4563086948591 1317
4568087042828 1362
4573087180562 1039
4578087342860 0
4583087469920 929
4588087574515 1366
4593087673687 1366
4598087766988 1362
4603087890992 941
4608088006999 2
4613088098744 6
4618088232608 867
4623088324191 1308
4628088418163 1308
4633088560642 1172
4638088688708 15
4643088821808 13
4648088925011 324
4653089025660 1430
4658089144675 1304
4663089254329 1063
4668089398378 4
4673089550330 26
4678089666479 685
4683089781659 1330
4688089876054 1359
4693090001955 1183
4698090127790 14
4703090265355 4
4708090383246 1348
4713090493013 1350
4718090613862 1346
4723090795581 1150
4728090954038 3
4733091084760 11
4738091185592 989
4743091281031 1319
4748091412863 1318
4753091533857 1250
4758091675102 5
4763091895908 20
4768092010919 118
4773092137290 1320
4778092234062 1308
4783092340117 1160
4788092477908 12
4793092633667 2
4798092718274 995
4803092816721 1332
4808092909924 1307
4813093065291 1274
4818093198858 5
4823093324605 18
4828093425153 344
4833093537903 1380
4838093635103 1403
4843093730856 1227
4848093915585 11
4853094047604 21
4858094145253 864
4863094240814 1417
4868094364304 1312
4873094521923 1216
4878094677562 9
4883094783769 12
4888094887167 906
4893094987102 1345
4898095081474 1298
4903095178736 1222
4908095318835 2
4913095469974 2
4918095568115 700
4923095660703 1334
4928095755473 1302
4933095889833 1409
4938096031401 6
4943096121194 8
4948096205547 962
4953096303709 1328
4958096399355 1336
4963096495363 1398
4968096636696 8
4973096797930 12
4978096889750 820
4983096989450 1324
4988097093519 1448
4993097223366 1324
4998097379984 44
5003097506867 6
5008097591192 140
5013097700584 1278
5018097832177 1286
5023097938932 1303
5028098069239 68
5033098196258 29
5038098281357 408
5043098407079 1294
5048098509147 1404
5053098609306 1376
5058098750161 84
5063098885598 20
5068098984402 405
5073099085132 1423
5078099177519 1354
5083099271125 1319
5088099402337 117
5093099542200 8
5098099643131 275
5103099751380 1329
5108099856311 1287
5113099991152 1339
5118100142664 110
5123100280460 7
5128100400783 157
5133100538796 1387
5138100637219 1323
5143100782569 1283
5148100931823 148
5153101032662 10
5158101187836 4
5163101281002 1235
5168101375449 1266
5173101479382 1416
5178101639739 135
5183101789380 12
5188101887674 583
5193101981541 1300
5198102106607 1394
5203102215002 1337
5208102361108 204
5213102510202 23
5218102635359 12
5223102745926 1201
5228102845361 1314
5233102956357 1341
5238103108180 168
5243103209901 9
5248103310222 628
5253103407786 1340
5258103500718 1312
5263103599870 1425
5268103729279 177
5273103889018 13
5278103990089 913
5283104111983 1344
5288104212129 1323
5293104310923 1374
5298104479878 209
5303104635495 10
5308104731029 414
5313104842893 1300
5318104942086 1446
5323105046016 1330
5328105189492 301
5333105320977 2
5338105418822 83
5343105518279 1311
5348105618988 1298
5353105714291 1302
5358105843537 326
5363105979115 25
5368106088362 769
5373106226951 1339
5378106324861 1274
5383106454506 1291
5388106588531 406
5393106728222 15
5398106846411 516
5403106942819 1314
5408107038016 1331
5413107132445 1382
5418107274936 355
5423107418562 21
5428107557599 477
5433107651037 1309
5438107746601 1317
5443107849069 1357
5448107973244 331
5453108132693 11
5458108226386 251
5463108321025 1352
5468108415825 1405
5473108526104 1294
5478108668471 431
5483108786853 18
5488108917258 30
5493109050557 1295
5498109148956 1301
5503109245261 1304
5508109511443 498
5513109651694 15
5518109767817 776
5523109868952 1311
5528109981819 1330
5533110076590 1272
5538110281759 534
5543110524695 24
5548110808148 8
5553110909589 1066
5558111010310 1428
5563111120204 1363
5568111269711 462
5573111430598 12
5578111633523 42
