9575808861381 2130
9580809020481 1961
9585809136740 1794
9590809249426 1735
9595809346821 1687
9600809451320 1748
9605809566257 1784
9610809681455 1525
9615809787708 1504
9620809889446 1441
9625809991897 1647
9630810118174 1698
9635810217295 1444
9640810321347 1333
9645810431266 1528
9650810533137 1607
9655810627339 1600
9660810725985 1196
9665810832619 1387
9670810933988 1540
9675811033507 1713
9680811127917 1504
9685811225068 1238
9690811320110 1522
9695811418463 1628
9700811549937 1719
9705811651188 1292
9710811762797 1391
9715811863637 1501
9720811959854 1642
9725812026934 1453
9730812121123 1329
9735812216612 1489
9740812312215 1583
9745812405226 1624
9750812496480 1432
9755812586762 1364
9760812681942 1477
9765812792935 1543
9770812896182 1173
9775813015410 1442
9780814017248 1412
9785814126834 1177
9790814229829 1372
9795814352756 1442
9800814452293 1488
9805814549104 1137
9810814651052 1405
9815814756440 1393
9820814851635 1312
9825814945075 1411
9830815054177 1479
9835815160287 1316
9840815267504 1299
9845815369178 1408
9850815474215 1401
9855815581103 1190
9860815685164 1378
9865815788803 1401
9870815880557 1315
9875815988533 1294
9880816107491 1576
9885816215521 1433
9890816324730 1212
9895816434233 1376
9900816538739 1439
9905816637022 1392
9910816729400 1344
9915816823444 1420
9920816921680 1387
9925817013353 1235
9930817130680 1363
9935817270323 1573
9940817376960 1100
9945817489660 1289
9950817585896 1507
9955817680152 1477
9960817786283 1217
9965817897121 1411
9970818005797 1361
9975818110404 1313
9980818223222 1308
9985818319811 1519
9990818417287 1524
9995818532419 1139
10000818642861 1405
10005818744709 1411
10010818838077 1413
10015818932458 1248
10020819066772 1511
10025819163376 1347
10030819262140 1204
10035819357356 1403
10040819450979 1584
10045819553329 1311
10050819681804 1250
10055819822490 1419
10060819964485 1588
10065820097013 1193
10070820220080 1343
10075820329123 1467
10080820436741 1278
10085820553497 1227
10090820661714 1380
10095820769940 1447
10100820889620 1171
10105821006943 1311
10110821114864 1392
10115821211816 1302
10120821318648 1397
10125821421517 1367
10130821526724 1145
10135821630660 1341
10140821726183 1461
10145821818467 1179
10150821912470 1266
10155822022746 1490
10160822126044 1193
10165822228617 1340
10170822350946 1466
10175822471517 1575
10180822596409 1410
10185822690967 1295
10190822790763 1453
10195822885769 1500
10200822983887 1395
10205823080427 1352
10210823206059 1357
10215823319986 1515
10220823424295 1254
10225823522990 1401
10230823647235 1572
10235823750193 1529
10240823849755 1277
10245823962650 1440
10250824081062 1518
10255824186076 1593
10260824286387 1413
10265824391572 1313
10270824508849 1513
10275824599225 1558
10280824702510 1308
10285824812079 1341
10290824913740 1552
10295825022394 1487
10300825124590 1260
10305825218975 1385
10310825308566 1534
10315825406143 1507
10320825502509 1319
10325825595367 1391
10330825686220 1524
10335825777105 1538
10340825868673 1268
10345825980923 1386
10350826072164 1593
10355826177894 1479
10360826290960 1114
10365826407827 1471
10370826521059 1490
10375826638556 1377
10380826782611 1318
10385826909042 1388
10390827023907 1521
10395827138393 1156
10400827248264 1348
10405827340908 1645
10410827430450 1390
10415827535982 1166
10420827636086 1437
10425827725281 1446
10430827849093 1431
10435827953292 1358
10440828062629 1493
10445828173433 1448
10450828293575 1302
10455828399551 1350
10460828496614 1523
10465828593294 1533
10470828693035 1218
10475828802330 1398
10480828918396 1498
10485829043365 1462
10490829148405 1339
10495829250431 1409
10500829389486 1507
10505829493283 1388
10510829601050 1318
10515829708981 1492
10520829810639 1477
10525829904404 1435
10530830003831 1276
10535830107542 1521
10540830201054 1496
10545830298884 1342
10550830411372 1319
10555830516142 1519
10560830618036 1418
10565830717689 1350
10570830834428 1305
10575830957381 1549
10580831061986 1351
10585831175731 1280
10590831280832 1459
10595831408120 1487
10600831505489 1341
10605831635353 1294
10610831741002 1423
10615831846793 1507
10620831947886 1291
10625832045472 1440
10630832142646 1411
10635832240042 1329
10640832338456 1311
10645832431921 1447
10650832556509 1539
10655832664368 1157
10660832770059 1273
10665832894000 1492
10670832995079 1482
10675833087954 1317
10680833183876 1382
10685833272579 1461
10690833360405 1270
10695833455904 1457
10700833590497 1491
10705833725260 1592
10710833817110 1194
10715833923750 1323
10720834056264 1458
10725834150700 1503
10730834243183 1340
10735834355326 1359
10740834447089 1392
10745834545164 1497
10750834643467 1281
10755834740341 1457
10760834842064 1563
10765834939154 1342
10770835038002 1209
10775835130227 1485
10780835225949 1609
10785835319337 1268
10790835416254 1341
10795835540275 1449
10800835642119 1382
10805835736399 1206
10810835826694 1477
10815835926193 1377
10820836034688 1168
10825836134245 1373
10830836223596 1532
10835836317749 1454
10840836414774 1161
10845836507574 1483
10850836598443 1472
10855836691007 1301
10860836788955 1396
10865836879043 1488
10870836973093 1475
10875837075085 1174
10880837187203 1442
10885837289877 1505
10890837383193 1451
10895837474145 1293
10900837581993 1442
10905837706593 1428
10910837803554 1369
10915837914865 1322
10920838046251 1496
10925838147616 1450
10930838271227 1272
10935838365452 1367
10940838460249 1572
10945838553161 1476
10950838660829 1184
10955838754385 1386
10960838860203 1427
10965838980599 1360
10970839074937 1275
10975839175707 1540
10980839276158 1341
10985839373257 1360
10990839478894 1403
10995839577003 1536
11000839671203 1342
11005839771945 1155
11010839873888 1497
11015839973339 1477
11020840094882 1354
11025840193575 1303
11030840302227 1454
11035840430230 1511
11040840537253 1281
11045840638303 1370
11050840730803 1524
11055840826220 1549
11060840923881 1231
11065841025313 1371
11070841124229 1508
11075841224156 1428
11080841314403 1311
11085841420012 1390
11090841538029 1554
11095841648209 1533
11100841772966 1345
11105841873609 1419
11110841968253 1499
11115842061909 1432
11120842206402 1311
11125842300859 1499
11130842415189 1455
11135842511874 1290
11140842608845 1282
11145842702608 1421
11150842798312 1494
11155842902081 1210
11160843010097 1449
11165843116670 1430
11170843234997 1369
11175843343580 1243
11180843439260 1551
11185843536350 1433
11190843640326 1444
11195843735910 1315
11200843846550 1513
11205843943187 1575
11210844065953 1228
11215844166621 1392
11220844269996 1448
11225844372389 1543
11230844462479 1420
11235844557278 1375
11240844657013 1444
11245844763065 1463
11250844881665 1522
11255844986238 1348
11260845085782 1556
11265845177059 1460
11270845286844 1393
11275845384431 1375
11280845481816 1498
11285845593195 1565
11290845736614 1197
11295845850234 1382
11300845989350 1484
11305846132267 1463
11310846237865 1197
11315846332053 1472
11320846432214 1382
11325846525400 1314
11330846620605 1321
11335846713953 1474
11340846808710 1471
11345846913503 1248
11350847027798 1454
11355847139749 1615
11360847255319 1564
11365847352105 1210
11370847457466 1357
11375847554243 1519
11380847651456 1645
11385847750173 1305
11390847864957 1313
11395847978363 1540
11400848084814 1537
11405848183767 1460
11410848285543 1324
11415848394867 1478
11420848495480 1602
11425848630588 1412
11430848731595 1428
11435848833387 1509
11440848959221 1525
11445849059101 1330
11450849158988 1410
11455849258051 1485
11460849384456 1547
11465849484359 1191
11470849585561 1346
11475849680044 1528
11480849778889 1344
11485849882423 1317
11490850003702 1376
11495850097852 1485
11500850208413 1397
11505850305190 1325
11510850402262 1499
11515850498022 1558
11520850601633 1598
11525850699233 1214
11530850792714 1388
11535850884823 1571
11540851015484 1669
11545851123639 1287
11550851225973 1318
11555851319757 1527
11560851416152 1607
11565851520568 1239
11570851620474 1394
11575851714580 1433
11580851806828 1352
11585851903594 1211
11590852006638 1502
11595852134709 1510
11600852235979 1317
11605852343893 1343
11610852455458 1504
11615852581164 1100
11620852684935 1216
11625852791800 1469
11630852888596 1269
11635852989110 1279
11640853082009 1298
11645853171990 1443
11650853288687 1160
11655853437011 1521
11660853577676 1320
11665853687299 1173
11670853804026 1382
11675853911911 1502
11680854021193 1314
11685854129732 1214
11690854244086 1397
11695854368287 1389
11700854469318 1406
11705854571577 1353
11710854726708 1379
11715854884075 1403
11720855001369 1373
11725855113745 1413
11730855228647 1418
11735855360971 1125
11740855464777 1408
11745855579262 1389
11750855690510 1357
11755855803459 1283
11760855897104 1441
11765855996970 1420
11770856104854 1205
11775856195800 1355
11780856314596 1536
11785856423954 1236
11790856541636 1349
11795856637811 1297
11800856733920 1321
11805856828541 1304
11810856942006 1434
11815857045513 1374
11820857136877 1218
11825857231684 1280
11830857329408 1383
11835857431112 1222
11840857565225 1414
11845857667077 1481
11850857777097 1291
11855857871785 1336
11860857973733 1426
11865858075915 1394
11870858174315 1223
11875858275308 1385
11880858369470 1442
11885858464460 1472
11890858560067 1266
11895858655695 1499
11900858761555 1388
11905858874304 1239
11910858989101 1380
11915859098161 1449
11920859204347 1383
11925859305505 1228
11930859399515 1557
11935859495271 1431
11940859608037 1240
11945859738893 1312
11950859835439 1480
11955859930927 1202
11960860032993 1218
11965860140251 1449
11970860244542 1359
11975860354291 1245
11980860454355 1453
11985860549823 1295
11990860660566 1204
11995860754320 1411
12000860848564 1445
12005860946979 1238
12010861041179 1322
12015861153311 1499
12020861257074 1246
12025861361335 1299
12030861461653 1437
12035861551004 1544
12040861661331 1100
12045861758391 1353
12050861855678 1397
12055861987594 1348
12060862088185 1457
12065862181164 1440
12070862278508 1451
12075862378059 1241
12080862473542 1342
12085862574679 1476
12090862677148 1313
12095862774589 1270
12100862870294 1429
12105862969068 1449
12110863062388 1323
12115863158557 1361
12120863270413 1397
12125863366844 1186
12130863474545 1303
12135863568192 1384
12140863663981 1413
12145863770610 1188
12150863892625 1352
12155864023826 1445
12160864131173 1114
12165864259619 1462
12170864370927 1473
12175864508399 1256
12180864615916 1282
12185864710652 1365
12190864815271 1459
12195864914972 1244
12200865027002 1449
12205865129422 1534
12210865222813 1367
12215865327438 1272
12220865442428 1412
12225865538144 1539
12230865634283 1233
12235865726397 1400
12240865850074 1338
12245865958613 1469
12250866063754 1253
12255866183821 1477
12260866298401 1394
12265866394476 1236
12270866492977 1369
12275866632604 1465
12280866735053 1365
12285866829767 1198
12290866953537 1260
12295867050253 1255
12300867148624 1323
12305867245177 1505
12310867341310 1209
12315867436364 1167
12320867536958 1371
12325867628874 1235
12330867727792 1222
12335867830035 1487
12340867951758 1577
12345868036895 1117
12350868161933 1377
12355868308591 1592
12360868422810 1424
12365868534783 1269
12370868632295 1332
12375868730342 1435
12380868824148 1228
12385868918180 1361
12390869010625 1565
12395869099489 1515
12400869236773 1141
12405869345090 1329
12410869466618 1500
12415869570129 1334
12420869678172 1430
12425869783136 1374
12430869875639 1332
12435869972008 1129
12440870089599 1408
12445870203076 1595
12450870337255 1350
12455870445536 1211
12460870542944 1290
12465870628375 1119
12470870734577 1336
12475870838614 1458
12480870938817 1364
12485871033975 1174
12490871148851 1417
12495871242620 1334
12500871342573 1272
12505871445432 1414
12510871542910 1381
12515871645235 1270
12520871766680 1355
12525871878726 1423
12530871982574 1647
12535872085480 1192
12540872185405 1449
12545872291075 1405
12550872386964 1382
12555872480021 1198
12560872607805 1552
12565872709443 1415
12570872818691 1163
12575872916889 1532
12580873011174 1465
12585873104565 1422
12590873220627 1133
12595873316375 1443
12600873451474 1483
12605873556265 1322
12610873659811 1329
12615873793148 1448
12620873893484 1168
12625874017518 1245
12630874123471 1390
12635874227888 1415
12640874345591 1147
12645874476455 1440
12650874576320 1349
12655874671074 1127
12660874802316 1445
12665874911080 1487
12670875007688 1136
12675875105406 1376
12680875224494 1440
12685875326914 1228
12690875427655 1343
12695875543679 1523
12700875672142 1495
12705875760886 1234
12710875861904 1307
12715875963826 1446
12720876064717 1661
12725876159133 1291
12730876250113 1264
12735876352734 1398
12740876455591 1453
12745876548353 1252
12750876646052 1498
12755876749323 1287
12760876845532 1172
12765876942329 1439
12770877048235 1481
12775877174242 1297
12780877287873 1258
12785877400170 1457
12790877510827 1249
12795877614693 1209
12800877726250 1491
12805877838812 1227
12810877938752 1172
12815878034553 1548
12820878145216 1331
12825878243273 1216
12830878347395 1419
12835878459806 1386
12840878560497 1162
12845878657353 1348
12850878781734 1439
12855878888672 1460
12860878992069 1249
12865879097047 1350
12870879196610 1428
12875879322457 1312
12880879421906 1419
12885879530315 1407
12890879654263 1335
12895879762646 1206
12900879866393 1532
12905879966551 1433
12910880077017 1235
12915880197221 1339
12920880320580 1397
12925880413853 1456
12930880514168 1244
12935880623436 1409
12940880725067 1258
12945880822738 1235
12950880951198 1378
12955881084285 1471
12960881187680 1252
12965881290576 1319
12970881384673 1249
12975881474375 1259
12980881594628 1274
12985881728269 1491
12990881818164 1113
12995881911941 1355
13000882009792 1400
13005882145288 1228
13010882255278 1418
13015882377606 1462
13020882501867 1421
13025882618324 1198
13030882732229 1295
13035882826888 1485
13040882927928 1443
13045883032522 1231
13050883135074 1384
13055883245188 1337
13060883356925 1282
13065883451064 1434
13070883549140 1509
13075883654247 1325
13080883747460 1254
13085883843476 1374
13090883937896 1476
13095884036572 1301
13100884137674 1335
13105884238988 1575
13110884334503 1271
13115884429071 1298
13120884524042 1431
13125884618223 1562
13130884746879 1085
13135884851512 1376
13140884948862 1402
13145885052128 1196
13150885171265 1284
13155885274378 1573
13160885369733 1205
13165885469305 1177
13170885596546 1483
