32751062324564 2139
32756062465253 2112
32761062595289 2018
32766062689544 2056
32771062803946 2061
32776062915189 2144
32781063035733 2143
32786063146975 2048
32791063241924 2045
32796063332431 2062
32801063433496 2018
32806063533174 2075
32811063648401 2062
32816063743483 1941
32821063840210 1993
32826063951151 1996
32831064024061 2003
32836064127088 1999
32841064224579 2017
32846064315369 1957
32851064407535 1956
32856064498845 1948
32861064597495 1982
32866064695348 1976
32871064799171 1964
32876064895913 2015
32881065008653 1950
32886065103622 1966
32891065195140 1954
32896065305603 1953
32901065398902 1915
32906065498871 1946
32911065604013 1984
32916065695734 2014
32921065790124 1961
32926065884481 1948
32931065998302 1973
32936066115758 1993
32941066200006 2006
32946066292687 2011
32951066386671 1955
32956066507258 1933
32961066599101 1978
32966066694736 1991
32971066796507 1942
32976066890457 2001
32981067022280 1966
32986067123241 1952
32991067223415 2002
32996067322117 2039
33001067428916 1962
33006067515121 1977
33011067611060 1980
33016067706073 1985
33021067806276 1972
33026067903824 1963
33031068015249 2023
33036068131875 2004
33041068228897 1993
33046068331760 1974
33051068443945 1990
33056068551148 1967
33061068646452 1975
33066068751787 1949
33071068861289 2008
33076068958287 1981
33081069052625 2039
33086069148923 1944
33091069251487 2019
33096069371838 1978
33101069501472 2000
33106069595610 2002
33111069703644 1977
33116069813811 2040
33121069909608 1985
33126070005738 1982
33131070099008 2056
33136070199025 1995
33141070293348 1980
33146070388751 1952
33151070492361 1989
33156070607657 1985
33161070714617 1982
33166070813676 1976
33171070912912 1977
33176071006148 1963
33181071105133 1975
33186071205282 1998
33191071305728 1987
33196071400970 1966
33201071501952 1999
33206071602965 1976
33211071693071 1937
33216071799223 1945
33221071897391 1993
33226071992836 1974
33231072109340 2001
33236072201268 1969
33241072302379 2034
33246072402173 1987
33251072518467 2024
33256072619138 2003
33261072716352 1934
33266072817599 2011
33271072916896 1941
33276073035220 1975
33281073167853 2075
33286073269267 2035
33291073362850 1984
33296073477340 1937
33301073572659 1873
33306073670672 1891
33311073768008 1894
33316073869651 1918
33321073972907 1912
33326074075699 1870
33331074174318 1873
33336074278621 1852
33341074389719 1887
33346074482815 1895
33351074590433 1843
33356074698702 1897
33361074814024 1894
33366074915978 1857
33371075019363 1871
33376075118161 1996
33381075213416 1913
33386075313781 1835
33391075418922 1962
33396075517636 1866
33401075612957 1914
33406075710271 1897
33411075830545 1918
33416075936819 1925
33421076029412 1925
33426076131436 1873
33431076222759 1868
33436076321906 1919
33441076428416 1889
33446076530690 1877
33451076637503 1913
33456076752206 1929
33461076852882 1956
33466076962051 1946
33471077077278 1899
33476077180027 1894
33481077285173 1879
33486077376798 1896
33491077475097 1918
33496077579969 1926
33501077686318 1879
33506077785953 1901
33511077882072 1914
33516077987957 1893
33521078092139 1917
33526078192830 1921
33531078301865 1863
33536078415593 1856
33541078520011 1878
33546078631062 1917
33551078738390 1856
33556078838381 1851
33561078937078 2047
33566079042666 1870
33571079152990 1834
33576079249147 1880
33581079343191 1950
33586079438304 1914
33591079546078 1903
33596079656175 1895
33601079756602 1816
33606079846920 1883
33611079929081 1911
33616080025801 1991
33621080125074 1943
33626080220420 1940
33631080322116 1970
33636080431095 1923
33641080532818 1996
33646080625650 1917
33651080745313 1938
33656080848812 1938
33661080953334 1946
33666081055886 1891
33671081158674 1933
33676081261859 1880
33681081374791 1939
33686081476483 2030
33691081571270 2048
33696081678268 1921
33701081783949 1953
33706081884207 1955
33711081987725 1924
33716082105440 1939
33721082205579 1903
33726082304260 1897
33731082409973 1938
33736082516054 1935
33741082619818 1960
33746082721559 2051
33751082825418 1885
33756082923556 1940
33761083015966 1873
33766083129349 1936
33771083253896 1914
33776083347382 1904
33781083446925 1991
33786083543648 1955
33791083645825 1920
33796083741951 1928
33801083855151 1947
33806083964630 1907
33811084082015 1951
33816084181621 1962
33821084298778 1912
33826084444050 1881
33831084552618 1904
33836084672097 1913
33841084768256 1903
33846084862410 1891
33851084958919 1885
33856085060084 1937
33861085156586 1951
33866085263747 1881
33871085366262 1917
33876085460793 1866
33881085555771 1909
33886085661239 1912
33891085772320 1908
33896085894055 1920
33901085996342 1938
33906086086733 1872
33911086203353 1937
33916086296877 1952
33921086417171 1881
33926086511415 1943
33931086605982 1952
33936086700205 1914
33941086803555 1929
33946086908155 1917
33951087007648 1875
33956087106218 1899
33961087225791 1912
33966087320767 1875
33971087431937 1923
33976087544273 1938
33981087638566 1922
33986087736422 1892
33991087835064 1908
33996087935209 1915
34001088033492 1908
34006088134967 1964
34011088238180 1897
34016088336224 1901
34021088436340 1930
34026088551065 1897
34031088649367 1907
34036088745695 1880
34041088843427 1920
34046088936398 1973
34051089032360 1910
34056089129714 1858
34061089228252 1923
34066089346660 1911
34071089448551 1884
34076089543242 1901
34081089639863 1901
34086089739576 1926
34091089831551 1893
34096089923785 1922
34101090018345 1879
34106090117099 1908
34111090212159 1876
34116090323486 1844
34121090427722 1846
34126090540389 1941
34131090641229 1971
34136090747235 2112
34141090840378 1953
34146090946278 1900
34151091042551 1883
34156091153294 1924
34161091247913 1907
34166091341886 1898
34171091435602 1916
34176091528091 1886
34181091621387 1900
34186091720482 1828
34191091830185 1890
34196091933207 1898
34201092047102 1889
34206092148081 1892
34211092243732 1921
34216092334391 1888
34221092430599 1905
34226092531414 1901
34231092637992 1909
34236092750730 1899
34241092858389 1909
34246092960040 1940
34251093059214 1900
34256093176199 1950
34261093272933 1936
34266093392030 1911
34271093489298 1926
34276093582542 1879
34281093685583 1904
34286093795426 1926
34291093895700 1904
34296094012824 1880
34301094119881 1942
34306094240945 1963
34311094355758 1940
34316094463991 2067
34321094559685 1929
34326094651585 1908
34331094750111 1938
34336094849238 1925
34341094936274 1911
34346095034663 1886
34351095141536 1970
34356095261279 1931
34361095355952 1941
34366095460031 1933
34371095562829 1944
34376095662385 1943
34381095765921 1987
34386095863787 1915
34391095954988 2026
34396096051780 1923
34401096156602 1936
34406096264814 1933
34411096389356 1959
34416096493251 1955
34421096586337 1902
34426096689784 1895
34431096792567 1894
34436096886264 1941
34441096988878 1933
34446097101156 1925
34451097209937 1890
34456097317025 1900
34461097415229 1951
34466097511933 1952
34471097618134 1946
34476097715478 1954
34481097823482 1939
34486097941343 1977
34491098047560 1924
34496098142094 1918
34501098242547 1881
34506098351260 1929
34511098463271 1925
34516098554722 1945
34521098653806 1972
34526098751057 1984
34531098848799 1903
34536098946110 1927
34541099054638 1949
34546099158689 2049
34551099261881 1961
34556099369449 1882
34561099479181 1961
34566099584056 1896
34571099680328 1878
34576099771229 1878
34581099867132 1952
34586099966405 1912
34591100068518 1910
34596100171209 2009
34601100287156 1939
34606100387875 1881
34611100486865 1908
34616100581998 1966
34621100680804 1926
34626100777951 1944
34631100882211 1945
34636100983958 1909
34641101079971 1989
34646101174101 1948
34651101268125 1927
34656101366159 1877
34661101469075 1932
34666101565477 1936
34671101666911 1913
34676101767032 1919
34681101863974 1976
34686101967442 1940
34691102064853 1872
34696102160054 1910
34701102260155 1909
34706102360937 1847
34711102459112 1896
34716102559698 1930
34721102663746 1947
34726102773025 1927
34731102879724 1923
34736102981843 1934
34741103086272 1908
34746103190348 1898
34751103290337 1866
34756103389080 1949
34761103482893 1865
34766103579940 1892
34771103682089 1935
34776103779372 1937
34781103896002 1906
34786103999045 1948
34791104117136 1898
34796104221423 1888
34801104317817 1956
34806104415360 1974
34811104516504 1907
34816104612931 1905
34821104703412 1872
34826104793526 1920
34831104891914 1922
34836104991142 1935
34841105101024 1951
34846105207798 1924
34851105313859 1907
34856105411901 1940
34861105504766 1986
34866105616388 1930
34871105711013 1896
34876105804632 1885
34881105906413 1926
34886106006952 1903
34891106136752 2001
34896106239604 1892
34901106344446 1887
34906106444316 1968
34911106551845 1943
34916106673622 1959
34921106783027 1969
34926106884941 1932
34931106981967 1942
34936107075253 1936
34941107179067 1925
34946107283274 1916
34951107376397 1865
34956107474451 1881
34961107585708 1923
34966107693105 1875
34971107794948 1889
34976107889826 1930
34981107986307 1880
34986108098855 1893
34991108199936 1902
34996108311414 1887
35001108408338 1939
35006108511203 1864
35011108609808 1918
35016108714442 1906
35021108828511 1952
35026108932942 1909
35031109029438 1898
35036109131223 1907
35041109252935 1951
35046109353061 1884
35051109454493 1891
35056109550668 1892
35061109642334 1868
35066109735570 1897
35071109830146 1925
35076109926035 1959
35081110035982 1878
35086110141164 1961
35091110252217 1879
35096110343940 1859
35101110443700 1902
35106110567210 1852
35111110661391 1894
35116110761261 1873
35121110860441 1877
35126110968281 2010
35131111080645 1892
35136111180153 1904
35141111282507 1924
35146111392121 1888
35151111503761 1903
35156111607126 1899
35161111719561 1934
35166111839068 1955
35171111942000 1924
35176112052228 1889
35181112161806 1900
35186112265191 1909
35191112372946 1879
35196112482801 1879
35201112583839 1904
35206112688561 1912
35211112794783 1933
35216112896679 1891
35221112994871 1866
35226113091480 1894
35231113189276 1887
35236113293768 1868
35241113395138 1917
35246113493924 1936
35251113610310 1907
35256113704850 1875
35261113812302 1878
35266113915862 1864
35271114010569 1852
35276114109129 1911
35281114202516 1958
35286114299299 1790
35291114402872 1878
35296114512253 1866
35301114610733 1849
35306114708584 2033
35311114806728 1883
35316114898332 1897
35321114996449 1946
35326115090197 1893
35331115178851 1937
35336115272712 1943
35341115369126 1927
35346115476808 1898
35351115585636 1910
35356115698864 1879
35361115802339 1876
35366115896980 1863
35371115993416 1914
35376116108350 1877
35381116198106 1898
35386116306405 1932
35391116405844 1901
35396116500019 1860
35401116597234 1952
35406116716420 1879
35411116819316 1893
35416116916222 1917
35421117012445 1938
35426117109267 1855
35431117216423 1895
35436117309803 1970
35441117396633 1867
35446117493902 1883
35451117613449 1909
35456117710389 1884
35461117806103 1909
35466117917026 1881
35471118037856 1920
35476118139924 1893
35481118230823 1913
35486118327087 1868
35491118431472 1866
35496118527572 1883
35501118659941 2005
35506118761914 1933
35511118880205 1930
35516118996189 1916
35521119099380 1860
35526119191958 1986
35531119282656 1972
35536119390544 2000
35541119488386 1872
35546119592617 1979
35551119685719 1874
35556119781924 1933
35561119880561 1878
35566119986725 1874
35571120115758 1870
35576120229675 1888
35581120333249 1946
35586120426496 1913
35591120520146 1906
35596120623976 1937
35601120740034 1918
35606120849811 1940
35611120965329 1888
35616121093507 1901
35621121205148 1905
35626121324359 1890
35631121497294 1898
35636121613379 1851
35641121726220 1929
35646121827025 1968
35651121929194 1918
35656122026442 1859
35661122139541 1984
35666122241619 1910
35671122330832 1885
35676122426212 1881
35681122528785 1934
35686122628602 1896
35691122738204 1932
35696122844307 1923
35701122957436 1924
35706123046616 1928
35711123153615 1923
35716123250465 1922
35721123349304 1924
35726123458224 1880
35731123566507 1915
35736123678037 1912
35741123777369 1962
35746123879051 1939
35751123996378 1946
35756124105655 1891
35761124197776 1911
35766124292066 1882
35771124384487 1871
35776124476804 1909
35781124584211 1875
35786124693159 1871
35791124783177 1905
35796124870628 1885
35801124962316 1918
35806125056297 1942
35811125162999 1944
35816125254070 1882
35821125351229 1848
35826125454704 1884
35831125557232 1914
35836125660321 1947
35841125762466 1865
35846125867005 1928
35851125971961 1902
35856126074933 1874
35861126174272 1900
35866126269138 1857
35871126376320 1825
35876126474943 1832
35881126571442 1887
35886126725286 1995
35891126822135 1904
35896126937222 1894
35901127032358 1905
35906127141741 1907
35911127246058 1957
35916127367011 1919
35921127459212 1902
35926127551766 1896
35931127689913 1877
35936127795940 1874
35941127903764 1942
35946128011438 1884
35951128108385 1940
35956128212036 1952
35961128305520 1950
35966128408971 1922
35971128506119 1861
35976128603757 1927
35981128706232 1953
35986128799223 2009
35991128904804 1963
35996129011063 1917
36001129107344 1850
36006129205106 1914
36011129301628 1954
36016129402890 1881
36021129510675 1891
36026129632188 1904
36031129732490 1898
36036129834752 1976
36041129936851 1823
36046130031300 1839
36051130146766 1913
36056130255812 1937
36061130379828 1879
36066130484968 1970
36071130589278 1932
36076130685900 1917
36081130784721 1947
36086130905984 1914
36091131005614 1884
36096131118294 1865
36101131229541 1911
36106131330831 1936
36111131431358 1916
36116131528755 1911
36121131630755 1937
36126131730873 1859
36131131832823 1928
36136131937457 1969
36141132043225 1921
36146132140199 1892
36151132235540 1943
36156132336171 1901
36161132456286 1904
36166132558064 1945
36171132653458 1900
36176132749497 1948
36181132851722 1896
36186132944783 1888
36191133038495 1969
36196133135170 1909
36201133233372 1872
36206133337071 1935
36211133436206 1904
36216133529224 1893
36221133633591 1828
36226133742666 1877
36231133847125 1849
36236133956725 1879
36241134072140 1906
36246134169976 1884
36251134277789 1927
36256134386125 1909
36261134486521 1870
36266134589075 1965
36271134709611 1942
36276134811168 1889
36281134925585 1906
36286135039244 1851
36291135146192 1875
36296135246141 1894
36301135346065 1898
36306135454869 1871
36311135566313 1901
36316135674473 1979
36321135776917 1888
36326135882408 1879
36331135985539 1861
36336136091993 1963
36341136197611 1879
36346136307739 1928
