25058516707350 1788
25063516876427 1717
25068517006328 1685
25073517124624 1667
25078517245484 1684
25083517355343 1673
25088517482230 1659
25093517584652 1617
25098517706492 1655
25103517812721 1666
25108517933927 1678
25113518045512 1636
25118518125564 1610
25123518222209 1560
25128518344225 1603
25133518446880 1573
25138518577718 1580
25143518672493 1587
25148518792607 1574
25153518900252 1521
25158519054393 1577
25163519194988 1593
25168519318635 1577
25173519421349 1560
25178519522353 1565
25183519612803 1517
25188519709833 1552
25193519815787 1538
25198519917847 1576
25203520015927 1539
25208520112230 1561
25213520234803 1499
25218520327896 1561
25223520421662 1551
25228520523501 1549
25233520623927 1559
25238520745513 1542
25243520856475 1507
25248520951270 1554
25253521045169 1568
25258521137991 1552
25263521234156 1541
25268521338134 1543
25273521436269 1495
25278521529280 1556
25283521621632 1576
25288521712743 1540
25293521832870 1534
25298521938198 1506
25303522036782 1505
25308522131889 1507
25313522242250 1536
25318522362247 1536
25323522460844 1538
25328522591081 1506
25333522703871 1489
25338522812997 1554
25343522915764 1529
25348523896372 1511
25353523990101 1499
25358524107490 1522
25363524205993 1487
25368524331716 1518
25373524425598 1517
25378524518617 1538
25383524626729 1529
25388524719121 1536
25393524827827 1452
25398524923285 1503
25403525033957 1538
25408525132092 1527
25413525227316 1537
25418525326488 1536
25423525428375 1445
25428525526836 1519
25433525652911 1484
25438525748151 1531
25443525856699 1528
25448525935776 1526
25453526032313 1475
25458526132730 1515
25463526243064 1529
25468526344844 1501
25473526441911 985
25478526565491 827
25483526672415 455
25488526789650 1263
25493526906223 957
25498527003836 1510
25503527117218 1451
25508527246371 1537
25513527358227 1270
25518527465876 1501
25523527578865 1486
25528527688534 1502
25533527800322 1522
25538527901224 1534
25543528016052 1454
25548528116494 1502
25553528215689 1495
25558528343463 1475
25563528451642 1483
25568528567710 1517
25573528663850 1472
25578528758942 1522
25583528855159 1508
25588528947656 1499
25593529049960 1497
25598529164984 1503
25603529260991 1435
25608529377381 1517
25613529480209 1555
25618529576671 1546
25623529671101 1518
25628529768591 1490
25633529865778 1465
25638529968451 1487
25643530069657 1493
25648530165272 1520
25653530260442 1517
25658530358430 1518
25663530455203 1506
25668530550379 1525
25673530662510 1543
25678530759372 1530
25683530853727 1531
25688530977350 1502
25693531099802 1488
25698531204923 1542
25703531313878 1521
25708531414025 1522
25713531512924 1521
25718531615934 1500
25723531711975 1414
25728531812936 1485
25733531917904 1535
25738532026217 1496
25743532132279 1469
25748532240475 1497
25753532341692 1438
25758532445230 1461
25763532553130 1481
25768532656796 1508
25773532757136 1528
25778532857579 1501
25783532961226 1440
25788533074796 1499
25793533177368 1520
25798533275561 1516
25803533369486 1497
25808533471902 1492
25813533571688 1421
25818533674987 1500
25823533777549 1491
25828533878601 1484
25833533976343 1517
25838534081025 1482
25843534181723 1437
25848534278826 1512
25853534379609 1527
25858534478887 1510
25863534587532 1505
25868534683827 1532
25873534785158 1427
25878534909915 1487
25883535018080 1503
25888535121264 1523
25893535220908 1516
25898535316962 1535
25903535436556 1387
25908535530701 1207
25913535623220 1411
25918535750602 1132
25923535858659 990
25928535960553 1014
25933536119690 886
25938536224556 847
25943536328949 1230
25948536430075 937
25953536529398 1219
25958536630904 1065
25963536746263 1484
25968536842028 818
25973536935208 1547
25978537045180 1531
25983537146168 1530
25988537262004 1528
25993537368859 1462
25998537469364 1536
26003537561249 1534
26008537657581 1546
26013537750846 1551
26018537843340 1539
26023537936985 1454
26028538034523 1522
26033538129897 1531
26038538225521 1551
26043538319225 1554
26048538415496 1519
26053538518603 1507
26058538626871 1523
26063538727738 1548
26068538825185 1546
26073538924235 1549
26078539020592 1540
26083539122999 1529
26088539217075 1462
26093539328148 1537
26098539422584 1510
26103539526351 1542
26108539625174 1536
26113539719886 1519
26118539820536 1457
26123539930682 1512
26128540026424 1514
26133540121087 1539
26138540213082 1526
26143540306231 1521
26148540402613 1499
26153540512502 1541
26158540608680 1534
26163540702842 1529
26168540793804 1543
26173540883925 1543
26178540987616 1442
26183541089545 1533
26188541190932 1526
26193541285840 1528
26198541408002 1522
26203541518476 1550
26208541616043 1508
26213541711744 1537
26218541803238 1534
26223541908562 1506
26228542003849 1503
26233542122373 1532
26238542226587 1504
26243542325853 1534
26248542419517 1539
26253542510847 1521
26258542606800 1508
26263542706610 1504
26268542803163 1452
26273542895436 1534
26278542990799 1531
26283543084035 1527
26288543181714 1533
26293543280253 1515
26298543390896 1474
26303543500368 1534
26308543597110 1544
26313543695969 1535
26318543791442 1524
26323543885277 1532
26328543982125 1488
26333544092094 1549
26338544187098 1526
26343544282087 1529
26348544374858 1515
26353544468067 1532
26358544585118 1417
26363544685706 1530
26368544801843 1524
26373544913540 1531
26378545032839 1515
26383545144260 1522
26388545246074 1452
26393545341278 1511
26398545474882 1533
26403545576546 1536
26408545671913 1538
26413545766706 1521
26418545861687 1450
26423545965194 1518
26428546081487 1521
26433546177493 1515
26438546274604 1495
26443546369123 1529
26448546461510 1453
26453546555035 1514
26458546648325 1520
26463546755271 1519
26468546866997 1521
26473546967627 1506
26478547061652 1408
26483547157080 1499
26488547248837 1533
26493547339052 1516
26498547434631 1539
26503547528366 1509
26508547621131 1399
26513547715699 1516
26518547817991 1506
26523547922123 1511
26528548033797 1504
26533548147023 1522
26538548257177 1439
26543548411005 1523
26548548525129 1507
26553548638128 1518
26558548741399 1505
26563548847432 1471
26568548946877 1443
26573549038044 1536
26578549130692 1556
26583549231295 1515
26588549338716 1538
26593549440706 1521
26598549536199 1401
26603549641340 1513
26608549745083 1531
26613549877944 1501
26618549983500 1485
26623550090443 1523
26628550197123 1414
26633550297089 1497
26638550409193 1504
26643550502675 1523
26648550609278 1541
26653550715534 1543
26658550811039 1430
26663550909199 1500
26668551005178 1510
26673551100070 1502
26678551197805 1500
26683551320794 1517
26688551420503 1401
26693551515038 1534
26698551608860 1506
26703551705632 1523
26708551803643 1532
26713551901538 1513
26718551999626 1430
26723552112687 1520
26728552230259 1511
26733552334414 1511
26738552439482 1527
26743552536116 1528
26748552647644 1419
26753552746194 1497
26758552839585 1508
26763552934222 1506
26768553030003 1527
26773553131554 1521
26778553226768 1430
26783553350651 1515
26788553461612 1522
26793553583929 1513
26798553694372 1537
26803553815989 1492
26808553938469 1446
26813554078306 1503
26818554203926 1527
26823554326942 1528
26828554436692 1520
26833554533474 1504
26838554654411 1455
26843554760957 1520
26848554859633 1522
26853554949892 1507
26858555043814 1531
26863555135441 1543
26868555238505 1453
26873555332934 1526
26878555444306 1511
26883555545332 1506
26888555646540 1532
26893555739639 1525
26898555843281 1411
26903555941939 1532
26908556058901 1519
26913556173456 1507
26918556271280 1499
26923556366332 1555
26928556461013 1422
26933556571424 1541
26938556667475 1527
26943556765713 1556
26948556866207 1541
26953556962921 1502
26958557059586 1441
26963557160469 1506
26968557258093 1523
26973557360654 1524
26978557470918 1531
26983557573521 1520
26988557669252 1441
26993557765975 1508
26998557861672 1528
27003557970832 1509
27008558068195 1516
27013558164055 1532
27018558263208 1485
27023558355255 1521
27028558451514 1525
27033558545384 1519
27038558651183 1490
27043558753816 1495
27048558851409 1404
27053558945471 1518
27058559043740 1528
27063559136073 1546
27068559231699 1530
27073559328537 1519
27078559422280 1382
27083559519762 1494
27088559645103 1516
27093559738712 1528
27098559840032 1545
27103559938492 1517
27108560049884 1402
27113560168631 1531
27118560264397 1523
27123560364023 1492
27128560468693 1509
27133560563892 1503
27138560661144 1433
27143560758210 1529
27148560855226 1542
27153560951088 1521
27158561069458 1526
27163561172600 1505
27168561271735 1429
27173561375244 1501
27178561491260 1532
27183561586682 1539
27188561720967 1542
27193561825239 1526
27198561924618 1402
27203562027854 1505
27208562131228 1515
27213562234110 1513
27218562330618 1531
27223562425773 1525
27228562518101 1453
27233562613029 1525
27238562709134 1544
27243562803815 1514
27248562897623 1517
27253563016837 1492
27258563151342 1413
27263563266044 1513
27268563375575 1522
27273563478795 1515
27278563570683 1521
27283563664127 1517
27288563757241 1462
27293563874029 1518
27298563968526 1519
27303564040676 1527
27308564156058 1530
27313564254211 1520
27318564350081 1431
27323564465828 1518
27328564592055 1511
27333564716113 1521
27338564841100 1503
27343564951153 1522
27348565061307 1421
27353565172060 1524
27358565276724 1517
27363565370297 1539
27368565464587 1523
27373565559560 1525
27378565660143 1348
27383565770633 1530
27388565862046 1549
27393565956056 1541
27398566052418 1496
27403566149637 1521
27408566271988 1403
27413566378517 1545
27418566480572 1521
27423566578122 1543
27428566683298 1559
27433566793194 1504
27438566903056 1426
27443567013049 1518
27448567125734 1524
27453567226466 1517
27458567323033 1495
27463567423799 1509
27468567544370 1437
27473567643942 1531
27478567738244 1528
27483567836663 1522
27488567938651 1541
27493568035923 1501
27498568131375 1428
27503568229499 1517
27508568326028 1521
27513568423729 1507
27518568518596 1532
27523568632372 1517
27528568728187 1396
27533568849938 1507
27538568947866 1475
27543569046981 1508
27548569148229 1524
27553569258150 1497
27558569354775 1433
27563569448632 1532
27568569543910 1505
27573569637697 1528
27578569730268 1495
27583569846626 1505
27588569945480 1455
27593570042947 1507
27598570139538 1504
27603570235488 1511
27608570353095 1503
27613570448466 1467
27618570547017 1421
27623570665917 1522
27628570771248 1523
27633570867944 1503
27638570965981 1514
27643571069833 1514
27648571165561 1410
27653571267538 1494
27658571370342 1457
27663571462555 1539
27668571558665 1542
27673571650671 1515
27678571743774 1424
27683571837747 1516
27688571934694 1504
27693572034134 1508
27698572127560 1511
27703572226189 1505
27708572352172 1410
27713572448925 1496
27718572541591 1527
27723572637554 1526
27728572732056 1526
27733572827660 1523
27738572944941 1448
27743573041134 1531
27748573144646 1534
27753573241778 1533
27758573350961 1510
27763573488047 1484
27768573590925 1404
27773573684594 1499
27778573777730 1537
27783573867808 1517
27788573961257 1554
27793574053639 1499
27798574176157 1436
27803574288343 1527
27808574393618 1518
27813574491913 1515
27818574582081 1503
27823574702679 1516
27828574802001 1419
27833574900846 1513
27838575013751 1514
27843575111942 1531
27848575216990 1481
27853575336778 1486
27858575442993 1430
27863575546741 1488
27868575655839 1485
27873575781757 1502
27878575881061 1516
27883575976352 1483
27888576086597 1443
27893576185730 1439
27898576283298 1523
27903576377126 1512
27908576471123 1504
27913576565360 1508
27918576664971 1422
27923576774945 1459
27928576885566 1468
27933576989663 1505
27938577080743 1521
27943577172314 1517
27948577296011 1469
27953577400111 1479
27958577496048 1510
27963577593253 1512
27968577688748 1493
27973577799049 1524
27978577895685 1517
27983578015492 1435
27988578128249 1519
27993578235342 1516
27998578332469 1530
28003578427882 1518
28008578522902 1492
28013578619491 1388
28018578715517 1525
28023578812863 1529
28028578909940 1520
28033579019577 1518
28038579116892 1506
28043579208209 1373
28048579334052 1515
28053579431781 1539
28058579524583 1535
28063579618352 1528
28068579712565 1525
28073579810109 1406
28078579900733 1517
28083579995335 1502
28088580107754 1498
28093580212760 1502
28098580336413 1508
28103580443035 1421
28108580540386 1530
28113580633875 1532
28118580761118 1527
28123580857456 1531
28128580957289 1505
28133581076183 1414
28138581172549 1512
28143581267217 1518
28148581362632 1520
28153581470801 1519
28158581570526 1505
28163581667321 1380
28168581759562 1493
28173581852219 1514
28178581943762 1542
28183582037098 1560
28188582129291 1509
28193582223825 1382
28198582321041 1516
28203582427117 1502
28208582532373 1498
28213582654483 1528
28218582755871 1497
28223582852634 1388
28228582965433 1518
28233583061585 1515
28238583157615 1491
28243583257273 1504
28248583352892 1508
28253583447097 1376
28258583539596 1525
28263583644795 1499
28268583744207 1510
28273583837322 1515
28278583931770 1490
28283584027092 1358
28288584123344 1504
28293584220552 1518
28298584337090 1501
28303584438899 1510
28308584549083 1509
28313584653178 1348
28318584749875 1487
28323584842223 1503
28328584943555 1533
28333585043152 1512
28338585141553 1516
28343585237218 1362
28348585361158 1505
28353585462441 1507
28358585559160 1487
28363585670971 1517
28368585770671 1512
28373585876388 1435
28378585989326 1504
28383586114726 1490
28388586228846 1494
28393586336344 1499
28398586434997 1501
28403586531103 1391
28408586636411 1537
28413586730147 1502
28418586836144 1513
28423586937137 1507
28428587029273 1504
28433587126903 1362
28438587245157 1523
28443587381773 1497
28448587481503 1523
28453587573145 1510
28458587689691 1487
28463587785811 1377
28468587879984 1538
28473587974609 1524
28478588102882 1538
28483588214938 1512
28488588308054 1506
28493588408986 1408
28498588507061 1503
28503588638644 1495
28508588738356 1458
28513588830698 1519
28518588920807 1504
28523589044239 1318
28528589157927 1501
28533589285193 1454
28538589384568 1492
28543589482113 1489
28548589573067 1505
28553589665266 1335
28558589760021 1510
28563589860582 1505
28568589991784 1490
28573590095078 1489
28578590195713 1495
28583590299831 1409
28588590393915 1526
28593590487543 1522
28598590582310 1508
28603590692962 1528
28608590788593 1504
28613590888743 1387
28618591012084 1511
28623591118095 1523
28628591219482 1526
28633591314129 1520
28638591409887 1522
28643591520390 1448
28648591611427 1511
28653591733888 1516
