17907676860754 2182
17912676983671 2105
17917677124648 2111
17922677242273 2040
17927677344913 2080
17932677451561 2046
17937677568303 2025
17942677676401 2065
17947677786299 2080
17952677885470 2185
17957677984540 2099
17962678078573 1968
17967678201107 1921
17972678309886 1894
17977678412782 1890
17982678515975 1880
17987678620503 1881
17992678719141 1902
17997678815292 1920
18002678921707 1930
18007679013547 1913
18012679106484 1942
18017679200688 1894
18022679304657 1918
18027679411760 1903
18032679550049 1875
18037679672261 1861
18042679777867 1887
18047679882832 1872
18052679981673 1964
18057680087164 1848
18062680192951 1879
18067680285304 1870
18072680384094 1902
18077680477454 1893
18082680570486 1907
18087680667122 1917
18092680756490 1911
18097680848756 1953
18102680935217 1929
18107681027618 1963
18112681142225 1938
18117681243392 1941
18122681372260 1937
18127681461813 1942
18132681552302 1915
18137681647875 1935
18142681738699 1934
18147681857633 1880
18152681970614 1907
18157682063402 1898
18162682152189 1917
18167682232514 1975
18172682327122 1917
18177682431182 1896
18182682534832 1969
18187682626084 1970
18192682715794 1903
18197682808466 1906
18202682931128 1937
18207683024107 1916
18212683845382 1910
18217683952423 2005
18222684056374 1885
18227684175712 2000
18232684272888 1938
18237684364885 1951
18242684469312 1968
18247684561467 1908
18252684650950 1913
18257684739845 1888
18262684830910 1947
18267684922498 1942
18272685028516 1929
18277685119898 1906
18282685228725 1904
18287685326852 1924
18292685436925 1943
18297685535411 1926
18302685631239 1966
18307685742797 1932
18312685853436 1927
18317685954118 1962
18322686055933 1944
18327686157331 1935
18332686249162 1917
18337686345183 1951
18342686458520 1912
18347686573384 1935
18352686671914 1934
18357686766460 1898
18362686862499 1907
18367686977845 1965
18372687089024 1916
18377687211419 1912
18382687304507 1901
18387687433456 1942
18392687560200 1966
18397687669788 1937
18402687788645 2015
18407687876825 1981
18412687976344 2024
18417688085431 1960
18422688193497 1903
18427688283473 1902
18432688375441 1900
18437688471073 2004
18442688563918 1904
18447688671076 1908
18452688778124 1953
18457688868517 1911
18462688959571 1936
18467689065211 1937
18472689164114 1864
18477689259850 1827
18482689375153 1854
18487689465475 1839
18492689552417 1835
18497689641715 1846
18502689730154 1847
18507689816718 1813
18512689921736 1828
18517690017320 1798
18522690111167 1832
18527690199044 1842
18532690288690 1832
18537690384606 1834
18542690479046 1870
18547690568874 1810
18552690679163 1840
18557690783705 1803
18562690872343 1804
18567690960901 1829
18572691048995 1859
18577691138176 1837
18582691225366 1840
18587691314340 1849
18592691404183 1866
18597691506636 1825
18602691604588 1837
18607691695498 1876
18612691806632 1864
18617691913298 1846
18622692024890 1887
18627692120593 1837
18632692210454 1854
18637692315644 1838
18642692421269 1834
18647692511611 1864
18652692600346 1852
18657692705730 1807
18662692814643 1795
18667692922953 1841
18672693013391 1814
18677693099986 1845
18682693195033 1870
18687693291200 1833
18692693395087 1869
18697693485266 1834
18702693583200 1850
18707693693818 1839
18712693784106 1834
18717693892826 1866
18722693991815 1827
18727694084657 1829
18732694173775 1900
18737694263195 1837
18742694354739 1874
18747694446065 1833
18752694551601 1833
18757694653163 1882
18762694762744 1858
18767694879601 1830
18772694983988 1806
18777695100771 1836
18782695216439 1833
18787695328468 1864
18792695418415 1794
18797695506062 1806
18802695611828 1857
18807695725454 1872
18812695826499 1830
18817695916434 1831
18822696020521 1886
18827696110291 1931
18832696218147 1835
18837696306016 1851
18842696411298 1852
18847696504479 1796
18852696607792 1830
18857696710386 1878
18862696815038 1858
18867696915057 1878
18872697028238 1855
18877697151126 1855
18882697256983 1847
18887697345189 1829
18892697434691 1911
18897697533857 1830
18902697624055 1863
18907697728919 1865
18912697846242 1907
18917697938475 1961
18922698027907 1855
18927698119136 1860
18932698251493 1893
18937698353351 1883
18942698469274 1905
18947698599094 1859
18952698707336 1901
18957698801431 1867
18962698898668 1860
18967698999459 1866
18972699104572 1910
18977699211741 1849
18982699307796 1896
18987699401198 1821
18992699491319 1854
18997699580906 1847
19002699688746 1892
19007699787845 1909
19012699883753 1885
19017699971948 1888
19022700061762 1877
19027700151006 1885
19032700242812 1858
19037700332504 1834
19042700453093 1861
19047700559245 1872
19052700655289 1873
19057700749572 1918
19062700855517 1854
19067700946453 1889
19072701055022 1866
19077701162488 1852
19082701251236 1901
19087701338434 1866
19092701445394 1838
19097701534777 1859
19102701639492 1874
19107701727902 1847
19112701822521 1864
19117701922102 1884
19122702012951 1844
19127702108687 1858
19132702208882 1885
19137702300660 1859
19142702388381 1825
19147702512288 1854
19152702604898 1901
19157702712097 1888
19162702803975 1824
19167702916307 1862
19172703007168 1886
19177703115242 1861
19182703235542 1822
19187703324814 1858
19192703417436 1875
19197703509361 1881
19202703602795 1868
19207703692532 1876
19212703800196 1925
19217703907168 1845
19222703995787 1884
19227704098576 1887
19232704187813 1893
19237704275696 1937
19242704397017 1836
19247704488030 1838
19252704575968 1843
19257704686790 1915
19262704783468 1820
19267704873579 1899
19272704963112 1907
19277705053215 1865
19282705172741 1889
19287705264523 1856
19292705354884 1867
19297705446168 1862
19302705537962 1847
19307705626454 1851
19312705715827 1869
19317705807369 1848
19322705916771 1906
19327706025088 1891
19332706131782 1871
19337706220303 1900
19342706331422 1864
19347706420107 1834
19352706526149 1898
19357706616097 1881
19362706705547 1827
19367706809265 1855
19372706902644 1896
19377706992270 1843
19382707088688 1870
19387707190099 1902
19392707298867 1894
19397707392927 1834
19402707482657 1872
19407707584057 1894
19412707681109 1893
19417707770490 1879
19422707868265 1890
19427707961146 1874
19432708020942 1846
19437708111342 1853
19442708200621 1857
19447708289457 1844
19452708404195 1877
19457708503722 1831
19462708609969 1854
19467708699289 1925
19472708805122 1881
19477708896824 1792
19482708985182 1860
19487709074814 1857
19492709161464 1918
19497709247614 1828
19502709338344 1863
19507709427413 1877
19512709539345 1856
19517709640814 1824
19522709741108 1836
19527709858568 1903
19532709961099 1824
19537710054961 1893
19542710170587 1881
19547710268606 1893
19552710371308 1865
19557710499658 1836
19562710601962 1860
19567710698655 1838
19572710786504 1845
19577710881110 1849
19582710974909 1832
19587711078947 1827
19592711173634 1829
19597711277471 1869
19602711378924 1862
19607711519330 1869
19612711621039 1835
19617711718647 1845
19622711813742 1854
19627711908423 1825
19632711996050 1860
19637712093103 1864
19642712211529 1877
19647712304001 1891
19652712391209 1845
19657712517707 1835
19662712607511 1844
19667712701174 1886
19672712792867 1830
19677712883986 1884
19682712981802 1947
19687713076277 1831
19692713169855 1827
19697713269660 1831
19702713376544 1827
