13851648794560 1815
13856648920189 1695
13861649050738 1652
13866649157619 1681
13871649265039 1682
13876649380115 1653
13881649496623 1640
13886649607398 1593
13891649730321 1644
13896649846777 1662
13901649985146 1665
13906650093378 1646
13911650197408 1601
13916650313971 1530
13921650410337 1609
13926650505855 1586
13931650600585 1583
13936650693529 1566
13941650796345 1597
13946650905833 1536
13951651017730 1600
13956651123238 1582
13961651226837 1584
13966651340376 1572
13971651434057 1569
13976651542765 1532
13981651641777 1572
13986651741577 1590
13991651839291 1597
13996651932052 1606
14001652031219 1601
14006652143748 1547
14011652237405 1600
14016652328512 1579
14021652434579 1586
14026652532882 1575
14031652630988 1543
14036652731652 1512
14041652828110 1570
14046652925077 1562
14051653030746 1573
14056653124685 1552
14061653216073 1580
14066653311284 1520
14071653426623 1551
14076653523850 1554
14081653632588 1563
14086653729382 1604
14091653832536 1546
14096653925078 1505
14101654020607 1561
14106654123629 1587
14111654222454 1584
14116654323974 1575
14121654420243 1570
14126654511999 1510
14131654608141 1601
14136654702184 1586
14141654806038 1614
14146654918367 1597
14151655020362 1589
14156656022261 1525
14161656123012 1594
14166656219039 1591
14171656333871 1594
14176656428303 1597
14181656533891 1587
14186656647629 1530
14191656759155 1581
14196656872781 1587
14201656986509 1591
14206657094371 1592
14211657207608 1601
14216657340488 1527
14221657453177 1588
14226657566899 1581
14231657680283 1583
14236657798777 1572
14241657912970 1597
14246658011916 1520
14251658111265 1534
14256658239039 1293
14261658368537 986
14266658479010 672
14271658606154 1040
14276658716108 761
14281658830806 1512
14286658946380 1623
14291659064716 1565
14296659186476 1355
14301659295561 1596
14306659414173 1348
14311659530407 1595
14316659645041 1598
14321659753516 1592
14326659860862 1590
14331659981694 1612
14336660108605 1487
14341660221125 1557
14346660330822 1561
14351660441977 1584
14356660549540 1531
14361660654979 1569
14366660762530 1513
14371660874885 1541
14376660986466 1562
14381661098429 1578
14386661206018 1593
14391661306922 1582
14396661403259 1524
14401661495541 1572
14406661585495 1585
14411661677065 1548
14416661770657 1570
14421661873478 1590
14426661972125 1520
14431662084237 1564
14436662184235 1587
14441662286808 1586
14446662383368 1584
14451662478376 1566
14456662580023 1534
14461662680842 1581
14466662791387 1585
14471662886031 1591
14476662978637 1572
14481663079112 1576
14486663185353 1543
14491663304963 1577
14496663412518 1579
14501663529419 1590
14506663632346 1587
14511663749432 1562
14516663859610 1483
14521663970687 1484
14526664107980 1498
14531664230071 1511
14536664326375 1534
14541664425275 1523
14546664516840 1460
14551664623818 1532
14556664736044 1535
14561664845580 1521
14566664963574 1516
14571665069802 1490
14576665188654 1467
14581665307636 1536
14586665408120 1515
14591665510399 1517
14596665614495 1524
14601665715616 1516
14606665810245 1463
14611665907464 1522
14616666009842 1513
14621666116063 1534
14626666239832 1511
14631666334254 1528
14636666427012 1481
14641666521252 1515
14646666614851 1516
14651666723132 1524
14656666825083 1491
14661666926895 1543
14666667049121 1459
14671667153491 1507
14676667257931 1530
14681667353900 1319
14686667453098 1140
14691667575522 1176
14696667705091 1062
14701667801127 774
14706667897406 1092
14711667996574 850
14716668153394 864
14721668263389 1219
14726668365526 1072
14731668459499 735
14736668552631 1546
14741668651126 1525
14746668746463 1253
14751668855912 1505
14756668969394 1318
14761669078778 1349
14766669188515 1499
14771669298044 1518
14776669408225 1519
14781669524933 1505
14786669641972 1501
14791669757465 1446
14796669862149 1515
14801669971600 1505
14806670077266 1486
14811670187205 1528
14816670298626 1497
14821670405513 1440
14826670512489 1523
14831670622378 1502
14836670729618 1519
14841670833168 1504
14846670929827 1519
14851671028522 1459
14856671125523 1523
14861671224873 1546
14866671316789 1502
14871671414417 1497
14876671514514 1499
14881671617287 1438
14886671712659 1514
14891671810934 1523
14896671921309 1518
14901672022773 1513
14906672118882 1532
14911672212903 1435
14916672305782 1524
14921672401250 1517
14926672499931 1530
14931672602072 1525
14936672701652 1527
14941672794615 1473
14946672891261 1526
14951672985784 1534
14956673087225 1530
14961673196946 1505
14966673307364 1523
14971673409794 1430
14976673503495 1531
14981673594542 1534
14986673686584 1520
14991673780319 1514
14996673891986 1506
15001673985758 1428
15006674083336 1510
15011674178016 1520
15016674271531 1545
15021674382782 1547
15026674484768 1504
15031674592694 1422
15036674709985 1542
15041674825404 1520
15046674933869 1518
15051675036950 1519
15056675149763 1518
15061675265618 1435
15066675365901 1526
15071675474164 1530
15076675573029 1537
15081675680426 1521
15086675772377 1513
15091675869623 1440
15096675990146 1527
15101676101369 1538
15106676198561 1553
15111676294235 1552
15116676389747 1539
15121676483961 1472
15126676576131 1520
15131676679921 1565
15136676774855 1499
15141676869088 1556
15146676959617 1527
15151677056068 1445
15156677161639 1513
15161677259241 1495
15166677362609 1505
15171677470173 1497
15176677563818 1450
15181677654706 1454
15186677744827 1531
15191677844938 1551
15196677939127 1544
15201678029804 1511
15206678124367 1512
15211678219232 1469
15216678315532 1504
15221678406534 1498
15226678495079 1527
15231678592647 1535
15236678692019 1515
15241678814875 1435
15246678909652 1515
15251679010572 1503
15256679128064 1519
15261679232728 1506
15266679337598 1512
15271679445743 1437
15276679552495 1522
15281679659945 1515
15286679791137 1523
15291679897199 1517
15296680020389 1497
15301680122698 1439
15306680223853 1529
15311680335184 1511
15316680440107 1510
15321680545129 1504
15326680654283 1514
15331680792460 1439
15336680900792 1534
15341681011327 1492
15346681112910 1538
15351681220606 1531
15356681345268 1524
15361681444025 1409
15366681556905 1521
15371681656813 1516
15376681756197 1537
15381681878370 1497
15386681990353 1521
15391682103174 1416
15396682211558 1508
15401682326600 1506
15406682438499 1516
15411682540363 1504
15416682635703 1533
15421682746281 1379
15426682842183 1530
15431682940462 1530
15436683038395 1528
15441683144846 1500
15446683244997 1492
15451683340430 1394
15456683436445 1487
15461683534649 1508
15466683632416 1519
15471683735389 1505
15476683853564 1502
15481683959095 1398
15486684067207 1510
15491684183475 1514
15496684289428 1488
15501684379901 1524
15506684470994 1509
15511684581325 1421
15516684709306 1497
15521684816843 1499
15526684956955 1482
15531685091477 1493
15536685183394 1477
15541685274623 1433
15546685374192 1501
15551685477413 1511
15556685589259 1487
15561685698315 1516
15566685808717 1508
15571685920945 1410
15576686016744 1507
15581686106436 1527
15586686217505 1529
15591686311978 1512
15596686407385 1523
15601686527077 1444
15606686621072 1493
15611686727891 1501
15616686846711 1510
15621686954073 1532
15626687062667 1511
15631687174484 1420
15636687277427 1534
15641687396152 1512
15646687498536 1483
