12695932103199 1793
12700932214909 1366
12705932352332 1402
12710932473063 1423
12715932578377 1692
12720932681841 1523
12725932791939 1772
12730932921929 1888
12735933056340 1405
12740933164534 1541
12745933264522 1386
12750933390680 1527
12755933522933 1418
12760933624077 1296
12765933728638 1476
12770933849683 1466
12775933957750 1354
12780934059786 1426
12785934159131 1377
12790934261943 1399
12795934373712 1438
12800934473058 1728
12805934570844 1320
12810934667166 1530
12815934772201 1498
12820934868353 1582
12825934974561 1520
12830935080530 1514
12835935195562 1443
12840935295202 1580
12845935413569 1405
12850935510107 1203
12855935608020 1523
12860935721482 1449
12865935826117 1170
12870935920155 1501
12875936029578 1397
12880936122366 1243
12885936217670 1441
12890936313099 1382
12895936407492 1234
12900936503188 1629
12905936601731 1526
12910936706381 1246
12915936817708 1370
12920936918885 1401
12925937013414 1336
12930937124488 1501
12935937235848 1481
12940937332079 1297
12945937434906 1959
12950937536544 1451
12955937633227 1235
12960937749214 1384
12965937843911 1491
12970937956743 1201
12975938065078 1488
12980938166527 1401
12985938278164 1409
12990938400388 1417
12995938501997 1372
13000939556792 1384
13005939683139 1339
13010939781829 1528
13015939875838 1294
13020939971149 1687
13025940085636 1388
13030940180987 1794
13035940277419 1391
13040940372351 1549
13045940497189 1172
13050940596549 1474
13055940705921 1586
13060940821248 1490
13065940929123 1379
13070941054772 1447
13075941151719 1297
13080941267105 1354
13085941368443 1423
13090941462548 1105
13095941558805 1424
13100941685616 1445
13105941781025 1155
13110941876799 1312
13115941968438 1635
13120942081132 1332
13125942193721 1534
13130942290353 1482
13135942413407 1253
13140942512338 1281
13145942611514 1434
13150942711071 1345
13155942834903 1427
13160942950911 1682
13165943075731 1244
13170943170379 1677
13175943268371 1603
13180943365849 1420
13185943489534 1477
13190943595993 1629
13195943695395 1315
13200943808967 1434
13205943905459 1389
13210944021659 1044
13215944116931 1637
13220944242938 1427
13225944341822 1265
13230944440843 1286
13235944555004 1872
13240944661102 1384
13245944777836 1407
13250944881297 1912
13255944977461 1413
13260945088396 1467
13265945200465 1435
13270945320345 1274
13275945419461 1423
13280945520357 1559
13285945622382 1328
13290945762197 1375
13295945867862 1433
13300945965389 1123
13305946072875 1432
13310946171293 1884
13315946273060 1192
13320946370486 1485
13325946497839 1525
13330946598263 1191
13335946695741 1867
13340946829947 1366
13345946927834 1533
13350947026823 1805
13355947122235 1199
13360947224803 1527
13365947322909 1857
13370947454824 1249
13375947551227 1396
13380947650785 1600
13385947779095 1103
13390947876475 1403
13395947971219 1437
13400948082811 1155
13405948181607 1327
13410948276215 1414
13415948375005 1322
13420948480327 1148
13425948585660 1375
13430948710738 1456
13435948811157 1181
13440948907449 1362
13445949032634 1407
13450949126024 1026
13455949225287 1794
13460949325129 1396
13465949425064 1285
13470949526356 1639
13475949623227 1423
13480949720189 1076
13485949814510 1483
13490949937375 1425
13495950037758 1362
13500950152948 1449
13505950250530 1546
13510950372141 1153
13515950499401 1518
13520950599588 1440
13525950696101 1065
13530950794183 1374
13535950891427 1464
13540950998280 1282
13545951098804 1688
13550951200245 1381
13555951298043 1146
13560951399355 1437
13565951506245 1597
13570952546412 1250
13575952643915 1457
13580952748555 1809
13585952875095 1147
13590952972025 1340
13595953091612 1416
13600953220495 1240
13605953345323 1298
13610953444465 1429
13615953543133 1348
13620953641809 1403
13625953770927 1409
13630953879062 1388
13635953972961 1374
13640954070590 1378
13645954166797 1415
13650954264609 926
13655954362139 1394
13660954459931 1414
13665954555936 1138
13670954651755 1467
13675954751519 1569
13680954865471 1219
13685954983938 1414
13690955092938 1780
13695955203334 1136
13700955328772 1422
13705955429833 1360
13710955533821 1132
13715955638710 1347
13720955739517 1399
13725955837905 1333
13730955937181 1351
13735956023954 1406
13740956112997 1583
13745956205866 1363
13750956298199 1414
13755956404196 1417
13760956500982 1120
13765956597445 1523
13770956700067 1401
13775956794120 1560
13780956909160 1623
13785957033230 1326
13790957129645 1254
13795957230327 1473
13800957331115 1412
13805957429850 1391
13810957539544 1427
13815957657720 1360
13820957759634 1094
13825957893488 1734
13830957989120 1402
13835958084641 1262
13840958186349 1684
13845958287564 1397
13850958390145 1390
13855958489611 1538
13860958589554 1311
13865958717198 1112
13870958813014 1584
13875958917495 1406
13880959016696 1117
13885959120129 1379
13890959217355 1401
13895959312073 1196
13900959444673 1362
13905959546464 1571
13910959645874 1105
13915959759713 1764
13920959860164 1385
13925959961620 1218
13930960093813 1489
13935960201707 1578
13940960308318 1325
13945960419736 1607
13950960518995 1716
13955960644283 1493
13960960741047 1362
13965960847442 1444
13970960954848 1032
13975961056259 1405
13980961152069 1413
13985961249094 1146
13990961345799 1418
13995961458700 1431
14000961558173 1184
14005961654292 1278
14010961754447 1572
14015961881763 1189
14020961983916 1315
14025962079324 1559
14030962196233 1248
14035962302990 1120
14040962408133 1478
14045962561485 1519
14050962664593 1124
14055962759237 1423
14060962865023 1390
14065962972939 1103
14070963080822 1387
14075963178204 1608
14080963272296 1139
14085963366518 1480
14090963491066 1454
14095963589881 1159
14100963684774 1488
14105963779477 1475
14110963876450 1222
14115963973081 1352
14120964079772 1376
14125964202909 1284
14130964323161 1072
14135964424167 1555
14140964517303 1522
14145964615466 1319
14150964725495 1413
14155964818809 1392
14160964929959 1131
14165965029707 1831
14170965154103 1359
14175965249139 1057
14180965345012 1407
14185965462507 1516
14190965558750 1234
14195965673997 1381
14200965772530 1598
14205965870823 1179
14210965969631 1396
14215966065323 1582
14220966166706 1162
14225966263488 1365
14230966367948 1694
14235966495165 1094
14240966593725 1367
14245966690494 1489
14250966791362 1306
14255966925752 1674
14260967052704 1407
14265967146463 1037
14270967237002 1263
14275967330431 1381
14280967452622 1236
14285967549069 1162
14290967647383 1395
14295967742489 1741
14300967838801 1293
14305967941914 1503
14310968040422 1358
14315968132622 1242
14320968238719 1403
14325968335474 1449
14330968432459 1163
14335968525385 1483
14340968618258 1502
14345968714681 1240
14350968807819 1476
14355968905633 1593
14360969004647 1106
14365969104304 1672
14370969231177 1525
14375969324544 1069
14380969422725 1441
14385969527090 1505
14390969626251 1018
14395969724536 1406
14400969838029 1437
14405969937562 1066
14410970045694 1405
14415970138512 1418
14420970230044 1647
14425970321434 1722
14430970420975 1468
14435970517684 1203
14440970643773 1428
14445970742933 1425
14450970855092 1223
14455970948441 1393
14460971043562 1408
14465971137953 1143
14470971235243 1363
14475971332074 1677
14480971427056 1237
14485971541645 1496
14490971641844 1353
