5004096973242 1469
5009097091542 1396
5014097240732 1374
5019097391432 1292
5024097492248 1520
5029097621078 1445
5034097736973 1325
5039097874355 1379
5044097999149 1351
5049098147559 1332
5054098275453 1298
5059098445889 1409
5064098586781 1119
5069098719630 1309
5074098847515 1467
5079098954389 1212
5084099078599 1949
5089099172843 903
5094099269205 1200
5099099390138 1270
5104099489451 1158
5109099616282 1224
5114099712499 1515
5119099794549 977
5124099892449 1390
5129100036327 1241
5134100166109 1378
5139100277050 1385
5144100394766 1614
5149100538326 1056
5154100657750 1194
5159100769021 1655
5164100874521 1281
5169100995962 1554
5174101134466 1513
5179101264779 1275
5184101429892 1251
5189101541239 1374
5194101661961 1192
5199101795164 1441
5204101927540 932
5209102061149 1115
5214102175198 1304
5219102274078 1203
5224102400923 1055
5229102499302 1291
5234102639678 1229
5239102776754 1442
5244102877384 1034
5249103019516 1408
5254103130881 1598
5259103237690 1528
5264103346345 1178
5269103469667 1484
5274103580351 1211
5279103686422 1274
5284103816027 1411
5289103945443 1241
5294104068790 1387
5299104177852 1598
5304104284546 1042
5309104390739 1290
5314104489097 1452
5319104601997 1113
5324104729080 1341
5329104842943 1591
5334104958662 728
5339105059425 1231
5344105159252 1317
5349105263977 1156
5354105380416 1224
5359105507259 1366
5364105603727 783
5369105740456 1267
5374105860477 1463
5379105996405 1175
5384106093394 1297
5389106207018 1151
5394106302308 763
5399106398903 1479
5404106514652 1255
5409106616133 1201
5414106714220 1337
5419106814099 1216
5424106906400 813
5429107031584 1695
5434107136956 1199
5439107276949 1565
5444107403352 1544
5449107519924 1032
5454107645496 1016
5459107758606 1366
5464107850409 1080
5469107945060 1246
5474108041856 1456
5479108155277 1093
5484108284208 1066
5489108412630 1296
5494108536798 776
5499108666225 1063
5504108805699 726
5509108918282 422
5514109035553 382
5519109163421 0
5524109246475 0
5529109365719 0
5534109488668 1
5539109602842 0
5544109722303 2
5549109847630 5
5554109975425 5
5559110104561 450
5564110226106 497
5569110327563 221
5574110457839 272
5579110593850 0
5584110738230 0
5589110846048 1
5594110981531 0
5599111113284 127
5604111244315 246
5609111367853 0
5614111458606 0
5619111557958 4
5624111659252 0
5629111781903 142
5634111907750 514
5639112040734 5
5644112170816 0
5649112291742 0
5654112419058 322
5659112560029 352
5664112692318 478
5669112827387 3
5674112944739 0
5679113060811 0
5684113140072 0
5689113235166 550
5694113370452 988
5699113501224 113
5704113633911 0
5709113743408 6
5714113868841 800
5719114005450 1408
5724114118876 1572
5729114221935 221
5734114362706 555
5739114501649 1152
5744114651711 1378
5749114786108 1181
5754114901631 1320
5759115020134 948
5764115127662 1243
5769115275716 1216
5774115378262 1125
5779115511870 1367
5784115608123 1197
5789115698320 740
5794115826506 1474
5799115932470 1265
5804116034448 1341
5809116136685 1240
5814116264445 1188
5819116381117 709
5824116474473 1596
5829116598332 1030
5834116703081 1349
5839116816607 1284
5844116937651 1074
5849117033824 1090
5854117173300 1334
5859117308135 1184
5864117423208 1251
5869117524903 1259
5874117642815 1176
5879117740489 1078
5884117840315 1456
5889117958863 1145
5894118083506 1424
5899118216949 1257
5904118317969 1081
5909118441518 827
5914118536525 1675
5919118660114 960
5924118770281 1369
5929118866979 1157
5934118963149 1131
5939119105286 758
5944119228882 1146
5949119365233 1132
5954119462624 1106
5959119587802 1278
5964119711977 1123
5969119835001 893
5974119928357 1216
5979120052804 1263
5984120169206 1403
5989120267914 1592
5994120364388 1013
5999120480029 1176
6004120576772 1097
6009120689681 1114
6014120815092 1282
6019120913907 1281
6024121007813 1113
6029121100124 1445
6034121195018 748
6039121319036 1042
6044121443169 1371
6049121554989 1201
6054121652536 1165
6059121780056 1060
6064121898516 740
6069122013585 1278
6074122148443 1168
6079122278381 1405
6084122382436 1258
6089122508241 1090
6094122606550 489
6099122721650 1543
6104122821801 1028
6109122933984 1331
6114123061130 1405
6119123159462 1255
6124123259619 728
6129123389876 1151
6134123483624 1265
6139123581850 1406
6144123676777 1433
6149123771977 1109
6154123886705 781
6159124021597 1207
6164124137561 1275
6169124277843 1343
6174124371229 1276
6179124483812 1209
6184124606378 724
6189124710826 1492
6194124820291 1168
6199124923649 1513
6204125044962 1321
6209125172389 1158
6214125308029 679
6219125415823 476
6224125545763 711
6229125680307 793
6234125819152 579
6239125938778 686
6244126040669 466
6249126197072 0
6254126293455 0
6259126408343 0
6264126532532 0
6269126660024 0
6274126777742 0
6279126914394 304
6284127044809 584
6289127172338 312
6294127284122 452
6299127416549 347
6304127547244 311
6309127676862 0
6314127778521 0
6319127855815 0
6324127933223 0
6329128063764 0
6334128162675 0
6339128296219 0
6344128430089 0
6349128536953 486
6354128640432 446
6359128766512 312
6364128879041 264
6369129003308 0
6374129107179 0
6379129209097 0
6384129307847 0
6389129410847 0
6394129495056 0
6399129575170 0
6404129705681 0
6409129848105 345
6414129963625 332
6419130091973 392
6424130204535 219
6429130339575 0
6434130437847 0
6439130547670 0
6444130644492 0
6449130753350 0
6454130830790 0
6459130910622 0
6464131042111 0
6469131172507 0
6474131275320 0
6479131399385 272
6484131503817 258
6489131603597 8
6494131734895 0
6499131859571 0
6504131983109 0
6509132096240 0
6514132216681 0
6519132299964 0
6524132423544 0
6529132530796 355
6534132664164 219
6539132793029 242
6544132919297 374
6549133062663 70
6554133178486 0
6559133301572 0
6564133426148 0
6569133544728 0
6574133618056 5
6579133694226 0
6584133795676 0
6589133923432 7
6594134017113 0
6599134141390 0
6604134240255 0
6609134323333 0
6614134443093 118
6619134585868 326
6624134688510 372
6629134819991 395
6634134922683 413
6639135026407 85
6644135162254 4
6649135287573 0
6654135407242 0
6659135503027 0
6664135590792 0
6669135681986 0
6674135801746 7
6679135927599 0
6684136040933 0
6689136157403 1
6694136286900 452
6699136420433 399
6704136522664 217
6709136660741 0
6714136748798 1
6719136865815 0
6724136937878 0
6729137060762 0
6734137169542 0
6739137255103 0
6744137379045 0
6749137497212 205
6754137590987 502
6759137685340 552
6764137812286 171
6769137954505 0
6774138043657 0
6779138161789 0
6784138268391 0
6789138402806 0
6794138484674 0
6799138622458 0
