14513062952689 701
14518063108935 11442
14523063249610 26660
14528063362768 26704
14533063455110 27116
14538063563278 26085
14543063653455 26589
14548063752038 27284
14553063850189 27885
14558063954481 27807
14563064053790 26996
14568064142515 26617
14573064252153 27751
14578064343051 26618
14583064439867 26111
14588064527432 26347
14593064634101 27119
14598064733468 26274
14603064831848 26038
14608064925705 26368
14613065031446 26213
14618065122922 26807
14623065225613 26051
14628065329561 25972
14633065437530 27470
14638065532638 26414
14643065636238 27274
14648065728831 27203
14653065823260 25997
14658065917290 26281
14663066005500 27607
14668066095795 26250
14673066184315 26440
14678066280653 26698
14683066370593 26751
14688066465498 26573
14693066559019 27062
14698066686756 26982
14703066781512 25525
14708066871742 26534
14713066967051 25552
14718067060413 26547
14723067169578 25959
14728067264374 26184
14733067364505 26314
14738067453885 26268
14743067535782 26792
14748067632739 26696
14753067719810 26312
14758067850099 26202
14763067934204 26453
14768068014758 26299
14773068110340 26425
14778068207320 27262
14783068293439 25821
14788068387298 26097
14793068477693 26226
14798068572745 26554
14803068660384 26527
14808068774625 25725
14813068860740 26365
14818068959310 27106
14823069045436 26744
14828069117228 26002
14833069202639 26388
14838069293477 27638
14843069413934 27258
14848069497429 25563
14853069590890 26230
14858069680363 26516
14863069795992 27101
14868069895274 27067
14873069976002 26262
14878070055142 25773
14883070145853 26113
14888070255488 26287
14893070343895 25669
14898070428116 25943
14903070516279 26402
14908070604980 26222
14913070701411 26798
14918070808176 26305
14923070896382 26891
14928070977540 26348
14933071075020 26704
14938071162101 26100
14943071254259 25998
14948071344556 26668
14953071432740 26283
14958071533489 26005
14963071626177 26374
14968071732558 26844
14973071826796 26693
14978071918394 26617
14983071999289 26319
14988072095287 26018
14993072183358 26225
14998072275812 26252
15003072363969 26316
15008072452016 27071
15013072542629 25963
15018072649413 26582
15023072754591 26659
15028072843412 26582
15033072949848 25824
15038073033972 25967
15043073120857 25933
15048073206590 26234
15053073309771 25627
15058073394374 26158
15063073489115 26894
15068073614443 26797
15073073704729 27726
15078073791370 26156
15083073903913 26984
15088073981952 26151
15093074060268 26162
15098074150554 26148
15103074234837 25844
15108074329184 26539
15113074439234 26594
15118074538066 26778
15123074652998 26300
15128074741146 26012
15133074832600 26014
15138074929807 25641
15143075026170 26366
15148075133112 25456
15153075220177 26029
15158075307386 26963
15163075395709 26485
15168075483781 26746
15173075572155 26148
15178075664421 27023
15183075750730 26552
15188075853134 26807
15193075946384 25737
15198076022832 26337
15203076127672 26169
15208076223995 26379
15213076307248 25761
15218076405494 26432
15223076492507 26052
15228076612375 25387
15233076717527 27371
15238076841116 25704
15243076927094 27138
15248077022240 25963
15253077110910 26295
15258077211821 26161
15263077316070 26009
15268077418328 26539
15273077500875 26583
15278077592604 25759
15283077676624 26107
15288077756947 25952
15293077860369 26627
15298077982670 26618
15303078074859 25476
15308078162095 26580
15313078245384 25980
15318078329828 26764
15323078425178 26150
15328078553393 26267
15333078642881 26837
15338078729489 27369
15343078830901 26099
15348078925053 26062
15353079019508 26331
15358079109791 25678
15363079214159 26274
15368079299857 26609
15373079398217 26701
15378079484057 25725
15383079573055 26757
15388079653409 27209
15393079735613 26678
15398079845405 25756
15403079971368 26905
15408080083001 26130
15413080174155 25917
15418080266963 25722
15423080357591 26702
15428080459345 26763
15433080545176 25918
15438080627943 26232
15443080714224 26209
15448080828149 25760
15453080915259 26640
15458080996682 26054
15463081086802 26806
15468081171775 26114
15473081270512 26585
15478081360418 26197
15483081449853 26482
15488081537792 25825
15493081622597 27321
15498081713529 25815
15503081797428 26183
15508081885400 26867
15513081996606 26547
15518082088504 26192
15523082177656 27172
15528082282418 26385
15533082371040 26206
15538082465097 25977
15543082551437 26969
15548082634870 26701
15553082755600 25831
15558082845323 26864
15563082940936 25406
15568083036268 26092
15573083115726 26124
15578083231133 26967
15583083320939 25721
15588083442748 25870
15593083542635 27288
15598083637283 25430
15603083731195 27379
15608083819439 26119
15613083928729 26652
15618084015839 26233
15623084102239 25867
15628084185776 26488
15633084297524 26706
15638084398188 26156
15643084499683 25920
15648084589441 26263
15653084680589 26073
15658084770607 26130
15663084857791 26558
15668084941730 27285
15673085025391 27099
15678085142587 26336
15683085228141 26093
15688085341296 26309
15693085437961 26595
15698085527383 26114
15703085610333 26488
15708085702461 25706
15713085797742 25898
15718085887143 26349
15723085973175 26174
15728086058994 26479
15733086148046 26169
15738086228364 27451
15743086365935 26279
15748086458634 26455
15753086544678 26568
15758086626371 25901
15763086725838 26253
15768086817730 26475
15773086912942 26284
15778087016510 26536
15783087105481 25836
15788087203909 25991
15793087290171 26044
15798087386067 26754
15803087473017 26494
15808087568338 26438
15813087667732 26111
15818087772694 26418
15823087853634 26666
15828087952727 26700
15833088052224 25975
15838088140736 26104
15843088231461 26926
15848088324858 26201
15853088413798 26661
15858088525082 26086
15863088596895 26197
15868088686893 26415
15873088770860 26844
15878088854895 26090
15883088948009 25955
15888089039714 27279
15893089129984 26326
15898089246515 26139
15903089336133 25455
15908089441982 26276
15913089530631 26504
15918089615591 26190
15923089699030 25449
15928089793373 26181
15933089880243 26263
15938089982581 26337
15943090073780 25641
15948090150273 26095
15953090232231 25745
15958090332673 27100
15963090420041 26693
15968090516192 26058
15973090599701 26177
15978090688531 25567
15983090784415 27155
15988090878720 26284
15993090967672 25828
15998091070310 26258
16003091177450 25362
16008091269543 25150
16013091364044 26317
16018091481910 26601
16023091593855 26446
16028091683417 26733
16033091785231 25811
16038091867014 26010
16043091958008 26433
16048092034964 26987
16053092128560 27450
16058092227909 26129
16063092320003 26098
16068092409728 26710
16073092497853 25792
16078092589058 26167
16083092690591 26617
16088092782016 26488
16093092873701 26939
16098092963331 25485
16103093053726 26954
16108093140742 26197
16113093235038 26158
16118093328760 26257
16123093439103 26369
16128093521854 26334
16133093608681 25665
16138093697823 26631
16143093789806 26948
16148093881250 25627
16153093968125 26131
16158094069560 26229
16163094163821 26919
16168094251855 25968
16173094340969 25952
16178094430769 26749
16183094524040 25948
16188094616666 26230
16193094709962 26287
16198094808770 26473
16203094900218 26867
16208094987548 26228
16213095085079 26146
16218095175888 26281
16223095269748 26829
16228095356354 25865
16233095453224 26177
16238095539861 25801
16243095650863 26350
16248095736660 26309
16253095841193 25342
16258095933904 26729
16263096015670 26191
16268096110385 26522
16273096207957 25745
16278096300665 26560
16283096395640 24911
16288096479837 26812
16293096580519 26982
16298096692710 26547
16303096810561 25739
16308096918195 25479
