6843242009099 35
6848242096365 49
6853242215994 60
6858242297810 69
6863242367353 79
6868242439222 92
6873242538920 99
6878242618422 102
6883242695071 111
6888242772632 122
6893242887065 128
6898242964733 131
6903243029770 143
6908243101335 146
6913243223324 159
6918243320173 176
6923243398922 178
6928243466618 185
6933243588562 187
6938243675721 196
6943243758833 206
6948243835874 206
6953243946260 227
6958244039222 224
6963244106393 238
6968244161079 245
6973244275277 250
6978244350353 256
6983244422519 247
6988244496019 263
6993244615786 264
6998244697144 269
7003244768828 283
7008244844713 286
7013244951685 291
7018245036346 284
7023245103679 293
7028245167294 298
7033245283187 311
7038245369188 298
7043245444141 306
7048245507608 313
7053245614631 332
7058245701983 328
7063245770108 323
7068245837204 328
7073245945038 330
7078246023843 334
7083246089228 337
7088246151556 344
7093246251678 347
7098246334596 342
7103246404483 361
7108246464793 347
7113246564415 359
7118246634646 353
7123246752696 368
7128246824241 352
7133246938491 370
7138247016644 362
7143247088758 389
7148248163380 359
7153248268278 377
7158248365113 363
7163248427152 383
7168248494847 372
7173248602107 384
7178248681625 399
7183248749543 395
7188248817996 387
7193248928139 382
7198249003857 395
7203249075840 399
7208249149939 397
7213249248312 408
7218249327843 400
7223249388049 410
7228249449314 415
7233249556492 428
7238249626933 410
7243249694928 422
7248249766072 405
7253249873666 407
7258249948836 412
7263250027119 416
7268250091386 426
7273250200703 423
7278250298960 423
7283250377406 426
7288250475965 442
7293250580034 433
7298250674673 453
7303250774078 450
7308250834844 452
7313250942348 451
7318251023045 461
7323251117320 458
7328251221312 470
7333251322023 473
7338251420626 482
7343251521840 466
7348251585498 474
7353251689641 471
7358251785446 506
7363251854264 486
7368251946013 465
7373252059412 489
7378252161917 494
7383252275762 519
7388252372784 485
7393252476519 534
7398252560871 505
7403252627430 499
7408252711365 501
7413252817610 526
7418252914513 521
7423253033371 555
7428253105941 544
7433253209943 515
7438253288212 543
7443253366828 529
7448253441200 550
7453253562415 537
7458253634690 553
7463253701892 554
7468253773740 559
7473253880065 563
7478253958347 575
7483254026574 578
7488254099296 604
7493254212295 586
7498254292605 557
7503254381702 578
7508254462635 594
7513254570069 612
7518254652902 607
7523254725956 625
7528254799423 623
7533254906912 624
7538254986094 623
7543255058203 633
7548255124406 632
7553255232037 638
7558255313033 673
7563255386893 636
7568255464542 673
7573255571600 664
7578255650450 685
7583255716215 698
7588255785034 693
7593255892357 721
7598255970702 734
7603256042539 704
7608256109742 746
7613256214690 723
7618256262712 732
7623256309281 769
7628256374520 753
7633256486328 752
7638256577755 770
7643256646696 779
7648256715848 777
7653256821217 766
7658256898945 803
7663256966281 780
7668257034568 838
7673257141125 845
7678257224944 806
7683257294817 877
7688257365922 799
7693257465595 848
7698257545144 841
7703257616973 902
7708257686023 866
7713257789195 880
7718257869852 863
7723257939011 913
7728258005585 972
7733258113011 985
7738258190053 967
7743258269939 1019
7748258345957 993
7753258448907 1042
7758258533193 1048
7763258619346 1049
7768258690334 1063
7773258800849 1031
7778258885122 1065
7783258958603 1123
7788259032351 1092
7793259142505 1214
7798259222917 1141
7803259286247 1191
7808259362003 1174
7813259468939 1156
7818259544460 1173
7823259610458 1223
7828259678739 1311
7833259783146 1262
7838259863212 1314
7843259934698 1333
7848260044301 1301
7853260121362 1389
7858260204416 1394
7863260259005 1339
7868260343977 1429
7873260471533 1481
7878260558198 1452
7883260630931 1497
7888260704689 1541
7893260815610 1580
7898260893834 1746
7903260965464 1672
7908261035684 1759
7913261142664 1745
7918261228441 1687
7923261291538 1838
7928261380712 1908
7933261488423 1990
7938261570744 2013
7943261643668 1993
7948261718361 1937
7953261825084 2071
7958261905591 2198
7963261976250 2232
7968262047151 2280
7973262159033 2423
7978262237251 2458
7983262316537 2477
7988262368084 2666
7993262469944 2676
7998262551789 2685
8003262615680 2758
8008262686662 2898
8013262794341 2968
8018262874982 3113
8023262996168 3109
8028263035300 3383
8033263144363 3411
8038263222863 3639
8043263301891 3616
8048263377435 3925
8053263486444 3932
8058263572538 4045
8063263637011 4320
8068263746034 4548
8073263863904 4679
8078263971307 4875
8083264113118 5116
8088264185177 5348
8093264282170 5701
8098264398801 5743
8103264539387 5653
8108264648617 5842
8113264774163 5986
8118264881208 6250
8123265003142 6218
8128265104416 6359
8133265249375 6357
8138265341455 6276
8143265444603 6284
8148265574565 6328
8153265666192 6290
8158265733724 6354
8163265838297 6354
8168265957633 6378
8173266063595 6350
8178266163403 6410
8183266241090 6451
8188266354502 6372
8193266455246 6175
8198266566723 6248
8203266669220 6078
8208266775566 6184
8213266896743 6257
8218266959168 6206
8223267076625 6213
8228267180925 6251
8233267323764 6133
8238267448192 6248
8243267515426 6078
8248267614618 6336
8253267736896 6389
8258267839893 6399
8263267902567 6338
8268267984800 6109
8273268113194 6105
8278268205012 6079
8283268309231 6248
8288268438697 6375
8293268539418 6102
8298268655920 6133
8303268717806 6181
8308268818131 6312
8313268949821 6425
8318269090922 6242
8323269205623 6297
8328269303936 6148
8333269451386 6117
8338269580709 6064
8343269702829 6127
8348269835144 6209
8353269929687 6313
8358270052620 6215
8363270191457 6180
8368270318040 6360
8373270422765 6225
8378270518359 6336
8383270615251 6335
8388270733419 6430
8393270868394 6317
8398270995100 6153
8403271083969 6046
8408271217509 6156
8413271338518 6292
8418271428252 6320
8423271522029 6392
8428271617673 6297
8433271764526 6233
8438271896726 6157
8443272022985 5753
8448272115086 6346
8453272211445 6326
8458272319409 6335
8463272415989 6143
8468272506954 6214
8473272602543 6428
8478272748399 6489
8483272869361 6259
8488272987120 6458
8493273084871 6408
8498273208221 6260
8503273332830 6439
8508273456907 6334
8513273571658 6452
8518273711998 6482
8523273823286 6443
8528273956225 6368
8533274068572 6496
8538274174286 6333
8543274316451 5981
8548274415654 6372
8553274568885 6452
8558274676377 6414
8563274793475 6032
8568274888991 5999
8573275011465 6166
8578275119062 6119
8583275276142 6058
8588275416368 6278
8593275531192 6262
8598275660633 6063
8603275790090 6239
8608275916426 6106
8613276019385 5973
8618276121522 6233
8623276244845 6142
8628276360178 5761
8633276457985 6201
8638276590300 6240
