278445232903507 4286
278450233018626 3303
278455233097938 3799
278460233182930 2757
278465233274031 4039
278470233361506 1922
278475233441010 3135
278480233510669 2222
278485233607293 2664
278490233686058 2790
278495233768785 2236
278500233853490 2976
278505233936362 1856
278510233993424 2787
278515234086438 1975
278520234178457 2526
278525234266545 2482
278530234370684 1995
278535234461409 2848
278540234548320 1967
278545234635295 1796
278550234717535 2412
278555234776490 1880
278560234857298 2862
278565234939683 1998
278570235027290 2751
278575235084496 1906
278580235165796 2021
278585235237074 2458
278590235292958 1960
278595235350803 1861
278600235430622 1973
278605235526725 1841
278610235603555 2447
278615235683679 2064
278620235771577 2041
278625235855165 2027
278630235914337 2055
278635235970654 1824
278640236045309 2036
278645236090374 1876
278650236153399 1945
278655236233380 1938
278660236297484 1956
278665236356366 1907
278670236431783 2255
278675236512652 2025
278680236596029 1881
278685236678019 2065
278690236756986 2539
278695236843819 2091
278700236934082 2041
278705236991290 1894
278710237038258 1998
278715237093476 1976
278720237171645 1968
278725237250288 1853
278730237332896 1933
278735237401060 2100
278740237470887 1872
278745237549974 2182
278750237627878 1872
278755237701590 2036
278760237787514 2056
278765238372911 2060
278770238453516 2021
278775238535777 2083
278780238611947 1948
278785238679740 2001
278790238766091 1929
278795238855242 1940
278800238927422 2051
278805238992652 1941
278810239066988 2075
278815239151421 1871
278820239239736 2043
278825239328666 1860
278830239384368 1879
278835239437680 1917
278840239509743 1906
278845239552885 2063
278850239593732 1889
278855239667807 1991
278860239749692 2026
278865239822794 2071
278870239875969 1888
278875239950218 1881
278880240022373 2097
278885240108773 2016
278890240180671 1992
278895240251106 1982
278900240329344 1962
278905240406334 1947
278910240464361 2094
278915240544890 1962
278920240620526 2029
278925240679588 1780
278930240763228 2005
278935240834984 2009
278940240915916 1941
278945241000019 1935
278950241056522 1861
278955241121922 1936
278960241187457 1909
278965241243050 1922
278970241298708 2047
278975241370895 1947
278980241450749 2011
278985241516194 1882
278990241576376 2088
278995241654339 1968
279000241730938 2049
279005241816226 1876
279010241903495 2083
279015241990465 2000
279020242071152 2070
279025242166658 1958
279030242252315 1932
279035242328850 2033
279040242418511 1924
279045242503336 2000
279050242585335 1868
279055242659651 2017
279060242733374 1908
279065242810761 2062
279070242869025 2016
279075242955963 1973
279080243032486 1892
279085243089333 1878
279090243135534 1979
279095243713930 1999
279100243790821 1955
279105243875920 1866
279110243950350 1970
279115244030702 2043
279120244108401 1905
279125244154788 1972
279130244216116 1921
279135244294089 1928
279140244376544 1930
279145244467991 2012
279150244544625 1883
279155244622514 1821
279160244700022 1966
279165244782730 1978
279170244825135 2029
279175244900220 1944
279180244974545 1907
279185245042517 2033
279190245131428 1935
279195245210815 1883
279200245296054 1903
279205245381504 1943
279210245460104 2036
279215245538535 2001
279220245609412 1944
279225245639412 1926
279230245697707 2001
279235245768446 2060
279240245851928 2179
279245245937170 1901
279250246008256 2045
279255246064774 1903
279260246141855 1952
279265246213028 1899
279270246275557 1958
279275246330176 1999
279280246409737 1915
279285246489643 2059
279290246533781 1890
279295246618468 1815
279300246699839 1929
279305246782009 1870
279310246840968 1896
279315246916269 1957
279320246996794 1930
279325247071038 1912
279330247154249 1885
279335247235756 2018
279340247322735 1974
279345247401439 2038
279350247471506 1955
279355247555254 1975
279360247642931 1832
279365247725072 2146
279370247806381 1940
279375247894549 2081
279380247988033 1917
279385248072772 2072
279390248152365 2045
279395248237871 1911
279400248313906 1901
279405248390658 1805
279410248477584 1956
279415248564710 1956
279420248643289 1998
279425248710857 1995
279430248796144 1989
279435248878267 1890
279440248966041 2006
279445249056755 1975
279450249141728 1878
279455249218921 1970
279460249307996 1907
279465249394501 1919
279470249481241 2134
279475249559522 1915
279480249639851 2084
279485249724600 1877
279490249786969 1970
279495249869565 2009
279500249954395 2061
279505250036313 1918
279510250122605 2010
279515250206165 1927
279520250278929 2001
279525250351696 2053
279530250440172 1872
279535250526259 2087
279540250610638 1876
279545250696099 1982
279550250771241 1938
279555250847461 1998
279560250931108 1936
279565251013903 1885
279570251096149 1958
279575251180258 2028
279580251259508 2176
279585251341607 1903
279590251426606 2031
279595251512514 1967
279600251592158 2077
279605251671581 1983
279610251753413 1865
279615251826584 1967
279620251906047 1821
279625251985913 2135
279630252046645 1870
279635252101251 2011
279640252177606 1908
279645252252651 1998
279650252349271 2007
279655252394892 2053
279660252517472 1999
279665252618114 1897
279670253227348 1971
279675253319503 1924
279680253387137 2066
279685253467225 1931
279690253540541 1978
279695253606051 1867
279700253673529 1982
279705253740349 1981
279710253791990 1922
279715253866733 2114
279720253943044 1976
279725254038456 2011
279730254113237 1868
279735254195775 2168
279740254281689 1978
279745254365641 2148
279750254440149 1945
279755254513571 1983
279760254593037 2021
279765254672591 2142
279770254762247 1904
279775254829275 2098
279780254905540 1880
279785254964483 2056
279790255046553 1956
279795255105342 1918
279800255171789 2039
279805255217028 2085
279810255300784 2092
279815255373633 1978
279820255461730 2071
279825255538593 2087
279830255592431 1990
279835255677603 1942
279840255748635 2072
279845255818498 1834
279850255888085 2092
279855255943333 1876
279860256040471 1918
279865256106435 1948
279870256155007 1999
279875256246648 2041
279880256315140 2052
279885256378584 1951
279890256446706 1939
279895256518846 1956
279900256603650 1925
279905256677396 1993
279910256756714 1896
279915256835803 2073
279920256906428 1969
279925256964035 1943
279930257005203 2009
279935257080481 1846
279940257152232 2096
279945257230878 1948
279950257316557 2013
279955257395753 1999
279960257476141 2015
279965257557158 1967
279970257643133 2133
279975257717382 2029
279980257796040 1965
279985257879857 1937
279990257963210 1860
279995258046353 1932
280000258128924 1927
280005258205218 2087
280010258285473 1978
280015258362471 2084
280020258444934 1954
280025258518048 2039
280030258583643 1907
280035258669274 2124
280040258753380 2054
280045258830558 1986
280050258909667 2014
280055258973752 2078
280060259043224 1992
280065259125811 2050
280070259208854 1946
280075259274190 2007
280080259354684 2009
280085259434802 1857
280090259519813 2048
280095259598525 1895
280100259678214 1997
280105259754814 1895
280110259827902 1936
280115259895857 1997
280120259965856 1917
280125260026984 1922
280130260069257 1843
280135260142349 2039
280140260232805 2010
280145260309694 2084
280150260392829 1924
280155260460506 2018
280160260532731 1970
280165260603497 1809
280170260649556 2044
280175260705983 1757
280180260767782 1924
280185260809407 2003
280190260864258 1903
280195260931497 1944
280200261008920 2025
280205261084861 2068
280210261167985 1938
280215261250295 1965
280220261323524 1925
280225261415304 1849
280230261478711 2058
280235261552670 1807
280240261634282 2124
280245261704616 1962
280250261762792 1985
280255261818293 1895
280260261887232 1967
280265261965340 1925
280270262044541 1997
280275262126141 2161
280280262204113 1953
280285262282805 2013
280290262367513 1863
280295262440366 1888
280300262574288 1886
280305262658289 2072
280310262737115 2041
280315262819906 2083
280320262892792 1977
280325262954590 1937
280330263003129 1929
280335263057568 1870
280340263140646 2035
280345263215111 1916
280350263298345 2201
280355263370260 1834
280360263450496 2144
280365263528175 1940
280370263613153 1948
280375263679272 1964
280380263753085 1963
280385263841467 1955
280390263924336 1903
280395263998006 2036
280400264086808 1921
280405264168900 2066
280410264246878 1947
280415264334491 2073
280420264408931 1940
280425264490692 2016
280430264566302 1989
280435264657585 2010
280440264743286 2076
280445264838971 1866
280450264922313 2005
280455264990231 1957
280460265063345 2165
280465265146542 1964
280470265226141 2049
280475265285789 1956
280480265356312 1897
280485265428925 1989
280490265504966 1910
280495265600796 2036
280500265672202 2102
280505265753808 2012
280510265833872 1876
280515265907559 2062
280520265990887 1931
280525266070960 1979
280530266142705 1995
280535266219085 2000
280540266295364 1892
280545266401167 2071
280550266469002 1934
280555266550734 1941
280560266626254 2016
280565266715149 1871
280570266774762 2067
280575266851253 2041
280580266929040 2064
280585267006611 1879
280590267062943 1990
280595267130991 1828
280600267213780 1948
280605267286768 2104
280610267342239 1883
280615267426117 2051
280620267513214 1972
280625267596543 1987
280630267678328 1922
280635267774937 1978
280640267862711 1893
280645267943362 2150
280650268028287 1924
280655268114508 1954
280660268196624 2048
280665268282944 1829
280670268357545 2022
280675268407861 1826
280680268480060 2037
280685268518339 1976
280690268556826 2036
280695268630205 1949
280700268712153 1872
280705268783599 1958
280710268865191 1916
280715268921861 1994
280720268994198 1956
280725269043160 1996
280730269119833 1968
280735269182660 1860
280740269242024 2000
280745269315499 1862
280750269402774 1946
280755269487752 1922
280760269572849 2097
280765269642093 1939
280770269716272 1932
280775269785245 1917
280780269875509 1819
280785269952691 2035
280790270036110 1897
280795270124052 1939
280800270217527 1975
280805270296396 1934
280810270380721 2082
280815270464715 1821
280820270539124 1924
280825270625603 1921
280830270666500 1932
280835270751155 2063
280840270835618 1904
280845270894550 2032
280850270948388 1835
280855271030908 1975
280860271120486 1922
280865271204916 1972
280870271270778 1969
280875271350740 2028
280880271424172 1860
280885271502252 1879
280890271585840 2215
280895271667193 1941
280900271750549 2021
280905271828895 1765
280910271894464 2000
280915271965655 2129
280920272038409 1943
280925272118056 1896
280930272197337 1851
280935272281852 2200
280940272354771 1831
280945272424310 1937
280950272510215 1900
280955272592047 1988
280960272677483 1930
280965272761006 1878
280970272838378 2046
280975272926193 2068
280980273008209 2019
280985273098373 1836
280990273181312 2039
280995273261746 1993
281000273392540 2077
281005273459865 1934
281010273530276 1993
281015273603887 1911
281020273677748 1890
281025273749560 1892
281030273808678 1940
281035273873219 1838
281040273941043 2009
281045274012900 1903
281050274090006 2089
281055274155268 1878
281060274215538 2038
281065274287570 1885
281070274376659 1908
281075274456620 1976
281080274533614 1923
281085274611521 2093
281090274692749 1895
281095274773402 2124
281100274864074 1917
281105274956722 2002
281110275037706 1963
281115275108853 1877
281120275180786 1919
281125275262969 1940
281130275344132 2153
281135275430845 2038
281140275514329 2120
281145275589731 1904
281150275674054 2139
281155275725067 1863
281160275794188 2115
281165275867605 1837
281170275935156 2080
281175276019463 2025
281180276094510 2060
281185276167053 1898
281190276268515 2055
281195276356742 1919
281200276444623 2001
281205276526884 2013
281210276609043 2069
281215276688379 2037
281220276774128 1872
281225276864427 1971
281230276916018 1927
281235276986473 2059
281240277051053 1943
281245277121750 1934
281250277203121 2031
281255277256890 2023
281260277326442 1940
281265277398725 1958
281270277478744 1886
281275277560204 1905
281280277633806 2057
281285277707196 1936
281290277778006 2077
281295277855280 2013
281300277937156 1963
281305278016198 2005
281310278097953 1955
281315278181027 2047
281320278259566 1899
281325278342862 2039
281330278422341 1857
281335278507241 2156
281340278578789 1837
281345278662591 1973
281350278726462 1980
281355278808850 2016
281360278885546 1918
281365278973414 1913
281370279053898 2056
281375279125149 1891
281380279207286 2074
281385279291107 2150
281390279325928 2098
281395279373547 1970
281400279440839 2016
281405279491577 1824
281410279560512 1934
281415279649983 1966
281420279724418 2126
281425279765138 1915
281430279851164 1948
281435279936295 2006
281440280015911 2010
281445280072774 2074
281450280147407 1806
281455280229386 2109
281460280309207 2186
281465280371554 2143
281470280422310 2016
281475280494789 1958
281480280572441 2137
281485280651583 2122
281490280734087 1969
281495280822813 2007
281500280903989 2067
281505280973663 2216
281510281060801 2224
281515281142526 1936
281520281223727 2104
281525281310745 1921
281530281393370 2038
281535281470316 1924
281540281559611 1995
281545281644507 1979
281550281719918 2041
281555281804093 2098
281560281877501 1865
281565281956649 2019
281570282010006 1899
281575282086365 2072
281580282169909 1998
281585282262280 2232
281590282348065 1989
281595282425214 2208
281600282492774 2052
281605282559012 1993
281610282627452 1884
281615282708456 2228
281620282799286 1923
281625282882306 2154
281630282959990 1906
281635283046778 2269
281640283118492 1996
281645283199448 2115
281650283246408 1937
281655283330014 2138
281660283404259 1950
281665283482623 1887
281670283532820 1795
281675283599592 1899
281680283658736 2131
281685283700062 1951
281690283779491 1974
281695283830494 1860
281700283910104 2071
281705283984480 2047
281710284073596 2014
281715284149357 1869
281720284223186 1983
281725284285502 1972
281730284354957 2084
281735284422213 2032
281740284496386 2108
281745284577765 1907
281750284625611 2006
281755284711256 1980
281760284782881 2073
281765284864486 2090
281770284946425 2039
281775285016576 2141
281780285083288 2062
281785285142814 2024
281790285220831 2100
281795285296410 1919
281800285373240 1949
281805285461811 1963
281810285519444 1905
281815285600031 2060
281820285673209 1792
281825285753063 2137
281830285841289 1996
281835285921484 2138
281840286010870 2008
281845286096762 2144
281850286165676 1953
281855286243425 2032
281860286323903 1990
281865286408959 2134
281870286516564 2076
281875286582494 2082
281880286649446 2011
281885286711208 2089
281890286778589 1978
281895286867108 2222
281900286954625 2103
281905287013593 2015
281910287097857 1880
281915287181334 2123
281920287261736 2128
281925287342052 2062
281930287418470 1902
281935287506067 2102
281940287570472 1730
281945287638007 2000
281950287721614 2016
281955287782037 1870
281960287857464 1934
281965287921421 1965
281970287993627 2104
281975288069371 1914
281980288144947 2073
281985288174406 1975
281990288206030 2001
281995288276872 2039
282000288357039 1989
282005288435262 2083
282010288519546 2080
282015288597682 2058
282020288679503 2148
282025288761275 1985
282030288840387 2143
282035288905556 2033
282040288975490 2018
