282073330679458 14070
282078330795981 15697
282083330890967 22909
282088330982868 16915
282093331049989 19484
282098331132688 16201
282103331209581 15922
282108331302282 16245
282113331384472 18509
282118331461152 19118
282123331566510 24227
282128331661927 24961
282133331742909 29658
282138331843427 31361
282143331909693 31020
282148332034314 31709
282153332115157 31161
282158332192654 31212
282163332260143 31876
282168332344693 31539
282173332468216 32134
282178332517763 31727
282183332611647 31638
282188332727231 31457
282193332808968 31874
282198332886359 31813
282203332941077 32159
282208333042086 31445
282213333130107 31872
282218333187142 31862
282223333267665 31948
282228333352879 31792
282233333426968 32204
282238333481632 32128
282243333566797 31464
282248333665727 31967
282253333784007 31833
282258333858144 31798
282263333963632 32083
282268334063730 32195
282273334130597 31819
282278334199945 31658
282283334271475 32518
282288334364818 31981
282293334442752 32375
282298334531054 32095
282303334580908 32098
282308334666162 31943
282313334751287 32209
282318334846155 31878
282323334913326 31660
282328334985032 32208
282333335034443 31748
282338335098460 31513
282343335197053 31816
282348335280544 31622
282353335327797 31882
282358335430245 32086
282363335499422 31942
282368335578526 31601
282373335692023 32125
282378335772007 32045
282383335853830 32191
282388335940739 31681
282393336009596 32054
282398336056073 31986
282403336142531 31945
282408336240513 32087
282413336345444 32224
282418336399989 31859
282423336490221 31780
282428336573429 31715
282433336636379 32419
282438336743001 31821
282443336824013 31614
282448336952506 31832
282453337043923 31935
282458337113789 31693
282463337181600 32024
282468337260768 31511
282473337365950 31727
282478337472897 31440
282483337546110 31828
282488337643269 32154
282493337730290 32684
282498337813666 32255
282503337887107 32011
282508337970377 32095
282513338047951 31675
282518338117791 31713
282523338186874 31705
282528338291047 32130
282533338391101 31230
282538338484207 31891
282543338580881 32023
282548338671458 31725
282553338763159 32079
282558338832691 32140
282563338956148 31823
282568339054452 31869
282573339155372 32077
282578339236574 32214
282583339336686 31943
282588339415898 31479
282593339501659 32014
282598339586956 31538
282603339647279 31622
282608339723109 31901
282613339817612 32572
282618339883966 32078
282623339969997 32170
282628340055576 31825
282633340139251 31931
282638340226351 32074
282643340312638 31812
282648340428430 32078
282653340521956 32029
282658340599481 31824
282663340686666 32387
282668340772428 31650
282673340844100 32185
282678340932512 32392
282683341022350 31360
282688341127206 32512
282693341224477 32278
282698341284889 31906
282703341353493 31879
282708341452739 32251
282713341515387 31477
282718341583438 32044
282723341666849 32034
282728341773645 31897
282733341873503 31773
282738341995555 32005
282743342088536 32134
282748342162010 31770
282753342199954 31688
282758342284029 31994
282763342383860 31955
282768342473104 31544
282773342561073 31853
282778342631201 31675
282783342695295 31713
282788342772679 31688
282793342839226 31917
282798342926629 31805
282803342992122 31974
282808343074703 31550
282813343166937 31266
282818343270520 31795
282823343338702 31749
282828343439868 31814
282833343512553 32070
282838343596885 31757
282843343705531 31869
282848343786807 31679
282853343856669 31649
282858343955948 32254
282863344039874 31720
282868344111755 31548
282873344195500 31679
282878344279454 31597
282883344348022 31933
282888344440985 32310
282893344541572 31894
282898344628846 31962
282903344712875 31869
282908344804132 31774
282913344885836 32047
282918344953304 31512
282923345020379 32158
282928345106933 31805
282933345191542 32009
282938345272854 32368
282943345350907 31873
282948345436162 32261
282953345540411 32271
282958345640817 32173
282963345727450 31592
282968345808267 31559
282973345872989 32360
282978345914545 32227
282983346002329 31740
282988346117093 31689
282993346207294 32363
282998346293890 31648
283003346391210 31616
283008346494093 31493
283013346561147 31977
283018346643499 31965
283023346706772 31835
283028346781649 31758
283033346825872 32065
283038346912360 31525
283043346996682 31824
283048347099973 31951
283053347200295 31590
283058347285952 31492
283063347375671 32083
283068347457961 31606
283073347503331 32278
283078347575834 32095
283083347664469 32000
283088347752063 31893
283093347839481 31925
283098347911169 32535
283103347992930 32067
283108348129202 31871
283113348216853 31315
283118348309368 31787
283123348394348 32145
283128348531129 32086
283133348603332 31812
283138348681538 32022
283143348753414 31729
283148348843242 32370
283153348934851 31759
283158349019277 31846
283163349106027 32158
283168349181671 32006
283173349240326 31726
283178349324118 31815
283183349401763 32073
283188349505624 31215
283193349573827 31763
283198349660133 32031
283203349743142 32021
283208349829207 32089
283213349903801 32021
283218349949122 32052
283223350028986 32183
283228350109886 32259
283233350188938 32281
283238350262307 31455
283243350348663 32094
283248350446467 31771
283253350533735 32424
283258350594929 32070
283263350688936 31785
283268350773698 31510
283273350830934 31763
283278350917799 31692
283283351006519 32179
283288351107384 31999
283293351196986 31836
283298351288812 32154
283303351394605 31717
283308351484518 31619
283313351584915 31773
283318351659111 31698
283323351757246 32069
283328351850681 31792
283333351926905 31916
283338351991359 32541
283343352074014 32194
283348352157235 32375
283353352231122 32040
283358352316841 31954
283363352382626 31587
283368352463985 31868
283373352550370 31963
283378352641465 31728
283383352741225 31810
283388352814971 31669
283393352876796 32195
283398352962093 32177
283403353037977 31892
283408353117523 31715
283413353162709 31971
283418353245661 32198
283423353331164 31741
283428353428160 32251
283433353517724 32245
283438353596966 31415
283443353684769 31837
283448353791417 32008
283453353903515 32220
283458354006904 32302
283463354090803 31973
283468354206010 31875
283473354296620 31801
283478354383069 31874
283483354436967 32335
283488354519589 31470
283493354609359 32032
283498354693564 32242
283503354796593 32112
283508354885077 32160
283513354960020 32477
283518355038925 31863
283523355086873 32310
283528355172917 31877
283533355244243 31876
283538355334236 31800
283543355424212 31900
283548355509599 31851
283553355598712 32390
283558355699600 31853
283563355788378 32390
283568355878298 31659
283573355969937 31893
283578356057605 31604
283583356133934 32022
283588356230964 31736
283593356361165 32171
283598356429639 31676
283603356550968 32091
283608356640844 31819
283613356713422 31922
283618356795074 32234
283623356868604 31933
283628356982664 32093
283633357052915 32072
283638357134543 32072
283643357174415 32017
283648357255170 32140
283653357369928 31998
283658357486592 32363
283663357568997 31888
283668357654372 32419
283673357749655 32305
283678357807896 32058
283683357888463 31408
283688357968713 31669
283693358049517 31838
283698358099773 31973
283703358174341 32573
283708358291187 32295
283713358373127 31896
283718358457792 31589
283723358528814 31742
283728358626234 31781
283733358717326 31653
283738358803221 31954
283743358876465 32119
283748358974979 32081
283753359058605 32177
283758359114317 31980
283763359164838 31747
283768359246079 31943
283773359286438 32138
283778359346884 31403
283783359424860 31824
283788359534654 32169
283793359641443 32136
283798359717283 32252
283803359812161 31829
283808359906608 31886
283813359978975 32329
283818360081471 31982
283823360154104 31549
283828360228952 32118
283833360300652 32027
283838360371770 32184
283843360456571 31836
283848360540317 32110
283853360618182 31857
283858360674310 31755
283863360748894 32052
283868360818145 31671
283873360859847 31870
283878360999693 31840
283883361091492 32260
283888361195460 31986
283893361276402 31785
283898361341406 32064
283903361398110 32200
283908361466032 31606
283913361546865 31554
283918361625988 32052
283923361694284 31995
283928361781490 31869
283933361856735 31889
283938361937262 31757
283943361987408 31650
283948362071200 31984
283953362156086 31863
283958362226117 32164
283963362305638 32128
283968362392380 32164
283973362462308 32141
283978362523192 31850
283983362597390 31960
283988362685996 32401
283993362775731 31852
283998362868730 31774
284003362944005 31920
284008363014036 32020
284013363111922 32285
284018363169957 32062
284023363250691 31981
284028363352455 32148
284033363448031 32473
284038363522375 32232
284043363594360 31610
284048363667468 31768
284053363731856 32063
284058363829050 31411
284063363896885 31835
284068363995442 31952
284073364112665 31765
284078364199164 31954
284083364284061 32235
284088364370541 32279
284093364468658 31887
284098364535289 31745
284103364621842 31452
284108364703877 32241
284113364815193 32255
284118364927423 32089
284123365030539 32175
284128365108827 31877
284133365189056 31613
284138365231860 31435
284143365313833 31871
284148365387011 31456
284153365466637 32272
284158365559323 31625
284163365676345 31624
284168365772340 31995
284173365851916 31984
284178365925161 32205
284183366013501 32098
284188366096218 31635
284193366193679 32051
284198366276536 31550
284203366363565 31703
284208366444175 31402
284213366530372 31582
284218366640856 32116
284223366758628 31715
284228366864694 31403
284233366923479 32048
284238367006703 31901
284243367089449 31487
284248367188290 32269
284253367283134 32267
284258367355191 31582
284263367440024 32062
284268367517009 32287
284273367602181 32603
284278367670618 32086
284283367786443 31544
284288367865176 32141
284293367960034 31961
284298368067622 32007
284303368142371 32141
284308368218462 32383
284313368267807 31893
284318368354152 31680
284323368405956 31473
284328368490658 32081
284333368588705 31779
284338368680662 31804
284343368796602 31920
284348368869624 31719
284353368952103 32244
284358369049746 32078
284363369131854 31701
284368369204961 32183
284373369245467 32435
284378369291645 31537
284383369361685 31519
284388369445144 31757
284393369552627 32266
284398369635190 31758
284403369727337 31981
284408369823755 31551
284413369910130 31709
284418369993785 32190
284423370068904 31517
284428370144615 31786
284433370229776 31967
284438370309214 31654
284443370397479 32122
284448370502736 32039
284453370602253 32039
284458370687109 32238
284463370779294 32288
284468370856423 32077
284473370941258 31934
284478371015861 31920
284483371104392 32076
284488371186038 31876
284493371274197 31780
284498371362642 31873
284503371443711 31784
284508371540590 32169
284513371623001 32242
284518371695293 32348
284523371770062 31973
284528371846658 32009
284533371958636 31455
284538372079278 31890
284543372163280 31732
284548372251705 32241
284553372347180 31995
284558372453287 32197
284563372513500 31950
284568372592996 31667
284573372678586 32253
284578372772881 32268
284583372859685 31745
284588372958843 31540
284593373057741 31797
284598373143691 32044
284603373204326 31669
284608373285635 31923
284613373328085 32108
284618373422396 31775
284623373496817 31897
284628373590331 32302
284633373684979 31880
284638373778362 31910
284643373863871 31935
284648373946413 32894
284653374035517 31668
284658374132118 31838
284663374208482 32028
284668374281826 31881
284673374366223 32429
284678374438396 31669
284683374496506 32038
284688374578661 32179
284693374653464 32327
284698374727750 31777
284703374812482 31579
284708374897549 31816
284713375004885 32346
284718375099146 32010
284723375166926 31741
284728375251388 32043
284733375342062 31608
284738375431221 31975
284743375495606 31739
284748375587153 32020
284753375662068 31934
284758375754737 31883
284763375814995 32181
284768375901624 32145
284773375950990 32111
284778376016384 31745
284783376145844 31798
284788376231732 31880
284793376352145 31653
284798376445752 31836
284803376532104 31600
284808376610964 31984
284813376694262 32283
284818376764537 31869
284823376826427 31577
284828376917228 31799
284833376999696 32019
284838377081126 32192
284843377186164 32024
284848377272142 31798
284853377355582 32000
284858377414051 31975
284863377525015 31770
284868377624037 31489
284873377691399 31842
284878377761930 31728
284883377830403 31664
284888377899753 31855
284893377982254 31696
284898378067606 32471
284903378156707 32122
284908378269704 31675
284913378395330 31739
284918378448174 31984
284923378558068 32073
284928378656479 31902
284933378746018 31623
284938378818255 31907
284943378898879 32241
284948379026950 31863
284953379107135 32016
284958379168124 31885
284963379251465 32010
284968379353329 32443
284973379427457 32107
284978379503090 31991
284983379583198 32027
284988379681248 31781
284993379800884 31567
284998379852561 31743
285003379928791 31694
285008380012383 31445
285013380103082 32052
285018380206862 31719
285023380302280 32459
285028380392622 31834
285033380474540 31704
285038380572651 32018
285043380619640 31758
285048380719321 31864
285053380810349 31962
285058380893901 32330
285063380964936 31884
285068381037587 31911
285073381086323 31834
285078381164533 31643
285083381255300 31678
285088381336535 31828
285093381402775 31929
285098381493330 31863
285103381581347 32589
285108381662853 31742
285113381746399 31949
285118381830152 31752
285123381916234 31382
285128381988135 31826
285133382082736 31794
285138382151447 32005
285143382231657 31979
285148382309640 31925
285153382392719 31941
285158382481690 31958
285163382563192 31622
285168382639126 31466
285173382740211 31990
285178382783586 31888
285183382867183 31971
285188382948268 31456
285193383032390 31780
285198383107583 32131
285203383190822 31871
285208383287619 31971
285213383380397 32222
285218383458605 31873
285223383543810 31954
285228383646363 32235
285233383740593 32137
285238383814776 31666
285243383895294 31900
285248383984220 31853
285253384096953 31715
285258384174662 31830
285263384261983 32172
285268384338700 31295
285273384421330 32205
285278384506703 31691
285283384598021 32048
285288384672825 31994
285293384717378 31638
285298384803917 31921
285303384889201 31850
285308384976819 31159
285313385062317 31833
285318385148793 32028
285323385236307 32001
285328385332642 32369
285333385421826 31925
285338385505704 32493
285343385573519 32000
285348385669826 31676
285353385763252 31953
285358385863991 32072
285363385905187 32166
285368386012697 31757
285373386104087 32148
285378386177822 32150
285383386253641 31864
285388386350245 32142
285393386436285 31708
285398386524487 32373
285403386597524 32096
285408386690814 31517
285413386785654 32245
285418386865729 31775
285423386909587 32140
285428387005640 32086
285433387097655 31638
285438387171975 31758
285443387250041 31910
285448387322404 32375
285453387396476 32232
285458387480388 31919
285463387564398 32311
285468387663981 32395
285473387784135 31873
285478387885951 31689
285483387970217 32063
285488388104348 31821
285493388155808 32413
285498388202308 31974
285503388294015 31476
285508388373064 31997
285513388460121 32081
285518388557593 31888
285523388629441 32202
285528388746878 31677
285533388841330 31797
285538388924851 31480
285543389013979 31443
285548389135717 31411
285553389248255 31725
285558389340471 31753
285563389403294 32153
285568389487551 32021
285573389562903 31944
285578389643085 31190
285583389720670 32232
285588389796468 32042
285593389881885 31903
285598389970564 31759
285603390050303 31600
285608390134314 31766
285613390219680 32069
285618390313829 31847
285623390410699 31767
285628390490284 32089
285633390576286 31949
285638390625870 31974
285643390710395 31526
285648390791933 31786
285653390886595 32234
285658390936176 31798
285663391020839 32063
285668391117785 31541
