341372030943408 10918
341377031060248 13154
341382031157309 12885
341387031246378 14509
341392031340192 13370
341397031432511 13768
341402031537576 10637
341407031624835 9567
341412031730765 12058
341417031831105 5017
341422031929535 8265
341427032016462 9461
341432032106604 7653
341437032197813 8699
341442032294879 11881
341447032385622 14245
341452032479536 17487
341457032568648 13516
341462032658081 18370
341467032747233 18143
341472032833506 17986
341477032924015 13607
341482033017713 15660
341487033111322 9938
341492033205245 17190
341497033301011 14601
341502033390226 19815
341507033480762 15212
341512033573814 16636
341517033677559 19392
341522033783407 18646
341527033879933 17791
341532033973229 18578
341537034066463 10760
341542034156665 18059
341547034246071 15347
341552034331258 26846
341557034422954 26360
341562034508390 26790
341567034595880 26624
341572034684279 26790
341577034773133 26652
341582034859543 26993
341587034947625 26977
341592035034676 26596
341597035121445 26487
341602035206773 26776
341607035299651 26842
341612035402889 26691
341617035496335 26252
341622035589716 26838
341627035677003 26818
341632035763047 26826
341637035855153 26572
341642035933631 25995
341647036030309 26194
341652036118681 26827
341657036174828 26816
341662036274207 27064
341667036364525 26882
341672036445530 26389
341677036551096 26748
341682036646924 26432
341687036735054 26820
341692036823200 26724
341697036911034 26702
341702037001989 26858
341707037091771 26898
341712037183539 26751
341717037268461 26472
341722037349632 26508
341727037434541 26305
341732037537118 26480
341737037632011 25568
341742037733653 26200
341747037826705 26995
341752037915484 26727
341757038002456 26879
341762038091883 26833
341767038183920 26945
341772038275062 26760
341777038362206 26620
341782038449801 26721
341787038535431 26907
341792038612906 26230
341797038675295 26587
341802038744742 26254
341807038838749 26826
341812038931794 26342
341817039017807 26813
341822039102713 26215
341827039192739 26880
341832039282744 26565
341837039373179 26841
341842039464938 26935
341847039556142 26438
341852039644802 26783
341857039734920 26675
341862039826447 26761
341867039915339 26689
341872040015181 26016
341877040076183 26624
341882040174199 26773
341887040260801 26628
341892040368371 26763
341897040484269 26607
341902040570058 26265
341907040658500 26569
341912040747533 26817
341917040836927 26969
341922040933508 26932
341927041025710 26514
341932041107455 26721
341937041201780 26281
341942041302925 27017
341947041391521 26437
341952041492406 26947
341957041557041 26323
341962041651329 26468
341967041746003 26738
341972041844562 26821
341977041935213 26670
341982042021169 26725
341987042117626 26392
341992042223965 26885
341997042323029 26880
342002042419924 26720
342007042498277 26924
342012042578705 26064
342017042668869 26438
342022042766101 27377
342027042869445 26726
342032042963827 26322
342037043056627 26643
342042043148611 26887
342047043238051 27056
342052043361070 28393
342057043453760 26664
342062043544883 26595
342067043619867 26482
342072043702085 26529
342077043789089 27030
342082043880786 26259
342087043975562 26755
342092044077251 27100
342097044162082 26992
342102044244950 26504
342107044335149 26786
342112044430423 26778
342117044514590 26487
342122044598178 26656
342127044680765 26380
342132044767670 26536
342137044858639 26426
342142044946621 26753
342147045040613 26440
342152045137551 26495
342157045232629 26506
342162045321862 26629
342167045417630 26730
342172045512570 26733
342177045657508 26412
342182045772500 26513
342187045869070 26224
342192045950180 26664
342197046045247 27224
342202046138761 26556
342207046229810 26221
342212046320170 26238
342217046417597 27019
342222046509110 26300
342227046588317 26765
342232046680766 26720
342237046779146 27043
342242046863280 26686
342247046947341 26639
342252047041728 26457
342257047140270 26494
342262047234917 26909
342267047333375 26840
342272047424115 26842
342277047511589 26710
342282047598677 26878
342287047693323 26955
342292047782144 26724
342297047871503 26915
342302047964120 26945
342307048042141 26736
342312048112524 26681
342317048217020 26870
342322048328026 26826
342327048428124 26867
342332048517159 27097
342337048602338 26674
342342048699659 26572
342347048789194 26786
342352048879758 26735
342357048963499 27045
342362049053804 26984
342367049149578 26935
342372049226981 26667
342377049310229 26884
342382049393586 26516
342387049442265 26100
342392049526041 25931
342397049612771 26550
342402049704259 26786
342407049792897 26931
342412049879937 26421
342417049961285 26039
342422050042896 26866
342427050132708 26679
342432050223464 26903
342437050316004 26794
342442050404672 26922
342447050484951 26766
342452050570907 26829
342457050657379 25548
342462050741584 26344
342467050827318 26832
342472050933747 26794
342477051027378 26678
342482051113478 26785
342487051202226 26847
342492051289360 26331
342497051376882 26813
342502051466568 26675
342507051554056 26985
342512051642855 26711
342517051731299 26960
342522051822491 26802
342527051907208 26751
342532051993412 26805
342537052101808 26808
342542052183670 26686
342547052267151 26757
342552052348122 27056
342557052432511 26547
342562052520910 26944
342567052595219 26632
342572052663526 26083
342577052749430 26129
342582052837071 27010
342587052923909 26924
342592053011964 26990
342597053097708 26881
342602053177481 26726
342607053265604 26000
342612053349607 26767
342617053440835 26874
342622053530492 27074
342627053617535 26849
342632053678031 26666
342637053759332 26672
342642053849001 26747
342647053939003 26780
342652054029334 26919
342657054119340 27502
342662054205260 26693
342667054290069 26896
342672054377038 26843
342677054467964 26762
342682054558330 26741
342687054645062 26913
342692054728840 26847
342697054827037 26810
342702054924473 27082
342707055019100 26194
342712055106020 26653
342717055195522 26825
342722055280791 26781
342727055364550 26906
342732055450835 26795
342737055536754 26878
342742055579793 26467
342747055658364 26599
342752055740247 26602
342757055830785 26774
342762055897067 26761
342767055989602 26097
342772056085831 26076
342777056170302 26248
342782056250583 26746
342787056339334 26565
342792056426907 26267
342797056514104 26948
342802056600870 26901
342807056691148 26997
342812056775388 26913
342817056862494 26656
342822056942462 26823
342827057026605 26884
342832057118681 26982
342837057208447 26789
342842057277160 26723
342847057372873 25962
342852057461006 26840
342857057562234 26738
342862057646787 26898
342867057730584 26797
342872057809915 26545
342877057895565 26445
342882057980446 26682
342887058068949 26789
342892058161204 26908
342897058259763 26885
342902058350179 27052
342907058422365 26651
342912058507823 26802
342917058591048 26762
342922058674409 26797
342927058762970 26885
342932058847969 26968
342937058933644 26662
342942059020888 26827
342947059109781 27019
342952059184556 26669
342957059267066 26921
342962059358227 26706
342967059404678 26766
342972059489621 26998
342977059578712 26901
342982059669213 26676
342987059755696 26282
342992059841424 26924
342997059926100 26824
343002059992874 26474
343007060086719 26246
343012060173842 26077
343017060261942 26450
343022060357458 26980
343027060445922 26622
343032060532278 26872
343037060627901 27072
343042060714464 26467
343047060802904 26913
343052060879395 26882
343057060964310 26132
343062061031618 26784
343067061126897 26292
343072061213447 26884
343077061303100 27009
343082061395061 27391
343087061480839 26959
343092061541023 26746
343097061623405 26412
343102061719362 25835
343107061802727 25957
343112061890326 26874
343117061980237 27038
343122062068908 26837
343127062160903 26850
343132062255059 26904
343137062344522 26964
343142062413922 26734
343147062498893 25933
343152062567223 26781
343157062651076 26758
343162062748369 26830
343167062844949 26679
343172062938086 26910
343177063029797 26934
343182063117062 26514
343187063203563 26342
343192063291778 26763
343197063374920 27184
343202063463286 26861
343207063553750 26873
343212063644263 26844
343217063737034 26897
343222063830178 26919
343227063920484 26890
343232064010466 26821
343237064107798 26955
343242064194072 26878
343247064283574 26718
343252064366500 27085
343257064460837 26953
343262064553353 26971
343267064641198 27058
343272064729015 26772
343277064815184 26820
343282064906866 26772
343287064993230 26769
343292065078271 26769
343297065168344 27189
343302065258512 26550
343307065343532 26956
343312065430140 27029
343317065520376 26943
343322065617023 26881
343327065708992 26719
343332065795640 26993
343337065885744 26808
343342065972774 26846
343347066063714 26966
343352066137965 26588
343357066221025 25776
343362066292372 26825
343367066373802 26157
343372066457007 26766
343377066545742 26769
343382066631153 26756
343387066718697 26761
343392066807570 26900
343397066896609 26901
343402066990262 26813
343407067077910 26852
343412067165173 26891
343417067246340 26809
343422067331931 26806
343427067422086 26906
343432067509043 26789
343437067597283 27049
343442067685050 26582
343447067771202 26795
343452067861280 27078
343457067949599 26709
343462068035383 26846
343467068082201 26674
343472068164779 26787
343477068252563 26804
343482068337306 26831
343487068422722 26865
343492068513470 27018
343497068604504 26916
343502068694034 26809
343507068782562 26974
343512068872723 26924
343517068959088 26813
343522069044227 26982
343527069137394 26728
343532069181445 26750
343537069267373 25703
343542069340653 26632
343547069423734 26111
343552069504806 26665
343557069585996 26944
343562069669829 26762
343567069757834 26917
343572069840687 26862
343577069927529 26997
343582070013804 26535
343587070096637 26091
343592070179854 26972
343597070262680 26794
343602070350334 26820
343607070410755 26639
343612070510071 26781
343617070555933 25770
343622070630857 26561
343627070718405 26680
343632070807550 26773
343637070897433 26813
343642070988425 26872
343647071079079 26992
343652071160720 26902
343657071253352 26857
343662071344348 26822
343667071434229 26968
343672071522604 27206
343677071611774 26874
343682071701700 26674
343687071792490 26807
343692071884772 26720
343697071970595 27022
343702072071538 26970
343707072167252 27014
343712072252603 26970
343717072335862 26936
343722072420791 27005
343727072512732 26818
343732072602880 26237
343737072690361 26375
343742072779938 26937
343747072866412 27056
343752072955651 26909
343757073047292 27016
343762073130478 26999
343767073216838 26879
343772073312954 26794
343777073399629 26767
343782073487024 26655
343787073572007 26647
343792073663408 26853
343797073750957 26685
343802073841110 26835
343807073886142 26539
343812073970968 26602
343817074055351 26956
343822074145720 26763
343827074242956 26791
343832074330714 26705
343837074420527 26771
343842074506093 26968
343847074600918 26788
343852074691716 26919
343857074780641 26810
343862074873523 26871
343867074961366 26893
343872075052253 26841
343877075128898 26710
343882075212544 26842
343887075303014 26820
343892075394517 26902
343897075483657 26862
343902075573475 26968
343907075661050 27216
343912075749419 27094
343917075846899 26804
343922075933494 26716
343927076022211 26967
343932076114424 26828
343937076199529 26883
343942076272677 26461
343947076352857 26513
343952076413270 26612
343957076498427 26563
343962076586405 26701
343967076677673 26963
343972076762844 26894
343977076846396 26567
343982076936246 26701
343987077023855 26777
343992077120166 26915
343997077190709 26763
344002077279756 26666
344007077369289 26776
344012077456200 27067
344017077547861 26536
344022077634455 27088
344027077721121 26887
344032077804079 26795
344037077891441 26810
344042077983293 26317
344047078075856 26907
344052078164913 26758
344057078258742 26923
344062078351463 26962
344067078435445 26770
344072078527940 26839
344077078612995 26951
344082078686703 26840
344087078773884 26562
344092078818272 26530
344097078899492 26843
344102078988108 26960
344107079057539 26825
344112079127538 26362
344117079210843 26442
344122079295462 27007
344127079387304 26838
344132079474333 26758
344137079570088 26922
344142079661708 27000
344147079746576 26734
344152079832716 26790
344157079919303 27001
344162080006764 27056
344167080092158 27024
344172080179047 26850
344177080268974 26820
344182080353669 26531
344187080440959 26813
344192080527451 26816
344197080619489 26732
344202080709337 26882
344207080799593 26824
344212080893242 26873
344217080940427 26896
344222080975953 26513
344227081066032 26552
344232081150284 26945
344237081241649 26957
344242081326304 26726
344247081413700 27036
344252081499841 26837
344257081572465 26584
344262081657105 26863
344267081747566 26881
344272081848474 26915
344277081941189 27050
344282082040659 26911
344287082111383 26738
344292082177747 26094
344297082262641 26026
344302082350064 26900
344307082442181 26931
344312082532365 27046
344317082581253 26545
344322082665632 26143
344327082750060 26838
344332082850612 26857
344337082934069 26684
344342083016404 26185
344347083072178 26692
344352083115882 26508
344357083200112 26368
344362083270839 25525
344367083353346 26023
344372083436572 26507
344377083522677 26794
344382083606181 26926
344387083689959 26712
344392083780008 26837
344397083881645 26968
344402083959127 26840
344407084049866 26979
344412084148754 26689
344417084233993 26724
344422084316848 26921
344427084401403 26824
344432084491284 27014
344437084580160 26927
344442084668569 26746
344447084760121 26834
344452084851364 26889
344457084941698 26854
344462085031748 26901
344467085129407 27113
344472085220392 26989
344477085311077 26634
344482085401534 26944
344487085492096 26827
344492085580536 26732
344497085667843 26872
344502085752614 27042
344507085845649 26934
344512085935994 26777
344517086025176 26753
344522086113004 26620
344527086202773 26769
344532086298280 26659
344537086390523 26868
344542086481321 26885
344547086569371 26866
344552086668006 26637
344557086753435 27068
344562086843183 26849
344567086931549 26894
344572087023615 27057
344577087114727 26962
344582087206975 26854
344587087299077 26926
344592087388999 26907
344597087476550 26875
344602087563098 27028
344607087653007 26827
344612087746943 26862
344617087792731 26684
344622087876526 26788
344627087964077 26584
344632088012719 26843
344637088101059 26746
344642088187194 27049
344647088273596 26909
344652088357620 26876
344657088450409 26957
344662088537379 26820
344667088625931 26858
344672088717609 26889
344677088803218 26749
344682088887021 26813
344687088974780 26875
344692089070026 26978
344697089147654 26680
344702089243128 26641
344707089332109 26499
344712089418382 26787
344717089509477 26634
344722089602608 26645
344727089692688 26940
344732089781017 27008
344737089873633 26839
344742089962355 26772
344747090053882 26982
344752090141848 27200
344757090234604 26886
344762090321578 26737
344767090394566 26675
344772090479217 26708
344777090563144 26176
344782090654178 26865
344787090744147 26867
344792090840383 26952
344797090917085 26828
344802090999573 25779
344807091084398 27068
344812091174244 26602
344817091262018 26306
344822091352418 27001
344827091441095 26885
344832091529297 26874
344837091615282 27094
344842091704668 26927
344847091790601 26575
344852091875491 26751
344857091962839 26742
344862092016337 27057
344867092101483 26933
344872092191963 26813
344877092274574 26928
344882092360600 26561
344887092453617 26822
344892092541930 26850
344897092630619 26988
344902092719842 27067
344907092809118 26832
344912092896437 26879
344917092986386 27107
344922093073144 26164
344927093159958 26842
344932093250248 27051
344937093344022 26959
344942093428254 26736
344947093516565 26894
344952093605719 26935
344957093695283 26677
344962093781667 26870
344967093866371 26577
