322827834112790 2305
322832834211646 2343
322837834297064 1036
322842834409541 1800
322847834502757 1593
322852834585161 1015
322857834667011 1022
322862834748318 1318
322867834837234 983
322872834914531 1180
322877834993532 1031
322882835046412 998
322887835121426 1000
322892835155685 992
322897835242416 948
322902835308159 1003
322907835393666 966
322912835459282 1015
322917835529319 979
322922835614453 1152
322927835698950 977
322932835763956 954
322937835847545 1031
322942835918302 1096
322947836020849 933
322952836103725 965
322957836170360 954
322962836236041 1011
322967836335059 1062
322972836379833 1003
322977836466128 1078
322982836553778 982
322987836634940 983
322992836717637 1107
322997836779289 1099
323002836871043 930
323007836957422 1004
323012837014544 935
323017837048365 976
323022837134107 1014
323027837221289 1096
323032837280100 1181
323037837366557 951
323042837459999 993
323047837544880 994
323052837588780 886
323057837629429 1085
323062837681564 1049
323067837768444 1007
323072837814728 952
323077837900046 947
323082837994858 974
323087838066620 955
323092838111596 917
323097838205345 920
323102838266463 1096
323107838350858 1202
323112838424564 1082
323117838503745 959
323122838559127 922
323127838635829 966
323132838685148 935
323137838772905 962
323142838860584 931
323147838948042 908
323152839026088 944
323157839078351 929
323162839144111 992
323167839220262 1164
323172839290449 1180
323177839369303 943
323182839447940 1001
323187839500608 963
323192839583780 945
323197839669286 1021
323202839751870 929
323207839822425 910
323212839918600 928
323217840038630 903
323222840124486 970
323227840208172 898
323232840301066 960
323237840399064 1118
323242840481129 1118
323247840546784 1146
323252840625086 941
323257840712144 971
323262840785429 906
323267840880859 920
323272840969127 985
323277841056776 969
323282841153293 848
323287841245990 879
323292841343493 387
323297841401603 977
323302841471120 989
323307841537947 939
323312841624549 1081
323317841713238 1043
323322841795277 1101
323327841880949 1098
323332841944951 959
323337842002830 935
323342842092003 956
323347842174245 950
323352842240321 892
323357842337053 1091
323362842436975 984
323367842519771 421
323372842573274 400
323377842648598 402
323382842715944 1090
323387842801227 951
323392842891265 900
323397842950568 952
323402843025997 1064
323407843120755 1104
323412843239077 1055
323417843308968 1074
323422843393888 976
323427843463832 950
323432843564546 935
323437843650774 990
323442843733900 982
323447843803800 892
323452843888929 955
323457843955178 537
323462844038141 402
323467844122757 407
323472844193331 404
323477844276651 396
323482844347933 819
323487844421099 1027
323492844502918 1252
323497844593106 1213
323502844659366 1058
323507844726369 979
323512844807855 954
323517844888696 930
323522844975857 1070
323527845062649 1014
323532845150510 972
323537845237803 957
323542845322801 958
323547845406725 940
323552845486923 913
323557845567912 985
323562845648236 485
323567845735628 404
323572845823521 408
323577845905698 402
323582845990573 451
323587846083028 1288
323592846166660 1210
323597846244949 1036
323602846327494 1191
323607846406789 949
323612846486264 950
323617846572824 1027
323622846661174 930
323627846742905 942
323632846831917 1008
323637846913990 933
323642846994007 975
323647847072053 959
323652847154606 892
323657847234896 895
323662847318436 938
323667847414446 425
323672847496163 405
323677847578179 410
323682847661285 403
323687847749206 404
323692847828045 395
323697847914592 663
323702848014121 1326
323707848100344 1089
323712848232684 1183
323717848310976 1076
323722848396679 1026
323727848488198 1001
323732848574888 992
323737848656674 913
323742848741318 928
323747848829510 969
323752848918770 923
323757849002798 917
323762849085336 924
323767849173166 954
323772849260461 917
323777849343224 845
323782849427016 404
323787849510877 402
323792849595460 399
323797849685477 409
323802849771454 402
323807849854812 407
323812849939631 619
323817850021822 1208
323822850107421 1160
323827850193579 1164
323832850288437 1158
323837850365764 1030
323842850442237 992
323847850524318 973
323852850610039 964
323857850695138 941
323862850783491 930
323867850880163 950
323872850981517 907
323877851067964 946
323882851148587 990
323887851235246 919
323892851323356 774
323897851411450 403
323902851495613 398
323907851577265 410
323912851660324 402
323917851745259 399
323922851827281 407
323927851906715 399
323932851991866 403
323937852100914 750
323942852186459 1175
323947852267792 1092
323952852352827 1160
323957852435127 1164
323962852520391 1079
323967852615896 1023
323972852705597 969
323977852790545 958
323982852875648 908
323987852956960 1013
323992853047894 984
323997853142663 952
324002853233527 940
324007853321523 932
324012853409204 715
324017853491897 400
324022853575398 401
324027853659991 403
324032853743247 402
324037853829119 403
324042853911712 404
324047853991195 945
324052854081232 973
324057854159991 1094
324062854241235 1184
324067854317167 1173
324072854405680 1061
324077854490567 988
324082854574942 988
324087854660338 995
324092854741682 1016
324097854830669 981
324102854927455 907
324107855015712 949
324112855103470 908
324117855187560 950
324122855269554 935
324127855348795 581
324132855428114 410
324137855534515 400
324142855623150 404
324147855715618 403
324152855803162 408
324157855882676 398
324162855970100 952
324167856045702 959
324172856134859 1164
324177856234595 1290
324182856326046 1123
324187856411039 1149
324192856493590 1083
324197856576079 950
324202856654599 1014
324207856744812 950
324212856832057 993
324217856927321 1060
324222857021523 946
324227857103332 944
324232857186507 880
324237857268611 939
324242857353089 402
324247857435956 393
324252857521849 415
324257857610795 404
324262857696966 400
324267857780375 401
324272857862435 405
324277857948006 831
324282858035605 1045
324287858121897 991
324292858207820 1293
324297858294247 1104
324302858378767 1200
324307858463252 1274
324312858550814 964
324317858608706 1003
324322858691293 959
324327858778580 922
324332858860535 969
324337858942548 928
324342859023895 945
324347859105048 961
324352859190741 852
324357859278026 403
324362859369697 400
324367859462220 406
324372859554446 399
324377859642989 404
324382859725140 404
324387859813870 406
324392859901554 399
324397859979868 286
324402860080682 1066
324407860162106 1017
324412860244614 1190
324417860341247 1183
324422860417393 1037
324427860506974 1192
324432860590326 1086
324437860712968 1027
324442860804240 972
324447860892526 1001
324452860980723 955
324457861057849 906
324462861140662 997
324467861225967 948
324472861308871 874
324477861390973 908
324482861477365 402
324487861560071 404
324492861640980 402
324497861723782 400
324502861806543 405
324507861887017 402
324512861966650 400
324517862051052 411
324522862133977 992
324527862221481 1010
324532862309850 1003
324537862391966 1113
324542862476494 1278
324547862556025 1133
324552862638430 1015
324557862725220 952
324562862807101 928
324567862895081 1008
324572862977841 937
324577863061990 937
324582863144899 970
324587863228904 945
324592863309014 887
324597863397645 766
324602863479294 406
324607863565719 404
324612863652092 408
324617863736537 404
324622863821806 403
324627863910076 396
324632863994742 407
324637864089890 529
324642864170221 963
324647864251767 969
324652864332847 1102
324657864409200 1159
324662864499039 1218
324667864587157 1045
324672864673032 1053
324677864761456 1013
324682864854150 1019
324687864937832 1033
324692865019477 981
324697865103258 954
324702865189596 978
324707865273110 925
324712865351783 993
324717865435469 465
324722865522778 402
324727865613560 403
324732865702073 395
324737865785533 412
324742865870320 399
324747865962794 409
324752866054546 404
324757866135545 387
324762866218998 915
324767866311899 966
324772866401368 1084
324777866485617 1307
324782866573782 1144
324787866659126 1107
324792866750915 1171
324797866829117 930
324802866913769 988
324807866998971 1037
324812867084763 1001
324817867171865 943
324822867254117 974
324827867342272 1002
324832867422227 888
324837867512985 930
324842867592650 397
324847867681262 394
324852867773911 420
324857867858353 397
324862867943670 400
324867868030271 410
324872868120886 405
324877868205084 402
324882868291520 282
324887868376490 1099
324892868461725 1057
324897868542604 1056
324902868634365 1270
324907868735687 1016
324912868818825 1178
324917868904239 1062
324922868977814 1000
324927869065403 925
324932869140845 1034
324937869228009 933
324942869321512 933
324947869406084 945
324952869486318 948
324957869569817 907
324962869659200 915
324967869741622 403
324972869825400 406
324977869905460 396
324982869988532 404
324987870071083 406
324992870154569 406
324997870243582 399
325002870333086 408
325007870414716 402
325012870495742 794
325017870573833 1010
325022870653192 1020
325027870735825 966
325032870826670 1306
325037870905402 1183
325042870988389 1081
325047871074710 1110
325052871160797 976
325057871244899 1074
325062871333629 1014
325067871420872 998
325072871503533 1011
325077871587905 954
325082871668979 917
325087871750872 935
325092871835836 389
325097871922631 393
325102872008548 410
325107872093342 402
325112872178597 408
325117872264564 402
325122872351990 404
325127872439013 400
325132872526078 345
325137872616858 0
325142872721729 1069
325147872806455 1109
325152872888434 1032
325157872980807 1245
325162873068989 1032
325167873162435 1131
325172873255286 1226
325177873341770 995
325182873426302 991
325187873516663 1002
325192873608352 966
325197873695641 975
325202873783952 996
325207873871326 978
325212873959886 953
325217874047637 748
325222874134868 406
325227874215712 400
325232874301476 403
325237874385222 401
325242874465812 399
325247874548117 407
325252874628860 406
325257874709714 398
325262874854834 244
325267874964767 454
325272875047342 1069
325277875134537 1034
325282875227717 991
325287875304562 1079
325292875390522 1185
325297875480935 1294
325302875571018 1084
325307875657583 1115
325312875746836 987
325317875833392 949
325322875913126 1064
325327875997436 969
325332876090515 945
325337876178477 990
325342876265092 960
325347876348603 462
325352876435765 405
325357876519032 401
325362876605657 407
325367876690018 400
325372876777281 402
325377876864246 400
325382876950225 409
325387877038380 403
325392877124836 36
325397877229981 117
325402877316426 1034
325407877409777 1030
325412877498666 1016
325417877578457 1284
325422877662677 1116
325427877754846 1229
325432877843790 1159
325437877917973 996
325442877998291 976
325447878080707 983
325452878163352 1014
325457878251830 990
325462878336823 975
325467878420123 962
325472878503460 994
325477878589806 629
325482878674687 402
325487878757236 401
325492878845558 406
325497878934299 399
325502879025882 405
325507879110533 401
325512879193949 404
325517879279924 406
325522879365762 165
325527879506999 875
325532879595494 963
325537879678546 982
325542879763178 983
325547879843214 1333
325552879935250 1195
325557880030395 1145
325562880121277 1098
325567880207116 978
325572880286790 1012
325577880379928 939
325582880460187 953
325587880541208 959
325592880628600 990
325597880713179 972
325602880797944 944
325607880881981 403
325612880959126 394
325617881042487 407
325622881127933 404
325627881215515 407
325632881302940 402
325637881389469 406
325642881468159 402
325647881530593 370
325652881623512 0
325657881731742 719
325662881816276 1003
325667881903004 996
325672881987548 964
325677882073492 947
325682882155614 896
325687882244868 1022
325692882334670 1069
325697882416451 1176
325702882505069 1114
325707882585966 1017
325712882668310 1053
325717882753744 1003
325722882846129 919
325727882930904 979
325732883009642 993
325737883094026 613
325742883178001 404
325747883260624 406
325752883342671 398
325757883430326 404
325762883520795 407
325767883611211 401
325772883690924 397
325777883775153 412
325782883862938 172
325787883956630 0
325792884079540 995
325797884172075 1110
325802884251281 1070
325807884335518 1147
325812884442875 1010
325817884532723 983
325822884614534 892
325827884701444 965
325832884785378 1123
325837884873752 1136
325842884963224 1214
325847885056878 987
325852885145437 982
325857885233412 916
325862885318903 966
325867885404442 902
325872885487336 403
325877885570648 393
325882885661761 412
325887885747163 405
325892885830623 398
325897885916378 405
325902885998353 404
325907886080983 398
325912886173320 281
325917886261047 0
325922886368506 0
325927886466101 0
325932886562751 0
325937886662720 1163
325942886754768 1111
325947886842522 1074
325952886924486 1031
325957887006462 924
325962887092073 1002
325967887170411 928
325972887256550 986
325977887342692 1138
325982887429612 1196
325987887520158 1201
325992887600409 995
325997887682074 935
326002887758925 1002
326007887884366 1084
326012887975420 969
326017888058169 907
326022888142112 688
326027888230293 407
326032888317951 399
326037888404701 403
326042888488348 402
326047888573174 403
326052888649568 396
326057888736567 410
326062888827176 404
326067888918847 171
326072889003499 0
326077889117828 0
326082889205383 0
326087889311791 265
326092889393440 1124
326097889477878 1089
326102889557117 1009
326107889639742 1085
326112889737585 1229
326117889831505 1225
326122889915530 1098
326127890010164 1046
326132890103754 1058
326137890195466 1051
326142890273853 994
326147890356368 1007
326152890437737 1000
326157890530927 998
326162890616335 928
326167890702592 924
326172890777373 930
326177890863797 405
326182890954318 407
326187891044938 404
326192891128248 403
326197891221908 405
326202891311869 402
326207891394785 400
326212891480674 402
326217891562969 394
326222891646224 914
326227891732117 986
326232891818664 955
326237891908361 1024
326242891996407 1311
326247892090902 1126
326252892177012 1038
326257892261335 1152
326262892340406 1005
326267892417560 951
326272892509547 987
326277892596222 1001
326282892678734 944
326287892758823 973
326292892862603 1008
326297892952538 901
326302893045737 418
326307893131023 402
326312893214832 406
326317893298350 403
326322893382190 400
326327893467350 408
326332893550726 399
326337893636854 400
326342893721270 409
326347893791910 9
326352893876871 0
326357893972750 1065
326362894055655 1015
326367894137731 1052
326372894230437 1347
326377894320140 1036
326382894402601 1316
326387894485663 1172
326392894567715 1050
326397894660265 933
326402894745668 936
326407894827118 1023
326412894909207 946
326417894997020 979
326422895078601 922
