308031037436400 2646
308036037524416 2247
308041037626545 1556
308046037721894 2312
308051037800952 1293
308056037879101 1201
308061037960720 1317
308066038045912 1286
308071038148698 1173
308076038228990 1194
308081038311164 1286
308086038394012 1200
308091038476712 1230
308096038558104 1172
308101038640707 1220
308106038715787 1228
308111038796420 1321
308116038877006 1173
308121038962899 1165
308126039046012 1375
308131039132172 1142
308136039214025 1276
308141039294561 1400
308146039375860 1070
308151039459973 1194
308156039531690 1217
308161039617092 1230
308166039680819 1131
308171039764405 1256
308176039854748 1299
308181039928375 1379
308186040010418 1243
308191040091185 1068
308196040174114 1146
308201040251508 1202
308206040332350 1211
308211040411948 1231
308216040495111 1341
308221040578806 1150
308226040661246 1116
308231040739955 1390
308236040829075 1358
308241040912905 1189
308246040987554 1225
308251041068574 1124
308256041150966 1188
308261041233603 1267
308266041313331 1133
308271041398384 1166
308276041470759 1459
308281041552540 1098
308286041635169 398
308291041719706 411
308296041801805 1460
308301041882878 1371
308306041957849 1259
308311042040736 1245
308316042122462 1149
308321042209213 1142
308326042284424 1226
308331042366976 1240
308336042456020 1110
308341042536831 1258
308346042624145 1233
308351042706270 1024
308356042787181 413
308361042865846 401
308366042945400 408
308371043028426 513
308376043110547 1412
308381043193932 1344
308386043278625 1207
308391043360482 1239
308396043441128 1173
308401043520821 1173
308406043601047 1226
308411043685555 1173
308416043775673 1061
308421043855437 1235
308426043942059 1200
308431044026606 1074
308436044108700 1168
308441044189220 876
308446044270740 411
308451044352946 402
308456044433830 408
308461044517767 410
308466044590939 1021
308471044664942 1572
308476044749870 1235
308481044831293 1182
308486044923976 1277
308491045013620 1059
308496045098943 1163
308501045177061 1182
308506045260091 1159
308511045342272 1093
308516045421635 1240
308521045499837 1199
308526045572918 1069
308531045653264 989
308536045728796 404
308541045807173 410
308546045890525 409
308551045970118 394
308556046052947 402
308561046132714 613
308566046212322 1476
308571046291491 1281
308576046369531 1254
308581046450089 1188
308586046532738 1138
308591046619532 1109
308596046704527 1219
308601046787367 1216
308606046866520 1068
308611046948162 1223
308616047028288 1267
308621047111457 1084
308626047192849 1144
308631047274008 852
308636047358950 413
308641047437784 383
308646047527421 415
308651047607407 408
308656047683935 398
308661047768826 555
308666047852750 1563
308671047934027 1130
308676048017946 1189
308681048093191 1195
308686048174228 1161
308691048250030 1086
308696048331706 1209
308701048414912 1247
308706048486440 1071
308711048563465 1234
308716048645671 1228
308721048730009 1159
308726048814680 1165
308731048896641 821
308736048974185 406
308741049045190 395
308746049126515 421
308751049208415 410
308756049292307 412
308761049376409 375
308766049454583 417
308771049541481 670
308776049623082 1660
308781049702873 1063
308786049786198 1278
308791049870801 1221
308796049953053 1104
308801050034603 1235
308806050116604 1252
308811050198724 1108
308816050282937 1179
308821050362257 1163
308826050446445 1215
308831050526238 1090
308836050608799 1266
308841050694943 664
308846050780082 413
308851050859566 407
308856050944453 412
308861051027978 404
308866051108707 408
308871051181706 401
308876051262660 396
308881051344467 411
308886051406901 85
308891051494258 1348
308896051576449 1211
308901051657692 1112
308906051742767 1127
308911051824985 1260
308916051908673 1194
308921051991418 1079
308926052081522 1203
308931052162085 1245
308936052250022 1098
308941052335658 1172
308946052417961 1341
308951052494208 1084
308956052571038 995
308961052655744 416
308966052741268 379
308971052824208 421
308976052905280 407
308981052990190 398
308986053071018 413
308991053150332 411
308996053235036 387
309001053319888 251
309006053420739 0
309011053504297 1014
309016053581723 1225
309021053664214 1229
309026053745728 1160
309031053826620 1099
309036053906246 1226
309041053983832 1206
309046054066682 1154
309051054151152 1199
309056054228415 1218
309061054310609 1060
309066054391130 1240
309071054472308 1246
309076054554094 1124
309081054633958 1044
309086054717560 386
309091054802725 411
309096054883621 409
309101054963910 403
309106055040481 409
309111055119076 408
309116055199093 389
309121055277781 410
309126055342982 189
309131055448585 0
309136055538266 0
309141055634763 385
309146055716939 1254
309151055797562 1132
309156055879320 1190
309161055960746 1205
309166056045897 1222
309171056128436 1105
309176056207134 1222
309181056279104 1192
309186056362500 1107
309191056443577 1265
309196056531850 1237
309201056620724 1095
309206056703381 1156
309211056788002 1283
309216056866991 554
309221056948030 413
309226057023641 407
309231057103744 408
309236057178791 405
309241057260652 419
309246057342870 384
309251057422640 410
309256057498212 400
309261057577476 44
309266057668021 0
309271057762021 0
309276057855085 566
309281057936966 1229
309286058025825 1107
309291058100051 1158
309296058181780 1270
309301058264273 1089
309306058346405 1126
309311058427890 1293
309316058511596 1184
309321058594067 1210
309326058677113 1236
309331058760502 1192
309336058841639 1101
309341058923308 1268
309346059013301 1212
309351059091671 1020
309356059173129 414
309361059259858 406
309366059343446 388
309371059425960 411
309376059503259 407
309381059591162 403
309386059678070 410
309391059761388 410
309396059840246 274
309401059929998 0
309406060070764 0
309411060161785 0
309416060266676 966
309421060352510 1225
309426060435526 1199
309431060519960 1162
309436060604773 1219
309441060693843 1264
309446060776320 1122
309451060859577 1195
309456060949377 1254
309461061031002 1175
309466061118453 1142
309471061203392 1275
309476061285606 1230
309481061370416 1094
309486061452971 1276
309491061538019 667
309496061620301 412
309501061700379 410
309506061779422 402
309511061858723 410
309516061940491 412
309521062020060 381
309526062101353 412
309531062186404 403
309536062266871 50
309541062398490 0
309546062484711 0
309551062573338 144
309556062657255 1241
309561062737118 1257
309566062819709 1090
309571062902098 1239
309576062972668 1216
309581063055587 1129
309586063143442 1275
309591063229044 1235
309596063312301 1152
309601063395265 1171
309606063477743 1290
309611063556750 1115
309616063649073 1162
309621063725913 1263
309626063810733 1250
309631063893688 410
309636063974832 411
309641064069246 388
309646064148313 409
309651064232405 410
309656064315195 403
309661064392065 404
309666064473115 415
309671064551287 318
309676064647169 0
309681064749382 0
309686064852972 0
309691064954853 0
309696065055944 0
309701065141046 905
309706065222275 1120
309711065301531 1200
309716065383923 1262
309721065463855 1079
309726065544680 1288
309731065621741 1204
309736065699906 1116
309741065781881 1231
309746065863996 1280
309751065944816 1075
309756066028523 1224
309761066109729 1215
309766066195014 1151
309771066275662 1111
309776066355857 929
309781066436396 409
309786066516405 409
309791066599177 402
309796066680522 408
309801066765071 409
309806066846447 391
309811066928069 411
309816067008058 409
309821067114215 123
309826067200326 0
309831067298011 0
309836067421676 0
309841067510722 1314
309846067595125 1237
309851067676478 1114
309856067763936 1166
309861067846434 1258
309866067926992 1190
309871068009730 1107
309876068091680 1233
309881068176339 1235
309886068258585 1121
309891068340406 1229
309896068422378 1247
309901068505899 1100
309906068587902 1252
309911068669488 1256
309916068750195 509
309921068831684 411
309926068911358 383
309931068993118 410
309936069075228 411
309941069159956 405
309946069243520 410
309951069326695 406
309956069408864 382
309961069493833 0
309966069586773 0
309971069669883 0
309976069757672 0
309981069851958 883
309986069937715 1142
309991070007406 1293
309996070088570 1188
310001070170164 1122
310006070252438 1202
310011070336688 1240
310016070421458 1090
310021070502866 1227
310026070583707 1260
310031070663701 1108
310036070742795 1183
310041070828123 1256
310046070911578 1140
310051070993969 1175
310056071078296 836
310061071158451 413
310066071238438 409
310071071319456 402
310076071397542 406
310081071480328 412
310086071559460 388
310091071640487 411
310096071723178 410
310101071792112 162
310106071878723 0
310111071980704 0
310116072099203 0
310121072182461 0
310126072272979 264
310131072353154 1214
310136072433850 1241
310141072515738 1125
310146072597093 1268
310151072677546 1265
310156072759169 1092
310161072842663 1241
310166072923419 1222
310171073004731 1078
310176073088157 1278
310181073171225 1246
310186073250512 1058
310191073333367 1216
310196073407103 1208
310201073490649 1174
310206073572082 406
310211073652874 418
310216073734132 387
310221073811843 407
310226073892149 411
310231073967455 398
310236074049016 417
310241074128552 407
310246074209837 323
310251074302974 0
310256074410241 0
310261074510862 0
310266074606384 0
310271074713149 0
310276074814371 807
310281074891671 1095
310286074977669 1248
310291075053730 1148
310296075135133 1182
310301075217209 1162
310306075302154 1213
310311075385635 1213
310316075477098 1109
310321075558055 1237
310326075641185 1232
310331075726316 1063
310336075818975 1209
310341075901875 1265
310346075984381 1109
310351076074747 1015
310356076156179 407
310361076240189 417
310366076321134 401
310371076403300 405
310376076484054 414
310381076563353 383
310386076646859 416
310391076728185 409
310396076804540 224
310401076897856 0
310406076992935 0
310411077095638 0
310416077183890 0
310421077291480 0
310426077394329 0
310431077481255 766
310436077555850 1095
310441077637373 1209
310446077724395 1303
310451077818288 1152
310456077900404 1183
310461077980823 1268
310466078063822 1149
310471078154376 1214
310476078235888 1250
310481078327146 1155
310486078410317 1265
310491078491323 1208
310496078568760 1157
310501078651510 1215
310506078731422 820
310511078812599 412
310516078896590 381
310521078982305 415
310526079063449 408
310531079139701 404
310536079225283 408
310541079306060 409
310546079385210 415
310551079467227 100
310556079558149 0
310561079635048 0
310566079730756 0
310571079809062 0
310576079898716 0
310581079972145 0
310586080084351 1008
310591080165681 1254
310596080250659 1247
310601080326267 1124
310606080409687 1238
310611080488512 1302
310616080573513 1107
310621080662469 1266
310626080744557 1231
310631080825961 1099
310636080909562 1216
310641080985600 1281
310646081067227 1139
310651081148463 1233
310656081229094 1235
310661081308163 553
310666081389414 405
310671081472064 401
310676081554633 414
310681081635457 414
310686081714106 375
310691081797993 422
310696081882307 403
310701081966179 406
310706082053262 8
310711082127212 0
310716082210619 0
310721082304449 0
310726082444401 0
310731082549529 942
310736082631782 1090
310741082714853 1303
310746082801461 1242
310751082888989 1148
310756082968193 1270
310761083044523 1153
310766083129511 1229
310771083212818 1283
310776083292237 1162
310781083377137 1124
310786083458179 1296
310791083536966 1209
310796083611082 1084
310801083692757 1297
310806083774232 654
310811083852641 408
310816083934938 389
310821084017096 412
310826084096684 407
310831084182650 404
310836084270713 408
310841084354813 412
310846084435892 383
310851084513839 50
310856084591179 0
310861084678546 0
310866084769590 0
310871084862113 0
310876084947637 0
310881085022471 0
310886085123773 1383
310891085206448 1260
310896085284118 1064
310901085361535 1278
310906085448750 1277
310911085530218 1093
310916085611538 1184
310921085690781 1222
310926085775222 1154
310931085859300 1196
310936085941986 1219
310941086025435 1211
310946086109064 1110
310951086190015 1296
310956086274199 1219
310961086355326 423
310966086435901 412
310971086515596 404
310976086597602 405
310981086677460 413
310986086762374 388
310991086843205 404
310996086930018 411
311001087015199 355
311006087096711 0
311011087187811 0
311016087266645 0
311021087357921 0
311026087448528 0
311031087537671 0
311036087639062 409
311041087720562 1258
311046087801364 1153
311051087884693 1115
311056087970346 1254
311061088050931 1181
311066088128804 1111
311071088210689 1234
311076088289507 1257
311081088372436 1128
311086088447596 1226
311091088529837 1294
311096088617585 1044
311101088692647 1297
311106088773160 1305
311111088854684 1081
311116088935224 408
311121089014934 382
311126089093012 413
311131089174073 410
311136089260039 404
311141089337820 406
311146089417775 414
311151089499648 397
311156089553159 188
311161089632232 0
311166089726823 0
311171089791426 0
311176089855906 0
311181089950191 0
311186090040550 677
311191090124686 1176
311196090211577 1134
311201090293368 1257
311206090369211 1204
311211090449557 1116
311216090530924 1321
311221090614001 1225
311226090692694 1088
311231090774303 1332
311236090856476 1187
311241090936366 1107
311246091017353 1247
311251091096940 1257
311256091179196 1075
311261091258084 937
311266091337182 408
311271091418264 406
311276091499960 410
311281091580316 409
311286091661538 387
311291091739821 408
311296091826174 413
311301091911121 398
311306091999020 207
311311092097653 0
311316092179619 0
311321092292975 0
311326092407092 0
311331092522030 0
311336092638169 0
311341092740033 305
311346092821678 1293
311351092901869 1142
311356092981133 1132
311361093062125 1267
311366093147122 1203
311371093223567 1065
311376093304519 1291
311381093386094 1270
311386093451443 1031
311391093534374 1286
311396093615802 1284
311401093693060 1112
311406093774111 1305
311411093857111 1174
311416093934392 1078
311421094016152 414
311426094096167 382
311431094175287 409
311436094252930 410
311441094332536 409
311446094412915 407
311451094493885 409
311456094575890 412
311461094653374 268
311466094731292 0
311471094817168 0
311476094895672 0
311481094989224 0
311486095093708 0
311491095196946 910
311496095280105 1080
311501095360703 1227
311506095437696 1261
311511095517564 1076
311516095609442 1213
311521095691960 1214
311526095778567 1151
311531095859640 1208
311536095937414 1244
311541096021980 1147
311546096100846 1206
311551096175109 1199
311556096250494 1184
311561096333361 1114
311566096414950 942
311571096495896 411
311576096576836 399
311581096659465 406
311586096745543 412
311591096829986 392
311596096921968 412
311601097007655 403
311606097094284 407
311611097176986 167
311616097268063 0
311621097359243 0
311626097433745 0
