337644859498524 968
337649859589879 1180
337654859664694 677
337659859745410 648
337664859823958 778
337669859904487 587
337674859983113 723
337679860071856 592
337684860170621 684
337689860254406 565
337694860334686 742
337699860415931 580
337704860495401 704
337709860577332 611
337714860668451 699
337719860749400 634
337724860829858 650
337729860909864 609
337734861000848 661
337739861085080 606
337744861169717 675
337749861255133 656
337754861336565 660
337759861417817 243
337764861498189 185
337769861570600 184
337774861653926 302
337779861735433 792
337784861814249 635
337789861893579 655
337794861978118 629
337799862073748 675
337804862152583 645
337809862232174 620
337814862310648 621
337819862390000 649
337824862468484 532
337829862555855 185
337834862636943 188
337839862712436 184
337844862781149 183
337849862859016 191
337854862937009 183
337859863013708 187
337864863095791 188
337869863173964 577
337874863259717 784
337879863341496 619
337884863424784 672
337889863506175 591
337894863582016 670
337899863660336 583
337904863740977 695
337909863819682 554
337914863907894 710
337919863991370 564
337924864077720 495
337929864152057 185
337934864232106 189
337939864308758 185
337944864389231 188
337949864468874 183
337954864547094 185
337959864624356 183
337964864698012 187
337969864787189 40
337974864890928 0
337979864998615 0
337984865082932 0
337989865182800 442
337994865263672 806
337999865344643 651
338004865427198 671
338009865508576 607
338014865588296 670
338019865668901 615
338024865751090 682
338029865830051 605
338034865908638 650
338039865989389 587
338044866076348 680
338049866151991 533
338054866233099 191
338059866312152 181
338064866389250 184
338069866466917 187
338074866546110 185
338079866625982 185
338084866707559 189
338089866792753 185
338094866879310 92
338099866969573 0
338104867067611 0
338109867153930 0
338114867289506 0
338119867349060 0
338124867446212 0
338129867544358 799
338134867624648 559
338139867704360 714
338144867778331 557
338149867858506 717
338154867939866 564
338159868019486 712
338164868098278 563
338169868177969 704
338174868261368 588
338179868343158 707
338184868426674 553
338189868509340 733
338194868596076 261
338199868675615 181
338204868755587 188
338209868831373 182
338214868909752 185
338219868988026 189
338224869067507 188
338229869146892 185
338234869214885 162
338239869294705 0
338244869390188 0
338249869437315 0
338254869533329 0
338259869634901 0
338264869712920 0
338269869793229 0
338274869944266 0
338279870041711 417
338284870119705 586
338289870201764 690
338294870279671 603
338299870357886 682
338304870433261 582
338309870512416 680
338314870590810 579
338319870668285 676
338324870752710 559
338329870830960 691
338334870910905 578
338339870993960 732
338344871080876 565
338349871161566 184
338354871241079 183
338359871314184 187
338364871389583 185
338369871469599 183
338374871550254 186
338379871633314 191
338384871710639 186
338389871794911 83
338394871887864 0
338399871974539 0
338404872089156 0
338409872180062 0
338414872333503 0
338419872435876 0
338424872529619 0
338429872625420 0
338434872735599 0
338439872849131 0
338444872949236 564
338449873026802 702
338454873105785 611
338459873184826 669
338464873264190 601
338469873343620 682
338474873430111 620
338479873509756 662
338484873592018 609
338489873671823 674
338494873744124 614
338499873825020 657
338504873904286 635
338509873987946 386
338514874071925 182
338519874154013 185
338524874236451 188
338529874314243 185
338534874394440 185
338539874472811 188
338544874561322 185
338549874640544 185
338554874719429 22
338559874805082 0
338564874897756 0
338569874977696 0
338574875073010 0
338579875166484 0
338584875258963 0
338589875348485 0
338594875496179 0
338599875596359 0
338604875667252 0
338609875753397 70
338614875830171 721
338619875907991 579
338624875989367 697
338629876076351 598
338634876156842 705
338639876231647 568
338644876320038 714
338649876401750 604
338654876482663 691
338659876562714 611
338664876647997 661
338669876737812 598
338674876817016 658
338679876895262 250
338684876969680 185
338689877050140 185
338694877130186 184
338699877206884 185
338704877287205 188
338709877363139 184
338714877443485 186
338719877526892 149
338724877621260 0
338729877725761 0
338734877826645 0
338739877925066 0
338744878012490 0
338749878102670 0
338754878205646 0
338759878301307 0
338764878408057 0
338769878512672 0
338774878621104 0
338779878729859 0
338784878834750 639
338789878917561 655
338794878994328 603
338799879073963 665
338804879153274 615
338809879230886 658
338814879310011 655
338819879387750 631
338824879469281 641
338829879549733 633
338834879635481 645
338839879719454 644
338844879808343 674
338849879884906 294
338854879964095 182
338859880043255 188
338864880121567 185
338869880201845 185
338874880281839 187
338879880358434 184
338884880434672 186
338889880513412 188
338894880592662 12
338899880679048 0
338904880773231 0
338909880865368 0
338914880967474 0
338919881064459 0
338924881155494 0
338929881267515 0
338934881363568 0
338939881466554 0
338944881571943 0
338949881662663 0
338954881763626 247
338959881844382 626
338964881924645 662
338969882003433 619
338974882083371 609
338979882162189 647
338984882241563 603
338989882320031 656
338994882398926 615
338999882478446 663
339004882557436 645
339009882641171 636
339014882716928 633
339019882797178 649
339024882882561 216
339029882962856 185
339034883046865 181
339039883126721 188
339044883205293 185
339049883283958 185
339054883361488 185
339059883439450 189
339064883566279 122
339069883667359 0
339074883766569 0
339079883852295 0
339084883955116 0
339089884015074 0
339094884147873 0
339099884192471 0
339104884294870 0
339109884356013 0
339114884462277 0
339119884550147 0
339124884644012 0
339129884758885 0
339134884859320 615
339139884934401 667
339144885025720 617
339149885105004 663
339154885188608 614
339159885272859 667
339164885347160 607
339169885424592 656
339174885506243 628
339179885588936 632
339184885673572 665
339189885762035 613
339194885844780 652
339199885924729 355
339204886003953 185
339209886083403 185
339214886162323 182
339219886241002 187
339224886322792 183
339229886400694 185
339234886479069 186
339239886558791 189
339244886652383 12
339249886750406 0
339254886862384 0
339259886943987 0
339264887039303 0
339269887136339 0
339274887241034 0
339279887331242 0
339284887435059 0
339289887530036 0
339294887634843 0
339299887727938 0
339304887835242 0
339309887938527 0
339314888036320 356
339319888116187 593
339324888194450 711
339329888276867 550
339334888349513 717
339339888430659 601
339344888509118 676
339349888588751 591
339354888670850 702
339359888750308 616
339364888826033 665
339369888905499 668
339374888985865 635
339379889063079 520
339384889143692 188
339389889222868 186
339394889300895 185
339399889376906 182
339404889454210 185
339409889532091 188
339414889612321 185
339419889694160 185
339424889741400 63
339429889833749 0
339434889925045 0
339439890018210 0
339444890113519 0
339449890206911 0
339454890311317 0
339459890418473 0
339464890469869 0
339469890561488 0
339474890653336 0
339479890747112 0
339484890801882 0
339489890894141 0
339494890973280 216
339499891051002 668
339504891133858 664
339509891209351 609
339514891290816 642
339519891365164 635
339524891446238 668
339529891521857 601
339534891591523 715
339539891676220 581
339544891753245 687
339549891831108 569
339554891921140 706
339559892010445 590
339564892093679 202
339569892173789 185
339574892251172 185
339579892331847 188
339584892409908 181
339589892489941 186
339594892571163 184
339599892651493 187
339604892723532 99
339609892815921 0
339614892902585 0
339619893007296 0
339624893115049 0
339629893272517 0
339634893362669 0
339639893456147 0
339644893537362 0
339649893629432 0
339654893730528 0
339659893803728 0
339664893897737 0
339669893975203 0
339674894058871 464
339679894141045 599
339684894222538 663
339689894299917 614
339694894378006 653
339699894458208 649
339704894534176 627
339709894614334 650
339714894695816 626
339719894775119 635
339724894854733 629
339729894934492 653
339734895008708 637
339739895088934 504
339744895177338 185
339749895257166 185
339754895338191 187
339759895412156 184
339764895491301 185
339769895567163 185
339774895646016 185
339779895721183 185
339784895804943 63
339789895897532 0
339794895994272 0
339799896103467 0
339804896225185 0
339809896317904 0
339814896427085 0
339819896524878 0
339824896633517 0
339829896784028 0
339834896889865 0
339839896998981 0
339844897109183 0
339849897180520 0
339854897265056 0
339859897362147 462
339864897444969 642
339869897523346 646
339874897606054 650
339879897685978 617
339884897764770 648
339889897843351 597
339894897923583 637
339899898002513 660
339904898082568 644
339909898164250 609
339914898247394 654
339919898325348 614
339924898409457 521
339929898495805 185
339934898577212 184
339939898652857 185
339944898726730 187
339949898802830 182
339954898881798 186
339959898962628 188
339964899042032 185
339969899128768 63
339974899222132 0
339979899314269 0
339984899362733 0
339989899455554 0
339994899548127 0
339999899640578 0
340004899690706 0
340009899783008 0
340014899876639 0
340019899969716 0
340024900053457 0
340029900145970 0
340034900238717 0
340039900334800 633
340044900416728 671
340049900500640 645
340054900579172 657
340059900663053 627
340064900755696 634
340069900835311 649
340074900915964 642
340079900997840 691
340084901080432 596
340089901154906 675
340094901235743 576
340099901324780 728
340104901404042 267
340109901483317 188
340114901563956 185
340119901643206 185
340124901723187 185
340129901808359 184
340134901886301 184
340139901966164 188
340144902002565 156
340149902091974 0
340154902184461 0
340159902277550 0
340164902334330 0
340169902427817 0
340174902521930 0
340179902615537 0
340184902672174 0
340189902762339 0
340194902846529 417
340199902933533 594
340204903014414 676
340209903095900 625
340214903175998 654
340219903255233 635
340224903335895 664
340229903417460 652
340234903491522 628
340239903572027 670
340244903650383 616
340249903733129 683
340254903813439 600
340259903894040 502
340264903973886 185
340269904056365 189
340274904133474 183
340279904211360 185
340284904288464 186
340289904367874 183
340294904446943 187
340299904526301 185
340304904564953 44
340309904650655 0
340314904743718 0
340319904834417 0
340324904878926 0
340329904967807 0
340334905057279 0
340339905148513 0
340344905236607 390
340349905317741 566
340354905413926 721
340359905494234 594
340364905576858 683
340369905658108 624
340374905737602 664
340379905816179 615
340384905896519 667
340389905977223 661
340394906056912 641
340399906125487 656
340404906206702 619
340409906284829 507
340414906367544 185
340419906447826 188
340424906522873 180
340429906601030 189
340434906644764 187
340439906725354 186
340444906804647 182
340449906882984 185
340454906968243 54
340459907058276 0
340464907103967 0
340469907193907 0
340474907284294 0
340479907376267 0
340484907426130 0
340489907531399 0
340494907620137 609
340499907698915 675
340504907777134 641
340509907855994 642
340514907939513 655
340519908029206 623
340524908100054 588
340529908187461 667
340534908257457 576
340539908290875 677
340544908353747 593
340549908442631 665
340554908513018 617
340559908576347 429
340564908606919 188
340569908683187 185
340574908755117 185
340579908795132 185
340584908834285 186
340589908905226 188
340594908965997 179
340599909047699 187
340604909133662 6
340609909242738 0
340614909344682 0
340619909438135 0
340624909494283 0
340629909588828 0
340634909681325 0
340639909773464 0
340644909864768 529
340649909946590 708
340654910025951 569
340659910114250 722
340664910204587 605
340669910287996 704
340674910370024 597
340679910451882 694
340684910530246 653
340689910612323 621
340694910684445 675
340699910762964 627
340704910844252 711
340709910925647 281
340714911006264 188
340719911088756 185
340724911161621 185
340729911237316 185
340734911319684 189
340739911397992 184
340744911471554 179
340749911556722 159
340754911647047 0
340759911740538 0
340764911793877 0
340769911886411 0
340774911979668 0
340779912092096 0
340784912149040 0
340789912231886 201
340794912315471 683
340799912401264 619
340804912479630 650
340809912561319 635
340814912654655 656
340819912735163 613
340824912815132 646
340829912893452 670
340834912973206 623
340839913054566 702
340844913134966 586
340849913228697 731
340854913307495 561
340859913391191 179
340864913468942 185
340869913548260 187
340874913633621 185
340879913710403 183
340884913788878 184
340889913868590 190
340894913950465 183
340899914020490 103
340904914073057 0
340909914179143 0
340914914272714 0
340919914361084 0
340924914410338 0
340929914497569 0
340934914589697 0
340939914675877 0
340944914753006 0
340949914833683 0
340954914924222 0
340959915007475 0
340964915060583 0
340969915142400 570
340974915218869 697
340979915295559 632
340984915373742 664
340989915448800 613
340994915527719 670
340999915614267 637
341004915693843 635
341009915778762 675
341014915860763 612
341019915929248 668
341024916008702 619
341029916088703 715
341034916167195 283
341039916246149 176
341044916325243 186
341049916406492 188
341054916487907 182
341059916570232 188
341064916649000 185
341069916722703 185
341074916797065 166
341079916888000 0
341084916998564 0
341089917103916 0
341094917205182 0
341099917302151 0
341104917406548 0
341109917514454 0
341114917618083 0
341119917719767 0
341124917827894 0
341129917928670 0
341134918039420 0
341139918169603 0
341144918255121 435
341149918333051 644
341154918410866 634
341159918490145 634
341164918569034 653
341169918649105 641
341174918723765 645
341179918805172 729
341184918883542 574
341189918959235 707
341194919038597 600
341199919121984 712
341204919202329 624
341209919279974 432
341214919358847 188
341219919436167 171
341224919515977 188
341229919593256 186
341234919668725 185
341239919747253 185
