356237290793997 559
356242290887866 912
356247290967321 1332
356252291051763 1508
356257291144450 1779
356262291238785 1394
356267291332657 1749
356272291413975 9162
356277291500641 11100
356282291584978 10642
356287291665616 8562
356292291757656 10921
356297291846275 11333
356302291940749 9451
356307292025828 11048
356312292110573 15578
356317292197715 15637
356322292283537 11524
356327292365631 12350
356332292451515 12909
356337292538429 13147
356342292624280 10409
356347292712813 13714
356352292796174 14910
356357292876561 14543
356362292960673 18535
356367293043870 16527
356372293125908 26913
356377293209449 27528
356382293305484 27190
356387293393231 26542
356392293476245 27238
356397293582080 27276
356402293670683 27639
356407293763491 28563
356412293853095 27327
356417293939553 26952
356422294035803 28347
356427294128162 27143
356432294213968 26892
356437294302899 27621
356442294392917 26482
356447294483348 26867
356452294567909 27924
356457294656810 28257
356462294747354 28578
356467294838008 26636
356472294923350 26597
356477295009564 27480
356482295103688 27162
356487295193932 27932
356492295286573 27520
356497295376926 27741
356502295465178 25558
356507295555699 27539
356512295652624 29212
356517295749094 30149
356522295845176 27585
356527295931943 26830
356532296018035 27622
356537296111052 27034
356542296859031 26407
356547296949273 27328
356552297044172 27584
356557297133492 26578
356562297218963 27663
356567297307981 26888
356572297397344 27151
356577297484810 26931
356582297575087 26965
356587297667590 26559
356592297759584 28878
356597297851668 27418
356602297953632 27189
356607298055783 28649
356612298153040 29095
356617298248965 27334
356622298334417 28519
356627298421666 29246
356632298518952 27848
356637298608212 26389
356642298696044 26679
356647298774678 29425
356652298857785 27501
356657298949563 26336
356662299048000 27919
356667299143963 27025
356672299236821 27918
356677299319001 26877
356682299416546 26225
356687299511145 25984
356692299602547 27798
356697299694240 28389
356702299789448 26527
356707299880904 26286
356712299963705 26909
356717300046689 27847
356722300137074 27898
356727300228543 27126
356732300319047 26562
356737300412487 27210
356742300502043 26874
356747300630310 28054
356752300726928 26610
356757300816966 27228
356762300908078 26113
356767301002301 27849
356772301093346 27076
356777301179673 26075
356782301264126 26078
356787301354957 27170
356792301448999 26826
356797301535293 27571
356802301621889 26483
356807301713976 29197
356812301803751 26816
356817301889146 26776
356822301969456 27311
356827302054115 26876
356832302144373 26316
356837302236268 27708
356842302321444 26832
356847302409802 26808
356852302503207 26773
356857302594106 26440
356862302686720 27042
356867302789423 26873
356872302880955 27256
356877302978461 26823
356882303078516 27428
356887303167750 26912
356892303254310 26414
356897303345328 26964
356902303436839 27865
356907303527931 27175
356912303615115 29595
356917303702455 27913
356922303794991 27385
356927303885798 27808
356932303969206 27481
356937304053601 26639
356942304143906 26577
356947304227215 26543
356952304313907 27634
356957304411448 27329
356962304495917 26746
356967304582510 26903
356972304673071 26306
356977304761452 26865
356982304846568 26902
356987304936310 26813
356992305030360 26853
356997305129830 25919
357002305212978 27487
357007305298877 27167
357012305389181 26265
357017305479761 25964
357022305569245 25746
357027305660528 28165
357032305750197 25915
357037305833173 26821
357042305921103 26889
357047306009234 27447
357052306101662 26104
357057306187623 27010
357062306272339 26344
357067306356798 25944
357072306439635 26907
357077306529276 27229
357082306618029 26235
357087306704519 27880
357092306798944 27795
357097306890264 27632
357102306973301 27206
357107307062044 26842
357112307144512 26612
357117307235923 26932
357122307322457 27477
357127307409727 26975
357132307496453 26244
357137307596808 26917
357142307687874 27108
357147307775466 28035
357152307861111 27468
357157307952598 26376
357162308034802 26905
357167308119021 26504
357172308203159 26495
357177308291799 27423
357182308376553 29354
357187308458161 27512
357192308550092 25906
357197308635333 27317
357202308725843 25867
357207308816421 25781
357212308905431 27010
357217308993173 26904
357222309075564 26564
357227309159607 26420
357232309248505 27172
357237309339578 26355
357242309427682 26916
357247309524177 26725
357252309613665 26661
357257309706258 27197
357262309789791 28035
357267309884835 26122
357272309978607 27910
357277310062664 26223
357282310145218 27714
357287310232533 27141
357292310324525 26344
357297310415688 25566
357302310500127 26893
357307310582322 28212
357312310670138 26139
357317310744966 26620
357322310826971 25346
357327310913552 26343
357332311000786 25983
357337311088342 27219
357342311177452 27008
357347311272298 26977
357352311366395 25817
357357311453909 26938
357362311546128 26870
357367311631389 26491
357372311730349 27272
357377311820554 26784
357382311909167 26296
357387311998833 26576
357392312099755 26752
357397312186377 25937
357402312273211 26184
357407312359915 27712
357412312451435 25976
357417312539313 26646
357422312627904 27470
357427312716234 27575
357432312799761 26999
357437312896151 27193
357442312981208 26885
357447313071413 27193
357452313175542 26637
357457313826479 25379
357462313917442 25934
357467314006599 27074
357472314096390 26378
357477314182868 26207
357482314268279 26795
357487314353145 26069
357492314436464 25976
357497314520624 27901
357502314617450 26322
357507314702074 26886
357512314789272 26599
357517314873569 26825
357522314961401 26676
357527315053532 26065
357532315141981 26746
357537315226749 25965
357542315310783 26289
357547315395576 26107
357552315479276 26623
357557315562064 27231
357562315652528 27247
357567315744742 26543
357572315842620 27133
357577315932676 27134
357582316012328 26493
357587316104316 26334
357592316192319 26034
357597316278660 27140
357602316362533 26649
357607316446691 26548
357612316539088 26842
357617316631062 26915
357622316716507 27802
357627316800408 26708
357632316887175 27905
357637316978790 29005
357642317068037 27356
357647317163637 26102
357652317255415 27132
357657317342721 26495
357662317429475 26559
357667317516565 26223
357672317603842 26900
357677317694841 26030
357682317782293 26911
357687317868183 26686
357692317947916 28418
357697318043255 26189
357702318127436 26749
357707318199615 27990
357712318293206 27382
357717318391116 27975
357722318480101 26702
357727318563696 27483
357732318650684 27159
357737318745435 26368
357742318835650 26513
357747318927558 26802
357752319015711 27414
357757319093117 26228
357762319173973 25980
357767319262191 26502
357772319356471 26791
357777319451430 26785
357782319558274 26348
357787319643788 26848
357792319726970 26597
357797319812709 26963
357802319896564 27059
357807319979287 26477
357812320080789 26728
357817320167347 26195
357822320263459 26412
357827320352434 26289
357832320440705 26861
357837320539316 26719
357842320633129 26436
357847320722190 26073
357852320808255 27115
357857320896538 26543
357862320991460 27072
357867321075819 26856
357872321178457 27074
357877321266800 26178
357882321355125 26487
357887321441757 26433
357892321522899 27606
357897321611866 27341
357902321698342 26101
357907321804672 27716
357912321905934 29773
357917321986328 27053
357922322068717 28729
357927322160109 26188
357932322253745 26917
357937322335747 25266
357942322419468 27128
357947322508665 26937
357952322594625 27418
357957322689076 27364
357962322782067 29222
357967322874604 27388
357972322962487 26167
357977323054713 26410
357982323157977 26027
357987323265037 27275
357992323359089 26492
357997323447360 26969
358002323542229 25813
358007323634385 26300
358012323730768 25924
358017323824853 26563
358022323909544 25874
358027323990103 26898
358032324084769 26747
358037324169332 26206
358042324261171 26538
358047324362194 26095
358052324448421 26834
358057324540378 26963
358062324622227 26116
358067324696887 27567
358072324780732 27432
358077324870766 26609
358082324965004 26770
358087325065540 27665
358092325155974 26566
358097325238209 26635
358102325326091 25767
358107325414088 28042
358112325496314 28086
358117325584297 25795
358122325682723 26385
358127325769561 26383
358132325856988 27894
358137325942751 26293
358142326030447 26895
358147326125105 26444
358152326210684 26688
358157326302142 26052
358162326391702 26874
358167326478357 26645
358172326565251 26845
358177326650350 27310
358182326733958 27168
358187326820725 26570
358192326907662 25726
358197326993070 25866
358202327080072 26642
358207327174193 26354
358212327273802 26698
358217327357067 27409
358222327473959 25976
358227327581099 28127
358232327670036 26407
358237327756006 26015
358242327840737 26460
358247327928687 25944
358252328013312 26729
358257328107145 27223
358262328205523 27256
358267328295832 26737
358272328381171 26134
358277328470556 27478
358282328551352 26714
358287328637406 26615
358292328727548 26322
358297328816179 26307
358302328905211 26702
358307328993834 26547
358312329084409 27697
358317329174406 26522
358322329270164 27416
358327329360711 27603
358332329444558 25111
358337329542301 26709
358342329631303 26158
358347329721425 26278
358352329806270 26660
358357329894997 26871
358362329980817 28185
358367330064650 27386
358372330155196 26434
358377330240445 25635
358382330333156 26273
358387330425896 25513
358392330526731 26279
358397330623442 26431
358402330724214 26724
358407330813036 26805
358412330905838 26494
358417330992460 27024
358422331079028 26660
358427331157540 26512
358432331240468 26816
358437331331138 26590
358442331419832 27082
358447331506353 26623
358452331593072 27511
358457331676877 26884
358462331759520 27185
358467331848302 26523
358472331935562 25988
358477332018117 26795
358482332106567 27235
358487332196381 26001
358492332283991 26100
358497332368665 26218
358502332454946 25615
358507332547413 26741
358512332634360 27468
358517332721374 28292
358522332804992 26110
358527332892079 27191
358532332987963 27157
358537333077850 26754
358542333162506 26330
358547333244103 26700
358552333327611 26746
358557333415699 27495
358562333506255 27676
358567333601469 29514
358572333703347 26606
358577333815772 27306
358582333925720 26810
358587334019514 26171
358592334115403 25782
358597334201403 27027
358602334309825 26412
358607334399790 29374
358612334481745 27245
358617334577504 27443
358622334665657 28182
358627334742521 27399
358632334833679 27495
358637334922776 26143
358642335007285 26142
358647335094850 27281
358652335192879 27213
358657335284132 26492
358662335366320 26466
358667335450099 27064
358672335530618 26466
358677335616123 26386
358682335704560 26682
358687335793596 26912
358692335878603 26659
358697335965826 26516
358702336052749 26405
358707336147399 25930
358712336240318 27109
358717336337630 27296
358722336430201 25904
358727336519870 26658
358732336615387 26145
358737336714639 26916
358742336815576 27460
358747336914063 27997
358752337007664 27755
358757337097360 26869
358762337186089 26538
358767337274410 28191
358772337368041 26308
358777337453807 27576
358782337543038 27216
358787337632629 27919
358792337719562 26715
358797337820583 27357
358802337920977 28764
358807338022251 26899
358812338112364 27605
358817338211818 26927
358822338307149 28109
358827338401921 27307
358832338498371 27377
358837338593805 26641
358842338686811 27742
358847338770337 26458
358852338857714 26136
358857338944125 27664
358862339049263 28375
358867339135494 28400
358872339222607 26747
358877339311162 26833
358882339399086 27121
358887339488307 27366
358892339582843 27203
358897339674677 26490
358902339772626 27231
358907339881316 28149
358912339972919 27941
358917340058046 25440
358922340154090 27945
358927340242924 26987
358932340332364 26948
358937340439125 26997
358942340533380 27129
358947340634754 28028
358952340737607 28219
358957340854983 26719
358962340943640 25708
358967341034508 26086
358972341130301 26617
358977341227060 26521
358982341326132 26467
358987341419078 26774
358992341517509 28262
358997341636775 25955
359002341729515 27034
359007341818178 26235
359012341909612 26473
359017342003486 27312
359022342093326 26612
359027342185867 27741
359032342283065 26483
359037342380716 27624
359042342473437 26754
359047342566873 25798
359052342662150 27247
359057342757333 27959
359062342846780 28909
359067342932865 26924
359072343022882 27368
359077343112332 27295
359082343197400 28880
359087343292675 25627
359092343395777 26367
359097343485283 25652
359102343580396 28041
359107343673916 27811
359112343769373 26866
359117343871958 26631
359122343967549 27313
359127344012083 25383
359132344097688 26378
359137344184252 25622
359142344267930 27314
359147344351054 25970
359152344435342 26796
359157344522850 27162
359162344609000 25687
359167344691391 26035
359172344774845 27145
359177344874047 26418
359182344968605 26567
359187345068114 26301
359192345177615 27241
359197345271605 28112
359202345364569 26017
359207345459714 27508
359212345552224 27271
359217345649816 27775
359222345738519 25795
359227345826335 25778
359232345919793 26751
359237346017082 29040
359242346111447 27508
359247346202278 25567
359252346303502 27595
359257346396734 28640
359262346481688 27821
359267346567511 26331
359272346654199 27202
359277346747524 28516
359282346844630 27794
359287346941328 26334
359292347031859 27588
359297347122715 27278
359302347210227 25993
359307347297577 26357
359312347388861 28286
359317347481800 26859
359322347569214 28323
359327347659494 26868
359332347745292 26474
359337347836239 26407
359342347936640 27019
359347348018645 27384
359352348117550 27557
359357348211055 27304
359362348298584 27952
359367348386107 26216
359372348483563 26754
359377348580008 27687
359382348677897 27236
359387348841487 27577
359392348938461 26770
359397349031394 26157
359402349126161 26899
359407349219217 26687
359412349312510 27371
359417349403136 27270
359422349494122 27379
359427349584682 27016
359432349674590 26927
359437349769597 27768
359442349877231 27972
359447349983822 26728
359452350072921 27857
359457350159259 27108
359462350244480 26281
359467350333357 26701
359472350427045 27344
359477350514992 26867
359482350598117 27792
359487350708683 26416
359492350806320 26964
359497350907988 29769
359502351011105 27735
359507351113616 28298
359512351211466 28277
359517351287877 25850
359522351387968 26920
359527351475439 26359
359532351561198 26815
359537351654213 28886
359542351743386 26436
359547351829707 28537
359552351920390 26391
359557352011240 27533
359562352110517 28397
359567352206319 26635
359572352296252 25909
359577352378603 25789
359582352462807 28950
359587352551061 26751
359592352631578 27599
359597352717856 27337
359602352805462 26933
359607352894012 25770
359612352980494 25743
359617353065441 26347
359622353154299 28052
359627353250058 26072
359632353352932 27104
359637353458317 27527
359642353562560 26929
359647353667263 27727
359652353762964 27358
359657353851525 27469
359662353943663 28331
359667354055104 28703
359672354154501 26653
359677354257027 27512
359682354369933 27253
359687354465159 27939
359692354560633 27921
359697354654229 26800
359702354776138 29855
359707354879033 27089
359712354977057 25947
359717355080816 27860
359722355184319 26851
359727355287002 28448
359732355390623 28801
359737355493241 28166
359742355593971 25650
359747355688002 26379
359752355772391 27728
359757355877443 26837
359762355977206 27472
359767356082883 26796
359772356171430 26259
359777356272703 27933
359782356373972 27587
359787356461273 27623
359792356556880 27759
359797356641135 27343
359802356726955 27753
359807356818024 25319
359812356913781 27327
359817357017391 26004
359822357108026 26902
359827357200501 26895
359832357316814 29635
