326464007758103 7471
326469007890379 9682
326474007994652 10790
326479008089079 8993
326484008168430 11764
326489008251043 13073
326494008304783 5335
326499008392163 3495
326504008475441 3971
326509008557539 2652
326514008639358 3716
326519008714427 3445
326524008800424 12087
326529008889131 13157
326534008981037 11419
326539009065653 9242
326544009152413 8410
326549009212062 6373
326554009279228 4081
326559009355339 10106
326564009440570 24571
326569009526383 21634
326574009615337 25548
326579009701917 22842
326584009793574 22814
326589009875231 21616
326594009960123 22482
326599010045052 20738
326604010131238 20559
326609010215416 18954
326614010299001 20332
326619010384912 19456
326624010475405 17440
326629010542233 24431
326634010621246 29831
326639010716946 29673
326644010806825 30058
326649010897880 28753
326654010978889 29448
326659011059502 29885
326664011137738 30477
326669011223646 30171
326674011312077 30007
326679011396134 30661
326684011480059 30908
326689011568515 29050
326694011663566 30722
326699011753899 29692
326704011841591 30817
326709011930785 30252
326714012018893 29631
326719012099402 29679
326724012175209 29153
326729012261650 29549
326734012346418 29900
326739012435130 30255
326744012519467 29924
326749012603857 29606
326754012684548 30312
326759012764493 31036
326764012846794 31704
326769012919882 29984
326774013000124 29731
326779013080310 31103
326784013153021 29380
326789013229494 29555
326794013298904 29050
326799013372792 29793
326804013453227 30411
326809013538475 30764
326814013614865 30564
326819013696800 29914
326824013789056 30688
326829013889295 30522
326834013972701 30248
326839014045122 30080
326844014118204 29355
326849014213094 29731
326854014309472 29156
326859014390963 29524
326864014473760 30187
326869014561106 30916
326874014640011 30526
326879014724202 30192
326884014813386 30228
326889014894077 30012
326894014975841 30271
326899015057405 30464
326904015126597 30170
326909015198471 31034
326914015279436 29753
326919015355477 29511
326924015446010 29415
326929015529665 29370
326934015580606 29911
326939015665895 30069
326944015752451 30310
326949015836160 29945
326954015903675 29925
326959015981680 29928
326964016066799 29429
326969016148753 29558
326974016233566 29159
326979016323552 29836
326984016402517 30090
326989016489464 30236
326994016574232 30097
326999016641224 29774
327004016726311 29570
327009016794547 29396
327014016872449 29641
327019016954878 29603
327024017036296 30017
327029017117894 30003
327034017189732 30402
327039017267505 30122
327044017351456 28875
327049017428067 29308
327054017521230 29505
327059017615014 29449
327064017683712 30405
327069017772524 30425
327074017847222 30147
327079017927220 30315
327084018012159 30111
327089018081241 30621
327094018165206 29910
327099018240868 29988
327104018321239 29293
327109018407646 29322
327114018473439 28931
327119018555929 29496
327124018646669 30108
327129018732987 30384
327134018813815 30506
327139018894392 30367
327144018963997 30668
327149019039687 30393
327154019122859 31530
327159019195021 29847
327164019265371 29984
327169019336330 30021
327174019416884 29084
327179019484349 29090
327184019556207 28832
327189019642420 29505
327194019721163 30253
327199019801274 29712
327204019865571 30043
327209019942149 30341
327214020021100 29284
327219020103028 29162
327224020179384 29190
327229020258924 29707
327234020336981 30140
327239020424468 28818
327244020510706 29280
327249020574527 29698
327254020658443 29568
327259020738592 30661
327264020816947 29566
327269020897565 30267
327274020972682 30685
327279021051600 29837
327284021136917 30122
327289021223660 30405
327294021307845 30019
327299021394901 30618
327304021483577 30577
327309021563981 30485
327314021921315 29955
327319022004899 30701
327324022085634 29904
327329022164508 30156
327334022247958 30559
327339022334251 30027
327344022427479 30038
327349022504373 30045
327354022583909 30404
327359022667991 30080
327364022741851 30066
327369022820001 30070
327374022897408 30155
327379022982040 30110
327384023064295 30026
327389023139799 30570
327394023209375 30010
327399023290163 30535
327404023367335 30501
327409023456993 30593
327414023546617 30133
327419023642873 29990
327424023720723 29116
327429023799979 28958
327434023879309 29019
327439023957340 29761
327444024015106 30182
327449024095758 30137
327454024180728 30245
327459024261785 30089
327464024335675 30047
327469024410033 29872
327474024482128 30143
327479024561139 30007
327484024647601 30041
327489024730404 30647
327494024803626 29919
327499024879934 28927
327504024960378 29430
327509025043890 29081
327514025123717 29883
327519025208657 29541
327524025278688 28811
327529025354539 28839
327534025440803 29597
327539025522820 29600
327544025597767 30247
327549025693069 28955
327554025778519 28967
327559025835861 28913
327564025919954 29708
327569026031152 29885
327574026113108 30246
327579026194663 30156
327584026273318 28930
327589026349318 29066
327594026430753 29390
327599026516413 29850
327604026601172 30589
327609026685760 30604
327614026767627 30000
327619026853759 30552
327624026947052 30109
327629027020562 30483
327634027125980 30093
327639027211925 29992
327644027292949 30541
327649027377802 29845
327654027460910 30231
327659027558762 30243
327664027645046 30106
327669027728800 30933
327674027811858 29883
327679027893858 30512
327684027970334 30350
327689028046949 30592
327694028125203 30599
327699028195960 29785
327704028278656 31142
327709028360593 29983
327714028444328 30166
327719028520067 30558
327724028597369 30347
327729028687078 30218
327734028775427 29969
327739028859132 29985
327744028935836 30080
327749029021593 29855
327754029088849 29879
327759029165129 30206
327764029245876 30046
327769029328671 29930
327774029415320 30531
327779029499669 30262
327784029581982 30397
327789029666750 29229
327794029744315 29446
327799029816223 29274
327804029888479 29912
327809029969510 30363
327814030052622 30323
327819030134404 29914
327824030213386 30381
327829030290077 30699
327834030368203 30072
327839030440464 29968
327844030523678 29931
327849030607546 30158
327854030692628 30011
327859030778182 30134
327864030861588 30671
327869030933282 30282
327874031000168 30054
327879031081922 29201
327884031169887 29449
327889031245700 29866
327894031320143 29689
327899031404535 30481
327904031486388 30441
327909031565213 29829
327914031651246 30056
327919031734491 29856
327924031822279 29678
327929031906228 29998
327934031971736 30072
327939032053108 30052
327944032136845 30294
327949032226816 29635
327954032308949 29434
327959032394014 29622
327964032483597 29710
327969032561377 31959
327974032641453 30180
327979032722989 30026
327984032783092 29699
327989032864831 30557
327994032950248 29907
327999033015726 29336
328004033086914 30399
328009033175858 30149
328014033270387 30188
328019033354659 30174
328024033439626 30085
328029033519527 30157
328034033593841 31672
328039033674304 29071
328044033757403 30017
328049033841685 29109
328054033941960 29219
328059034022536 30406
328064034102187 30092
328069034182367 30300
328074034272859 29086
328079034357488 28912
328084034442104 30424
328089034526419 30273
328094034614622 30105
328099034698932 28823
328104034779319 29140
328109034862519 29079
328114034943536 29643
328119035009095 30126
328124035068823 30349
328129035140632 30474
328134035219783 30302
328139035294149 30010
328144035423000 30740
328149035499210 30419
328154035569696 30170
328159035657170 30303
328164035745896 29968
328169035825942 30351
328174035908027 29848
328179035989619 29600
328184036062778 29734
328189036146974 30349
328194036260853 30733
328199036342261 30817
328204036420897 30243
328209036500845 30219
328214036580810 30673
328219036666172 30726
328224036759049 29903
328229036844605 29687
328234036927980 29241
328239037012793 28895
328244037088080 29552
328249037168210 30127
328254037254230 29909
328259037338494 30126
328264037423544 30075
328269037503488 30282
328274037580274 30150
328279037666598 30914
328284037752320 30459
328289037833290 30314
328294037933154 30421
328299038011219 30377
328304038089816 30199
328309038165682 30100
328314038248585 29981
328319038330142 31444
328324038409849 30332
328329038486451 30561
328334038555653 30079
328339038629784 29844
328344038708810 29882
328349038790264 30480
328354038872289 30469
328359038947356 30030
328364039026305 30439
328369039132494 29969
328374039202757 30158
328379039281496 30315
328384039363967 30418
328389039450758 30503
328394039532281 30160
328399039606491 30508
328404039674232 30382
328409039750558 29985
328414039829307 29872
328419039909981 29957
328424039987729 30127
328429040078552 29696
328434040160359 30148
328439040235379 30182
328444040306217 30326
328449040385158 29964
328454040456670 30571
328459040534118 29080
328464040617233 29191
328469040702519 29141
328474040787778 29640
328479040875435 29575
328484040960230 29236
328489041044248 28872
328494041122982 29015
328499041188570 29826
328504041273507 30030
328509041373766 30197
328514041458415 30126
328519041542652 30368
328524041623499 30090
328529041698403 30335
328534041779237 30245
328539041858189 30254
328544041939081 30539
328549042019916 30137
328554042087597 30113
328559042171073 30987
328564042255164 30247
328569042330683 30130
328574042409474 30107
328579042486330 29673
328584042559039 30142
328589042639026 30549
328594042713482 29863
328599042788128 29825
328604042869317 30146
328609042948194 30218
328614043031069 30625
328619043114445 30434
328624043203339 30248
328629043282906 30151
328634043370553 29983
328639043455296 30130
328644043527566 29960
328649043610471 29223
328654043692947 28824
328659043774377 28953
328664043844344 29760
328669043925795 29931
328674044008581 28981
328679044093266 28867
328684044178489 29687
328689044259233 29691
328694044350263 29710
328699044412298 28853
328704044496043 28980
328709044584336 29780
328714044668336 29275
328719044748089 29833
328724044820647 29722
328729044902853 29263
328734044981036 29089
328739045047089 29662
328744045130186 30173
328749045216234 30534
328754045295345 30548
328759045384158 30005
328764045470115 31526
328769045554200 30609
328774045644723 30343
328779045727007 30730
328784045805179 30410
328789045889125 30206
328794045964480 29924
328799046043271 30196
328804046124393 29568
328809046192891 29830
328814046274575 30371
328819046361566 29957
328824046442962 30045
328829046537509 30200
328834046605283 30800
328839046693240 29902
328844046784152 29102
328849046867348 28854
328854046950459 28971
328859047030627 29613
328864047111796 30068
328869047192487 29994
328874047270491 30530
328879047362662 30122
328884047443571 30061
328889047531536 30056
328894047614820 30949
328899047698095 29843
328904047785241 30591
328909047869202 30607
328914047955553 30345
328919048044887 31165
328924048118404 30125
328929048199558 31006
328934048285206 29329
328939048360866 28965
328944048424162 28710
328949048504065 29176
328954048573175 29596
328959048640329 29499
328964048726432 29153
328969048796066 29055
328974048882585 29215
328979048971176 29757
328984049056694 29500
328989049139508 28894
328994049223232 28911
328999049310085 29318
329004049394554 30042
329009049479813 30119
329014049556027 30373
329019049635540 30003
329024049712650 29744
329029049790341 30372
329034049863834 30209
329039049940558 29468
329044050021005 29683
329049050095029 29781
329054050171834 30504
329059050252603 30616
329064050335667 29947
329069050414092 30859
329074050496504 29981
329079050576207 30316
329084050639930 30556
329089050718538 30316
329094050801704 30541
329099050884897 30279
329104050968963 30364
329109051055514 29868
329114051136834 30114
329119051216261 30363
329124051300545 30321
329129051376543 30108
329134051457558 30276
329139051545366 30085
329144051621971 30286
329149051702900 30104
329154051779643 30146
329159051862607 28892
329164051955211 28685
329169052035392 28963
329174052115825 30280
329179052195714 30250
329184052275898 29827
329189052342395 29825
329194052421951 30100
329199052503678 29942
329204052593757 30464
329209052676159 30380
329214052746240 29954
329219052836085 30283
329224052913327 30226
329229053001135 30032
329234053093242 30136
329239053169464 30295
329244053248785 30071
329249053315053 30164
329254053392463 29975
329259053478546 30393
329264053554197 30230
329269053617296 30144
329274053690402 30269
329279053773576 30382
329284053843403 29605
329289053937019 32611
329294054027152 30117
329299054114008 29905
329304054206776 30354
329309054284594 30156
329314054365089 29998
329319054441726 30217
329324054522786 30144
329329054603750 30991
329334054683511 30750
329339054763346 30352
329344054845498 30096
329349054925381 30793
329354055010301 30317
329359055087269 30494
329364055168610 29958
329369055249158 30050
329374055324787 30068
329379055389337 29826
329384055452698 29723
329389055527755 30466
329394055615356 30470
329399055697296 29749
329404055758765 29847
329409055817804 30151
329414055900768 30441
329419055984583 29778
329424056073603 29853
329429056145457 29801
329434056227520 29949
329439056304277 30123
329444056382265 30229
329449056465888 30027
329454056552081 30598
329459056637873 30547
329464056711037 29785
329469056805911 29063
329474056946383 29358
329479057018541 29290
329484057105683 30037
329489057188087 29280
329494057272640 29775
329499057356405 29371
329504057436679 29004
329509057508985 29342
329514057590757 30094
329519057654277 29744
329524057729066 29494
329529057806654 28918
329534057889232 28936
329539057970861 29927
329544058056936 30088
329549058149316 28952
329554058236527 29250
329559058316495 28779
329564058396335 29553
329569058472887 30255
329574058553331 30147
329579058633288 30103
329584058714033 30067
329589058796344 30128
329594058863399 29844
329599058941177 30362
329604059010569 30178
329609059096099 30175
329614059177841 30300
329619059258656 29900
329624059341929 29883
329629059426541 30971
329634059506994 30168
329639059588103 29872
329644059673955 30280
329649059757334 30110
329654059832654 29933
329659059915184 30414
329664060006576 29849
329669060089382 29977
329674060170850 30508
329679060253134 29700
329684060332745 29878
329689060398812 30330
329694060481361 29989
329699060545698 30473
329704060626954 29775
329709060704089 29988
329714060782444 29987
329719060858752 30065
329724060936320 30287
329729061014433 30797
329734061097248 29859
329739061179443 30300
329744061232757 30041
329749061311274 30736
329754061391525 30259
329759061476336 30189
329764061558798 30126
329769061632587 30017
329774061713011 30212
329779061795813 30773
329784061846860 29985
329789061927163 30338
329794062014386 29840
329799062105461 29913
329804062196838 30024
329809062280384 30330
329814062365168 30030
329819062425235 29882
329824062507658 30002
329829062590825 29678
329834062656237 30084
329839062735653 30460
329844062818652 30197
329849062896881 30217
329854062968407 30317
329859063046871 30462
329864063130507 30762
329869063214802 30345
329874063296789 30380
329879063383561 29674
329884063449579 29915
329889063528819 30342
329894063598743 29735
329899063679216 30077
329904063755326 30412
329909063835336 30134
329914063909375 29200
329919063980200 29124
329924064069643 29125
329929064156293 29413
329934064240453 29944
329939064317870 30020
329944064397631 29597
329949064471587 30344
329954064541372 30020
329959064618337 29835
329964064698617 29908
329969064782203 29660
329974064868239 30290
329979064937066 30279
329984065018078 29674
329989065088641 30144
329994065175186 30181
329999065262403 30505
330004065347942 30216
330009065430812 30248
330014065514750 30412
330019065586807 30459
330024065668330 30103
330029065727468 30381
330034065807017 30406
330039065883287 30301
330044065951652 30445
330049066031915 30155
330054066115211 30346
330059066199328 30742
