293230919222159 3667
293235919328789 3483
293240919420744 2093
293245919499557 3404
293250919582078 1492
293255919668585 1452
293260919750336 2676
293265919816716 1487
293270919918738 1484
293275920007637 1343
293280920093333 2376
293285920189261 1549
293290920275593 1313
293295920359751 1670
293300920448221 1496
293305920528498 1441
293310920613580 1284
293315920700157 1674
293320920783972 1416
293325920863704 1435
293330920944359 1318
293335921029846 1575
293340921113067 1426
293345921196430 1428
293350921276252 1339
293355921352416 1323
293360921440148 1619
293365921529767 1384
293370921612895 1471
293375921702410 1362
293380921783519 1418
293385921861948 1409
293390921942337 1278
293395922027103 1294
293400922110366 1442
293405922199975 1527
293410922284696 1332
293415922369445 1310
293420922453298 1380
293425922534052 1550
293430922614625 1424
293435922697672 1440
293440922782878 1357
293445922853296 1267
293450922943487 1328
293455923027734 1485
293460923114339 1435
293465923192133 1338
293470923271595 1420
293475923353632 1331
293480923438517 1341
293485923493928 1398
293490923568602 1247
293495923627183 1429
293500923709563 1340
293505923799594 1169
293510923880090 1224
293515923955432 1277
293520924034651 1397
293525924112974 1575
293530924194734 1357
293535924281822 1530
293540924364994 1396
293545924446644 1341
293550924525048 1288
293555924605418 1400
293560924686348 1366
293565924745539 1389
293570924824355 1524
293575924908328 1181
293580924989707 1318
293585925047686 1292
293590925106080 1270
293595925186395 1320
293600925259960 1394
293605925332382 1289
293610925386812 1203
293615925461705 1321
293620925536448 1398
293625925614564 1358
293630925692164 1191
293635925768823 1238
293640925845770 1191
293645925932218 1504
293650926015436 1553
293655926101115 1438
293660926185196 1137
293665926272078 1327
293670926353664 1379
293675926439457 1205
293680926519722 1335
293685926603079 1294
293690926676922 1259
293695926755323 1316
293700926834947 1434
293705926915939 1343
293710926977700 1400
293715927060528 1363
293720927116181 1196
293725927203209 1465
293730927252617 1199
293735927322652 1351
293740927389900 1299
293745927461846 1269
293750927525632 1301
293755927576628 1434
293760927630714 1449
293765927716249 1330
293770927796779 1212
293775927873426 1300
293780927955069 1438
293785927995737 1275
293790928087395 1280
293795928141204 1325
293800928218827 1393
293805928342320 1251
293810928418294 1266
293815928487121 1432
293820928566958 1422
293825928626115 1387
293830928674897 1332
293835928737604 1217
293840928794138 1319
293845928873471 1350
293850928964202 1177
293855929041592 1285
293860929123993 1273
293865929189806 1285
293870929269845 1289
293875929359083 1395
293880929446682 1495
293885929519976 1475
293890929602214 1190
293895929685795 1238
293900929745157 1459
293905929829187 1492
293910929911776 1091
293915929995628 1247
293920930075847 1425
293925930149180 1201
293930930221025 1264
293935930301869 1229
293940930384427 1219
293945930468334 1459
293950930554805 1456
293955930638049 1321
293960930708655 1394
293965930789570 1180
293970930884497 1263
293975930973350 1417
293980931050545 1245
293985931144005 1365
293990931228619 1316
293995931312793 1299
294000931391705 1251
294005931447782 1511
294010931521218 1401
294015931604815 1383
294020931693626 1253
294025931777119 1167
294030931860086 1173
294035931940294 1406
294040932023205 1373
294045932107468 1125
294050932187746 1336
294055932267827 1317
294060932349572 1354
294065932430206 1210
294070932512438 1280
294075932599612 1245
294080932679781 1341
294085932764101 1552
294090932839212 1394
294095932909899 1387
294100932990256 1234
294105933088113 1162
294110933160866 1218
294115933242613 1462
294120933314011 1217
294125933393757 1178
294130933474276 1446
294135933554499 1280
294140933635588 1367
294145933714780 1339
294150933791749 1185
294155933869363 1490
294160933939765 1479
294165934017503 1372
294170934106798 1211
294175934192424 1176
294180934260880 1264
294185934333442 1178
294190934419413 1354
294195934493541 1487
294200934549854 1106
294205934634991 1092
294210934708766 1288
294215934790384 1502
294220934869252 1536
294225934947612 1351
294230935019948 1372
294235935100902 1421
294240935148372 1236
294245935208614 1206
294250935275005 1281
294255935371387 1212
294260935448849 1131
294265935529701 1311
294270935608354 1513
294275935685701 1250
294280935741359 1166
294285935798656 1240
294290935882984 1387
294295935955073 1488
294300936030657 1339
294305936104900 1277
294310936178258 1373
294315936254166 1427
294320936329723 1403
294325936409348 1253
294330936483595 1154
294335936553148 1156
294340936633819 1213
294345936709952 1242
294350936795589 1482
294355936883974 1064
294360936920133 1163
294365937006134 1413
294370937095214 1331
294375937182141 1502
294380937260154 1350
294385937347802 1404
294390937430553 1483
294395937509650 1435
294400937593939 1389
294405937675936 1229
294410937752901 1253
294415937839809 1274
294420937939811 1211
294425938028471 1476
294430938094900 1184
294435938180444 1153
294440938262191 1297
294445938333750 1256
294450938418161 1344
294455938482756 1342
294460938522898 1267
294465938604635 1428
294470938687726 1376
294475938758627 1494
294480938792837 1214
294485938878371 1204
294490938953461 1206
294495939039437 1151
294500939075049 1179
294505939155440 1159
294510939228689 1440
294515939313518 1142
294520939361943 1138
294525939441791 1276
294530939504361 1294
294535939568462 1272
294540939600991 1174
294545939679584 1314
294550939756292 1375
294555939835482 1458
294560939871668 1463
294565939963182 1235
294570940054880 1212
294575940137366 1222
294580940202788 1181
294585940280765 1159
294590940343067 1218
294595940397555 1162
294600940472982 1464
294605940536930 1359
294610940596557 1116
294615940674950 802
294620940707980 1271
294625940804959 1265
294630940882109 1293
294635940967367 1303
294640941001493 1259
294645941076520 1296
294650941157466 1329
294655941221222 1400
294660941273842 1340
294665941347285 1304
294670941430680 1256
294675941504518 1138
294680941586285 1117
294685941661210 1206
294690941738508 1300
294695941813500 1270
294700941898117 1431
294705941959123 909
294710942043533 1038
294715942109662 1235
294720942197520 1300
294725942275476 1247
294730942358834 1414
294735942435350 1445
294740942514797 1411
294745942597601 1354
294750942679134 1219
294755942762883 1248
294760942839437 1230
294765942907708 1191
294770942982521 1161
294775943064355 1177
294780943144380 1131
294785943225389 1209
294790943306996 1461
294795943390081 1369
294800943460410 1076
294805943547803 810
294810943638995 1337
294815943726662 1449
294820943814164 1367
294825943904205 1378
294830943990153 1240
294835944087244 1407
294840944174897 1460
294845944262492 1470
294850944350378 1423
294855944432675 1208
294860944517320 1207
294865944602671 1234
294870944684047 1128
294875944765038 1205
294880944855348 1179
294885944942053 1255
294890945027841 1459
294895945114714 658
294900945200824 613
294905945289048 1288
294910945379670 1356
294915945463994 1192
294920945550435 1330
294925945636182 1215
294930945716905 1289
294935945799260 1262
294940945887264 1395
294945945967437 1429
294950946045462 1344
294955946128238 1398
294960946210643 1241
294965946307703 1267
294970946395450 1231
294975946481321 1134
294980946570680 1220
294985946659402 1203
294990946745623 1224
294995946825431 750
295000946927145 618
295005947028413 1020
295010947113073 1396
295015947201149 1250
295020947282869 1308
295025947368989 1498
295030947459008 1491
295035947542385 1481
295040947619997 1300
295045947719123 1257
295050947801383 1227
295055947878647 1200
295060947955526 1175
295065948042512 1128
295070948122235 1242
295075948203085 1262
295080948286042 1140
295085948373630 1136
295090948460194 1307
295095948542451 1424
295100948628674 814
295105948713020 616
295110948784783 1286
295115948866929 1251
295120948946046 1259
295125949028089 1322
295130949106581 1409
295135949192592 1423
295140949277165 1400
295145949420217 1413
295150949506287 1349
295155949586036 1243
295160949664296 1239
295165949747723 1200
295170949831423 1134
295175949904526 1184
295180949979505 1225
295185950063493 1200
295190950124489 1169
295195950207494 1237
295200950278564 891
295205950338670 615
295210950418775 608
295215950496531 1488
295220950575625 1391
295225950656891 1345
295230950742248 1328
295235950823390 1331
295240950903572 1452
295245950985221 1568
295250951071502 1398
295255951138095 1338
295260951211112 1291
295265951282441 1210
295270951340358 1190
295275951396595 1216
295280951459464 1172
295285951539507 1236
295290951623856 1227
295295951706925 1146
295300951787371 1434
295305951854127 798
295310951914668 609
295315951990392 763
295320952076623 1372
295325952145188 1183
295330952231737 1385
295335952291895 1263
295340952373407 1373
295345952444858 1326
295350952523895 1427
295355952604451 1535
295360952690889 1480
295365952762618 1376
295370952843577 1208
295375952932253 1145
295380953019796 1167
295385953106516 1226
295390953191353 1188
295395953273743 1172
295400953351868 1155
295405953436044 1150
295410953522010 988
295415953606903 618
295420953690603 609
295425953770619 708
295430953862803 1345
295435953946130 1403
295440954032262 1378
295445954119541 1296
295450954191121 1236
295455954274774 1353
295460954357961 1517
295465954445622 1438
295470954530121 1518
295475954606903 1239
295480954689251 1235
295485954773256 1295
295490954857674 1137
295495954942127 1201
295500955022349 1192
295505955103283 1234
295510955188764 1243
295515955271243 1281
295520955354863 1258
295525955441750 685
295530955524235 620
295535955598903 620
295540955679782 611
295545955760230 1390
295550955843039 1372
295555955930305 1370
295560956017646 1265
295565956103674 1282
295570956188207 1259
295575956274175 1439
295580956357727 1485
295585956439272 1400
295590956518372 1362
295595956598640 1169
295600956676371 1206
295605956753812 1232
295610956835185 1113
295615956914665 1142
295620956997266 1246
295625957081127 1233
295630957159683 1243
295635957247701 1175
295640957328504 771
295645957412934 617
295650957494526 617
295655957572964 620
295660957660969 612
295665957746753 868
295670957827628 1333
295675957907391 1307
295680957978323 1332
295685958050960 1296
295690958133038 1302
295695958202974 1557
295700958302422 1485
295705958381416 1456
295710958454838 1347
295715958549151 1337
295720958647882 1291
295725958735155 1184
295730958814274 1164
295735958888379 1262
295740958973981 1214
295745959057408 1096
295750959141694 1176
295755959226484 1209
295760959304711 1150
295765959383636 685
295770959453985 623
295775959526030 624
295780959609949 614
295785959684083 603
295790959762961 820
295795959849548 1341
295800959936616 1334
295805960022311 1274
295810960099711 1299
295815960177071 1344
295820960259550 1545
295825960344149 1504
295830960428778 1497
295835960509223 1490
295840960588490 1215
295845960671250 1252
295850960760207 1142
295855960846394 1234
295860960931183 1157
295865961015027 1128
295870961094804 1196
295875961176432 1135
295880961260867 1278
295885961411354 1241
295890961494535 639
295895961567956 611
295900961647149 622
295905961726631 612
295910961806590 605
295915961879324 1048
295920961963064 1334
295925962047638 1419
295930962137023 1316
295935962217934 1308
295940962297959 1437
295945962376832 1407
295950962459327 1450
295955962539316 1427
295960962618488 1281
295965962697605 1349
295970962734734 1264
295975962808671 1326
295980962885433 1171
295985962965295 1231
295990963042923 1248
295995963131468 1217
296000963211767 1172
296005963290457 1160
296010963349838 1024
296015963415280 613
296020963484599 600
296025963564977 627
296030963627559 625
296035963685498 601
296040963745658 627
296045963840292 1175
296050963940392 1402
296055964015403 1372
296060964098791 1438
296065964183039 1371
296070964248910 1541
296075964325347 1524
296080964402228 1415
296085964466650 1340
296090964553634 1270
296095964633846 1257
296100964710743 1203
296105964790240 1195
296110964870027 1219
296115964949074 1231
296120965028642 1146
296125965113572 1191
296130965179810 1201
296135965303695 1236
296140965341755 595
296145965407612 616
296150965464787 615
296155965518964 616
296160965580307 608
296165965642570 616
296170965708501 624
296175965779414 614
296180965859243 1370
296185965938911 1378
296190966020881 1557
296195966084561 1304
296200966155318 1344
296205966239734 1517
296210966320838 1576
296215966400767 1415
296220966486432 1303
296225966567483 1336
296230966643274 1298
296235966721865 1376
296240966793874 1225
296245966885532 1278
296250966955774 1179
296255967033263 1248
296260967101082 1137
296265967180411 1159
296270967253381 1031
296275967320967 621
296280967379087 607
296285967450412 616
296290967532355 625
296295967607409 614
296300967703231 616
296305967768887 614
296310967849981 752
296315967938561 1383
296320968013703 1484
296325968096839 1403
296330968172119 1349
296335968254140 1406
296340968311349 1389
296345968391242 1408
296350968474520 1472
296355968552977 1243
296360968621504 1277
296365968704614 1192
296370968776560 1186
296375968860424 1177
296380968932639 1168
296385969007633 1177
296390969076826 1120
296395969143775 1192
296400969215859 1250
296405969311637 1220
296410969392621 662
296415969465105 608
296420969528997 618
296425969598606 617
296430969679920 621
296435969751012 611
296440969832587 1404
296445969916086 1428
296450969994779 1361
296455970061337 1347
296460970154607 1481
296465970215953 1512
296470970271036 1496
296475970343482 1423
296480970427310 1376
296485970502641 1344
296490970558508 1333
296495970638588 1303
296500970710077 1276
296505970785094 1303
296510970857305 1246
296515970933856 1259
296520971010931 1201
296525971090265 1097
296530971176387 1005
296535971252719 608
296540971308693 629
296545971374799 616
296550971447359 615
296555971477748 618
296560971537234 607
296565971599843 618
296570971680440 1577
296575971756032 1457
296580971835137 1463
296585971903372 1361
296590971987238 1510
296595972078463 1544
296600972151111 1584
296605972233768 1412
296610972303633 1280
296615972379214 1352
296620972445718 1333
296625972515844 1258
296630972590504 1290
296635972673136 1246
296640972754107 1250
296645972822451 1187
296650972896985 1129
296655972970707 908
296660973043137 610
296665973109840 619
296670973180970 615
296675973260369 614
296680973326610 616
296685973405487 997
296690973474615 1483
296695973558868 1267
296700973649989 1519
296705973723002 1376
296710973794922 1400
296715973879608 1463
296720973959649 1544
296725974032535 1391
296730974106456 1285
296735974172127 1252
296740974253724 1288
296745974321970 1273
296750974390549 1149
296755974462746 1237
296760974544731 1169
296765974609209 1184
296770974684484 1149
296775974760201 1194
296780974806513 799
296785974869185 624
296790974950920 611
296795975006311 615
296800975079412 619
296805975142691 613
296810975211652 667
296815975289827 1386
296820975365566 1395
296825975442818 1383
