311669832917884 15243
311674833100819 17487
311679833155796 18296
311684833260380 18692
311689833348129 19904
311694833416062 9960
311699833505829 12640
311704833610518 19839
311709833706016 14550
311714833807769 17920
311719833896428 17768
311724833962311 18925
311729834044588 18269
311734834125312 18581
311739834208346 17794
311744834261316 17710
311749834372166 16053
311754834449760 16606
311759834536209 15650
311764834635118 13654
311769834744123 14631
311774834839172 16493
311779834938221 14268
311784835028084 12241
311789835134401 14492
311794835187053 13938
311799835272468 16470
311804835364760 14950
311809835459040 26857
311814835550266 22459
311819835639268 19402
311824835726976 23971
311829835821646 29876
311834835921355 30085
311839836013968 30120
311844836081236 30284
311849836157142 30287
311854836241762 29592
311859836303865 30498
311864836374486 30003
311869836454114 30207
311874836538023 30092
311879836628029 29925
311884836736084 30106
311889836815279 30186
311894836909665 29891
311899836996137 29813
311904837068547 30108
311909837147075 29950
311914837241667 30164
311919837331991 29835
311924837425058 29970
311929837511496 30119
311934837596934 29785
311939837658892 29906
311944837738076 30309
311949837809005 30306
311954837895548 29938
311959837972868 30273
311964838094210 30063
311969838199230 29847
311974838782019 30036
311979838903247 30370
311984838997004 30095
311989839096861 30206
311994839191638 30077
311999839265375 30129
312004839349390 29916
312009839444053 30044
312014839541029 30144
312019839616153 30303
312024839705355 30319
312029839795826 30163
312034839882238 29473
312039839963846 30471
312044840041372 30135
312049840138777 30077
312054840219251 29718
312059840304730 30152
312064840396900 30210
312069840484583 29921
312074840580622 30496
312079840677970 29808
312084840716482 30168
312089840798647 30076
312094840891840 30189
312099840960331 30050
312104841047548 30255
312109841115639 30224
312114841184755 30146
312119841263418 30446
312124841344828 30008
312129841424672 30046
312134841491940 30480
312139841593697 30128
312144841673645 30162
312149841759988 30035
312154841843446 29699
312159841906346 29854
312164841989826 30041
312169842067977 30277
312174842155092 30105
312179842237713 30325
312184842322212 29941
312189842406700 30106
312194842487465 30370
312199842570340 30110
312204842658570 30063
312209842743581 30126
312214842827995 30032
312219842907518 30090
312224843009954 30169
312229843111519 30050
312234843208256 30186
312239843284231 29985
312244843372947 30067
312249843458011 30082
312254843542351 30331
312259843588560 30327
312264843651330 30308
312269843727891 30424
312274843813247 30378
312279843897642 30131
312284843962446 30151
312289844046781 30376
312294844134215 30211
312299844202808 30427
312304844277626 30588
312309844362247 29943
312314844466514 30176
312319844562985 30270
312324844647011 30063
312329844770741 30457
312334844858425 30701
312339844970501 30234
312344845080177 30524
312349845164332 30564
312354845241247 30150
312359845320817 30547
312364845396517 30025
312369845482802 30291
312374845579743 30213
312379845662732 29909
312384845743937 30437
312389845837315 30195
312394845938723 30474
312399846013912 30302
312404846097311 30311
312409846184946 30086
312414846250568 30209
312419846359841 30268
312424846420056 30144
312429846504747 30447
312434846566030 30237
312439846651016 30157
312444846725491 29919
312449846809760 30656
312454846918406 30456
312459847016634 30937
312464847078322 30377
312469847181510 30139
312474847283501 30304
312479847414284 30285
312484847499435 30191
312489847585663 30723
312494847631373 30337
312499847725205 30541
312504847825484 30169
312509847910621 30304
312514847986474 30215
312519848074068 30251
312524848159705 30374
312529848232674 30258
312534848330490 30196
312539848413620 30418
312544848464254 30401
312549848559481 29794
312554848641063 30023
312559848701688 30329
312564848785654 30720
312569848850674 30173
312574848934635 30315
312579849020146 30530
312584849104189 30290
312589849206172 30485
312594849303459 30621
312599849384437 30051
312604849466580 30519
312609849557324 29648
312614849627006 29576
312619849702326 29785
312624849787436 30550
312629849875276 29920
312634849959074 30058
312639850042194 30273
312644850126860 30337
312649850209557 30260
312654850286827 30277
312659850370127 30251
312664850453912 30385
312669850560222 30578
312674850648943 30270
312679850708579 30397
312684850796933 30185
312689850885008 30040
312694850971826 30140
312699851044401 30520
312704851134624 30039
312709851223557 30313
312714851349350 29928
312719851408192 30009
312724851509139 30326
312729851580807 30396
312734851667456 30408
312739851770812 30574
312744851866093 30089
312749852035003 30349
312754852127322 30136
312759852220542 30264
312764852312392 29912
312769852398797 30027
312774852485421 29999
312779852567119 30298
312784852657278 30207
312789852734529 29773
312794852818722 29860
312799852907628 30369
312804853052404 30331
312809853139291 30348
312814853231004 30570
312819853322066 30284
312824853408931 30664
312829853495457 30312
312834853579396 29884
312839853620071 30332
312844853703215 30065
312849853778745 29734
312854853821030 30380
312859853885345 30267
312864853958548 30367
312869854044783 30381
312874854115879 30312
312879854215463 30415
312884854307541 30279
312889854392199 30338
312894854470470 30117
312899854546402 30460
312904854614749 30601
312909854701732 30654
312914854789396 30434
312919854880819 30269
312924854993514 30313
312929855091154 30407
312934855176556 30491
312939855264777 29991
312944855351271 30271
312949855443251 30194
312954855529521 29888
312959855606857 30348
312964855691217 30381
312969855759676 30332
312974855843437 30300
312979855927307 30191
312984856011688 30464
312989856071021 30368
312994856132143 30266
312999856229837 30340
313004856327173 29825
313009856408016 30214
313014856494224 30350
313019856569119 30023
313024856656202 30169
313029856740846 30463
313034856822668 29828
313039856903205 30410
313044857001039 30012
313049857104554 30699
313054857188025 30453
313059857273682 30316
313064857370434 29980
313069857460742 30407
313074857562029 30025
313079857635593 29982
313084857712241 30467
313089857795448 29896
313094857879737 29946
313099857967052 30173
313104858049739 30175
313109858127062 29951
313114858208418 30578
313119858289022 30480
313124858374727 30084
313129858451503 30177
313134858538136 29978
313139858612768 30056
313144858714682 30417
313149858825838 30335
313154858920940 30344
313159859001586 30197
313164859096514 30571
313169859192901 30187
313174859270108 30165
313179859352672 30605
313184859448117 30366
313189859535709 29932
313194859626265 30290
313199859695607 30165
313204859755081 30480
313209859837389 30414
313214859911588 30126
313219859971191 30120
313224860059618 30077
313229860124626 30027
313234860160383 30338
313239860226978 29894
313244860292454 30038
313249860357046 30302
313254860438252 30550
313259860525595 30391
313264860602419 30500
313269860681338 30187
313274860768855 30393
313279860830950 30440
313284860911920 30247
313289860999362 30093
313294861082317 30442
313299861156265 29816
313304861257733 30066
313309861350733 30033
313314861429726 29913
313319861501344 30141
313324861583589 30258
313329861652865 29468
313334861729112 30461
313339861806840 30268
313344861890692 30320
313349861962375 29776
313354862046582 30065
313359862134443 30059
313364862200246 30052
313369862277632 30289
313374862372566 30442
313379862461326 30491
313384862563728 30064
313389862663022 30135
313394862753612 30024
313399862843424 29611
313404862919141 30189
313409863005040 30042
313414863090210 30145
313419863159555 30337
313424863241348 30211
313429863337051 30221
313434863427486 30373
313439863497655 30161
313444863572355 30343
313449863655081 30178
313454863742218 29700
313459863839812 30349
313464863939224 30400
313469864025432 30335
313474864098092 30635
313479864187488 30167
313484864249212 29844
313489864339069 30525
313494864449481 30479
313499864538061 30319
313504864613789 30612
313509864675420 29905
313514864760657 30564
313519864847526 29956
313524864926843 30199
313529865009632 30550
313534865088300 29493
313539865159043 30575
313544865240173 30126
313549865330351 29706
313554865389378 30587
313559865433860 30069
313564865483824 30086
313569865570667 29996
313574865637732 30300
313579865722058 30165
313584865808361 30059
313589865891455 30188
313594865978999 30234
313599866015133 30141
313604866098920 30350
313609866170284 30536
313614866244539 29984
313619866307394 29944
313624866387185 29984
313629866433255 30094
313634866508015 30316
313639866586674 30395
313644866699458 30261
313649866778201 30086
313654866860663 30008
313659866948611 30341
313664867013683 30301
313669867081658 30220
313674867167079 30081
313679867256582 30337
313684867364974 30469
313689867480145 30361
313694867569889 30564
313699867652274 29594
313704867744856 29956
313709867830870 30154
313714867917965 30755
313719868021170 30080
313724868108538 30387
313729868193115 30017
313734868275031 30261
313739868357961 30410
313744868422840 30263
313749868498863 30419
313754868596901 30262
313759868701363 29952
313764868814680 30378
313769868901511 29781
313774868982729 30096
313779869070861 30096
313784869158852 30315
313789869239457 30045
313794869325721 29889
313799869413081 30182
313804869491056 30267
313809869568281 30226
313814869656239 29830
313819869735723 30235
313824869818301 30167
313829869921402 30212
313834870012087 30227
313839870098523 30098
313844870193982 30382
313849870265374 29732
313854870348165 30471
313859870435118 30202
313864870512816 30381
313869870608746 29928
313874870686531 29942
313879870762687 30491
313884870836455 29982
313889870918199 30174
313894870978624 30340
313899871035312 30701
313904871093354 30011
313909871177682 30051
313914871264480 30015
313919871352191 30532
313924871449043 30119
313929871556881 29982
313934871642320 30058
313939871732576 30268
313944871813784 30144
313949871892574 29975
313954871946201 30374
313959872013958 29910
313964872104247 30251
313969872186673 30087
313974872246038 30167
313979872325237 30238
313984872385991 30431
313989872434228 30360
313994872512256 30412
313999872570938 30420
314004872654028 30453
314009872730031 30483
314014872787582 29878
314019872841405 29907
314024872938865 30317
314029873027586 30382
314034873130197 30316
314039873190081 30334
314044873249286 30516
314049873316533 30568
314054873385187 30419
314059873469592 30451
314064873553992 30013
314069873633741 30162
314074873677412 30094
314079873764272 30309
314084873846002 30242
314089873913346 30756
314094873982692 30426
314099874051575 30217
314104874126959 30188
314109874227811 29940
314114874303718 30078
314119874387873 30300
314124874473681 30244
314129874536271 30106
314134874610336 30037
314139874694826 30472
314144874781081 30018
314149874873831 30179
314154874989382 30190
314159875093051 30294
314164875181823 30360
314169875266204 29837
314174875345393 30381
314179875410029 30228
314184875494374 30072
314189875577655 30086
314194875649845 30631
314199875719152 30061
314204875778250 30128
314209875861538 30697
314214875944401 30146
314219876040739 30048
314224876116104 30121
314229876198625 30066
314234876280750 29410
314239876365881 30486
314244876453975 30107
314249876538825 30083
314254876623910 30115
314259876701125 30045
314264876768130 30165
314269876836255 30196
314274876917727 29899
314279876998616 30392
314284877106129 30324
314289877188703 29954
314294877255184 30628
314299877336659 30289
314304877420234 29878
314309877502324 30096
314314877584217 30392
314319877680205 30228
314324877770573 30531
314329877869745 30452
314334877956812 29886
314339878022393 30466
314344878105569 29968
314349878173827 29611
314354878253143 30421
314359878340562 30168
314364878421470 30123
314369878523028 30197
314374878607369 30223
314379878701534 30448
314384878784640 30538
314389878870684 30262
314394878965451 30126
314399879058570 30336
314404879194694 30332
314409879295891 30262
314414879389023 29770
314419879477382 30263
314424879559807 30616
314429879636375 30763
314434879727315 30127
314439879822274 30154
314444879950833 30260
314449880056666 30396
314454880160726 30373
314459880238441 30009
314464880321746 30601
314469880404280 30229
314474880489763 30378
314479880577937 30375
314484880663002 30164
314489880751345 30586
314494880836710 29733
314499880927706 30298
314504881002465 30401
314509881084641 30197
314514881165251 30505
314519881257853 30244
314524881336772 30013
314529881387689 30390
314534881477700 30346
314539881556959 30253
314544881681922 30412
314549881767776 30267
314554881852382 30106
314559881944666 30361
314564882063082 30345
314569882161689 30490
314574882239930 30114
314579882316929 30120
314584882401235 30536
314589882439373 30130
314594882523352 30267
314599882598949 30358
314604882714906 30332
314609882825137 30594
314614882891178 30556
314619882957509 30533
314624883052581 30221
314629883186076 30296
314634883252896 30262
314639883318022 30620
314644883418442 30366
314649883515719 29974
314654883600303 29955
314659883670195 29962
314664883750238 30593
314669883815959 30206
314674883901648 30617
314679883988845 30139
314684884083051 30263
314689884171947 30352
314694884259290 30505
314699884346902 30280
314704884429970 30493
314709884526135 30474
314714884602347 29913
314719884677941 30241
314724884761611 29956
314729884848608 30116
314734884932908 30366
314739885021802 30679
314744885084919 29955
314749885160636 30400
314754885243275 29852
314759885320492 30186
314764885381457 30490
314769885461959 30609
314774885543845 30171
314779885621726 30427
314784885699180 30378
314789885788699 30072
314794885876516 30018
314799885958595 30504
314804886037225 30380
314809886136760 30140
314814886229462 30639
314819886303944 29816
314824886386229 30081
314829886474757 30284
314834886574421 30318
314839886659744 30213
314844886728649 30335
314849886808792 30812
314854886905611 29947
314859887007517 30154
314864887073987 30341
314869887154808 30450
314874887217664 30518
314879887290616 29838
314884887377378 30366
314889887461845 30213
314894887530506 30136
314899887614681 30485
314904887703944 30266
314909887793258 30324
314914887859292 30569
314919887968164 30751
314924888056643 30479
314929888143307 29972
314934888212968 30387
314939888275603 30142
314944888360970 30272
314949888447871 30463
314954888546845 29812
314959888619138 30029
314964888684788 30110
314969888763924 30199
314974888848646 30142
314979888945034 30389
314984888998934 30086
314989889074964 30367
314994889141142 30243
314999889228217 30574
315004889312738 30179
315009889398750 29962
315014889472168 29983
315019889550763 30320
315024889677079 30533
315029889781291 30359
315034889853408 30484
315039889961023 30149
315044890076972 30605
315049890163316 30257
315054890248343 30360
315059890349581 30418
315064890442288 29992
315069890522860 30270
315074890605506 29902
315079890689093 29933
315084890773388 30108
315089890851296 30317
315094890926222 30366
315099891001467 30519
315104891093002 30384
315109891191603 30089
315114891287835 30465
315119891376091 30419
315124891469320 29950
315129891563872 30590
315134891661055 30136
315139891757228 30602
315144891825675 29958
315149891937565 30364
315154891994421 29772
315159892089497 30416
315164892174654 30299
315169892271786 30290
315174892346601 30382
315179892431895 30394
315184892535526 30399
315189892634812 30017
315194892726104 30065
315199892806058 30450
315204892886948 30198
315209892967115 30035
315214893056168 30101
315219893138727 30268
315224893229302 30399
315229893363531 30618
315234893452966 29925
315239893539350 30326
315244893615116 30124
315249893708381 30237
315254893794931 30389
315259893873226 30114
315264893937803 30066
