296865897491850 8920
296870897609009 11772
296875897717053 14660
296880897805615 17298
296885897893251 20810
296890897976527 23207
296895898065323 24862
296900898161829 25028
296905898257471 24477
296910898338314 24158
296915898434116 18302
296920898517958 19466
296925898594479 13315
296930898685367 14670
296935898786572 20803
296940898868479 21197
296945898959128 26520
296950899041535 25705
296955899127037 25722
296960899213982 29253
296965899305667 30081
296970899387762 31056
296975899475038 31579
296980899563646 30809
296985899647565 30871
296990899733629 30828
296995899823257 31458
297000899911152 31566
297005899996620 31701
297010900086766 31662
297015900174631 31347
297020900261437 31125
297025900353456 31249
297030900437610 30719
297035900528312 31138
297040900610485 31464
297045900686912 31366
297050900771622 30614
297055900857021 30928
297060900938681 30697
297065901018972 31216
297070901102406 31042
297075901183588 31407
297080901264701 31426
297085901344696 31286
297090901431110 31398
297095901516199 30962
297100901603540 30216
297105901682978 31807
297110901764418 32169
297115901842208 30631
297120901927355 30128
297125902012301 30316
297130902090106 30309
297135902162779 31118
297140902244488 30928
297145902330810 31513
297150902419301 31976
297155902518836 31763
297160902627384 31942
297165902716614 30999
297170903313892 31407
297175903402014 30804
297180903492736 30683
297185903578722 30292
297190903663996 31203
297195903739561 31289
297200903821353 31463
297205903904915 31240
297210903987158 31670
297215904075026 31297
297220904156513 31065
297225904238098 31433
297230904322201 31288
297235904418544 31974
297240904509732 30725
297245904608189 30358
297250904698365 30376
297255904781130 31021
297260904879884 30784
297265904962307 31435
297270905054954 31817
297275905143076 31167
297280905230922 31312
297285905316010 31567
297290905402014 31030
297295905487129 31714
297300905571404 31858
297305905664696 31288
297310905747896 31389
297315905830411 31349
297320905923151 31540
297325906017822 31557
297330906111968 31118
297335906198921 31699
297340906291070 31417
297345906384379 31584
297350906467050 31968
297355906550723 31072
297360906638031 31404
297365906713125 31695
297370906799097 30624
297375906882070 31667
297380906966283 31387
297385907051541 31670
297390907138965 31659
297395907223752 30753
297400907305048 30240
297405907394623 31065
297410907488945 31149
297415907582613 31284
297420907670690 31423
297425907760715 31106
297430907856856 31462
297435907954885 31807
297440908042830 31152
297445908133439 31330
297450908212118 31199
297455908294565 32041
297460908377938 32089
297465908464617 30809
297470908558221 31948
297475908652015 31619
297480908745292 31324
297485908834020 31314
297490908919953 32089
297495908996063 31482
297500909082314 31453
297505909166602 31166
297510909245633 31488
297515909331217 31964
297520909422275 31706
297525909511568 31783
297530909604980 31734
297535909688829 31619
297540909774644 31300
297545909863430 31384
297550909939696 31452
297555910014894 31567
297560910090749 31163
297565910173343 30904
297570910257077 30876
297575910338465 31028
297580910426225 31109
297585910514254 31751
297590910600164 31469
297595910685317 31507
297600910767658 31761
297605910853694 30978
297610910940119 31373
297615911022634 31763
297620911102467 31735
297625911189820 31301
297630911269871 31320
297635911359835 32113
297640911443591 31560
297645911534818 30941
297650911622991 30865
297655911709924 31363
297660911802481 30872
297665911888645 31459
297670911974102 30837
297675912063430 30701
297680912150665 31770
297685912228428 31387
297690912310707 30689
297695912389658 30863
297700912479010 31532
297705912564499 31588
297710912650839 32094
297715912740077 32077
297720912826612 31301
297725912915715 30696
297730912989079 30866
297735913069939 30764
297740913138848 31731
297745913222622 31556
297750913291801 31257
297755913372796 31577
297760913456398 32303
297765913546563 30859
297770913628671 31465
297775913705876 31431
297780913786420 31614
297785913877663 31765
297790913962462 31503
297795914048105 31875
297800914130449 31960
297805914214864 31583
297810914300950 31714
297815914387719 31251
297820914476933 31506
297825914564553 31961
297830914646161 31746
297835914728746 32048
297840914812527 32734
297845914898115 31477
297850914988108 31623
297855915074367 31341
297860915156742 31432
297865915239418 32112
297870915321405 31641
297875915404438 30549
297880915490946 30809
297885915564801 31190
297890915647078 31772
297895915733929 30626
297900915818543 31792
297905915903485 30387
297910915987135 30898
297915916073965 31419
297920916167084 31576
297925916246878 30866
297930916321512 31600
297935916407029 31019
297940916489492 31570
297945916575343 31754
297950916670937 31770
297955916769080 31142
297960916863654 30863
297965916949867 31049
297970917038667 31316
297975917121843 31839
297980917210166 31595
297985917295911 31316
297990917379678 31792
297995917463716 31139
298000917544164 30911
298005917637273 30980
298010917729895 30666
298015917818554 31232
298020917910062 31195
298025918001571 30914
298030918091520 30572
298035918170076 30782
298040918253293 31014
298045918337889 32084
298050918416837 31637
298055918499719 31256
298060918574647 31624
298065918662427 30330
298070918748141 30793
298075918836845 30339
298080918923946 31316
298085919015048 31515
298090919684998 32001
298095919765130 30788
298100919848071 30693
298105919936891 30660
298110920028740 30444
298115920113110 31360
298120920192471 30970
298125920275668 30438
298130920359533 30587
298135920445768 30925
298140920529764 31197
298145920605345 30649
298150920697602 30329
298155920783802 31049
298160920891886 31409
298165920976291 31253
298170921059709 31747
298175921147865 31481
298180921234734 30769
298185921322966 30589
298190921409140 30453
298195921490830 31427
298200921572224 31402
298205921654355 31829
298210921740292 31573
298215921829452 31215
298220921918156 31760
298225922002596 31681
298230922088131 30647
298235922177078 31250
298240922245901 30724
298245922308490 30603
298250922390863 31548
298255922470557 31549
298260922556453 31866
298265922638750 31680
298270922717508 30937
298275922810132 30665
298280922902490 30406
298285922988712 31295
298290923078136 31471
298295923167210 30948
298300923236037 31464
298305923322513 30794
298310923409794 31100
298315923494104 30459
298320923569962 31421
298325923651363 31582
298330923724125 31412
298335923808276 31030
298340923903164 30921
298345923986763 30722
298350924080436 30761
298355924155548 30826
298360924239854 31465
298365924328494 30885
298370924415346 31080
298375924500071 32039
298380924585383 31346
298385924662894 30943
298390924745012 30910
298395924831126 31579
298400924915387 31769
298405924992820 31384
298410925084151 32138
298415925175428 31603
298420925264591 31306
298425925350277 31666
298430925436845 31654
298435925529620 31517
298440925620889 30611
298445925708078 31014
298450925858010 30694
298455925950685 31330
298460926039028 31089
298465926124893 30755
298470926218131 30698
298475926304579 30244
298480926383729 30868
298485926468145 32235
298490926556888 31383
298495926655230 31398
298500926752252 30803
298505926839713 31552
298510926907888 30999
298515926981773 32075
298520927069697 31777
298525927157362 31662
298530927244609 31397
298535927330878 31812
298540927425539 31383
298545927512191 31398
298550927600524 31668
298555927689153 31436
298560927783084 32308
298565927866028 30969
298570927958409 31643
298575928040211 31167
298580928118632 31132
298585928198176 30686
298590928281557 30767
298595928367949 31716
298600928444751 31554
298605928520993 30425
298610928602139 30565
298615928692375 30719
298620928778192 31642
298625928858802 30623
298630928937585 30792
298635929020436 30730
298640929103773 30919
298645929183658 31415
298650929266591 31425
298655929344480 31731
298660929427263 31084
298665929512098 31206
298670929595955 30618
298675929677390 31580
298680929765374 31244
298685929846807 31104
298690929916700 31726
298695930004710 31370
298700930089363 32014
298705930170142 31796
298710930254088 31379
298715930336267 30585
298720930401349 30930
298725930486764 30787
298730930571681 31078
298735930653353 30505
298740930736318 31024
298745930817366 30746
298750930899359 31406
298755930969675 31679
298760931047243 31077
298765931127606 30534
298770931207703 30666
298775931292741 31008
298780931372137 30625
298785931451487 31604
298790931532422 31678
298795931588049 31716
298800931675830 31403
298805931760017 31049
298810931856914 30837
298815931931829 30411
298820932025823 30639
298825932125431 31615
298830932217097 31060
298835932302107 31208
298840932389328 30880
298845932466930 30898
298850932563927 31454
298855932682355 31579
298860932770361 31317
298865932851809 31881
298870932928694 32057
298875933012241 31020
298880933092379 31757
298885933168461 31277
298890933250518 31578
298895933307376 32000
298900933391815 32003
298905933472672 31501
298910933556421 31489
298915933629588 31138
298920933703935 31972
298925933785234 31792
298930933871598 31250
298935933958127 31305
298940934042363 31734
298945934306102 31565
298950934387456 31376
298955934478423 31881
298960934570074 31842
298965934662364 31177
298970934770484 30976
298975934875083 31460
298980934959393 31163
298985935042375 31633
298990935122392 31647
298995935209735 30760
299000935299441 30586
299005935391493 30779
299010935467070 31018
299015935548664 31481
299020935623262 31631
299025935695082 31458
299030935791448 30789
299035935860124 30257
299040935940155 30622
299045936026191 30505
299050936103697 31764
299055936184992 31197
299060936270171 31994
299065936351789 31615
299070936435184 31229
299075936521571 30416
299080936607324 30852
299085936689504 30499
299090936771638 30844
299095936855229 31817
299100936943066 31772
299105937023575 31886
299110937108746 31818
299115937190433 31833
299120937273337 30497
299125937361148 30665
299130937459495 30578
299135937546093 31388
299140937630863 31605
299145937716540 30611
299150937800592 30532
299155937879117 30453
299160937968037 31263
299165938053505 31553
299170938143667 31409
299175938231319 31596
299180938317339 31571
299185938412150 31513
299190938495510 31406
299195938575883 31654
299200938658489 31492
299205938741067 31987
299210938828804 32236
299215938915328 31466
299220939003292 31556
299225939075679 31024
299230939158504 31908
299235939238110 31321
299240939321056 30749
299245939402654 30906
299250939499732 31629
299255939585478 30787
299260939670499 30684
299265939756929 30763
299270939845314 30926
299275939933905 31296
299280940019872 31782
299285940110377 30821
299290940208255 30803
299295940295051 30702
299300940377587 30634
299305940476753 31605
299310940572080 30859
299315940662240 30818
299320940745492 30461
299325940823876 30559
299330940907951 31514
299335940993271 30789
299340941126068 30413
299345941208862 30443
299350941295245 31513
299355941378852 31680
299360941461168 31764
299365941542014 30576
299370941625430 30731
299375941701426 30245
299380941781925 31922
299385941867215 32527
299390941952753 31503
299395942040202 30452
299400942123916 30901
299405942198081 30979
299410942279025 30733
299415942361637 31557
299420942449760 30819
299425942537638 30836
299430942621930 30659
299435942707189 30755
299440942796258 31884
299445942887491 31657
299450942974706 30640
299455943060923 30320
299460943145403 30733
299465943227826 30884
299470943295901 31454
299475943368085 30458
299480943447447 30770
299485943532100 30316
299490943612011 30975
299495943670396 30526
299500943750941 31457
299505943837368 31441
299510943928837 31504
299515944018679 31871
299520944117939 31713
299525944207838 31628
299530944304089 31765
299535944392845 30787
299540944458913 30765
299545944536658 31132
299550944620552 31136
299555944708771 32177
299560944791452 30873
299565944877449 31141
299570944959063 30959
299575945043005 31222
299580945127588 31523
299585945214617 31705
299590945310051 31026
299595945404486 31072
299600945492966 31741
299605945576025 31714
299610945662865 30986
299615945749076 30770
299620945829231 30955
299625945908650 30877
299630945990613 31714
299635946073205 31869
299640946148190 31837
299645946230092 31590
299650946317053 30933
299655946403847 30577
299660946516564 31447
299665946598521 31914
299670946673891 31560
299675946754057 31992
299680946843202 31278
299685946928612 30512
299690947015074 30396
299695947096676 32664
299700947181445 30746
299705947265443 31980
299710947350156 30964
299715947440592 31023
299720947525767 31379
299725947636980 31489
299730947729222 32529
299735947813921 31878
299740947900046 31973
299745947986557 31391
299750948072128 31719
299755948150399 32307
299760948225430 32898
299765948307099 31191
299770948389828 30896
299775948470096 31305
299780948554523 31473
299785948637366 30879
299790948726670 30487
299795948823440 30684
299800948915082 30992
299805949010292 32647
299810949096731 31395
299815949191981 32046
299820949276650 31192
299825949361586 31659
299830949445178 31538
299835949532736 31736
299840949616010 31806
299845949698775 30945
299850949776256 31326
299855949858377 30543
299860949941842 30932
299865950022985 31664
299870950114808 31488
299875950214331 30899
299880950301824 32142
299885950379364 31557
299890950459904 31054
299895950549592 30877
299900950632997 31264
299905950706818 30396
299910950789398 30478
299915951006438 30810
299920951085699 32240
299925951168521 30683
299930951243338 31436
299935951328792 30695
299940951417123 30511
299945951492023 31934
299950951573364 31794
299955951660962 31541
299960951737834 31495
299965951820962 32653
299970951900611 31699
299975951983342 31199
299980952077602 30941
299985952162278 31635
299990952246769 30863
299995952325581 30771
300000952413306 31876
300005952507259 30305
300010952585602 31159
300015952657565 30594
300020952738028 31205
300025952817323 31886
300030952894588 30960
300035952971255 30348
300040953048403 30700
300045953139752 30778
300050953221292 30985
300055953299378 31871
300060953379850 31492
300065953475271 30718
300070953579293 30429
300075953664802 30693
300080953735592 31163
300085953817958 31749
300090953892940 30914
300095953971384 30661
300100954053124 30670
300105954129146 30816
300110954200833 32122
300115954274691 30892
300120954356687 30509
300125954436105 30265
300130954518785 31413
300135954603752 32169
300140954683159 31081
300145954759422 30902
300150954844772 30887
300155954933090 30631
300160955002238 30589
300165955081240 31591
300170955164892 30947
300175955223583 30779
300180955305871 30598
300185955388319 30441
300190955473592 31157
300195955552818 31267
300200955634301 31178
300205955727392 31397
300210955797271 31422
300215955876835 31345
300220955956852 31367
300225956042312 31055
300230956133690 31156
300235956212881 30430
300240956299111 30375
300245956379900 31541
300250956453276 31649
300255956533650 31575
300260956621877 31428
300265956711783 31670
300270956806923 31211
300275956889717 30982
300280956967809 32015
300285957047349 32163
300290957128759 31883
300295957218752 31736
300300957301905 31385
300305957378019 30657
300310957460288 30984
300315957544532 31556
300320957633512 31425
300325957720274 31754
300330957800808 31014
300335957888190 31281
300340957960434 31067
300345958040507 31031
300350958116275 31701
300355958193127 31982
300360958270595 30932
300365958356461 30152
300370958445143 30897
300375958520549 31136
300380958606820 31625
300385958694131 30846
300390958779124 30878
300395958860456 31629
300400958945766 31507
300405959028592 30706
300410959111544 30792
300415959166006 30759
300420959253134 30847
300425959338964 32074
300430959427615 31562
300435959503240 31376
300440959575145 31533
300445959655970 31489
300450959737164 32047
300455959818670 31431
300460959903984 31451
