352537868732386 947
352542868819951 1020
352547868899541 695
352552868983782 677
352557869064796 623
352562869148857 612
352567869229011 558
352572869314582 617
352577869423509 615
352582869512571 541
352587869612260 702
352592869698370 550
352597869781907 525
352602869862794 689
352607869943331 526
352612870025905 581
352617870105794 628
352622870185628 543
352627870261538 632
352632870342937 560
352637870428765 491
352642870512706 638
352647870595907 558
352652870676432 530
352657870758526 580
352662870842811 585
352667870922435 506
352672871002592 687
352677871090476 557
352682871162208 494
352687871242727 644
352692871320215 544
352697871403273 517
352702871485943 583
352707871571382 632
352712871655303 484
352717871734307 190
352722871804206 182
352727871883029 190
352732871963687 601
352737872043105 564
352742872123069 600
352747872202650 593
352752872282978 515
352757872383470 579
352762872488859 612
352767872576383 479
352772872656354 597
352777872745905 555
352782872834010 534
352787872919733 514
352792873001384 187
352797873074562 182
352802873155768 188
352807873233322 185
352812873312823 488
352817873394656 743
352822873483612 524
352827873569535 543
352832873663349 607
352837873740091 553
352842873822348 542
352847873899550 593
352852873990729 550
352857874082732 493
352862874164233 581
352867874245150 588
352872874321442 242
352877874401249 189
352882874480472 185
352887874559866 185
352892874642671 181
352897874720430 189
352902874801346 189
352907874882438 478
352912875475272 728
352917875559593 529
352922875641250 586
352927875718273 675
352932875800231 578
352937875880798 621
352942875964636 503
352947876049894 710
352952876133369 525
352957876213548 497
352962876290239 576
352967876372157 377
352972876457801 185
352977876532141 441
352982876613084 580
352987876693746 744
352992876774338 522
352997876857083 657
353002876948018 529
353007877030291 523
353012877109537 631
353017877194820 570
353022877279205 496
353027877354614 193
353032877433277 186
353037877512380 372
353042877592601 636
353047877677866 688
353052877757542 652
353057877840969 669
353062877921141 547
353067878001807 605
353072878084339 538
353077878165726 541
353082878250534 661
353087878334163 256
353092878412856 185
353097878490776 186
353102878571497 188
353107878649983 184
353112878731451 567
353117878811956 670
353122878892155 724
353127878965837 577
353132879049173 689
353137879132692 556
353142879213069 567
353147879296330 628
353152879379976 542
353157879454493 594
353162879540994 597
353167879620667 509
353172879701037 204
353177879776827 184
353182879855506 188
353187879931613 183
353192880017760 186
353197880100277 186
353202880182624 189
353207880260553 183
353212880339831 376
353217880419779 714
353222880497560 722
353227880577077 581
353232880661630 768
353237880745004 616
353242880829151 625
353247880911895 527
353252880985305 614
353257881064641 593
353262881145845 556
353267881229207 593
353272881314079 324
353277881394315 185
353282881473426 185
353287881557412 186
353292881639255 187
353297881722084 182
353302881800351 187
353307881878944 188
353312881963890 185
353317882052233 38
353322882192244 0
353327882297778 0
353332882397804 414
353337882482001 731
353342882561678 612
353347882639780 727
353352882717288 593
353357882799732 717
353362882883637 526
353367882962916 599
353372883042154 573
353377883121332 514
353382883212420 622
353387883286331 584
353392883362280 539
353397883439167 411
353402883518123 185
353407883600536 185
353412883685619 182
353417883764504 185
353422883841583 185
353427883920897 187
353432884008026 185
353437884089534 182
353442884174988 78
353447884313449 0
353452884402511 0
353457884505400 0
353462884613883 0
353467884715248 704
353472884794386 623
353477884875184 754
353482884957494 603
353487885036754 714
353492885122105 616
353497885202910 615
353502885285678 573
353507885370486 617
353512885450411 554
353517885527079 596
353522885606954 609
353527885691964 516
353532885773269 185
353537885857439 185
353542885935080 182
353547886019761 185
353552886099995 185
353557886179828 185
353562886262819 185
353567886347149 185
353572886432963 132
353577886520215 0
353582886624858 0
353587886717791 0
353592886820766 0
353597886922190 0
353602887012467 608
353607887090298 733
353612887170374 738
353617887249139 670
353622887331242 673
353627887412015 717
353632887491806 543
353637887572116 601
353642887654746 630
353647887738215 566
353652887814970 625
353657887904362 543
353662887987418 621
353667888078824 334
353672888160109 185
353677888246258 182
353682888329745 185
353687888404915 182
353692888487824 182
353697888569135 186
353702888650374 186
353707888729554 185
353712888822107 38
353717888918177 0
353722889035229 0
353727889138761 0
353732889226513 0
353737889308384 0
353742889390203 562
353747889468051 719
353752889547945 700
353757889628529 632
353762889720755 742
353767889809603 603
353772889895123 660
353777889976474 522
353782890057189 646
353787890138259 559
353792890217924 557
353797890297819 625
353802890373343 528
353807890453419 481
353812890535352 185
353817890613204 185
353822890693350 185
353827890769976 178
353832890851262 190
353837890928473 183
353842891014763 186
353847891090672 186
353852891170462 104
353857891215416 0
353862891302320 0
353867891402523 0
353872891486719 0
353877891567533 0
353882891666793 515
353887891748728 745
353892891831815 673
353897891910503 657
353902891996650 702
353907892088280 613
353912892191415 719
353917892276094 519
353922892320921 679
353927892398971 550
353932892479432 573
353937892546420 634
353942892605616 500
353947892667316 488
353952892720271 185
353957892786745 185
353962892837268 182
353967892897315 185
353972892945220 185
353977893009952 182
353982893074201 188
353987893145618 182
353992893181642 77
353997893235228 0
354002893276629 0
354007893335324 0
354012893372640 0
354017893430688 0
354022893478301 579
354027893548325 714
354032893609961 708
354037893684086 607
354042893736392 758
354047893811722 646
354052893845645 676
354057893902990 596
354062893970794 633
354067894035741 596
354072894113988 627
354077894187030 531
354082894249168 563
354087894320266 355
354092894367991 183
354097894434061 186
354102894504335 182
354107894561631 186
354112894632924 184
354117894691215 179
354122894746289 191
354127894815691 185
354132894883802 53
354137894969047 0
354142895034117 0
354147895087019 0
354152895154310 0
354157895219180 273
354162895296644 628
354167895371458 586
354172895430799 700
354177895497675 745
354182895558185 633
354187895632284 704
354192895694248 659
354197895765714 580
354202895828197 576
354207895902242 640
354212895986332 525
354217896074013 646
354222896124252 560
354227896203297 218
354232896737016 185
354237896797540 181
354242896844691 184
354247896899259 185
354252896969140 185
354257897027404 184
354262897076571 185
354267897136904 156
354272897207295 0
354277897274563 0
354282897324232 0
354287897400279 0
354292897442623 0
354297897500994 188
354302897568330 660
354307897638722 635
354312897692760 695
354317897768831 755
354322897844627 636
354327897916454 683
354332897972187 679
354337898047165 572
354342898115659 566
354347898183636 643
354352898263991 551
354357898330397 634
354362898388448 545
354367898459725 216
354372898506225 185
354377898561333 182
354382898630967 185
354387898688986 185
354392898759268 183
354397898826210 181
354402898898481 189
354407898983336 166
354412899050845 0
354417899109084 0
354422899139753 0
354427899197414 0
354432899244741 0
354437899302979 0
354442899347526 397
354447899405702 545
354452899477169 719
354457899545376 710
354462899619314 636
354467899721033 733
354472899801419 604
354477899871538 718
354482899916144 599
354487899989589 600
354492900070243 556
354497900140111 606
354502900218640 597
354507900280545 507
354512900360713 182
354517900435414 187
354522900503131 184
354527900578770 182
354532900647518 185
354537900708490 185
354542900755397 179
354547900811310 190
354552900880370 121
354557900933104 0
354562900992437 0
354567901049990 0
354572901097483 0
354577901163798 0
354582901211102 0
354587901269932 387
354592901346975 552
354597901417335 674
354602901492334 729
354607901565450 665
354612901645674 732
354617901714893 570
354622901780976 692
354627901840485 541
354632901913681 630
354637901991505 600
354642902061109 564
354647902120761 644
354652902200355 531
354657902291622 179
354662902353424 188
354667902427239 184
354672902488564 185
354677902565798 181
354682902629415 184
354687902700662 185
354692902757125 185
354697902825996 134
354702902883595 0
354707902947665 0
354712903013022 0
354717903071381 0
354722903129575 0
354727903185166 297
354732903243067 596
354737903325918 595
354742903390524 729
354747903461719 758
354752903535279 621
354757903604739 658
354762903684564 735
354767903773680 555
354772903852442 602
354777903911406 622
354782903990127 564
354787904069857 647
354792904143593 537
354797904213534 190
354802904277385 184
354807904339424 186
354812904399259 185
354817904462740 185
354822904520326 184
354827904581494 181
354832904649681 189
354837904704086 118
354842904757613 0
354847904808886 0
354852904871757 0
354857904926007 0
354862904986496 0
354867905039120 0
354872905094924 0
354877905161843 688
354882905242010 623
354887905317955 804
354892905397040 686
354897905458070 637
354902905543160 718
354907905604118 633
354912905665657 655
354917905746744 542
354922905855785 657
354927905932202 560
354932905995366 609
354937906060961 615
354942906131551 245
354947906192027 182
354952906261091 185
354957906319660 185
354962906383058 183
354967906442816 188
354972906506363 182
354977906570337 185
354982906638993 161
354987906702016 0
354992906764276 0
354997906830747 0
355002906892403 0
355007906955646 0
355012907037356 0
355017907099559 0
355022907186121 501
355027907266164 681
355032907333415 707
355037907405127 708
355042907473226 748
355047907547073 630
355052907610741 692
355057907692139 590
355062907761070 652
355067907835141 619
355072907914040 632
355077907995165 569
355082908066286 644
355087908144964 277
355092908225111 185
355097908284812 179
355102908350398 190
355107908408384 182
355112908465996 185
355117908535410 185
355122908605319 183
355127908666602 178
355132908747711 0
355137908805871 0
355142908852601 0
355147908910116 0
355152908957454 0
355157909013476 116
355162909077753 709
355167909137512 566
355172909208394 776
355177909281943 747
355182909330958 606
355187909405236 699
355192909482971 706
355197909554113 590
355202909618119 610
355207909674925 616
355212909727257 546
355217909798501 666
355222909879655 513
355227909946483 207
355232909993248 185
355237910063747 184
355242910129141 186
355247910187908 187
355252910269248 181
355257910335150 185
355262910405042 186
355267910478817 151
355272910561514 0
355277910618997 0
355282910684522 0
355287910742138 0
355292910810020 0
355297910869990 0
355302910937158 0
355307910992361 222
355312911057154 630
355317911126063 635
355322911176911 770
355327911261055 703
355332911327012 657
355337911389385 634
355342911456322 660
355347911527558 617
355352911595763 658
355357911670830 581
355362911717461 537
355367911775665 679
355372911855512 532
355377911923897 185
355382911982023 185
355387912041840 182
355392912112241 185
355397912171904 183
355402912235555 185
355407912306321 183
355412912376088 184
355417912442746 127
355422912513944 0
355427912571971 0
355432912631871 0
355437912683276 0
355442912711400 0
355447912763728 0
355452912832279 225
355457912900795 635
355462912967716 608
355467913027242 724
355472913077051 739
355477913157637 594
355482913238561 723
355487913316983 678
355492913394581 589
355497913476122 615
355502913557538 627
355507913632221 574
355512913703653 626
355517913783430 556
355522913862904 217
355527913945154 184
355532914027276 187
355537914095688 182
355542914160556 185
355547914230287 185
355552914300956 182
355557914366204 186
355562914437457 101
355567914532463 0
355572914595650 0
355577914664576 0
355582914733013 0
355587914801395 0
355592914869712 0
355597914936354 219
355602915004830 625
355607915073682 617
355612915143976 761
355617915226760 735
355622915299716 665
355627915382815 662
355632915449238 716
355637915533709 562
355642915613686 665
355647915692657 559
355652915774215 601
355657915853485 631
355662915935142 510
355667916012444 182
355672916087535 188
355677916173307 185
355682916243335 184
355687916309701 185
355692916383509 182
355697916462333 185
355702916548378 185
355707916619567 114
355712916692375 0
355717916762793 0
355722916833226 0
355727916903336 0
355732916969637 0
355737917056598 669
355742917147863 615
355747917215589 770
355752917298670 662
355757917378220 678
355762917449416 728
355767917519966 596
355772917582086 736
355777917657278 553
355782917739111 670
355787917812861 542
355792917918156 664
355797918005399 564
355802918072101 213
355807918143469 180
355812918201682 189
355817918265746 181
355822918336606 187
355827918396993 186
355832918459700 184
355837918527546 182
355842918593422 169
355847918658418 0
355852918724365 0
355857918797457 0
355862918845353 0
355867918902625 0
355872918970388 0
355877919027261 0
355882919089944 702
355887919158642 595
355892919239167 671
355897919316391 731
355902919395307 695
355907919476917 707
355912919555694 615
355917919627662 742
355922919694598 587
355927919765305 673
355932919827953 530
355937919902375 633
355942919981449 583
355947920062276 220
355952920085040 185
355957920151819 182
355962920174237 182
355967920234892 191
355972920299078 182
355977920375521 184
355982920439689 185
355987920494148 143
355992920535669 0
355997920592728 0
356002920651996 0
356007920705183 0
356012920752028 0
356017920817620 0
356022920863383 432
356027920928042 578
356032920999276 655
356037921090789 580
356042921172079 644
356047921249315 543
356052921348782 608
356057921439014 617
356062921521682 559
356067921600723 643
356072921681167 544
356077921755893 618
356082921836818 579
356087921917587 514
356092921986070 466
356097922068404 184
356102922138044 183
356107922207584 185
356112922279597 184
356117922366359 187
356122922435522 184
356127922517690 179
356132922585042 189
