5637520276861 4940
5642520444286 4050
5647520594482 4643
5652520706667 4592
5657520828494 4473
5662520958324 3791
5667521077429 4301
5672521214989 2999
5677521337674 4154
5682521454930 4179
5687521593212 4196
5692521714650 3814
5697521863651 3892
5702522008171 3290
5707522129844 4175
5712522259161 4173
5717522387230 4178
5722522507662 3838
5727522650445 3937
5732522817256 3205
5737522939804 4171
5742523065840 4106
5747523185483 3892
5752523311304 3889
5757523457152 3817
5762523609665 3285
5767523724888 3886
5772523840386 4079
5777523966549 3736
5782524120770 3745
5787524244620 3786
5792524352866 3164
5797524475777 2841
5802524612026 758
5807524762257 819
5812524870165 236
5817525006311 491
5822525156514 557
5827525257697 353
5832525381518 912
5837525495774 1265
5842525605280 2188
5847525732866 3009
5852525866308 3144
5857525983761 3586
5862526130978 4039
5867526254857 3765
5872526378000 3859
5877526475294 3598
5882526614090 3714
5887526730558 3559
5892526871354 3750
5897526992913 3829
5902527146700 3712
5907527253276 3732
5912527360985 3572
5917527457993 3542
5922527570492 3950
5927527681787 3702
5932527807824 3721
5937527917584 3744
5942528050651 3638
5947528157859 3236
5952528266541 3851
5957528419301 3648
5962528554130 3604
5967528683838 3591
5972528825089 3606
5977528960844 3306
5982529074673 3798
5987529199172 3669
5992529329607 3616
5997529452128 3642
6002529595911 3670
6007529706785 2391
6012529790932 2048
6017529905048 960
6022530043671 892
6027530166560 653
6032530288846 573
6037530414747 241
6042530552395 823
6047530655539 512
6052530782629 674
6057530922610 642
6062531060045 631
6067531196047 171
6072531326010 0
6077531457050 2002
6082531592490 826
6087531736144 752
6092531888012 1665
6097532030541 172
6102532141639 2012
6107532265082 4010
6112532381270 3733
6117532478226 3286
6122532583363 3895
6127532693870 3099
6132532812550 4032
6137532924738 3873
6142533064123 3998
6147533213661 3798
6152533328161 3876
6157533448871 3053
6162533567040 4160
6167533691687 3890
6172533828670 3889
6177533943517 4091
6182534087624 3880
6187534227908 3084
6192534340393 4059
6197534468731 3961
6202534590894 3935
6207534711485 3938
6212534838295 3962
6217534959144 3088
6222535062934 4083
6227535174179 3912
6232535289463 3804
6237535418316 3926
6242535541468 3793
6247535681899 3195
6252535815021 4110
6257535933764 3960
6262536063480 3795
6267536181584 3738
6272536293845 3995
6277536404148 3259
6282536524837 4060
6287536638483 3767
6292536768943 3923
6297536878717 3757
6302536983705 3890
6307537114306 2608
6312537230101 4032
6317537341734 4015
6322537454499 3638
6327537562691 3879
6332537660778 3679
6337537774070 2719
6342537889547 4056
6347538044217 4066
6352538150556 3655
6357538289823 4053
6362538401490 3828
6367538535207 2962
6372538664371 4134
6377538781605 3913
6382538919063 3977
6387539020924 3888
6392539130887 3971
6397539263039 2824
6402539387826 3843
6407539507851 4183
6412539613254 3719
6417539734199 3965
6422539840826 3867
6427539948491 3021
6432540054560 4133
6437540160553 3857
6442540270224 4075
6447540378070 3739
6452540515377 3885
6457540638636 3085
6462540760686 4089
6467540875284 4028
6472540990241 3899
6477541094633 3914
6482541201504 3813
6487541333365 3142
6492541443887 3670
6497541550281 4127
6502541676103 3796
6507541784168 3772
6512541887875 4047
6517541996138 3024
6522542103862 3851
6527542214528 3895
6532542327452 4032
6537542452228 3889
6542542577209 3713
6547542715756 3184
6552542843942 3673
6557542948770 4166
6562543050076 3972
6567543159909 3832
6572543285202 3852
6577543385647 3045
6582543499770 3630
6587543607888 4008
6592543717839 3978
6597543843387 3686
6602543953877 3949
6607544082758 3307
6612544200837 3545
6617544294355 3997
6622544402723 3948
6627544501303 3889
6632544604540 3933
6637544744921 3355
6642544860660 3624
6647544967582 4016
6652545065677 3761
6657545174050 3839
6662545276565 3912
6667545368798 3421
6672545486849 3502
6677545583973 3987
6682545675520 4077
6687545769853 4000
6692545864144 3979
6697545971881 3607
6702546075167 3458
6707546193314 3869
6712546291424 3760
6717546387237 3799
6722546508153 3992
6727546634176 3382
6732546738885 3259
6737546833282 3997
6742546929044 3557
6747547026863 3713
6752547121524 3867
6757547249646 3493
6762547352465 3177
6767547479946 3880
6772547594827 3913
6777547689671 3711
6782547792047 3707
6787547914560 3671
6792548030994 2804
6797548137126 3963
6802548256456 3669
6807548356017 3825
6812548449612 3772
6817548564585 3640
6822548678322 2850
6827548789385 3973
6832548888059 3571
6837548982948 3738
6842549087848 3709
6847549222313 3879
6852549339419 2493
6857549441631 3983
6862549580152 3602
6867549708064 3543
6872549809394 3698
6877549909614 3651
6882550012763 2729
6887550121419 3973
6892550231690 3629
6897550348361 3543
6902550466639 3630
6907550591130 3717
6912550708632 2568
6917550821685 3957
6922550925010 3699
6927551028397 3337
6932551133803 3650
6937551269628 3685
6942551383408 2393
6947551510973 3987
6952551621223 3662
6957551757092 3617
6962551892634 3470
6967551996376 3505
6972552116705 2762
6977552234159 3974
6982552346890 3646
6987552463442 3557
6992552600412 3674
6997552727606 3824
7002552839133 2233
7007552950477 3943
7012553058485 3674
7017553170114 3725
7022553265194 3685
7027553364912 3523
7032553492090 2484
7037553592984 3927
7042553701965 3687
7047553803523 3780
7052553911247 3685
7057554018723 3315
7062554121816 2489
7067554217676 3919
7072554318012 3622
7077554417823 3700
7082554516300 3490
7087554623014 3654
7092554719465 2784
7097554829957 3907
7102554964186 3554
7107555093416 3777
7112555211296 3557
7117555350514 3721
7122555460070 2614
7127555579597 3977
7132555697171 3686
7137555827980 3419
7142555939967 3804
7147556053550 3442
7152556170245 2675
7157556288630 3931
7162556425438 3710
7167556542607 3453
7172556655583 3837
7177556765918 3493
7182556876614 2798
7187556986460 3903
7192557104772 3611
7197557236604 3396
7202557350541 3908
7207557463632 3386
7212557577719 2699
7217557690742 3922
7222557799415 3538
7227557907174 3767
7232558013649 3390
7237558127565 3718
7242558240357 2635
7247558362297 3902
7252558467482 3622
7257558583407 3526
7262558684416 3494
7267558794027 3716
7272558890300 2191
7277558998417 3945
7282559112776 3744
7287559222640 3719
7292559348145 3743
7297559469185 3301
7302559575972 2202
7307559669137 3927
7312559763519 3722
7317559865263 3602
7322559984857 3721
7327560125926 3377
7332560238599 2570
7337560377131 3859
7342560487301 3727
7347560584701 3606
7352560680684 3409
7357560776853 3720
7362560893932 2247
7367560989083 4138
7372561174229 3753
7377561288067 3669
7382561394989 3437
7387561497467 3593
7392561594012 2167
7397561686471 4144
7402561803446 3746
7407561919328 3616
7412562045949 3411
7417562176426 3541
7422562286347 2658
7427562399783 4120
7432562513418 3598
7437562611480 3410
7442562744949 3693
7447562852803 3479
7452562948751 2864
7457563059659 4001
7462563167742 3717
7467563272416 3437
7472563384953 3629
7477563492056 3560
7482563600631 2442
7487563698555 4028
7492563807291 3580
7497563918551 3660
7502564018293 3415
7507564128999 3918
7512564239074 2256
7517564357539 3843
7522564470059 3764
7527564579620 3572
7532564706985 3630
7537564843967 3584
7542564947021 2430
7547565066611 3964
7552565172515 3717
7557565274107 3606
7562565387999 3834
7567565491318 3388
7572565597160 2562
7577565698816 3898
7582565801697 3829
7587565900243 3688
7592565998579 3502
7597566114159 3578
7602566233083 2395
7607566348302 4164
7612566449299 3713
7617566606522 3756
7622566722824 3417
7627566841629 3751
7632566956242 2199
7637567072959 4197
7642567203006 3713
7647567353914 3608
7652567479563 3630
7657567609044 3592
7662567732276 2453
7667567847226 3863
7672567963032 3516
7677568082211 3687
7682568231009 3575
7687568351091 3775
7692568483149 2367
7697568623937 3911
7702568750740 3661
7707568906800 3535
7712569020281 3669
7717569138211 3473
7722569260638 2171
7727569357547 4103
7732569458929 3864
7737569581763 3629
7742569686606 3626
7747569805882 3544
7752569906283 2446
7757570000929 4128
7762570102649 3507
7767570231353 3727
7772570326817 3354
7777570420136 3839
7782570522502 2444
7787570615205 3871
7792570703696 3635
7797570825568 3448
7802570927921 3628
7807571033211 3624
7812571182665 2015
7817571302216 4123
7822571418270 3625
7827571549652 3676
7832571666158 3576
7837571783918 3461
7842571905305 2750
7847572018730 3893
7852572141342 3570
7857572244038 3327
7862572363119 3715
7867572498368 3387
7872572604173 2419
7877572721639 3976
7882572851825 3575
7887572943558 3692
7892573049960 3418
7897573186901 3668
7902573323520 2324
7907573423558 3992
7912573545930 3659
7917573683449 3589
7922573811321 3435
7927573919450 3584
7932574052123 2498
7937574169622 3687
7942574277257 3611
7947574383380 3517
7952574503840 3735
7957574631628 3498
7962574730941 2724
7967574831708 3309
7972574961466 3795
7977575073988 3354
7982575194156 3586
7987575328730 3314
7992575471374 2733
7997575591044 3476
8002575696155 3960
8007575805550 3120
8012575920843 3396
8017576051587 3388
8022576149187 2963
8027576250748 3473
8032576351287 3509
8037576456263 3584
8042576573609 3443
8047576669687 3638
8052576794684 2582
8057576888143 3110
8062576990279 3929
8067577107649 3333
8072577227758 3578
8077577323413 3284
8082577453768 3081
8087577555091 3000
8092577648950 3922
8097577742751 3434
8102577854474 3335
8107577952319 3684
8112578083799 3142
8117578182654 2408
8122578276343 3865
8127578371523 3749
8132578476486 3286
8137578591447 3280
8142578700183 3308
8147578793195 2443
8152578896523 4027
8157579010561 3613
8162579111866 3071
8167579209045 3504
8172579331672 3543
8177579446428 2044
8182579557294 3770
8187579675621 3582
8192579794508 3433
8197579892534 3522
8202580020838 3332
8207580120835 1925
8212580232918 4096
8217580346913 3211
8222580454347 3470
8227580551962 3575
8232580650516 3671
8237580765076 1978
8242580864855 3833
8247580972468 3504
8252581089688 3665
8257581195017 3575
8262581320101 3431
8267581427561 2053
8272581524329 4005
8277581624849 3574
8282581728010 3571
8287581854039 3345
8292581988163 3154
8297582116547 2240
8302582213760 3871
8307582347531 3754
8312582452238 3114
8317582556658 3642
8322582665225 3497
8327582766615 1886
8332582871527 3944
8337583018250 4068
8342583165915 2947
8347583307030 3207
8352583453305 3480
8357583562919 2090
8362583673306 3808
8367583782950 3791
8372583894693 3337
8377584035980 3103
8382584156820 3310
8387584272041 2219
8392584397845 3958
8397584512614 3478
8402584629879 3331
8407584732412 3508
8412584846051 3385
8417584955919 1873
8422585082419 3804
8427585220431 3715
8432585321737 3128
8437585422811 3560
8442585532225 3334
8447585640406 1943
8452585765778 3983
8457585876022 3626
8462585992794 3318
8467586114214 3481
8472586221034 3440
8477586352379 1863
8482586476075 3840
8487586591923 3799
8492586728655 3176
8497586865791 3472
8502586994969 3365
8507587113418 2269
8512587215174 4039
8517587346693 3335
8522587464846 3381
8527587597946 3350
8532587736923 3485
8537587854006 2162
8542587962981 3717
8547588083785 3471
8552588180131 3427
8557588301579 3505
8562588421107 3458
8567588513612 1838
8572588616838 4043
8577588741587 3831
8582588864617 2892
8587589019455 3546
8592589137006 3690
8597589261519 1788
8602589390974 3865
8607589530781 3808
8612589642251 3304
8617589793426 3435
8622589912363 3441
8627590049908 1991
8632590169022 4061
8637590278380 3432
8642590397001 3491
8647590541090 3373
8652590642870 3439
8657590756590 1847
8662590864698 4257
8667591012179 3693
8672591141108 3150
8677591270141 3487
8682591373812 3640
8687591487644 1821
8692591828094 3842
8697591949064 3658
8702592078582 3098
8707592200398 3295
8712592309844 3353
8717592424748 2022
8722592517261 3746
8727592630389 3742
8732592741813 3387
8737592880563 3401
8742593005821 3473
8747593135645 1504
8752593240979 3750
8757593349014 3930
8762593443203 3312
8767593540331 3286
8772593666547 3430
8777593808578 1776
8782593910521 3638
8787594037289 3622
8792594166807 3511
8797594283228 3338
8802594422165 3064
8807594546992 2103
8812594670390 3749
8817594789942 3725
8822594896205 3355
8827595021006 3272
8832595175169 3394
8837595305966 1672
8842595407840 3863
8847595538400 3858
8852595646221 3326
8857595753382 3009
8862595877074 3553
8867596020635 1754
8872596132425 3527
8877596268124 3883
8882596376154 3379
8887596529878 3004
8892596651000 3163
8897596764966 2207
8902596879100 3574
8907597021252 3711
8912597148225 3392
8917597265393 3090
8922597380593 3290
8927597527144 2338
8932597640441 3501
8937597761257 3737
8942597878269 3456
8947597997625 3399
8952598113815 3233
8957598256217 2321
8962598376422 3063
8967598495729 3970
8972598631520 3393
8977598763268 3294
8982598861273 3093
8987598986940 2614
8992599096517 3017
8997599206884 3688
9002599317947 3329
9007599439594 3430
9012599570680 3251
9017599701892 2475
9022599837487 2983
9027599951920 3687
9032600075971 3182
9037600190974 3584
9042600337375 3367
9047600463716 2393
9052600571420 2685
9057600679431 3863
9062600807445 3157
9067600912246 3399
9072601055850 3365
9077601183763 2657
9082601283903 2763
9087601385749 3862
9092601489619 3450
9097601619871 3256
9102601737729 3169
9107601877794 3224
9112601985789 2688
9117602080742 3676
9122602195123 3437
9127602300329 3203
9132602405680 3517
9137602531204 2950
9142602640971 2829
9147602744121 3716
9152602849673 3240
9157603008535 3432
9162603129621 3190
9167603256456 3165
9172603351820 2501
9177603480751 3990
9182603593413 3183
9187603705784 3071
9192603818974 3601
9197603955937 3041
9202604030592 2168
9207604139162 3873
9212604265195 3350
9217604399578 3284
9222604513450 3332
9227604653718 3400
9232604764027 1954
