20779148735969 10460
20784148924337 10675
20789149026215 10839
20794149144972 10643
20799149256438 10542
20804149360203 10298
20809149471397 10335
20814149585953 10714
20819149730303 9666
20824149841797 9336
20829149973196 8888
20834150074744 9099
20839150178394 8543
20844150268917 7721
20849150392936 9621
20854150494634 8495
20859150587589 8005
20864150711532 8835
20869150815580 8676
20874150924847 8556
20879151024823 7941
20884151126615 9501
20889151221183 8001
20894151366407 7662
20899151471471 8998
20904151581258 6964
20909151712218 9007
20914151828277 6173
20919151936763 9434
20924152053279 7139
20929152170285 8287
20934152285765 8011
20939152403048 7326
20944152524040 7926
20949152636284 8002
20954152735884 8656
20959152841798 7240
20964152942065 8320
20969153059850 7521
20974153158697 8391
20979153268648 7346
20984153383002 8056
20989153490762 7883
20994153599230 7609
20999153707828 8535
21004153818754 7461
21009153921645 8218
21014154026579 7121
21019154140209 8592
21024154254722 8236
21029154376699 7615
21034154495844 8360
21039154645515 6936
21044154760454 8288
21049154870521 7116
21054154976594 7627
21059155083897 7832
21064155206934 7537
21069155331636 8488
21074155438169 10217
21079155534603 10356
21084155662173 9612
21089156706784 9075
21094156828528 7292
21099156955675 7192
21104157080855 8167
21109157211267 7223
21114157320358 7142
21119157473603 9131
21124157593819 9606
21129157708621 9307
21134157832638 9260
21139157957486 8418
21144158081138 8732
21149158198648 9425
21154158323533 7051
21159158447079 8494
21164158560354 8233
21169158690277 8601
21174158813683 8840
21179158910930 8625
21184159035145 8502
21189159139861 8395
21194159269605 9602
21199159378239 7306
21204159513181 7868
21209159641409 8268
21214159774445 7402
21219159895500 8967
21224160022436 7382
21229160145327 8574
21234160268079 9127
21239160385601 9836
21244160503403 9163
21249160639146 6960
21254160748503 8847
21259160857629 7050
21264160960799 8969
21269161074924 7196
21274161190446 8487
21279161301596 9182
21284161409008 9371
21289161550294 8928
21294161703799 7289
21299161818673 8079
21304161951733 8079
21309162082995 6993
21314162213162 8263
21319162335784 7758
21324162451785 8494
21329162548816 8699
21334162667481 8671
21339162763724 8700
21344162857576 7837
21349162972961 6763
21354163086541 7287
21359163198657 6296
21364163322769 7920
21369163457259 8092
21374163581991 8314
21379163685734 8094
21384163803440 8581
21389163916660 6015
21394164020661 8398
21399164130860 7268
21404164236113 9475
21409164336770 8028
21414164433351 7480
21419164557511 8553
21424164682768 6996
21429164807583 8306
21434164921039 7043
21439165028459 7907
21444165150400 7690
21449165260379 7229
21454165367985 8427
21459165475785 7743
21464165575451 8205
21469165678701 9389
21474165782213 6937
21479165892862 8506
21484166003964 6425
21489166107399 8334
21494166205881 6849
21499166302150 7078
21504166412505 7992
21509166504040 6995
21514166600528 8103
21519166702660 8446
21524166842738 8433
21529166936852 8103
21534167036861 7652
21539167133350 6319
21544167240828 8467
21549167350366 7708
21554167491830 6426
21559167605660 7707
21564167709438 8143
21569167854224 6534
21574168834476 7200
21579168948603 8714
21584169062705 8033
21589169173138 9028
21594169278754 8319
21599169386286 7357
21604169499095 8083
21609169601545 6891
21614169706842 7227
21619169850471 8356
21624169965515 6889
21629170073202 7267
21634170188600 8023
21639170302539 7251
21644170410046 8144
21649170526207 8723
21654170634075 8433
21659170743695 8328
21664170848698 7698
21669170942953 6366
21674171057775 8137
21679171187832 8059
21684171299490 6318
21689171392329 8628
21694171490274 7562
21699171594031 9151
21704171696966 9099
21709171793155 7984
21714171888804 7778
21719171987735 6812
21724172094656 7142
21729172188592 8291
21734172308586 7093
21739172398336 6803
21744172514286 8235
21749172604655 7513
21754172710229 9245
21759172812067 8579
21764172908826 8650
21769173012409 8019
21774173104443 6419
21779173223192 6542
21784173319482 8249
21789173418245 7755
21794173522133 6326
21799173627189 7631
21804173742468 8288
21809173852930 6774
21814173972387 9185
21819174084207 8077
21824174208203 7831
21829174319691 6844
21834174429043 8926
21839174544525 6520
21844174650823 8331
21849174779790 6934
21854174889975 8596
21859174995055 7097
21864175119426 8415
21869175243515 7256
21874175354587 8667
21879175452145 6908
21884175560566 8469
21889175664300 8595
21894175776888 8276
21899175883090 6896
21904175995034 7991
21909176100235 7538
21914176209307 6696
21919176305895 8542
21924176397716 7353
21929176501365 8103
21934176601188 9042
21939176716184 9077
21944176810338 8961
21949176909740 8769
21954177017642 6349
21959177130134 8631
21964177245762 6801
21969177355194 7305
21974177467528 8026
21979177562218 7108
21984177661921 6839
21989177768613 8551
21994177872251 8418
21999177974749 8698
22004178078783 8972
22009178174492 7299
22014178267324 8165
22019178375773 6300
22024178472831 7202
22029178580066 8662
22034178668702 6438
22039178763951 8132
22044178860773 8038
22049178954576 7513
22054179042101 8322
22059179130258 9526
22064179246570 8251
22069179366835 7443
22074179459618 6723
22079179571595 8016
22084179690627 6950
22089179784662 7032
22094179876136 8527
22099179966660 6597
22104180100419 8614
22109180187064 8155
22114180307498 8204
22119180400581 9241
22124180501655 8501
22129180611340 7602
22134180720573 6321
22139180825690 7612
22144180921971 7913
22149181022957 6288
22154181122368 7362
22159181228576 8639
22164181326450 8413
22169181434155 7899
22174181543204 9030
22179181638099 9642
22184181748040 7117
22189181851634 8181
22194181984994 6972
22199182090528 6351
22204182194406 7830
22209182293368 7880
22214182432872 6612
22219182538338 7414
22224182627002 8011
22229182727773 7859
22234182855098 9074
22239182966480 9408
22244183075794 7809
22249183171165 7459
22254183270233 7094
22259183370320 6888
22264183469632 7840
22269183581457 7633
22274183673974 6245
22279183773433 8211
22284183906050 7675
22289184024110 8227
22294184129676 8806
22299184234776 7738
22304184367143 6828
22309184486620 7008
22314184589560 8213
22319184691662 7284
22324184796286 6261
22329184891889 8179
22334185004200 7106
22339185116344 7937
22344185230016 8246
22349185368472 8724
22354185467219 6337
22359185558967 8034
22364185649066 7977
22369185762437 7864
22374185859350 7626
22379185959406 6820
22384186059579 8260
22389186180204 7463
22394186288746 6251
22399186395161 7807
22404186488066 8117
22409186594298 9139
22414186697404 8991
22419186833349 9264
22424186943214 7730
22429187039116 6661
22434187139022 8163
22439187233357 7239
22444187336245 6790
22449187435363 8194
22454187538064 6849
22459187639676 8148
22464187733092 7610
22469187825853 8997
22474187972386 9165
22479188082879 8195
22484188176983 7629
22489188285051 6238
22494188381913 7829
22499188475604 7970
22504188569401 6563
22509188665564 8334
22514188767300 7177
22519188876198 8118
22524188979463 7937
22529189103054 9601
22534189219753 8203
22539189325229 7416
22544189439337 7563
22549189535801 8070
22554189640004 6901
22559189737006 7566
22564189851850 8000
22569189951711 6403
22574190051783 7330
22579190152443 8452
22584190247253 8969
22589190380819 9005
22594190480660 8503
22599190593539 8282
22604190714987 6671
22609190811442 7146
22614190899473 7816
22619191007784 7401
22624191131912 6270
22629191222758 7928
22634191316806 7981
22639191409397 7107
22644191504288 8680
22649191610423 9647
22654191700030 8554
22659191787179 7418
22664191888160 6362
22669192027111 7992
22674192133603 7865
22679192266779 6325
22684192362419 6962
22689192456156 7951
22694192574047 7485
22699192668559 9001
22704192767716 8601
22709192859942 8071
22714192973746 9321
22719193096236 6202
22724193202421 7081
22729193314120 8164
22734193443408 7133
22739193549159 6157
22744193646297 7798
22749193743556 7956
22754193856722 7483
22759194003770 8466
22764194098266 9645
22769194204990 7020
22774194369214 7887
22779194483223 6817
22784194586543 6462
22789194695293 7972
22794194799175 8015
22799194902997 6210
22804195006004 7423
22809195112585 7618
22814195212743 8391
22819195319780 7834
22824195456111 9230
22829195595449 6336
22834195690602 8673
22839195813045 6727
22844195906149 7168
22849196023868 7649
22854196131488 7060
22859196251291 6887
22864196378857 8036
22869196474126 6734
22874196583235 8912
22879196699836 6495
22884196795645 7945
22889196929101 8051
22894197028697 6570
22899197114257 8207
22904197234950 7468
22909197361074 6265
22914197453061 7665
22919197568527 8013
22924197706981 6975
22929197823021 8523
22934197921983 7508
22939198012835 8507
22944198105507 9323
22949198215826 8915
22954198318781 7503
22959198417780 7876
22964198512624 7485
22969198604185 6644
22974198705091 7909
22979198807343 7784
22984198916617 6243
22989199043469 7223
22994199137904 8656
22999199228570 8263
23004199327378 9092
23009199439401 7951
23014199533318 7218
23019199647819 8289
23024199743243 6669
23029199857718 6676
23034199945292 8164
23039200033124 6936
23044200135011 6127
23049200239844 7655
23054200348114 8217
23059200439423 9202
23064200528951 8634
23069200617826 7463
23074200707662 8103
23079200827183 7485
23084200923471 6233
23089201012887 7764
23094201103844 8235
23099201195139 6303
23104201288080 6458
23109201394306 7943
23114201505446 7734
23119201602360 7312
23124201696144 8510
23129201800489 9121
23134201895927 6474
23139201991498 7916
23144202084897 7791
23149202184909 6311
23154202276481 6753
23159202363133 7634
23164202456087 7731
23169202551963 6210
23174202658437 8352
23179202761978 7806
23184202873846 9257
23189202977522 8696
23194203107206 6955
23199203215424 7555
23204203328166 6767
23209203432702 7713
23214203561219 6243
23219203663824 6955
23224203772436 7784
23229203884335 7390
23234203990879 7095
23239204122643 8571
23244204223205 8634
23249204318055 8266
23254204407858 7633
23259204534689 7181
23264204629038 6381
23269204731331 7808
23274204830265 7548
23279204935545 6689
23284205035040 6591
23289205131119 7885
23294205222403 7367
23299205312455 9055
23304205413112 7702
23309205516788 7536
23314205608871 7007
23319205707059 6128
23324205800654 7420
23329205897506 8116
23334205995943 6448
23339206103987 6823
23344206198392 7610
23349206292080 7093
23354206388740 7797
23359206480252 8725
23364206547153 8154
23369206636760 6622
23374206737555 9031
23379206833589 6873
23384206931707 8030
23389207019189 7316
23394207111445 6219
23399207203567 7562
23404207322207 8119
23409207443547 6553
23414207535716 6633
23419207627556 8122
23424207734254 7272
23429207840816 9625
23434207937529 8789
23439208039263 6849
23444208137025 6923
23449208244572 7794
23454208363161 7101
23459208469899 6315
23464208578467 7854
23469208668761 7700
23474208781877 6166
23479208908808 8971
23484209000018 8195
23489209091663 9105
23494209197921 8505
23499209291261 7049
23504209382150 8112
23509209469563 6890
23514209573322 6131
23519209668990 7425
23524209756015 7847
23529209856349 6973
23534209979281 6499
23539210086510 8839
23544210177941 8383
23549210294581 8722
23554210388807 8824
23559210494599 6233
23564210585299 8110
23569210674922 6890
23574210763574 7628
23579210890846 7595
23584211026036 6232
23589211137167 8879
23594211267755 6778
23599211388511 9513
23604211480168 8028
23609211604417 8836
23614211707338 8184
23619211815179 5941
23624211922468 7945
23629212018840 7837
23634212151232 6550
23639212241520 6720
23644212332144 7642
23649212436364 7805
23654212536220 6683
23659212670233 8621
23664212785198 8615
23669212904849 8684
23674213038267 7949
23679213148382 6547
23684213259287 8237
23689213403177 7163
23694213510609 6359
23699213621921 7965
23704213721664 7608
23709213806743 6449
23714213893772 6143
23719213979667 9468
23724214069789 8014
23729214159850 8225
23734214251475 8403
23739214371105 6937
23744214468316 6191
23749214559458 7572
23754214658219 7806
23759214796260 6683
23764214905775 6214
23769215015440 7715
23774215124813 7830
23779215219123 8215
23784215320460 8094
23789215422631 8958
23794215530653 6700
23799215660992 8044
23804215765447 7347
23809215863081 6163
23814215954446 7299
23819216056222 7737
23824216152362 7139
23829216242938 6179
23834216342828 8006
23839216439522 7419
23844216534543 9597
23849216646499 6137
23854216740358 8068
23859216862336 7755
23864216978451 6241
23869217088512 6850
23874217203029 7892
23879217311789 7498
23884217413576 6161
23889217508433 7538
23894217636936 7555
23899217742525 7045
23904217850083 8942
23909217960234 6249
23914218064006 6271
23919218202396 9299
23924218308144 5854
23929218416875 7992
23934218542739 7725
23939218637061 8061
23944218737020 7736
23949218866560 8356
23954218962391 8542
23959219076287 8170
23964219181378 9048
23969219282697 8975
23974219373074 9014
23979219468155 9443
23984219572334 8435
23989219674668 7342
23994219766887 8952
23999219880878 7841
24004219981938 8418
24009220085691 7349
24014220176592 9278
24019220275264 9210
24024220370952 9468
24029220462942 8488
24034220559394 8072
24039220659718 8449
24044220758836 7552
24049220858473 8409
24054220955371 6767
24059221057258 8547
24064221147794 9317
24069221249652 9608
24074221356969 8731
24079221457369 9775
24084221549739 6986
24089221670391 8165
24094221768024 7298
24099221862677 8055
24104221972137 6984
24109222062784 8576
24114222159106 9402
24119222263356 8882
24124222370873 8862
24129222461653 8504
24134222591604 8222
24139222697256 7582
24144222790268 7569
24149222905177 7818
24154223015148 6917
24159223130883 6065
24164223224194 7137
24169223347760 7663
24174223438387 7106
24179223527818 9524
24184223615716 8212
24189223730289 7427
24194223825342 8277
24199223949870 6884
24204224022891 7517
24209224127947 8189
24214224217725 6686
24219224310457 6548
24224224431431 7745
24229224525753 7767
24234224642725 6215
24239224752251 9219
24244224853246 9122
24249224947197 8152
24254225031290 7805
24259225128043 6649
24264225226876 6045
24269225314347 7364
24274225403702 7954
24279225514443 6745
24284225604302 6072
24289225719987 7221
24294225817537 8053
24299225911869 8416
24304225998030 8387
24309226090679 8510
24314226198295 6273
24319226290062 7246
24324226382611 7742
24329226479251 7023
24334226584646 6112
24339226692265 7503
24344226791658 7463
24349226885075 7135
24354226975882 7827
24359227070063 7572
24364227170212 9271
24369227300791 6427
24374227387447 6414
