24404104424251 2044
24409104617260 3300
24414104752372 4093
24419104883981 4848
24424104982061 5609
24429105109659 6498
24434105218573 7652
24439105320600 8862
24444105422009 10488
24449105555352 12452
24454105672732 13632
24459105764785 13522
24464105893183 13578
24469106013472 13609
24474106106008 13660
24479106198830 13851
24484106297984 13696
24489106409675 13640
24494106514973 13755
24499106623495 13725
24504106737144 13937
24509106856942 14232
24514106989133 14059
24519107088981 14231
24524107203759 14062
24529107313879 14149
24534107413954 14119
24539107526981 13960
24544107635799 14018
24549107774658 14057
24554107891974 14178
24559108017787 14233
24564108166777 14416
24569108264471 14137
24574108393816 14338
24579108489441 14136
24584108589090 14113
24589108690409 13965
24594108814207 14164
24599108906874 14288
24604109004309 13920
24609109108098 14250
24614109212689 14196
24619109326738 14045
24624109433648 14214
24629109546015 14283
24634109642841 14188
24639109738146 14507
24644109853439 14235
24649109954296 14125
24654110048277 13973
24659110154951 14025
24664110283647 14192
24669110398033 14285
24674110772917 14019
24679110900122 14174
24684111010945 14093
24689111131707 14213
24694111250716 14303
24699111368142 14197
24704111497943 14097
24709111613063 14273
24714111725556 14284
24719111848786 14127
24724111955265 14122
24729112091189 13936
24734112215296 14128
24739112372967 14052
24744112502205 13964
24749112657328 13850
24754112783961 13996
24759112896571 13879
24764113004254 13841
24769113125490 13966
24774113260687 13800
24779113372226 13806
24784113495922 14019
24789113601507 14092
24794113723926 13906
24799113841440 13946
24804113970742 14100
24809114075338 14158
24814114181610 14058
24819114295103 14130
24824114417651 14259
24829114518345 14049
24834114613379 13859
24839114717373 14047
24844114829225 14249
24849114931168 14239
24854115033578 14103
24859115135169 14121
24864115237699 14213
24869115328251 14138
24874115438393 13791
24879115553730 13855
24884115659720 14072
24889115779921 14242
24894115909370 14116
24899116025286 14155
24904116131202 14076
24909116248872 14141
24914116346199 13883
24919116443709 13775
24924116564762 14109
24929116662131 14066
24934116779457 14159
24939116870398 14320
24944116991034 14305
24949117097372 14231
24954117237174 14038
24959117369266 14078
24964117485759 13895
24969117655180 14068
24974117793220 14027
24979117901639 14130
24984118029604 14084
24989118132803 14309
24994118263733 13976
24999118396816 14081
25004118496507 13972
25009118593325 14197
25014118720142 14145
25019118822755 13972
25024118923086 14122
25029119034052 14264
25034119168816 14107
25039119276656 13944
25044119405674 14167
25049119503015 14201
25054119608932 14036
25059119723913 14000
25064119831153 14156
25069119965437 14102
25074120089150 14117
25079120201571 14081
25084120315338 14086
25089120429633 14225
25094120538159 14204
25099120660123 14153
25104120773230 14173
25109120879472 14200
25114121007306 13929
25119121118493 14195
25124121229640 14198
25129121359465 14136
25134121470724 14145
25139121573129 14150
25144121685503 14283
25149121790757 14127
25154121915940 13899
25159122029202 14027
25164122148816 14097
25169122282468 14113
25174122389959 14283
25179122487541 14283
25184122607781 14236
25189122756924 14231
25194122854804 14015
25199122953074 14071
25204123079312 14196
25209123176220 14192
25214123271378 14264
25219123393330 14217
25224123502323 14188
25229123623299 14246
25234123766649 13816
25239123893667 13963
25244124030755 14196
25249124129143 14053
25254124229027 14097
25259124340949 14309
25264124435878 14074
25269124537189 14168
25274124674286 14033
25279124772021 13993
25284124893935 14069
25289124988017 14194
25294125106014 14185
25299125199399 14064
25304125300505 14266
25309125441798 14235
25314125536468 14136
25319125647050 14281
25324125757965 14315
25329125857856 14100
25334125956251 14214
25339126050430 14259
25344126142238 14377
25349126245620 14254
25354126349913 14346
25359126442379 14295
25364126565547 14107
25369126695524 14277
25374126838091 14254
25379126936563 14268
25384127031011 14244
25389127123822 14293
25394127216018 14265
25399127326681 14306
25404127432317 14189
25409127539411 14398
25414127647066 14427
25419127768011 14154
25424127877899 14140
25429128024285 14197
25434128132002 14301
25439128259761 14325
25444128371888 14429
25449128489107 14215
25454128615123 14152
25459128865416 14214
25464128987798 14258
25469129084027 14192
25474129199429 14247
25479129323899 14263
25484129439969 14264
25489129550002 14237
25494129666309 14302
25499129767404 14396
25504129902055 14418
25509130017550 14050
25514130135573 14228
25519130262105 14372
25524130409839 14420
25529130518115 14239
25534130639782 14220
25539130758968 14372
25544130866415 14304
25549130972654 14223
25554131082198 14139
25559131191000 14216
25564131301399 14206
25569131415952 14316
25574131552739 14424
25579131663100 14255
25584131772480 14355
25589131910932 14431
25594132022914 14329
25599132132389 14325
25604132238023 14329
25609132333800 14314
25614132441270 14352
25619132544289 14141
25624132643556 14099
25629132754966 14257
25634132851997 14245
25639132946680 14208
25644133041838 14171
25649133137264 14149
25654133250137 14381
25659133352586 14238
25664133452266 14292
25669133557463 14537
25674133658280 14305
25679133831029 14216
25684133963412 14142
25689134070639 14090
25694134197965 14150
25699134336255 14255
25704134451581 14285
25709134560051 14212
25714134680192 14219
25719134832266 14135
25724134938248 14238
25729135065203 14295
25734135200811 14294
25739135297054 14311
25744135407610 14260
25749135504822 14364
25754135605795 14248
25759135708898 14171
25764135836713 14222
25769135924330 14182
25774136023872 14150
25779136121193 14401
25784136227159 14224
25789136340058 14306
25794136449591 14237
25799136549597 14424
25804136681734 14306
25809136828942 14417
25814136951160 14490
25819137059545 14240
25824137178423 14443
25829137273068 14297
25834137387147 14267
25839137494339 14392
25844137613746 14219
25849137726753 14180
25854137832933 14357
25859137959155 14471
25864138064866 14117
25869138181710 14081
25874138296229 14269
25879138403211 14388
25884138518896 14283
25889138615452 14365
25894138711330 14462
25899138811182 14334
25904138922796 14277
25909139059638 14404
25914139174726 14356
25919139271191 14457
25924139399019 14391
25929139510739 14279
25934139634671 14307
25939139734778 14379
25944139876271 14301
25949139990302 14342
25954140118286 14392
25959140227217 14392
25964140330699 14429
25969140435300 14373
25974140565236 14373
25979140687443 14326
25984140796411 14324
25989140895054 14274
25994141015378 14194
25999141113811 14343
26004141221515 14352
26009141330367 14369
26014141451709 14516
26019141582547 14287
26024141699126 14174
26029141807258 14388
26034141906748 14480
26039142044752 14761
26044142161381 14327
26049142297915 14311
26054142393735 14318
26059142499617 14215
26064142600571 14231
26069142695803 14328
26074142821905 14237
26079142936092 14287
26084143035176 14227
26089143132207 14327
26094143243382 14205
26099143341930 14458
26104143436082 14347
26109143525580 14278
26114143626300 14395
26119143737772 14314
26124143859912 14235
26129143950347 14268
26134144020157 14372
26139144164579 14521
26144144266992 14430
26149144401447 14491
26154144517548 14280
26159144657970 14183
26164144755001 14243
26169144878250 14304
26174144991183 14242
26179145088792 14263
26184145187337 14324
26189145289843 14223
26194145412207 14300
26199145516698 14150
26204145623927 14058
26209145718718 14286
26214145812845 14272
26219145922125 14190
26224146014035 14170
26229146108408 14252
26234146225683 14287
26239146326016 14347
26244146428149 14183
26249146540052 14618
26254146633099 14410
26259146743381 14409
26264146850662 14292
26269146960911 14539
26274147070405 14003
26279147218089 14079
26284147342724 14362
26289147430922 14349
26294147538463 14424
26299147647261 14299
26304147762799 14390
26309147870362 14297
26314147989658 14436
26319148120810 14441
26324148240259 14287
26329148332754 14304
26334148455289 14289
26339148560942 14307
26344148671439 14370
26349148817321 14470
26354148940772 14449
26359149074263 14386
26364149189204 14287
26369149306936 14360
26374149435898 14143
26379149533606 14368
26384149633672 14391
26389149730609 14209
26394149829377 14376
26399149943230 14376
26404150045317 14338
26409150157152 14156
26414150285663 14169
26419150389025 14269
26424150491553 14492
26429150599206 14200
26434150714148 14355
26439150823402 14508
26444150917741 14289
26449151038570 14236
26454151151919 14190
26459151255721 14482
26464151363790 14315
26469151467830 14340
26474151572336 14429
26479151678037 14394
26484151779296 14310
26489151917461 14328
26494152026691 14294
26499152132640 14304
26504152245043 14190
26509152350168 14214
26514152458956 14372
26519152573405 14287
26524152700286 14239
26529152806157 14357
26534152930999 14228
26539153049782 14060
26544153146274 14369
26549153282396 14208
26554153377483 14360
26559153482822 14359
26564153582096 14262
26569153702063 14376
26574153805523 14290
26579153933468 14049
26584154034020 14338
26589154130530 14154
26594154236994 14304
26599154324966 14418
26604154457532 14424
26609154554884 14514
26614154649710 14283
26619154758253 14354
26624154873346 14383
26629154974480 14248
26634155074903 14409
26639155176694 14375
26644155308435 14314
26649155448890 14417
26654155549483 14388
26659155659395 14456
26664155749047 14335
26669155853485 14202
26674155959826 14384
26679156071700 14339
26684156173525 14373
26689156280645 14365
26694156372545 14360
26699156467713 14323
26704156559115 14344
26709156666383 14376
26714156759392 14530
26719156854861 14384
26724156952305 14524
26729157045311 14423
26734157145735 14340
26739157251610 14282
26744157369832 14276
26749157476631 14444
26754157590341 14495
26759157683856 14464
26764157784291 14469
26769157879719 14456
26774157972988 14313
26779158068097 14490
26784158193311 14434
26789158288438 14288
26794158414197 14471
26799158551340 14637
26804158650104 14467
26809158757009 14254
26814158854694 14481
26819158990899 14461
26824159095785 14329
26829159205504 14335
26834159443014 14386
26839159548663 14330
26844159642289 14353
26849159734526 14322
26854159837665 14478
26859159953169 14387
26864160064833 14343
26869160160152 14498
26874160260848 14225
26879160370367 14386
26884160464431 14316
26889160566206 14388
26894160670785 14454
26899160792273 14493
26904160884735 14250
26909160964384 14452
26914161057242 14282
26919161183385 14302
26924161285957 14351
26929161393597 14327
26934161505254 14371
26939161620514 14312
26944161748498 14374
26949161861048 14364
26954161965222 14307
26959162077913 14240
26964162171221 14360
26969162275005 14285
26974162392010 14435
26979162487399 14302
26984162581117 14071
26989162679336 14498
26994162792964 14348
26999162909689 14230
27004163024256 14257
27009163159760 14346
27014163268390 14320
27019163395335 14419
27024163534471 14368
27029163629188 14293
27034163735080 14294
27039163878716 14261
27044163988096 14405
27049164104665 14352
27054164212546 14365
27059164349072 14411
27064164464331 14392
27069164570567 14307
27074164681345 14305
27079164778983 14408
27084164885080 14351
27089164981055 14364
27094165080962 14340
27099165204395 14341
27104165306667 14572
27109165418442 14423
27114165519681 14308
27119165621366 14355
27124165724547 14380
27129165850939 14548
27134165966270 14403
27139166079097 14472
27144166183539 14404
27149166286768 14428
27154166385923 14531
27159166498679 14401
27164166613574 14470
27169166738877 14499
27174166848624 14263
27179166954200 14448
27184167091531 14203
27189167201987 14284
27194167307659 14322
27199167413298 14291
27204167562432 14404
27209167674027 14272
27214167791217 14212
27219167905358 14362
27224168030954 14211
27229168164895 14375
27234168269617 14301
27239168398270 14348
27244168507138 14419
27249168603894 14298
27254168704329 14346
27259168797835 14257
27264168900202 14444
27269169001992 14541
27274169112328 14256
27279169210521 14057
27284169310262 14367
27289169407692 14429
27294169513849 14403
27299169603644 14384
27304169697098 14380
27309169793085 14370
27314169887103 14208
27319169989718 14321
27324170094410 14319
27329170228236 14318
27334170325778 14220
27339170420998 14383
27344170514066 14286
27349170618399 14273
27354170714828 14533
27359170841962 14422
27364170951802 14452
27369171046758 14445
27374171135602 14573
27379171230144 14472
27384171333720 14455
27389171433757 14526
27394171534798 14228
27399171633786 14277
27404171730194 14435
27409171823913 14369
27414171944112 14404
27419172033653 14432
27424172152816 14365
27429172268805 14231
27434172381644 14430
27439172472330 14260
27444172613250 14512
27449172711120 14414
27454172809956 14489
27459172904131 14493
27464173004855 14455
27469173132185 14403
27474173225999 14491
27479173318534 14431
27484173426227 14268
27489173528915 14359
27494173612328 14475
27499173707993 14448
27504173837782 14391
27509173947790 14372
27514174039199 14302
27519174146478 14485
27524174242037 14445
27529174342743 14448
27534174447839 14301
27539174543025 14357
27544174634409 14433
27549174717206 14471
27554174840855 14466
27559174960715 14356
27564175055413 14374
27569175179134 14319
27574175287978 14358
27579175396282 14105
27584175527291 14231
27589175660292 14096
27594175754782 14164
27599175854473 14155
27604175950431 14436
27609176022842 14409
27614176150689 14283
27619176264544 14329
27624176397381 14323
27629176491387 14394
27634176591280 14341
27639176704355 13997
27644176822890 14272
27649176939324 14433
27654177032513 14466
27659177124684 14298
27664177220523 14405
27669177311244 14284
27674177400656 14311
27679177488857 14327
27684177597662 14259
27689177707874 14324
27694177802514 14123
27699177914498 14204
27704178038040 14500
27709178142459 14390
27714178242361 14248
27719178358174 14308
27724178497851 14302
27729178616757 14189
27734178739214 14339
27739178852797 14285
27744178986941 14408
27749179100798 14371
27754179234766 14367
27759179345560 14301
27764179455484 14324
27769179554979 14283
27774179674536 14506
27779179807968 14512
27784179914696 14410
27789180042657 14454
27794180146053 14419
27799180247411 14414
27804180366006 14493
27809180465536 14336
27814180563325 14286
27819180659414 14432
27824180763185 14514
27829180894694 14285
27834181001290 14461
27839181101440 14328
27844181194357 14478
27849181304027 14305
27854181433048 14386
27859181542138 14564
27864181641116 14421
27869181751360 14442
27874181864189 14538
27879181959253 14390
27884182056471 14254
27889182172869 14276
27894182271094 14472
27899182377326 14316
27904182474586 14512
27909182597307 14246
27914182728723 14493
27919182841567 14423
27924182966349 14534
27929183071832 14308
27934183164265 14403
27939183284781 14312
27944183377355 14217
27949183492173 14424
27954183611779 14454
27959183703860 14442
27964183797602 14370
27969183889197 14346
27974183989691 14403
27979184109933 14151
27984184224294 14449
27989184335402 14432
27994184427817 14377
27999184572292 14067
