9316616108557 1325
9321616270929 2456
9326616383728 3342
9331616546839 3873
9336616704974 4193
9341616840793 4265
9346616956719 4205
9351617108133 4232
9356617235974 4241
9361617378203 4269
9366617493422 4236
9371617623199 4223
9376617735963 4306
9381617886218 4272
9386618003220 4199
9391618139292 4200
9396618254132 4218
9401618370048 4255
9406618515712 4187
9411618651440 4145
9416618782591 4228
9421618921709 4159
9426619080486 4115
9431619206754 4241
9436619339781 4394
9441619449453 4308
9446619613259 4097
9451619718376 4087
9456619854858 4147
9461620032616 4171
9466620192493 4147
9471620328559 4102
9476620442406 4124
9481620586983 4099
9486620734266 4104
9491620855405 4094
9496620976545 4134
9501621109194 4151
9506621242020 4152
9511621342254 4113
9516621479479 4091
9521621622438 4086
9526621782276 4086
9531621925387 4076
9536622075368 4184
9541622187087 4116
9546622314163 4101
9551622448099 4099
9556622566407 4103
9561622686945 4116
9566622796762 4123
9571622937472 4111
9576623054141 4118
9581623176363 4156
9586623312471 4093
9591623469455 4109
9596623582238 4134
9601623689317 4142
9606623847955 4118
9611624032746 4139
9616624268042 4262
9621624397763 4369
9626624524508 4406
9631624659365 4307
9636624770484 4193
9641624882545 4241
9646625022640 4361
9651625157546 4401
9656625296478 4428
9661625424391 4177
9666625543044 4188
9671625661942 4324
9676625809049 4369
9681625944948 4361
9686626085807 4310
9691626185250 4148
9696626317685 4134
9701626421425 4126
9706626537084 4179
9711626662599 4112
9716626778674 4106
9721626888666 4219
9726627009439 4111
9731627142548 4200
9736627264459 4337
9741627374108 4390
9746627481621 4382
9751627585053 4140
9756627695880 4133
9761627807533 4128
9766627930343 4084
9771628072439 4028
9776628208180 4147
9781628312099 4240
9786628470223 4352
9791628572804 4374
9796628676631 4273
9801628807827 4132
9806628911125 4119
9811629026025 4218
9816629131783 4376
9821629242889 4362
9826629374466 4220
9831629475108 4193
9836629569684 4354
9841629683237 4360
9846629806099 4366
9851629912150 4046
9856630023765 4074
9861630131456 4100
9866630260265 4151
9871630372296 4193
9876630472270 4093
9881630575151 4086
9886630678603 4077
9891630785672 4070
9896630900450 4151
9901631001150 4061
9906631109545 4108
9911631214359 4223
9916631356229 4359
9921631485153 4341
9926631598078 4240
9931631738791 4010
9936631850182 4094
9941631955554 4044
9946632068453 4134
9951632196083 4007
9956632299337 4107
9961632414118 4087
9966632540032 4157
9971632654283 4075
9976632765130 4095
9981632880834 4043
9986632984351 4093
9991633083880 4112
9996633186456 4240
10001633283360 4319
10006633417367 4320
10011633549950 4189
10016633667767 4069
10021633769501 4066
10026633892858 4165
10031633989684 4276
10036634096755 4357
10041634226211 4351
10046634337905 4299
10051634489155 4096
10056634604144 4038
10061634713660 4067
10066634821392 4109
10071634934457 4090
10076635063924 4177
10081635161533 4175
10086635293065 4271
10091635418702 4314
10096635513909 4361
10101635610222 4272
10106635706165 4136
10111635801370 4096
10116635912942 4185
10121636040321 4263
10126636154815 4307
10131636286368 4309
10136636461907 4281
10141636568160 4058
10146636679620 4175
10151636806293 4315
10156636931602 4327
10161637047833 4353
10166637142184 4177
10171637245046 4110
10176637358734 4121
10181637499351 4402
10186637618376 4069
10191637745330 4075
10196637871341 4103
10201637985226 4085
10206638101300 4103
10211638217440 4089
10216638330399 4138
10221638446717 4059
10226638547509 4128
10231638662205 4064
10236638758303 4196
10241638854352 4100
10246638965854 4088
10251639062435 4061
10256639156913 4099
10261639274449 4089
10266639372494 4115
10271639494683 4200
10276639621662 4325
10281639756238 4351
10286639882905 4208
10291640025978 4046
10296640151091 4110
10301640255219 4064
10306640358167 4069
10311640460007 4085
10316640560391 4059
10321640678216 4068
10326640789945 4062
10331640921888 4051
10336641025078 4115
10341641152113 4078
10346641259206 4064
10351641382915 4142
10356641523941 4141
10361641652402 4140
10366641763940 4175
10371641891230 4180
10376642013327 4285
10381642127331 4384
10386642255246 4427
10391642396975 4427
10396642500346 4397
10401642597742 4208
10406642697895 4367
10411642810371 4460
10416642933761 4277
10421643032516 4295
10426643176869 4257
10431643291695 4249
10436643402719 4256
10441643498693 4283
10446643612255 4294
10451643746638 4253
10456643848070 4263
10461643958172 4293
10466644034961 4262
10471644141820 4234
10476644239928 4266
10481644355109 4296
10486644463617 4269
10491644579047 4329
10496644691440 4477
10501644803275 4431
10506644912116 4430
10511645037422 4301
10516645141867 4324
10521645256951 4350
10526645355576 4465
10531645452149 4427
10536645564538 4426
10541645692171 4264
10546645812066 4217
10551645912195 4215
10556646023338 4258
10561646134193 4227
10566646231941 4233
10571646342213 4208
10576646451926 4292
10581646564710 4273
10586646691291 4242
10591646819132 4226
10596646917626 4293
10601647040960 4278
10606647163578 4204
10611647286849 4232
10616647393892 4264
10621647493532 4232
10626647593158 4284
10631647700376 4323
10636647800484 4279
10641647932834 4273
10646648091521 4290
10651648222455 4339
10656648320883 4282
10661648432985 4277
10666648558099 4208
10671648659095 4257
10676648766119 4312
10681648862598 4219
10686648955799 4229
10691649069978 4232
10696649183701 4313
10701649293145 4267
10706649393027 4279
10711649499714 4278
10716649614024 4281
10721649710106 4278
10726649834428 4250
10731649956074 4228
10736650054237 4257
10741650166851 4166
10746650262801 4179
10751650373824 4158
10756650491979 4322
10761650585369 4154
10766650694510 4171
10771650802180 4209
10776650904746 4107
10781651018313 4196
10786651149392 4143
10791651270393 4118
10796651390748 4190
10801651513078 4240
10806651641411 4211
10811651758466 4205
10816651881406 4265
10821652016823 4247
10826652111307 4404
10831652234354 4145
10836652340009 4243
10841652434722 4264
10846652528538 4213
10851652624951 4270
10856652723676 4368
10861652842009 4253
10866652959961 4322
10871653084767 4347
10876653184704 4184
10881653295172 4165
10886653395291 4187
10891653512498 4169
10896653610825 4222
10901653709083 4230
10906653820955 4249
10911653948059 4212
10916654050372 4293
10921654167962 4223
10926654282303 4330
10931654403017 4286
10936654525785 4409
10941654635143 4399
10946654758691 4394
10951654869919 4238
10956654996580 4212
10961655106233 4186
10966655219734 4193
10971655360412 4179
10976655491144 4192
10981655602914 4194
10986655730424 4291
10991655847283 4254
10996655944909 4244
11001656049515 4287
11006656155486 4291
11011656266553 4219
11016656397076 4242
11021656531975 4240
11026656659785 4246
11031656773844 4263
11036656886119 4269
11041656996895 4224
11046657094675 4263
11051657209645 4262
11056657308936 4244
11061657407288 4233
11066657502546 4281
11071657596775 4278
11076657708055 4296
11081657830880 4311
11086657944813 4403
11091658069987 4452
11096658182589 4461
11101658325681 4397
11106658445085 4253
11111658572206 4379
11116658700651 4387
11121658817971 4234
11126658931827 4306
11131659075255 4301
11136659175029 4374
11141659275840 4272
11146659389018 4209
11151659498143 4381
11156659606776 4225
11161659719578 4237
11166659829837 4280
11171659937930 4225
11176660060032 4256
11181660171478 4239
11186660274350 4227
11191660388339 4369
11196660498270 4295
11201660601209 4276
11206660699652 4291
11211660800443 4344
11216660907283 4444
11221661018139 4435
11226661145168 4391
11231661256395 4245
11236661379096 4249
11241661488513 4262
11246661616685 4220
11251661741986 4239
11256661872620 4251
11261661997885 4253
11266662107785 4257
11271662228507 4214
11276662388200 4284
11281662501183 4189
11286662619383 4349
11291662734574 4163
11296662846467 4228
11301662977130 4216
11306663086726 4235
11311663210678 3880
11316663321948 4224
11321663479567 4203
11326663585099 4196
11331663727303 4225
11336663855436 4270
11341663975623 4165
11346664121002 4233
11351664223441 4225
11356664356063 4227
11361664488141 4250
11366664604708 4260
11371664728379 4227
11376664855786 4277
11381664954180 4261
11386665055309 4252
11391665158860 4205
11396665283569 4233
11401665404386 4313
11406665539692 4403
11411665647792 4392
11416665752687 4365
11421665871393 4368
11426666007084 4464
11431666125723 4367
11436666250674 4405
11441666352972 4299
11446666457321 4212
11451666567995 4213
11456666665630 4234
11461666821040 4228
11466666937021 4238
11471667060493 4288
11476667189583 4302
11481667287279 4230
11486667404638 4360
11491667515404 4384
11496667659788 4444
11501667763289 4386
11506667887601 4298
11511668017565 4305
11516668164989 4396
11521668296920 4580
11526668436253 4514
11531668548586 4181
11536668658940 4210
11541668795501 4182
11546668937180 4314
11551669056933 4157
11556669170832 4175
11561669288823 4200
11566669402161 4229
11571669531966 4167
11576669657404 4309
11581669812098 4229
11586669931228 4181
11591670046761 4203
11596670151979 4241
11601670250440 4300
11606670372379 4368
11611670488944 4397
11616670614346 4426
11621670732483 4400
11626670832321 4393
11631670964678 4322
11636671081689 4333
11641671195982 4162
11646671312016 4194
11651671417316 4194
11656671532741 4201
11661671640171 4114
11666671767972 4170
11671671909594 4150
11676672021808 4210
11681672124110 4231
11686672230241 4359
11691672339388 4204
11696672441099 4305
11701672552626 4344
11706672670581 4407
11711672771822 4370
11716672868192 4192
11721672998129 4180
11726673114666 4167
11731673228226 4208
11736673353133 4280
11741673467929 4362
11746673598905 4475
11751673752854 4392
11756673856426 4279
11761673970814 4184
11766674094349 4153
11771674205613 4201
11776674331300 4198
11781674437419 4160
11786674549962 4261
11791674669641 4248
11796674801760 4301
11801674910471 4203
11806675011711 4256
11811675126858 4243
11816675257561 4219
11821675354429 4359
11826675457496 4307
11831675553617 4230
11836675664443 4214
11841675777543 4304
11846675902805 4282
11851676017169 4241
11856676125639 4271
11861676251969 4312
11866676350782 4272
11871676451781 4280
11876676573871 4370
11881676699800 4398
11886676826787 4313
11891676930263 4273
11896677034638 4266
11901677150303 4330
11906677261400 4441
11911677383935 4418
11916677499625 4328
11921677630934 4281
11926677735370 4351
11931677847878 4474
11936677971402 4232
11941678102406 4405
11946678217165 4338
11951678331992 4254
11956678457154 4288
11961678579901 4239
11966678707032 4334
11971678804298 4389
11976678931262 4288
11981679058071 4276
11986679202715 4256
11991679339782 4263
11996679455931 4389
12001679569771 4301
12006679688756 4252
12011679813712 4260
12016679934233 4289
12021680064254 4316
12026680167493 4435
12031680297974 4278
12036680402399 4277
12041680521798 4325
12046680624481 4361
12051680742416 4296
12056680838357 4249
12061680959977 4303
12066681085152 4252
12071681206510 4191
12076681333477 4191
12081681455600 4274
12086681557634 4203
12091681683780 4161
12096681820573 4195
12101681956274 4212
12106682094459 4507
12111682207587 4341
12116682325903 4392
12121682422370 4330
12126682522751 4240
12131682626562 4190
12136682726378 4165
12141682844954 4147
12146682950528 4206
12151683063742 4200
12156683187954 4234
12161683281673 4187
12166683384402 4444
12171683497089 4159
12176683612980 4289
12181683729991 4449
12186683846647 4235
12191683944284 4221
12196684056971 4277
12201684153241 4357
12206684281351 4243
12211684404649 4192
12216684505170 4193
12221684607362 4263
12226684720964 4274
12231684833007 4187
12236684932476 4357
12241685050600 4235
12246685148125 4292
12251685260432 4266
12256685372707 4198
12261685468677 4200
12266685570778 4272
12271685701384 4233
12276685797672 4244
12281685893660 4210
12286686011486 4290
12291686131834 4362
12296686253907 4501
12301686382360 4376
12306686503429 4256
12311686598805 4227
12316686710735 4262
12321686826565 4194
12326686944838 4252
12331687058564 4218
12336687192150 4285
12341687303740 4178
12346687405280 4420
12351687503169 4206
12356687602139 4344
12361687702072 4240
12366687798208 4192
12371687908027 4394
12376688038100 4278
12381688160252 4239
12386688264845 4229
12391688370971 4210
12396688467399 4219
12401688572717 4177
12406688714039 4244
12411688828527 4204
12416688943669 4281
12421689101340 4274
12426689206214 4227
12431689324418 4266
12436689443075 4262
12441689539078 4227
12446689645144 4243
12451689757656 4336
12456689874439 4207
12461690005967 4241
12466690107985 4270
12471690238633 4424
12476690353093 4378
12481690478814 4390
12486690595983 4267
12491690722469 4334
12496690839769 4466
12501690965163 4402
12506691095854 4278
12511691191671 4239
12516691311905 4227
12521691420098 4262
12526691550090 4284
12531691676625 4203
12536691790619 4281
12541691886313 4224
12546691987262 4275
12551692121482 4208
12556692254840 4217
12561692378728 4354
12566692524766 4236
12571692645446 4304
12576692768511 4180
12581692881143 4248
12586692998727 4220
12591693096704 4158
12596693209686 4419
12601693340815 4313
12606693469720 4205
12611693569757 4238
12616693705187 4352
12621693801958 4314
12626693966640 4223
12631694065050 4222
12636694178009 4203
12641694301191 4214
12646694412511 4190
12651694540781 4325
12656694651790 4225
12661694747331 4220
12666694862852 4278
12671694984075 4397
12676695083629 4368
12681695196456 4309
12686695340053 4409
12691695440915 4283
12696695545119 4200
12701695659219 4188
12706695772244 4231
12711695900712 4184
12716696014378 4152
12721696155464 4205
12726696296705 4215
12731696408405 4204
12736696552050 4246
12741696688191 4289
12746696789574 4247
12751696896196 4432
12756697015730 4189
12761697118155 4194
12766697249226 4224
12771697356693 4172
12776697458865 4224
12781697577786 4267
12786697681615 4168
12791697799830 4303
12796697920433 4392
12801698045206 4328
12806698163367 4232
12811698261419 4413
12816698385695 4289
12821698489271 4234
12826698598940 4199
12831698703363 4231
12836698801000 4210
12841698931893 4206
12846699056247 4248
12851699161594 4165
12856699292505 4223
12861699396444 4161
12866699522874 4392
12871699634756 4373
12876699747857 4578
12881699857199 4423
12886699979680 4329
12891700119036 4250
12896700223181 4276
12901700323720 4373
12906700439325 4367
12911700568901 4340
