23708741361433 1586
23713741561298 2950
23718741716983 3857
23723741837630 4435
23728741966924 4657
23733742096901 4853
23738742226752 4988
23743742364736 5070
23748742488952 5187
23753742600404 5089
23758742707395 5146
23763742818966 5293
23768742943210 5170
23773743080967 5143
23778743182396 5178
23783743300732 5199
23788743407944 5120
23793743513440 5178
23798743614454 5243
23803743737239 5193
23808743835781 5090
23813743940917 5003
23818744060411 5023
23823744175933 5036
23828744283823 5127
23833744390647 5165
23838744485497 5137
23843744585437 5007
23848744705385 5113
23853744804348 5131
23858744899608 5168
23863744994571 5130
23868745108237 5049
23873745206073 5173
23878745306755 5047
23883745420191 5162
23888745519197 5166
23893745627075 5191
23898745731705 5168
23903745844135 5172
23908745961652 5228
23913746059585 5262
23918746163032 5178
23923746264944 5142
23928746362487 5141
23933746458543 5171
23938746563654 5082
23943746663368 5145
23948746770262 5247
23953746887594 5222
23958746985366 5135
23963747090515 5136
23968747188122 5237
23973747285681 5201
23978747386247 5116
23983747483396 5130
23988747608394 5234
23993747725652 5136
23998747843653 5060
24003747963290 4928
24008748067496 5141
24013748173125 5153
24018748267975 5173
24023748378712 4948
24028748501750 4911
24033748616027 4943
24038748732981 4959
24043748866325 5073
24048748965155 4940
24053749067981 4959
24058749162580 5001
24063749279385 5135
24068749380396 5216
24073749495613 5181
24078749614542 4984
24083749709404 5087
24088749804231 5097
24093749944180 5217
24098750092091 5201
24103750194395 5167
24108750291743 5092
24113750391945 5043
24118750493108 5159
24123750594505 5121
24128750699048 4976
24133750823744 5110
24138750936617 5138
24143751079553 5125
24148751175855 5069
24153751284437 4941
24158751378103 5142
24163751494289 5186
24168751593534 5261
24173751717032 5041
24178751834435 5105
24183751970517 5007
24188752088572 5062
24193752193970 5144
24198752296744 5099
24203752397256 5003
24208752536297 5113
24213752644857 4985
24218752759229 5144
24223752875172 5085
24228753003326 5189
24233753109900 5135
24238753232702 5067
24243753332165 5124
24248753449761 5164
24253753549688 5065
24258753648224 5063
24263753754849 5188
24268753852937 5169
24273753952752 4899
24278754054735 5025
24283754187746 5162
24288754288448 5181
24293754388872 5132
24298754509539 5038
24303754606879 5135
24308754720444 5146
24313754849048 5109
24318754994082 5091
24323755105932 5095
24328755201032 4968
24333755319342 4847
24338755434353 5063
24343755528334 4998
24348755635832 4933
24353755733720 4913
24358755838366 5011
24363755939901 4961
24368756062367 5081
24373756184722 5049
24378756301670 4998
24383756403107 5098
24388756515330 5000
24393756640290 5011
24398756753961 4960
24403756860082 4954
24408756958132 5154
24413757059664 5118
24418757151920 5071
24423757273592 5059
24428757374251 5204
24433757478782 5114
24438757576124 4949
24443757699313 5049
24448757838423 5145
24453757944897 5122
24458758054321 5144
24463758180352 5093
24468758315507 5148
24473758421629 5057
24478758530139 5127
24483758625367 5153
24488758760341 5022
24493758867975 5096
24498758966435 5085
24503759062659 5067
24508759213386 4972
24513759324921 4974
24518759425720 5128
24523759532850 5085
24528759639332 5223
24533759738861 4960
24538759834757 5108
24543759931354 5172
24548760062047 5143
24553760170090 4944
24558760283914 5084
24563760384809 5079
24568760484797 5166
24573760588581 5103
24578760690881 5154
24583760792124 5149
24588760897321 5153
24593761031807 5045
24598761132147 5155
24603761241980 5156
24608761385102 5193
24613761527408 4986
24618761629077 5058
24623761735558 5144
24628761841181 5185
24633761938313 5040
24638762049094 4855
24643762152182 4856
24648762249629 4987
24653762348236 4971
24658762447029 5109
24663762546386 5143
24668762690033 5109
24673762818169 5120
24678762931621 4997
24683763029877 4948
24688763134237 5040
24693763277310 5045
24698763392962 5109
24703763500768 5100
24708763607455 5214
24713763713410 5006
24718763810064 5096
24723763908549 5020
24728764029227 5120
24733764128680 5130
24738764231959 5085
24743764332761 5041
24748764428159 4990
24753764523617 5049
24758764626228 5060
24763764724772 5181
24768764821783 5231
24773764931282 5069
24778765052880 5173
24783765153397 5338
24788765254559 5310
24793765356775 5297
24798765459933 5256
24803765556973 5318
24808765678936 5337
24813765804273 5342
24818765901612 5312
24823766004169 5292
24828766127577 5304
24833766236111 5164
24838766336723 5258
24843766455423 5342
24848766573305 5334
24853766687565 5254
24858766783389 5280
24863766893791 5320
24868766995532 5367
24873767109792 5257
24878767212101 5215
24883767325281 5329
24888767465793 5361
24893767569760 5350
24898767670986 5294
24903767768790 5367
24908767886213 5343
24913767998220 5311
24918768153996 5234
24923768274403 5311
24928768381788 5371
24933768496958 5364
24938768597589 5308
24943768702743 5299
24948768801705 5313
24953768898676 5355
24958769019173 5375
24963769125811 5349
24968769224629 5387
24973769355089 5340
24978769457016 5314
24983769574253 5320
24988769670220 5369
24993769784411 5261
24998769883101 5247
25003769997592 5314
25008770103321 5397
25013770235353 5307
25018770362086 5191
25023770486311 5280
25028770584751 5424
25033770687088 5357
25038770781689 5331
25043770896086 5377
25048770998213 5438
25053771093877 5333
25058771223810 5214
25063771336965 5196
25068772446408 5399
25073772546792 5323
25078772654435 5359
25083772751406 5344
25088772850265 5329
25093772952322 5331
25098773068969 5340
25103773199616 5073
25108773297420 5350
25113773403181 5363
25118773532618 5317
25123773648456 5284
25128773763380 5228
25133773863159 5179
25138773960685 5224
25143774064503 5331
25148774163142 5399
25153774279532 5358
25158774402161 5392
25163774527028 5307
25168774639167 5293
25173774736911 5259
25178774836047 5342
25183774957354 5388
25188775057889 5397
25193775155785 5339
25198775251274 5299
25203775354197 5361
25208775461333 5405
25213775576492 5211
25218775699756 5214
25223775805498 5326
25228775904122 5275
25233776014377 5280
25238776111776 5311
25243776212624 5355
25248776337115 5342
25253776450085 5355
25258776566142 5391
25263776666489 5303
25268776780841 5250
25273776878976 5341
25278776980248 5411
25283777109096 5390
25288777213264 5251
25293777309360 5316
25298777407963 5335
25303777520383 5335
25308777618445 5349
25313777746037 5363
25318777846436 5332
25323777957909 5401
25328778057893 5318
25333778190560 5267
25338778295629 5360
25343778396377 5341
25348778513250 5326
25353778619210 5226
25358778722960 5287
25363778825003 5225
25368778978530 5280
25373779113163 5208
25378779218318 5357
25383779326749 5396
25388779426543 5463
25393779546302 5373
25398779650407 5300
25403779748400 5266
25408779861081 5365
25413779957505 5362
25418780110622 5368
25423780211410 5240
25428780331410 5342
25433780436791 5186
25438780541080 5411
25443780645082 5356
25448780744424 5291
25453780849623 5277
25458780953862 5278
25463781058185 5345
25468781176356 5390
25473781295954 5289
25478781396370 5331
25483781493636 5235
25488781615562 5313
25493781738340 5286
25498781840821 5326
25503781981023 5394
