29831328631500 16809
29836328892729 14742
29841329009081 12265
29846329129379 12386
29851329244410 12089
29856329347315 12042
29861329464557 11300
29866329564233 12314
29871329669185 10094
29876329807906 10258
29881329927733 8256
29886330039383 8705
29891330154547 9483
29896330280285 7674
29901330390642 9675
29906330510833 7411
29911330629593 8719
29916330756490 8180
29921330922885 8838
29926331033737 7895
29931331138088 7504
29936331231983 9401
29941331344196 8322
29946331434403 8776
29951331543962 7450
29956331677297 9491
29961331791913 6273
29966331903996 8062
29971332027042 8673
29976332156352 6599
29981332273415 8943
29986332389851 7872
29991332490204 7930
29996332597350 8791
30001332737130 6497
30006332852495 8410
30011332959252 7863
30016333070480 8301
30021333177405 8619
30026333283595 6757
30031333422725 10109
30036333529874 6432
30041333635446 8039
30046333750594 8723
30051333864144 6388
30056333977198 10240
30061334089297 6442
30066334190503 7502
30071334291460 8698
30076334400668 6632
30081334515141 8484
30086334623182 8702
30091334739211 6248
30096334851491 10293
30101334952988 6320
30106335084605 7977
30111335186171 8361
30116335289184 6236
30121335414406 6507
30126335520742 7096
30131335619367 8819
30136335765626 7589
30141335893677 6348
30146336028320 6588
30151336146369 9893
30156336248223 7634
30161336354280 12330
30166336467170 10397
30171336571831 8878
30176336690250 8332
30181336796493 8085
30186336917447 8872
30191337026488 9337
30196337131219 8058
30201337244767 8805
30206337344007 8019
30211337433978 10539
30216337535540 8666
30221337634806 10913
30226337717959 10267
30231337812582 8202
30236337928781 8856
30241338042713 10623
30246338155722 6768
30251338250711 7412
30256338360771 9318
30261338471410 7041
30266338585007 9869
30271338692796 8773
30276338794473 9627
30281338892292 10040
30286339004380 9133
30291339102564 10210
30296339212243 6686
30301339334471 9538
30306339442104 7113
30311339546987 9537
30316339674290 7687
30321339780020 10637
30326339885383 9532
30331340014667 8652
30336340110679 9743
30341340230673 9984
30346340339850 6272
30351340446151 8485
30356340583981 8078
30361340704555 6986
30366340806717 9666
30371340934073 6634
30376341034119 10549
30381341163522 9046
30386341276829 8730
30391341387905 8867
30396341497677 7290
30401341607632 8771
30406341739960 6634
30411341848714 6755
30416341946284 8732
30421342068979 7376
30426342170477 8883
30431342304252 8210
30436342413553 9154
30441342517822 9162
30446342637346 8514
30451342742336 8639
30456342865842 8124
30461342991012 8151
30466343100282 8758
30471343212166 8665
30476343326028 8324
30481343434718 7358
30486343543955 9302
30491343651924 7142
30496343762773 10027
30501343883643 7234
30506344028555 9748
30511344146495 7745
30516344276764 9365
30521344392164 6980
30526344528815 10057
30531344642416 6559
30536344746327 7690
30541344847103 8103
30546344946958 7683
30551345046192 6484
30556345152079 6545
30561345249452 7798
30566345363100 8250
30571345467650 6721
30576345559058 10332
30581345679984 6489
30586345797701 10248
30591345901490 6758
30596346009364 10294
30601346158468 6672
30606346283583 6377
30611346379328 9785
30616346476221 6904
30621346570960 6591
30626346680978 7289
30631346775195 9122
30636346866874 7561
30641346982659 9654
30646347097952 7617
30651347206054 9454
30656347310781 7368
30661347415533 9391
30666347527210 6754
30671347640504 6645
30676347750887 7348
30681347867051 7246
30686347961967 8479
30691348064537 6471
30696348164264 9955
30701348277162 7119
30706348413937 9870
30711348571695 7246
30716348700521 10407
30721348825921 6585
30726348967867 10430
30731349090327 6564
30736349211107 6564
30741349350708 6517
30746349459441 6029
30751349562173 10019
30756349676199 6775
30761349796557 9071
30766349913176 7970
30771350021359 10571
30776350132674 6721
30781350240919 10406
30786350334999 6565
30791350451179 6999
30796350552160 8672
30801350654303 6772
30806350758801 6221
30811350896340 10212
30816351003509 6280
30821351101570 9026
30826351203881 7751
30831351296689 9571
30836351382593 7578
30841351477255 10194
30846351590569 7141
30851351704921 6458
30856351805297 7450
30861351942923 8918
30866352030806 6271
30871352141881 8337
30876352246948 8088
30881352355318 6596
30886352466119 9810
30891352576915 6789
30896352726537 10160
30901352838522 7052
30906352939540 7849
30911353036699 9157
30916353160005 6298
30921353273243 9499
30926353408998 6887
30931353525862 6212
30936353631550 7844
30941353739684 8465
30946353851458 6614
30951353964017 10233
30956354075709 6726
30961354188586 8308
30966354297939 8416
30971354409306 6655
30976354518128 10041
30981354656951 6532
30986354756273 6482
30991354858558 8472
30996354961464 7692
31001355071969 6492
31006355188857 10070
31011355307195 6336
31016355432690 9066
31021355550840 7276
31026355682496 6638
31031355793791 7801
31036355929042 9313
31041356037630 6569
31046356142821 6771
31051356266115 7566
31056356381977 7787
31061356488929 7034
31066356599694 6432
31071356719332 7444
31076356854798 8798
31081356966303 6411
31086357082803 9910
31091357192303 6962
31096357306555 9308
31101357450789 7571
31106357567452 8457
31111357696444 8290
31116357823433 6958
31121357946413 8633
31126358064574 7517
31131358188056 6136
31136358285554 7995
31141358397633 8155
31146358506660 7543
31151358625449 9373
31156358742537 7734
31161358856830 9389
31166358969238 7451
31171359088108 9504
31176359200076 6995
31181359288215 9199
31186359415715 6916
31191359518500 6311
31196359622103 6508
31201359737632 9910
31206359824830 6305
31211359927991 8807
31216360032861 8057
31221360149475 8593
31226360255047 8284
31231360353457 8627
31236360470400 8522
31241360583869 8776
31246360692153 8291
31251360831760 6537
31256360950761 5990
31261361083111 6295
31266361193601 9057
31271361332213 7417
31276361447546 9062
31281361548275 7928
31286361655595 8995
31291361759112 8004
31296361871026 8137
31301361975983 8830
31306362100993 6597
31311362228163 6448
31316362343689 6463
31321362453037 6338
31326362566227 7504
31331362687118 8509
31336362801304 6266
31341362912343 9027
31346363025958 7936
31351363146356 8980
31356363258562 7980
31361363366504 7836
31366363488532 7622
31371363604824 7538
31376363714346 6401
31381363826154 8079
31386363942693 8412
31391364061140 6379
31396364174150 8180
31401364299228 8174
31406364405808 8551
31411364530334 8464
31416364637158 7633
31421364762210 9439
31426364884657 6544
31431364994086 6327
31436365093327 6941
31441365203000 8198
31446365314227 7355
31451365437579 6127
31456365545083 7162
31461365645097 8095
31466365759361 7134
31471365853097 8954
31476365983352 8047
31481366100978 6620
31486366206938 8694
31491366317210 7961
31496366467130 6477
31501366593975 8261
31506366718124 7697
31511366845506 6362
31516366947629 6063
31521367048063 8770
31526367142259 7599
31531367239544 6881
31536367363150 9812
31541367454924 6718
31546367540436 6572
31551367646639 7870
31556367758102 8595
31561367896408 6488
31566368031229 7560
31571368162412 7194
31576368268768 7719
31581368385071 6337
31586368491745 7540
31591368609180 8781
31596368724448 5927
31601368835658 8661
31606368957956 6613
31611369062757 7862
31616369193782 6142
31621369292034 7394
31626369432690 9043
