21861561708978 4687
21866561906395 4200
21871562033997 4309
21876562142246 4281
21881562268200 4194
21886562384755 4113
21891562495085 3983
21896562604449 3791
21901562731808 4050
21906562879118 3996
21911563007518 4050
21916563119790 3892
21921563228958 3945
21926563336577 3932
21931563457557 3984
21936563583932 4073
21941563713969 3907
21946563831370 3959
21951563936857 3932
21956564061093 3781
21961564178510 4080
21966564290938 3853
21971564398035 3900
21976564504402 3907
21981564621982 3833
21986564736466 3785
21991564852410 3924
21996564959671 3898
22001565065889 3899
22006565174444 3817
22011565278330 3813
22016565393653 3237
22021565524733 2346
22026565664510 1231
22031565804880 766
22036565922747 956
22041566056913 1275
22046566193068 1796
22051566304270 3661
22056566417064 3921
22061566532738 3744
22066566634630 3942
22071566745857 3874
22076566859933 3720
22081566967228 3914
22086567093608 3865
22091567199207 3884
22096567305633 3814
22101567425565 3797
22106567537027 3709
22111567651330 3799
22116567745318 3915
22121567868142 3900
22126567992184 3821
22131568100083 3796
22136568212999 3823
22141568319623 3788
22146568414660 3741
22151568507417 3807
22156568602600 3745
22161568737625 3754
22166568850368 3513
22171568958996 3771
22176569065789 3894
22181569186726 3770
22186569330242 3727
22191569437072 3701
22196569546904 3612
22201569669142 3778
22206569817940 2900
22211569942468 2095
22216570062111 1374
22221570175971 1320
22226570280537 963
22231570421312 919
22236570523616 823
22241570642418 1298
22246570749614 1295
22251570885519 1441
22256571028876 1218
22261571178521 2262
22266571290317 3621
22271571392653 3619
22276571509949 3566
22281571624613 3745
22286571756039 3560
22291571893782 3782
22296572015945 3740
22301572148252 3881
22306572261687 3803
22311572378249 3755
22316572505935 3635
22321572620706 3780
22326572727176 3805
22331572822870 3742
22336572914249 3906
22341573005019 3791
22346573129149 3735
22351573226904 3832
22356573327452 3744
22361573431285 3835
22366573528342 3792
22371573631393 3960
22376573747454 3720
22381573881386 3740
22386574005111 3753
22391574149056 3760
22396574274920 3742
22401574392847 3736
22406574532004 3604
22411574641249 3723
22416574747983 3758
22421574855801 3689
22426574962123 3688
22431575071039 3751
22436575171785 3691
22441575296400 3736
22446575433749 3696
22451575548723 3842
22456575670221 3739
22461575781284 3863
22466575952257 3712
22471576052163 3601
22476576168336 3789
22481576266620 3723
22486576375924 3783
22491576468789 3914
22496576562150 3824
22501576674502 3638
22506576773683 3754
22511576874800 3765
22516576974203 3826
22521577070139 3887
22526577185141 3802
22531577272135 3660
22536577369826 3873
22541577499803 3814
22546577602944 3774
22551577720269 3932
22556577822178 3761
22561577915483 3672
22566578010524 3896
22571578143853 3806
22576578278328 3924
22581578382441 3821
22586578474880 3792
22591578571507 3642
22596578678021 3881
22601578797919 3794
22606578901908 3885
22611579011804 3783
22616579123821 3917
22621579237243 3700
22626579355694 3801
22631579459867 3925
22636579568692 3979
22641579709130 3828
22646579829782 3833
22651579931715 3751
22656580044293 3869
22661580155750 4046
22666580293083 4095
22671580412782 3811
22676580523681 3836
22681580658330 3523
22686580766915 3828
22691580893020 4001
22696581006170 3826
22701581139115 3871
22706581245764 3986
22711581384947 3639
22716581487691 4106
22721581589663 3813
22726581733266 3821
22731581848351 4024
22736581965997 3788
22741582067933 3708
22746582178170 4042
22751582298881 3879
22756582397105 3964
22761582523104 3815
22766582641123 3962
22771582747119 3764
22776582857081 3902
22781582985620 4037
22786583080207 4122
22791583198763 3814
22796583303114 3876
22801583407997 3773
22806583509750 3882
22811583616238 3806
22816583737344 3865
22821583837083 4099
22826583944277 3848
22831584046507 3769
22836584175359 3882
22841584275620 4145
22846584411771 3774
22851584519127 3808
22856584631385 3773
22861584731196 3581
22866584862047 3849
22871584974212 3726
22876585088445 3705
22881585227380 3742
22886585348481 3777
22891585476131 3730
22896585621139 3837
22901585740364 3862
22906585884487 3917
22911585988259 3736
22916586096548 3781
22921586207690 3542
22926586320860 3767
22931586424823 3818
22936586535047 3905
22941586676623 3700
22946586808271 3770
22951586934391 3580
22956587062702 3814
22961587174460 3697
22966587309824 3850
22971587411190 3806
22976587506988 3872
22981587620189 3628
22986587749132 3857
22991587868297 3690
22996587973790 3889
23001588112874 3788
23006588233303 3769
23011588341796 3430
23016588457030 3959
23021588577385 3919
23026588688215 3819
23031588808844 3761
23036588952076 3816
23041589108430 3532
23046589236103 3873
23051589380409 3976
23056589497278 3962
23061589608986 3790
23066589717035 3855
23071589827804 3534
23076589930404 3851
23081590066490 4005
23086590193215 3770
23091590302815 3829
23096590411590 3922
23101590520899 3689
23106590612928 4081
23111590704024 3809
23116590805298 4042
23121590931053 3746
23126591071373 3786
23131591183340 3554
23136591281446 4096
23141591398395 3819
23146591518673 3690
23151591639082 3807
23156591761897 3674
23161591865214 3487
23166591960228 3988
23171592071857 3804
23176592187644 3714
23181592298248 3791
23186592413774 3856
23191592527163 3470
23196592630086 4113
23201592733432 3819
23206592834023 3861
23211592962734 3811
23216593071409 3755
23221593210091 3658
23226593342653 3890
23231593449090 4052
23236593550094 3849
23241593650459 3858
23246593752517 3818
23251593860282 3486
23256593970886 3998
23261594094076 4054
23266594218557 3841
23271594331507 3972
23276594449661 3896
23281594565110 3510
23286594677372 4083
23291594773379 3897
23296594869186 3819
23301594964538 3686
23306595060881 3724
23311595152767 3537
23316595267655 3752
23321595364931 3863
23326595459548 3886
23331595553490 3784
23336595658781 3678
23341595751743 3549
23346595879814 3955
23351595994125 3784
23356596142325 3969
23361596273328 3662
23366596389998 3737
23371596489711 3575
23376596614147 3882
23381596729043 3728
23386596842785 3815
23391596949717 3713
23396597073780 3813
23401597182149 3567
23406597303166 4030
23411597411405 3853
23416597524756 3741
23421597636393 3699
23426597744925 3690
23431597852788 3434
23436597959330 3944
23441598064799 3878
23446598170796 3675
23451598273508 3716
23456598374509 3642
23461598484977 3438
23466598590594 3883
23471598710050 3910
23476598822462 3707
23481598920753 3674
23486599033402 3753
23491599130549 3551
23496599230766 4058
23501599325714 3714
23506599417531 3667
23511599510373 3702
23516599608513 3708
23521599716161 3485
23526599801458 3922
23531599895408 3700
23536600022309 3620
23541600150567 3655
23546600277451 3700
23551600378123 3375
23556600484865 3952
23561600571729 3800
23566600667402 3883
23571600772992 3755
23576600886458 3764
23581601010833 3405
23586601109989 4003
23591601201557 3772
23596601305168 3731
23601601415193 3689
23606601527456 3696
23611601647408 3555
23616601757892 4070
23621601880326 3646
23626602009318 3713
23631602122581 3695
23636602220140 3703
23641602349575 3464
23646602461155 4212
23651602576048 3840
23656602707566 3746
