31649396106601 1428
31654396265209 2261
31659396336886 2970
31664396463996 3612
31669396611292 4242
31674396721455 5175
31679396818852 6663
31684396926825 8942
31689397010103 10325
31694397134836 14762
31699397235891 18221
31704397333964 19161
31709397450664 19547
31714397560359 19968
31719397652943 20302
31724397741596 20388
31729397832122 20610
31734397926020 20612
31739398015572 20701
31744398104492 20558
31749398200557 20611
31754398290771 20728
31759398383626 20578
31764398476561 20749
31769398569157 20541
31774398659195 20806
31779398760394 20709
31784398858429 20599
31789398949401 20779
31794399038350 20636
31799399123510 20611
31804399209072 20660
31809399302111 20782
31814399389664 20742
31819399478605 20485
31824399568276 20625
31829399657445 20677
31834399746117 20364
31839399836309 20545
31844399939442 20732
31849400016536 20680
31854400131079 20769
31859400217024 20445
31864400319905 20495
31869400403307 20933
31874400489873 20522
31879400572890 20550
31884400641299 20803
31889400716386 20539
31894400801037 20877
31899400908815 20629
31904401010730 20740
31909401096949 20497
31914401173156 20846
31919401274095 21056
31924401337245 20612
31929401422027 20668
31934401519504 20758
31939401625514 21118
31944401726078 20961
31949401806320 20458
31954401950654 20674
31959402040281 20877
31964402128734 20615
31969402219341 20867
31974402308291 20866
31979402408609 20809
31984402517268 20811
31989402608501 20689
31994402708803 20722
31999402794665 20744
32004402897494 20766
32009403005171 20859
32014404019356 20710
32019404152130 21041
32024404239539 20735
32029404329424 20936
32034404415440 20659
32039404505477 21099
32044404598860 20934
32049404693618 20716
32054404779698 20747
32059404860585 20917
32064404959551 20780
32069405052237 20746
32074405154072 20786
32079405249282 20772
32084405341460 20865
32089405430685 20796
32094405520551 20830
32099405605733 20783
32104405704804 20801
32109405796712 20965
32114405888265 20722
32119405985148 20752
32124406074949 20703
32129406184748 20971
32134406280333 21144
32139406365943 20980
32144406471993 20903
32149406561396 20896
32154406651067 20837
32159406747438 20881
32164406840033 21130
32169406931793 20678
32174407035043 20769
32179407130334 20885
32184407223086 20916
32189407329653 20894
32194407433246 21019
32199407523021 21058
32204407643919 20932
32209407755086 20761
32214407852209 21231
32219407961783 20872
32224408083885 20802
32229408174756 20996
32234408291641 21254
32239408387784 21094
32244408476586 20739
32249408572180 21101
32254408672284 21098
32259408761976 20976
32264408847159 21116
32269408935293 21006
32274409021848 21318
32279409111795 21025
32284409207446 20934
32289409327925 20850
32294409516168 20984
32299409607022 21212
32304409709833 21223
32309409800645 21085
32314409890882 20980
32319409977110 21171
32324410072016 20851
32329410160249 20966
32334410253702 21025
32339410358141 20928
32344410453313 21075
32349410544881 21062
32354410640349 21139
32359410744547 20796
32364410831352 21010
32369410922589 20765
32374411742056 20906
32379411837201 21124
32384411928277 21001
32389412019193 20830
32394412109712 20839
32399412203052 20880
32404412291910 20855
32409412406901 20973
32414412494716 21103
32419412614664 20982
32424412705144 21040
32429412794349 20858
32434412888101 21112
32439412977736 21116
32444413069802 20819
32449413156275 21143
32454413258939 21011
32459413351370 20905
32464413437794 20894
32469413528861 21163
32474413624893 20992
32479413712713 20991
32484413799355 21127
32489413898878 20965
32494413986739 20963
32499414073447 20972
32504414165263 20925
32509414259843 21023
32514414349350 20997
32519414437382 21003
32524414544599 21194
32529414641887 21069
32534414761683 21011
32539414852694 20856
32544414956262 21202
32549415061561 20884
32554415157360 20907
32559415250090 21251
32564415339450 20715
32569415428207 21111
32574415517404 20834
32579415614750 21107
32584415719402 20902
32589415820191 21080
32594415909476 21259
32599416043342 21128
32604416161807 20941
32609416262902 21032
32614416357233 20982
32619416453116 21044
32624416539419 20950
32629416914194 21194
32634417007643 20956
32639417098678 21254
32644417188146 20930
32649417275699 21028
32654417381611 21167
32659417474876 20849
32664417564535 20833
32669417649770 20853
32674417742697 21079
32679417838073 21062
32684417929395 20853
32689418016558 20718
32694418105827 20841
32699418195615 20944
32704418289082 20911
32709418381622 21162
32714418469657 21149
32719418581141 20991
32724418679754 20930
32729418762594 20969
32734418856838 20975
32739418963285 21086
32744419056135 21310
32749419152965 21121
32754419248215 21126
32759419345987 20920
32764419433888 21048
32769419552210 21105
32774419651658 21353
32779419753588 21053
32784419841578 21030
32789419944389 21064
32794420017782 20871
32799420110067 20625
32804420203213 21016
32809420292643 20724
32814420387995 20934
32819420481160 20983
32824420572230 20907
32829420668137 21003
32834420793043 21148
32839420884686 21133
32844420969960 21082
32849421066370 21029
32854421166926 20947
32859421257395 20905
32864421351501 20962
32869421435533 21194
32874421534834 21279
32879421620829 21010
32884421716428 21117
32889421808233 21163
32894421915270 20937
32899422012767 21201
32904422099064 21372
32909422189013 21064
32914422296802 21194
32919422386288 21004
32924422488782 21109
32929422595388 20830
32934422689955 21121
32939422788140 21062
32944422880292 21086
32949422969708 21069
32954423072137 20988
32959423167161 20869
32964423266187 20978
32969423361058 21158
32974423465641 21482
32979423553938 20898
32984423646134 21334
32989423739081 21326
32994423862695 21138
32999423980024 21155
33004424104770 21016
33009424196393 21214
33014424291087 21196
33019424403621 21188
33024424516610 21156
33029424626354 21028
33034424719237 21012
33039424818330 21131
33044424911012 21073
33049425007970 21180
33054425097238 21142
33059425186944 21277
33064425278994 20806
33069425388354 21179
33074425505029 21239
33079425607718 21174
33084425700194 21149
33089425794031 21295
33094425957388 21279
33099426047386 21152
33104426167061 21216
33109426256506 21127
33114426338123 21230
33119426441129 20952
33124426528502 20956
33129426626051 21303
33134426727948 21131
33139426830562 21075
33144426915749 21200
33149427023493 21153
33154427113579 21002
33159427205401 21104
33164427297288 20961
33169427386667 21243
33174427478287 21224
33179427576046 21171
33184427660498 21135
33189427766906 21264
33194427866111 21200
33199427965837 21083
33204428054590 20945
33209428142869 21041
33214428257787 20969
33219428350507 20915
33224428439631 21113
33229428545510 21165
33234428630677 21250
33239428719974 21153
33244428811100 21330
33249428917682 21029
33254429009161 21230
33259429104307 21013
33264429195982 21163
33269429287739 21362
33274429375790 21184
33279429489000 21045
33284429579080 21069
33289429667096 21119
33294429753823 21202
33299429849035 21017
33304429954327 21049
33309430060631 21066
33314430155059 21304
33319430253987 21168
33324430363095 21127
33329430453311 21089
33334430544976 21204
33339430633422 21157
33344430720994 21098
33349430823438 21231
33354430918823 21085
33359431010434 21387
33364431101328 21132
33369431193800 21013
33374431320878 20960
33379431424503 21359
33384431512889 21354
33389431614477 21178
33394431700289 21182
33399431798260 21368
33404431901320 21376
33409431992827 21096
33414432087492 21110
33419432176900 21153
33424432274726 21325
33429432378024 21282
33434432487447 21280
33439432585244 21053
33444432678721 21032
