35469422331866 3941
35474422490204 2385
35479422608878 2337
35484422756894 2380
35489422901482 2405
35494423014409 1966
35499423186146 1726
35504423362407 1641
35509423498637 2442
35514423646663 2399
35519423758299 1562
35524423888399 1312
35529424048007 2349
35534424187295 1564
35539424345995 1517
35544424527035 2367
35549424672217 2243
35554424871486 646
35559425062015 2343
35564425212073 2252
35569425360732 1196
35574425503527 1903
35579425652213 2396
35584425781038 632
35589425930306 2263
35594426082922 2307
35599426240596 1208
35604426415538 1833
35609426564055 2312
35614426664006 944
35619426821312 1915
35624426976015 2334
35629427090642 2055
35634427212549 1249
35639427352939 2176
35644427464957 1811
35649427620134 1189
35654427745402 2284
35659427877977 2256
35664427985869 1357
35669428128376 1757
35674428239160 1853
35679428356811 1028
35684428485409 2157
35689428634688 2379
35694428765293 1423
35699428894080 1492
35704429017027 2144
35709429124262 1109
35714429274925 1835
35719429424380 2340
35724429537002 1455
35729429683625 1524
35734429840321 1982
35739429957100 906
35744430116848 2056
35749430226287 1189
35754430348158 1824
35759430462005 2182
35764430608370 670
35769430733011 2273
35774430863181 1931
35779430979133 1185
35784431122584 2217
35789431264542 2303
35794431381807 548
35799431523410 2251
35804431635439 2325
35809431770016 1055
35814431897325 1533
35819431999541 646
35824432130940 525
35829432247169 0
35834432378313 0
35839432520000 0
35844432618627 0
35849432735187 0
35854432828737 0
35859432958885 19
35864433081912 182
35869433190367 613
35874433329024 494
35879433445727 317
35884433594970 361
35889433743240 574
35894433898380 0
35899434028182 0
35904434155187 0
35909434253813 562
35914434375708 534
35919434551146 592
35924434744902 0
35929434872332 0
35934435013642 0
35939435221112 0
35944435349840 223
35949435458195 1242
35954435599645 0
35959435728450 1
35964435813097 1047
35969435940337 1661
35974436093927 2036
35979436220592 2243
35984436365414 1
35989436499714 141
35994436612018 2287
35999436735883 1242
36004436850876 1901
36009437001692 2177
36014437094970 706
36019437226577 2175
36024437352984 2300
36029437466194 1379
36034437600060 1612
36039437739147 2180
36044437869586 553
36049437984887 2266
36054438127734 2352
36059438239371 1378
36064438356327 1638
36069438509261 2137
36074438653639 524
36079438811460 2213
36084438962224 2245
36089439066671 978
36094439203251 2098
36099439350322 1943
36104439475912 566
36109439568761 1981
36114439715976 972
36119439824000 1862
36124439914357 1243
36129440064967 2318
36134440200414 426
36139440339217 2449
36144440431688 895
36149440585687 2160
36154440679005 1507
36159440813277 1565
36164440905463 1186
36169441029072 1705
36174441125218 2275
36179441261673 759
36184441396716 2365
36189441552260 698
36194441650215 2021
36199441781830 733
36204441911697 2381
36209442011122 1069
36214442152153 1969
36219442282468 1394
36224442376427 1220
36229442494998 836
36234442625360 2223
36239442748396 1626
36244442863878 1457
36249442960409 2123
36254443099324 402
36259443194319 1098
36264443317418 1956
36269443416862 1779
36274443543006 1243
36279443670452 1957
36284443794900 536
36289443917992 728
36294444066335 2384
36299444213984 726
36304444357751 2227
36309444465063 1095
36314444564699 1531
36319444696129 732
36324444817341 2371
36329444911758 1261
36334445025395 1854
36339445125279 1861
36344445274901 732
36349445410227 552
36354445532037 1175
36359445683849 912
36364445837921 510
36369445972326 967
36374446191860 0
36379446455754 0
36384446602096 0
36389446747008 0
36394446893423 0
36399447044094 0
36404447172000 16
36409447299951 186
36414447395359 568
36419447537662 453
36424447653557 403
36429447769738 465
36434447895831 119
36439447998997 0
36444448129548 0
36449448225534 0
36454448344996 0
36459448456004 0
36464448586107 0
36469448683257 0
36474448781845 0
36479448926057 0
36484449072348 0
36489449203644 0
36494449293540 0
36499449419094 15
36504449584872 645
36509449746395 491
36514449898252 432
36519450054812 370
36524450159249 163
36529450274646 0
36534450383414 0
36539450493574 0
36544450641238 0
36549450789189 0
36554450892532 0
36559451028565 0
36564451190498 1
36569451344416 0
36574451476971 398
36579451638983 384
36584451756679 245
36589451903257 0
36594452026404 0
36599452121717 0
36604452246696 0
36609452356190 0
36614452483230 0
36619452592207 0
36624452744151 0
36629452910384 0
36634453133314 375
36639453278466 416
36644453449726 341
36649453636949 0
36654453790121 0
36659453909468 0
36664454064013 0
36669454212630 0
36674454330065 0
36679454448317 0
36684454577216 0
36689454718916 0
36694454848619 293
36699454990639 591
36704455110470 430
36709455244484 0
36714455370387 0
36719455490584 0
36724455589651 0
36729455710359 0
36734455829841 0
36739455948311 0
36744456081915 0
36749456192120 0
36754456294645 0
36759456388249 0
36764456500216 0
36769456614053 241
36774456778268 601
36779456876601 644
36784457037995 753
36789457164962 585
36794457339470 568
36799457632527 0
36804457773157 0
36809457944663 0
36814458153864 0
36819458416820 0
36824458516533 5
36829458646295 0
36834458737688 0
36839458879115 58
36844459015141 1460
36849459122600 2053
36854459264650 1877
36859459393367 3
36864459500654 0
36869459634960 0
36874459766338 12
36879459889325 0
36884460033739 659
36889460133821 692
36894460234476 1908
36899460329400 2474
36904460442049 2331
36909460556443 1586
36914460659889 1286
36919460795556 2
36924460921966 833
36929461069040 1818
36934461212574 2342
36939461314757 1929
36944461464238 958
36949461597562 2
36954461691960 2077
36959461823088 1566
36964461953063 1576
36969462087327 2298
36974462215473 1179
36979462381477 55
36984462519030 1
36989462665800 1515
36994462807610 2408
36999462918879 1766
37004463079331 1025
37009463235651 3
37014463379917 588
37019463511273 2368
37024463623247 1739
37029463753734 1370
37034463907344 2151
37039464083248 79
37044464248593 1534
37049464362777 1425
37054464495679 2294
37059464619890 2292
37064464767148 653
37069464908933 4
37074465044517 2080
37079465138794 1853
37084465271375 1263
37089465406780 2188
37094465546470 1652
37099465673230 40
37104465812248 407
37109465897365 1223
37114466009418 2025
37119466132980 2302
37124466293335 884
37129466431480 29
37134466553899 1093
37139466683775 1067
37144466840188 2413
37149466932285 1253
37154467049572 1727
37159467177354 2
37164467293006 821
37169467405163 2096
37174467502968 1922
37179467642235 1227
37184467801520 2333
37189467945826 128
37194468093947 5
37199468196804 691
37204468304260 2213
37209468415721 810
37214468563509 2288
37219468706945 2
37224468809239 622
37229468929710 2375
37234469028159 1653
37239469163789 1460
37244469298887 2073
37249469487026 16
37254469655960 8
37259469793011 522
37264469903962 1837
