44972126907265 52
44977127084679 96
44982127292636 137
44987127512011 166
44992127829886 195
44997127978924 230
45002128196430 235
45007128458942 254
45012128802999 284
45017128965098 308
45022129189192 316
45027129454863 332
45032129776423 361
45037129934830 392
45042130159275 406
45047130435782 421
45052130748338 416
45057130908119 457
45062131113804 450
45067131373508 493
45072131685605 512
45077131850505 528
45082132071659 545
45087132355167 559
45092132683252 583
45097132848150 587
45102133077757 628
45107133359073 661
45112133656746 701
45117133839032 717
45122134066022 707
45127134356285 712
45132134683787 794
45137134866959 882
45142135083566 912
45147135364215 922
45152135698131 936
45157135869031 963
45162136085657 1105
45167136365983 1177
45172136666227 1194
45177136808202 1325
45182137012862 1349
45187137311221 1446
45192137430389 1581
45197137516668 1651
45202137619380 1768
45207137712748 1932
45212137811344 2080
45217137966579 2359
45222138064394 2620
45227138156959 2719
45232138253234 3075
45237138353179 3370
45242138452748 3597
45247138565199 4110
45252138667066 4609
45257138765402 5372
45262138880148 6074
45267138983703 6719
45272139073627 7560
45277139176998 8243
45282139274013 9139
45287139361833 10385
45292139471206 11561
45297140394179 12763
45302140485512 12815
45307140575723 13479
45312140667307 14286
45317140784605 14972
45322140889417 15786
45327140979928 16000
45332141066183 16202
45337141152507 16714
45342141271409 17414
45347141369597 17038
45352141479033 17114
45357141570412 17618
45362141655667 17923
45367141745840 17941
45372141834882 17595
45377141923551 18327
45382142015768 18009
45387142104836 18206
45392142190876 18351
45397142277638 18443
45402142364318 18653
45407142458069 18664
45412142568734 18623
45417142665485 18575
45422142755829 18393
45427142847848 18336
45432142932966 18545
45437143040744 18845
45442143129672 20233
45447143225566 20565
45452143315124 20459
45457143407890 20623
45462143526561 20613
45467143614013 20177
45472143714274 20069
45477143815639 20205
45482143920790 20868
45487144012717 20752
45492144100249 20613
45497144193997 20421
45502144287440 20529
45507144374984 20135
45512144481848 20506
45517144571981 20438
45522144665515 20425
45527144748459 20486
45532144843318 20303
45537144946420 20438
45542145035580 20230
45547145118992 20485
45552145217745 20509
45557145301484 20416
45562145413453 20859
45567145524030 21293
45572145604963 20310
45577145692898 20649
45582145793058 20291
45587145878131 20613
45592145964577 20323
45597146064385 20572
45602146154927 20338
45607146241717 20649
45612146345151 20239
45617146430349 20530
45622146517797 20037
45627146605186 20429
45632146693882 20764
45637146788542 20201
45642146873723 20632
45647146961617 20460
45652147062802 20666
45657147147782 20415
45662147246755 20465
45667147337590 20968
45672147422716 20246
45677147511589 20741
45682147625769 20500
45687147714683 20594
45692147805579 20737
45697147902300 20750
45702147995920 20734
45707148111049 21042
45712148202133 20607
45717148297656 21076
45722148411869 20895
45727148499088 20778
45732148598463 20942
45737148692022 20834
45742148798894 20747
45747148888482 20935
45752148976536 20370
45757149080506 20576
45762149167265 20814
45767149269806 20652
45772149366307 20263
45777149469640 20502
45782149564388 20173
45787149651140 20235
45792149762943 20601
45797149854582 20304
45802149947058 20266
45807150037442 20667
45812150122527 20401
45817150213122 20536
45822150301570 20238
45827150394716 20487
45832150479745 19898
45837150578172 20510
45842150667047 20115
45847150754592 20534
45852150867287 20166
45857150962609 20302
45862151048568 20688
45867151136779 20595
45872151227743 20343
45877151316616 20881
45882151413823 20339
45887151506033 20307
45892151599838 20423
45897151690688 20210
45902151783680 20463
45907151875991 20209
45912151973310 20770
45917152074602 20681
45922152196119 20600
45927152312271 20566
45932152407420 20520
45937152492299 20670
45942152579257 20882
45947152670053 20389
45952152759036 20432
45957152873553 20232
45962152975434 20271
45967153062289 20599
45972153158054 20440
45977153252204 20396
45982153341997 20590
45987153431099 20534
45992153519692 20733
45997153619474 20472
46002153708814 20650
46007153816340 20424
46012153918400 20536
46017154013207 20634
46022154121635 20476
46027154224785 20383
46032154313899 20421
46037154411304 20446
46042154495604 20568
46047154590422 20746
46052154678961 21053
46057154767792 20673
46062154856220 20869
46067154945236 20536
46072155028354 20673
46077155113815 20814
46082155224450 20844
46087155310122 20537
46092155409879 20833
46097155511691 20774
46102155607440 20910
46107155724431 21003
46112155821862 20967
46117155941098 20878
46122156021567 20941
46127156107777 20811
46132156191261 20582
46137156283813 20643
46142156373990 21025
46147156461215 20806
46152156546824 20753
46157156640268 20859
46162156746046 20843
46167156835638 20908
46172156930922 20799
46177157021982 20371
46182157110132 20469
46187157205028 20766
46192157299785 20465
46197157401683 20479
46202157489777 20406
46207157593571 20688
46212157685079 20844
46217157769886 21402
46222157879188 21032
46227157969324 21176
46232158052986 20958
46237158150891 20807
46242158240907 20425
46247158333463 20210
46252158425917 20651
46257158512099 20474
46262158602247 20471
46267158694016 20512
46272158778069 20715
46277158873551 20452
46282158975408 20526
46287159069590 20406
46292159170376 20148
46297159259679 20597
46302159414868 20427
46307159505366 20561
46312159596308 20879
46317159686893 20339
46322159784532 20482
46327159872003 20902
46332159963135 20385
46337160053857 20794
46342160141553 20378
46347160232619 20027
46352160322951 20816
46357160412251 20405
46362160501749 20423
46367160587127 20459
46372160689968 20765
46377160772168 20784
46382160860630 20565
46387160953775 20413
46392161050709 20392
46397161140780 20491
46402161230274 20585
46407161336986 20386
46412161436098 20481
46417161531430 20477
46422161622693 20303
46427161712692 20318
46432161801274 20747
46437161888956 20590
46442161988515 20653
46447162073425 20783
46452162162208 20664
46457162262360 20677
46462162356876 20574
46467162457808 20422
46472162562270 20635
46477162652363 20590
46482162757110 20534
46487162850040 20668
46492162938918 20364
46497163024643 20754
46502163122161 20573
46507163217403 20389
46512163305612 20582
46517163394454 20771
46522163483827 20482
46527163591260 20781
46532163682863 20663
46537163770371 20325
46542163862437 20654
46547163952137 20347
46552164021234 20170
46557164107230 20198
46562164202095 20782
46567164288994 20548
46572164386493 20546
46577164471979 20538
46582164556093 20383
46587164660652 20376
46592164752181 20558
46597164842209 20685
46602164931035 20476
46607165030377 20941
46612165113971 20476
46617165196456 20387
46622165293519 20627
46627165383612 20786
46632165477480 20931
46637165569709 20667
46642165668861 20351
46647165771656 20315
46652165860324 20609
46657165944544 20586
46662166030882 20335
46667166123250 20548
46672166215029 20422
46677166302354 20510
46682166387749 20402
46687166487386 20365
46692166588748 20452
46697166678846 20674
46702166766993 20898
46707166849678 21082
46712166952420 21206
46717167044913 20988
46722167132928 20582
46727167228718 20763
46732167326902 20883
46737167420159 21024
46742167509619 20971
46747167599267 21016
46752167685590 20674
46757167783904 21156
46762167872924 21044
46767167967957 20756
