43143793256610 5662
43148793701832 3146
43153793891953 3043
43158794020695 3592
43163794163276 59
43168794394335 3649
43173794593660 0
43178794770640 3639
43183794928075 0
43188795101224 3639
43193795242676 0
43198795387541 2729
43203795544040 900
43208795696913 3606
43213795911397 24
43218796044365 1268
43223796221914 2362
43228796376606 2934
43233796563818 690
43238796708539 0
43243796853577 3609
43248796999908 2282
43253797187601 1327
43258797407815 0
43263797576810 3612
43268797918974 0
43273798049403 2595
43278798288824 1013
43283798418717 0
43288798569424 2692
43293798742094 915
43298798973394 0
43303799096662 3297
43308799443775 322
43313799635313 0
43318799854785 3445
43323799999802 164
43328800335107 0
43333800472469 3397
43338800711046 210
43343800855731 0
43348801058885 3606
43353801249384 5
43358801507435 0
43363801678767 3169
43368801852621 440
43373802063828 0
43378802202798 2665
43383802330679 936
43388802472222 0
43393802631320 1792
43398802742646 1808
43403802880476 0
43408802995290 2507
43413803189475 1075
43418803346046 0
43423803513234 0
43428803694557 3597
43433803900276 0
43438804036858 1188
43443804189809 2391
43448805287773 0
43453805485275 0
43458805595143 3487
43463805713337 108
43468805880969 0
43473806032886 3604
43478806181027 0
43483806376238 0
43488806509477 2453
43493806693554 1127
43498806840482 0
43503806959798 3509
43508807100099 85
43513807260588 0
43518807379467 1794
43523807520795 1786
43528807660323 0
43533807774616 1664
43538807906789 1931
43543808023450 0
43548808165708 0
43553808321608 3604
43558808470707 0
43563808618864 0
43568808795925 3578
43573808984572 0
43578809229208 0
43583809399772 3598
43588809621706 0
43593809770739 0
43598809944952 2938
43603810112534 643
43608810466712 0
43613810573813 2325
43618810803610 1270
43623811007341 0
43628811347496 0
43633811562945 3604
43638811798816 0
43643811955497 0
43648812116589 3579
43653812311963 0
43658812460810 0
43663812597274 2674
43668812948018 922
43673813142008 0
43678813254794 303
43683813411128 3281
43688813551407 0
43693813719526 0
43698813829979 2610
43703813998441 985
43708814148232 0
43713814260491 1462
43718814379468 2142
43723814546221 0
43728814716790 0
43733814853326 2938
43738814989997 640
43743815141982 0
43748815262166 3312
43753815403993 282
43758815523497 0
43763815672561 0
43768815790657 3582
43773815932601 0
43778816082709 0
43783816214270 3201
43788816352058 396
43793816492297 0
43798816614793 2689
43803816762791 914
43808816889865 0
43813817026792 3580
43818817171934 0
43823817309396 0
43828817466631 3596
43833817612023 0
43838817714589 2943
43843817826998 640
43848817972844 0
43853818085547 3429
43858818220830 166
43863818373525 0
43868818524984 3598
43873818679184 0
43878818787751 876
43883818902822 2709
43888819045387 0
43893819155380 2835
43898819300645 761
43903819425677 0
43908819537204 3162
43913819675211 418
43918819789197 0
43923819907616 3257
43928820062963 338
43933820213178 0
43938820326323 3578
43943820435623 0
43948820580895 0
43953820690892 3604
43958820792119 0
43963820931158 0
43968821089369 3594
43973821244219 0
43978821387086 0
43983821495728 3581
43988821649406 0
43993821763847 3327
43998821894013 269
44003822030880 0
44008822182680 3577
44013822334945 0
44018822445999 2802
44023822568958 802
44028822717416 0
44033822830100 2905
44038822958552 689
44043823098445 0
44048823211335 3582
44053823323757 0
44058823438524 0
44063823552456 3593
44068823701109 0
44073823837690 2401
44078823985329 1177
44083824163743 0
44088824260723 2671
44093824392641 932
44098824503380 0
44103824616184 2683
44108824751872 911
44113824867391 0
44118824978644 2808
44123825114885 774
44128825262742 0
44133825393230 3488
44138825531385 108
44143825635174 1759
44148825772284 1818
44153825929173 0
44158826050327 2829
44163826252018 773
44168826385537 0
44173826537114 3594
44178826679440 0
44183826821439 0
44188826973760 3581
44193827104274 0
44198827242542 0
44203827398185 3596
44208827515934 0
44213827657555 0
44218827811871 3579
44223827950625 0
44228828061566 303
44233828206403 3299
44238828359582 0
44243828596978 0
44248828728902 3595
44253828876036 0
44258828982534 1237
44263829164084 2343
44268829313235 0
44273829418995 866
44278829566414 2729
44283829713606 0
44288829865313 3579
44293829982375 0
44298830129084 0
44303830255241 3603
44308830397253 0
44313830523582 3127
44318830658820 467
44323830814011 0
44328830928269 3348
44333831042269 233
44338831176573 0
44343831314425 3594
44348831467174 0
44353831581261 0
44358831721844 3582
44363831829601 0
44368831976230 0
44373832129720 3601
44378832276880 0
44383832427357 0
44388832571856 3597
44393833667997 0
44398833785959 0
44403833937510 3581
44408834079697 0
44413834227877 0
44418834376561 3594
44423834509538 0
44428834635224 0
44433834776449 3582
44438834884675 0
44443834999148 2678
44448835148122 918
44453835266574 0
44458835381027 2991
44463835527270 612
44468835678595 0
44473835846930 3579
44478835998572 0
44483836160065 0
44488836282277 3595
44493836432787 0
44498836583813 3025
44503836732923 556
44508836887481 0
44513837037276 3596
44518837171925 0
44523837307922 2095
44528837454188 1507
44533837570143 0
44538837705555 1
44543837850841 3578
44548838010698 0
44553838142184 2050
44558838284551 1544
44563838442236 0
44568838588891 0
44573838712911 3582
44578838833392 0
44583838942755 3486
44588839080443 109
44593839228639 0
44598839338033 3603
44603839451214 0
44608839560724 2499
44613839700286 1079
44618839849874 0
44623839957731 2595
44628840069603 998
44633840182020 640
44638840335721 2941
44643840448643 0
44648840548924 3260
44653840719763 333
44658840884181 2450
44663841061856 1154
44668841206570 0
44673841312197 2945
44678841472033 633
44683841640975 0
44688841743196 3137
44693841953397 457
44698842068584 0
44703842169936 3539
44708842305365 44
44713842442001 0
44718842575041 3594
44723842725696 0
44728842816753 2700
44733843011924 903
44738843257064 0
44743843339718 2708
44748843493433 871
44753843602217 1595
44758843733383 2000
44763843877982 0
44768843958693 3340
44773844127503 240
44778844257496 2784
44783844407571 811
44788844537779 0
44793844640946 3603
44798844739910 0
44803844862564 0
44808844992001 3578
44813845127735 0
44818845249543 0
44823845373361 0
44828845493254 3595
44833845647412 0
44838845771094 0
44843845896692 3582
44848846029802 0
44853846147702 0
44858846265568 0
44863846402877 3594
44868846548576 0
44873846648793 2095
44878846788119 1495
44883846922898 0
44888847047052 0
44893847146157 3591
44898847281856 0
44903847366897 2397
44908847514146 1198
44913847652055 0
44918847738027 694
44923847897584 2889
44928848032391 0
44933848128065 2398
44938848267313 1196
