37322522725188 29
37327523024140 38
37332523349748 42
37337523517518 37
37342523700569 49
37347523977067 50
37352524345608 53
37357524517617 54
37362524696455 59
37367524971696 59
37372525296695 60
37377525479572 65
37382525663346 69
37387525934221 71
37392526259092 74
37397526437816 78
37402526619647 75
37407526893528 84
37412527217859 82
37417527380914 86
37422527570772 87
37427527840958 93
37432528168903 87
37437528339804 96
37442528515817 103
37447528690915 99
37452528821798 99
37457528994999 104
37462529198528 102
37467529375299 110
37472529560101 106
37477529734336 111
37482529908415 114
37487530092019 116
37492530225428 120
37497530395342 119
37502530571083 123
37507530748013 121
37512530924686 124
37517531093312 127
37522531268417 131
37527531438503 129
37532531620023 130
37537531789550 136
37542531971591 137
37547532261792 139
37552532524567 135
37557532693007 141
37562532872346 138
37567533148309 139
37572533475732 140
37577533648943 147
37582533833761 141
37587534112445 148
37592534432265 142
37597534598341 143
37602534783138 151
37607535052820 150
37612535383190 157
37617535553956 157
37622535742835 152
37627536022917 162
37632536346882 161
37637536519303 162
37642536705979 162
37647536982692 166
37652537309001 166
37657537479202 168
37662537661159 171
37667537939445 172
37672539226794 169
37677539392551 169
37682539578917 170
37687539849085 178
37692540172176 174
37697540336762 183
37702540517902 184
37707540787350 180
37712541115504 175
37717541283510 189
37722541465075 187
37727541737790 183
37732542073223 185
37737542240557 185
37742542425583 194
37747542693415 192
37752543016587 191
37757543184838 188
37762543363832 195
37767543637100 192
37772543969691 200
37777544181934 210
37782544368437 197
37787544648551 216
37792544980395 202
37797545144247 196
37802545320939 203
37807545607781 212
37812545910119 212
37817546059071 215
37822546228504 220
37827546484814 218
37832546796150 226
37837546941071 217
37842547115532 218
37847547370888 218
37852547694971 227
37857547851909 231
37862548030810 231
37867548292704 238
37872548598067 239
37877548751445 231
37882548921150 237
37887549181136 241
37892549495970 236
37897549646186 238
37902549817624 247
37907550085414 243
37912550393788 253
37917550546679 240
37922550722724 251
37927550958635 252
37932551254353 268
37937551400493 256
37942551572001 249
37947551824081 253
37952552133452 265
37957552279983 254
37962552449703 246
37967552709909 263
37972553029155 261
37977553183989 266
37982553356074 263
37987553611158 267
37992553936730 277
37997554091635 277
38002554268210 289
38007554527845 277
38012554836558 283
38017554991639 286
38022555163846 288
38027555430733 276
38032555745008 280
38037555900730 291
38042556067146 290
38047556315177 296
38052556554901 288
38057556706572 295
38062556879167 288
38067557137699 296
38072557454834 289
38077557600466 315
38082557768375 311
38087558029428 318
38092558345094 310
38097558500950 318
38102558672675 300
38107558925317 321
38112559234291 325
38117559383925 317
38122559553466 323
38127559816467 335
38132560121481 331
38137560273455 328
38142560448973 326
38147560714230 325
38152561023083 328
38157561174722 342
38162561345217 335
38167561600838 338
38172561916605 339
38177562061087 333
38182562228713 346
38187562488689 337
38192562800698 342
38197562955058 341
38202563126009 349
38207563387056 359
38212563707487 363
38217563866842 355
38222564050080 352
38227564305814 359
38232564614763 360
38237564771077 369
38242564945941 367
38247565201653 372
38252565510905 366
38257565670221 380
38262565833343 406
38267566098434 383
38272566406128 375
38277566555854 370
38282566740409 401
38287566860750 384
38292567175596 386
38297567354287 392
38302567504806 397
38307567663061 373
38312567819611 388
38317567973253 393
38322568141097 401
38327568396768 400
38332568715206 411
38337568873538 418
38342569043065 402
38347569305736 427
38352569620871 411
38357569770512 415
38362569940345 431
38367570196339 430
38372570510062 415
38377570671377 435
38382570855069 435
38387571125467 421
38392571439761 441
38397571593359 446
38402571773963 437
38407572039428 444
38412572365570 462
38417572550326 448
38422572744194 459
38427572998852 433
38432573309962 461
38437573473673 459
38442573661700 460
38447573934484 488
38452574264246 448
38457574433910 483
38462574594432 510
38467574844067 495
38472575165337 478
38477575310541 494
38482575478035 488
38487575732306 468
38492576057010 488
38497576202193 475
38502576393485 515
38507576678827 515
38512577012939 517
38517577184008 494
38522577329243 521
38527577482542 509
38532577621562 520
38537577759445 491
38542577889289 508
38547578142270 525
38552578415708 524
38557578579634 543
38562578770760 538
38567579053564 521
38572579382245 550
38577579525189 534
38582579681808 548
38587579961850 557
38592580296023 536
38597580465711 552
38602580623979 541
38607580878051 557
38612581202608 560
38617581344022 576
38622581536701 578
38627581824459 568
38632582150539 606
38637582323772 604
38642582515880 618
38647582794039 602
38652583128006 596
38657583266659 616
38662583426984 620
38667583716394 608
38672584058963 592
38677584200955 628
38682584390511 638
38687584669339 633
38692584952873 660
38697585117627 633
38702585301190 648
38707585570142 671
38712585819344 653
38717586002178 647
38722586165609 669
38727586422904 689
38732586714924 686
38737586883521 678
38742587068747 706
38747587340222 708
38752587618411 705
38757587793560 651
38762587985714 688
38767588267458 701
38772588531761 713
38777588703713 723
38782588893171 750
38787589171038 731
38792589436456 746
38797589618611 721
38802589805067 756
38807590078708 742
38812590322788 780
38817590496437 759
38822590693824 795
38827590982244 757
38832591258118 809
38837591426556 798
38842591591876 790
38847591859992 763
38852592144106 793
38857592324242 804
38862592540713 785
38867592840804 814
38872593137783 815
38877593301497 847
38882593505425 835
38887593765315 837
38892593919414 868
38897594045578 924
38902594190661 858
38907594335639 888
38912594481988 845
38917594620426 894
38922594758971 910
38927594861065 922
38932594997687 948
38937595135456 924
38942595245630 916
38947595401511 933
38952595531660 987
38957595635831 935
38962595847791 1001
38967596040712 985
38972596162652 1033
38977596313254 1033
38982596431262 1066
38987596559558 1013
38992596691529 1094
38997596795884 1065
39002596994190 1097
39007597239776 1026
39012597389284 1083
39017597498415 1092
39022597639419 1092
39027597775214 1134
39032597913031 1131
39037598043678 1111
39042598178508 1241
39047598309379 1120
39052598416673 1204
39057598556104 1193
39062598663663 1194
39067598946715 1256
39072599202381 1268
39077599355033 1266
39082599518700 1297
39087599651654 1254
39092599788652 1345
39097599887475 1338
39102599985122 1332
39107600120761 1446
39112600218554 1369
39117600360536 1414
