243523339637428 2605
243528339722137 2270
243533339823414 1573
243538339895238 2260
243543339968825 1295
243548340044706 1203
243553340127358 1433
243558340224772 1313
243563340311495 1152
243568340380269 1185
243573340462422 1223
243578340534458 1189
243583340624526 1234
243588340774481 1208
243593340844514 1181
243598340914501 1261
243603340989389 1270
243608341054035 1194
243613341128211 1094
243618341199940 1271
243623341269980 1304
243628341335949 1246
243633341417702 1258
243638341498410 1194
243643341568391 1077
243648341632674 1204
243653341704076 1328
243658341737300 1064
243663341808696 1315
243668341879182 1335
243673341949825 1062
243678342020054 1245
243683342090153 1219
243688342156126 1122
243693342243445 1111
243698342327008 1393
243703342361828 1154
243708342423828 1165
243713342493087 1412
243718342561160 1250
243723342628624 1186
243728342702878 1199
243733342781970 1136
243738342850289 1177
243743342930724 1279
243748343034078 1122
243753343105027 1270
243758343175388 1206
243763343245825 1202
243768343310245 1020
243773343380011 978
243778343450827 1495
243783343531691 1135
243788343603423 1188
243793343673405 1128
243798343742789 1250
243803343834263 1047
243808343909351 1187
243813343982930 1182
243818344053469 1196
243823344124931 1117
243828344188436 979
243833344268211 410
243838344341480 385
243843344388398 862
243848344982344 1444
243853345063414 1253
243858345136449 1248
243863345222366 1160
243868345288303 1178
243873345374433 1096
243878345445718 1275
243883345526462 1214
243888345590354 1055
243893345673460 1275
243898345745957 1239
243903345826416 1080
243908345886551 1010
243913345964424 401
243918346037288 410
243923346123928 410
243928346190075 386
243933346276210 1445
243938346310939 1417
243943346394924 1394
243948346479871 1189
243953346549250 1143
243958346623531 1182
243963346693051 1211
243968346755939 1110
243973346825303 1183
243978346895154 1263
243983346966672 1135
243988347033938 1184
243993347103117 1233
243998347172767 592
244003347242257 409
244008347304022 408
244013347373623 389
244018347442318 408
