249083309057003 23722
249088309187807 23802
249093309274406 23090
249098309364860 22496
249103309453378 22601
249108309565195 22274
249113309677424 21860
249118309802142 22358
249123309916364 22057
249128310011441 21333
249133310091308 21136
249138310190268 21355
249143310309946 21685
249148310369632 21723
249153310452346 20807
249158310514902 21125
249163310574747 21860
249168310635577 22201
249173310738723 21572
249178310826014 20216
249183311032967 20446
249188311133041 20628
249193311247086 21025
249198311322288 21946
249203311419361 22118
249208311515582 21942
249213311640043 21841
249218311713542 21455
249223311795237 21827
249228311868845 21522
249233311979280 22101
249238312088663 21351
249243312180993 21034
249248312282623 21585
249253312381482 23009
249258312479278 22163
249263312591623 22457
249268312697195 21725
249273312811149 21776
249278312899243 22128
249283312997318 22509
249288313108605 22820
249293313232318 22804
249298313340463 22683
249303313440640 22675
249308313536257 21538
249313313624049 21043
249318313736868 21764
249323313833327 21141
249328313926506 21890
249333314022816 22366
249338314111864 21756
249343314239661 21375
249348314347681 22186
249353314446774 22572
249358314541302 22280
249363314649288 22972
249368314745920 22577
249373314858483 22291
249378314954465 21901
249383315045697 21146
249388315948144 22069
249393316017628 22091
249398316129939 22370
249403316225477 22328
249408316338400 22394
249413316456650 22512
249418316566094 22890
249423316659960 22968
249428316764161 22840
249433316893785 22671
249438316987829 21372
249443317112780 21245
249448317205958 21344
249453317310964 22161
249458317404216 21692
249463317512488 22175
249468317608695 22193
249473317693925 22394
249478317786763 22096
249483317879737 22633
249488317974479 22544
249493318074118 22709
249498318207942 22280
249503318307700 21206
249508318393241 21238
249513318489918 22538
249518318595912 22533
249523318731536 22800
249528318836265 22101
249533318973317 22630
249538319095240 22228
249543319213622 21319
249548319321696 21594
249553319413119 21988
249558319508151 22364
249563319631538 22378
249568319752218 20592
249573319873257 20549
249578319978066 20570
249583320100060 21019
249588320201169 21602
249593320285294 22223
249598320378714 22096
249603320469363 22472
249608320554425 21817
249613320653946 22079
249618320744718 22272
249623320848500 21865
249628320952264 21958
249633321052172 21892
249638321147961 22878
249643321269052 22677
249648321371719 22464
249653321497356 22453
249658321630020 22383
249663321741171 22468
249668321851172 22705
249673321987185 22371
249678322119655 21772
249683322236846 22334
249688322349551 22204
249693322473714 22003
249698322604413 21191
249703322701725 21159
249708322786115 21302
249713322886364 21270
249718322977977 21994
249723323072655 21672
249728323203848 22008
249733323316714 21787
249738323446530 22888
249743323532328 22059
249748323644031 22473
249753323759980 22206
249758323902964 22353
249763323990831 22560
249768324086016 22349
249773324188819 22477
249778324288215 21809
249783324386815 21553
249788324478649 22365
249793324568655 23196
249798324688657 22585
249803324792534 22600
249808324876548 21916
249813325000530 22475
249818325117338 22405
249823325218571 21764
249828325335603 21259
249833325466357 21255
249838325566809 21725
249843325697873 21064
249848325827775 21921
249853325917000 22126
249858326028282 21669
249863326126836 21637
249868326232920 21537
249873326326905 22299
249878326428879 21604
249883326554293 21441
249888326689185 22057
249893326796516 22093
249898326887181 22260
249903326987075 22728
249908327067463 23464
249913327193374 22911
249918327317113 22638
249923327417394 22190
249928327535625 22037
249933327634884 21474
249938327748491 21665
249943327851125 22016
249948327949328 22017
249953328065493 21862
249958328172365 20817
249963328264963 20771
249968328373670 20347
249973328481887 20391
249978328579799 21102
