250005098293498 18545
250010098528631 23197
250015098647902 24036
250020098768087 25331
250025098899471 26256
250030099013712 27146
250035099103509 26275
250040099220441 26416
250045099314769 26566
250050099401660 26077
250055099512336 26398
250060099614808 26606
250065099730681 26056
250070099827045 26127
250075099933157 26467
250080100067732 26426
250085100205543 26536
250090100315223 26236
250095100387792 26285
250100100478378 26325
250105100584783 26875
250110100679193 27162
250115100773005 26563
250120100879063 27049
250125101017055 26769
250130101110952 27219
250135101205959 26626
250140101314842 27240
250145101421161 26607
250150101491584 27106
250155101558413 26383
250160101657296 27536
250165101772228 26735
250170101838637 27060
250175101927897 27243
250180102049688 26668
250185102167985 27377
250190102250704 27049
250195102356537 26329
250200102465769 27060
250205102584633 26999
250210102672749 27645
250215102778320 28165
250220102877135 26984
250225102967943 26921
250230103083308 26967
250235103158535 27753
250240103273877 27477
250245103368416 27066
250250103443995 26362
250255103534450 27065
250260103657390 26821
250265103777259 28346
250270103874850 27094
250275103977264 27097
250280104082870 27921
250285104170333 26679
250290104253201 26327
250295104357725 26426
250300104458454 26664
250305104546600 27130
250310104617470 27103
250315104697271 27343
250320104803879 26115
250325104894937 26964
250330104975130 26279
250335105085614 26580
250340105196270 27022
250345105324822 26619
250350105401662 27079
250355105454347 26966
250360105560431 26541
250365105675157 27762
250370105781177 26434
250375105845324 27648
250380105933038 26898
250385106015496 27340
250390106132061 26665
250395106207621 26893
250400106303157 27058
250405106396315 27534
250410106500266 26609
250415106551597 27715
250420106646658 26655
250425106767701 26709
250430106901622 26849
250435106988411 26646
250440107112646 26156
250445107215982 26525
250450107311338 27396
250455107429978 26884
250460107518195 26432
250465107614157 26545
250470107721471 26704
250475107811007 26668
250480107916838 26312
250485108049513 26235
250490108159505 26640
250495108271007 26516
250500108367172 26699
250505108491114 26883
250510108619481 27562
250515108705499 26944
250520108792163 26905
250525108888346 27137
250530109000352 25965
250535109135682 26525
250540109244877 26292
250545109331566 27030
250550109450014 27373
250555109555747 26594
250560109669626 27903
250565109775067 27194
250570109887627 27312
250575109989383 26477
250580110120545 27223
250585110214321 27299
250590110342578 27066
250595110468659 27480
250600110592451 27339
250605110710344 26860
250610110829526 26890
250615110955284 26663
250620111066814 26793
250625111193792 26256
250630111294479 27469
250635111406701 27068
250640111505070 26080
250645111607327 26952
250650111716849 26706
250655111826290 26864
250660111916833 26426
250665111992594 26683
250670112097156 26627
250675112189171 27035
250680112279809 27277
250685112364015 26990
250690112453445 26864
250695112540144 28163
250700112626114 26746
250705112762180 26438
250710112858551 26664
250715112958173 27037
250720113076968 26810
250725113210191 26546
250730113328574 26699
250735113418736 27205
250740113506794 27626
250745113580157 27521
250750113671963 27486
250755113765896 26589
250760113883516 26922
250765113977869 26849
250770114079193 27473
250775114173246 27148
250780114269892 26545
250785114378793 26620
250790114490055 26952
250795114575473 26779
250800114662978 27253
250805114753767 26658
250810114841411 27045
250815114949113 27088
250820115029864 26513
250825115148506 25553
250830115242530 27402
250835115329305 26833
250840115421312 28323
250845115537858 26755
250850115662723 27271
250855115760338 26660
250860115889327 27144
250865116011176 26863
250870116109272 26565
250875116213434 26166
250880116318030 26411
250885116429546 26458
250890116535509 25869
250895116631149 27101
250900116747249 26834
