6602459442260 23
6607459614307 33
6612459760108 37
6617459935494 42
6622460130541 50
6627460340372 53
6632460548323 55
6637460722925 58
6642460931348 60
6647461136547 66
6652461342868 67
6657461520147 72
6662461713465 77
6667461874937 83
6672462085513 82
6677462259223 82
6682462457725 89
6687462661244 95
6692462869131 94
6697463047335 101
6702463247422 110
6707463443164 119
6712463648643 118
6717463849993 120
6722464057863 127
6727464269379 127
6732464476668 135
6737464643727 136
6742464842018 147
6747465043519 146
6752465251915 153
6757465428746 152
6762465626367 162
6767465772143 169
6772465972957 175
6777466139240 165
6782466350386 179
6787466515066 173
6792466716597 175
6797466889794 187
6802467093361 186
6807467296474 188
6812467495254 199
6817467674465 195
6822467897774 200
6827468098509 203
6832468304705 202
6837468505696 203
6842468704609 215
6847468903518 210
6852469111036 211
6857469290761 221
6862469489129 214
6867469704231 215
6872469910163 228
6877470086775 227
6882470312957 242
6887470516670 231
6892470717566 229
6897470893200 236
6902471102364 245
6907471302157 249
6912471503929 239
6917471681750 241
6922471878669 255
6927472094225 246
6932472287311 260
6937472453401 251
6942472660815 252
6947472860184 258
6952473067677 250
6957473239352 264
6962473435647 262
6967473641091 274
6972473847908 274
6977474014847 259
6982474218262 272
6987474421797 270
6992474628726 276
6997474807044 277
7002475007498 275
7007475210549 279
7012475411470 275
7017475605010 285
7022475814151 289
7027476017246 287
7032476217684 275
7037476390504 271
7042476597453 291
7047476798687 295
7052476998219 301
7057477168252 288
7062477370651 294
7067477582586 303
7072477783321 302
7077477959850 298
7082478171956 298
7087478377618 296
7092478582697 308
7097478756983 303
7102478960477 298
7107479162840 304
7112479374800 298
7117479553436 306
7122479757898 315
7127479956622 312
7132480165888 317
7137480344443 312
7142480526146 309
7147480726906 322
7152480930620 327
7157481109075 305
7162481313948 325
7167481516515 320
7172481719646 313
7177481894175 334
7182482095521 328
7187482300218 319
7192482508055 332
7197482682347 327
7202482891584 325
7207483091479 344
7212483295714 333
7217483467175 337
7222483671532 329
7227483877895 340
7232484082760 334
7237484255295 333
7242484457032 333
7247484656129 339
7252484859300 335
7257485047924 334
7262485195824 348
7267485392760 354
7272485587019 345
7277485757977 336
7282485950415 344
7287486144892 356
7292486287411 354
7297486459299 357
7302486664715 349
7307486858931 347
7312487052893 364
7317487221547 352
7322487417748 348
7327487610822 353
7332487807987 363
7337487989900 352
7342488201513 344
7347488398590 358
7352488596354 370
7357488765590 349
7362488957229 364
7367489145494 354
7372489342732 350
7377489516182 356
7382489710428 356
7387489905667 368
7392490098778 374
7397490263338 371
7402490461361 375
7407490660132 364
7412490855329 359
7417491025812 370
7422491217054 350
7427491415003 368
7432491608744 358
7437491780646 376
7442491981878 355
7447492209252 387
7452492399367 371
7457492570178 378
7462492765427 370
7467492961488 379
7472493155825 391
7477493325100 371
7482493521157 382
7487493721208 372
7492493919666 403
7497494101582 380
7502494298909 396
7507494493266 389
7512494688644 385
7517494862013 376
7522495063953 386
7527495265549 389
7532495408248 386
7537495579618 404
7542495780295 393
7547495968975 369
7552496148709 395
7557496305248 383
7562496441173 384
7567496618948 420
7572496797765 408
7577496964637 413
7582497149691 413
7587497333561 414
7592497526477 400
7597497686500 405
7602497876507 411
7607498057844 403
7612498249752 425
7617498417046 407
7622498620665 400
7627498823773 415
7632499016222 421
7637499177278 404
7642499357822 418
7647499537697 394
7652499718497 411
7657499877603 395
7662500056708 416
7667500235704 428
7672500415211 439
7677500569517 429
7682500750359 420
7687500933221 418
7692501115725 414
7697501267883 423
7702501449644 436
7707501642870 421
7712501822692 446
7717501977967 425
7722502158371 419
7727502336538 426
7732502522641 433
7737502687899 430
7742502870036 467
7747503053035 414
7752503238566 429
7757503414737 434
7762503597585 445
7767503726966 435
7772503849447 460
7777504014170 435
7782504193364 458
7787504374542 431
7792504549691 454
7797504687451 472
7802504846928 427
7807505042815 443
7812505223858 465
7817505381432 432
7822505562656 450
7827505745047 437
7832505934368 472
7837506093267 462
7842506277427 448
7847506459658 470
7852506640658 464
7857506814407 465
7862506931877 478
7867507069420 466
7872507257046 449
7877507411627 465
7882507590973 466
7887507775277 476
7892507953314 455
7897508109695 464
7902508237853 499
7907508425467 465
7912508610219 468
7917508768018 479
7922508935716 485
7927509105278 493
7932509289075 463
7937509446679 473
7942509630783 476
7947509814422 486
7952509998450 494
7957510164958 482
7962510347299 489
7967510530476 500
7972510661889 462
7977510826463 496
7982511012710 482
7987511197441 510
7992511378154 495
7997511534290 487
8002511710852 493
8007511890912 518
8012512073860 511
8017512228952 501
8022512413668 502
8027512596349 502
8032512778981 500
8037512938024 534
8042513124926 518
8047513310892 518
8052513498874 501
8057513667453 508
8062513849104 523
8067514033416 550
8072514222349 516
8077514378034 525
8082514563839 520
8087514744888 543
8092514933263 509
8097515094417 532
8102515292479 547
8107515474455 528
8112515657797 536
8117515816138 520
8122515999402 528
8127516206500 538
8132516386239 529
8137516547976 568
8142516731548 534
8147516920422 531
8152517108952 551
8157517267338 555
8162517463556 555
8167517651013 565
8172517834481 539
8177517987919 571
8182518173502 543
8187518358779 573
8192518544560 546
8197518700678 576
8202518882717 569
8207519067067 562
8212519252410 557
8217519422583 575
8222519615586 569
8227519798748 552
8232519998397 588
8237520205333 591
8242520398843 561
8247520587403 562
8252520798325 590
8257520968344 581
8262521156291 586
8267521340494 572
8272521527588 588
8277521689819 583
8282521879581 578
8287522071180 603
8292522256026 599
8297522375889 602
8302522503913 614
8307522689469 583
8312522873560 621
8317523031306 612
8322523217592 634
8327523346244 632
8332523514679 605
8337523674974 638
8342523812030 603
8347523950290 636
8352524132795 633
8357524264188 620
8362524384595 622
8367524508516 607
8372524692861 628
8377524849499 651
8382525032833 659
8387525214230 644
8392525397106 631
8397525561079 647
