14234190023713 201
14239190308022 354
14244190589242 427
14249190752022 582
14254191003166 664
14259191294053 759
14264191616853 898
14269191776808 1083
14274191991024 1323
14279192301828 1885
14284192624752 2523
14289192779448 3749
14294192990047 5966
14299193140805 9171
14304193428526 14534
14309193570747 20461
14314193681544 23851
14319193841269 27707
14324194087696 27610
14329194213981 27527
14334194331834 27454
14339194425248 27178
14344194522672 26962
14349194626542 27319
14354194805210 27546
14359195037020 27318
14364195221030 27213
14369195352246 26782
14374195509854 27857
14379195725685 27441
14384195856686 27559
14389195977569 27581
14394196156603 28128
14399196394307 27976
14404196654053 27182
14409196782600 26902
14414196924856 26888
14419197177505 27879
14424197469612 27406
14429197556090 27486
14434197743200 27584
14439197988111 27515
14444198083962 27299
14449198174079 27292
14454198271001 26718
14459198402067 26511
14464198519030 26420
14469198646545 26893
14474198750427 27039
14479198964545 26760
14484199114113 27318
14489199258360 26988
14494199358557 26907
14499199503695 26771
14504199729637 26606
14509199856810 27232
14514200029961 26837
14519200203303 26990
14524200323661 26903
14529200452522 26712
14534200650774 28048
14539200798538 26710
14544200939132 26682
14549201049062 26763
14554201154322 27277
14559201395019 27488
14564201518571 26636
14569201610202 26758
14574201733172 25987
14579201832186 26795
14584201971226 27244
14589202064432 26894
14594202168032 26932
14599202307192 26765
14604202404367 27189
14609202507417 26779
14614202692717 26944
14619202863334 27177
14624202965485 27562
14629203089053 27162
14634203282356 27088
14639203454475 26648
14644203598253 26557
14649203702717 27043
14654203823045 27175
14659204061365 27360
14664204156951 27081
14669204297427 26647
14674204466273 27390
14679204579551 26475
14684204707136 26752
14689204831287 26334
14694205017804 26836
14699205107614 26539
14704205235224 26862
14709205336687 26829
14714205450311 26438
14719205559084 27288
14724205698982 27025
14729205811017 26713
14734205929609 26698
14739206066724 26757
14744206159240 25888
14749206280779 26791
14754206381349 27297
14759206519923 27649
14764206606940 26428
14769206742262 26748
14774206874771 27017
14779206983135 27289
14784207095725 26084
14789207223993 27287
14794207355531 26974
14799207439999 26647
14804207525734 26951
14809207616625 26672
14814207770339 26973
14819207861186 26373
14824207952590 27671
14829208054630 26760
14834208157035 26937
14839208291711 26599
14844208413845 26454
14849208559840 26341
14854208684239 26867
14859208774045 26714
14864208868372 27348
14869209000918 27096
14874209127543 27878
14879209216239 27173
14884209305878 26998
14889209427143 27065
14894209556138 26787
14899209644087 26181
14904209784815 27117
14909209910972 27372
14914210044074 26712
14919210131703 26613
14924210212544 26999
14929210299311 26866
14934210392279 27211
14939210516605 27355
14944210622597 26873
14949210757158 26384
14954210868938 27418
14959211000794 27104
14964211119342 26682
14969211241839 27358
14974211327860 27301
14979211424127 27871
14984211543846 27198
14989211629800 27175
14994211727043 27678
14999211850511 27271
15004211933883 27169
15009212025487 25903
15014212130405 26216
15019212258594 26862
15024212363268 26717
15029212479541 26906
15034212609586 27618
15039212699975 27314
15044212805568 26902
15049212893939 26661
15054213018415 26202
15059213113595 26787
15064213238486 26498
15069213357966 27039
15074213444079 26325
15079213548139 27221
15084213690793 27104
15089213781222 26339
15094213879681 26558
15099213966385 26425
15104214099233 26788
15109214189673 26847
15114214292450 26798
15119214443286 26945
15124214546390 26853
15129214682169 26883
15134214812861 26941
15139214911662 27596
15144215065415 26558
15149215159239 26714
15154215303606 27013
15159215449260 26734
15164215546248 27132
15169215648207 27147
15174215764288 26878
15179215892649 26982
15184216016394 26236
15189216133130 27633
15194216279250 27021
15199216431269 26768
15204216539484 27016
15209216658038 27005
15214216766888 26864
15219216895267 27040
15224216997663 26712
15229217142257 27225
15234217260272 27238
15239217382438 26110
15244217483712 26994
15249217578404 27198
15254217728324 26673
15259217848565 26770
15264217968557 27209
15269218061075 26483
15274218178512 26570
15279218300208 26134
15284218412662 26512
15289218505795 26698
15294218622324 26842
15299218738267 26926
15304218839101 26993
15309218947866 26442
15314219049934 26792
15319219177707 26900
15324219275535 26793
15329219389328 26477
15334219508124 27582
15339219594840 26067
15344219686972 26498
15349219813361 26579
15354219924361 26788
15359220045742 26794
15364220147611 27435
15369220236140 26811
15374220353687 26233
15379220478969 26659
15384220612562 26730
15389220751310 26732
15394220852961 26335
15399220952828 26423
15404221108075 26191
15409221195800 26623
15414221316521 26583
15419221420617 26476
15424221560696 26983
15429221712063 27123
15434221803839 27293
15439221918391 27291
15444222004461 26610
15449222095323 27310
15454222222707 27012
15459222318265 26566
15464222465468 27067
15469222595227 26683
15474222687718 26211
15479222776302 27210
15484222904483 26523
15489223064416 26578
15494223166918 27122
15499223263572 27007
15504223363075 26871
15509223456174 26896
15514223588149 27168
15519223716488 27126
15524223811143 26947
15529223897624 27645
15534223990249 26213
15539224115195 26867
15544224255725 26634
15549224372820 26762
15554224491163 27263
15559224607385 26964
15564224697564 27208
15569224815530 26018
15574224946602 27073
15579225048688 26664
15584225145073 27029
15589225300761 27080
15594225396163 26965
15599225527232 27255
15604225627553 26808
15609225742384 27112
15614225876676 27396
15619226010423 26808
15624226150355 27210
15629226247687 27098
15634226369668 26765
15639226496849 26697
15644226635304 27584
15649226759006 26876
15654226881835 26859
15659226999280 27227
15664227111336 26908
15669227224000 26581
15674227310448 26639
15679227412451 26670
15684227503938 26649
15689227607384 26771
15694227719795 26607
15699227812656 26410
15704227909068 27530
15709227998265 26915
15714228135956 26495
15719228220803 26869
15724228309735 26792
15729228427439 27529
15734228510715 26746
15739228634154 26404
15744228773270 26650
15749228913322 26993
15754229013376 26509
15759229126016 26005
15764229246007 26738
15769229363208 27268
15774229473179 26737
15779229558803 26630
15784229667729 26800
15789229808713 27425
15794229957832 26545
15799230090856 27126
15804230198951 27184
15809230333522 26916
15814230459070 26737
15819230569448 26536
15824230677276 26852
15829230768655 26434
15834230885413 27358
15839231023450 26761
15844231132396 27245
15849231236246 26976
15854231336344 27384
15859231463970 26589
15864231621240 27046
15869231770675 27484
15874231893612 27496
15879232018783 27572
15884232106523 27011
15889232244014 27068
15894232370283 27563
15899232459024 26518
15904232615601 26625
15909232785275 27384
15914232878378 27350
15919232993410 27120
15924233159596 27187
15929233282275 26849
15934233403660 27967
15939233534960 27502
15944233669181 28423
15949233807000 26650
15954233916135 27730
15959234124644 27093
15964234212560 26306
15969234359913 27157
15974234454193 27747
15979234594706 27500
15984234729959 27479
15989234861140 28426
15994235040860 27831
15999235143091 28058
16004235254216 27659
16009235367659 27533
16014235464172 27640
16019235559765 27333
16024235655288 27106
16029235824783 27082
