12412100077535 21429
12417100326833 19886
12422100440341 17451
12427100560135 16984
12432100670510 15414
12437100771379 14567
12442100874583 14132
12447101017858 15843
12452101130497 13916
12457101298428 12186
12462101415615 15563
12467101531259 13465
12472101683573 12490
12477101798458 13159
12482101946093 12835
12487102050936 13849
12492102258711 11872
12497102373103 10672
12502102511479 14718
12507102602911 13458
12512102714053 12374
12517102868736 10833
12522102999224 9827
12527103143540 14033
12532103342495 11282
12537103455685 11879
12542103580870 12078
12547103679280 10828
12552103775533 14342
12557103902635 11267
12562104036664 9837
12567104142218 9970
12572104238371 11352
12577104331920 14681
12582104429948 9663
12587104536450 10766
12592104625179 12373
12597104710671 13333
12602104804535 9965
12607104892436 13479
12612104987775 11508
12617105084162 10840
12622105175623 9985
12627105278488 9917
12632105401303 9994
12637105506285 14199
12642105602386 11528
12647105711536 9445
12652105808057 9671
12657105906780 12784
12662106009399 12587
12667106130329 9506
12672106235683 10914
12677106335191 12905
12682106433558 11846
12687106560872 10009
12692106659566 10667
12697106754100 13977
12702106852210 11069
12707106972471 9642
12712107071971 9943
12717107216252 9968
12722107330188 10076
12727107466335 9825
12732107595403 9764
12737107725817 10005
12742107854459 9725
12747107965606 10142
12752108084487 11801
12757108186643 12551
12762108290289 10933
12767108409185 9418
12772108502647 7444
12777108598138 7585
12782108687048 12120
12787108787164 11956
12792108886478 10408
12797109027958 9870
12802109153386 9413
12807109255969 7690
12812109351837 8184
12817109479323 12171
12822109569142 10493
12827109695896 9938
12832109835169 9610
12837109940955 7415
12842110043542 6511
12847110145015 10059
12852110247740 11629
12857110353237 9911
12862110467596 11953
12867110580487 6852
12872110747205 5156
12877110885305 9966
12882111001855 9145
12887111110146 10055
12892111230663 9764
12897111350477 9246
12902111445278 9852
12907111576449 9558
12912111683336 9909
12917111785453 9857
12922111909288 9390
12927112018594 9643
12932112116744 9790
12937112237791 9778
12942112343239 9147
12947112458492 9459
12952112593281 9873
12957112705277 9289
12962112848235 9406
12967112946073 9746
12972113035122 9827
12977113140399 7236
12982113226240 10543
12987113331893 10872
12992113443489 5737
12997113545440 7038
13002113680429 9192
13007113804649 9930
13012113903615 9526
13017114005836 9756
13022114157086 9495
13027114298783 9791
13032114414472 9087
13037114552547 9564
13042114664824 9572
13047114771792 9882
13052114914735 9858
13057115015665 9981
13062115152010 9752
13067115250544 8990
13072115352587 9900
13077115455126 9483
13082115556195 10240
13087115665461 9846
13092115768720 9826
13097115872703 9137
13102116028483 9082
13107116128742 9887
13112116257220 9945
13117116373478 9841
13122116492833 9953
13127116624379 9978
13132116740946 10091
13137116846697 7607
13142116942251 6164
13147117040690 13453
13152117166336 9548
13157117274756 11772
13162117409726 3063
13167117552613 9531
13172117660948 9863
13177117796547 9495
13182117934815 10146
13187118062169 9659
13192118205325 9545
13197118323278 9590
13202118448409 9792
13207118552917 9168
13212118652664 9116
13217118749508 8879
13222118861991 8707
13227118954028 9125
13232119047061 5903
13237119152087 9634
13242119245897 9810
13247119341100 9463
13252119436215 9422
13257119553230 9396
13262119651123 8679
13267119764487 10263
13272119862821 8535
13277119953843 5905
13282120050325 10314
13287120227708 6338
13292120350620 9242
13297120439133 9298
13302120561247 9145
13307120652034 9927
13312120789071 9605
13317120888198 9764
13322120999117 9339
13327121092360 9948
13332121191886 7181
13337121289286 8600
13342121391590 11463
13347121504359 11254
13352121621022 10533
13357121733069 9830
13362121846780 8181
13367121953137 9547
13372122053000 11120
13377122152691 9931
13382122282430 9993
13387122400039 9916
13392122505043 5494
13397122619511 7340
13402122724040 11643
13407122826590 12798
13412122928413 11655
13417123030505 6270
13422123125902 6894
13427123263551 9845
13432123373892 9644
13437123498985 9916
13442123615928 9975
13447123710174 9894
13452123817014 9406
13457123920786 9724
13462124052425 5858
13467124149785 9748
13472124254602 11657
13477124352245 10892
13482124466869 10279
13487124567719 4963
13492124664560 7637
13497124795296 9923
13502124931655 9108
13507125049568 9964
13512125158740 9768
13517125300375 9145
13522125440082 9614
13527125580273 9890
13532125685003 3168
13537125787856 9371
13542125908696 9319
13547126013872 9278
13552126110598 9327
13557126234543 9292
13562126335004 10054
13567126466729 9773
13572126575676 8241
13577126682290 8764
13582126802848 4996
13587126905726 9632
13592127029717 9834
13597127135416 9232
13602127272344 9805
13607127404240 9606
13612127510236 9555
13617127628829 8952
13622127726381 6019
13627127835616 7088
13632127957457 9719
13637128073026 10145
13642128202247 9290
13647128313692 9567
13652128412489 9349
13657128521354 8989
13662128622278 9046
13667128714667 9785
13672128832944 9716
13677128990358 9848
13682129093780 9852
13687129210548 9573
13692129319102 9808
13697129426867 7326
13702129541751 11699
13707129635496 10565
13712129779883 9993
13717129915486 9663
13722130017043 8456
13727130147244 4366
13732130247564 9635
13737130362052 9080
13742130470739 9930
13747130570364 9873
13752130678411 9887
13757130810495 9694
13762130907273 10001
13767131015689 9986
13772131153199 9692
13777131248037 9753
13782131360171 9740
13787131467741 9527
13792131556976 9220
13797131651470 6588
13802131741557 8450
13807131832885 11159
13812131942119 10655
13817132029348 11317
13822132131250 6745
13827132272511 6024
13832132381640 9598
13837132487953 9457
13842132611416 9911
13847132705728 9700
13852132828112 9361
13857132973086 9541
13862133095181 9062
13867133189278 8337
13872133273856 9954
13877133380242 7653
13882133479882 8515
13887133595783 9438
13892133689610 7448
13897133803086 9091
13902133916546 9955
13907134014567 9293
13912134107011 9242
13917134213211 8278
13922134307210 10736
13927134422310 10558
13932134529837 7143
13937134649213 10195
13942134767041 6512
13947134866349 7301
13952134990690 9232
13957135120201 9315
13962135259083 9745
13967135360690 9459
13972135473954 9807
13977135573013 9371
13982135660632 9909
13987135750263 9380
13992135854051 9788
13997135941639 9872
14002136034279 10017
14007136129161 9358
14012136223615 9395
14017136315815 9646
14022136403038 6782
14027136497022 11488
14032136586365 10322
14037136689729 10431
14042136785427 5380
14047136886265 7460
14052137038635 9906
14057137191074 9479
14062137288485 10033
14067137429225 9878
14072137554898 10012
14077137694583 9741
14082137816291 5753
14087137948209 6823
14092138052911 9209
14097138157741 12030
14102138267944 8212
14107138368550 11454
14112138465582 7121
14117138591838 9859
14122138709642 9622
14127138834028 9502
14132138937487 10018
14137139032997 9406
14142139130585 7710
14147139216227 6459
14152139302862 8267
14157139402412 9775
14162139493272 9809
14167139594124 9782
14172139686214 9348
14177139779163 9593
14182139869260 5411
14187139970901 7289
14192140085811 9903
14197140206770 9459
14202140308532 9741
14207140443182 6930
