4759810355708 4638
4764810546430 4350
4769810747285 4244
4774810853622 4180
4779811024428 4228
4784811130597 2814
4789811277397 4019
4794811417737 4068
4799811567228 4040
4804811719129 3982
4809811839815 4018
4814811988144 2398
4819812115995 3799
4824812231248 4015
4829812348264 4000
4834812470659 3977
4839812606131 3827
4844812762137 2286
4849812921022 3848
4854813035716 3957
4859813166712 3813
4864813340405 4021
4869813494671 3980
4874813676616 2353
4879813796143 3819
4884813917138 3869
4889814036108 3870
4894814169421 3826
4899814296547 3768
4904814430057 1968
4909814571414 3921
4914814699097 3739
4919814867485 3696
4924815003226 3266
4929815118689 1694
4934815280236 812
4939815426266 0
4944815652951 0
4949815822516 0
4954816061207 411
4959816190589 528
4964816363202 528
4969816535394 1
4974816668992 0
4979816894572 0
4984817022116 157
4989817197665 300
4994817427562 312
4999817728852 0
5004817866543 0
5009818001112 0
5014818183991 0
5019818330837 0
5024818519598 89
5029818701384 0
5034818823733 144
5039818955690 724
5044819253145 767
5049819433969 702
5054819554061 1556
5059819681886 0
5064819817975 0
5069819960996 0
5074820123127 0
5079820256092 2254
5084820461690 2923
5089820607966 1
5094820770968 1513
5099820885015 3706
5104821021807 3597
5109821138942 3622
5114821297838 3249
5119821448062 2698
5124821590045 3772
5129821739980 3667
5134821876322 3350
5139821987944 3652
5144822159721 2809
5149822302704 2349
5154822528466 3785
5159822636929 3794
5164822742032 3645
5169822895839 3595
5174823140004 2822
5179823256028 2090
5184823371794 3512
5189823571696 3333
5194823706169 2540
5199823915790 2926
5204824058701 3467
5209824177326 1743
5214824319633 3643
5219824440154 3710
5224824578350 3687
5229824724303 3563
5234824887368 3382
5239824996275 1164
5244825212803 3723
5249825335342 3659
5254825558276 3707
5259825703743 3771
5264826014226 3420
5269826214587 506
5274826390755 1456
5279826519992 1073
5284826710918 1036
5289826901556 655
5294827050136 586
5299827210635 82
5304827396543 0
5309827551201 0
5314827705875 0
5319827967143 0
5324828101082 0
5329828281621 0
5334828426156 0
5339828617758 0
5344828821465 0
5349828986582 0
5354829118817 613
5359829392285 50
5364829606984 0
5369829729775 0
5374829928198 0
5379830016278 0
5384830122103 0
5389830258005 0
5394830396938 553
5399830591278 677
5404830778643 492
5409830969369 434
5414831132392 587
5419831443736 71
5424831727248 0
5429831927098 0
5434832067416 0
5439832217888 0
5444832500373 0
5449832671539 0
5454832897511 0
5459833081294 19
5464833233955 0
5469833362216 403
5474833555041 509
5479833698620 81
5484833885933 0
5489834067940 0
5494834297710 0
5499834451353 0
5504834629668 0
5509834793997 0
5514834987738 0
5519835143566 37
5524835349801 519
5529835531272 560
5534835767010 581
5539836054562 211
5544836247007 0
5549836362002 0
5554836593038 0
5559836788244 0
5564836966336 0
5569837123670 0
5574837253267 0
5579837553573 8
5584837785934 0
5589837937824 315
5594838167487 687
5599838339111 176
5604838673628 0
5609838824435 2
5614838990381 0
5619839250002 0
5624839434219 6
5629839529250 0
5634839765252 0
5639839952007 103
5644840085708 530
5649840244838 740
5654840372144 905
5659840577384 325
5664840882043 0
5669840988578 0
5674841211000 2
5679841371371 0
5684841713630 106
5689841908933 2
5694842131187 0
5699842400170 6
5704842514518 0
5709842657560 3
5714842780255 0
5719843027326 1
5724843240248 0
5729843417489 0
5734843642869 0
5739843874687 4
5744843970307 2740
5749844117156 2965
5754844239298 3665
5759844450800 2061
5764844645708 0
5769844789174 0
5774844980397 0
5779845139960 15
5784845260319 2516
5789845406722 1800
5794845617350 1761
5799845720555 3256
5804845851586 3573
5809845970453 3403
5814846075676 3677
5819846311693 2245
5824846668935 75
5829846853373 2466
5834847052226 3666
5839847163784 3466
5844847303823 3592
5849847447810 2114
5854847605962 1397
5859847706896 2683
5864847820135 3084
5869848024241 3050
5874848152089 3514
5879848388014 2706
5884848558645 104
5889848712395 3132
5894848962601 3707
5899849098887 3480
5904849251629 3539
5909849469044 2149
5914849626803 429
5919849906022 2664
5924850022030 3497
5929850188492 3339
5934850352666 3352
5939850514810 2210
5944850793054 2
5949850898696 1089
5954851068905 3596
5959851198089 3641
5964851317130 3486
5969851512670 3168
5974851670803 217
5979851791054 1808
5984851918759 3577
5989852090891 3418
5994852208802 3302
5999852337943 2672
6004852513556 609
6009852627651 1604
6014852733725 3191
6019852890061 3021
6024853056703 3571
6029853204072 2442
6034853454413 93
6039853751032 3
6044853872898 1538
6049854023271 3580
6054854133263 3528
6059854258690 3532
6064854441408 1052
6069854637142 15
6074854744485 3627
6079854864193 3634
6084855001056 3495
6089855134913 3301
6094855306810 1077
6099855550404 14
6104855686367 9
6109855819088 2881
6114855952202 3606
6119856095873 3516
6124856233836 1512
6129856356055 181
6134856448359 3763
6139856545248 3746
6144856661147 3632
6149856804136 3436
6154856953178 1443
6159857119362 618
6164857261788 462
6169857375113 3596
6174857513109 3511
6179857615127 3426
6184857712631 1419
6189857852252 17
6194857993095 13
6199858099580 2478
6204858205093 3726
6209858298237 3418
6214858454246 1814
6219858595317 22
6224858721365 109
6229858834731 2786
6234858931508 3676
6239859034389 3767
6244859156968 1731
6249859292874 46
6254859442731 10
6259859542122 3173
6264859651597 3615
6269859765809 3544
6274859912914 1831
6279860031444 1
6284860177455 391
6289860292843 3657
6294860401436 3584
6299860525646 3542
6304860710578 2223
6309860854839 19
6314861001116 1
6319861109440 3331
6324861218723 3680
6329861363685 3575
6334861512876 1936
6339861642429 353
6344861808589 220
6349861908346 3757
6354862038601 3618
6359862155702 3484
6364862289268 2239
6369862415004 25
6374862589572 4
6379862702399 3815
6384862811886 3532
6389862913549 3548
6394863100531 2619
6399863199904 301
6404863323219 1058
6409863466794 3428
6414863624188 3907
6419863760171 3448
6424863929964 2868
6429864078044 307
6434864191232 1460
6439864291514 3441
6444864443392 3480
6449864542895 3794
6454864646279 2932
6459864785950 81
6464864931320 1936
6469865058462 3071
6474865163050 3280
6479865291448 3266
6484865399825 3205
6489865548163 178
6494865693690 6
6499865816770 1865
6504865946530 3477
6509866074916 3818
6514866207604 3428
6519866379925 698
6524866522419 0
6529866622768 1617
6534866734308 3457
6539866851170 3372
6544866955903 3487
6549867098422 1489
6554867249335 182
