16728891107059 17123
16733891377095 14637
16738891480474 12987
16743891585006 13291
16748891690088 12789
16753891801913 13342
16758891901793 12973
16763891995730 12345
16768892141496 10228
16773892255892 9637
16778892358887 9915
16783892467513 9872
16788892560540 9347
16793892666094 10570
16798892762484 11151
16803892854261 7885
16808892950099 10632
16813893045836 10586
16818893140043 10752
16823893237925 12165
16828893332891 10969
16833893465955 11181
16838893564318 11017
16843893655964 11992
16848893757045 11069
16853893864125 10352
16858893970896 11831
16863894078514 11610
16868894178849 11259
16873894292037 11016
16878894399040 10559
16883894497960 12013
16888894610288 11640
16893894707926 11734
16898894814728 11600
16903894970703 11640
16908895074608 10482
16913895173963 12120
16918895278469 12590
16923895380470 11755
16928895471652 12537
16933895595245 10344
16938895688956 10592
16943895792179 12343
16948895895547 11697
16953895991065 13803
16958896093752 12309
16963896205158 12555
16968896348077 10826
16973896465123 10260
16978896571455 10377
16983896699281 12639
16988896809530 11918
16993896920200 12999
16998897030040 11710
17003897139606 11044
17008897246089 11840
17013897352635 9989
17018897463012 13095
17023897576961 12979
17028897681361 12675
17033897818581 12787
17038897928730 11137
17043898034269 9852
17048898140378 14801
17053898247210 12382
17058898337711 13177
17063898464659 12160
17068898563309 10273
17073898672568 11969
17078898765403 13446
17083898859802 13485
17088898964688 11546
17093899069518 13136
17098899176885 10473
17103899270691 11080
17108899368094 13409
17113899477478 12393
17118899587043 12775
17123899687580 13249
17128899798710 13131
17133899909020 12990
17138900034659 12352
17143900139867 11342
17148900257196 12400
17153900367707 11085
17158900481371 11335
17163900611650 11140
17168900722100 12460
17173900833162 11602
17178900937307 11094
17183901048182 12240
17188901161824 11814
17193901292192 8474
17198901393359 11907
17203901502453 10551
17208901597564 10075
17213901719450 10181
17218901833629 10228
17223901927807 11095
17228902025016 9169
17233902147012 10133
17238902255430 10239
17243902360650 10726
17248902483498 10776
17253902592358 10947
17258902703018 10012
17263902814173 9036
17268902941222 10566
17273903063075 8866
17278903164481 9786
17283903272771 9980
17288903388571 9978
17293903491560 10295
17298903593392 10105
17303903699599 9961
17308903803928 10175
17313903923505 10360
17318904043145 7508
17323904147573 9493
17328904240117 9883
17333904349701 9988
17338904443278 10239
17343904553174 10527
17348904669272 9844
17353904781808 9755
17358904877805 10355
17363904975175 8781
17368905076544 10887
17373905165311 11112
17378905258043 8832
17383905373044 11492
17388905490544 10237
17393905602892 10212
17398905696066 10765
17403905794290 7961
17408905897001 8842
17413905987092 10565
17418906084179 10826
17423906185577 8947
17428906284648 9757
17433906380285 11220
17438906472022 9585
17443906568138 9530
17448906659899 7999
17453906754670 9330
17458906852172 11725
17463906956742 10277
17468907045568 10051
17473907176196 10968
17478907267969 9431
17483907399212 8222
17488907510146 10286
17493907604033 8914
17498907703624 11245
17503907801473 10099
17508907896008 9644
17513907991647 10556
17518908092302 10198
17523908179026 9744
17528908269223 8981
17533908366929 10968
17538908488307 10623
17543908580946 10872
17548908674677 10209
17553908766903 9984
17558908858223 9985
17563908978729 10305
17568909073605 8702
17573909185043 8502
17578909278528 11810
17583909379681 10733
17588909478157 10571
17593909587831 11215
17598909695290 9949
17603909804000 9234
17608909926867 9275
17613910032192 8744
17618910136838 10341
17623910233481 11194
17628910361931 10360
17633910467781 10531
17638910577246 11233
17643910684267 10408
17648910789579 7414
17653910888891 9613
17658911000067 9923
17663911108623 10068
17668911245490 10177
17673911344744 10674
17678911444681 9650
17683911571080 10011
17688911705558 10033
17693911812883 9800
17698911943274 9844
17703912061698 9743
17708912164645 9196
17713912285596 11904
17718912391656 9798
17723912513585 9453
17728912627880 10822
17733912735060 7117
17738912872304 9995
17743912996320 10058
17748913104324 10030
17753913213999 9745
17758913323531 9987
17763913410179 10135
17768913520905 10081
17773913604564 10284
17778913691561 6540
17783913783998 9850
17788913912286 10015
17793914004070 10105
17798914126035 9966
17803914233288 9780
17808914352990 10086
17813914476746 10209
17818914599440 10358
17823914706007 6248
17828914795443 9458
17833914892757 9308
17838914983325 10906
17843915076400 10156
17848915167477 9216
17853915266694 11485
17858915363622 10290
17863915467031 7688
17868915587508 9061
17873915723750 9834
17878915849032 10278
17883915945428 10061
17888916072391 9854
17893916180181 10154
17898916289911 10249
17903916399055 10195
17908916502655 7017
17913916610181 9488
17918916736183 10120
17923916857816 10121
17928916978755 10355
17933917073489 9693
17938917180522 10136
17943917272312 8390
17948917371291 9110
17953917476746 11020
17958917592742 10705
17963917686767 10594
17968917784737 10359
17973917881880 9172
17978917989454 9789
17983918085034 11107
17988918178263 9193
17993918289541 7990
17998918390116 10012
18003918500216 10388
18008918596005 10679
18013918693015 10625
18018918798241 9566
18023918892962 9819
18028918987631 10792
18033919080946 8946
18038919193425 9749
18043919291704 10052
18048919390487 10224
18053919516913 10153
18058919640901 10056
18063919758355 9904
18068919859586 10552
18073919967091 10187
18078920097083 8320
18083920209778 9813
18088920324715 10190
18093920432197 10868
18098920537265 11380
18103920637239 10109
18108920734854 9029
18113920834181 9083
18118920951737 8590
18123921077942 9933
18128921209262 9975
18133921316198 9305
18138921412688 10702
18143921509263 10080
18148921604384 9079
18153921699678 9218
18158921792703 8006
18163921891298 8519
18168922000600 8314
18173922135141 9367
18178922270731 9887
18183922382358 9761
18188922490876 9904
18193922607620 10362
18198922716352 9899
18203922811814 8703
18208922906547 7895
18213923013959 9862
18218923109089 10154
18223923217609 9902
18228923325357 9888
18233923444564 10041
18238923565896 10146
18243923670461 9892
18248923775357 8817
18253923902143 7981
18258924028489 9750
18263924123632 9964
18268924230252 10022
18273924341454 10145
18278924445935 9954
18283924544643 9050
18288924633372 10992
18293924724671 6527
18298924831833 9714
18303924943966 10042
18308925056472 10013
18313925165107 10194
18318925259437 9603
18323925373510 8674
18328925464101 9293
18333925589940 8340
18338925689633 9903
18343925785403 6922
18348925890586 9560
18353925997263 10167
18358926090520 9895
18363926189895 10110
18368926303406 10057
18373926413374 7956
18378926515651 8842
18383926608809 10245
18388926715266 10478
18393926837659 9928
18398926948826 10483
18403927059997 9632
18408927162950 10533
18413927273633 10301
18418927377218 7990
18423927481917 10177
18428927592203 9920
18433927690019 10083
18438927820830 10117
18443927920647 9347
18448928030799 10406
18453928134635 9843
18458928243503 8089
18463928350438 9489
18468928482571 8849
18473928582556 9658
18478928695960 10213
18483928790472 8746
18488928896020 10098
18493928992098 9681
18498929084979 8623
18503929186130 8600
18508929280666 10054
18513929370825 8045
18518929463984 8929
18523929558804 9149
18528929695127 10004
18533929791507 10356
18538929909322 9745
18543929999936 10292
18548930094804 9960
18553930196423 9086
18558930314071 8113
18563930407348 9097
18568930512961 9368
18573930612521 9932
18578930724834 9911
18583930836740 10220
18588930935850 9887
18593931034045 9832
18598931142944 6641
18603931233930 9437
18608931338680 9974
18613931429232 9864
18618931513037 8672
18623931606713 10558
18628931707611 10252
18633931798043 8437
18638931938077 8326
18643932040976 9526
18648932134018 8622
18653932225167 10118
18658932318028 8836
18663932420288 8945
18668932509823 9489
18673932600505 9506
18678932689298 10485
18683932776955 10161
18688932871055 6541
18693932956097 9769
18698933052112 8994
18703933145555 9880
18708933238672 9960
18713933331989 8269
18718933420119 9564
18723933515729 9275
18728933626675 10193
18733933725459 7609
18738933826390 8598
18743933918945 10022
18748934009680 9921
18753934100382 10005
18758934194499 9948
18763934283967 8730
18768934372511 9009
18773934492923 8680
18778934583100 9737
18783934702249 7058
18788934815940 9599
18793934927938 10111
18798935029407 9831
18803935131792 9700
18808935234630 9583
18813935330293 8506
18818935476621 8107
18823935597913 10112
18828935719858 8802
18833935813815 10642
18838935907759 9382
18843936022311 10174
18848936121455 10546
18853936212314 8734
18858936301240 9202
18863936393107 9658
18868936486821 8895
18873936579539 9849
18878936836528 9282
18883936932335 9331
18888937026231 10748
18893937133909 9345
18898937237070 9038
18903937328854 9012
18908937423245 9245
18913937518278 9190
18918937618589 8900
18923937708668 8783
18928937801759 9535
18933937892088 9493
18938937982504 9544
18943938104158 10090
18948938197716 9429
18953938300307 8542
18958938398796 8469
18963938495338 7743
18968938599608 9289
18973938695177 9334
18978938804548 9811
18983938896534 9976
18988938987548 9534
18993939074790 10093
18998939167710 9624
19003939258345 7104
19008939375803 9968
19013939479837 9343
19018939578602 7249
19023939686706 9149
19028939822977 9777
19033939936048 9918
19038940019914 9671
19043940133520 9200
19048940243447 8039
19053940346827 9082
19058940468262 7384
19063940565151 9809
19068940660946 10057
19073940748941 8392
19078940878977 8615
19083940992234 9764
19088941088901 9846
19093941173335 9120
19098941261657 7561
19103941368978 8832
19108941462921 7900
19113941554232 8503
19118941648464 9217
19123941740980 9766
19128941834400 9312
19133941948454 10537
19138942040115 7858
19143942151626 8720
19148942249515 8923
19153942369248 7502
19158942481731 9760
19163942592455 9927
19168942684993 9808
19173942777051 7971
19178942866567 8304
19183942959473 9779
19188943077706 9486
19193943179520 9114
19198943268185 7455
19203943371792 8845
19208943499510 8671
19213943596870 9659
19218943688910 7610
19223943789522 11707
19228943886533 11179
19233943975631 10959
19238944083010 12585
19243944189660 11172
19248944279465 11664
19253944369676 11929
19258944457308 10978
19263944544226 9857
19268944649074 11292
19273944738532 11692
19278944826956 11741
19283944922402 11422
19288945015535 10189
19293945126972 11773
19298945218848 11654
19303945303552 11549
19308945393177 12445
19313945484540 12063
19318945568090 10182
19323945669969 10409
19328945792815 12408
19333945885587 11267
19338945975833 11432
19343946066037 12060
19348946153060 10726
19353946238269 9697
19358946336788 10658
19363946432770 11012
19368946538246 11292
19373946633522 10732
19378946721296 10855
19383946825960 10877
19388946931380 8918
19393947040345 10847
19398947151472 10800
19403947260538 10091
19408947358123 8651
19413947462008 9956
19418947573817 10126
19423947693290 7996
19428947803065 9156
19433947909591 7862
19438948022142 9700
19443948123762 10238
19448948230709 8538
19453948338802 9144
19458948446666 9322
19463948580291 8293
19468948700642 10135
19473948806547 7726
19478948915510 8408
19483949036584 7946
19488949145775 7394
19493949294890 9088
19498949410984 9438
19503949541776 9858
19508949649547 8330
19513949760217 9120
19518949861368 7939
19523949979677 10361
19528950086325 6285
19533950192735 9674
19538950287931 9809
19543950397818 9447
19548950502942 10165
19553950610797 8696
19558950701639 7499
19563950806019 9628
19568950899311 7918
19573950992208 8348
19578951082672 7764
19583951193310 9239
19588951301744 8133
19593951404985 9452
19598951497393 11308
19603951586201 12179
19608951678875 10730
19613951788709 10876
19618951882416 11659
19623951976999 10031
19628952088747 11644
19633952193013 11460
19638952291722 12139
19643952383524 9790
19648952500828 10175
19653952602864 11976
19658952695019 11758
19663952786635 11498
19668952888090 11227
19673952982018 9957
19678953071522 10487
19683953181897 11129
19688953274215 10943
19693953373024 11029
19698953465725 11539
19703953572526 12012
19708953670764 8744
19713953774873 11835
19718953881537 11343
19723953968230 12468
19728954054024 10995
19733954137818 9534
19738954243078 11518
19743954335876 11069
19748954426362 11356
19753954515803 11069
19758954613714 10355
19763954729394 10551
19768954828762 10473
19773954919580 10622
19778955006141 10999
19783955093382 10941
19788955188027 10574
19793955277826 10194
19798955392924 11103
19803955486296 8783
19808955576168 10622
19813955671264 10259
19818955764873 10382
19823955855993 10697
19828955948091 8255
19833956037599 8588
19838956160976 9863
19843956254239 9732
19848956360658 6837
19853956454028 9601
19858956553160 9915
19863956650946 9738
19868956759316 7333
19873956849982 9700
19878956963117 8494
19883957079223 9119
19888957198701 9427
19893957295975 7463
19898957387194 7431
19903957475350 9703
19908957594638 8725
19913957705933 9738
19918957793992 9237
19923957942303 9922
19928958033679 6978
19933958124595 8727
19938958226500 7984
19943958316252 6394
19948958422907 9275
19953958527214 8681
19958958622989 9281
19963958714233 9522
19968958803104 11884
19973958908368 10352
19978959016264 11371
19983959113049 10843
19988959216327 8556
19993959307016 11924
19998959410561 11571
20003959507975 11828
20008959601756 11886
20013959690145 9959
20018959782757 10085
20023959881283 10772
20028959984834 12383
20033960089292 11810
20038960194280 10763
20043960289921 10020
20048960410703 10833
20053960536232 11361
20058960649212 11942
20063960752698 11135
20068960875002 10704
20073960986812 10779
20078961096786 10433
20083961194623 11500
20088961301174 11262
20093961395900 11078
20098961496560 10872
20103961599333 10510
20108961691548 8375
20113961781037 12336
20118961882460 10786
20123961982799 12019
20128962075371 10011
20133962188101 10233
20138962287121 10625
20143962383872 11432
20148962510153 11547
20153962607245 11124
20158962703584 11347
20163962838530 10002
20168962924342 7846
20173963042972 10985
20178963135584 9877
20183963227404 10637
20188963345976 10304
20193963447631 11011
20198963551653 10637
20203963639428 8326
20208963724367 11289
20213963821410 10099
20218963929827 10752
20223964037669 10743
20228964130678 9294
20233964230957 8952
20238964314626 8041
20243964406549 9773
20248964498855 6247
20253964606917 9631
20258964699918 9339
20263964793763 9202
20268964915009 7338
20273965018160 8943
20278965114314 7893
20283965217311 7593
20288965308649 9047
20293965397768 9107
20298965512881 5688
20303965615847 11473
20308965724986 11870
20313965840459 11350
20318965934408 10447
20323966018084 11194
20328966146010 9746
20333966235281 10245
20338966321207 10797
20343966418176 11119
20348966516575 11254
20353966623506 10963
20358966708811 9951
20363966804037 9960
20368966900013 10542
20373967017472 11668
20378967125762 11896
20383967235473 11824
20388967342787 11186
20393967456593 8464
20398967564399 11023
20403967658154 11421
20408967772811 9519
20413967881520 11214
20418967987046 9834
20423968115352 10065
20428968220688 11291
20433968327772 11363
20438968440256 10256
20443968544613 11189
20448968652034 10221
20453968759636 9780
20458968864232 11816
20463968985591 11063
20468969095558 11115
20473969205998 10404
20478969362636 10774
20483969471713 8642
20488969567892 10460
20493969677134 11586
20498969776939 10822
20503969880654 11758
20508969985163 10385
20513970120729 9548
20518970225160 9062
20523970319238 10459
20528970420823 11276
20533970544259 10731
20538970651041 10188
20543970747151 10701
20548970851528 9243
20553970947711 8760
20558971068789 10094
20563971170914 9520
20568971264631 9774
20573971353753 9730
20578971464990 8040
20583971588656 9747
20588971684153 7248
20593971803964 9312
20598971900848 6265
20603972025616 8548
20608972130398 9656
20613972227326 11612
20618972337677 8394
20623972435948 10111
20628972542895 11022
20633972653617 10820
20638972747103 10710
20643972871068 11433
20648972970371 11224
20653973064852 10762
20658973176537 10176
20663973275836 9910
20668973375246 10054
20673973469913 11061
20678973557090 11067
20683973689502 10693
20688973783328 10237
20693973914978 10908
20698974005449 11442
20703974104730 10355
20708974202492 10247
20713974315220 9086
20718974405998 10898
20723974490878 9589
20728974575528 9966
20733974672349 11389
20738974764425 10599
20743974865890 11062
20748974973054 10682
20753975081129 10145
20758975182206 9753
20763975275598 10054
20768975362784 11320
20773975543987 10018
20778975635491 10944
20783975730133 11134
20788975815567 9322
20793975917955 9481
20798976029535 11034
20803976218806 10852
20808976327560 11313
20813976430014 10055
20818976530916 9970
20823976654996 8718
20828976747862 11392
20833976849890 10960
20838976940145 11271
20843977053831 9161
20848977145748 10753
20853977251849 9597
20858977363394 8406
20863977465443 7502
20868977586397 9459
20873977728361 9531
20878977852170 9056
20883977959965 8872
20888978061795 8619
20893978166553 10176
20898978262723 9021
20903978359655 9554
20908978474660 6289
20913978585784 9871
20918978712962 10866
20923978818231 11168
20928978919654 10689
20933979028314 9797
20938979186156 9840
20943979307745 11250
20948979431134 10817
20953979580284 11066
20958979682183 11063
20963979826024 10380
20968979923671 10237
20973980021507 9789
20978980141875 10000
20983980249403 10308
20988980345495 11156
20993980462363 10830
20998980568679 10728
21003980661342 9563
21008980760397 9835
21013980870030 10877
21018980963136 10616
21023981068383 11568
21028981167538 9935
21033981260704 9943
21038981351799 9416
21043981450396 9916
21048981543731 10829
21053981660727 10800
21058981766122 10109
21063981853940 11036
21068981942751 9561
21073982031292 9198
21078982132295 10835
21083982238073 10558
21088982335558 9556
21093982427843 10808
21098982534029 11535
21103982623628 8680
21108982718050 8662
21113982817076 10797
21118982926183 10751
21123983032653 10895
21128983185640 10486
21133983308232 10070
21138983409158 7603
21143983520884 8789
21148983677735 10711
21153983801758 10262
21158983912065 10668
21163984029474 11038
21168984155532 9954
21173984246877 8400
21178984367531 10380
21183984468143 10237
21188984581633 10102
21193984680037 10416
21198984779432 11033
21203984867688 9785
21208984972670 9382
21213985096948 10842
21218985199842 10987
21223985302174 9481
21228985405630 10136
21233985506547 10154
21238985601987 9923
21243985689682 9827
21248985776121 8391
21253985882484 10778
21258985966991 10411
21263986075292 9566
21268986169670 9619
21273986285793 10598
21278986380019 9566
21283986472814 8829
21288986571077 9277
21293986712077 9586
21298986819854 10558
21303986927294 10118
21308987025208 9414
21313987148157 9284
21318987258911 8741
21323987369499 8916
21328987483223 9390
21333987617588 9336
21338987749973 9620
21343987866619 8678
21348987961666 9556
21353988109164 9249
21358988276975 9090
21363988385708 10021
21368988481364 9157
21373988630282 9604
21378988727928 8806
21383988819347 8396
21388988935630 9201
21393989049913 9972
21398989177320 9899
21403989269800 9873
21408989386170 7468
21413989504746 8481
21418989624467 10050
21423989726267 10068
21428989826455 9250
21433989941027 9215
21438990028408 9602
21443990126430 9194
21448990220862 8247
21453990318088 8700
21458990427117 9743
21463990528751 9953
21468990623857 9021
21473990718961 9054
21478990817547 9614
21483990909032 9492
21488991015229 10049
21493991108300 8304
21498991203418 8302
21503991306911 9466
21508991411149 9004
21513991521100 9604
21518991625154 9783
21523991729572 8355
21528991827924 8530
21533991933204 9371
21538992052914 8388
21543992161552 8241
21548992261943 8785
21553992379699 9838
21558992484485 9636
21563992592075 8906
21568992702136 9054
21573992808395 9109
21578992906540 9045
21583993016190 8583
21588993126351 8682
21593993238368 9160
21598993343704 9177
21603993456743 9812
21608993577219 9980
21613993682936 6368
21618993788617 8211
21623993887576 8221
21628993996738 9172
21633994114238 9411
21638994220056 9138
21643994315560 8985
21648994412155 8612
21653994520234 9006
21658994611145 9979
21663994697731 9329
21668994805643 8170
21673994899874 8274
21678994988914 9315
21683995080833 9086
21688995196948 8528
21693995290012 8914
21698995390214 9476
21703995499360 9157
21708995603909 8869
21713995698103 9226
21718995806296 8107
21723995907176 9275
21728996019167 9696
21733996126431 9180
21738996226995 8628
21743996322693 8807
21748996427945 9336
21753996556304 9566
21758996651574 9869
21763996740424 7960
21768996858492 8068
21773996956983 9132
21778997094283 9115
21783997203702 9393
21788997301797 9384
21793997420076 7839
21798997561442 9558
21803997650940 9878
21808997744240 6182
21813997846017 9374
21818997958048 6772
21823998066646 8584
21828998176935 6505
21833998277879 8556
21838998371260 7431
21843998473315 8039
21848998572316 8659
21853998663665 7106
21858998778627 9019
21863998886666 6248
21868998995479 7514
21873999106946 7385
21878999198217 6785
21883999310257 8402
21888999410939 6966
21893999533897 8252
21898999629714 7742
21903999720399 7621
21908999810677 9083
21913999929791 6079
21919000031148 6918
21924000155955 7978
21929000302388 6224
21934000393046 7775
21939000509979 7654
21944000611948 8037
21949000731069 7070
21954000833334 7495
21959000929892 7600
21964001025571 9601
21969001133316 6244
21974001226301 9097
21979001333502 6571
21984001454214 5905
21989001551411 8017
21994001644782 6799
21999001740475 8518
22004001839440 6906
22009001968764 7347
22014002075406 7870
22019002173773 6937
22024002265026 8222
22029002365186 7850
22034002458807 8128
22039002558862 5696
22044002656250 6272
22049002771083 8877
22054002864716 7359
22059002955602 7947
22064003057050 8594
22069003183478 6705
22074003274091 7484
22079003377254 7753
22084003463786 7343
22089003554262 8507
22094003661357 5789
22099003781550 5836
22104003880136 7237
22109003980948 8138
22114004079347 6863
22119004167649 7412
22124004257540 7728
22129004348822 7073
22134004478812 5865
22139004593763 5768
22144004693603 7210
22149004787968 6901
22154004901712 7444
22159004986674 5855
22164005093087 5979
22169005184434 6733
22174005273508 8247
22179005361377 8215
22184005469452 6963
22189005561892 7914
22194005661076 7312
22199005756187 8170
22204005874478 7139
22209005965017 7322
22214006060316 7113
22219006154359 6457
22224006246155 8768
22229006337587 7060
22234006426345 8710
22239006516911 7661
22244006602980 7352
22249006687412 7806
22254006791217 7492
22259006895321 7029
22264007003053 8435
22269007088992 6057
22274007207331 6274
22279007343099 8697
22284007438079 7389
22289007545903 8154
22294007642435 8391
22299007747917 7112
22304007847074 8971
22309007963921 6202
22314008071872 9295
22319008181333 5764
22324008283948 6063
22329008380981 8499
22334008469477 6185
22339008556649 8922
22344008669008 7510
22349008790939 8117
22354008898821 7727
22359009012627 7597
22364009105334 8875
22369009193711 6191
22374009283621 6732
22379009392423 7647
22384009485765 7119
22389009577841 8729
22394009693680 5621
22399009786450 9005
22404009871062 6069
22409009957013 9308
22414010045012 7002
22419010139648 7724
22424010232336 7753
22429010323467 8214
22434010416355 6159
22439010509913 5903
22444010602642 8149
22449010720965 6979
22454010816344 8161
22459010909568 6701
22464010998146 7975
22469011123167 7349
22474011229256 9202
22479011355968 5818
22484011453753 8795
22489011580312 7183
22494011676362 5691
22499011777151 6820
22504011862733 7709
22509011959588 7675
22514012049611 7873
22519012142168 7418
22524012236475 7574
22529012350620 7048
22534012482001 8047
22539012583547 7458
22544012686435 8097
22549012806180 5935
22554012915168 5858
22559013077036 8908
22564013189801 6308
22569013284322 9425
22574013376832 6521
22579013524822 8754
22584013636006 5604
22589013735480 8740
22594013891348 5897
22599013992906 8540
22604014118437 7257
22609014251117 5720
22614014365947 5855
22619014469404 7966
22624014608676 7072
22629014736301 8643
22634014835898 7118
22639014951757 8207
22644015155827 6474
22649015263448 8020
22654015376749 7148
22659015491001 6494
22664015584653 9083
22669015691896 6986
22674015811229 6195
22679015915846 8101
22684016012454 8248
22689016119046 5962
22694016226271 5623
22699016338724 5817
22704016427584 6097
22709016544238 6085
22714016660998 8675
22719016759989 6948
22724016869940 5788
22729016958844 5703
22734017050906 5729
22739017175013 5717
22744017296757 5802
22749017391058 8542
22754017484373 6466
22759017598403 8909
22764017742475 5948
22769017840017 8214
22774017933345 7014
22779018048312 8241
22784018157550 7241
22789018300130 5896
22794018408205 8150
22799018534410 6961
22804018624586 8113
22809018734058 6949
22814018827308 8047
22819018921762 7011
22824019030117 7407
22829019133957 7550
22834019237598 8366
22839019362087 6892
22844019459460 5803
22849019552446 8221
22854019645542 6499
22859019735733 8009
22864019843811 6995
22869019933193 8668
22874020045918 6456
22879020137704 8245
22884020241733 6648
22889020338616 8922
22894020446653 6792
22899020551984 5865
22904020641996 7530
22909020736010 7459
22914020847580 6658
22919020961789 7957
22924021069300 7709
22929021164446 7583
22934021256370 7885
22939021376791 7606
22944021478101 7819
22949021577165 7389
22954021684557 7388
22959021784401 6592
22964021902353 6895
22969022005534 7500
22974022111508 7420
22979022215401 5580
22984022305056 9474
22989022394797 6158
22994022508473 8968
22999022618150 6468
23004022728004 8130
23009022843234 6446
23014023055550 5793
23019023178531 8056
23024023275066 7246
23029023382225 8738
23034023495911 6164
23039023602568 6928
23044023717825 7695
23049023808055 6537
23054023924494 8533
23059024034056 6758
23064024168512 8549
23069024290658 6061
23074024402811 5620
23079024500155 7372
23084024584875 7186
23089024678906 7950
23094024768624 7024
23099024862932 7428
23104024955008 7516
23109025076668 5720
23114025170133 9284
23119025284261 5716
23124025391615 9077
23129025513667 6397
23134025647948 5729
23139025754420 6810
23144025849901 7669
23149025979452 7003
23154026073992 8446
23159026164628 6638
23164026272449 7418
23169026399068 6879
23174026512445 6800
23179026621225 8022
23184026721285 6365
23189026826224 7904
23194026936707 6141
23199027029274 6042
23204027122962 6287
23209027212701 8273
23214027310882 6936
23219027404847 8464
23224027552287 6992
23229027671010 7845
23234027764440 8258
23239027863074 6362
23244027962678 6161
23249028052991 7732
23254028143025 8088
23259028267167 6058
23264028363632 5734
23269028469069 5832
23274028579982 5782
23279028680546 5630
23284028774767 6575
23289028869027 5602
23294028957240 6418
23299029047813 6484
23304029137261 6369
23309029229858 6380
23314029337138 5566
23319029435531 7613
23324029568413 7408
23329029672227 8027
23334029795199 7134
23339029900367 8182
23344030009480 6913
23349030102993 8921
23354030261246 6212
23359030368841 7628
23364030470054 6991
23369030602152 6491
23374030697500 7895
23379030797349 6365
23384030901870 6139
23389030996271 8089
23394031095354 6634
23399031197101 9095
23404031290435 5911
23409031380323 8403
23414031505621 6309
23419031627017 8440
23424031751148 6468
23429031848678 7281
23434031941109 7142
23439032030674 7046
23444032124241 6386
23449032215015 8149
23454032320737 7323
23459032419945 7958
23464032537552 6873
23469032626127 8358
23474032716313 6409
23479032806023 8753
23484032901790 5775
23489033013154 6416
23494033110032 7747
23499033209856 6350
23504033307517 7931
23509033442138 6761
23514033537647 7003
23519033636417 7475
23524033729533 8512
23529033818306 6621
23534033921568 6820
23539034019293 8482
23544034116421 6088
23549034248040 5738
23554034348848 7741
23559034477866 7006
23564034575455 7509
23569034687022 7460
23574034780660 6519
23579034872563 8476
23584034962456 5893
23589035066887 8152
23594035174127 6425
23599035272976 7778
23604035364462 7931
23609035456662 5628
23614035587169 5618
23619035683567 5818
23624035781435 8045
23629035891246 6659
23634035984536 6682
23639036093794 7821
23644036184200 6108
23649036274500 7777
23654036371006 7186
23659036467250 7053
23664036571654 7973
23669036661656 7216
23674036751870 5766
23679036858120 6015
23684036948179 7995
23689037030844 6454
23694037115444 8819
23699037211454 6898
23704037303951 8178
23709037410579 5556
23714037505447 8085
23719037646145 6567
23724037740628 7379
23729037851447 7624
23734037954736 5699
23739038065613 6305
23744038168462 7600
23749038304573 7478
23754038403647 6759
23759038508742 8159
23764038602890 6430
23769038717079 8740
23774038833035 5785
23779038923646 7318
23784039007741 8297
23789039110014 6221
23794039214711 5975
23799039327189 5700
23804039433497 5649
23809039526408 6520
23814039618617 8116
23819039722103 7037
23824039828419 6219
23829039917067 6715
23834040028169 8176
23839040121652 7284
23844040250193 5767
23849040341165 5614
23854040440636 5947
23859040529598 5799
23864040629493 5600
23869040739110 5891
23874040839802 5830
23879040981762 5460
23884041083863 6040
23889041202450 5734
23894041305514 6886
23899041405663 7109
23904041524013 7531
23909041625850 6924
23914041759356 6593
23919041870135 7358
23924041980012 6499
