1681512801759 5002
1686512992902 4674
1691513149181 4560
1696513259277 4500
1701513369885 4681
1706513474879 4483
1711513592762 4396
1716513719362 4335
1721513861437 4229
1726513994656 4268
1731514118553 4349
1736514229857 4246
1741514348307 4437
1746514462574 4191
1751514594667 4121
1756514707355 4141
1761514814970 4213
1766514921803 4167
1771515024458 4283
1776515139880 4128
1781515247317 4014
1786515355735 4075
1791515471633 4083
1796515587730 4072
1801515719970 4093
1806515862974 4072
1811515974131 4038
1816516092055 3965
1821516205623 4121
1826516318147 3512
1831516425138 2200
1836516563285 1188
1841516675788 797
1846516841653 1192
1851516965348 1484
1856517076644 3088
1861517185988 3577
1866517294456 3775
1871517402621 3981
1876517512039 3887
1881517618039 4053
1886517722397 3977
1891517826728 3941
1896517940399 4074
1901518046645 4090
1906518154045 3858
1911518280306 3930
1916518389599 3910
1921518505981 3996
1926518599946 3939
1931518708038 4008
1936518807295 3896
1941518953954 3955
1946519063042 3814
1951519177956 3840
1956519273772 3977
1961519388542 3788
1966519483291 3749
1971519616898 3918
1976519729139 3827
1981519838977 3950
1986519939258 3815
1991520038056 3868
1996520138078 3650
2001520243309 3781
2006520347667 3705
2011520456035 3194
2016520555087 1649
2021520651960 1370
2026520740853 1061
2031520834680 1126
2036520982134 1030
2041521122834 1299
2046521232854 1537
2051521343046 1570
2056521464398 1343
2061521575766 3678
2066521710155 3028
2071521820124 3732
2076521950365 3751
2081522063253 3802
2086522194822 3655
2091522311804 3828
2096522426755 3861
2101522557127 3837
2106522671857 3859
2111522810126 3823
2116522924810 3677
2121523078181 3784
2126523204001 3843
2131523337936 3882
2136523454401 3988
2141523606546 3779
2146523737771 3698
2151523854512 3781
2156523988315 3771
2161524144876 3858
2166524260834 3808
2171524391334 3904
2176524502698 3660
2181524625503 3711
2186524736109 3714
2191524851735 3674
2196524977967 3788
2201525093105 3840
2206525237075 3635
2211525345633 3692
2216525483324 3748
2221525590719 3762
2226525701769 3756
2231525829855 3847
2236525944276 3617
2241526052078 3817
2246526161025 3610
2251526269686 3745
2256526397954 3636
2261526507228 3798
2266526607901 3539
2271526706597 3787
2276526817175 3885
2281526924463 3742
2286527049401 3953
2291527154451 3829
2296527263540 3825
2301527363852 3998
2306527476088 3916
2311527588928 3901
2316527718736 4107
2321527842031 4054
2326527947272 3780
2331528066570 3980
2336528188196 3910
2341528315941 4141
2346528442478 3925
2351528578116 3900
2356528689545 3707
2361528795217 3995
2366528916027 4029
2371529028772 3989
2376529158023 4050
2381529276672 3901
2386529384906 3911
2391529492179 4022
2396529603871 4132
2401529700921 3963
2406529809118 3872
2411529903220 3889
2416530001065 3694
2421530097545 4011
2426530195161 4103
2431530290547 4031
2436530383662 3901
2441530482847 3999
2446530585794 3643
2451530691970 4207
2456530818754 4005
2461530932284 3965
2466531043892 3971
2471531187267 4032
2476531313840 3360
2481531418598 4166
2486531522099 4009
2491531634178 3915
2496531742903 4068
2501531887086 4011
2506532015757 3927
2511532122387 4064
2516532243436 4025
2521532349865 4112
2526532462528 4156
2531532595059 4056
2536532703692 3771
2541532827377 4160
2546532965286 4134
2551533100019 3947
2556533228588 4164
2561533338117 4093
2566533450389 3789
2571533565125 4385
2576533689962 4091
2581533794037 4014
2586533904495 4087
2591534011457 4088
2596534114181 3842
2601534226095 4049
2606534348408 4288
2611534443533 4125
2616534569866 3922
2621534675436 4049
2626534801081 3775
2631534922030 4066
2636535042081 4051
2641535147302 4097
2646535252378 3959
2651535364746 4025
2656535477487 3977
2661535586485 4149
2666535710825 3935
2671535817407 3905
2676535928593 3896
2681536038321 4035
2686536153456 3806
2691536257033 4042
2696536361912 4125
2701536467908 4014
2706536566142 3836
2711536692470 3983
2716536789611 3888
2721536899692 4089
2726536992967 4055
2731537110893 3957
2736537212081 4052
2741537306824 4033
2746537410377 3633
2751537514870 3989
2756537624916 3901
2761537720802 3922
2766537843596 3912
2771537944455 4063
2776538062829 3680
2781538183526 3944
2786538307130 3966
2791538444117 3942
2796538552875 4104
2801538675975 3953
2806538788077 3725
2811538921373 4226
2816539031532 3944
2821539173719 3895
2826539294628 4022
2831539402626 3918
2836539505387 3685
2841539615133 3977
2846539765150 4072
2851539875157 4131
2856540019290 3976
2861540126636 3986
2866540235362 3625
2871540348927 3970
2876540477752 4018
2881540587545 4066
2886540693655 4003
2891540803698 3978
2896540902081 3788
2901541031072 3985
2906541125684 3981
2911541255942 3997
2916541378489 4068
2921541488062 3881
2926541612109 3655
2931541715458 3971
2936541833202 4123
2941541955806 3895
2946542088910 3933
2951542228006 3893
2956542337637 3659
2961542438942 4090
2966542542555 3965
2971542646153 3839
2976542757767 3840
2981542868275 4210
2986543004666 3635
2991543134172 4108
2996543244720 4150
3001543380667 4006
3006543504625 3877
3011543614366 3905
3016543737411 3687
3021543856701 4089
3026543978210 4033
3031544101303 4086
3036544215419 3929
3041544328368 4078
3046544434303 3830
3051544539278 4418
3056544660043 4012
3061544768808 3903
3066544884804 3825
3071545015849 3837
3076545158804 3538
3081545289071 4055
3086545393349 3799
3091545502421 3976
3096545612761 3940
3101545746691 3864
3106545891663 3681
3111546036553 4065
3116546141580 4036
3121546251317 3832
3126546379688 3942
3131546490680 3831
3136546642832 3667
3141546769219 4146
3146546892988 3983
3151547031667 3861
3156547148589 3952
3161547255298 3805
3166547367810 3733
3171547478404 4141
3176547584434 3909
3181547706555 3927
3186547833579 3871
3191547953030 3928
3196548059888 3605
3201548169963 4233
3206548274805 3857
3211548383601 3782
3216548492499 4016
3221548599120 3856
3226548708496 3820
3231548815168 4022
3236548940884 3951
3241549053823 3838
3246549182008 3811
3251549296200 3983
3256549413827 3712
3261549544772 3921
3266549670740 3792
3271549783964 3882
3276549923221 3833
3281550038414 4067
3286550171725 3849
3291550277154 3828
3296550399093 3941
3301550540215 3816
3306550637090 3914
3311550767017 4232
3316550860225 3516
3321550968531 3898
3326551065731 3885
3331551177106 3840
3336551276168 4078
3341551370152 3987
3346551472332 3456
3351551583228 4004
3356551704640 3847
3361551805928 3970
3366551897992 4050
3371552014765 3841
3376552111967 3639
3381552212928 3768
3386552316819 3861
3391552420775 4049
3396552513874 4216
3401552605161 3948
3406552700588 3689
3411552822667 3896
3416552915218 4208
3421553037449 3786
3426553150288 3947
3431553242611 3980
3436553338223 3516
3441553438546 3962
3446553553964 4003
3451553653814 3768
3456553784680 3817
3461553883054 3824
3466553977985 3617
3471554074507 4048
3476554181181 3999
3481554280807 3891
3486554386435 3940
3491554483278 3945
3496554576927 3717
3501554713622 3796
3506554812331 3866
3511554911033 3784
3516555029165 3922
3521555133527 3943
3526555230642 3573
3531555338223 3826
3536555432462 3936
3541555540933 3858
3546555645193 3843
3551555742023 3730
3556555856381 3654
3561555951117 3674
3566556076245 4076
3571556178661 3935
3576556270862 3802
3581556358125 3804
3586556472421 3673
3591556591484 3908
3596556710762 3801
3601556804327 3839
3606556919138 3702
3611557015120 3838
3616557127989 3931
3621557233574 3683
3626557327116 3805
3631557421851 3700
3636557513286 3921
3641557632423 3998
3646557746412 3742
3651557858874 3533
3656557964301 3844
3661558081873 3965
3666558187288 3885
3671558295252 3662
3676558392793 3550
3681558501646 3581
3686558602315 4035
3691558703170 3711
3696558801548 3765
3701558922661 3792
3706559019130 3876
3711559110481 3673
3716559203322 3753
3721559295535 3709
3726559387964 3787
3731559492725 3973
3736559600936 3609
3741559704947 3430
3746559817228 3855
3751559911490 3838
3756560027561 3986
3761560130850 3751
3766560258524 3722
3771560357040 3461
3776560454113 3997
3781560556670 3693
3786560670313 3683
3791560780553 3755
3796560886893 3728
3801560983513 3640
3806561097173 3812
3811561210639 3854
3816561304004 3735
3821561392718 3977
3826561502450 3673
3831561611568 3435
3836561731084 3813
3841561828300 3997
3846561950256 3866
3851562052988 3757
3856562163821 3692
3861562285757 3516
3866562387226 3959
3871562485730 3795
3876562582903 3942
3881562685200 3757
3886562780125 4075
3891562875073 3755
3896562996133 3941
3901563103746 3774
3906563226152 3959
3911563327361 4000
3916563424923 3589
3921563518177 3400
3926563609321 4087
3931563706714 4134
3936563821143 3838
3941563928732 3680
3946564023898 3585
3951564120565 3711
3956564214461 3843
3961564319512 3682
3966564424173 3690
3971564519868 3849
3976564608982 3610
3981564700030 3302
3986564810805 3834
3991564904094 3944
3996564995126 3719
4001565093752 3752
4006565198414 3735
4011565300717 3560
4016565403746 3946
4021565498273 3776
4026565595090 3576
4031565695656 3790
4036565809676 3864
4041565904886 3488
4046565996987 3887
4051566095868 3728
4056566194228 3994
4061566294758 3731
4066566407715 3751
4071566528663 3415
4076566655533 3927
4081566784072 3908
4086566891057 3880
4091566992199 3727
4096567089501 3735
4101567211718 3676
4106567334823 3740
4111567448401 3737
4116567547459 3776
4121567658168 3967
4126567773341 3744
4131567870437 3309
4136567981288 3825
4141568110202 4025
4146568236702 3732
4151568343997 3786
4156568456287 3682
4161568586899 3555
4166568708159 3950
4171568807567 3845
4176568905604 3679
4181569008984 3831
4186569151813 3690
4191569280440 3411
4196569418541 3984
4201569522618 3878
4206569626569 3776
4211569740852 3606
4216569851483 3683
4221569951226 3429
4226570073643 3858
4231570195607 3688
4236570304342 3707
4241570418164 3839
4246570537907 3742
4251570677580 3362
4256570780548 3881
4261570873396 3989
4266570985734 3654
4271571093377 3787
4276571196946 3553
4281571322349 3795
4286571415298 3815
4291571507902 3787
4296571602948 3718
4301571696038 3869
4306571814295 3970
4311571932542 3316
4316572080334 3843
4321572174793 4095
4326572273650 3875
4331572382978 3798
4336572506580 3736
4341572651544 3721
4346572777715 4104
4351572909001 3722
4356573039234 3602
4361573187436 4125
4366573311920 3846
4371573416433 3237
4376573529910 3821
4381573635098 3972
4386573746452 3948
4391573857132 3628
4396573970640 3726
4401574093101 3599
4406574210334 3805
4411574337642 3617
4416574461129 3646
4421574574147 3790
4426574688375 3662
4431574809000 3325
4436574943683 3829
4441575061317 3829
4446575185889 3581
4451575302513 3592
4456575415262 3580
4461575521221 3504
4466575643076 3671
4471575763658 3536
4476575871674 3806
4481575987544 3727
4486576115990 3703
4491576224519 3261
4496576370715 3922
4501576487487 3692
4506576595138 3538
4511576707568 3510
4516576843093 3888
4521576965103 3340
4526577094348 3709
4531577222256 3612
4536577350222 3818
4541577457797 3542
4546577580830 3598
4551577680942 3439
4556577791105 3959
4561577926941 3576
4566578052817 3663
4571578161670 3705
4576578287913 3699
4581578407174 3304
4586578520637 3597
4591578661385 3857
4596578791449 3626
4601578925137 3543
4606579034579 3612
4611579159994 3626
4616579284746 3622
4621579399518 3567
4626579523624 3708
4631579640033 3699
4636579765326 3529
4641579883736 3175
4646580029109 4068
4651580143659 3438
4656580272763 3527
4661580382140 3621
4666580498638 3722
4671580619673 3192
4676580734471 3670
4681580867303 3851
4686580973124 3663
4691581103056 3785
4696581215147 3716
4701581325041 3573
4706581440644 3577
4711581548824 3667
4716582415646 3727
4721582533621 3683
4726582646498 3489
4731582766978 3246
4736582890326 3887
4741583009107 3673
4746583117214 3560
4751583222942 3873
4756583325064 3852
4761583422582 3158
4766583518327 3744
4771583613352 3818
4776583726885 3802
4781583855053 3597
4786583966887 3577
4791584091668 3447
4796584201567 3799
4801584318873 3573
4806584436690 3775
4811584542023 3845
4816584651588 3704
4821584798862 3280
4826584921477 3983
4831585023417 3793
4836585142048 3523
4841585261733 3606
4846585372882 3772
4851585484654 3497
4856585580984 3626
4861585724965 3559
4866585827331 3798
4871585925523 3539
4876586031336 3353
4881586148707 3246
4886586254013 3785
4891586358589 3590
4896586466373 3504
4901586590570 3929
4906586691544 3482
4911586805585 3232
4916586902352 3746
4921587002513 3679
4926587095958 3476
4931587210656 3616
4936587321255 3664
4941587423180 3114
4946587527038 3611
4951587628561 3800
4956587735007 3658
4961587860656 3561
4966587958245 3545
4971588051348 3420
4976588150594 3567
4981588262357 3684
4986588358161 3723
4991588459475 3455
4996588572318 3448
5001588683319 3462
5006588793419 3678
5011588903817 3616
5016589030004 3699
5021589136736 3690
5026589241521 3601
5031589341608 3163
5036589435607 3890
5041589539952 3422
5046589646527 3565
5051589780086 3689
5056589891445 3634
5061590020818 3108
5066590162980 3720
5071590283179 3723
5076590405169 3533
5081590518451 3515
5086590621122 3733
5091590743506 3247
5096590851624 3632
5101590951123 3789
5106591065930 3698
5111591180897 3462
5116591297076 3464
5121591418005 3525
5126591555350 3596
5131591675088 3514
5136591787991 3762
5141591892054 3631
5146592021426 3547
5151592126744 3255
5156592240889 3787
5161592340868 3739
5166592446077 3487
5171592556019 3820
5176592667715 3445
5181592788721 3190
5186592892940 3933
5191593024053 3514
5196593135593 3516
5201593240805 3699
5206593344499 3690
5211593449079 3010
5216593548423 3715
5221593681660 3692
5226593811850 3400
5231593920944 3670
5236594029332 3850
5241594142529 3291
5246594254770 3440
5251594364098 3989
5256594476559 3524
5261594572494 3735
5266594677374 3708
5271594793477 3281
5276594897232 3647
5281595009341 3759
5286595098934 3913
5291595209868 3436
5296595323238 3734
5301595421082 3612
5306595515278 3607
5311595629251 3593
5316595737767 4070
5321595849550 3665
5326595976539 3628
5331596105569 3498
5336596208246 3701
5341596306215 3527
5346596423017 3760
5351596531789 3486
5356596634016 3518
5361596734074 3493
5366596837471 3607
5371596950655 3551
5376597058914 3695
5381597178783 3619
5386597285631 3527
5391597398395 3456
5396597493050 3679
5401597610361 3575
5406597722992 3630
5411597835034 3792
5416597964969 3522
5421598087248 3430
5426598192646 3762
5431598293285 3431
5436598394674 3473
5441598516012 3803
5446598619158 3492
5451598765824 3290
5456598896323 3671
5461598999216 3576
5466599095432 3455
5471599196832 3694
5476599293947 3659
5481599432684 3500
5486599531459 3460
5491599632844 3674
5496599730560 3368
5501599833652 3745
5506599963037 3539
5511600104734 3481
5516600222907 3362
5521600334122 3691
5526600450092 3476
5531600551750 3577
5536600668124 3682
5541600792712 3495
5546600890426 3409
5551600987234 3820
5556601096069 3232
5561601195920 3576
5566601299138 3729
5571601404052 3476
5576601526664 3279
5581601645639 3877
5586601763244 3308
5591601878199 3585
5596601977848 3795
5601602095860 3591
5606602196961 3181
5611602301851 3886
5616602406120 3431
5621602508806 3343
5626602632505 3758
5631602743571 3433
5636602858505 3220
5641602978486 3824
5646603088022 3493
5651603183437 3388
5656603284151 3814
5661603392909 3253
5666603502691 3167
5671603601851 3791
5676603707544 3465
5681603811129 3587
5686603905684 3848
5691604015971 3383
5696604117939 3263
5701604223062 3933
5706604336979 3488
5711604450180 3469
5716604562254 3893
5721604689868 3344
5726604780195 3191
5731604867883 4037
5736604960971 3399
5741605059412 3474
5746605195296 3763
5751605293217 3327
5756605390959 3227
5761605503373 3917
5766605618831 3290
5771605721730 3465
5776605829811 3617
5781605945930 3302
5786606063171 3271
5791606195086 4066
5796606315369 3505
5801606414884 3649
5806606506909 3826
5811606605248 3412
5816606708700 3159
5821606817936 3968
5826606942028 3375
5831607053211 3418
5836607160257 3819
5841607295496 3453
5846607403075 3088
5851607498198 3936
5856607608387 3356
5861607712880 3519
5866607811953 3797
5871607909716 3309
5876608009918 3180
5881608142825 3768
5886608268552 3370
5891608368716 3542
5896608496019 3594
5901608599569 3346
5906608693578 3311
5911608794869 3723
5916608899393 3456
5921608997160 3651
5926609100833 3653
5931609215694 3496
5936609338158 3321
5941609461595 3584
5946609574389 3353
5951609687095 3781
5956609832881 3460
5961609959952 3461
5966610081859 3427
5971610205737 3455
5976610325995 3410
5981610443569 3624
5986610561063 3417
5991610681448 3626
5996610811606 3382
6001610940151 3497
6006611045132 3638
6011611171954 3519
6016611272118 3252
6021611377414 3718
6026611480612 3261
6031611587142 3422
6036611688892 3823
6041611798077 3310
6046611907278 3431
6051612054248 3835
6056612158923 3124
6061612283032 3594
6066612398651 3686
6071612499643 3382
6076612615611 3621
6081612715571 3449
6086612819744 3175
6091612924733 3804
6096613026858 3449
6101613133388 3343
6106613251507 3780
6111613355046 3344
6116613456799 3113
6121613554512 3864
6126613649784 3246
6131613745914 3633
6136613861417 3710
6141613972096 3327
6146614071686 3247
6151614174629 3690
6156614288656 3383
6161614390496 3674
6166614492362 3463
6171614589816 3322
6176614693511 3494
6181614815239 3583
6186614924146 3453
6191615020709 3792
6196615126309 3448
6201615238624 3523
6206615347823 3345
6211615449357 3400
6216615546869 3621
6221615671101 3555
6226615770552 3219
6231615876475 3746
6236615987009 3284
6241616129997 3561
6246616235284 3824
6251616338615 3224
6256616441764 3616
6261616534746 3806
6266616634644 3029
6271616769966 3640
6276616877636 3659
6281616978381 3547
6286617074755 3742
6291617171493 3451
6296617289444 3125
6301617404359 3929
6306617502357 3435
6311617615151 3488
6316617729093 3640
6321617853054 3361
6326617960227 3244
6331618082213 3650
6336618200188 3451
6341618294911 3678
6346618391142 3408
6351618497018 3412
6356618597388 3499
6361618699480 3411
6366618816129 3534
6371618927289 3550
6376619036436 3155
6381619143102 3763
6386619248999 3100
6391619355687 3551
6396619453007 3700
6401619552706 3381
6406619650528 3480
6411619769497 3604
6416619866999 3040
6421619966495 3842
6426620094427 3547
6431620210899 3393
6436620325055 3799
6441620445354 3254
6446620570393 3022
6451620673042 3778
6456620767868 3558
6461620859174 3450
6466620962073 3488
6471621081762 3363
6476621183432 3396
6481621301855 3669
6486621447171 3359
6491621550750 3717
6496621663957 3285
6501621762913 3602
6506621875113 3233
6511621981556 3665
6516622102000 3716
6521622236895 3524
6526622382645 3354
6531622545288 3751
6536622666184 3115
6541622792096 3679
6546622934951 3582
6551623088221 3457
6556623207269 3779
6561623322594 3286
6566623430643 3127
6571623533201 3770
6576623635611 3488
6581623750167 3529
6586623850321 3469
6591623975175 3351
6596624108082 3516
6601624232409 3594
6606624353288 3589
6611624515200 3593
6616624636210 3164
6621624751873 3648
6626624877701 3093
6631624988518 3560
6636625101382 3944
6641625222863 3332
6646625342594 3442
6651625466850 3599
6656625594751 3001
6661625704759 3891
6666625825796 3503
6671625958047 3448
6676626071504 3638
6681626179975 3380
6686626330527 3244
6691626461432 3700
6696626573974 3372
6701626694405 3788
6706626818398 3190
6711626959365 3649
6716627109081 3288
6721627218949 3371
6726627324790 3798
6731627428691 3402
6736627529335 3420
6741627644736 3706
6746627763270 2946
6751627873172 3960
6756627997555 3529
6761628118077 3360
6766628221871 3996
6771628322817 3316
6776628421979 3245
6781628528649 4057
6786628641831 3372
6791628751993 3580
6796628849355 3459
6801628957422 3372
6806629068710 3441
6811629197499 3444
6816629305864 3718
6821629406361 3502
6826629505440 3330
6831629600574 3864
6836629706614 2846
6841629813910 3695
6846629944520 3718
6851630049515 3320
6856630168818 3708
6861630274623 3424
6866630396528 3179
6871630488651 3703
6876630603303 3339
6881630706008 3630
6886630807751 3489
6891630911128 3453
6896631007433 3196
6901631121521 3357
6906631227225 3743
6911631354145 3499
6916631476450 3409
6921631576822 3572
6926631683976 2920
6931631785930 3793
6936631919953 3479
6941632057721 3356
6946632173660 3673
6951632271564 3260
6956632391751 3216
6961632494137 3703
6966632596487 3428
6971632700142 3926
6976632830493 3135
6981632949200 3652
6986633046648 3092
6991633147752 3543
6996633250708 3774
7001633357730 3196
7006633483714 3686
7011633618434 3528
7016633750685 2973
7021633859610 3875
7026633980510 3444
7031634099580 3601
7036634231334 3417
7041634379295 3348
7046634531737 3290
7051634686232 3475
7056634824941 3737
7061634956587 3339
7066635084972 3319
7071635228464 3704
7076635357859 2971
7081635467353 3696
7086635584864 3562
7091635699611 3201
7096635816993 3903
7101635953621 3271
7106636054504 3198
7111636174646 3562
7116636283691 3453
7121636397391 3561
7126636525592 3168
7131636661874 3441
7136636770664 3074
7141636886195 3363
7146636986952 3545
7151637084030 3260
7156637184741 3019
7161637277259 3202
7166637403767 2605
7171637506352 3300
7176637614147 3295
7181637713205 3225
7186637820398 3210
7191637989758 2449
7196638146007 2784
7201638272100 2331
7206638406956 3443
7211638567580 2591
7216638678280 2702
7221638793031 2673
7226638909421 1986
7231639032574 2150
7236639159314 3158
7241639290593 2332
7246639431177 2158
7251639547840 2245
7256639685649 1950
7261639807264 1281
7266639925132 2929
7271640043475 1641
7276640187894 2090
7281640299925 2231
7286640417407 1553
7291640544531 1310
7296640697068 2589
7301640815398 1476
7306640931058 1764
7311641074465 1227
7316641173721 1952
7321641269891 319
7326641362107 2628
7331641516300 1879
7336641653666 1233
7341641774220 1784
7346641872139 1517
7351641973519 428
7356642065974 2317
7361642158227 1145
7366642273525 1322
7371642385982 1288
7376642538869 1305
7381642679943 518
7386642806701 2417
7391642957651 1146
7396643097126 1417
7401643204679 1551
7406643337755 1141
7411643455006 711
7416643592829 1772
7421643700117 1052
7426643832900 1389
7431643967276 1148
7436644121296 1026
7441644222173 235
7446644362530 1527
7451644472031 1134
7456644616205 920
7461644755053 1149
7466644865632 1470
7471645006284 317
7476645115744 1801
7481645217042 795
7486645311008 1290
7491645421108 592
7496645517213 1471
7501645676288 249
7506645806556 1470
7511645934880 1165
7516646037540 547
7521646148411 1154
7526646307945 686
7531646406064 431
7536646531040 1515
7541646690293 866
7546646790033 785
7551646894624 1000
7556647035925 540
7561647176474 202
7566647301774 1498
7571647397174 736
7576647501155 1179
7581647592983 645
7586647732179 766
7591647871726 227
7596648015013 1701
7601648122064 976
7606648227523 874
7611648336386 913
7616648444246 873
7621648583930 301
7626648696499 1032
7631648822775 1247
7636648936404 740
7641649074920 1032
7646649194414 927
7651649324735 377
7656649446107 1262
7661649566653 588
7666649673209 964
7671649828299 773
7676649965607 848
7681650128406 509
7686650258458 1141
7691650362652 497
7696650497034 689
7701650606471 987
7706650732500 1052
7711650850407 157
7716650975360 1456
7721651085091 527
7726651203937 1026
7731651319706 795
7736651465652 928
7741651618947 321
7746651760365 1127
7751651915072 666
7756652041283 943
7761652149258 409
7766652249960 910
7771652361522 326
7776652482244 1314
7781652611298 719
7786652737209 1022
7791652847002 568
7796652995885 792
7801653146523 228
7806653287439 932
7811653416693 687
7816653556329 667
7821653659192 717
7826653759939 834
7831653945145 338
7836654076539 1090
7841654228460 539
7846654334210 771
7851654465202 569
7856654613543 1042
7861654770184 215
7866654919869 1534
7871655084478 1025
7876655193849 766
7881655341085 1099
7886655458669 1074
7891655574091 228
7896655716488 1374
7901655852432 609
7906655976426 1190
7911656122112 672
7916656226855 854
7921656384449 388
7926656514004 1591
7931656645603 648
7936656776532 1053
7941656915578 479
7946657020711 821
7951657122852 384
7956657226290 1162
7961657349885 1071
7966657476672 829
7971657609705 1144
7976657742485 1041
7981657904144 293
7986658024084 1506
7991658168860 1092
7996658276722 721
8001658411692 700
8006658553407 1285
8011658705922 183
8016658824928 1286
8021658981815 1062
8026659128179 833
8031659247461 1095
8036659379395 1180
8041659490422 480
8046659626981 956
8051659767152 1243
8056659888842 1074
8061660014220 1028
8066660177010 527
8071660349988 863
8076660458301 562
8081660574241 1333
8086660689973 1379
8091660821924 923
8096660930461 909
8101661070566 991
8106661174723 637
8111661269195 1082
8116661361921 1326
8121661467151 934
8126661561328 260
8131661696904 806
8136661795985 1694
8141661949268 713
8146662072256 585
8151662201760 1433
8156662361725 791
8161662517508 1194
8166662652827 1057
8171662793034 1350
8176662892953 377
8181663039431 1118
8186663165571 1117
8191663327972 1107
8196663468348 1326
8201663604681 1212
8206663735121 1204
8211663920020 755
8216664061198 1962
8221664220481 627
8226664374924 1245
8231664502329 1202
8236664609491 1389
8241664730022 1785
8246664845851 1949
8251664942889 665
8256665053206 2521
8261665180076 1026
8266665283735 1212
8271665445762 1740
8276665545731 1269
8281665659985 1443
8286665774630 2181
8291665864039 2658
8296665979454 1703
8301666093736 1800
8306666187907 1749
8311666283711 859
8316666393834 1716
8321666515067 2632
8326666669071 1504
8331666814611 2153
8336666947214 2056
8341667103867 1085
8346667213801 2343
8351667320823 2881
8356667451118 2278
8361667592642 1903
8366667733422 1962
8371667866795 1440
8376667962908 2125
8381668060785 3122
8386668169991 2192
8391668282763 2379
8396668396258 2514
8401668536430 1532
8406668651799 2850
8411668756880 3266
8416668862599 2671
8421669009679 2800
8426669115130 2713
8431669239775 1872
8436669382227 3060
8441669494315 3315
8446669609408 3582
8451669717677 2928
8456669827727 2332
8461669949174 2503
8466670047626 2710
8471670147063 3850
8476670251443 3507
8481670349655 3093
8486670447287 3184
8491670545863 2103
8496670650125 3880
8501670758199 3440
8506670883819 3108
8511671014795 2892
8516671110667 2612
8521671206919 2904
8526671335575 3163
8531671440610 2879
8536671540340 2825
8541671666657 3549
8546671809588 3041
8551671906029 1925
8556671997665 3882
8561672113124 3331
8566672229445 3315
8571672378471 2271
8576672478613 3508
8581672599572 2762
8586672702812 3400
8591672809678 3804
8596672910423 2923
8601673046871 3445
8606673162930 3077
8611673264695 2549
8616673373227 3494
8621673490440 3404
8626673609750 3464
8631673720791 2918
8636673849306 3501
8641673993146 2213
8646674098770 3482
8651674210675 3553
8656674330326 2954
8661674450749 3408
8666674579377 3014
8671674718565 2626
8676674823769 3179
8681674920563 3648
8686675026807 3080
8691675157431 3092
8696675280494 3279
8701675391993 2447
8706675492447 3475
8711675598632 3226
8716675711668 3190
8721675824567 3117
8726675974862 2756
8731676080706 2556
8736676175405 3276
8741676279634 3824
8746676378889 3111
8751676483525 3181
8756676582686 2972
8761676695471 2555
8766676791305 3421
8771676889783 3167
8776676993971 3266
8781677113042 2768
8786677237893 3192
8791677366367 2765
8796677476076 2405
8801677581415 3658
8806677716667 2706
8811677851308 3409
8816677954472 3135
8821678063859 2595
8826678178203 2828
8831678352517 3357
8836678477787 3008
8841678622852 3263
8846678741669 3297
8851678846323 2553
8856678971377 3174
8861679091637 3065
8866679206861 3361
8871679330968 2874
8876679474685 2318
