9232377831747 12291
9237378050482 6573
9242378146374 6986
9247378273133 9355
9252378376613 6569
9257378503521 4141
9262378625706 4853
9267378725458 6065
9272378825550 6199
9277378930414 2656
9282379021635 2391
9287379125741 6142
9292379225861 11021
9297379324200 10064
9302379440150 10956
9307379563529 9586
9312379670325 8365
9317379774845 7180
9322379875257 3742
9327380010319 6243
9332380118524 1221
9337380202508 3571
9342380291487 3347
9347380385078 8033
9352380479301 7309
9357380575182 9380
9362380665168 6042
9367380759369 10294
9372380854757 9529
9377380946137 9904
9382381042345 6280
9387381153476 6368
9392381253259 6151
9397381370434 2598
9402381484972 6368
9407381584501 1679
9412381681366 4849
9417381786695 6241
9422381927735 9497
9427382027456 9775
9432382129562 10093
9437382237037 9184
9442382345811 10566
9447382470008 6308
9452382596173 6442
9457382692936 2921
9462382801744 5936
9467382917778 1151
9472383014352 6700
9477383147416 8700
9482383291906 10008
9487383400365 9834
9492383495210 8175
9497383592788 10621
9502383697181 6704
9507383798395 6663
9512383913868 6095
9517384017368 6294
9522384116985 4512
9527384213705 4273
9532384315227 5305
9537384436610 8342
9542384548231 10659
9547384648765 11621
9552384753034 10063
9557384856910 9665
9562384958779 8542
9567385058639 6232
9572385164895 4033
9577385268698 4761
9582385381349 5165
9587385487958 5949
9592385585580 8523
9597385710021 10084
9602385821399 10844
9607385928980 10349
9612386037516 10222
9617386143952 6470
9622386237948 7260
9627386337301 5112
9632386435107 6266
9637386544816 1669
9642386650613 10396
9647386761086 10038
9652386879781 11134
9657386983120 8478
9662387087231 7657
9667387192815 10811
9672387298183 10922
9677387414322 11214
9682387520691 8395
9687387628053 11036
9692387732204 9554
9697387841640 9735
9702387949952 6573
9707388050006 9396
9712388198580 9767
9717388299988 10129
9722388394943 9283
9727388494415 10638
9732388591534 8934
9737388721607 7288
9742388821416 8705
9747388923852 7491
9752389031992 7193
9757389146217 7313
9762389278823 7945
9767389384067 6190
9772389522455 6300
9777389663284 6209
9782389791952 6369
9787389934121 5944
9792390036969 6277
9797390143490 5939
9802390246551 6341
9807390381551 6407
9812390481960 6054
9817390611175 6444
9822390716557 4958
9827390830746 4170
9832390949495 5529
9837391070401 6307
9842391177689 5577
9847391291858 3011
9852391411713 5815
9857391517715 6259
9862391623787 4618
9867391726646 3785
9872391825467 5793
9877391921465 5104
9882392048308 3564
9887392150882 6154
9892392260674 3313
9897392406285 5122
9902392535706 6141
9907392662868 2028
9912392781478 6290
9917392871566 2663
9922392991905 4788
9927393088853 5979
9932393192638 5802
9937393298861 4349
9942393389524 5235
9947393494403 4276
9952393583107 7452
9957393668296 6199
9962393766621 7677
9967393885155 6448
9972394004072 5687
9977394097880 6432
9982394215933 7171
9987394327781 7835
9992394423000 8784
9997394524709 9103
10002394623674 5757
10007394743043 7787
10012394847415 5628
10017394987031 9362
10022395093309 6987
10027395230144 8187
10032395344635 9069
10037395465270 7484
10042395577940 9147
10047395668069 8525
10052395762451 7152
10057395863258 7376
10062395972274 7842
10067396096647 6236
10072396205530 9269
10077396316906 8761
10082396428759 7346
10087396537910 8407
10092396646945 8749
10097396756203 7627
10102396851402 9937
10107396942934 6084
10112397034578 6590
10117397129503 7848
10122397261143 7531
10127397365966 9704
10132397482369 8449
10137397581781 7509
10142397682970 7754
10147397781219 8496
10152397881894 8156
10157397973893 8775
10162398063767 5945
10167398179915 9222
10172398280867 6696
10177398378683 9204
10182398497525 7697
10187398606253 7501
10192398707849 9496
10197398808035 6383
10202398910856 8990
10207399027452 8347
10212399143687 7358
10217399243942 6293
10222399344146 8964
10227399449233 7016
10232399569390 6325
10237399663148 8269
10242399782206 9340
10247399893066 7728
10252400034722 9824
10257400165384 7732
10262400306172 7560
10267400462170 8121
10272400569959 6947
10277400679906 7823
10282400792298 6731
10287400902933 9219
10292401012567 8006
10297401099304 6549
10302401203510 5882
10307401299314 7700
10312401412822 8281
10317401518339 6235
10322401616741 7382
10327401715517 4929
10332401821156 9920
10337401926400 4246
10342402018907 5328
10347402112478 6545
10352402209162 5757
10357402330068 5639
10362402449497 6203
10367402581849 5979
10372402660645 6000
10377402769156 6225
10382402873063 5849
10387402972487 3206
10392403090886 5275
10397403213126 6278
10402403313863 4927
10407403434659 3346
10412403543681 5761
10417403637363 6254
10422403742990 4787
10427403843706 4128
10432403955088 5733
10437404021561 5809
10442404118726 2460
10447404235542 6112
10452404330407 5156
10457404419737 3516
10462404518393 6221
10467404625027 3843
10472404715310 4856
10477404800563 5961
10482404920687 2297
10487405018982 5837
10492405128905 2181
10497405220598 5887
10502405311431 2985
10507405414321 4589
10512405507153 5770
10517405597458 2674
10522405706850 5034
10527405826182 5884
10532405926842 5665
10537406037742 4253
10542406132311 7480
10547406220085 5550
10552406322593 6293
10557406408975 5744
10562406486426 6274
10567406575062 6360
10572406672032 8246
10577406780891 6525
10582406873857 9873
10587406965561 7672
10592407034893 7885
10597407147857 7895
10602407247288 7100
10607407333209 6449
10612407424089 6357
10617407516870 8883
10622407608304 7621
10627407727039 8737
10632407814363 7750
10637407901864 8930
10642407996044 7209
10647408100909 8743
10652408189630 6746
10657408285675 6176
10662408392658 8977
10667408489683 7079
10672408584301 8669
10677408697422 7899
10682408792650 9703
10687408894251 7161
10692409036771 9695
10697409143674 7684
10702409262089 7507
10707409359077 6342
10712409459410 7984
10717409562175 8763
10722409660496 7823
10727409755396 8987
10732409898336 6367
10737410002548 9127
10742410103809 6489
10747410203205 8649
10752410294884 10037
10757410395497 6332
10762410543175 6111
10767410645466 5660
10772410747281 9471
10777410854056 7058
10782410959414 8449
10787411064804 7574
10792411174094 7253
10797411263055 8701
10802411379258 6684
10807411473234 9724
10812411565271 5946
10817411664002 7836
10822411816737 7459
10827411915305 9268
10832412035019 6606
10837412151288 9242
10842412257852 8172
10847412364421 7240
10852412466589 8550
10857412571596 6585
10862412679045 8933
10867412792478 6278
10872412897438 8205
10877412996912 7109
10882413135709 8541
10887413250648 8991
10892413363253 7481
10897413468783 9075
10902413577249 6469
10907413666555 9520
10912413754432 7374
10917413855484 8472
10922413974375 5902
10927414090795 6287
10932414184509 7564
10937414273901 6391
10942414370300 7951
10947414471264 5779
10952414572493 7144
10957414667464 5117
10962414787235 6385
10967414890678 5828
10972415011150 5723
10977415143824 6330
10982415263093 5842
10987415381866 6368
10992415495702 4736
10997415600497 5922
11002415699662 5130
11007415794171 4665
11012415926495 5884
11017416020045 3593
11022416121066 4573
11027416254069 6026
11032416360739 6221
11037416460207 2772
11042416557765 5454
11047416682618 5656
11052416781165 4526
11057416910873 3818
11062417013677 5635
11067417135299 2473
11072417262821 6053
11077417363345 6179
11082417463698 2388
11087417563738 5969
11092417666137 1917
11097417770415 6135
11102417871478 4774
11107418005115 3161
11112418130306 6121
11117418223533 1759
11122418334821 5986
11127418447981 3933
11132418540707 3930
11137418629249 5528
11142418731769 4351
11147418843738 3160
11152418936056 5801
11157419043749 5993
11162419134480 5858
11167419225028 6992
11172419319992 5365
11177419409737 7887
11182419520523 5353
11187419623522 7714
11192419737599 5626
11197419835096 6113
11202419957460 5671
11207420078851 5922
11212420180376 8396
11217420301081 6963
11222420402749 9109
11227420509367 6759
11232420618573 8922
11237420714047 6767
11242420799991 8539
11247420889901 7608
11252420989517 7724
11257421079238 5572
11262421168381 6887
11267421264405 8128
11272421358413 7109
11277421455126 7833
11282421545154 7957
11287421634011 8147
11292421725896 8639
11297421830241 8923
11302421947100 6452
11307422012217 7860
11312422098981 7649
11317422208627 5691
11322422300055 9436
11327422386861 7476
11332422497920 8331
11337422588160 8228
11342422683539 8060
11347422781090 8037
11352422890723 5948
11357423006219 9511
11362423105089 5717
11367423209720 6523
11372423314470 7726
11377423409417 8598
11382423513944 7516
11387423615294 9148
11392423713869 6503
11397423823573 6548
11402423948050 8724
11407424054327 7726
11412424174083 7851
11417424300258 7826
11422424417275 7050
11427424515582 5491
11432424615538 8052
11437424715231 7586
11442424801114 7429
11447424898211 8411
11452425005114 7303
11457425094426 7667
11462425186136 7572
11467425279858 7771
11472425373117 7005
11477425459884 6612
11482425551361 7303
11487425642786 6005
11492425763617 9336
11497425883201 7122
11502425990263 8767
11507426106847 7089
11512426198017 7476
11517426288142 6436
11522426369521 8199
11527426462737 7609
11532426561964 5103
11537426644707 7569
11542426740519 5556
11547426825074 8269
11552426919950 7814
11557427015000 9129
11562427127213 6824
11567427222879 7479
11572427330321 8410
11577427431511 6196
11582427537252 8114
11587427648412 6248
11592427764971 6438
11597427884452 7342
11602427990525 6087
11607428143067 6074
11612428273733 6002
11617428379729 6374
11622428479803 6013
11627428579767 6305
11632428671075 5823
11637428773483 6386
11642428882874 6037
11647429005113 4532
11652429103333 5762
11657429211125 3939
11662429299030 6194
11667429399261 5848
11672429493350 5167
11677429618983 3657
11682429725542 5952
11687429814105 6234
11692429901477 2471
11697429989119 5560
11702430097563 5805
11707430195762 5448
11712430293188 2629
11717430428900 6156
11722430566212 1881
11727430693449 6062
11732430786801 6036
11737430873526 2091
11742430971799 5908
11747431073839 1497
11752431152570 5929
11757431264981 2203
11762431386727 5082
11767431489537 5701
11772431607914 5959
11777431718988 3676
11782431817590 3969
11787431920525 8264
11792432036882 4454
11797432147393 6659
11802432255908 6189
11807432360700 6700
11812432450589 5864
11817432563865 5825
11822432660983 6224
11827432762718 7349
11832432858893 9168
11837432954513 7250
11842433045082 8561
11847433131979 6344
11852433243537 6277
11857433355846 7380
11862433451899 7361
11867433578970 6800
11872433675972 7611
11877433769370 9157
11882433868086 6336
11887433957889 8887
11892434060647 6224
11897434158566 9912
11902434276601 5942
11907434364153 8389
11912434494739 7047
11917434583875 6727
11922434708307 8127
11927434823648 7699
11932434934698 7748
11937435059351 7587
11942435171946 8165
11947435266415 7337
11952435375975 6739
11957435483848 7853
11962435595879 7475
11967435700590 8459
11972435804720 6652
11977435904203 7980
11982436014697 6157
11987436097903 7451
11992436224859 8281
11997436320097 6163
12002436423811 7995
12007436552007 6851
12012436657413 8369
12017436770812 7675
12022436871677 6038
12027436978859 8109
12032437071253 6573
12037437164397 8937
12042437270015 6168
12047437374759 7714
12052437497072 7339
12057437591442 7627
12062437684487 7405
12067437797011 6181
12072437885920 8235
12077438013230 6934
12082438110241 7826
12087438195912 7368
12092438284062 8972
12097438372155 6092
12102438498833 8578
12107438612894 6413
12112438715229 5971
12117438811741 9038
12122438909470 7468
12127439024538 8172
12132439138761 5884
12137439230343 5929
12142439324475 7553
12147439421673 7043
12152439530068 8023
12157439645907 6851
12162439753197 8202
12167439879198 6989
12172439977754 8198
12177440111749 6884
12182440200965 7998
12187440306304 7025
12192440407012 5590
12197440528353 6752
12202440638561 7510
12207440751146 8409
12212440856656 6866
12217440975066 7857
12222441045768 5905
12227441146873 5836
12232441239959 7712
12237441345323 5761
12242441434373 8385
12247441556855 6306
12252441648877 6197
12257441753573 6120
12262441833470 5347
12267441948872 6904
12272442041325 3920
12277442147111 5873
12282442242760 5318
12287442339111 5341
12292442431355 5490
12297442520644 5956
12302442607983 5962
12307442692238 1937
12312442818410 6158
12317442931264 8100
12322443020119 6796
12327443141714 6147
12332443266484 5820
12337443375209 5600
12342443472763 6025
12347443576539 6694
12352443698964 7609
12357443814194 6482
12362443908619 6465
12367444045130 5645
12372444144629 7367
12377444251863 7811
12382444344652 7592
12387444453897 7648
12392444547222 8053
12397444633050 6711
12402444743570 6121
12407444848604 7440
12412444982008 7821
12417445091302 7882
12422445200053 6944
12427445338191 9606
12432445457537 5836
12437445582428 9410
12442445670930 5309
12447445769199 9647
12452445861653 5884
12457445945040 5590
12462446033838 8714
12467446152615 6462
12472446253917 7505
12477446351224 7133
12482446502425 7664
12487446592692 7166
12492446667975 7464
12497446797186 8442
12502446884332 6496
12507446974962 8396
12512447070117 5718
12517447158163 8506
12522447278444 6598
12527447370529 9018
12532447476280 6847
12537447574297 8087
12542447669696 7482
12547447755411 7661
12552447840226 7858
12557447933601 7749
12562448017412 6324
12567448098910 5610
12572448190402 6550
12577448282006 8293
12582448377676 7396
12587448500158 8220
12592448591961 6765
12597448707088 8257
12602448809430 7791
12607448900914 7168
12612448994903 7470
12617449092611 6895
12622449211468 6508
12627449310044 5876
12632449404114 8956
12637449502271 6719
12642449593026 7326
12647449697823 7186
12652449817984 6806
12657449907863 8049
12662450006649 7507
12667450111800 7623
12672450203735 8571
12677450291947 5674
12682450401711 6918
12687450489026 5284
12692450574303 7784
12697450661170 6880
12702450746024 8649
12707450836757 6586
12712450943107 6736
12717451060437 7970
12722451171800 5447
12727451254879 8944
12732451357572 6083
12737451460361 6342
12742451551970 5706
12747451644495 6618
12752451745062 8157
12757451835801 6557
12762451922490 8966
12767452044102 6026
12772452129895 9265
12777452219068 5344
12782452338591 9006
12787452446415 6299
12792452542182 9092
12797452650823 6518
12802452744549 5543
12807452862566 6153
12812452963679 7089
12817453068844 6887
12822453157377 7545
12827453271214 5843
