1770391826622 4941
1775391988797 4588
1780392137131 4590
1785392247877 4577
1790392364832 4391
1795392484307 4345
1800392605784 4009
1805392714078 4358
1810392845276 4272
1815392962578 4195
1820393112050 4254
1825393232894 4227
1830393348800 4112
1835393467736 4292
1840393572444 4255
1845393682683 4148
1850393798397 4170
1855393930294 4191
1860394037273 4105
1865394138075 4192
1870394238447 4104
1875394358035 4099
1880394482794 4108
1885394596581 4148
1890394705939 4070
1895394809359 4051
1900394893558 4119
1905394979092 3981
1910395086892 4003
1915395197879 3937
1920395307364 2342
1925395437685 1420
1930395570762 809
1935395705714 1185
1940395844872 1214
1945395987410 2857
1950396150772 3062
1955396254961 3996
1960396359141 4114
1965396472950 3961
1970396609536 3998
1975396734347 3984
1980396852452 3962
1985396952465 4079
1990397050373 4155
1995397165610 4046
2000397259769 4141
2005397364564 4119
2010397461234 4107
2015397553158 4359
2020397646423 4119
2025397748424 4229
2030397861484 4146
2035397970835 4110
2040398081264 4027
2045398190643 4239
2050398287113 4093
2055398382910 4068
2060398488593 4100
2065398598808 4171
2070398693807 4025
2075398818891 4134
2080398915536 4067
2085399006866 4134
2090399130336 3792
2095399256600 2953
2100399354359 1277
2105399481442 1861
2110399582350 1234
2115399691541 1173
2120399811723 938
2125399938715 1471
2130400071067 815
2135400192494 2407
2140400333608 2198
2145400449756 3100
2150400570935 4315
2155400676154 4108
2160400787939 4005
2165400895975 4288
2170401007755 4194
2175401112811 4179
2180401213610 4405
2185401316398 4203
2190401435500 4187
2195401549779 4309
2200401652630 4342
2205401756933 4273
2210401867515 4331
2215401974960 4302
2220402069066 4139
2225402168443 4274
2230402278403 4265
2235402382283 4311
2240402479624 4414
2245402571784 4155
2250402673548 3989
2255402770784 4225
2260402865099 4158
2265402957747 4179
2270403053626 4112
2275403143405 4156
2280403250518 4141
2285403343896 4134
2290403434107 4147
2295403535026 4230
2300403642491 4073
2305403742655 4135
2310403834868 3911
2315403928557 4123
2320404028034 4112
2325404141472 4101
2330404232994 4046
2335404330299 4005
2340404418047 3892
2345404504896 4363
2350404591554 4120
2355404707406 4134
2360404823111 4087
2365404940587 4138
2370405036753 3898
2375405131260 4318
2380405224136 4168
2385405348347 4041
2390405438103 4140
2395405546215 4124
2400405637511 4005
2405405755529 4184
2410405849569 4157
2415405988284 4068
2420406092048 4143
2425406180886 4179
2430406272600 3840
2435406366524 4151
2440406463618 4114
2445406560758 4116
2450406656230 4168
2455406761087 4129
2460406850671 3894
2465406953418 4190
2470407043130 4106
2475407135521 3997
2480407237008 4200
2485407353775 4027
2490407453138 3948
2495407548681 4086
2500407663179 4174
2505407754550 4278
2510407864777 4105
2515407968236 4158
2520408067299 3897
2525408161479 4148
2530408261171 4176
2535408368407 4127
2540408475421 4105
2545408566445 4059
2550408673102 3790
2555408767269 4152
2560408857767 4282
2565408951869 4124
2570409040815 4218
2575409131601 3998
2580409226061 3811
2585409318913 4421
2590409411913 4149
2595409518438 4137
2600409648652 4128
2605409773357 4224
2610409899456 3961
2615409996199 4300
2620410118382 4430
2625410215003 4091
2630410348085 4142
2635410455603 4187
2640410580412 3836
2645410677479 4221
2650410766696 4165
2655410892690 4337
2660411012287 4114
2665411100797 4119
2670411198177 4032
2675411295767 4455
2680411402160 4067
2685411494691 4145
2690411604003 4071
2695411695810 4060
2700411786312 3776
2705411876611 4162
2710411971650 4169
2715412063568 4146
2720412166940 4095
2725412269386 4144
2730412381261 3836
2735412488017 4273
2740412596656 4141
2745412692658 4032
2750412796293 3993
2755412893451 4140
2760412974686 3859
2765413074514 4202
2770413166891 4087
2775413289545 3994
2780413384987 4091
2785413476853 4056
2790413585374 3947
2795413676346 4106
2800413773924 4092
2805413872977 4149
2810413970500 4011
2815414063278 4125
2820414153427 3814
2825414272340 4052
2830414381141 3938
2835414483915 3954
2840414579935 4036
2845414681044 4093
2850414770520 3769
2855414855993 4056
2860414958378 4055
2865415064106 4121
2870415163327 4169
2875415252630 3945
2880415335362 3987
2885415426338 4004
2890415519616 4078
2895415609047 3974
2900415711288 4021
2905415819273 4000
2910415921374 3861
2915416039379 3945
2920416125791 4194
2925416238331 4164
2930416330939 4036
2935416437717 3949
2940416554583 3885
2945416645596 3865
2950416750230 4195
2955416854289 4032
2960416973027 4023
2965417094407 4020
2970417263789 3889
2975417383943 3966
2980417472746 4233
2985417594682 3977
2990417690489 3958
2995417792302 4057
3000417916720 3924
3005418018351 3935
3010418157585 3977
3015418259289 4110
3020418350571 3984
3025418437612 4123
3030418536514 4225
3035418692714 3959
3040418796777 4178
3045418902103 4156
3050419038886 4071
3055419161738 4033
3060419292635 4155
3065419427392 3898
3070419540879 4203
3075419655228 4176
3080419753535 4034
3085419860134 3949
3090419988456 4108
3095420098938 4136
3100420192233 4151
3105420295157 3957
3110420391322 3961
3115420511795 3919
3120420650150 3960
3125420751072 3768
3130420842282 4152
3135420934640 3808
3140421034802 3987
3145421126303 4055
3150421221413 3970
3155421323147 3717
3160421415313 4191
3165421505594 3986
3170421620966 4032
3175421718994 3875
3180421809756 4003
3185421898300 3683
3190421986857 4063
3195422084332 3992
3200422188612 4034
3205422288189 3966
3210422393968 3944
3215422487477 3907
3220422576445 4102
3225422675669 3975
3230422776399 3889
3235422868847 3964
3240422960367 4099
3245423054011 3792
3250423148625 4148
3255423242172 3900
3260423351042 3902
3265423460419 3878
3270423572554 3970
3275423692560 3752
3280423821033 4184
3285423915736 3971
3290424011339 3968
3295424120104 4007
3300424228095 3947
3305424333294 3723
3310424426312 4070
3315424522008 3911
3320424643715 3906
3325424743295 4084
3330424854377 3907
3335424951557 3757
3340425057011 4056
3345425189489 3981
3350425285843 4052
3355425399422 3790
3360425498353 3956
3365425584583 3846
3370425690022 4079
3375425780300 4006
3380425880296 4005
3385425976036 3966
3390426071099 4019
3395426168588 3818
3400426259801 4064
3405426353092 4009
3410426444237 3942
3415426535490 3948
3420426627373 3924
3425426755835 3794
3430426869181 4009
3435426999407 3947
3440427108232 3947
3445427215659 3943
3450427316387 4040
3455427433631 3708
3460427536405 4083
3465427642331 4041
3470427770238 4060
3475427872429 3984
3480427964091 4141
3485428075216 3690
3490428178047 4089
3495428282787 3997
3500428375099 3929
3505428473684 4162
3510428561891 4112
3515428673228 3669
3520428766929 4175
3525428872191 4169
3530428966426 4044
3535429063139 4023
3540429173551 3962
3545429321872 3757
3550429417320 3986
3555429513655 3949
3560429608038 4086
3565429696395 4056
3570429792694 3943
3575429880348 3695
3580429996069 4056
3585430091684 3906
3590430183837 4245
3595430311442 3924
3600430426506 3889
3605430547552 3828
3610430637137 3949
3615430726381 4273
3620430833769 3825
3625430927417 3889
3630431024987 3882
3635431124358 3695
3640431214385 4141
3645431306012 3948
3650431414143 3831
3655431505883 3931
3660431613864 3833
3665431715096 3708
3670431802201 4225
3675431891155 3760
3680432019159 3901
3685432125542 3960
3690432218909 4092
3695432323376 3700
3700432445892 4098
3705432546354 3917
3710432636400 3922
3715432755587 4119
3720432860237 3902
3725432968650 3879
3730433101009 4020
3735433215028 3878
3740433320317 4079
3745433460560 3934
3750433568524 3930
3755433681969 3730
3760433819580 4032
3765433924574 4093
3770434033236 3884
3775434129999 3819
3780434224915 4044
3785434346048 3809
3790434445570 4000
3795434540415 3931
3800434633099 4034
3805434760495 3978
3810434892082 4193
3815435007344 3634
3820435125710 3976
3825435236838 3851
3830435333752 4007
3835435430450 4222
3840435551305 3899
3845435680289 3569
3850435790771 3962
3855435885929 4201
3860435980066 3979
3865436117587 4037
3870436217936 3944
3875436308093 3496
3880436395374 4237
3885436500206 4030
3890436600491 3882
3895436690796 4027
3900436780685 4005
3905436879866 3579
3910436990542 4072
3915437099337 3993
3920437204010 4020
3925437339563 4176
3930437438822 4137
3935437545175 3635
3940437652575 4172
3945437760276 3996
3950437856218 4302
3955437949229 4092
3960438082643 3815
3965438208597 3701
3970438313813 3956
3975438432670 4141
3980438545578 4047
3985438670133 3852
3990438795962 3902
3995438900673 3657
4000438997508 4125
4005439120376 3918
4010439230939 3771
4015439359097 3882
4020439501751 3803
4025439642836 3561
4030439749954 3990
4035439874306 3895
4040439980104 3955
4045440097037 4034
4050440208342 3788
4055440319113 3546
4060440412758 4002
4065440529217 4118
4070440650354 3949
4075440772482 3928
4080440892257 3825
4085441015211 3595
4090441121484 4160
4095441242956 3934
4100441355020 4019
4105441471202 3847
4110441581348 4023
4115441679891 3626
4120441773567 4012
4125441873436 3963
4130441967716 3909
4135442054413 4013
4140442145640 3978
4145442266567 3628
4150442362584 4015
4155442453262 4182
4160442553399 3752
4165442665470 3897
4170442759029 3801
4175442870222 3556
4180442980836 4180
4185443068856 3951
4190443196152 3815
4195443297463 3939
4200443386137 3874
4205443498830 3637
4210443593510 3906
4215443683026 3934
4220443789454 4000
4225443900750 3780
4230443996268 3873
4235444106393 3441
4240444217488 4267
4245444315737 3795
4250444425219 3825
4255444555839 3953
4260444650376 3949
4265444744215 3490
4270444832237 4042
4275444928905 3968
4280445039623 3968
4285445148172 3905
4290445239699 3853
4295445356305 3561
4300445461169 4190
4305445553066 4033
4310445647246 4029
4315445764074 3891
4320445873142 4096
4325445964072 3697
4330446057493 4190
4335446152556 4021
4340446272472 3924
4345446380293 4016
4350446476327 3912
4355446567726 3552
4360446655835 4192
4365446743032 4453
4370446833855 3832
4375446935180 3743
4380447064127 3985
4385447158462 3866
4390447247536 4092
4395447342823 3860
4400447434619 3887
4405447528261 4063
4410447619819 3751
4415447714299 3485
4420447825100 3996
4425447918206 3973
4430448019242 3800
4435448108092 3736
4440448203767 3783
4445448307114 3710
4450448415676 3825
4455448523032 3818
4460448657913 3752
4465448775049 3879
4470448908440 3891
4475449035750 3467
4480449157429 3910
4485449267525 3817
4490449378980 3891
4495449488317 3662
4500449612498 3840
4505449722225 3564
4510449828362 3962
4515449927469 3904
4520450041230 3666
4525450145685 3830
4530450253996 3879
4535450353853 3434
4540450450759 3935
4545450558047 3850
4550450657137 3858
4555450776763 3685
4560450896438 3762
4565451003650 3620
4570451096030 3955
4575451206883 3769
4580451310121 3757
4585451421295 3950
4590451511303 3887
4595451603532 3345
4600451701626 3816
4605451793462 3893
4610451883070 3958
4615451996815 3653
4620452107915 3864
4625452202298 3544
4630452286068 3987
4635452389424 3821
4640452491032 3638
4645452616680 3918
4650452720270 3985
4655452816994 3309
4660452925719 3868
4665453022605 4036
4670453164650 3854
4675453281406 3901
4680453381098 3837
4685453499752 3659
4690453643253 3906
4695453756416 3626
4700453895343 3823
4705454010028 4082
4710454140040 3866
4715454282949 3444
4720454395424 3826
4725454492092 3896
4730454610835 3842
4735454727763 3869
4740454841832 3864
4745454958885 3549
4750455098940 3657
4755455223554 3930
4760455329345 3843
4765455430720 3975
4770455544826 3955
4775455685506 3507
4780455790118 3962
4785455907665 4096
4790456013392 3561
4795456100462 3847
4800456187807 3890
4805456286214 3674
4810456402815 3735
4815456512081 3916
4820456606631 4049
4825456697261 3875
4830456782696 3954
4835456891031 3787
4840457014834 3754
4845457111834 3866
4850457214801 3645
4855457340381 3839
4860457447877 3838
4865457558470 3584
4870457656454 3596
4875457746836 3932
4880457838326 3851
4885457945164 3829
4890458036987 3765
4895458169947 3829
4900458276228 3499
4905458390448 3812
4910458480878 3794
4915458570147 3708
4920458660198 3676
4925458744195 3778
4930458846260 3682
4935458941271 3810
4940459032571 3696
4945459149817 3770
4950459250300 3750
4955459344739 3609
4960459440440 3507
4965459549417 4023
4970459647623 3686
4975459739259 3796
4980459828380 3730
4985459948829 3925
4990460023640 3416
4995460114228 3759
5000460205472 3926
5005460297742 3747
5010460390945 3711
5015460485861 3766
5020460577713 3623
5025460674642 3755
5030460782914 3667
5035460876367 3906
5040460969382 3779
5045461064410 3805
5050461153796 3501
5055461240996 3952
5060461334226 3774
5065461428306 3794
5070461529457 3911
5075461626459 3801
5080461733190 3572
5085461855669 3851
5090461961301 3996
5095462065269 3740
5100462169607 3940
5105462276773 3898
5110462378403 3720
5115462474102 3792
5120462569280 3902
5125462653884 4120
5130462759376 3751
5135462857791 3866
5140462950200 3440
5145463045942 4077
5150463136496 3768
5155463251702 3866
5160463352346 3788
5165463447714 3822
5170463552226 3512
5175463647819 3934
5180463749733 3833
5185463871041 3854
5190463965659 3796
5195464066980 3819
5200464171222 3437
5205464278965 3919
5210464383146 3734
5215464478591 3973
5220464575361 3667
5225464692990 3855
5230464809506 3745
5235464920289 3942
5240465033905 3699
5245465134435 3941
5250465224646 3986
5255465318205 3785
5260465415990 3297
5265465519971 4057
5270465625703 3856
5275465721161 3838
5280465810491 3788
5285465904106 3988
5290466007431 3477
5295466108328 3833
5300466230851 3946
5305466349244 3732
5310466463363 3615
5315466583968 3857
5320466699345 3494
5325466793423 3766
5330466903411 3716
5335467005957 3859
5340467118287 3610
5345467214553 3703
5350467326067 3583
5355467429131 3845
5360467521291 3615
5365467633449 3813
