22975314718467 4205
22980314841528 7606
22985314946271 8785
22990315056987 9015
22995315150345 9261
23000315242410 9664
23005315336834 9816
23010315430201 9400
23015315522341 9862
23020315617258 10013
23025315709511 9855
23030315796416 9659
23035315881124 10037
23040315973741 10032
23045316073298 9611
23050316164101 9805
23055316252320 10077
23060316337472 10188
23065316430867 9762
23070316514720 9605
23075316603560 9522
23080316689110 9560
23085316770841 9543
23090316851881 9532
23095316951650 9540
23100317038058 9512
23105317121594 9527
23110317203741 9590
23115317290443 10009
23120317372106 10156
23125317451932 10016
23130317535715 9588
23135317627098 9515
23140317712763 9554
23145317797455 9486
23150317877281 9626
23155317959342 9619
23160318042921 9691
23165318122241 10069
23170318201494 10132
23175318281483 10086
23180318363104 9894
23185318447283 10124
23190318530364 10132
23195318612942 9756
23200318700630 9540
23205318790685 9659
23210318882397 10028
23215318965327 10184
23220319046243 10094
23225319135559 9671
23230319221571 10106
23235319308548 10131
23240319390477 10176
23245319472205 9752
23250319555621 9556
23255319638091 9503
23260319726315 9572
23265319809302 9649
23270319894168 9758
23275319977047 9766
23280320091872 9783
23285320180482 9593
23290320260436 9779
23295320342716 9654
23300320529976 9516
23305320617873 9813
23310320707924 10208
23315320816464 10192
23320320921138 9759
23325320979786 9574
23330321068668 9797
23335321183182 10082
23340321296082 9602
23345321415464 10051
23350321514115 10127
23355321631787 10036
23360321766587 9986
23365321900348 10125
23370322001612 10161
23375322107655 9611
23380322194542 9719
23385322303718 9801
23390322388363 9883
23395322473747 10083
23400322573012 10126
23405322665525 9984
23410322751844 9897
23415322833580 10106
23420322940449 10095
23425323068014 10056
23430323141763 9706
23435323223941 10152
23440323309273 9738
23445323415416 10086
23450323514115 10149
23455323611722 10126
23460323729049 10165
23465323851292 10110
23470323953121 9906
23475324067581 9842
23480324153430 9739
23485324236112 9863
23490324327826 9959
23495324403535 10004
23500324493706 9907
23505324595350 9883
23510324722768 9885
23515324821273 9993
23520324903635 9779
23525324998814 9969
23530325098490 9999
23535325172621 9982
23540325258907 10310
23545325349130 10269
23550325415770 10215
23555325481046 10224
23560325561653 10341
23565325633267 10348
23570325749383 10306
23575325811239 10036
23580325893311 10132
23585325984247 10204
23590326082137 10201
23595326186556 9951
23600326296005 10226
23605326384300 10227
23610326466184 10232
23615326550096 9925
23620326653388 10224
23625326728401 10227
23630326809783 10242
23635326896661 9968
23640327010994 10269
23645327106625 10244
23650327195472 10268
23655327278470 9865
23660327380934 10152
23665327502240 10216
23670327600399 10196
23675327701723 9969
23680327796432 10258
23685327875068 10333
23690327982340 10286
23695328103483 9892
23700328189841 9927
23705328275918 9889
23710328426051 9936
23715328521264 9921
23720328630009 10210
23725328726290 10321
23730328813385 10213
23735328900403 10203
23740328984598 10320
23745329069732 10335
23750329175903 10268
23755329296013 9965
23760329430790 10246
23765329536655 10257
23770329621350 10064
23775329721397 9992
23780329820862 10223
23785329905238 10213
23790329989905 10119
23795330094417 9938
23800330195161 10180
23805330287728 10214
23810330369558 10112
23815330470151 9967
23820330565812 10243
23825330665550 10230
23830330756120 10049
23835330862393 10029
23840330958265 10239
23845331025396 10405
23850331104459 10188
23855331181529 10182
23860331254695 10353
23865331307714 10367
23870331388674 8486
23875331447176 0
23880331525872 6483
23885331608637 9915
23890331696500 9976
23895331790801 10021
23900331912395 9722
23905332021170 9776
23910332124403 10077
23915332207367 10147
23920332288127 9889
23925332361297 9741
23930332446047 9859
23935332531230 10022
23940332613960 9892
23945332705215 9933
23950332802464 10151
23955332894368 9724
23960332990680 9877
23965333077175 9825
23970333166433 10063
23975333264537 9940
23980333340569 10157
23985333422504 9869
23990333510605 10184
23995333617382 10176
24000333724429 10007
24005333803610 10241
24010333895244 10271
24015333976995 10201
24020334083668 9899
24025334201196 10162
24030334299820 10188
24035334387919 10279
24040334483664 9912
24045334567704 10012
24050334657387 10236
24055334754115 10133
24060334852162 9913
24065334958345 10246
24070335044396 10245
24075335113504 10264
24080335195267 9917
24085335282523 10145
24090335345954 10182
24095335441950 10134
24100335537297 9786
24105335666896 9996
24110335784936 9860
24115335904642 10029
24120336019924 9990
24125336096079 9854
24130336173466 10123
24135336256139 10151
24140336340579 10137
24145336461942 9882
24150336564294 10181
24155336656428 10175
24160336740384 10133
24165336824245 9926
24170336914133 10182
24175337035060 10210
24180337153015 10025
24185337251748 10054
24190337357878 10188
24195337484046 10224
24200337587702 9947
24205337696865 9974
24210337842714 10095
24215337928511 9994
24220338022542 10238
24225338116905 9983
24230338213395 10204
24235338311451 10295
24240338413482 9962
24245338545629 10177
24250338646330 10141
24255338747464 9912
24260338850089 10144
24265338980942 10237
24270339073874 10214
24275339181110 9948
24280339298605 10230
24285339430286 10195
24290339531287 10218
24295339623375 9940
24300339713793 9984
24305339814861 9974
24310339952946 10066
24315340062273 10031
24320340158892 9992
24325340243433 10188
24330340330800 9852
24335340427875 10226
24340340526336 10185
24345340616112 9995
24350340719886 10277
24355340831693 10209
24360340935721 10197
24365341037231 9956
24370341160498 10195
24375341298822 10275
24380341382323 10246
24385341486915 9989
24390341605348 10227
24395341688273 10267
24400341786787 10212
24405341876011 9914
24410341983071 9976
24415342084232 9945
24420342183620 10096
24425342266428 10149
24430342350302 9950
24435342441443 10282
24440342537945 10246
24445342621460 10260
24450342738987 10014
24455342854133 10230
24460342954137 10248
24465343027135 10263
24470343119451 10105
24475343218373 10296
24480343305669 10314
24485343384931 10261
24490343467612 9967
24495343557989 10160
24500343680785 10231
24505343817252 10204
24510343903436 9983
24515343995046 10179
24520344100619 10249
24525344189030 10313
24530344259310 10010
24535344343201 10277
24540344429068 10244
24545344498949 10283
24550344584178 10041
24555344669038 10264
24560344756481 10299
24565344862024 10267
24570344950773 9951
24575345043424 10216
24580345127143 10278
24585345207237 10255
24590345296297 9979
24595345363358 10023
24600345452750 9982
24605345521026 10029
24610345607045 10183
24615345683102 9986
24620345767996 10254
24625345820606 10218
24630345899747 9949
24635345955837 10312
24640346055919 10314
24645346114520 10157
24650346206160 10279
24655346312630 10172
24660346424410 10237
24665346522087 10049
24670346612626 10235
24675346696386 10338
24680346782157 10345
24685346865441 9997
24690346927023 10068
24695346983271 10334
24700347065047 10345
24705347127529 10341
24710347262116 10219
24715347346075 10211
24720347449749 10228
24725347537990 9995
24730347646152 10223
24735347717652 10101
24740347802337 9944
24745347888084 10106
24750347958326 10222
24755348051949 9969
24760348158869 10248
24765348234702 10196
24770348338876 10161
