28915609070211 25233
28920609229872 19670
28925609339433 16971
28930609434925 16823
28935609519849 17115
28940609600596 15558
28945609682158 15033
28950609761586 13268
28955609852649 12352
28960609945816 14076
28965610032594 13134
28970610113262 11743
28975610192575 11565
28980610272596 11338
28985610352415 13177
28990610435060 14513
28995610515864 11735
29000610596311 11480
29005610675795 11803
29010610759966 13099
29015610841580 14240
29020610929554 9262
29025611017984 13355
29030611103606 12237
29035611190673 11431
29040611258555 11442
29045611352869 11564
29050611450482 11366
29055611531798 11436
29060611614349 11796
29065611705122 14136
29070611791584 13056
29075611873900 11034
29080611962074 11857
29085612047449 11386
29090612126900 11240
29095612206992 11210
29100612312909 11429
29105612413979 11257
29110612498195 10579
29115612587863 12145
29120612672896 8882
29125612765456 9333
29130612861416 11310
29135612951051 15195
29140613024089 15270
29145613117031 12962
29150613205004 13999
29155613290076 12488
29160613379263 14622
29165613470385 11641
29170613554191 11975
29175613640302 16041
29180613723675 14283
29185613802962 15339
29190613889180 11896
29195613975754 11299
29200614062792 11514
29205614144435 14882
29210614229034 12895
29215614316909 15148
29220614945688 15397
29225615033345 11785
29230615126667 11214
29235615210903 11655
29240615300089 12259
29245615388684 15286
29250615472705 12504
29255615559996 14016
29260615659878 11813
29265615751387 10937
29270615842094 11970
29275615933852 13816
29280616022953 13535
29285616119241 14101
29290616214977 12884
29295616304771 11737
29300616399937 11635
29305616481233 11309
29310616561524 11425
29315616651350 11727
29320616741732 13199
29325616832542 13680
29330616915446 15181
29335617009296 7868
29340617097805 12570
29345617182501 14443
29350617268889 11520
29355617350787 11564
29360617428551 11604
29365617517468 14680
29370617607832 11741
29375617696364 12878
29380617774851 11113
29385617852955 11754
29390617932750 11288
29395618024069 10941
29400618112438 9976
29405618197832 12712
29410618282567 10030
29415618368333 12657
29420618450473 11680
29425618531541 11524
29430618618696 11756
29435618702080 11429
29440618783882 11670
29445618864801 11301
29450618945175 10944
29455619025210 11626
29460619112276 13264
29465619195819 14604
29470619275753 11766
29475619364868 11582
29480619457149 11543
29485619545814 9301
29490619627342 9389
29495619708232 11508
29500619792180 14160
29505619877432 13467
29510619960671 11768
29515620023063 13564
29520620106785 9742
29525620200098 11352
29530620295786 11308
29535620382522 11515
29540620466828 11601
29545620551867 11774
29550620635708 14514
29555620722072 13314
29560620823692 11515
29565620923598 9487
29570621017744 10156
29575621097259 12482
29580621177566 12344
29585621268339 12585
29590621342472 11727
29595621435483 12393
29600621525907 11097
29605621618074 8958
29610621705582 9987
29615621794116 10990
29620621894240 11516
29625621983077 11252
29630622071895 11574
29635622156370 13127
29640622240085 10278
29645622334397 11029
29650622424913 11429
29655622509756 11339
29660622612836 11059
29665622718729 11379
29670622810214 11484
29675622906039 11412
29680623002420 11747
29685623091743 9994
29690623178138 12244
29695623260596 12142
29700623346834 8908
29705623431269 11134
29710623504960 9483
29715623598579 11421
29720623685980 12553
29725623769703 10358
29730623857633 11345
29735623920789 11575
29740624021243 11492
29745624108821 10470
29750624191996 7737
29755624302195 11122
29760624394527 11313
29765624483956 11177
29770624575274 12119
29775624658297 14902
29780624747876 12345
29785624839066 11588
29790624931919 11448
29795625021730 11365
29800625113413 11074
29805625202879 11001
29810625289781 12123
29815625403469 11649
29820625495708 11686
29825625588271 14018
29830625676520 11740
29835625766311 9884
29840625852184 9872
29845625941158 10866
29850626028607 11300
29855626146593 11639
29860626236540 13441
29865626326867 14104
29870626416156 11548
29875626507855 11276
29880626595327 7157
29885626677465 11023
29890626762346 11495
29895626847998 11305
29900626929918 13637
29905627017650 13998
29910627102408 11656
29915627191184 11489
29920627283131 8540
29925627380939 9904
29930627470783 11006
29935627551801 11403
29940627643081 11519
29945627735886 11438
29950627822900 13086
29955627906521 13143
29960627990158 8518
29965628083085 11526
29970628172218 10448
29975628264425 8836
29980628350827 10680
29985628435986 13070
29990628521595 11668
29995628608829 13178
30000628673416 11665
30005628762904 8393
30010628824640 9381
30015628918832 11075
30020629021526 11153
30025629088766 11351
30030629184510 11253
30035629289753 11358
30040629395303 13299
30045629483210 10083
30050629568291 11415
30055629649211 11230
30060629737942 10155
30065629819340 9748
30070629902042 9521
30075629981251 12194
30080630061238 11329
30085630147078 10667
30090630226811 11464
30095630297076 11485
30100630391551 11316
30105630486747 9727
30110630580179 8362
30115630667055 11191
30120630758117 11318
30125630853627 11586
30130630906638 11106
30135630995031 6986
30140631085368 11215
30145631137864 11532
30150631226184 11261
30155631287500 11219
30160631376497 11126
30165631459061 9076
30170631542972 10213
30175631635706 12512
30180631726198 13510
30185631808588 11617
30190631903218 11588
30195632009890 11510
30200632095825 11213
30205632179368 11266
30210632233783 11209
30215632324064 7462
30220632410065 13373
30225632498560 13426
30230632582688 11636
30235632661890 11596
30240632741126 11493
30245632823846 10758
30250632905681 8663
30255632985348 10086
30260633063200 11021
30265633143986 11527
30270633223304 11515
30275633309630 12744
30280633391996 13571
30285633475471 9722
30290633558314 9426
30295633637948 11606
30300633718258 9801
30305633801456 10098
30310633886202 11650
30315633968717 13707
30320634049634 11956
30325634129018 11492
30330634210488 11322
30335634295750 8453
30340634385611 10043
30345634469738 11147
30350634550726 11152
30355634636509 11369
30360634721277 11498
30365634804206 11460
30370634884088 11561
30375634962323 11658
30380635044425 11484
30385635129602 8867
30390635215696 10032
30395635300714 10306
30400635383165 11393
30405635466798 12439
30410635549183 13657
30415635635555 8577
30420635723728 11048
30425635805374 11053
30430635897847 10076
30435635990915 10699
30440636086675 8273
30445636182268 11215
30450636264427 11185
30455636348379 11468
30460636428200 11533
30465636516357 11379
30470636595437 11550
30475636685990 11008
30480636770026 10532
30485636852005 7453
30490636931490 11078
30495637010194 11054
30500637092929 11600
30505637177051 11163
30510637291520 7190
30515637389083 12674
30520637486539 9966
30525637591679 10798
30530637695244 11327
30535637780751 11040
30540637863702 6821
30545637959269 11227
30550638054110 11251
30555638157206 11501
30560638245080 11472
30565638326368 12593
30570638416002 10127
30575638522975 10968
30580638611318 11076
30585638698334 8251
30590638781195 9387
30595638862303 11281
30600638944091 11818
30605639030074 12323
30610639114946 13100
30615639199027 10451
30620639320581 9551
30625639411521 10971
30630639510089 11521
30635639596626 7354
30640639677329 12058
30645639761123 13034
30650639844584 12602
30655639925598 12056
30660640014333 7892
30665640098382 10002
30670640178754 10991
30675640259535 8563
30680640343949 9813
30685640427454 10829
30690640507548 12625
30695640585964 12857
30700640676559 12898
30705640760896 10453
30710640859867 9740
