30739586020549 4993
30744586146898 7882
30749586238766 9122
30754586344093 12784
30759586436363 21876
30764586529749 23787
30769586619292 24991
30774586718380 25719
30779586837301 25838
30784586941137 26399
30789587024225 26714
30794587115091 26589
30799587198899 26588
30804587280841 26405
30809587363804 26840
30814587450998 26799
30819587595638 26879
30824587691714 27449
30829587800518 27154
30834587892251 27141
30839587973838 26801
30844588052317 27822
30849588132350 27179
30854588218184 26572
30859588300574 26832
30864588394125 27458
30869588482565 26725
30874588574553 27170
30879588663302 26623
30884588748371 27147
30889588836271 27145
30894588921524 26721
30899589003874 27174
30904589074424 26967
30909589156097 26831
30914589246299 26996
30919589331511 27219
30924589470039 27264
30929589564443 27117
30934589654553 27001
30939589742914 27109
30944589832125 27418
30949589917353 27346
30954589999195 27196
30959590079486 27167
30964590163164 27030
30969590257138 28046
30974590350359 27082
30979590431761 26802
30984590543936 27189
30989590646751 27127
30994590731058 27317
30999590825837 27588
31004590920454 27180
31009591013517 27599
31014591106191 27727
31019591204120 27583
31024591306045 27476
31029591397905 27554
31034591482703 27313
31039591567791 27801
31044591705765 26982
31049591787684 26984
31054591866484 26847
31059591955033 27444
31064592019641 27295
31069592105252 27078
31074592186265 27263
31079592272926 27097
31084592358800 27247
31089592444520 27239
31094592530019 26815
31099592620989 27286
31104592709955 27421
31109592798664 26882
31114592883457 26682
31119592971908 26845
31124593053844 26856
31129593136825 27791
31134593220257 27190
31139593307127 27240
31144593393752 27312
31149593482335 27408
31154593560822 26958
31159593645236 26910
31164593721932 27041
31169593806373 27087
31174593895056 26826
31179593980166 27353
31184594063847 27108
31189594146360 26891
31194594231054 27263
31199594316599 26900
31204594396864 26942
31209594490525 26459
31214594574690 26920
31219594658900 26823
31224594738151 26959
31229594820147 27028
31234594901598 26663
31239594970668 26404
31244595056417 27130
31249595147676 27290
31254595245278 27107
31259595340685 27238
31264595422403 26683
31269595511761 26703
31274595601305 26977
31279595683229 27212
31284595767758 26830
31289595851347 27256
31294595936922 26908
31299596021224 26936
31304596107999 27183
31309596189955 26794
31314596277017 26965
31319596374763 27274
31324596467342 27007
31329596569143 26980
31334596652514 26801
31339596739424 26889
31344596833856 27372
31349596926237 27182
31354597009473 27114
31359597093065 26982
31364597182491 27171
31369597268383 27190
31374597354343 26951
31379597438828 27603
31384597533235 27086
31389597614606 26725
31394597697559 26662
31399597780225 26972
31404597872238 26860
31409598592308 26935
31414598676647 26705
31419598758687 26748
31424598845497 27094
31429598927824 27264
31434599009730 27328
31439599093157 26861
31444599169816 26874
31449599251373 27096
31454599332281 26760
31459599419233 27242
31464599506267 27302
31469599597923 27016
31474599692572 27265
31479599782507 27715
31484599871424 27694
31489599996504 27084
31494600099933 27464
31499600184597 27161
31504600256314 27041
31509600342255 27403
31514600433573 27857
31519600522432 28230
31524600610674 27587
31529600695031 28104
31534600784797 27223
31539600870363 27293
31544600956396 28031
31549601044222 27663
31554601131046 27482
31559601214753 26986
31564601300542 27106
31569601382342 27367
31574601466077 27363
31579601560260 27260
31584601649552 27646
31589601730019 27312
31594601810410 27859
31599601891956 27356
31604601972946 27568
31609602051118 26992
31614602133547 27189
31619602219045 27712
31624602306124 27643
31629602386110 27715
31634602467292 27559
31639602560667 26832
31644602646582 27179
31649602731674 27863
31654602818077 27715
31659602901898 27390
31664602990339 27835
31669603071560 27824
31674603155396 27570
31679603240163 27802
31684603324873 27481
31689603410131 27100
31694603515399 27031
31699603612018 27088
31704603715619 27458
31709603805645 27789
31714603888930 27382
31719603976018 27145
31724604071158 27715
31729604160716 27414
31734604243289 27790
31739604328774 27450
31744604413192 27673
31749604493524 27081
31754604574281 27188
31759604657745 27492
31764604740020 27527
31769604820523 27401
31774604911551 27410
31779604992705 27286
31784605085129 27664
31789605163266 27206
31794605246191 27184
31799605335460 27544
31804605416257 27340
31809605495893 27681
31814605575849 27865
31819605681098 28214
31824605776421 27515
31829605858702 28004
31834605942998 27804
31839606024316 27299
31844606104545 27467
31849606188375 27245
31854606273848 27689
31859606357299 28054
31864606438558 27530
31869606519802 27564
31874606606279 27931
31879606690800 27713
31884606776598 27833
31889606876921 27728
31894606964593 27865
31899607049875 27540
31904607139114 28264
31909607230980 27832
31914607313140 27656
31919607394254 27757
31924607477001 27428
31929607556800 27559
31934607658198 27779
31939607750064 27383
31944607832877 27762
31949607922320 27318
31954608015698 27242
31959608085383 27500
31964608184794 27031
31969608271527 27768
31974608358267 27325
31979608446765 27764
31984608528340 27663
31989608608040 27754
31994608689211 27755
31999608750522 27496
32004608831930 27575
32009608919949 27914
32014609001707 27511
32019609089399 27755
32024609208128 27681
32029609309662 27875
32034609405216 27986
32039609494345 27751
32044609576115 27415
32049609654602 27620
32054609731645 27484
32059609795684 27451
32064609876458 27871
32069609957606 27366
32074610035523 27117
32079610120003 27516
32084610212472 27672
32089610294111 27990
32094610383032 28023
32099610472466 28000
32104610560075 27726
32109610640697 28037
32114610721910 27741
32119610799774 27515
32124610878599 27530
32129610970872 27292
32134611055713 27083
32139611133939 27085
32144611213346 27709
32149611294176 26996
32154611377694 28050
32159611463840 27756
32164611554725 27679
32169611645735 27462
32174611730645 27442
32179611822912 27256
32184611908658 27309
32189611986661 27396
32194612065421 27481
32199612152885 27630
32204612248272 27391
32209612334669 27025
32214612413084 27038
32219612497576 27741
32224612581115 27017
32229612662923 27468
32234612746520 27397
32239612828670 27471
32244612906381 27897
32249612996856 27258
32254613091139 27567
32259613179900 27486
32264613306446 27438
32269613436732 27441
32274613528407 27272
32279613622698 27561
32284613701522 27098
32289613816491 27137
32294613915514 27386
32299614011652 26755
32304614094428 27022
32309614180903 27087
32314614265476 26639
32319614349253 26856
32324614443251 27034
32329614537602 27167
32334614622466 26969
32339614700511 26948
32344614792244 27129
32349614877414 27213
32354614961207 26909
32359615044765 27458
32364615147148 27198
32369615244012 27028
32374615330432 27395
32379615414729 27344
32384615497781 27673
32389615575322 27350
32394615658254 27058
32399615737803 26684
32404615825715 27004
32409615905551 26877
32414615994269 27121
32419616082727 26977
32424616172144 27203
32429616258248 27091
32434616351242 27298
32439616442153 27198
32444616528153 27524
32449616612217 27439
32454616705601 27016
32459616793553 27501
32464616879795 28172
32469616972911 27167
32474617060702 26797
32479617157689 26918
32484617250792 27152
32489617341469 26484
32494617427180 26847
32499617520790 27298
32504617604571 27189
32509617687273 27372
32514617776949 27316
32519617882669 27271
32524618010074 27021
32529618108948 27073
32534618203370 27062
