21110956929184 10404
21115957039649 10177
21120957144373 9848
21125957230764 9539
21130957312706 9441
21135957403440 9385
21140957496146 9488
21145957579252 9170
21150957660944 9109
21155957743908 9234
21160957826735 9215
21165957912782 9258
21170957997706 9116
21175958093752 5414
21180958192154 1407
21185958293356 936
21190958372792 1112
21195958451711 1010
21200958536007 3685
21205958617350 7591
21210958705307 8680
21215958792121 8947
21220958887693 8732
21225958971802 8415
21230959062707 8813
21235959150887 8737
21240959232190 8530
21245959315800 8544
21250959429447 8772
21255959514789 8517
21260959600493 8633
21265959679922 8516
21270959756203 6718
21275959834591 3039
21280959922132 2017
21285960029079 1571
21290960119963 1129
21295960204188 1089
21300960300423 2237
21305960407242 1892
21310960545637 4977
21315960634909 7018
21320960715040 8135
21325960800811 8390
21330960889725 8258
21335960976162 8584
21340961056458 8534
21345961136857 6772
21350961225035 8583
21355961319442 8200
21360961400725 8206
21365961488766 7918
21370961573605 8265
21375961667084 8276
21380961751492 8448
21385961830965 8460
21390961912441 8227
21395961992812 8319
21400962082812 8255
21405962173897 8360
21410962267701 8217
21415962360984 8059
21420962445635 8347
21425962531880 8232
21430962621052 7968
21435962707719 8348
21440962788299 8255
21445962872349 7863
21450962953431 8659
21455963036575 8414
21460963118769 7971
21465963199281 8220
21470963284683 8132
21475963363800 7680
21480963486125 8316
21485963573105 7969
21490963653697 7910
21495963732432 8318
21500963820910 8176
21505963913838 7863
21510964025781 8800
21515964106481 8135
21520964187480 7832
21525964267757 8244
21530964344708 8254
21535964421251 7195
21540964500018 8330
21545964582254 8138
21550964658960 7587
21555964736061 7391
21560964813622 8015
21565964896275 8176
21570964977606 7545
21575965064894 8023
21580965160770 7665
21585965253569 7690
21590965333334 6639
21595965417036 6926
21600965499482 8218
21605965584787 8024
21610965677844 8295
21615965773018 8229
21620965864234 7966
21625965955972 7913
21630966049838 7840
21635966135971 8014
21640966221693 7894
21645966316710 7890
21650966411533 7964
21655966512245 8101
21660966599635 8144
21665966698695 7711
21670966792073 7507
21675966876547 8014
21680966965256 7896
21685967062611 7485
21690967153643 8333
21695967231179 8372
21700967316898 7968
21705967413626 7949
21710967510183 8002
21715967591988 7439
21720967674746 8379
21725967753278 7993
21730967837771 7474
21735967918132 8693
21740968011334 7997
21745968107836 7222
21750968195579 8232
21755968282194 7830
21760968370288 7952
21765968455383 7823
21770968543547 8304
21775968627062 7866
21780968715247 8013
21785968802601 7684
21790968895667 7728
21795968987250 7308
21800969077629 7271
21805969166529 6982
21810969261022 8934
21815969350930 7596
21820969436097 7988
21825969522004 7727
21830969614956 7797
21835969698422 7481
21840969776103 8077
21845969856561 8285
21850969942458 7686
21855970022431 7625
21860970101972 7546
21865970181121 7323
21870970265859 7965
21875970376484 8176
21880970471060 7780
21885970555448 7650
21890970637532 7436
21895970719833 7233
21900970800800 7976
21905970888605 7336
21910970973565 8221
21915971065351 7375
21920971151380 7459
21925971238392 7184
21930971321011 7770
21935971406784 7668
21940971495607 7880
21945971581354 7665
21950971672063 7644
21955971763223 7048
21960971849281 7941
21965971936085 8241
21970972016454 6937
21975972100945 7439
21980972185166 7614
21985972272955 6987
21990972357672 7493
21995972913859 8256
22000972998774 7589
22005973080815 7382
22010973165888 6673
22015973248539 6500
22020973340178 7044
22025973424356 6783
22030973508149 7258
22035973592041 7266
22040973676071 7274
22045973754358 7007
22050973833272 8233
22055973918340 8036
22060973998394 7228
22065974080687 6801
22070974159207 7339
22075974240150 6733
22080974321048 8658
22085974401781 7521
22090974483180 7229
22095974573098 6913
22100974665399 7319
22105974758899 7733
22110974839035 7911
22115974926944 7115
22120975014312 7295
22125975095058 7101
22130975178620 7785
22135975272129 7426
22140975360322 7629
22145975447700 7260
22150975531676 7132
22155975621958 7564
22160975709176 8070
22165975790474 6832
22170975873501 7048
22175975956957 7132
22180976015603 7794
22185976099395 7491
22190976190018 7289
22195976288687 6974
22200976370564 7017
22205976460088 7644
22210976551895 7917
22215976642542 7169
22220976724345 6879
22225976808301 6707
22230976896680 8054
22235976978322 7728
22240977063581 6932
22245977151268 6992
22250977234078 6523
22255977315659 6444
22260977395023 7116
22265977475757 6753
22270977561773 7416
22275977661014 6952
22280977747386 8084
22285977832005 6955
22290977923171 7375
22295978013077 7217
22300978105670 7396
22305978200335 8248
22310978286020 6849
22315978368698 6580
22320978453671 7327
22325978548005 8064
22330978651944 7191
22335978741801 7243
22340978820448 6983
22345978897532 6805
22350978978203 8410
22355979059048 7232
22360979138947 6610
22365979219547 6834
22370979305101 8189
22375979383280 6788
22380979460015 7268
22385979536285 7105
22390979613391 7165
22395979690716 7863
22400979767488 6961
22405979845267 6500
22410979929766 7492
22415980022331 8340
22420980105448 7191
22425980182885 6501
22430980262804 7021
22435980346473 6876
22440980433100 8034
22445980527182 7244
22450980620536 6855
22455980703050 6880
22460980785580 7841
22465980865844 6363
22470980945166 7024
22475981029274 6602
22480981109564 7161
22485981193046 5708
22490981270281 6534
22495981357124 6415
22500981440673 7898
22505981516649 7580
22510981596575 6787
22515981683651 6779
22520981769557 7221
22525981852945 7195
22530981930688 7016
22535982011236 6738
22540982099246 6965
22545982186652 7979
22550982271262 6535
22555982353505 5901
22560982433936 7067
22565982512598 8324
22570982595677 6935
22575982675709 6563
22580982761505 6834
22585982845181 6975
22590982923664 7087
22595983003512 6971
22600983086933 6579
22605983174882 8016
22610983269397 6814
22615983347206 5931
22620983434273 6870
22625983517298 8446
22630983603288 6723
22635983694520 6432
22640983780224 6302
22645983864530 7400
22650983977900 6793
22655984021388 6938
22660984119097 6527
22665984205837 7491
22670984288719 6485
22675984380838 6216
22680984465737 6661
22685984552010 7631
22690984636795 6437
22695984717582 6317
22700984794741 6919
22705984890969 7187
22710984984034 6044
22715985069988 6375
22720985155088 6979
22725985239699 6369
22730985317708 5515
22735985400950 5539
22740985485131 7634
22745985569650 6820
22750985662353 6348
22755985745568 6358
22760985835455 8149
22765985914304 6192
22770985993723 5842
22775986068197 5361
22780986186952 0
22785986329103 0
22790986423163 1587
22795986519959 7504
22800986606242 6944
22805986682468 6697
22810986758878 6127
22815986855097 6774
22820986948405 7354
22825987039419 6190
22830987118136 6074
22835987203236 6706
22840987286106 8024
22845987367152 6053
22850987445255 6557
22855987529903 5748
22860987615255 8029
22865987708032 6579
22870987795795 6106
22875987882019 6366
22880987960317 7879
22885988014814 6226
22890988097346 5694
22895988184658 6670
22900988263170 7846
22905988353534 6402
