266511198209198 22933
266516198425889 24251
266521198559707 23232
266526198666391 23332
266531198766974 22358
266536198865268 22604
266541198970386 22560
266546199091809 21920
266551199197028 20452
266556199302148 20640
266561199401709 19362
266566199500645 20559
266571199592855 20614
266576199707609 20209
266581199804375 21287
266586199913458 21786
266591200012625 21649
266596200122658 20489
266601200225851 21326
266606200340796 21109
266611200449658 21184
266616200558543 20791
266621200660909 20720
266626200761279 20456
266631200857039 21894
266636200965514 20682
266641201078208 21261
266646201196470 20709
266651201302799 20410
266656201394355 20098
266661201513999 19225
266666201606484 20873
266671201704075 20191
266676201810864 20470
266681201921866 19980
266686202021196 20001
266691202125325 20243
266696202240862 19865
266701202342786 19733
266706202469585 20059
266711202563793 20058
266716202664962 19593
266721202756176 19976
266726202845212 20070
266731202937085 20241
266736203043292 19501
266741203147873 19865
266746203257708 20334
266751203362707 18879
266756203468437 17297
266761203575761 19876
266766203686702 20313
266771203798318 19466
266776203899928 20510
266781204022688 20201
266786204114216 20338
266791204209048 21637
266796204362423 20998
266801204449376 21968
266806204542263 22554
266811204629136 21872
266816204736534 22120
266821204842958 20605
266826204937077 20343
266831205047738 19584
266836205184022 20930
266841205284582 20095
266846205389291 22462
266851205482894 22258
266856205578105 21843
266861205666344 21560
266866205758851 22508
266871205851618 21222
266876205944422 20751
266881206036248 21621
266886206145441 21536
266891206239825 21606
266896206333676 21125
266901206445802 20648
266906206557008 20573
266911206679832 20618
266916206770875 21579
266921206876093 21252
266926206992106 21291
266931207095355 20950
266936207198546 20734
266941207305100 22113
266946207412660 20996
266951207521855 21587
266956207625079 20420
266961207749925 18911
266966207859496 20122
266971207967270 19514
266976208112666 18888
266981208229616 22285
266986208389663 22080
266991208485303 21514
266996208602737 22054
267001208705466 20965
267006208802136 19689
267011208896497 20055
267016209008499 20506
267021209100472 19944
267026209214727 20637
267031209328646 21013
267036209443310 21066
267041209547934 23197
267046209644802 22738
267051209739880 22157
267056209842918 22677
267061209948622 20528
267066210047749 21500
267071210141794 20947
267076210237036 21126
267081210331961 21706
267086210431071 21238
267091210535067 21770
267096210665713 22569
267101210791466 20222
267106210888232 20149
267111210990946 19670
267116211083999 20443
267121211191366 21849
267126211301305 21203
267131211400676 22035
267136211483221 22685
267141211591800 21354
267146211706718 22165
267151211803241 21410
267156211895134 22461
267161211989175 20764
267166212109175 21561
267171212204557 19957
267176212310927 20688
267181212422388 20492
267186212519922 20443
267191212615997 21372
267196212702107 20746
267201212807305 21590
267206212912626 22096
267211213035239 20326
267216213135661 21022
267221213228581 20810
267226213336701 21035
267231213438543 20023
267236213557662 20065
267241213686350 19283
267246213784925 19174
267251213896192 20905
267256214000521 21006
267261214110253 21275
267266214221829 20196
267271214323991 22213
267276214428352 21683
267281214540927 21928
267286214651287 20446
267291214766597 21248
267296214869342 20873
267301214991397 21129
267306215098980 20362
267311215204389 20768
267316215300393 20482
267321215429948 19848
267326215563140 19217
267331215668549 20099
267336215759967 20007
267341215862055 20871
267346215953147 20160
267351216025825 20264
267356216129581 19965
267361216239725 20735
267366216344553 20480
267371216436967 20883
267376216553031 20675
267381216657374 20327
267386216763738 20274
267391216866460 20528
267396216967740 20661
267401217051796 20230
267406217141075 19889
267411217243104 19687
267416217353082 19831
267421217465093 21783
267426217568647 21532
267431217664389 22259
267436217762197 21997
267441217866068 20999
267446217960191 20662
267451218073972 21171
267456218177861 20781
267461218292084 21714
267466218381521 21656
267471218488899 21683
267476218605025 22054
267481218708750 22219
267486218821901 22136
267491218927598 21546
267496219031861 22067
267501219140321 21717
267506219226075 21476
267511219324898 21188
267516219423461 19940
267521219509173 19982
267526219621550 20074
267531219718430 20399
267536219821963 21620
267541219921893 21077
267546220016615 20397
267551220138068 21043
267556220232901 20866
267561220353009 21659
267566220466517 21315
267571220584428 21842
267576220693290 21418
267581220798899 21955
267586220910810 20917
267591221015189 21547
267596221109979 21826
267601221201328 22613
267606221317810 21396
267611221415153 21262
267616221521374 20280
267621221621807 20764
267626221723635 20294
267631221826596 19716
267636221937344 20921
267641222067043 20973
267646222193651 20872
267651222296319 20270
267656222426160 18653
267661222531252 19937
267666222633200 19716
267671222738598 19987
267676222838024 20035
267681222949992 19281
267686223052509 19612
267691223167455 20671
267696223284144 22080
267701223391413 21976
267706223533700 22440
267711223637968 22170
267716223744636 22077
267721223852813 22484
267726223971166 21695
267731224080710 21458
267736224179358 22230
267741224287179 21890
267746224388714 20526
267751224478703 20853
267756224589068 21121
267761224691259 21538
267766224790604 20601
267771224914950 21528
267776225025321 21160
267781225127617 21476
267786225235752 19258
267791225334824 19958
267796225429425 17977
267801225523682 18894
267806225621698 19915
267811225758993 20534
267816225894961 21117
267821226016434 21029
267826226130870 20811
267831226229524 20527
267836226331182 20084
267841226443186 21396
267846226541619 20928
267851226667004 20227
267856226787323 21959
267861226902844 21618
267866227006862 21420
267871227141176 20261
267876227247103 20881
267881227344780 20252
267886227456074 21780
267891227563539 21290
267896227661747 22227
267901227798329 21057
267906227913671 20995
267911228016916 21251
267916228119636 20867
267921228214988 19655
267926228320832 18825
267931228420517 19436
267936228532488 18662
267941228629448 19001
267946228738458 20218
267951228824930 21111
267956228937374 20943
267961229022125 21404
267966229107744 21453
267971229218674 20669
267976229329582 20076
267981229419539 20317
267986229526356 20579
267991229633856 20007
267996229738524 19966
268001229838357 20398
268006229929773 20037
268011230047485 20000
268016230137797 20102
268021230227262 19718
268026230325761 20374
268031230437108 19759
268036230540088 19532
268041230651026 19916
268046230756913 20359
268051230879604 20329
268056230981801 19805
268061231082166 17674
268066231200098 17002
268071231338050 17726
268076231440316 16944
268081231551881 17133
268086231668825 18568
268091231774885 19988
268096231876273 20207
268101231989205 19809
268106232104030 19765
268111232217594 19614
268116232309566 20041
268121232400751 19938
268126232493181 20615
268131232593975 20627
268136232695925 20624
268141232790700 20189
268146232900311 20227
268151233010508 20336
268156233108717 20297
268161233202716 19839
268166233289882 20009
268171233394694 21085
268176233499477 19109
268181233593144 20813
268186233691191 19896
268191233797033 20431
268196233913134 19594
268201234023606 20033
268206234148997 18358
268211234261246 18420
268216234368749 17111
268221234475950 17060
268226234590470 22117
268231234736006 19033
268236234854215 19359
268241234965453 20466
268246235061522 20681
268251235179468 18392
268256235291623 17982
268261235412844 22017
268266235527810 15766
268271235635431 16448
268276235738082 21048
268281235833462 18139
268286235920213 16844
268291236018839 22564
268296236182804 15651
268301236280963 16993
268306236390593 22766
