273907483803650 21054
273912484087343 18208
273917484245819 17677
273922484403451 18734
273927484591392 17904
273932484723959 17539
273937484864845 17611
273942484994888 17321
273947485202249 16830
273952485476898 17244
273957485664314 16455
273962485789317 16478
273967485928353 16429
273972486037960 16451
273977486192836 15175
273982486300112 16172
273987486391351 15035
273992486511292 11944
273997486646568 16310
274002486784580 14477
274007486906885 15114
274012487025235 14192
274017487151255 13258
274022487275032 17650
274027487394990 13318
274032487505205 16347
274037487597328 13940
274042487698843 15742
274047487791023 14970
274052487934346 12470
274057488059893 16469
274062488149786 12148
274067488254108 16935
274072488459138 13581
274077488618050 16315
274082488728300 12423
274087488832111 15841
274092488960691 13161
274097489094591 14576
274102489263302 11102
274107489416618 14401
274112489516083 11622
274117489623802 15055
274122489726030 6697
274127489837860 15890
274132490001232 9907
274137490145581 15803
274142490308377 8258
274147490405636 15439
274152490516963 11563
274157490614414 14037
274162490745053 13036
274167490902164 13003
274172491017003 14075
274177491138035 6724
274182491247288 15483
274187491359740 11738
274192491484894 15671
274197491606748 8455
274202491703731 16393
274207491852796 8362
274212492894420 17213
274217493019160 12350
274222493157956 16906
274227493262933 6915
274232493405120 17324
274237493548800 9451
274242493641962 15176
274247493771931 11859
274252493923847 16878
274257494064373 10306
274262494166609 14502
274267494290012 12665
274272494409931 9689
274277494509220 15067
274282494612476 10564
274287494711094 16077
274292494812845 9656
274297494919421 16630
274302495015829 9293
274307495129089 16779
274312495260337 7572
274317495388012 17023
274322495505415 11135
274327495619514 17168
274332495728788 9785
274337495854310 17009
274342496013493 6615
274347496106756 15655
274352496206800 11283
274357496323106 16630
274362496480572 10496
274367496593464 16584
274372496764752 10608
274377496862544 13022
274382497018610 13935
274387497125228 6626
274392497229658 15606
274397497332531 9457
274402497443985 15500
274407497597413 7305
274412497702887 17533
274417497832514 9488
274422497941849 15184
274427498066930 11879
274432498173379 10460
274437498267962 15885
274442498388757 8107
274447498478503 16684
274452498578198 8068
274457498676467 16599
274462498792349 9841
274467498888790 17098
274472498999981 10557
274477499156419 16600
274482499268274 6582
274487499369631 17357
274492499466975 9044
274497499588605 13434
274502499762749 13520
274507499896450 10271
274512500031416 15743
274517500154443 7916
274522500260046 15489
274527500382449 5163
274532500515085 16159
274537500644832 10762
274542500753938 12830
274547500904589 14165
274552501010350 9434
274557501118136 16125
274562501208159 7981
274567501300217 16188
274572501459819 6872
274577501560864 16802
274582501660959 8206
274587501764292 14978
274592501910595 12020
274597501998107 16512
274602502083903 10667
274607502186387 9269
274612502280198 15769
274617502371433 10445
274622502468921 15643
274627502592125 3421
274632502685156 15685
274637502803697 11131
274642502907987 10149
274647502995058 14812
274652503121648 8056
274657503233607 15174
274662503335729 7247
274667503449708 16860
274672503554134 9174
274677503652941 13933
274682503817939 13034
274687503928151 7011
274692504037535 15549
274697504190097 4911
274702504292413 15478
274707504392330 11393
274712504497794 8505
274717504619326 14632
274722504754051 4298
274727504867719 13944
274732504980550 12749
274737505162676 4874
274742505295793 15245
274747505445890 7287
274752505550569 15252
274757505682103 11676
274762505827066 7070
274767505938294 15503
274772506059656 4856
274777506164297 15284
274782506313584 11580
274787506445690 4658
274792506565145 15485
274797506681571 7165
274802506812667 13102
274807506928471 13799
274812507028308 3536
274817507170144 15944
274822507339154 7848
274827507498244 13758
274832507611162 13101
274837507738646 11593
274842507889946 15325
274847508041444 3840
274852508156633 16825
274857508322276 7002
274862508415724 11698
274867508532206 15111
274872508624498 2348
274877508748943 16601
274882508886495 8443
274887509053038 11925
274892509158907 14918
274897509291766 4221
274902509397301 16072
274907509516815 7157
274912509673187 15874
274917509767829 11099
274922509905456 8605
274927510035693 14963
274932510143972 5955
274937510238800 16842
274942510335743 8014
274947510441148 15621
274952510584433 11360
274957510712839 8966
274962510852666 15870
274967510981796 2670
274972511072255 16693
274977511220071 10116
274982511328062 13916
274987511463743 13125
274992511592552 7562
274997511702721 15566
275002511846757 4387
275007511970240 16027
275012512081919 10790
275017512172254 11573
275022512280554 14255
275027512406238 1728
275032512512490 15596
275037512672299 11060
275042512766962 10041
275047512915831 14836
275052513011499 3208
275057513138478 16763
275062513256427 9508
275067513372168 15516
275072513506841 11484
275077513643713 10546
275082513747455 15338
275087513901909 5348
275092514011352 15918
275097514132353 7325
275102514232856 11733
275107514373369 15102
275112514487438 7217
275117514615498 15570
275122514829414 4773
275127514939670 14958
275132515058243 11842
275137515217660 650
275142515337295 16836
275147515466773 9763
275152515569921 8489
275157515680016 15482
275162515849890 3420
275167516015257 15475
275172516140467 11299
275177516252708 3595
275182516367624 16092
275187516503568 7612
275192516647934 8251
275197516764485 14703
275202516956021 4338
275207517137372 13403
275212517305226 13374
275217517482581 5439
275222517603014 16036
275227517760422 5922
275232517877137 11795
275237518023631 14985
275242518167450 1935
275247518308609 16881
275252518468580 8556
275257518578648 7892
275262518685370 15703
275267518805614 3738
275272518922827 13761
275277519044928 12994
275282519162076 6498
275287519289778 15864
275292519401935 5116
275297519502920 15631
275302519629991 11191
275307519809428 5068
275312519927415 16203
275317520040636 6058
275322520172035 6762
275327521011113 13058
275332521162367 7251
275337521276370 7559
275342521392035 14721
275347521536485 4978
275352521653184 12080
275357522018093 14394
275362522176512 3747
275367522320945 15484
275372522499871 8370
275377522606723 9173
275382522758441 14739
275387522918780 3511
275392523011400 14892
275397523183023 11831
275402523286574 2290
275407523402101 15580
275412523606127 9383
275417523736662 11279
275422523842426 15351
275427523963818 879
275432524126195 16168
275437524286568 10532
275442524379208 10299
275447524498592 15570
275452524606742 2053
275457524779292 15419
275462524911570 10859
275467525043436 6988
275472525142691 15358
275477525312170 5982
275482525407963 17005
275487525509888 9080
275492525628219 8356
275497525716444 15649
275502525811150 4117
275507525923396 16632
275512526041317 9449
275517526133671 10408
275522526223046 15122
275527526352615 1916
275532526457947 13637
275537526582949 13033
275542526721484 8086
275547526824541 15552
275552526967951 3915
275557527086011 16218
275562527217356 10632
275567527351134 6677
275572527466308 16164
275577527583761 4477
275582527709508 13897
275587527809600 12896
275592527939363 4025
275597528060338 15275
275602528173898 8018
275607528290005 9242
275612528434106 15576
275617528607712 5044
275622528749143 16288
275627528904420 8160
275632529075956 10263
275637529236301 15426
275642529378311 2600
275647529473762 16502
275652529688339 9375
275657529794312 6628
275662529943467 14782
275667530225268 5858
275672530327694 10291
275677530450055 15427
275682530577745 5531
275687530682077 16295
275692530851637 6704
275697530944557 11010
275702531087991 15326
