268337171185100 16924
268342171310058 20325
268347171400441 22333
268352171518115 22399
268357171621841 24128
268362171722049 24830
268367171807327 24808
268372171907380 25731
268377172011013 25887
268382172098340 26172
268387172196688 26083
268392172297669 25816
268397172395683 26173
268402172502889 26258
268407172590784 26260
268412172680400 25466
268417172779368 26155
268422172871272 26337
268427172975953 25815
268432173068763 25675
268437173169323 25930
268442173259605 25660
268447173348779 25987
268452173451822 25858
268457173556115 26004
268462173644796 25601
268467173731509 25816
268472173816633 26024
268477173913565 26540
268482173998227 26641
268487174097077 25431
268492174197611 26128
268497174293362 25985
268502174382687 25604
268507174477900 26092
268512174565373 26674
268517174661477 25751
268522174765683 27231
268527174863191 26337
268532174953828 25884
268537175058177 27062
268542175174398 26248
268547175265032 26243
268552175359544 26284
268557175486728 26461
268562175603479 26431
268567175691002 26861
268572175780633 26432
268577175865871 26808
268582175946132 27266
268587176017646 26019
268592176143966 26494
268597176236210 26930
268602176339534 26754
268607176433558 26075
268612176532606 26836
268617176628047 26946
268622176734604 26520
268627176826158 25964
268632176917202 26737
268637177012421 26586
268642177869223 25641
268647177960878 26541
268652178068102 26755
268657178158852 26479
268662178276432 26719
268667178359276 27214
268672178455441 27561
268677178552931 27609
268682178634255 26975
268687178740989 26508
268692178842061 26775
268697178951606 25939
268702179043121 26076
268707179133504 26936
268712179230281 26109
268717179326011 26661
268722179415079 27126
268727179515141 26382
268732179636120 26324
268737179735097 26394
268742179822077 27597
268747179909229 27064
268752179999673 26494
268757180143045 27566
268762180239312 25546
268767180328140 27055
268772180433033 26097
268777180525310 26640
268782180612588 26895
268787180718925 26719
268792180819913 26310
268797180910089 26403
268802181009913 27288
268807181100967 26223
268812181187715 26697
268817181286154 26125
268822181387045 26096
268827181482951 26127
268832181569481 26747
268837181652190 27118
268842181736993 27910
268847181824547 27140
268852181925932 27439
268857182019746 26057
268862182122694 26629
268867182227066 27208
268872182322641 26745
268877182436650 26890
268882182528456 25953
268887182618990 26978
268892182710383 26454
268897182801562 26690
268902182892172 27054
268907182979421 26858
268912183072004 26764
268917183174114 27160
268922183305361 27378
268927183406191 26907
268932183511398 26683
268937183602511 27023
268942183692721 26727
268947183780911 27192
268952183873206 26454
268957183961458 27534
268962184062565 27501
268967184156436 27022
268972184264770 26840
268977184358757 26571
268982184459879 26947
268987185355731 27259
268992185468048 26884
268997185557298 26605
269002185669843 25993
269007185762176 26711
269012185866012 26369
269017185980493 26845
269022186070254 26152
269027186165118 25819
269032186265692 26722
269037186370258 27074
269042186494380 26811
269047186592938 27381
269052186683667 27313
269057186775800 27189
269062186880866 26290
269067186972474 25663
269072187060253 25917
269077187162789 26298
269082187263443 27034
269087187380590 25669
269092187475027 25960
269097187600270 27006
269102187696815 27099
269107187802069 26642
269112187891901 26390
269117187983122 27339
269122188083905 27204
269127188168898 26466
269132188269832 26387
269137188352998 26496
269142188472362 26253
269147188589202 26869
269152188678765 27048
269157188772693 26254
269162188858822 26566
269167188940149 26812
269172189055743 26091
269177189170047 26378
269182189286894 26738
269187189401263 26740
269192189502996 27484
269197189595358 27787
269202189708703 26457
269207189816865 26581
269212189911191 27140
269217190029384 26506
269222190132138 26372
269227190228774 26951
269232190337456 26095
269237190476215 26198
269242190583177 25793
269247190694297 27469
269252190797685 26338
269257190895263 27036
269262190990532 27240
269267191084221 26400
269272191175099 26355
269277191274320 26721
269282191374786 26745
269287191469600 25822
269292191560314 26530
269297191653247 27314
269302191745585 26472
269307191848602 26612
269312191939393 26664
269317192069828 26455
269322192174140 26410
269327192307659 27366
269332192407444 26728
269337192499104 26259
269342192610699 27075
269347192712044 26554
269352192825817 27411
269357192933488 26923
269362193027695 26969
269367193149137 26359
269372193272072 26889
269377193398103 27406
269382193518301 26951
269387193627405 25932
269392193717908 26987
269397193835690 26406
269402193945375 26243
269407194042508 27398
269412194133916 25862
269417194223481 26773
269422194326504 26717
269427194417750 26934
269432194506774 26200
269437194595829 27577
269442194686521 27366
269447194780803 26620
269452194893721 26493
269457194985215 27426
269462195087053 26825
269467195193680 26179
269472195292431 27263
269477195404372 26277
269482195493182 26979
269487195601790 27923
269492195696707 26945
269497195794154 26990
269502195888300 26750
269507195977483 27177
269512196088114 26453
269517196182021 27024
269522196279619 27239
269527196386102 27086
269532196485567 26119
269537196600976 26902
269542196683322 26396
269547196802933 26539
269552196893620 27552
269557196994387 26582
269562198013563 26458
269567198105551 26956
269572198193413 27035
269577198283002 26610
269582198385796 25998
269587198478996 25810
269592198576952 27138
269597198672672 27110
269602198760071 27516
269607198854285 26598
269612198943831 26947
269617199029794 26900
269622199114255 26666
269627199242719 26755
269632199364374 26457
269637199477750 27053
269642199591883 26480
269647199688751 26069
269652199806445 27075
269657199916929 26444
269662200023318 26601
269667200112138 27108
269672200201035 26186
269677200294060 26355
269682200409459 26982
269687200518773 26410
269692200630554 26571
269697200732150 26501
269702200827019 26375
269707200931767 26381
269712201023888 26807
269717201126043 25991
269722201230281 26194
269727201336667 26722
269732201442502 27074
269737201548593 27579
269742201647359 26698
269747201768195 26526
269752201872277 26268
269757201976385 26072
269762202068259 26745
269767202174076 27140
269772202270108 26314
269777202363387 25816
269782202465653 26657
269787202567250 26647
269792202669226 25977
269797202789489 26791
269802202911095 26704
269807203005170 26857
269812203132470 26770
269817203238213 26608
269822203334363 27343
269827203425739 26958
269832203527800 26975
269837203628204 26211
269842203735852 26305
269847203841783 26849
269852203951663 26715
269857204047067 26997
269862204155969 26293
269867204271702 26729
269872204392848 27232
269877204488940 26297
269882204578361 25440
269887204681694 27000
269892204788248 27552
269897204902828 25749
269902205013535 26759
269907205106862 26015
269912205189819 26866
269917205288192 26278
269922205454585 26441
269927205560816 26932
269932205681342 26459
269937205774402 26430
269942205863405 26552
269947205974299 26103
269952206065331 26879
269957206156411 27156
269962206246648 27304
269967206356680 27363
269972206457796 26665
269977206551861 27070
269982206634222 26894
269987206745968 25852
269992206839620 27457
269997206927342 26105
270002207034304 26390
270007207114932 26518
270012207197768 26966
270017207282082 27134
270022207370453 27153
270027207455807 26137
270032207555286 26489
270037207665286 25833
270042207794896 26425
270047207903375 27324
270052208010907 26846
270057208116123 26743
270062208208780 25618
270067208306937 26284
270072208429958 26665
270077208564127 25860
270082208671885 28592
270087208764666 26679
270092208857824 27881
270097208996197 27182
270102209093211 26604
270107209207508 26582
270112209309701 26333
270117209403893 27282
270122209489365 27544
270127209588994 26367
270132209694162 26983
