275737287326201 7743
275742287462922 10099
275747287564204 11012
275752287670743 11778
275757287760633 12509
275762287855158 12268
275767287949917 15009
275772288203642 14395
275777288311953 15829
275782291388050 16912
275787291482450 17744
275792291584127 19079
275797291680580 19637
275802291771998 20658
275807291859895 21750
275812291982283 22171
275817292081889 23296
275822292168421 23626
275827292263233 24436
275832292355161 24382
275837292442654 24949
275842292547674 25423
275847292639932 25519
275852292734339 25971
275857292820388 25996
275862292930404 26521
275867293039730 26641
275872293134527 26952
275877293226968 27411
275882293309095 27057
275887293393680 26836
275892293484424 27229
275897293569095 28589
275902293656643 29155
275907293755441 28502
275912293848328 27121
275917293935837 28396
275922294050331 28661
275927294139365 29071
275932294261716 29471
275937294351899 28392
275942294458421 30207
275947294552869 30228
275952294643820 29615
275957294731674 29080
275962294822788 29728
275967294923116 29870
275972295034980 30537
275977295120513 30727
275982295228817 29935
275987295327011 29406
275992295413199 30112
275997295661612 29806
276002295747652 30593
276007295845528 30369
276012295940587 29683
276017296028960 30831
276022296122358 30340
276027296239153 30461
276032296345102 30548
276037296438190 29979
276042297294159 29714
276047297388650 29780
276052297479003 30781
276057297566829 29523
276062297660552 30689
276067297746353 30333
276072297833761 30384
276077297925590 31079
276082298008386 30711
276087298104035 29449
276092298192991 30257
276097298275836 29162
276102298375303 31173
276107298470944 29751
276112298561605 30480
276117298659431 30030
276122298747384 30170
276127298835539 29959
276132298922941 30682
276137299028950 30921
276142299117574 30256
276147299218194 30145
276152299310436 31623
276157299427237 29066
276162299525117 30557
276167299674625 30784
276172299860785 30853
276177299982475 30096
276182300091096 30605
276187300183447 29420
276192300272932 30282
276197300361369 30673
276202300452448 30190
276207300542158 30992
276212300633975 30578
276217300720994 30332
276222300812769 29569
276227300918021 30513
276232301003913 29902
276237301095456 29877
276242301185831 29989
276247301281715 29985
276252301381790 30143
276257301469419 30621
276262301586584 30034
276267301677331 30050
276272301756525 29495
276277301866052 30719
276282301958978 29282
276287302052973 29636
276292302148397 29118
276297302243151 29372
276302302354546 29481
276307302444209 30759
276312302529897 30111
276317302618963 30480
276322302729192 30124
276327302839437 29847
276332302921659 30537
276337303013459 30133
276342303110714 31199
276347303211042 29952
276352303307961 29806
276357303396945 30069
276362303484891 29839
276367303570952 31038
276372304023573 29931
276377304167932 29658
276382304267610 30276
276387304359857 30108
276392304447243 31233
276397304560214 30523
276402304652676 29857
276407304749850 30211
276412304865229 30547
276417304986281 30190
276422305096938 29160
276427305187001 30136
276432305296580 30402
276437305397212 29848
276442305481652 29858
276447305568470 30587
276452305653782 31140
276457305937291 29979
276462306060414 29847
276467306145949 30188
276472306239729 30086
276477306340387 30443
276482306428597 30410
276487306516957 30649
276492306602864 30890
276497306699098 30175
276502306782685 29917
276507306869433 29651
276512306953756 29065
276517307042184 30045
276522307130042 30313
276527307215416 29462
276532307530106 30925
276537307620375 29880
276542307722246 30990
276547307812195 30230
276552307906135 30396
276557307993293 29818
276562308088670 30027
276567308193605 30809
276572308281448 29546
276577308366525 30800
276582308458742 29943
276587308548121 30575
276592308679666 29919
276597308811961 30101
276602308911697 30030
276607308998310 29821
276612309083673 30499
276617309189940 30386
276622309301781 30018
276627309404992 30641
276632309523945 29737
276637309690882 29754
276642309783782 30169
276647309878612 30057
276652309972492 31050
276657310077427 30390
276662310166943 29858
276667310252806 29782
276672310336509 30896
276677310426545 30325
276682310512240 30904
276687310607618 30501
276692310703790 29859
276697310793449 29434
276702310890194 30607
276707310997330 29811
276712311082937 30761
276717311171737 30550
276722311254915 28680
276727311353364 29715
276732311440239 29792
276737311532554 29454
276742311625917 30673
276747311719284 30494
276752311804959 29994
276757311900166 29296
276762312008616 30217
276767312105419 29884
276772312208547 30016
276777312314756 29470
276782312452651 30135
276787312538209 29612
276792312642493 30933
276797312738906 29606
276802312829990 30186
276807312917490 30302
276812313017678 29624
276817313105435 29882
276822313217359 29601
276827313306939 29815
276832313418718 30392
276837313503082 30350
276842313587884 29903
276847313674798 29755
276852313761029 30881
276857313847530 29360
276862313940109 29998
276867314028294 30309
276872314116494 29179
276877314212170 30605
276882314312748 30723
276887314402315 30745
276892314500692 29861
276897314585887 30057
276902314669952 30342
276907314783715 29822
276912314877179 30817
276917314988351 29982
276922315085435 30275
276927315167360 30398
276932315272192 30840
276937315358007 29778
276942315461565 29831
276947315543948 30182
276952315639073 30263
276957315739690 30371
276962315844448 30069
276967315931925 30514
276972316013704 29616
276977316110793 30273
276982316216327 30107
276987316346518 30167
276992316484652 30733
276997316583148 29667
277002317434788 30382
277007317531418 30160
277012317638217 29465
277017317746200 30414
277022317851077 29789
277027317944752 29163
277032318039232 29900
277037318154467 30543
277042318246179 30110
277047318343768 30023
277052318439613 30184
277057318522662 29079
277062318624103 29746
277067318709530 29967
277072318791472 29620
277077318877366 30471
277082318966238 29213
277087319055235 29837
277092319142169 29341
277097319228282 31310
277102319316049 30401
277107319416378 30170
277112319518969 30971
277117319611081 30676
277122319713202 30363
277127319850186 29646
277132319936585 29595
277137320019957 29446
277142320106360 30425
277147320210396 29848
277152320311103 31438
277157320417978 29295
277162320501516 31151
277167320600501 29308
277172320698211 31324
277177320803858 30810
277182320917296 29537
277187321006478 29688
277192321115551 30082
277197321227614 30432
277202321322006 29540
277207321405816 29919
277212321489230 30137
277217321587526 29982
277222321672314 29448
277227321761145 29360
277232321844009 29959
277237321947199 30628
277242322046811 30218
277247322130906 28960
277252322242935 30830
277257322334205 29631
277262322440542 29943
277267322544810 29656
277272322630394 30443
277277322718804 29305
277282322820205 28981
277287322904283 31164
277292323002963 30245
277297323087531 30135
277302323201784 31176
277307323293018 30206
277312323381731 30719
277317323469015 29228
277322323567196 29764
277327323650468 30279
277332323792903 31134
277337323885083 29918
277342323973649 30951
277347324062468 30987
277352324150537 29241
277357324241105 29235
277362324326857 29917
277367324415349 29251
277372324500184 30188
277377324586980 29893
277382324675883 30656
277387324766609 28819
277392324861647 30672
277397324968325 30135
277402325055026 30374
277407325137992 29866
277412325233928 30025
277417325326019 30643
277422325428696 30284
277427325546101 30075
277432325635216 29554
277437325723208 31085
277442325815442 30929
277447325912861 29370
277452326015388 30194
277457326107564 29447
277462326198039 29307
277467326304167 30659
277472326395258 29917
277477326486508 30740
277482326582995 30163
277487326670795 29859
277492326758575 30474
277497326845971 30074
277502326932632 29570
277507327028867 29702
277512327116182 29961
277517327217243 31002
277522327323571 29832
277527327412013 30201
277532327502151 29889
