87340362983473 1779
87345363102188 1675
87350363224521 1760
87355363356059 1743
87360363484787 1713
87365363605548 1689
87370363726133 1705
87375363833144 1577
87380363946834 1623
87385364039220 1637
87390364149858 1742
87395364262381 1648
87400364376711 1611
87405364499365 1614
87410364608322 1651
87415364718254 1601
87420364834708 1640
87425364929970 1618
87430365022242 1604
87435365116883 1575
87440365211330 1624
87445365304456 1607
87450365401675 1593
87455365493514 1628
87460365587087 1603
87465365680786 1580
87470365776842 1658
87475365888003 1625
87480366010635 1593
87485366135361 1589
87490366243809 1630
87495366354230 1523
87500366464160 1629
87505366566341 1661
87510366666229 1656
87515366768452 1589
87520366860989 1657
87525366961431 1579
87530367061461 1591
87535367159794 1637
87540367255435 1617
87545367357670 1560
87550367468137 1597
87555367589641 1585
87560367688145 1593
87565367795667 1564
87570367907568 1607
87575368032699 1563
87580368141561 1583
87585368240476 1595
87590368343459 1587
87595368454703 1594
87600368561941 1603
87605368668074 1619
87610368775422 1579
87615368888021 1530
87620369000171 1608
87625369109028 1578
87630369243852 1539
87635369371387 1719
87640369484084 1636
87645370539946 1497
87650370649768 1539
87655370758917 1582
87660370870835 1552
87665370973787 1541
87670371065866 1560
87675371160700 1463
87680371272786 1494
87685371400164 1567
87690371498082 1519
87695371601735 1484
87700371702854 1561
87705371829732 1492
87710371929270 1461
87715372033814 1566
87720372133967 1538
87725372224485 1503
87730372318075 1569
87735372411536 1430
87740372507391 1396
87745372601054 1245
87750372691993 737
87755372789803 868
87760372900973 989
87765373006643 1194
87770373109880 1246
87775373229062 1498
87780373334417 1462
87785373440349 1505
87790373548320 1506
87795373688668 1442
87800373803347 1374
87805373911422 1508
87810374012891 1425
87815374106138 1541
87820374193780 1516
87825374320999 1437
87830374432125 1481
87835374542876 1525
87840374651471 1458
87845374761992 1536
87850374869487 1500
87855374976642 1456
87860375069855 1445
87865375163381 1488
87870375253282 1523
87875375337969 1703
87880375424580 1799
87885375513267 1603
87890375609186 1398
87895375710181 1523
87900375808450 1550
87905375926371 1483
87910376032214 1536
87915376144430 1507
87920376253366 1421
87925376364648 1549
87930376474349 1505
87935376581945 1496
87940376687760 1577
87945376850857 1538
87950376984026 1464
87955377131210 1523
87960377235567 1504
87965377342506 1502
87970377438715 1543
87975377543002 1502
87980377643476 1403
87985377736215 1545
87990377844935 1535
87995377935550 1456
88000378027608 1543
88005378124029 1529
88010378213362 1426
88015378302806 1541
88020378425568 1523
88025378522020 1474
88030378614361 1564
88035378715997 1546
88040378821536 1462
88045378923966 1541
88050379034121 1527
88055379143350 1517
88060379253469 1529
88065379355436 1561
88070379461695 1455
88075379560567 1542
88080379689305 1607
88085379799967 1556
88090379909518 1508
88095380018825 1593
88100380120549 1494
88105380227603 1492
88110380336653 1571
88115380447448 1549
88120380555635 1492
88125380649687 1580
88130380744519 1493
88135380837895 1532
88140380926916 1565
88145381019082 1564
88150381112359 1530
88155381227977 1541
88160381324667 1529
88165381421883 1596
88170381512791 1583
88175381609391 1280
88180381716491 1029
88185381852553 1151
88190381953931 664
88195382053668 1096
88200382158835 910
88205382274065 1031
88210382414455 1078
88215382520538 1012
88220382624308 940
88225382727607 1602
88230382837864 1519
88235382947898 1320
88240383057256 1384
88245384174707 1553
88250384281915 1368
88255384391157 1541
88260384498661 1566
88265384608520 1568
88270384748906 1542
88275384855850 1536
88280384965086 1499
88285385071541 1537
88290385184340 1536
88295385315464 1552
88300385427089 1540
88305385517868 1538
88310385622445 1629
88315385736244 1633
88320385839954 1568
88325385935825 1532
88330386030359 1582
88335386123995 1587
88340386220730 1493
88345386316787 1598
88350386421310 1558
88355386527900 1522
88360386650593 1599
88365386776412 1601
88370386880614 1542
88375387014216 1561
88380387114855 1575
88385387222637 1546
88390387343153 1541
88395387448736 1574
88400387551718 1472
88405387652284 1551
88410387744786 1678
88415387833238 1736
88420387926915 1544
88425388023830 1529
88430388119731 1524
88435388212354 1577
88440388306121 1575
88445388397557 1808
88450388511613 1558
88455388621689 1634
88460388718986 1561
88465388841067 1585
88470388952270 1546
88475389065906 1536
88480389176356 1581
88485389288269 1566
88490389396416 1448
88495389512551 1607
88500389607104 1553
88505389714053 1532
88510389825616 1551
88515389927815 1601
88520390028661 1522
88525390118110 1538
88530390229457 1598
88535390339274 1554
88540390462661 1523
88545390555210 1580
88550390647726 1514
88555390741964 1530
88560390851286 1571
88565390946104 1567
88570391046443 1563
88575391154369 1550
88580391267043 1520
88585392359965 1585
88590392461786 1776
88595392585765 1779
88600392707100 1570
88605392813679 1548
88610392922647 1483
88615393043466 1610
88620393156486 1558
88625393260757 1534
88630393368553 1553
88635393512402 1547
88640393621263 1465
88645393746556 1600
88650393860374 1545
88655393971405 1534
88660394081750 1581
88665394189813 1549
88670394292415 1453
88675394418282 1576
88680394520462 1567
88685394631463 1538
88690394733120 1543
88695394841012 1578
88700394937640 1476
88705395030775 1537
88710395138056 1606
88715395228991 1572
88720395318149 1661
88725395409512 1576
88730395518513 1465
88735395622539 1539
88740395733677 1563
88745395845768 1572
88750395957916 1551
88755396071078 1511
88760396173082 1448
88765396294657 1554
88770396408405 1546
88775396511604 1609
88780396612206 1549
88785396702063 1520
88790396798898 1511
88795396904306 1550
88800397006134 1533
88805397114294 1542
88810397219760 1567
88815397323459 1572
88820397417072 1499
88825397511062 1635
88830397623088 1569
88835397718989 1521
88840397820776 1603
88845397913695 1587
88850398004619 1400
88855398096825 1575
88860398213586 1558
88865398309318 1527
88870398400467 1549
88875398494666 1586
88880398613383 1434
88885398709071 1546
88890398804700 1584
88895398900555 1533
88900398997677 1537
88905399123639 1608
88910399251465 1409
88915399349197 1503
88920399447728 1615
88925399570958 1541
88930399667476 1503
88935399762253 1588
88940399866224 1404
88945399974082 1499
88950400085387 1607
88955400188841 1582
88960400293859 1512
88965400401586 1553
88970400525431 1464
88975400634560 1540
88980400762162 1546
88985400865745 1585
88990400975980 1542
88995401076015 1539
89000401173306 1494
89005401277198 1572
89010401393836 1508
89015401505905 1617
89020401614135 1697
89025401753551 1527
89030401864853 1508
89035401973053 1573
89040402078018 1563
89045402192475 1543
89050402302473 1624
89055402416675 1655
89060402528109 1387
89065402637677 1579
89070402765733 1548
89075402863209 1549
89080402952869 1548
89085403064643 1571
89090403162075 1451
89095403262537 1570
89100403359937 1610
89105403450500 1634
89110403547351 1547
89115403644351 1615
89120403764139 1458
89125403876043 1509
89130403981559 1571
89135404122516 1517
