95050921283762 2027
95055921449043 1958
95060921568912 2034
95065921696296 2010
95070921820326 1975
95075921924527 1997
95080922031680 1941
95085922156290 1930
95090922277042 1871
95095922394675 1897
95100922512263 1922
95105922609416 1890
95110922723148 1857
95115922820842 1924
95120922952165 1865
95125923060839 1843
95130923171716 1908
95135923289826 1897
95140923415034 1852
95145923527677 1837
95150923661125 1827
95155923785519 1911
95160923884317 1840
95165923993842 1869
95170924106757 1877
95175924206966 1879
95180924314275 1884
95185924445187 1914
95190924550514 1885
95195924657703 1814
95200924754866 1924
95205924857337 1890
95210924965459 1870
95215925100479 1880
95220925223495 1891
95225925335231 1867
95230925430773 1869
95235925545033 1910
95240925656453 1939
95245925771779 1842
95250925871875 1875
95255925990385 1901
95260926101398 1879
95265926199217 1837
95270926286890 1906
95275926386384 1934
95280926486487 1851
95285926614744 1877
95290926725169 1907
95295926830343 1905
95300926943034 1855
95305927050543 1900
95310927153904 1938
95315927260302 1894
95320927381570 1871
95325927495630 1947
95330927599612 1899
95335927697717 1896
95340927800670 1901
95345927908414 1962
95350928036553 1912
95355928158562 1921
95360928308994 1951
95365928426235 1919
95370928529864 1847
95375928661373 1881
95380928778452 1931
95385928891713 1966
95390928999266 1922
95395929115548 1895
95400929231930 1974
95405929342862 1945
95410929450797 1913
95415929557002 1909
95420929664642 1900
95425929768746 1841
95430929886174 1821
95435930007675 1843
95440930136878 1865
95445930242694 1823
95450930374574 1817
95455930475651 1915
95460930575777 1852
95465930678051 1840
95470930778462 1854
95475930911919 1867
95480931016935 1845
95485931122920 1823
95490931218682 1872
95495931317845 1865
95500931421559 1852
95505931526554 1848
95510931631678 1858
95515931767620 1824
95520931884658 1809
95525931987331 1862
95530932101718 1838
95535932203436 1801
95540932317530 1892
95545932436313 1861
95550932578598 1850
95555932683435 1834
95560932803481 1884
95565932921527 1838
95570933048218 1802
95575933191923 1891
95580933304862 1868
95585933418749 1849
95590933534649 1853
95595933629160 1877
95600933738167 1833
95605933847193 1802
95610933945836 1875
95615934058939 1855
95620934179107 1815
95625934277141 1851
95630934385819 1872
95635934510952 1840
95640934621997 1818
95645934738737 1889
95650934857851 1821
95655934975444 1757
95660935086660 1880
95665935220038 1870
95670935336809 1854
95675935468901 1827
95680935575426 1891
95685935698983 1863
95690935793534 1823
95695935884000 1867
95700935988706 1872
95705936107782 1882
95710936229176 1820
95715936335716 1902
95720936432999 1855
95725936535954 1844
95730936627447 1869
95735936729226 1835
95740936833514 1827
95745936932335 1823
95750937028583 1861
95755937123489 1862
95760937216139 1803
95765937336062 1892
95770937429719 1860
95775937525087 1815
95780937619182 1840
95785937712496 1875
95790937806532 1827
95795937914241 1805
95800938012102 1902
95805938116523 1856
95810938221715 1835
95815938324668 1849
95820938425909 1856
95825938528189 1813
95830938623290 1820
95835938714866 1851
95840938822920 1825
95845938915956 1807
95850939011489 1869
95855939107502 1861
95860939209404 1852
95865939340042 1820
95870939439095 1889
95875939557954 1813
95880939652367 1820
95885939744764 1844
95890939839453 1842
95895939931595 1820
95900940025536 1874
95905940121445 1872
95910940213697 1844
95915940308385 1820
95920940404533 1879
95925940505705 1846
95930940607803 1846
95935940725552 1893
95940940828814 1889
95945940931669 1810
95950941029913 1905
95955941129752 1986
95960941231440 1857
95965941338902 1834
95970941437283 1825
95975941540327 1867
95980941636379 1847
95985941729439 1842
95990941829136 1866
95995941932196 1853
96000942034898 1845
96005942131480 1850
96010942262008 1892
96015942364409 1830
96020942467014 1803
96025942570232 1852
96030942675756 1845
96035942775553 1802
96040942878737 1869
96045942978409 1826
96050943073424 1805
96055943164134 1818
96060943259026 1867
96065943370893 1826
96070943476855 1806
96075943571304 1890
96080943671970 1866
96085943769117 1854
96090943864517 1820
96095943964725 1871
96100944033749 1862
96105944137196 1817
96110944248960 1882
96115944356531 1845
96120944452443 1833
96125944542839 1847
96130944633264 1870
96135944725255 1853
96140944820915 1788
96145944922139 1879
96150945045033 1830
96155945145821 1805
96160945251089 1850
96165945358111 1841
96170945463406 1838
96175945576621 1823
96180945677695 1868
96185945774645 1811
96190945868387 1811
96195945973297 1878
96200946067467 1848
96205946168256 1825
96210946268927 1850
96215946361251 1868
96220946453391 1846
96225946556017 1810
96230946662376 1918
96235946766511 1833
96240946860084 1836
96245946948417 1833
96250947037658 1868
96255947131219 1844
96260947224422 1825
96265947325992 1860
96270947433911 1857
96275947537879 1828
96280947661365 1881
96285947765144 1872
96290947857525 1863
96295947958174 1818
96300948083568 1881
96305948188297 1875
96310948290048 1818
96315948404798 1858
96320948508569 1871
96325948613140 1835
96330948716610 1837
96335948827940 1885
96340948931601 1867
96345949035214 1817
96350949136278 1870
96355949241788 1853
96360949347386 1823
96365949454386 1846
96370949557778 1872
96375949659552 1847
96380949759017 1806
96385949888725 1873
96390950012813 1872
96395950118392 1804
96400950224359 1841
96405950329641 1820
96410950436600 1828
96415950553315 1822
96420950665059 1881
96425950783897 1854
96430950879609 1821
96435950973700 1862
96440951068282 1887
96445951161328 1864
96450951261912 1827
96455951357546 1870
96460951448233 1868
96465951541652 1790
96470951634538 1847
96475951725279 1859
96480951816767 1843
96485951912577 1870
96490952013319 1869
96495952109082 1849
96500952203157 1819
96505952296960 1882
96510952401103 1853
96515952508910 1879
96520952622511 1829
96525952730929 1904
96530952825839 1848
96535952927412 1669
96540953022291 1879
96545953115183 1865
96550953209767 1848
96555953320506 1832
96560953416153 1890
96565953515782 1847
96570953612198 1824
96575953706633 1896
96580953794443 1883
96585953880017 1827
96590953986783 1829
96595954091184 1897
96600954222193 1870
96605954323612 1806
96610954429961 1921
96615954525844 1859
96620954619982 1853
96625954717797 1855
96630954811352 1875
96635954905556 1852
96640955001304 1825
96645955091729 1873
96650955182504 1852
96655955286444 1818
96660955380597 1843
96665955473813 1877
96670955572624 1856
96675955665639 1812
96680955755741 1915
96685955856738 1857
96690955957899 1817
96695956055226 1866
96700956149940 1858
96705956244230 1855
96710956339093 1841
96715956433171 1893
96720956534324 1849
96725956643072 1821
96730956749773 1854
96735956859209 1865
96740956969470 1881
96745957068739 1817
96750957162282 1889
96755957260086 1838
96760957353376 1795
96765957451890 1884
96770957560997 1855
96775957676675 1838
96780957786629 1847
96785957894559 1885
96790957987432 1893
96795958088521 1794
96800958194404 1881
96805958306143 1880
96810958415345 1862
96815958526480 1840
96820958648582 1895
96825958756865 1882
96830958856404 1813
96835958953315 1863
96840959067268 1863
96845959167382 1795
