89167566612280 5353
89172566777753 9491
89177566907386 10654
89182567047651 10841
89187567144049 10853
89192567261355 11195
89197567364864 11624
89202567460168 12139
89207567579832 12143
89212567678683 11842
89217567795685 12163
89222567895905 12208
89227568042894 12693
89232568123084 12493
89237568229372 12796
89242568329817 13082
89247568458679 13140
89252568571942 13245
89257568684929 12990
89262568748158 13116
89267568850608 13323
89272568981931 13372
89277569072587 13315
89282569162839 13047
89287569268573 13436
89292569376753 13377
89297569496394 13680
89302569581005 13719
89307569654463 13762
89312569756127 13475
89317569845662 13513
89322569971567 13677
89327570113171 13407
89332570220504 13613
89337570319836 13788
89342570426605 13778
89347570508041 13755
89352570582742 13718
89357570669207 13740
89362570767848 13546
89367570865504 13927
89372570964493 13905
89377571062921 13795
89382571151152 14060
89387571287847 14046
89392571394555 13973
89397571515102 14007
89402571630220 13772
89407571737599 13656
89412571816579 14054
89417571899420 14046
89422571976290 13917
89427572077847 14081
89432572186289 14061
89437572288547 14062
89442572404547 13969
89447572499817 13945
89452572587355 13895
89457572670666 13919
89462572795069 13932
89467572906170 13663
89472572996030 14083
89477573088609 13992
89482573199997 13683
89487573286004 13969
89492573381067 14009
89497573476608 13602
89502573552780 14176
89507573630879 14040
89512573716636 13909
89517573836864 13983
89522573928193 14042
89527574019234 13622
89532574112901 14042
89537574236450 13945
89542574360217 13594
89547574445803 14030
89552574521308 13869
89557574628100 13720
89562574727776 13613
89567574855441 13908
89572574973436 13988
89577575082049 13644
89582575200050 13965
89587575321704 13938
89592575482109 13966
89597575567000 14056
89602575649571 14084
89607575752217 14051
89612575875778 13929
89617575967790 13862
89622576085754 13501
89627576178823 13876
89632576286208 13888
89637576405795 13642
89642576521717 13923
89647576618057 13865
89652576743841 13789
89657576893830 13772
89662577013581 13932
89667577133750 13844
89672577216370 13916
89677577304108 13918
89682577420065 13509
89687577510551 13943
89692577597279 13504
89697577703560 13279
89702577794858 13986
89707577899940 13726
89712578042637 14023
89717578134610 13223
89722578250557 13840
89727578332009 13798
89732578421526 13865
89737578503880 13927
89742578596359 13840
89747578710582 13922
89752578815317 13429
89757578941999 13809
89762579058620 13962
89767579194289 13703
89772579284674 13893
89777579419633 13968
89782579527014 14058
89787579606225 13813
89792579735738 14003
89797579842237 13830
89802579977383 14012
89807580112567 13911
89812580205281 13871
89817580323377 13702
89822580421672 14095
89827580570638 14163
89832580703207 14274
89837580812858 14278
89842580919697 14015
89847581012307 14102
89852581098135 13810
89857581212474 14157
89862581339391 13862
89867581427734 14279
89872581541091 14201
89877581624922 14286
89882581746424 14127
89887581864224 14254
89892581954656 13928
89897582046228 14221
89902582119729 14030
89907582201351 13999
89912582297521 14050
89917582405273 14190
89922582535767 14127
89927582625461 14113
89932582703449 14233
89937582807546 14117
89942582892215 14127
89947582999587 14211
89952583075950 13933
89957583179700 13971
89962583264584 14068
89967583367823 13938
89972583470978 14096
89977583548978 14224
89982583664871 13914
89987583754652 14038
89992583850704 14128
89997583932331 14077
90002584027707 14156
90007584086074 14026
90012584156607 13815
90017584263114 14265
90022584354375 14227
90027584455316 13994
90032584558907 14223
90037584678565 14136
90042584779762 14104
90047584883989 14123
90052584969695 14155
90057585071709 14259
90062585172376 14078
90067585259906 14163
90072585363843 13790
90077585469017 14010
90082585588390 14073
90087585667003 13868
90092585745842 14016
90097585835327 14151
90102585916221 14184
90107586018755 14103
90112586105158 14334
90117586229337 13797
90122586333200 13951
90127586432053 14177
90132586522049 13972
90137586597532 13996
90142586685978 14169
90147586778588 14194
90152586879006 14130
90157586973845 14262
90162587076237 14156
90167587191753 14151
90172587321733 14051
90177587407934 13791
90182587510296 14223
90187587641644 14230
90192587736183 14000
90197587821748 14080
90202587954088 14145
90207588071213 14328
90212588159410 14215
90217588234085 14434
90222588324270 14074
90227588405295 13981
90232588489033 14297
90237588587421 13949
90242588724875 14172
90247588843098 14040
90252588957540 13956
90257589041191 14177
90262589127074 14257
90267589213274 14150
90272589298414 14035
90277589387793 14256
90282589474762 14240
90287589570152 14152
90292589674113 14192
90297589768110 13868
90302589883566 13956
90307590010679 14064
90312590126664 14039
90317590219084 14042
90322590338959 14033
90327590423487 14238
90332590506537 14148
90337590591204 14168
90342590706150 14088
90347590822788 14063
90352590961715 14023
90357591082467 13924
90362591206189 13958
90367591296588 14065
90372591425379 13978
90377591525504 14165
90382591631391 14230
90387591715711 14210
90392591834970 14097
90397591954746 14025
90402592051354 14061
90407592132465 14327
90412592221793 14176
90417592320371 14103
90422592441714 14034
90427592532964 14080
90432592647834 13943
90437592778367 14124
90442592865462 13966
90447592952275 14129
90452593035791 14271
90457593115759 14193
90462593199928 14024
90467593289700 14134
90472593405157 14173
90477593516389 13789
90482593603092 14002
90487593758623 14037
90492593851947 13984
90497593933506 13979
90502594023755 14091
90507594144985 14104
90512594247094 14057
90517594337559 14189
90522594419372 14180
90527594545080 14080
90532594637909 14299
90537594770776 13817
90542594856794 14207
90547594951990 14213
90552595062355 13873
90557595163932 14209
90562595246442 14120
90567595324484 14025
90572595412938 14117
90577595502439 14148
90582595616555 14234
90587595707794 14223
90592595793053 14049
90597595905722 13938
90602596037788 14039
90607596161837 14033
90612596284873 14194
90617596397881 14165
90622596483813 14119
90627596597581 14171
90632596735868 14223
90637596836761 14242
90642596925254 13963
90647597002572 14202
90652597090526 14124
90657597193978 13713
90662597321244 13903
90667597419140 14245
90672597514375 13920
90677597637335 13999
90682597744097 14153
90687597869808 14285
90692597989119 14126
90697598108107 14041
90702598182632 14225
90707598264733 14116
90712598360338 14209
90717598438360 13854
90722598555464 14136
90727598687589 14219
90732598798553 13965
90737598922808 14076
90742599013525 14146
90747599122147 14153
90752599221455 14310
90757599324447 14086
90762599412915 13739
90767599517345 13937
90772599600879 14103
90777599738495 14068
90782599847022 14087
90787599941841 14349
90792600066678 14113
90797600157546 13895
90802600242531 14125
90807600328606 13881
90812600412187 14042
90817600514628 14130
90822600598086 14124
90827600679270 14073
90832600755097 14041
90837600831368 14059
90842600956546 13843
90847601070195 14054
90852601139928 14234
90857601227145 13895
90862601329020 14091
90867601434450 14178
90872601511630 14303
90877601589573 14359
90882601726637 14072
90887601803747 14217
90892601888616 14151
90897601978775 14116
90902602080279 13559
90907602167650 14344
90912602251838 14302
90917602361165 14284
90922602440413 13488
90927602536434 14133
90932602631114 14196
90937602698043 14100
90942602795988 14198
90947602899047 14126
90952602990758 14157
90957603097842 13636
90962603195838 13898
