96865233836641 16959
96870233984844 18659
96875234079305 18997
96880234173867 18679
96885234275021 18819
96890234371153 19207
96895234465989 18683
96900234558722 18727
96905234664893 18940
96910234748930 18804
96915234853850 18705
96920234939002 18988
96925235031216 18800
96930235130152 18907
96935235255042 18912
96940235338104 18518
96945235418929 18734
96950235495581 18877
96955235589462 19222
96960235675243 18732
96965235752021 18824
96970235838065 18642
96975235945099 18954
96980236030703 18880
96985236105267 19020
96990236199610 18630
96995236280566 18894
97000236362348 18663
97005236473448 18617
97010236548220 18428
97015236647325 18515
97020236780761 18508
97025236864203 18756
97030236947807 18430
97035237024881 18463
97040237110462 18410
97045237191953 18600
97050237282766 18459
97055237374222 18254
97060237483550 18499
97065237579729 18513
97070237697967 18706
97075237785974 18455
97080237867414 18715
97085237959433 18541
97090238052828 18369
97095238172711 18794
97100238266877 18444
97105238358484 18544
97110238443927 18868
97115238549285 18677
97120238627753 18830
97125238730017 18426
97130238823106 18596
97135238902144 18874
97140238999828 18520
97145239098717 18765
97150239169589 18474
97155239251187 18617
97160239336633 18474
97165239408336 18384
97170239502529 18251
97175239594687 18554
97180239679553 18499
97185239778880 18633
97190239887552 18665
97195239976495 18688
97200240052833 18739
97205240142466 18553
97210240223195 18702
97215240319412 18783
97220240406118 18485
97225240499642 18972
97230240577728 19047
97235240654066 18667
97240240734433 18679
97245240832438 18747
97250240900584 18303
97255240984304 18611
97260241069727 18836
97265241160685 18692
97270241256313 19016
97275241340089 18801
97280241441670 18822
97285241537523 18822
97290241622220 18728
97295241715538 18616
97300241803196 18627
97305241874074 18644
97310241957158 18756
97315242050348 18765
97320242139018 18674
97325242235155 18702
97330242316251 18877
97335242396454 18871
97340242486001 18904
97345242586815 18694
97350242707300 19090
97355242786564 18915
97360242861262 18531
97365242945933 18671
97370243044841 19097
97375243152563 18504
97380243237859 18572
97385243309486 18934
97390243418666 18740
97395243532533 18561
97400243616280 18503
97405243726797 18931
97410243816016 18964
97415243899448 18567
97420243988554 19006
97425244092204 18782
97430244163013 18793
97435244243241 18787
97440244370426 19105
97445244483065 18534
97450244587646 18671
97455244678648 18937
97460244754490 18691
97465244856689 18841
97470244964977 18838
97475245049373 18838
97480245114847 18792
97485245225038 18852
97490245294123 18770
97495245355840 18640
97500245423072 18946
97505245505144 18815
97510245576806 18650
97515245665770 18887
97520245740186 18848
97525245817729 18930
97530245891123 19044
97535245972022 18923
97540246071408 18763
97545246160845 18793
97550246245795 18828
97555246328336 18874
97560246425201 18668
97565246507109 18842
97570246607750 18710
97575246693805 18845
97580246768505 18608
97585246844690 18977
97590246915862 18742
97595246993448 18860
97600247057279 18693
97605247160196 18894
97610247227801 18761
97615247314354 18667
97620247371587 18800
97625247448767 19084
97630247523209 18696
97635247612134 19009
97640247716823 18822
97645247790997 18911
97650247862177 18986
97655247968997 19048
97660248092923 18548
97665248200378 18871
97670248292216 18843
97675248363314 18748
97680248448672 18752
97685248534953 18699
97690248614072 18704
97695248698053 18554
97700248789053 18609
97705248883173 19060
97710248971136 18597
97715249043000 19048
97720249127391 18762
97725249213742 18656
97730249294248 18803
97735249381205 18721
97740249468537 18667
97745249558161 18893
97750249644321 18543
97755249723422 18858
97760249806371 18672
97765249930542 19030
97770250027267 18804
97775250109922 19057
97780250193378 18618
97785250281560 18938
97790250363361 18900
97795250456632 18721
97800250535829 18682
97805250619264 18772
97810250705788 18590
97815250798873 18524
97820250881046 18993
97825250963224 19040
97830251053142 18500
97835251131146 18746
97840251213255 18586
97845251292104 18537
97850251391088 19070
97855251488230 18628
97860251573930 18639
97865251656380 18782
97870251741979 18735
97875251831579 18248
97880251911861 18672
97885251994906 18423
97890252094725 18647
97895252181946 18547
97900252249402 18332
97905252356129 18459
97910252445707 18689
97915252551992 18458
97920252622396 18373
97925252737141 18395
97930252826671 18578
97935252912422 18523
97940252986180 18634
97945253095131 18363
97950253196864 18554
97955253269911 18727
97960253356874 18852
97965253460333 20562
97970253558106 20432
97975253654772 20334
97980253741779 20247
97985253842984 20461
97990253927307 20087
97995254017431 20471
98000254151016 20391
98005254251989 20737
98010254349332 20568
98015254427879 20294
98020254525990 20196
98025254609956 20301
98030254688454 20234
98035254779638 20474
98040254861683 20379
98045254943005 20450
98050255020876 20505
98055255108663 20384
98060255194623 20848
98065255282484 20607
98070255400139 20713
98075255466617 20663
98080255591014 20085
98085255677272 20548
98090255762130 20544
98095255893531 20500
98100255983125 20162
98105256078934 20456
98110256159538 20183
98115256245234 20374
98120256338406 20844
98125256428347 20717
98130256524291 20405
98135256618416 20805
98140256699162 20338
98145256777646 20738
98150256859831 20702
98155256940503 20350
98160257024252 20516
98165257112174 20507
98170257195164 20358
98175257278739 20784
98180257349381 20366
98185257445003 20621
98190257540963 20702
98195257616680 20427
98200257705722 20320
98205257785201 20530
98210257869332 20276
98215257953048 20534
98220258051758 20396
98225258123425 20697
98230258189977 20384
98235258282560 20401
98240258366738 20123
98245258509586 20267
98250258635949 20631
98255258723389 20448
98260258808193 20339
98265258903508 20573
98270258985665 20178
98275259071643 20307
98280259143037 20656
98285259226997 20339
98290259304856 20669
98295259392496 20431
98300259469867 20737
98305259571468 20202
98310259646011 20252
98315259724581 20655
98320259807874 20601
98325259883074 20567
98330259950361 20799
98335260033552 20360
98340260122341 20739
98345260230552 20525
98350260329093 20386
98355260423997 20370
98360260524453 20548
98365260608531 20655
98370260678750 20443
98375260763402 20492
98380260857233 20364
98385260950834 20354
98390261032348 20284
98395261150941 20671
98400261247487 20280
98405261360045 21053
98410261455035 20609
98415261568308 20653
98420261650671 20505
98425261756375 20543
98430261852828 20457
98435261950128 20460
98440262037928 20322
98445262118069 20541
98450262201770 20629
98455262292597 20496
98460262377736 20466
98465262488547 20466
98470262571970 20376
98475262670647 20704
98480262760236 20684
98485262842804 20329
98490262912223 20644
98495263011262 20636
98500263109157 20573
98505263210581 20766
98510263290553 20717
98515263368185 20748
98520263454979 20541
98525263531663 20483
98530263618064 20913
98535263717142 20557
98540263803298 20674
98545263899119 20239
98550263987608 20491
98555264086266 20851
98560264218982 20648
98565264334863 20539
98570264416364 20564
98575264506755 20664
98580264592930 20401
98585264678935 20439
98590264758992 20489
98595264843404 20433
98600264912425 20472
98605265010831 20534
98610265103132 20429
98615265187492 20360
98620265267509 20309
98625265350876 20408
98630265438234 20187
98635265518208 20274
98640265603242 20409
98645265686316 20243
98650265774373 20615
98655265852225 20240
98660265970457 20081
